<?xml version="1.0" encoding="UTF-8"?>
<testsuite xmlns:xsi="http://www.w3.org/2001/XMLSchema-instance" xsi:noNamespaceSchemaLocation="https://maven.apache.org/surefire/maven-surefire-plugin/xsd/surefire-test-report-3.0.xsd" version="3.0" name="TestSuite" time="56.818" tests="2" errors="0" skipped="0" failures="1">
  <properties>
    <property name="sun.desktop" value="windows"/>
    <property name="awt.toolkit" value="sun.awt.windows.WToolkit"/>
    <property name="file.encoding.pkg" value="sun.io"/>
    <property name="java.specification.version" value="1.8"/>
    <property name="sun.cpu.isalist" value="amd64"/>
    <property name="sun.jnu.encoding" value="Cp1252"/>
    <property name="java.class.path" value="D:\test selinum projects\KarateScripts\target\test-classes;D:\test selinum projects\KarateScripts\target\classes;C:\Users\irgigt\.m2\repository\com\intuit\karate\karate-apache\0.9.5\karate-apache-0.9.5.jar;C:\Users\irgigt\.m2\repository\com\intuit\karate\karate-core\0.9.5\karate-core-0.9.5.jar;C:\Users\irgigt\.m2\repository\com\jayway\jsonpath\json-path\2.4.0\json-path-2.4.0.jar;C:\Users\irgigt\.m2\repository\net\minidev\json-smart\2.3\json-smart-2.3.jar;C:\Users\irgigt\.m2\repository\net\minidev\accessors-smart\1.2\accessors-smart-1.2.jar;C:\Users\irgigt\.m2\repository\org\ow2\asm\asm\5.0.4\asm-5.0.4.jar;C:\Users\irgigt\.m2\repository\info\cukes\cucumber-java\1.2.5\cucumber-java-1.2.5.jar;C:\Users\irgigt\.m2\repository\info\cukes\cucumber-core\1.2.5\cucumber-core-1.2.5.jar;C:\Users\irgigt\.m2\repository\org\yaml\snakeyaml\1.24\snakeyaml-1.24.jar;C:\Users\irgigt\.m2\repository\de\siegmar\fastcsv\1.0.3\fastcsv-1.0.3.jar;C:\Users\irgigt\.m2\repository\info\picocli\picocli\4.0.3\picocli-4.0.3.jar;C:\Users\irgigt\.m2\repository\org\apache\httpcomponents\httpclient\4.5.11\httpclient-4.5.11.jar;C:\Users\irgigt\.m2\repository\org\apache\httpcomponents\httpcore\4.4.13\httpcore-4.4.13.jar;C:\Users\irgigt\.m2\repository\commons-codec\commons-codec\1.11\commons-codec-1.11.jar;C:\Users\irgigt\.m2\repository\org\apache\httpcomponents\httpmime\4.5.11\httpmime-4.5.11.jar;C:\Users\irgigt\.m2\repository\org\slf4j\jcl-over-slf4j\1.7.25\jcl-over-slf4j-1.7.25.jar;C:\Users\irgigt\.m2\repository\org\slf4j\slf4j-api\1.7.25\slf4j-api-1.7.25.jar;C:\Users\irgigt\.m2\repository\ch\qos\logback\logback-classic\1.2.3\logback-classic-1.2.3.jar;C:\Users\irgigt\.m2\repository\ch\qos\logback\logback-core\1.2.3\logback-core-1.2.3.jar;C:\Users\irgigt\.m2\repository\com\intuit\karate\karate-junit4\0.9.5\karate-junit4-0.9.5.jar;C:\Users\irgigt\.m2\repository\junit\junit\4.12\junit-4.12.jar;C:\Users\irgigt\.m2\repository\org\hamcrest\hamcrest-core\1.3\hamcrest-core-1.3.jar;C:\Users\irgigt\.m2\repository\net\masterthought\cucumber-reporting\3.8.0\cucumber-reporting-3.8.0.jar;C:\Users\irgigt\.m2\repository\org\apache\logging\log4j\log4j-api\2.6\log4j-api-2.6.jar;C:\Users\irgigt\.m2\repository\org\apache\logging\log4j\log4j-core\2.6\log4j-core-2.6.jar;C:\Users\irgigt\.m2\repository\com\fasterxml\jackson\core\jackson-databind\2.8.5\jackson-databind-2.8.5.jar;C:\Users\irgigt\.m2\repository\com\fasterxml\jackson\core\jackson-annotations\2.8.0\jackson-annotations-2.8.0.jar;C:\Users\irgigt\.m2\repository\com\fasterxml\jackson\core\jackson-core\2.8.5\jackson-core-2.8.5.jar;C:\Users\irgigt\.m2\repository\org\apache\velocity\velocity\1.7\velocity-1.7.jar;C:\Users\irgigt\.m2\repository\commons-collections\commons-collections\3.2.1\commons-collections-3.2.1.jar;C:\Users\irgigt\.m2\repository\commons-lang\commons-lang\2.4\commons-lang-2.4.jar;C:\Users\irgigt\.m2\repository\velocity-tools\velocity-tools\1.4\velocity-tools-1.4.jar;C:\Users\irgigt\.m2\repository\joda-time\joda-time\2.9.6\joda-time-2.9.6.jar;C:\Users\irgigt\.m2\repository\org\apache\commons\commons-lang3\3.5\commons-lang3-3.5.jar;C:\Users\irgigt\.m2\repository\commons-io\commons-io\2.5\commons-io-2.5.jar;C:\Users\irgigt\.m2\repository\net\lingala\zip4j\zip4j\1.3.2\zip4j-1.3.2.jar;C:\Users\irgigt\.m2\repository\org\codehaus\plexus\plexus-utils\3.0.24\plexus-utils-3.0.24.jar;C:\Users\irgigt\.m2\repository\org\jsoup\jsoup\1.10.1\jsoup-1.10.1.jar;C:\Users\irgigt\.m2\repository\com\googlecode\owasp-java-html-sanitizer\owasp-java-html-sanitizer\20160924.1\owasp-java-html-sanitizer-20160924.1.jar;C:\Users\irgigt\.m2\repository\com\google\guava\guava\20.0\guava-20.0.jar;C:\Users\irgigt\.m2\repository\org\testng\testng\7.4.0\testng-7.4.0.jar;C:\Users\irgigt\.m2\repository\com\beust\jcommander\1.78\jcommander-1.78.jar;C:\Users\irgigt\.m2\repository\org\webjars\jquery\3.5.1\jquery-3.5.1.jar;"/>
    <property name="java.vm.vendor" value="Oracle Corporation"/>
    <property name="sun.arch.data.model" value="64"/>
    <property name="user.variant" value=""/>
    <property name="java.vendor.url" value="http://java.oracle.com/"/>
    <property name="user.timezone" value="Asia/Calcutta"/>
    <property name="java.vm.specification.version" value="1.8"/>
    <property name="os.name" value="Windows 10"/>
    <property name="user.country" value="US"/>
    <property name="sun.java.launcher" value="SUN_STANDARD"/>
    <property name="sun.boot.library.path" value="C:\Program Files\Java\jdk1.8.0_121\jre\bin"/>
    <property name="sun.java.command" value="C:\Users\irgigt\AppData\Local\Temp\surefire1715915162926522913\surefirebooter8423219855196490116.jar C:\Users\irgigt\AppData\Local\Temp\surefire1715915162926522913 2021-09-13T21-05-44_736-jvmRun1 surefire5155007992884996432tmp surefire_03885211979385962493tmp"/>
    <property name="surefire.test.class.path" value="D:\test selinum projects\KarateScripts\target\test-classes;D:\test selinum projects\KarateScripts\target\classes;C:\Users\irgigt\.m2\repository\com\intuit\karate\karate-apache\0.9.5\karate-apache-0.9.5.jar;C:\Users\irgigt\.m2\repository\com\intuit\karate\karate-core\0.9.5\karate-core-0.9.5.jar;C:\Users\irgigt\.m2\repository\com\jayway\jsonpath\json-path\2.4.0\json-path-2.4.0.jar;C:\Users\irgigt\.m2\repository\net\minidev\json-smart\2.3\json-smart-2.3.jar;C:\Users\irgigt\.m2\repository\net\minidev\accessors-smart\1.2\accessors-smart-1.2.jar;C:\Users\irgigt\.m2\repository\org\ow2\asm\asm\5.0.4\asm-5.0.4.jar;C:\Users\irgigt\.m2\repository\info\cukes\cucumber-java\1.2.5\cucumber-java-1.2.5.jar;C:\Users\irgigt\.m2\repository\info\cukes\cucumber-core\1.2.5\cucumber-core-1.2.5.jar;C:\Users\irgigt\.m2\repository\org\yaml\snakeyaml\1.24\snakeyaml-1.24.jar;C:\Users\irgigt\.m2\repository\de\siegmar\fastcsv\1.0.3\fastcsv-1.0.3.jar;C:\Users\irgigt\.m2\repository\info\picocli\picocli\4.0.3\picocli-4.0.3.jar;C:\Users\irgigt\.m2\repository\org\apache\httpcomponents\httpclient\4.5.11\httpclient-4.5.11.jar;C:\Users\irgigt\.m2\repository\org\apache\httpcomponents\httpcore\4.4.13\httpcore-4.4.13.jar;C:\Users\irgigt\.m2\repository\commons-codec\commons-codec\1.11\commons-codec-1.11.jar;C:\Users\irgigt\.m2\repository\org\apache\httpcomponents\httpmime\4.5.11\httpmime-4.5.11.jar;C:\Users\irgigt\.m2\repository\org\slf4j\jcl-over-slf4j\1.7.25\jcl-over-slf4j-1.7.25.jar;C:\Users\irgigt\.m2\repository\org\slf4j\slf4j-api\1.7.25\slf4j-api-1.7.25.jar;C:\Users\irgigt\.m2\repository\ch\qos\logback\logback-classic\1.2.3\logback-classic-1.2.3.jar;C:\Users\irgigt\.m2\repository\ch\qos\logback\logback-core\1.2.3\logback-core-1.2.3.jar;C:\Users\irgigt\.m2\repository\com\intuit\karate\karate-junit4\0.9.5\karate-junit4-0.9.5.jar;C:\Users\irgigt\.m2\repository\junit\junit\4.12\junit-4.12.jar;C:\Users\irgigt\.m2\repository\org\hamcrest\hamcrest-core\1.3\hamcrest-core-1.3.jar;C:\Users\irgigt\.m2\repository\net\masterthought\cucumber-reporting\3.8.0\cucumber-reporting-3.8.0.jar;C:\Users\irgigt\.m2\repository\org\apache\logging\log4j\log4j-api\2.6\log4j-api-2.6.jar;C:\Users\irgigt\.m2\repository\org\apache\logging\log4j\log4j-core\2.6\log4j-core-2.6.jar;C:\Users\irgigt\.m2\repository\com\fasterxml\jackson\core\jackson-databind\2.8.5\jackson-databind-2.8.5.jar;C:\Users\irgigt\.m2\repository\com\fasterxml\jackson\core\jackson-annotations\2.8.0\jackson-annotations-2.8.0.jar;C:\Users\irgigt\.m2\repository\com\fasterxml\jackson\core\jackson-core\2.8.5\jackson-core-2.8.5.jar;C:\Users\irgigt\.m2\repository\org\apache\velocity\velocity\1.7\velocity-1.7.jar;C:\Users\irgigt\.m2\repository\commons-collections\commons-collections\3.2.1\commons-collections-3.2.1.jar;C:\Users\irgigt\.m2\repository\commons-lang\commons-lang\2.4\commons-lang-2.4.jar;C:\Users\irgigt\.m2\repository\velocity-tools\velocity-tools\1.4\velocity-tools-1.4.jar;C:\Users\irgigt\.m2\repository\joda-time\joda-time\2.9.6\joda-time-2.9.6.jar;C:\Users\irgigt\.m2\repository\org\apache\commons\commons-lang3\3.5\commons-lang3-3.5.jar;C:\Users\irgigt\.m2\repository\commons-io\commons-io\2.5\commons-io-2.5.jar;C:\Users\irgigt\.m2\repository\net\lingala\zip4j\zip4j\1.3.2\zip4j-1.3.2.jar;C:\Users\irgigt\.m2\repository\org\codehaus\plexus\plexus-utils\3.0.24\plexus-utils-3.0.24.jar;C:\Users\irgigt\.m2\repository\org\jsoup\jsoup\1.10.1\jsoup-1.10.1.jar;C:\Users\irgigt\.m2\repository\com\googlecode\owasp-java-html-sanitizer\owasp-java-html-sanitizer\20160924.1\owasp-java-html-sanitizer-20160924.1.jar;C:\Users\irgigt\.m2\repository\com\google\guava\guava\20.0\guava-20.0.jar;C:\Users\irgigt\.m2\repository\org\testng\testng\7.4.0\testng-7.4.0.jar;C:\Users\irgigt\.m2\repository\com\beust\jcommander\1.78\jcommander-1.78.jar;C:\Users\irgigt\.m2\repository\org\webjars\jquery\3.5.1\jquery-3.5.1.jar;"/>
    <property name="sun.cpu.endian" value="little"/>
    <property name="user.home" value="C:\Users\irgigt"/>
    <property name="user.language" value="en"/>
    <property name="java.specification.vendor" value="Oracle Corporation"/>
    <property name="java.home" value="C:\Program Files\Java\jdk1.8.0_121\jre"/>
    <property name="basedir" value="D:\test selinum projects\KarateScripts"/>
    <property name="file.separator" value="\"/>
    <property name="line.separator" value="&#10;"/>
    <property name="java.vm.specification.vendor" value="Oracle Corporation"/>
    <property name="java.specification.name" value="Java Platform API Specification"/>
    <property name="java.awt.graphicsenv" value="sun.awt.Win32GraphicsEnvironment"/>
    <property name="surefire.real.class.path" value="C:\Users\irgigt\AppData\Local\Temp\surefire1715915162926522913\surefirebooter8423219855196490116.jar"/>
    <property name="sun.boot.class.path" value="C:\Program Files\Java\jdk1.8.0_121\jre\lib\resources.jar;C:\Program Files\Java\jdk1.8.0_121\jre\lib\rt.jar;C:\Program Files\Java\jdk1.8.0_121\jre\lib\sunrsasign.jar;C:\Program Files\Java\jdk1.8.0_121\jre\lib\jsse.jar;C:\Program Files\Java\jdk1.8.0_121\jre\lib\jce.jar;C:\Program Files\Java\jdk1.8.0_121\jre\lib\charsets.jar;C:\Program Files\Java\jdk1.8.0_121\jre\lib\jfr.jar;C:\Program Files\Java\jdk1.8.0_121\jre\classes"/>
    <property name="user.script" value=""/>
    <property name="sun.management.compiler" value="HotSpot 64-Bit Tiered Compilers"/>
    <property name="java.runtime.version" value="1.8.0_121-b13"/>
    <property name="user.name" value="irgigt"/>
    <property name="path.separator" value=";"/>
    <property name="os.version" value="10.0"/>
    <property name="java.endorsed.dirs" value="C:\Program Files\Java\jdk1.8.0_121\jre\lib\endorsed"/>
    <property name="java.runtime.name" value="Java(TM) SE Runtime Environment"/>
    <property name="file.encoding" value="Cp1252"/>
    <property name="java.vm.name" value="Java HotSpot(TM) 64-Bit Server VM"/>
    <property name="localRepository" value="C:\Users\irgigt\.m2\repository"/>
    <property name="java.vendor.url.bug" value="http://bugreport.sun.com/bugreport/"/>
    <property name="java.io.tmpdir" value="C:\Users\irgigt\AppData\Local\Temp\"/>
    <property name="java.version" value="1.8.0_121"/>
    <property name="user.dir" value="D:\test selinum projects\KarateScripts"/>
    <property name="os.arch" value="amd64"/>
    <property name="java.vm.specification.name" value="Java Virtual Machine Specification"/>
    <property name="java.awt.printerjob" value="sun.awt.windows.WPrinterJob"/>
    <property name="sun.os.patch.level" value=""/>
    <property name="java.library.path" value="C:\Program Files\Java\jdk1.8.0_121\jre\bin;C:\WINDOWS\Sun\Java\bin;C:\WINDOWS\system32;C:\WINDOWS;C:\Users\irgigt\apache-maven-3.8.1-bin\apache-maven-3.8.1/bin;C:\Program Files\Java\jdk1.8.0_121/bin;C:\Program Files\Java\jdk1.8.0_121/bin;C:\Python3_8\Scripts\;C:\Python3_8\;C:\ProgramData\Oracle\Java\javapath;C:\WINDOWS\system32;C:\WINDOWS;C:\WINDOWS\System32\Wbem;C:\WINDOWS\System32\WindowsPowerShell\v1.0\;C:\WINDOWS\System32\OpenSSH\;C:\Users\irgigt\AppData\Local\Programs\Python\Python38-32;C:\Program Files\Microsoft SQL Server\130\Tools\Binn\;C:\Program Files\TortoiseGit\bin;C:\Program Files\Git\cmd;C:\Program Files\TortoiseSVN\bin;C:\Program Files\nodejs\;C:\Program Files (x86)\Microsoft SQL Server\150\DTS\Binn\;C:\Program Files\Azure Data Studio\bin;C:\Users\irgigt\AppData\Local\Android\Sdk\tools\bin;C:\Users\irgigt\AppData\Local\Android\Sdk\tools;C:\Users\irgigt\AppData\Local\Android\Sdk\platform-tools;C:\Program Files\nodejs\node_modules\npm\bin;C:\Users\irgigt\apache-maven-3.8.1-bin\apache-maven-3.8.1\bin;C:\Program Files\MySQL\MySQL Shell 8.0\bin\;C:\Users\irgigt\AppData\Local\Microsoft\WindowsApps;C:\Users\irgigt\AppData\Local\Programs\Microsoft VS Code\bin;C:\Users\irgigt\AppData\Roaming\npm;C:\Program Files\Azure Data Studio\bin;;."/>
    <property name="java.vm.info" value="mixed mode"/>
    <property name="java.vendor" value="Oracle Corporation"/>
    <property name="java.vm.version" value="25.121-b13"/>
    <property name="java.ext.dirs" value="C:\Program Files\Java\jdk1.8.0_121\jre\lib\ext;C:\WINDOWS\Sun\Java\lib\ext"/>
    <property name="sun.io.unicode.encoding" value="UnicodeLittle"/>
    <property name="java.class.version" value="52.0"/>
  </properties>
  <testcase name="parallelRun" classname="Karate.KarateScripts.APIRunnerTest" time="52.86">
    <failure message="failed features:&#10;resources.DetailsPost: DetailsPost.feature:44 - status code was: 401, expected: 200, response time: 1303, url: https://restdev1.tracking.thermoking.com/connected-solutions/GetCarrierVehicleList/?externalCarrierId=52D0B083-E9B7-47F6-9BAA-D22951DD1E50, response: {&quot;path&quot;:&quot;/connected-solutions/GetCarrierVehicleList/&quot;,&quot;error&quot;:&quot;Unauthorized&quot;,&quot;message&quot;:&quot;Invalid Carrier External Id&quot;,&quot;timestamp&quot;:&quot;2021-09-13T15:36:07.644+0000&quot;,&quot;status&quot;:401}&#10;DetailsPost.feature:62 - status code was: 401, expected: 200, response time: 1606, url: https://restdev1.tracking.thermoking.com/connected-solutions/StartTrip/?externalCarrierId=52D0B083-E9B7-47F6-9BAA-D22951DD1E50&amp;vehicleExtId=1100295&amp;scheduledStartTime=2021-05-19+09%3A00%3A00&amp;scheduledDeliveryTime=2021-05-19+09%3A00%3A00&amp;commodity=, response: {&quot;path&quot;:&quot;/connected-solutions/StartTrip/&quot;,&quot;error&quot;:&quot;Unauthorized&quot;,&quot;message&quot;:&quot;Invalid Carrier External Id&quot;,&quot;timestamp&quot;:&quot;2021-09-13T15:36:09.343+0000&quot;,&quot;status&quot;:401}&#10;" type="java.lang.AssertionError"><![CDATA[java.lang.AssertionError: 
failed features:
resources.DetailsPost: DetailsPost.feature:44 - status code was: 401, expected: 200, response time: 1303, url: https://restdev1.tracking.thermoking.com/connected-solutions/GetCarrierVehicleList/?externalCarrierId=52D0B083-E9B7-47F6-9BAA-D22951DD1E50, response: {"path":"/connected-solutions/GetCarrierVehicleList/","error":"Unauthorized","message":"Invalid Carrier External Id","timestamp":"2021-09-13T15:36:07.644+0000","status":401}
DetailsPost.feature:62 - status code was: 401, expected: 200, response time: 1606, url: https://restdev1.tracking.thermoking.com/connected-solutions/StartTrip/?externalCarrierId=52D0B083-E9B7-47F6-9BAA-D22951DD1E50&vehicleExtId=1100295&scheduledStartTime=2021-05-19+09%3A00%3A00&scheduledDeliveryTime=2021-05-19+09%3A00%3A00&commodity=, response: {"path":"/connected-solutions/StartTrip/","error":"Unauthorized","message":"Invalid Carrier External Id","timestamp":"2021-09-13T15:36:09.343+0000","status":401}

	at Karate.KarateScripts.APIRunnerTest.parallelRun(APIRunnerTest.java:54)
]]></failure>
    <system-out><![CDATA[This is before suite
D:\test selinum projects\KarateScripts\target\surefire-reports\new5
D:\test selinum projects\KarateScripts\target\surefire-reports\resources.DetailsPost.json
D:\test selinum projects\KarateScripts\target\surefire-reports\resources.DetailsPost.xml
D:\test selinum projects\KarateScripts\target\surefire-reports\resources.Soap.json
D:\test selinum projects\KarateScripts\target\surefire-reports\resources.Soap.xml
D:\test selinum projects\KarateScripts\target\surefire-reports\results-json.txt
D:\test selinum projects\KarateScripts\target\surefire-reports\timeline.html
21:05:58.337 [main] INFO com.intuit.karate.Runner - waiting for parallel features to complete ...
21:05:58.812 [pool-2-thread-4] WARN com.intuit.karate - skipping bootstrap configuration: could not find or read file: classpath:karate-config.js
21:05:58.814 [pool-2-thread-3] WARN com.intuit.karate - skipping bootstrap configuration: could not find or read file: classpath:karate-config.js
21:05:58.811 [pool-2-thread-2] WARN com.intuit.karate - skipping bootstrap configuration: could not find or read file: classpath:karate-config.js
21:05:59.176 [pool-2-thread-4] DEBUG com.jayway.jsonpath.internal.path.CompiledPath - Evaluating path: $
21:05:59.176 [pool-2-thread-2] DEBUG com.jayway.jsonpath.internal.path.CompiledPath - Evaluating path: $
21:05:59.183 [pool-2-thread-2] DEBUG com.jayway.jsonpath.internal.path.CompiledPath - Evaluating path: $
21:05:59.210 [pool-2-thread-2] DEBUG com.jayway.jsonpath.internal.path.CompiledPath - Evaluating path: $
21:05:59.395 [pool-2-thread-2] DEBUG com.jayway.jsonpath.internal.path.CompiledPath - Evaluating path: $
21:06:03.412 [pool-2-thread-3] DEBUG com.jayway.jsonpath.internal.path.CompiledPath - Evaluating path: $
21:06:03.413 [pool-2-thread-3] INFO com.intuit.karate - >> lock acquired, begin callonce: read('FridgioAuthToken.feature')
21:06:03.463 [pool-2-thread-4] DEBUG com.jayway.jsonpath.internal.path.CompiledPath - Evaluating path: $
21:06:03.468 [pool-2-thread-4] DEBUG com.jayway.jsonpath.internal.path.CompiledPath - Evaluating path: $['X-External-ID']
21:06:03.470 [pool-2-thread-4] DEBUG com.jayway.jsonpath.internal.JsonContext - Set path $['X-External-ID'] new value 0C7FFB8E-BE9D-4B51-8D61-CA10BF4503C4
21:06:03.471 [pool-2-thread-4] DEBUG com.jayway.jsonpath.internal.path.CompiledPath - Evaluating path: $
21:06:03.483 [pool-2-thread-4] DEBUG com.jayway.jsonpath.internal.path.CompiledPath - Evaluating path: $['userName']
21:06:03.484 [pool-2-thread-4] DEBUG com.jayway.jsonpath.internal.JsonContext - Set path $['userName'] new value webservice.user214@MISSING.COM
21:06:03.495 [pool-2-thread-4] DEBUG com.jayway.jsonpath.internal.path.CompiledPath - Evaluating path: $['password']
21:06:03.495 [pool-2-thread-4] DEBUG com.jayway.jsonpath.internal.JsonContext - Set path $['password'] new value Pass@1234
21:06:03.496 [pool-2-thread-4] DEBUG com.jayway.jsonpath.internal.path.CompiledPath - Evaluating path: $
21:06:03.498 [pool-2-thread-4] DEBUG com.jayway.jsonpath.internal.path.CompiledPath - Evaluating path: $['vehicles']
21:06:03.499 [pool-2-thread-4] DEBUG com.jayway.jsonpath.internal.JsonContext - Set path $['vehicles'] new value Test Vehicle 1
21:06:03.500 [pool-2-thread-4] DEBUG com.jayway.jsonpath.internal.path.CompiledPath - Evaluating path: $
21:06:03.501 [pool-2-thread-4] INFO com.intuit.karate - >> lock acquired, begin callonce: read('TokenTwoWay.feature')
21:06:03.502 [pool-2-thread-4] DEBUG com.jayway.jsonpath.internal.path.CompiledPath - Evaluating path: $
21:06:03.518 [pool-2-thread-4] DEBUG com.jayway.jsonpath.internal.path.CompiledPath - Evaluating path: $['APIurl']
21:06:03.519 [pool-2-thread-4] DEBUG com.jayway.jsonpath.internal.JsonContext - Set path $['APIurl'] new value https://restdev1.tracking.thermoking.com/
21:06:03.525 [pool-2-thread-4] DEBUG com.jayway.jsonpath.internal.path.CompiledPath - Evaluating path: $['userName']
21:06:03.526 [pool-2-thread-4] DEBUG com.jayway.jsonpath.internal.JsonContext - Set path $['userName'] new value webservice.user214@MISSING.COM
21:06:03.543 [pool-2-thread-4] DEBUG com.jayway.jsonpath.internal.path.CompiledPath - Evaluating path: $['password']
21:06:03.543 [pool-2-thread-4] DEBUG com.jayway.jsonpath.internal.JsonContext - Set path $['password'] new value Pass@1234
21:06:03.551 [pool-2-thread-4] DEBUG com.jayway.jsonpath.internal.path.CompiledPath - Evaluating path: $['customerId']
21:06:03.551 [pool-2-thread-4] DEBUG com.jayway.jsonpath.internal.JsonContext - Set path $['customerId'] new value 0C7FFB8E-BE9D-4B51-8D61-CA10BF4503C4
21:06:03.560 [pool-2-thread-3] DEBUG com.jayway.jsonpath.internal.path.CompiledPath - Evaluating path: $
21:06:03.565 [pool-2-thread-4] DEBUG com.jayway.jsonpath.internal.path.CompiledPath - Evaluating path: $
21:06:03.565 [pool-2-thread-3] DEBUG com.jayway.jsonpath.internal.path.CompiledPath - Evaluating path: $
21:06:03.568 [pool-2-thread-3] DEBUG com.jayway.jsonpath.internal.path.CompiledPath - Evaluating path: $
21:06:03.584 [pool-2-thread-4] DEBUG com.jayway.jsonpath.internal.path.CompiledPath - Evaluating path: $
21:06:03.590 [pool-2-thread-4] DEBUG com.jayway.jsonpath.internal.path.CompiledPath - Evaluating path: $['APIurl']
21:06:03.591 [pool-2-thread-4] DEBUG com.jayway.jsonpath.internal.JsonContext - Set path $['APIurl'] new value https://restdev1.tracking.thermoking.com/
21:06:03.592 [pool-2-thread-4] DEBUG com.jayway.jsonpath.internal.path.CompiledPath - Evaluating path: $['userName']
21:06:03.592 [pool-2-thread-4] DEBUG com.jayway.jsonpath.internal.JsonContext - Set path $['userName'] new value webservice.user214@MISSING.COM
21:06:03.593 [pool-2-thread-4] DEBUG com.jayway.jsonpath.internal.path.CompiledPath - Evaluating path: $['password']
21:06:03.593 [pool-2-thread-4] DEBUG com.jayway.jsonpath.internal.JsonContext - Set path $['password'] new value Pass@1234
21:06:03.594 [pool-2-thread-4] DEBUG com.jayway.jsonpath.internal.path.CompiledPath - Evaluating path: $['customerId']
21:06:03.595 [pool-2-thread-4] DEBUG com.jayway.jsonpath.internal.JsonContext - Set path $['customerId'] new value 0C7FFB8E-BE9D-4B51-8D61-CA10BF4503C4
21:06:03.595 [pool-2-thread-4] DEBUG com.jayway.jsonpath.internal.path.CompiledPath - Evaluating path: $
21:06:03.595 [pool-2-thread-4] INFO com.intuit.karate - [print] {
  "APIurl": "https://restdev1.tracking.thermoking.com/",
  "userName": "webservice.user214@MISSING.COM",
  "password": "Pass@1234",
  "customerId": "0C7FFB8E-BE9D-4B51-8D61-CA10BF4503C4"
}

21:06:03.610 [pool-2-thread-4] DEBUG com.jayway.jsonpath.internal.path.CompiledPath - Evaluating path: $
21:06:03.619 [pool-2-thread-4] DEBUG com.jayway.jsonpath.internal.path.CompiledPath - Evaluating path: $
21:06:03.621 [pool-2-thread-4] DEBUG com.jayway.jsonpath.internal.path.CompiledPath - Evaluating path: $
21:06:03.665 [pool-2-thread-2] DEBUG org.apache.http.client.protocol.RequestAddCookies - CookieSpec selected: karate
21:06:03.665 [pool-2-thread-3] DEBUG org.apache.http.client.protocol.RequestAddCookies - CookieSpec selected: karate
21:06:03.665 [pool-2-thread-4] DEBUG org.apache.http.client.protocol.RequestAddCookies - CookieSpec selected: karate
21:06:03.689 [pool-2-thread-2] DEBUG org.apache.http.client.protocol.RequestAuthCache - Auth cache not set in the context
21:06:03.689 [pool-2-thread-3] DEBUG org.apache.http.client.protocol.RequestAuthCache - Auth cache not set in the context
21:06:03.689 [pool-2-thread-4] DEBUG org.apache.http.client.protocol.RequestAuthCache - Auth cache not set in the context
21:06:03.695 [pool-2-thread-4] DEBUG com.intuit.karate - request:
1 > POST https://restdev1.tracking.thermoking.com/connected-solutions/obtainToken/
1 > Accept-Encoding: gzip,deflate
1 > Connection: Keep-Alive
1 > Content-Length: 68
1 > Content-Type: application/json; charset=UTF-8
1 > Host: restdev1.tracking.thermoking.com
1 > User-Agent: Apache-HttpClient/4.5.11 (Java/1.8.0_121)
1 > X-External-ID: 0C7FFB8E-BE9D-4B51-8D61-CA10BF4503C4
{"userName":"webservice.user214@MISSING.COM","password":"Pass@1234"}

21:06:03.695 [pool-2-thread-3] DEBUG com.intuit.karate - request:
1 > POST https://restdev1.tracking.thermoking.com/connected-solutions/GetAuthToken/
1 > Accept-Encoding: gzip,deflate
1 > Connection: Keep-Alive
1 > Content-Length: 72
1 > Content-Type: application/json; charset=UTF-8
1 > Host: restdev1.tracking.thermoking.com
1 > User-Agent: Apache-HttpClient/4.5.11 (Java/1.8.0_121)
1 > X-External-ID: 5-UUvQsTkfI
{"userName":"webservice.usertp01@demosystem.com","password":"Pass@1234"}

21:06:03.695 [pool-2-thread-2] DEBUG com.intuit.karate - request:
1 > POST https://soap.tracking.thermoking.com/tk-webservices/Command
1 > Accept-Encoding: gzip,deflate
1 > Authorization: Basic d2Vic2VydmljZS51c2VyLmFsbC4yMTRATUlTU0lORy5DT006Z2g2MmpBST51TFB1dmxw
1 > Connection: Keep-Alive
1 > Content-Length: 649
1 > Content-Type: application/xml; charset=UTF-8
1 > Host: soap.tracking.thermoking.com
1 > SOAPAction: 
1 > User-Agent: Apache-HttpClient/4.5.11 (Java/1.8.0_121)
<soapenv:Envelope xmlns:soapenv="http://schemas.xmlsoap.org/soap/envelope/" xmlns:ser="http://service.jbossws.webservices.celtrak.com/">
    <soapenv:Header/>
    <soapenv:Body>
        <ser:updateSetPoint>
            <!--1 or more repetitions:-->
            <customerVehicles>
                <customerid>4560BD5E-BD7B-42B0-8DCB-627EB8454C72</customerid>
                <!--1 or more repetitions:-->
                <vehicles>Bluebox India 2</vehicles>
            </customerVehicles>
            <zoneId>1</zoneId>
            <setPointValue>-2</setPointValue>
        </ser:updateSetPoint>
    </soapenv:Body>
</soapenv:Envelope>

21:06:03.700 [pool-2-thread-4] DEBUG org.apache.http.impl.conn.PoolingHttpClientConnectionManager - Connection request: [route: {s}->https://restdev1.tracking.thermoking.com:443][total available: 0; route allocated: 0 of 5; total allocated: 0 of 10]
21:06:03.700 [pool-2-thread-2] DEBUG org.apache.http.impl.conn.PoolingHttpClientConnectionManager - Connection request: [route: {s}->https://soap.tracking.thermoking.com:443][total available: 0; route allocated: 0 of 5; total allocated: 0 of 10]
21:06:03.700 [pool-2-thread-3] DEBUG org.apache.http.impl.conn.PoolingHttpClientConnectionManager - Connection request: [route: {s}->https://restdev1.tracking.thermoking.com:443][total available: 0; route allocated: 0 of 5; total allocated: 0 of 10]
21:06:03.742 [pool-2-thread-3] DEBUG org.apache.http.impl.conn.PoolingHttpClientConnectionManager - Connection leased: [id: 2][route: {s}->https://restdev1.tracking.thermoking.com:443][total available: 0; route allocated: 1 of 5; total allocated: 1 of 10]
21:06:03.742 [pool-2-thread-2] DEBUG org.apache.http.impl.conn.PoolingHttpClientConnectionManager - Connection leased: [id: 1][route: {s}->https://soap.tracking.thermoking.com:443][total available: 0; route allocated: 1 of 5; total allocated: 1 of 10]
21:06:03.742 [pool-2-thread-4] DEBUG org.apache.http.impl.conn.PoolingHttpClientConnectionManager - Connection leased: [id: 0][route: {s}->https://restdev1.tracking.thermoking.com:443][total available: 0; route allocated: 1 of 5; total allocated: 1 of 10]
21:06:03.747 [pool-2-thread-3] DEBUG org.apache.http.impl.execchain.MainClientExec - Opening connection {s}->https://restdev1.tracking.thermoking.com:443
21:06:03.747 [pool-2-thread-4] DEBUG org.apache.http.impl.execchain.MainClientExec - Opening connection {s}->https://restdev1.tracking.thermoking.com:443
21:06:03.747 [pool-2-thread-2] DEBUG org.apache.http.impl.execchain.MainClientExec - Opening connection {s}->https://soap.tracking.thermoking.com:443
21:06:04.135 [pool-2-thread-2] DEBUG org.apache.http.impl.conn.DefaultHttpClientConnectionOperator - Connecting to soap.tracking.thermoking.com/3.94.35.196:443
21:06:04.135 [pool-2-thread-4] DEBUG org.apache.http.impl.conn.DefaultHttpClientConnectionOperator - Connecting to restdev1.tracking.thermoking.com/34.199.242.204:443
21:06:04.135 [pool-2-thread-3] DEBUG org.apache.http.impl.conn.DefaultHttpClientConnectionOperator - Connecting to restdev1.tracking.thermoking.com/34.199.242.204:443
21:06:04.135 [pool-2-thread-2] DEBUG org.apache.http.conn.ssl.SSLConnectionSocketFactory - Connecting socket to soap.tracking.thermoking.com/3.94.35.196:443 with timeout 30000
21:06:04.135 [pool-2-thread-4] DEBUG org.apache.http.conn.ssl.LenientSslConnectionSocketFactory - Connecting socket to restdev1.tracking.thermoking.com/34.199.242.204:443 with timeout 30000
21:06:04.135 [pool-2-thread-3] DEBUG org.apache.http.conn.ssl.LenientSslConnectionSocketFactory - Connecting socket to restdev1.tracking.thermoking.com/34.199.242.204:443 with timeout 30000
21:06:04.678 [pool-2-thread-4] DEBUG org.apache.http.conn.ssl.LenientSslConnectionSocketFactory - Enabled protocols: [TLSv1, TLSv1.1, TLSv1.2]
21:06:04.678 [pool-2-thread-3] DEBUG org.apache.http.conn.ssl.LenientSslConnectionSocketFactory - Enabled protocols: [TLSv1, TLSv1.1, TLSv1.2]
21:06:04.678 [pool-2-thread-2] DEBUG org.apache.http.conn.ssl.SSLConnectionSocketFactory - Enabled protocols: [TLSv1, TLSv1.1, TLSv1.2]
21:06:04.678 [pool-2-thread-4] DEBUG org.apache.http.conn.ssl.LenientSslConnectionSocketFactory - Enabled cipher suites:[TLS_ECDHE_ECDSA_WITH_AES_128_CBC_SHA256, TLS_ECDHE_RSA_WITH_AES_128_CBC_SHA256, TLS_RSA_WITH_AES_128_CBC_SHA256, TLS_ECDH_ECDSA_WITH_AES_128_CBC_SHA256, TLS_ECDH_RSA_WITH_AES_128_CBC_SHA256, TLS_DHE_RSA_WITH_AES_128_CBC_SHA256, TLS_DHE_DSS_WITH_AES_128_CBC_SHA256, TLS_ECDHE_ECDSA_WITH_AES_128_CBC_SHA, TLS_ECDHE_RSA_WITH_AES_128_CBC_SHA, TLS_RSA_WITH_AES_128_CBC_SHA, TLS_ECDH_ECDSA_WITH_AES_128_CBC_SHA, TLS_ECDH_RSA_WITH_AES_128_CBC_SHA, TLS_DHE_RSA_WITH_AES_128_CBC_SHA, TLS_DHE_DSS_WITH_AES_128_CBC_SHA, TLS_ECDHE_ECDSA_WITH_AES_128_GCM_SHA256, TLS_ECDHE_RSA_WITH_AES_128_GCM_SHA256, TLS_RSA_WITH_AES_128_GCM_SHA256, TLS_ECDH_ECDSA_WITH_AES_128_GCM_SHA256, TLS_ECDH_RSA_WITH_AES_128_GCM_SHA256, TLS_DHE_RSA_WITH_AES_128_GCM_SHA256, TLS_DHE_DSS_WITH_AES_128_GCM_SHA256, TLS_EMPTY_RENEGOTIATION_INFO_SCSV]
21:06:04.679 [pool-2-thread-3] DEBUG org.apache.http.conn.ssl.LenientSslConnectionSocketFactory - Enabled cipher suites:[TLS_ECDHE_ECDSA_WITH_AES_128_CBC_SHA256, TLS_ECDHE_RSA_WITH_AES_128_CBC_SHA256, TLS_RSA_WITH_AES_128_CBC_SHA256, TLS_ECDH_ECDSA_WITH_AES_128_CBC_SHA256, TLS_ECDH_RSA_WITH_AES_128_CBC_SHA256, TLS_DHE_RSA_WITH_AES_128_CBC_SHA256, TLS_DHE_DSS_WITH_AES_128_CBC_SHA256, TLS_ECDHE_ECDSA_WITH_AES_128_CBC_SHA, TLS_ECDHE_RSA_WITH_AES_128_CBC_SHA, TLS_RSA_WITH_AES_128_CBC_SHA, TLS_ECDH_ECDSA_WITH_AES_128_CBC_SHA, TLS_ECDH_RSA_WITH_AES_128_CBC_SHA, TLS_DHE_RSA_WITH_AES_128_CBC_SHA, TLS_DHE_DSS_WITH_AES_128_CBC_SHA, TLS_ECDHE_ECDSA_WITH_AES_128_GCM_SHA256, TLS_ECDHE_RSA_WITH_AES_128_GCM_SHA256, TLS_RSA_WITH_AES_128_GCM_SHA256, TLS_ECDH_ECDSA_WITH_AES_128_GCM_SHA256, TLS_ECDH_RSA_WITH_AES_128_GCM_SHA256, TLS_DHE_RSA_WITH_AES_128_GCM_SHA256, TLS_DHE_DSS_WITH_AES_128_GCM_SHA256, TLS_EMPTY_RENEGOTIATION_INFO_SCSV]
21:06:04.679 [pool-2-thread-2] DEBUG org.apache.http.conn.ssl.SSLConnectionSocketFactory - Enabled cipher suites:[TLS_ECDHE_ECDSA_WITH_AES_128_CBC_SHA256, TLS_ECDHE_RSA_WITH_AES_128_CBC_SHA256, TLS_RSA_WITH_AES_128_CBC_SHA256, TLS_ECDH_ECDSA_WITH_AES_128_CBC_SHA256, TLS_ECDH_RSA_WITH_AES_128_CBC_SHA256, TLS_DHE_RSA_WITH_AES_128_CBC_SHA256, TLS_DHE_DSS_WITH_AES_128_CBC_SHA256, TLS_ECDHE_ECDSA_WITH_AES_128_CBC_SHA, TLS_ECDHE_RSA_WITH_AES_128_CBC_SHA, TLS_RSA_WITH_AES_128_CBC_SHA, TLS_ECDH_ECDSA_WITH_AES_128_CBC_SHA, TLS_ECDH_RSA_WITH_AES_128_CBC_SHA, TLS_DHE_RSA_WITH_AES_128_CBC_SHA, TLS_DHE_DSS_WITH_AES_128_CBC_SHA, TLS_ECDHE_ECDSA_WITH_AES_128_GCM_SHA256, TLS_ECDHE_RSA_WITH_AES_128_GCM_SHA256, TLS_RSA_WITH_AES_128_GCM_SHA256, TLS_ECDH_ECDSA_WITH_AES_128_GCM_SHA256, TLS_ECDH_RSA_WITH_AES_128_GCM_SHA256, TLS_DHE_RSA_WITH_AES_128_GCM_SHA256, TLS_DHE_DSS_WITH_AES_128_GCM_SHA256, TLS_EMPTY_RENEGOTIATION_INFO_SCSV]
21:06:04.679 [pool-2-thread-4] DEBUG org.apache.http.conn.ssl.LenientSslConnectionSocketFactory - Starting handshake
21:06:04.680 [pool-2-thread-3] DEBUG org.apache.http.conn.ssl.LenientSslConnectionSocketFactory - Starting handshake
21:06:04.681 [pool-2-thread-2] DEBUG org.apache.http.conn.ssl.SSLConnectionSocketFactory - Starting handshake
21:06:05.772 [pool-2-thread-4] DEBUG org.apache.http.conn.ssl.LenientSslConnectionSocketFactory - Secure session established
21:06:05.772 [pool-2-thread-3] DEBUG org.apache.http.conn.ssl.LenientSslConnectionSocketFactory - Secure session established
21:06:05.773 [pool-2-thread-4] DEBUG org.apache.http.conn.ssl.LenientSslConnectionSocketFactory -  negotiated protocol: TLSv1.2
21:06:05.773 [pool-2-thread-3] DEBUG org.apache.http.conn.ssl.LenientSslConnectionSocketFactory -  negotiated protocol: TLSv1.2
21:06:05.773 [pool-2-thread-4] DEBUG org.apache.http.conn.ssl.LenientSslConnectionSocketFactory -  negotiated cipher suite: TLS_ECDHE_RSA_WITH_AES_128_GCM_SHA256
21:06:05.773 [pool-2-thread-3] DEBUG org.apache.http.conn.ssl.LenientSslConnectionSocketFactory -  negotiated cipher suite: TLS_ECDHE_RSA_WITH_AES_128_GCM_SHA256
21:06:05.775 [pool-2-thread-3] DEBUG org.apache.http.conn.ssl.LenientSslConnectionSocketFactory -  peer principal: CN=*.tracking.thermoking.com
21:06:05.775 [pool-2-thread-4] DEBUG org.apache.http.conn.ssl.LenientSslConnectionSocketFactory -  peer principal: CN=*.tracking.thermoking.com
21:06:05.778 [pool-2-thread-3] DEBUG org.apache.http.conn.ssl.LenientSslConnectionSocketFactory -  peer alternative names: [*.tracking.thermoking.com]
21:06:05.778 [pool-2-thread-4] DEBUG org.apache.http.conn.ssl.LenientSslConnectionSocketFactory -  peer alternative names: [*.tracking.thermoking.com]
21:06:05.778 [pool-2-thread-3] DEBUG org.apache.http.conn.ssl.LenientSslConnectionSocketFactory -  issuer principal: CN=Amazon, OU=Server CA 1B, O=Amazon, C=US
21:06:05.778 [pool-2-thread-4] DEBUG org.apache.http.conn.ssl.LenientSslConnectionSocketFactory -  issuer principal: CN=Amazon, OU=Server CA 1B, O=Amazon, C=US
21:06:05.779 [pool-2-thread-2] DEBUG org.apache.http.conn.ssl.SSLConnectionSocketFactory - Secure session established
21:06:05.779 [pool-2-thread-2] DEBUG org.apache.http.conn.ssl.SSLConnectionSocketFactory -  negotiated protocol: TLSv1.2
21:06:05.780 [pool-2-thread-2] DEBUG org.apache.http.conn.ssl.SSLConnectionSocketFactory -  negotiated cipher suite: TLS_ECDHE_RSA_WITH_AES_128_GCM_SHA256
21:06:05.780 [pool-2-thread-2] DEBUG org.apache.http.conn.ssl.SSLConnectionSocketFactory -  peer principal: CN=*.tracking.thermoking.com
21:06:05.780 [pool-2-thread-2] DEBUG org.apache.http.conn.ssl.SSLConnectionSocketFactory -  peer alternative names: [*.tracking.thermoking.com]
21:06:05.781 [pool-2-thread-2] DEBUG org.apache.http.conn.ssl.SSLConnectionSocketFactory -  issuer principal: CN=Amazon, OU=Server CA 1B, O=Amazon, C=US
21:06:05.782 [pool-2-thread-4] DEBUG org.apache.http.impl.conn.DefaultHttpClientConnectionOperator - Connection established 10.200.54.16:50934<->34.199.242.204:443
21:06:05.782 [pool-2-thread-3] DEBUG org.apache.http.impl.conn.DefaultHttpClientConnectionOperator - Connection established 10.200.54.16:50932<->34.199.242.204:443
21:06:05.783 [pool-2-thread-4] DEBUG org.apache.http.impl.conn.DefaultManagedHttpClientConnection - http-outgoing-0: set socket timeout to 30000
21:06:05.783 [pool-2-thread-3] DEBUG org.apache.http.impl.conn.DefaultManagedHttpClientConnection - http-outgoing-2: set socket timeout to 30000
21:06:05.784 [pool-2-thread-3] DEBUG org.apache.http.impl.execchain.MainClientExec - Executing request POST /connected-solutions/GetAuthToken/ HTTP/1.1
21:06:05.784 [pool-2-thread-4] DEBUG org.apache.http.impl.execchain.MainClientExec - Executing request POST /connected-solutions/obtainToken/ HTTP/1.1
21:06:05.784 [pool-2-thread-3] DEBUG org.apache.http.impl.execchain.MainClientExec - Target auth state: UNCHALLENGED
21:06:05.784 [pool-2-thread-4] DEBUG org.apache.http.impl.execchain.MainClientExec - Target auth state: UNCHALLENGED
21:06:05.786 [pool-2-thread-3] DEBUG org.apache.http.impl.execchain.MainClientExec - Proxy auth state: UNCHALLENGED
21:06:05.786 [pool-2-thread-4] DEBUG org.apache.http.impl.execchain.MainClientExec - Proxy auth state: UNCHALLENGED
21:06:05.790 [pool-2-thread-4] DEBUG org.apache.http.headers - http-outgoing-0 >> POST /connected-solutions/obtainToken/ HTTP/1.1
21:06:05.790 [pool-2-thread-3] DEBUG org.apache.http.headers - http-outgoing-2 >> POST /connected-solutions/GetAuthToken/ HTTP/1.1
21:06:05.791 [pool-2-thread-4] DEBUG org.apache.http.headers - http-outgoing-0 >> X-External-ID: 0C7FFB8E-BE9D-4B51-8D61-CA10BF4503C4
21:06:05.791 [pool-2-thread-3] DEBUG org.apache.http.headers - http-outgoing-2 >> X-External-ID: 5-UUvQsTkfI
21:06:05.791 [pool-2-thread-4] DEBUG org.apache.http.headers - http-outgoing-0 >> Content-Type: application/json; charset=UTF-8
21:06:05.792 [pool-2-thread-3] DEBUG org.apache.http.headers - http-outgoing-2 >> Content-Type: application/json; charset=UTF-8
21:06:05.792 [pool-2-thread-4] DEBUG org.apache.http.headers - http-outgoing-0 >> Content-Length: 68
21:06:05.792 [pool-2-thread-3] DEBUG org.apache.http.headers - http-outgoing-2 >> Content-Length: 72
21:06:05.793 [pool-2-thread-4] DEBUG org.apache.http.headers - http-outgoing-0 >> Host: restdev1.tracking.thermoking.com
21:06:05.793 [pool-2-thread-3] DEBUG org.apache.http.headers - http-outgoing-2 >> Host: restdev1.tracking.thermoking.com
21:06:05.793 [pool-2-thread-4] DEBUG org.apache.http.headers - http-outgoing-0 >> Connection: Keep-Alive
21:06:05.793 [pool-2-thread-3] DEBUG org.apache.http.headers - http-outgoing-2 >> Connection: Keep-Alive
21:06:05.793 [pool-2-thread-4] DEBUG org.apache.http.headers - http-outgoing-0 >> User-Agent: Apache-HttpClient/4.5.11 (Java/1.8.0_121)
21:06:05.794 [pool-2-thread-3] DEBUG org.apache.http.headers - http-outgoing-2 >> User-Agent: Apache-HttpClient/4.5.11 (Java/1.8.0_121)
21:06:05.794 [pool-2-thread-2] DEBUG org.apache.http.impl.conn.DefaultHttpClientConnectionOperator - Connection established 10.200.54.16:50933<->3.94.35.196:443
21:06:05.794 [pool-2-thread-4] DEBUG org.apache.http.headers - http-outgoing-0 >> Accept-Encoding: gzip,deflate
21:06:05.794 [pool-2-thread-3] DEBUG org.apache.http.headers - http-outgoing-2 >> Accept-Encoding: gzip,deflate
21:06:05.794 [pool-2-thread-2] DEBUG org.apache.http.impl.conn.DefaultManagedHttpClientConnection - http-outgoing-1: set socket timeout to 30000
21:06:05.795 [pool-2-thread-2] DEBUG org.apache.http.impl.execchain.MainClientExec - Executing request POST /tk-webservices/Command HTTP/1.1
21:06:05.795 [pool-2-thread-2] DEBUG org.apache.http.impl.execchain.MainClientExec - Proxy auth state: UNCHALLENGED
21:06:05.795 [pool-2-thread-4] DEBUG org.apache.http.wire - http-outgoing-0 >> "POST /connected-solutions/obtainToken/ HTTP/1.1[\r][\n]"
21:06:05.795 [pool-2-thread-3] DEBUG org.apache.http.wire - http-outgoing-2 >> "POST /connected-solutions/GetAuthToken/ HTTP/1.1[\r][\n]"
21:06:05.796 [pool-2-thread-4] DEBUG org.apache.http.wire - http-outgoing-0 >> "X-External-ID: 0C7FFB8E-BE9D-4B51-8D61-CA10BF4503C4[\r][\n]"
21:06:05.796 [pool-2-thread-2] DEBUG org.apache.http.headers - http-outgoing-1 >> POST /tk-webservices/Command HTTP/1.1
21:06:05.796 [pool-2-thread-3] DEBUG org.apache.http.wire - http-outgoing-2 >> "X-External-ID: 5-UUvQsTkfI[\r][\n]"
21:06:05.796 [pool-2-thread-4] DEBUG org.apache.http.wire - http-outgoing-0 >> "Content-Type: application/json; charset=UTF-8[\r][\n]"
21:06:05.797 [pool-2-thread-2] DEBUG org.apache.http.headers - http-outgoing-1 >> Authorization: Basic d2Vic2VydmljZS51c2VyLmFsbC4yMTRATUlTU0lORy5DT006Z2g2MmpBST51TFB1dmxw
21:06:05.797 [pool-2-thread-3] DEBUG org.apache.http.wire - http-outgoing-2 >> "Content-Type: application/json; charset=UTF-8[\r][\n]"
21:06:05.797 [pool-2-thread-4] DEBUG org.apache.http.wire - http-outgoing-0 >> "Content-Length: 68[\r][\n]"
21:06:05.798 [pool-2-thread-3] DEBUG org.apache.http.wire - http-outgoing-2 >> "Content-Length: 72[\r][\n]"
21:06:05.797 [pool-2-thread-2] DEBUG org.apache.http.headers - http-outgoing-1 >> SOAPAction: 
21:06:05.798 [pool-2-thread-4] DEBUG org.apache.http.wire - http-outgoing-0 >> "Host: restdev1.tracking.thermoking.com[\r][\n]"
21:06:05.798 [pool-2-thread-4] DEBUG org.apache.http.wire - http-outgoing-0 >> "Connection: Keep-Alive[\r][\n]"
21:06:05.798 [pool-2-thread-3] DEBUG org.apache.http.wire - http-outgoing-2 >> "Host: restdev1.tracking.thermoking.com[\r][\n]"
21:06:05.798 [pool-2-thread-2] DEBUG org.apache.http.headers - http-outgoing-1 >> Content-Type: application/xml; charset=UTF-8
21:06:05.799 [pool-2-thread-4] DEBUG org.apache.http.wire - http-outgoing-0 >> "User-Agent: Apache-HttpClient/4.5.11 (Java/1.8.0_121)[\r][\n]"
21:06:05.799 [pool-2-thread-3] DEBUG org.apache.http.wire - http-outgoing-2 >> "Connection: Keep-Alive[\r][\n]"
21:06:05.799 [pool-2-thread-2] DEBUG org.apache.http.headers - http-outgoing-1 >> Content-Length: 649
21:06:05.799 [pool-2-thread-4] DEBUG org.apache.http.wire - http-outgoing-0 >> "Accept-Encoding: gzip,deflate[\r][\n]"
21:06:05.800 [pool-2-thread-4] DEBUG org.apache.http.wire - http-outgoing-0 >> "[\r][\n]"
21:06:05.799 [pool-2-thread-3] DEBUG org.apache.http.wire - http-outgoing-2 >> "User-Agent: Apache-HttpClient/4.5.11 (Java/1.8.0_121)[\r][\n]"
21:06:05.800 [pool-2-thread-2] DEBUG org.apache.http.headers - http-outgoing-1 >> Host: soap.tracking.thermoking.com
21:06:05.800 [pool-2-thread-4] DEBUG org.apache.http.wire - http-outgoing-0 >> "{"userName":"webservice.user214@MISSING.COM","password":"Pass@1234"}"
21:06:05.800 [pool-2-thread-3] DEBUG org.apache.http.wire - http-outgoing-2 >> "Accept-Encoding: gzip,deflate[\r][\n]"
21:06:05.800 [pool-2-thread-2] DEBUG org.apache.http.headers - http-outgoing-1 >> Connection: Keep-Alive
21:06:05.801 [pool-2-thread-3] DEBUG org.apache.http.wire - http-outgoing-2 >> "[\r][\n]"
21:06:05.801 [pool-2-thread-2] DEBUG org.apache.http.headers - http-outgoing-1 >> User-Agent: Apache-HttpClient/4.5.11 (Java/1.8.0_121)
21:06:05.801 [pool-2-thread-3] DEBUG org.apache.http.wire - http-outgoing-2 >> "{"userName":"webservice.usertp01@demosystem.com","password":"Pass@1234"}"
21:06:05.802 [pool-2-thread-2] DEBUG org.apache.http.headers - http-outgoing-1 >> Accept-Encoding: gzip,deflate
21:06:05.802 [pool-2-thread-2] DEBUG org.apache.http.wire - http-outgoing-1 >> "POST /tk-webservices/Command HTTP/1.1[\r][\n]"
21:06:05.802 [pool-2-thread-2] DEBUG org.apache.http.wire - http-outgoing-1 >> "Authorization: Basic d2Vic2VydmljZS51c2VyLmFsbC4yMTRATUlTU0lORy5DT006Z2g2MmpBST51TFB1dmxw[\r][\n]"
21:06:05.803 [pool-2-thread-2] DEBUG org.apache.http.wire - http-outgoing-1 >> "SOAPAction: [\r][\n]"
21:06:05.803 [pool-2-thread-2] DEBUG org.apache.http.wire - http-outgoing-1 >> "Content-Type: application/xml; charset=UTF-8[\r][\n]"
21:06:05.803 [pool-2-thread-2] DEBUG org.apache.http.wire - http-outgoing-1 >> "Content-Length: 649[\r][\n]"
21:06:05.804 [pool-2-thread-2] DEBUG org.apache.http.wire - http-outgoing-1 >> "Host: soap.tracking.thermoking.com[\r][\n]"
21:06:05.805 [pool-2-thread-2] DEBUG org.apache.http.wire - http-outgoing-1 >> "Connection: Keep-Alive[\r][\n]"
21:06:05.805 [pool-2-thread-2] DEBUG org.apache.http.wire - http-outgoing-1 >> "User-Agent: Apache-HttpClient/4.5.11 (Java/1.8.0_121)[\r][\n]"
21:06:05.805 [pool-2-thread-2] DEBUG org.apache.http.wire - http-outgoing-1 >> "Accept-Encoding: gzip,deflate[\r][\n]"
21:06:05.806 [pool-2-thread-2] DEBUG org.apache.http.wire - http-outgoing-1 >> "[\r][\n]"
21:06:05.806 [pool-2-thread-2] DEBUG org.apache.http.wire - http-outgoing-1 >> "<soapenv:Envelope xmlns:soapenv="http://schemas.xmlsoap.org/soap/envelope/" xmlns:ser="http://service.jbossws.webservices.celtrak.com/">[\r][\n]"
21:06:05.806 [pool-2-thread-2] DEBUG org.apache.http.wire - http-outgoing-1 >> "    <soapenv:Header/>[\r][\n]"
21:06:05.807 [pool-2-thread-2] DEBUG org.apache.http.wire - http-outgoing-1 >> "    <soapenv:Body>[\r][\n]"
21:06:05.807 [pool-2-thread-2] DEBUG org.apache.http.wire - http-outgoing-1 >> "        <ser:updateSetPoint>[\r][\n]"
21:06:05.807 [pool-2-thread-2] DEBUG org.apache.http.wire - http-outgoing-1 >> "            <!--1 or more repetitions:-->[\r][\n]"
21:06:05.807 [pool-2-thread-2] DEBUG org.apache.http.wire - http-outgoing-1 >> "            <customerVehicles>[\r][\n]"
21:06:05.808 [pool-2-thread-2] DEBUG org.apache.http.wire - http-outgoing-1 >> "                <customerid>4560BD5E-BD7B-42B0-8DCB-627EB8454C72</customerid>[\r][\n]"
21:06:05.808 [pool-2-thread-2] DEBUG org.apache.http.wire - http-outgoing-1 >> "                <!--1 or more repetitions:-->[\r][\n]"
21:06:05.809 [pool-2-thread-2] DEBUG org.apache.http.wire - http-outgoing-1 >> "                <vehicles>Bluebox India 2</vehicles>[\r][\n]"
21:06:05.809 [pool-2-thread-2] DEBUG org.apache.http.wire - http-outgoing-1 >> "            </customerVehicles>[\r][\n]"
21:06:05.809 [pool-2-thread-2] DEBUG org.apache.http.wire - http-outgoing-1 >> "            <zoneId>1</zoneId>[\r][\n]"
21:06:05.809 [pool-2-thread-2] DEBUG org.apache.http.wire - http-outgoing-1 >> "            <setPointValue>-2</setPointValue>[\r][\n]"
21:06:05.809 [pool-2-thread-2] DEBUG org.apache.http.wire - http-outgoing-1 >> "        </ser:updateSetPoint>[\r][\n]"
21:06:05.810 [pool-2-thread-2] DEBUG org.apache.http.wire - http-outgoing-1 >> "    </soapenv:Body>[\r][\n]"
21:06:05.810 [pool-2-thread-2] DEBUG org.apache.http.wire - http-outgoing-1 >> "</soapenv:Envelope>"
21:06:06.137 [pool-2-thread-4] DEBUG org.apache.http.wire - http-outgoing-0 << "HTTP/1.1 200 [\r][\n]"
21:06:06.138 [pool-2-thread-4] DEBUG org.apache.http.wire - http-outgoing-0 << "Date: Mon, 13 Sep 2021 15:36:06 GMT[\r][\n]"
21:06:06.139 [pool-2-thread-4] DEBUG org.apache.http.wire - http-outgoing-0 << "Content-Type: application/json;charset=UTF-8[\r][\n]"
21:06:06.139 [pool-2-thread-4] DEBUG org.apache.http.wire - http-outgoing-0 << "Transfer-Encoding: chunked[\r][\n]"
21:06:06.140 [pool-2-thread-4] DEBUG org.apache.http.wire - http-outgoing-0 << "Connection: keep-alive[\r][\n]"
21:06:06.140 [pool-2-thread-4] DEBUG org.apache.http.wire - http-outgoing-0 << "Set-Cookie: AWSALB=RI/BiHbpNeqUluJLRZDn0VEGtBzmlSFK4Wp1fG/EsbOBVcGakyyMzDjY1B2N/p8FGCSpZDZZgvRsv2WPMZ6rpL/ix7bH7+a9+VvIo+oRbn0Bxyxk5JNunsDKLEIu; Expires=Mon, 20 Sep 2021 15:36:05 GMT; Path=/[\r][\n]"
21:06:06.141 [pool-2-thread-4] DEBUG org.apache.http.wire - http-outgoing-0 << "Set-Cookie: AWSALBCORS=RI/BiHbpNeqUluJLRZDn0VEGtBzmlSFK4Wp1fG/EsbOBVcGakyyMzDjY1B2N/p8FGCSpZDZZgvRsv2WPMZ6rpL/ix7bH7+a9+VvIo+oRbn0Bxyxk5JNunsDKLEIu; Expires=Mon, 20 Sep 2021 15:36:05 GMT; Path=/; SameSite=None; Secure[\r][\n]"
21:06:06.141 [pool-2-thread-4] DEBUG org.apache.http.wire - http-outgoing-0 << "X-Content-Type-Options: nosniff[\r][\n]"
21:06:06.141 [pool-2-thread-4] DEBUG org.apache.http.wire - http-outgoing-0 << "X-XSS-Protection: 1; mode=block[\r][\n]"
21:06:06.142 [pool-2-thread-4] DEBUG org.apache.http.wire - http-outgoing-0 << "Cache-Control: no-cache, no-store, max-age=0, must-revalidate[\r][\n]"
21:06:06.143 [pool-2-thread-4] DEBUG org.apache.http.wire - http-outgoing-0 << "Pragma: no-cache[\r][\n]"
21:06:06.143 [pool-2-thread-4] DEBUG org.apache.http.wire - http-outgoing-0 << "Expires: 0[\r][\n]"
21:06:06.143 [pool-2-thread-4] DEBUG org.apache.http.wire - http-outgoing-0 << "X-Frame-Options: DENY[\r][\n]"
21:06:06.143 [pool-2-thread-4] DEBUG org.apache.http.wire - http-outgoing-0 << "[\r][\n]"
21:06:06.144 [pool-2-thread-4] DEBUG org.apache.http.wire - http-outgoing-0 << "1d4[\r][\n]"
21:06:06.144 [pool-2-thread-4] DEBUG org.apache.http.wire - http-outgoing-0 << "{"id":"0C7FFB8E-BE9D-4B51-8D61-CA10BF4503C4","accessToken":"eyJhbGciOiJIUzUxMiJ9.eyJpc3MiOiJDb25uZWN0ZWQgU29sdXRpb25zIiwiZXhwIjoxNjMxNzE2NjAwLCJqdGkiOiIwQzdGRkI4RS1CRTlELTRCNTEtOEQ2MS1DQTEwQkY0NTAzQzQifQ.yFt02SzWCF0E47cq1Oug1tm767-L1wmWV0K3WaCKbTkbzN2y0QsucU8Cb9c6Z4WmEZh4x0jper3xbX9ImMWi9w","accessRefreshToken":"394c92937b064689afbd0779e6d6eaca","expiresIn":447023,"_links":{"self":{"href":"http://restdev1.tracking.thermoking.com/connected-solutions/obtainToken"}}}[\r][\n]"
21:06:06.144 [pool-2-thread-3] DEBUG org.apache.http.wire - http-outgoing-2 << "HTTP/1.1 200 [\r][\n]"
21:06:06.145 [pool-2-thread-3] DEBUG org.apache.http.wire - http-outgoing-2 << "Date: Mon, 13 Sep 2021 15:36:06 GMT[\r][\n]"
21:06:06.145 [pool-2-thread-3] DEBUG org.apache.http.wire - http-outgoing-2 << "Content-Type: application/json;charset=UTF-8[\r][\n]"
21:06:06.145 [pool-2-thread-3] DEBUG org.apache.http.wire - http-outgoing-2 << "Transfer-Encoding: chunked[\r][\n]"
21:06:06.145 [pool-2-thread-3] DEBUG org.apache.http.wire - http-outgoing-2 << "Connection: keep-alive[\r][\n]"
21:06:06.146 [pool-2-thread-3] DEBUG org.apache.http.wire - http-outgoing-2 << "Set-Cookie: AWSALB=fFGdfYxhLU9Rs8B0h7ZkqjyeF5KECjaBYOJUNgTzQK/9E5TNja26Reakz4lCYCDfaYdmGgJzxtuVfBhb1WKq6rhngX3/77w/EP3ueHcoGhAipnVYHLtw9tAssO3O; Expires=Mon, 20 Sep 2021 15:36:05 GMT; Path=/[\r][\n]"
21:06:06.146 [pool-2-thread-3] DEBUG org.apache.http.wire - http-outgoing-2 << "Set-Cookie: AWSALBCORS=fFGdfYxhLU9Rs8B0h7ZkqjyeF5KECjaBYOJUNgTzQK/9E5TNja26Reakz4lCYCDfaYdmGgJzxtuVfBhb1WKq6rhngX3/77w/EP3ueHcoGhAipnVYHLtw9tAssO3O; Expires=Mon, 20 Sep 2021 15:36:05 GMT; Path=/; SameSite=None; Secure[\r][\n]"
21:06:06.147 [pool-2-thread-3] DEBUG org.apache.http.wire - http-outgoing-2 << "X-Content-Type-Options: nosniff[\r][\n]"
21:06:06.147 [pool-2-thread-3] DEBUG org.apache.http.wire - http-outgoing-2 << "X-XSS-Protection: 1; mode=block[\r][\n]"
21:06:06.147 [pool-2-thread-3] DEBUG org.apache.http.wire - http-outgoing-2 << "Cache-Control: no-cache, no-store, max-age=0, must-revalidate[\r][\n]"
21:06:06.147 [pool-2-thread-3] DEBUG org.apache.http.wire - http-outgoing-2 << "Pragma: no-cache[\r][\n]"
21:06:06.147 [pool-2-thread-3] DEBUG org.apache.http.wire - http-outgoing-2 << "Expires: 0[\r][\n]"
21:06:06.147 [pool-2-thread-3] DEBUG org.apache.http.wire - http-outgoing-2 << "X-Frame-Options: DENY[\r][\n]"
21:06:06.147 [pool-2-thread-3] DEBUG org.apache.http.wire - http-outgoing-2 << "[\r][\n]"
21:06:06.147 [pool-2-thread-3] DEBUG org.apache.http.wire - http-outgoing-2 << "19a[\r][\n]"
21:06:06.148 [pool-2-thread-3] DEBUG org.apache.http.wire - http-outgoing-2 << "{"id":"5-UUvQsTkfI","accessToken":"eyJhbGciOiJIUzUxMiJ9.eyJpc3MiOiJDb25uZWN0ZWQgU29sdXRpb25zIiwiZXhwIjoxNjMxNzE2MTgzLCJqdGkiOiI1LVVVdlFzVGtmSSJ9.erDSc-omH9mTT8IE1Ja3vjLmO0t8HiMqg6xG0Z00LFpSUHQzhf9Sc6ynuDPCcPK0U8rrwHF9zVPQibHhV-uOTw","accessRefreshToken":"2ba4743b7fcb4758b3fe5bfa17ddde8e","expiresIn":446605,"_links":{"self":{"href":"http://restdev1.tracking.thermoking.com/connected-solutions/GetAuthToken"}}}[\r][\n]"
21:06:06.155 [pool-2-thread-4] DEBUG org.apache.http.headers - http-outgoing-0 << HTTP/1.1 200 
21:06:06.155 [pool-2-thread-3] DEBUG org.apache.http.headers - http-outgoing-2 << HTTP/1.1 200 
21:06:06.156 [pool-2-thread-4] DEBUG org.apache.http.headers - http-outgoing-0 << Date: Mon, 13 Sep 2021 15:36:06 GMT
21:06:06.156 [pool-2-thread-3] DEBUG org.apache.http.headers - http-outgoing-2 << Date: Mon, 13 Sep 2021 15:36:06 GMT
21:06:06.156 [pool-2-thread-4] DEBUG org.apache.http.headers - http-outgoing-0 << Content-Type: application/json;charset=UTF-8
21:06:06.157 [pool-2-thread-3] DEBUG org.apache.http.headers - http-outgoing-2 << Content-Type: application/json;charset=UTF-8
21:06:06.157 [pool-2-thread-4] DEBUG org.apache.http.headers - http-outgoing-0 << Transfer-Encoding: chunked
21:06:06.157 [pool-2-thread-3] DEBUG org.apache.http.headers - http-outgoing-2 << Transfer-Encoding: chunked
21:06:06.157 [pool-2-thread-4] DEBUG org.apache.http.headers - http-outgoing-0 << Connection: keep-alive
21:06:06.157 [pool-2-thread-3] DEBUG org.apache.http.headers - http-outgoing-2 << Connection: keep-alive
21:06:06.158 [pool-2-thread-4] DEBUG org.apache.http.headers - http-outgoing-0 << Set-Cookie: AWSALB=RI/BiHbpNeqUluJLRZDn0VEGtBzmlSFK4Wp1fG/EsbOBVcGakyyMzDjY1B2N/p8FGCSpZDZZgvRsv2WPMZ6rpL/ix7bH7+a9+VvIo+oRbn0Bxyxk5JNunsDKLEIu; Expires=Mon, 20 Sep 2021 15:36:05 GMT; Path=/
21:06:06.158 [pool-2-thread-3] DEBUG org.apache.http.headers - http-outgoing-2 << Set-Cookie: AWSALB=fFGdfYxhLU9Rs8B0h7ZkqjyeF5KECjaBYOJUNgTzQK/9E5TNja26Reakz4lCYCDfaYdmGgJzxtuVfBhb1WKq6rhngX3/77w/EP3ueHcoGhAipnVYHLtw9tAssO3O; Expires=Mon, 20 Sep 2021 15:36:05 GMT; Path=/
21:06:06.158 [pool-2-thread-4] DEBUG org.apache.http.headers - http-outgoing-0 << Set-Cookie: AWSALBCORS=RI/BiHbpNeqUluJLRZDn0VEGtBzmlSFK4Wp1fG/EsbOBVcGakyyMzDjY1B2N/p8FGCSpZDZZgvRsv2WPMZ6rpL/ix7bH7+a9+VvIo+oRbn0Bxyxk5JNunsDKLEIu; Expires=Mon, 20 Sep 2021 15:36:05 GMT; Path=/; SameSite=None; Secure
21:06:06.159 [pool-2-thread-3] DEBUG org.apache.http.headers - http-outgoing-2 << Set-Cookie: AWSALBCORS=fFGdfYxhLU9Rs8B0h7ZkqjyeF5KECjaBYOJUNgTzQK/9E5TNja26Reakz4lCYCDfaYdmGgJzxtuVfBhb1WKq6rhngX3/77w/EP3ueHcoGhAipnVYHLtw9tAssO3O; Expires=Mon, 20 Sep 2021 15:36:05 GMT; Path=/; SameSite=None; Secure
21:06:06.159 [pool-2-thread-4] DEBUG org.apache.http.headers - http-outgoing-0 << X-Content-Type-Options: nosniff
21:06:06.159 [pool-2-thread-3] DEBUG org.apache.http.headers - http-outgoing-2 << X-Content-Type-Options: nosniff
21:06:06.160 [pool-2-thread-4] DEBUG org.apache.http.headers - http-outgoing-0 << X-XSS-Protection: 1; mode=block
21:06:06.160 [pool-2-thread-3] DEBUG org.apache.http.headers - http-outgoing-2 << X-XSS-Protection: 1; mode=block
21:06:06.160 [pool-2-thread-3] DEBUG org.apache.http.headers - http-outgoing-2 << Cache-Control: no-cache, no-store, max-age=0, must-revalidate
21:06:06.161 [pool-2-thread-3] DEBUG org.apache.http.headers - http-outgoing-2 << Pragma: no-cache
21:06:06.161 [pool-2-thread-3] DEBUG org.apache.http.headers - http-outgoing-2 << Expires: 0
21:06:06.160 [pool-2-thread-4] DEBUG org.apache.http.headers - http-outgoing-0 << Cache-Control: no-cache, no-store, max-age=0, must-revalidate
21:06:06.161 [pool-2-thread-3] DEBUG org.apache.http.headers - http-outgoing-2 << X-Frame-Options: DENY
21:06:06.161 [pool-2-thread-4] DEBUG org.apache.http.headers - http-outgoing-0 << Pragma: no-cache
21:06:06.162 [pool-2-thread-4] DEBUG org.apache.http.headers - http-outgoing-0 << Expires: 0
21:06:06.162 [pool-2-thread-4] DEBUG org.apache.http.headers - http-outgoing-0 << X-Frame-Options: DENY
21:06:06.178 [pool-2-thread-4] DEBUG org.apache.http.impl.execchain.MainClientExec - Connection can be kept alive indefinitely
21:06:06.178 [pool-2-thread-3] DEBUG org.apache.http.impl.execchain.MainClientExec - Connection can be kept alive indefinitely
21:06:06.232 [pool-2-thread-3] DEBUG org.apache.http.client.protocol.ResponseProcessCookies - Cookie accepted [AWSALB="fFGdfYxhLU9Rs8B0h7ZkqjyeF5KECjaBYOJUNgTzQK/9E5TNja26Reakz4lCYCDfaYdmGgJzxtuVfBhb1WKq6rhngX3/77w/EP3u...", version:0, domain:restdev1.tracking.thermoking.com, path:/, expiry:Mon Sep 20 21:06:05 IST 2021]
21:06:06.232 [pool-2-thread-4] DEBUG org.apache.http.client.protocol.ResponseProcessCookies - Cookie accepted [AWSALB="RI/BiHbpNeqUluJLRZDn0VEGtBzmlSFK4Wp1fG/EsbOBVcGakyyMzDjY1B2N/p8FGCSpZDZZgvRsv2WPMZ6rpL/ix7bH7+a9+VvI...", version:0, domain:restdev1.tracking.thermoking.com, path:/, expiry:Mon Sep 20 21:06:05 IST 2021]
21:06:06.235 [pool-2-thread-4] DEBUG org.apache.http.client.protocol.ResponseProcessCookies - Cookie accepted [AWSALBCORS="RI/BiHbpNeqUluJLRZDn0VEGtBzmlSFK4Wp1fG/EsbOBVcGakyyMzDjY1B2N/p8FGCSpZDZZgvRsv2WPMZ6rpL/ix7bH7+a9+VvI...", version:0, domain:restdev1.tracking.thermoking.com, path:/, expiry:Mon Sep 20 21:06:05 IST 2021]
21:06:06.236 [pool-2-thread-3] DEBUG org.apache.http.client.protocol.ResponseProcessCookies - Cookie accepted [AWSALBCORS="fFGdfYxhLU9Rs8B0h7ZkqjyeF5KECjaBYOJUNgTzQK/9E5TNja26Reakz4lCYCDfaYdmGgJzxtuVfBhb1WKq6rhngX3/77w/EP3u...", version:0, domain:restdev1.tracking.thermoking.com, path:/, expiry:Mon Sep 20 21:06:05 IST 2021]
21:06:06.247 [pool-2-thread-3] DEBUG org.apache.http.wire - http-outgoing-2 << "0[\r][\n]"
21:06:06.246 [pool-2-thread-4] DEBUG org.apache.http.wire - http-outgoing-0 << "0[\r][\n]"
21:06:06.247 [pool-2-thread-4] DEBUG org.apache.http.wire - http-outgoing-0 << "[\r][\n]"
21:06:06.247 [pool-2-thread-3] DEBUG org.apache.http.wire - http-outgoing-2 << "[\r][\n]"
21:06:06.249 [pool-2-thread-3] DEBUG org.apache.http.impl.conn.PoolingHttpClientConnectionManager - Connection [id: 2][route: {s}->https://restdev1.tracking.thermoking.com:443] can be kept alive indefinitely
21:06:06.249 [pool-2-thread-3] DEBUG org.apache.http.impl.conn.DefaultManagedHttpClientConnection - http-outgoing-2: set socket timeout to 0
21:06:06.250 [pool-2-thread-3] DEBUG org.apache.http.impl.conn.PoolingHttpClientConnectionManager - Connection released: [id: 2][route: {s}->https://restdev1.tracking.thermoking.com:443][total available: 1; route allocated: 1 of 5; total allocated: 1 of 10]
21:06:06.251 [pool-2-thread-3] DEBUG com.intuit.karate - response time in milliseconds: 2539.42
1 < 200
1 < Cache-Control: no-cache, no-store, max-age=0, must-revalidate
1 < Connection: keep-alive
1 < Content-Type: application/json;charset=UTF-8
1 < Date: Mon, 13 Sep 2021 15:36:06 GMT
1 < Expires: 0
1 < Pragma: no-cache
1 < Set-Cookie: [AWSALB=fFGdfYxhLU9Rs8B0h7ZkqjyeF5KECjaBYOJUNgTzQK/9E5TNja26Reakz4lCYCDfaYdmGgJzxtuVfBhb1WKq6rhngX3/77w/EP3ueHcoGhAipnVYHLtw9tAssO3O; Expires=Mon, 20 Sep 2021 15:36:05 GMT; Path=/, AWSALBCORS=fFGdfYxhLU9Rs8B0h7ZkqjyeF5KECjaBYOJUNgTzQK/9E5TNja26Reakz4lCYCDfaYdmGgJzxtuVfBhb1WKq6rhngX3/77w/EP3ueHcoGhAipnVYHLtw9tAssO3O; Expires=Mon, 20 Sep 2021 15:36:05 GMT; Path=/; SameSite=None; Secure]
1 < Transfer-Encoding: chunked
1 < X-Content-Type-Options: nosniff
1 < X-Frame-Options: DENY
1 < X-XSS-Protection: 1; mode=block
{"id":"5-UUvQsTkfI","accessToken":"eyJhbGciOiJIUzUxMiJ9.eyJpc3MiOiJDb25uZWN0ZWQgU29sdXRpb25zIiwiZXhwIjoxNjMxNzE2MTgzLCJqdGkiOiI1LVVVdlFzVGtmSSJ9.erDSc-omH9mTT8IE1Ja3vjLmO0t8HiMqg6xG0Z00LFpSUHQzhf9Sc6ynuDPCcPK0U8rrwHF9zVPQibHhV-uOTw","accessRefreshToken":"2ba4743b7fcb4758b3fe5bfa17ddde8e","expiresIn":446605,"_links":{"self":{"href":"http://restdev1.tracking.thermoking.com/connected-solutions/GetAuthToken"}}}

21:06:06.248 [pool-2-thread-4] DEBUG org.apache.http.impl.conn.PoolingHttpClientConnectionManager - Connection [id: 0][route: {s}->https://restdev1.tracking.thermoking.com:443] can be kept alive indefinitely
21:06:06.252 [pool-2-thread-4] DEBUG org.apache.http.impl.conn.DefaultManagedHttpClientConnection - http-outgoing-0: set socket timeout to 0
21:06:06.253 [pool-2-thread-4] DEBUG org.apache.http.impl.conn.PoolingHttpClientConnectionManager - Connection released: [id: 0][route: {s}->https://restdev1.tracking.thermoking.com:443][total available: 1; route allocated: 1 of 5; total allocated: 1 of 10]
21:06:06.254 [pool-2-thread-4] DEBUG com.intuit.karate - response time in milliseconds: 2537.34
1 < 200
1 < Cache-Control: no-cache, no-store, max-age=0, must-revalidate
1 < Connection: keep-alive
1 < Content-Type: application/json;charset=UTF-8
1 < Date: Mon, 13 Sep 2021 15:36:06 GMT
1 < Expires: 0
1 < Pragma: no-cache
1 < Set-Cookie: [AWSALB=RI/BiHbpNeqUluJLRZDn0VEGtBzmlSFK4Wp1fG/EsbOBVcGakyyMzDjY1B2N/p8FGCSpZDZZgvRsv2WPMZ6rpL/ix7bH7+a9+VvIo+oRbn0Bxyxk5JNunsDKLEIu; Expires=Mon, 20 Sep 2021 15:36:05 GMT; Path=/, AWSALBCORS=RI/BiHbpNeqUluJLRZDn0VEGtBzmlSFK4Wp1fG/EsbOBVcGakyyMzDjY1B2N/p8FGCSpZDZZgvRsv2WPMZ6rpL/ix7bH7+a9+VvIo+oRbn0Bxyxk5JNunsDKLEIu; Expires=Mon, 20 Sep 2021 15:36:05 GMT; Path=/; SameSite=None; Secure]
1 < Transfer-Encoding: chunked
1 < X-Content-Type-Options: nosniff
1 < X-Frame-Options: DENY
1 < X-XSS-Protection: 1; mode=block
{"id":"0C7FFB8E-BE9D-4B51-8D61-CA10BF4503C4","accessToken":"eyJhbGciOiJIUzUxMiJ9.eyJpc3MiOiJDb25uZWN0ZWQgU29sdXRpb25zIiwiZXhwIjoxNjMxNzE2NjAwLCJqdGkiOiIwQzdGRkI4RS1CRTlELTRCNTEtOEQ2MS1DQTEwQkY0NTAzQzQifQ.yFt02SzWCF0E47cq1Oug1tm767-L1wmWV0K3WaCKbTkbzN2y0QsucU8Cb9c6Z4WmEZh4x0jper3xbX9ImMWi9w","accessRefreshToken":"394c92937b064689afbd0779e6d6eaca","expiresIn":447023,"_links":{"self":{"href":"http://restdev1.tracking.thermoking.com/connected-solutions/obtainToken"}}}

21:06:06.282 [pool-2-thread-3] DEBUG com.jayway.jsonpath.internal.path.CompiledPath - Evaluating path: $
21:06:06.282 [pool-2-thread-4] DEBUG com.jayway.jsonpath.internal.path.CompiledPath - Evaluating path: $
21:06:06.301 [pool-2-thread-4] INFO com.intuit.karate - [print] eyJhbGciOiJIUzUxMiJ9.eyJpc3MiOiJDb25uZWN0ZWQgU29sdXRpb25zIiwiZXhwIjoxNjMxNzE2NjAwLCJqdGkiOiIwQzdGRkI4RS1CRTlELTRCNTEtOEQ2MS1DQTEwQkY0NTAzQzQifQ.yFt02SzWCF0E47cq1Oug1tm767-L1wmWV0K3WaCKbTkbzN2y0QsucU8Cb9c6Z4WmEZh4x0jper3xbX9ImMWi9w
21:06:06.315 [pool-2-thread-3] INFO com.intuit.karate - [print] eyJhbGciOiJIUzUxMiJ9.eyJpc3MiOiJDb25uZWN0ZWQgU29sdXRpb25zIiwiZXhwIjoxNjMxNzE2MTgzLCJqdGkiOiI1LVVVdlFzVGtmSSJ9.erDSc-omH9mTT8IE1Ja3vjLmO0t8HiMqg6xG0Z00LFpSUHQzhf9Sc6ynuDPCcPK0U8rrwHF9zVPQibHhV-uOTw
21:06:06.321 [pool-2-thread-3] DEBUG com.jayway.jsonpath.internal.path.CompiledPath - Evaluating path: $
21:06:06.321 [pool-2-thread-3] INFO com.intuit.karate - << lock released, cached callonce: read('FridgioAuthToken.feature')
21:06:06.323 [pool-2-thread-4] DEBUG com.jayway.jsonpath.internal.path.CompiledPath - Evaluating path: $
21:06:06.327 [pool-2-thread-4] DEBUG com.jayway.jsonpath.internal.path.CompiledPath - Evaluating path: $
21:06:06.331 [pool-2-thread-4] DEBUG com.jayway.jsonpath.internal.path.CompiledPath - Evaluating path: $
21:06:06.331 [pool-2-thread-4] INFO com.intuit.karate - << lock released, cached callonce: read('TokenTwoWay.feature')
21:06:06.340 [pool-2-thread-4] DEBUG com.jayway.jsonpath.internal.path.CompiledPath - Evaluating path: $
21:06:06.341 [pool-2-thread-3] DEBUG com.jayway.jsonpath.internal.path.CompiledPath - Evaluating path: $
21:06:06.341 [pool-2-thread-4] INFO com.intuit.karate - [print] eyJhbGciOiJIUzUxMiJ9.eyJpc3MiOiJDb25uZWN0ZWQgU29sdXRpb25zIiwiZXhwIjoxNjMxNzE2NjAwLCJqdGkiOiIwQzdGRkI4RS1CRTlELTRCNTEtOEQ2MS1DQTEwQkY0NTAzQzQifQ.yFt02SzWCF0E47cq1Oug1tm767-L1wmWV0K3WaCKbTkbzN2y0QsucU8Cb9c6Z4WmEZh4x0jper3xbX9ImMWi9w
21:06:06.341 [pool-2-thread-3] INFO com.intuit.karate - [print] eyJhbGciOiJIUzUxMiJ9.eyJpc3MiOiJDb25uZWN0ZWQgU29sdXRpb25zIiwiZXhwIjoxNjMxNzE2MTgzLCJqdGkiOiI1LVVVdlFzVGtmSSJ9.erDSc-omH9mTT8IE1Ja3vjLmO0t8HiMqg6xG0Z00LFpSUHQzhf9Sc6ynuDPCcPK0U8rrwHF9zVPQibHhV-uOTw
21:06:06.347 [pool-2-thread-3] INFO com.intuit.karate - [print] data
21:06:06.358 [pool-2-thread-4] DEBUG com.jayway.jsonpath.internal.path.CompiledPath - Evaluating path: $
21:06:06.360 [pool-2-thread-4] DEBUG org.apache.http.client.protocol.RequestAddCookies - CookieSpec selected: karate
21:06:06.360 [pool-2-thread-4] DEBUG org.apache.http.client.protocol.RequestAuthCache - Auth cache not set in the context
21:06:06.361 [pool-2-thread-4] DEBUG com.intuit.karate - request:
1 > POST https://restdev1.tracking.thermoking.com/connected-solutions/updateSetPoint/?vehicles=Test+Vehicle+1&zone=1&setpoint=2
1 > Accept-Encoding: gzip,deflate
1 > Connection: Keep-Alive
1 > Content-Length: 68
1 > Content-Type: application/json; charset=UTF-8
1 > Host: restdev1.tracking.thermoking.com
1 > User-Agent: Apache-HttpClient/4.5.11 (Java/1.8.0_121)
1 > X-External-ID: 0C7FFB8E-BE9D-4B51-8D61-CA10BF4503C4
1 > X-OAUTH2-Token: eyJhbGciOiJIUzUxMiJ9.eyJpc3MiOiJDb25uZWN0ZWQgU29sdXRpb25zIiwiZXhwIjoxNjMxNzE2NjAwLCJqdGkiOiIwQzdGRkI4RS1CRTlELTRCNTEtOEQ2MS1DQTEwQkY0NTAzQzQifQ.yFt02SzWCF0E47cq1Oug1tm767-L1wmWV0K3WaCKbTkbzN2y0QsucU8Cb9c6Z4WmEZh4x0jper3xbX9ImMWi9w
{"userName":"webservice.user214@MISSING.COM","password":"Pass@1234"}

21:06:06.361 [pool-2-thread-4] DEBUG org.apache.http.impl.conn.PoolingHttpClientConnectionManager - Connection request: [route: {s}->https://restdev1.tracking.thermoking.com:443][total available: 0; route allocated: 0 of 5; total allocated: 0 of 10]
21:06:06.361 [pool-2-thread-4] DEBUG org.apache.http.impl.conn.PoolingHttpClientConnectionManager - Connection leased: [id: 3][route: {s}->https://restdev1.tracking.thermoking.com:443][total available: 0; route allocated: 1 of 5; total allocated: 1 of 10]
21:06:06.361 [pool-2-thread-4] DEBUG org.apache.http.impl.execchain.MainClientExec - Opening connection {s}->https://restdev1.tracking.thermoking.com:443
21:06:06.363 [pool-2-thread-4] DEBUG org.apache.http.impl.conn.DefaultHttpClientConnectionOperator - Connecting to restdev1.tracking.thermoking.com/34.199.242.204:443
21:06:06.363 [pool-2-thread-4] DEBUG org.apache.http.conn.ssl.LenientSslConnectionSocketFactory - Connecting socket to restdev1.tracking.thermoking.com/34.199.242.204:443 with timeout 30000
21:06:06.365 [pool-2-thread-3] WARN com.intuit.karate - skipping bootstrap configuration: could not find or read file: classpath:karate-config.js
21:06:06.368 [pool-2-thread-2] DEBUG org.apache.http.wire - http-outgoing-1 << "HTTP/1.1 200 OK[\r][\n]"
21:06:06.368 [pool-2-thread-2] DEBUG org.apache.http.wire - http-outgoing-1 << "Date: Mon, 13 Sep 2021 15:36:06 GMT[\r][\n]"
21:06:06.368 [pool-2-thread-2] DEBUG org.apache.http.wire - http-outgoing-1 << "Content-Type: text/xml;charset=UTF-8[\r][\n]"
21:06:06.369 [pool-2-thread-2] DEBUG org.apache.http.wire - http-outgoing-1 << "Content-Length: 486[\r][\n]"
21:06:06.369 [pool-2-thread-2] DEBUG org.apache.http.wire - http-outgoing-1 << "Connection: keep-alive[\r][\n]"
21:06:06.369 [pool-2-thread-2] DEBUG org.apache.http.wire - http-outgoing-1 << "Set-Cookie: AWSALBTG=4oEO8j3KkXkHOJ42HnYlpal2KMNxgqMDvbfqs0vah+HdxuiBAfSlRK14KIxyo76xuzv/XZWOi9JmdDvztlwdQah35+STGjLmk4RolRM+IK/cRcEWYnRxzvXY0n6xY4t9tR2VkdZ0B49O+468LtX1XCjSZcgM9q1VJyQbztlM940M; Expires=Mon, 20 Sep 2021 15:36:05 GMT; Path=/[\r][\n]"
21:06:06.369 [pool-2-thread-2] DEBUG org.apache.http.wire - http-outgoing-1 << "Set-Cookie: AWSALBTGCORS=4oEO8j3KkXkHOJ42HnYlpal2KMNxgqMDvbfqs0vah+HdxuiBAfSlRK14KIxyo76xuzv/XZWOi9JmdDvztlwdQah35+STGjLmk4RolRM+IK/cRcEWYnRxzvXY0n6xY4t9tR2VkdZ0B49O+468LtX1XCjSZcgM9q1VJyQbztlM940M; Expires=Mon, 20 Sep 2021 15:36:05 GMT; Path=/; SameSite=None; Secure[\r][\n]"
21:06:06.369 [pool-2-thread-2] DEBUG org.apache.http.wire - http-outgoing-1 << "Expires: 0[\r][\n]"
21:06:06.369 [pool-2-thread-2] DEBUG org.apache.http.wire - http-outgoing-1 << "Cache-Control: no-cache, no-store, must-revalidate[\r][\n]"
21:06:06.369 [pool-2-thread-2] DEBUG org.apache.http.wire - http-outgoing-1 << "X-Powered-By: Undertow/1[\r][\n]"
21:06:06.369 [pool-2-thread-2] DEBUG org.apache.http.wire - http-outgoing-1 << "Server: WildFly/10[\r][\n]"
21:06:06.369 [pool-2-thread-2] DEBUG org.apache.http.wire - http-outgoing-1 << "Pragma: no-cache[\r][\n]"
21:06:06.369 [pool-2-thread-2] DEBUG org.apache.http.wire - http-outgoing-1 << "[\r][\n]"
21:06:06.370 [pool-2-thread-2] DEBUG org.apache.http.wire - http-outgoing-1 << "<soap:Envelope xmlns:soap="http://schemas.xmlsoap.org/soap/envelope/"><SOAP-ENV:Header xmlns:SOAP-ENV="http://schemas.xmlsoap.org/soap/envelope/"/><soap:Body><ns2:updateSetPointResponse xmlns:ns2="http://service.jbossws.webservices.celtrak.com/"><requestReference><customerId>4560BD5E-BD7B-42B0-8DCB-627EB8454C72</customerId><requestIdentifier>q3468077</requestIdentifier><vehicleId>Bluebox India 2</vehicleId></requestReference></ns2:updateSetPointResponse></soap:Body></soap:Envelope>"
21:06:06.370 [pool-2-thread-2] DEBUG org.apache.http.headers - http-outgoing-1 << HTTP/1.1 200 OK
21:06:06.370 [pool-2-thread-2] DEBUG org.apache.http.headers - http-outgoing-1 << Date: Mon, 13 Sep 2021 15:36:06 GMT
21:06:06.370 [pool-2-thread-2] DEBUG org.apache.http.headers - http-outgoing-1 << Content-Type: text/xml;charset=UTF-8
21:06:06.370 [pool-2-thread-2] DEBUG org.apache.http.headers - http-outgoing-1 << Content-Length: 486
21:06:06.370 [pool-2-thread-2] DEBUG org.apache.http.headers - http-outgoing-1 << Connection: keep-alive
21:06:06.370 [pool-2-thread-2] DEBUG org.apache.http.headers - http-outgoing-1 << Set-Cookie: AWSALBTG=4oEO8j3KkXkHOJ42HnYlpal2KMNxgqMDvbfqs0vah+HdxuiBAfSlRK14KIxyo76xuzv/XZWOi9JmdDvztlwdQah35+STGjLmk4RolRM+IK/cRcEWYnRxzvXY0n6xY4t9tR2VkdZ0B49O+468LtX1XCjSZcgM9q1VJyQbztlM940M; Expires=Mon, 20 Sep 2021 15:36:05 GMT; Path=/
21:06:06.370 [pool-2-thread-2] DEBUG org.apache.http.headers - http-outgoing-1 << Set-Cookie: AWSALBTGCORS=4oEO8j3KkXkHOJ42HnYlpal2KMNxgqMDvbfqs0vah+HdxuiBAfSlRK14KIxyo76xuzv/XZWOi9JmdDvztlwdQah35+STGjLmk4RolRM+IK/cRcEWYnRxzvXY0n6xY4t9tR2VkdZ0B49O+468LtX1XCjSZcgM9q1VJyQbztlM940M; Expires=Mon, 20 Sep 2021 15:36:05 GMT; Path=/; SameSite=None; Secure
21:06:06.370 [pool-2-thread-2] DEBUG org.apache.http.headers - http-outgoing-1 << Expires: 0
21:06:06.371 [pool-2-thread-2] DEBUG org.apache.http.headers - http-outgoing-1 << Cache-Control: no-cache, no-store, must-revalidate
21:06:06.371 [pool-2-thread-2] DEBUG org.apache.http.headers - http-outgoing-1 << X-Powered-By: Undertow/1
21:06:06.371 [pool-2-thread-2] DEBUG org.apache.http.headers - http-outgoing-1 << Server: WildFly/10
21:06:06.371 [pool-2-thread-3] DEBUG com.jayway.jsonpath.internal.path.CompiledPath - Evaluating path: $
21:06:06.371 [pool-2-thread-2] DEBUG org.apache.http.headers - http-outgoing-1 << Pragma: no-cache
21:06:06.372 [pool-2-thread-2] DEBUG org.apache.http.impl.execchain.MainClientExec - Connection can be kept alive indefinitely
21:06:06.374 [pool-2-thread-2] DEBUG org.apache.http.client.protocol.ResponseProcessCookies - Cookie accepted [AWSALBTG="4oEO8j3KkXkHOJ42HnYlpal2KMNxgqMDvbfqs0vah+HdxuiBAfSlRK14KIxyo76xuzv/XZWOi9JmdDvztlwdQah35+STGjLmk4Ro...", version:0, domain:soap.tracking.thermoking.com, path:/, expiry:Mon Sep 20 21:06:05 IST 2021]
21:06:06.375 [pool-2-thread-2] DEBUG org.apache.http.client.protocol.ResponseProcessCookies - Cookie accepted [AWSALBTGCORS="4oEO8j3KkXkHOJ42HnYlpal2KMNxgqMDvbfqs0vah+HdxuiBAfSlRK14KIxyo76xuzv/XZWOi9JmdDvztlwdQah35+STGjLmk4Ro...", version:0, domain:soap.tracking.thermoking.com, path:/, expiry:Mon Sep 20 21:06:05 IST 2021]
21:06:06.375 [pool-2-thread-2] DEBUG org.apache.http.impl.conn.PoolingHttpClientConnectionManager - Connection [id: 1][route: {s}->https://soap.tracking.thermoking.com:443] can be kept alive indefinitely
21:06:06.376 [pool-2-thread-2] DEBUG org.apache.http.impl.conn.DefaultManagedHttpClientConnection - http-outgoing-1: set socket timeout to 0
21:06:06.376 [pool-2-thread-2] DEBUG org.apache.http.impl.conn.PoolingHttpClientConnectionManager - Connection released: [id: 1][route: {s}->https://soap.tracking.thermoking.com:443][total available: 1; route allocated: 1 of 5; total allocated: 1 of 10]
21:06:06.376 [pool-2-thread-2] DEBUG com.intuit.karate - response time in milliseconds: 2676.70
1 < 200
1 < Cache-Control: no-cache, no-store, must-revalidate
1 < Connection: keep-alive
1 < Content-Length: 486
1 < Content-Type: text/xml;charset=UTF-8
1 < Date: Mon, 13 Sep 2021 15:36:06 GMT
1 < Expires: 0
1 < Pragma: no-cache
1 < Server: WildFly/10
1 < Set-Cookie: [AWSALBTG=4oEO8j3KkXkHOJ42HnYlpal2KMNxgqMDvbfqs0vah+HdxuiBAfSlRK14KIxyo76xuzv/XZWOi9JmdDvztlwdQah35+STGjLmk4RolRM+IK/cRcEWYnRxzvXY0n6xY4t9tR2VkdZ0B49O+468LtX1XCjSZcgM9q1VJyQbztlM940M; Expires=Mon, 20 Sep 2021 15:36:05 GMT; Path=/, AWSALBTGCORS=4oEO8j3KkXkHOJ42HnYlpal2KMNxgqMDvbfqs0vah+HdxuiBAfSlRK14KIxyo76xuzv/XZWOi9JmdDvztlwdQah35+STGjLmk4RolRM+IK/cRcEWYnRxzvXY0n6xY4t9tR2VkdZ0B49O+468LtX1XCjSZcgM9q1VJyQbztlM940M; Expires=Mon, 20 Sep 2021 15:36:05 GMT; Path=/; SameSite=None; Secure]
1 < X-Powered-By: Undertow/1
<soap:Envelope xmlns:soap="http://schemas.xmlsoap.org/soap/envelope/"><SOAP-ENV:Header xmlns:SOAP-ENV="http://schemas.xmlsoap.org/soap/envelope/"/><soap:Body><ns2:updateSetPointResponse xmlns:ns2="http://service.jbossws.webservices.celtrak.com/"><requestReference><customerId>4560BD5E-BD7B-42B0-8DCB-627EB8454C72</customerId><requestIdentifier>q3468077</requestIdentifier><vehicleId>Bluebox India 2</vehicleId></requestReference></ns2:updateSetPointResponse></soap:Body></soap:Envelope>

21:06:06.376 [pool-2-thread-3] INFO com.intuit.karate - [print] eyJhbGciOiJIUzUxMiJ9.eyJpc3MiOiJDb25uZWN0ZWQgU29sdXRpb25zIiwiZXhwIjoxNjMxNzE2MTgzLCJqdGkiOiI1LVVVdlFzVGtmSSJ9.erDSc-omH9mTT8IE1Ja3vjLmO0t8HiMqg6xG0Z00LFpSUHQzhf9Sc6ynuDPCcPK0U8rrwHF9zVPQibHhV-uOTw
21:06:06.377 [pool-2-thread-3] INFO com.intuit.karate - [print] eyJhbGciOiJIUzUxMiJ9.eyJpc3MiOiJDb25uZWN0ZWQgU29sdXRpb25zIiwiZXhwIjoxNjMxNzE2MTgzLCJqdGkiOiI1LVVVdlFzVGtmSSJ9.erDSc-omH9mTT8IE1Ja3vjLmO0t8HiMqg6xG0Z00LFpSUHQzhf9Sc6ynuDPCcPK0U8rrwHF9zVPQibHhV-uOTw
21:06:06.383 [pool-2-thread-2] INFO com.intuit.karate - [print] <soap:Envelope xmlns:soap="http://schemas.xmlsoap.org/soap/envelope/">
  <SOAP-ENV:Header xmlns:SOAP-ENV="http://schemas.xmlsoap.org/soap/envelope/"/>
  <soap:Body>
    <ns2:updateSetPointResponse xmlns:ns2="http://service.jbossws.webservices.celtrak.com/">
      <requestReference>
        <customerId>4560BD5E-BD7B-42B0-8DCB-627EB8454C72</customerId>
        <requestIdentifier>q3468077</requestIdentifier>
        <vehicleId>Bluebox India 2</vehicleId>
      </requestReference>
    </ns2:updateSetPointResponse>
  </soap:Body>
</soap:Envelope>

21:06:06.455 [pool-2-thread-3] INFO com.intuit.karate - [print] 
21:06:06.466 [pool-2-thread-3] DEBUG com.jayway.jsonpath.internal.path.CompiledPath - Evaluating path: $
21:06:06.467 [pool-2-thread-3] DEBUG com.jayway.jsonpath.internal.path.CompiledPath - Evaluating path: $
21:06:06.468 [pool-2-thread-3] DEBUG com.jayway.jsonpath.internal.path.CompiledPath - Evaluating path: $
21:06:06.474 [pool-2-thread-3] DEBUG org.apache.http.client.protocol.RequestAddCookies - CookieSpec selected: karate
21:06:06.474 [pool-2-thread-3] DEBUG org.apache.http.client.protocol.RequestAuthCache - Auth cache not set in the context
21:06:06.474 [pool-2-thread-3] DEBUG com.intuit.karate - request:
1 > POST https://restdev1.tracking.thermoking.com/connected-solutions/GetCarrierVehicleList/?externalCarrierId=52D0B083-E9B7-47F6-9BAA-D22951DD1E50
1 > Accept-Encoding: gzip,deflate
1 > Connection: Keep-Alive
1 > Content-Length: 72
1 > Content-Type: application/json; charset=UTF-8
1 > Host: restdev1.tracking.thermoking.com
1 > User-Agent: Apache-HttpClient/4.5.11 (Java/1.8.0_121)
1 > X-External-ID: 5-UUvQsTkfI
1 > X-OAUTH2-Token: eyJhbGciOiJIUzUxMiJ9.eyJpc3MiOiJDb25uZWN0ZWQgU29sdXRpb25zIiwiZXhwIjoxNjMxNzE2MTgzLCJqdGkiOiI1LVVVdlFzVGtmSSJ9.erDSc-omH9mTT8IE1Ja3vjLmO0t8HiMqg6xG0Z00LFpSUHQzhf9Sc6ynuDPCcPK0U8rrwHF9zVPQibHhV-uOTw
{"userName":"webservice.usertp01@demosystem.com","password":"Pass@1234"}

21:06:06.475 [pool-2-thread-3] DEBUG org.apache.http.impl.conn.PoolingHttpClientConnectionManager - Connection request: [route: {s}->https://restdev1.tracking.thermoking.com:443][total available: 0; route allocated: 0 of 5; total allocated: 0 of 10]
21:06:06.475 [pool-2-thread-3] DEBUG org.apache.http.impl.conn.PoolingHttpClientConnectionManager - Connection leased: [id: 4][route: {s}->https://restdev1.tracking.thermoking.com:443][total available: 0; route allocated: 1 of 5; total allocated: 1 of 10]
21:06:06.475 [pool-2-thread-3] DEBUG org.apache.http.impl.execchain.MainClientExec - Opening connection {s}->https://restdev1.tracking.thermoking.com:443
21:06:06.476 [pool-2-thread-3] DEBUG org.apache.http.impl.conn.DefaultHttpClientConnectionOperator - Connecting to restdev1.tracking.thermoking.com/34.199.242.204:443
21:06:06.476 [pool-2-thread-3] DEBUG org.apache.http.conn.ssl.LenientSslConnectionSocketFactory - Connecting socket to restdev1.tracking.thermoking.com/34.199.242.204:443 with timeout 30000
21:06:06.535 [pool-2-thread-2] INFO com.intuit.karate - [print] q3468077
21:06:06.538 [pool-2-thread-2] DEBUG com.jayway.jsonpath.internal.path.CompiledPath - Evaluating path: $
21:06:06.543 [pool-2-thread-2] DEBUG com.jayway.jsonpath.internal.path.CompiledPath - Evaluating path: $['requestIdentifier']
21:06:06.543 [pool-2-thread-2] DEBUG com.jayway.jsonpath.internal.JsonContext - Set path $['requestIdentifier'] new value q3468077
21:06:06.564 [pool-2-thread-2] DEBUG com.jayway.jsonpath.internal.path.CompiledPath - Evaluating path: $
21:06:06.585 [pool-2-thread-2] INFO com.intuit.karate - scenario called at line: 21 by tag: @requestStatus
21:06:06.594 [pool-2-thread-2] DEBUG com.jayway.jsonpath.internal.path.CompiledPath - Evaluating path: $
21:06:06.595 [pool-2-thread-2] DEBUG com.jayway.jsonpath.internal.path.CompiledPath - Evaluating path: $
21:06:06.599 [pool-2-thread-2] DEBUG com.jayway.jsonpath.internal.path.CompiledPath - Evaluating path: $
21:06:06.654 [pool-2-thread-4] DEBUG org.apache.http.conn.ssl.LenientSslConnectionSocketFactory - Enabled protocols: [TLSv1, TLSv1.1, TLSv1.2]
21:06:06.655 [pool-2-thread-4] DEBUG org.apache.http.conn.ssl.LenientSslConnectionSocketFactory - Enabled cipher suites:[TLS_ECDHE_ECDSA_WITH_AES_128_CBC_SHA256, TLS_ECDHE_RSA_WITH_AES_128_CBC_SHA256, TLS_RSA_WITH_AES_128_CBC_SHA256, TLS_ECDH_ECDSA_WITH_AES_128_CBC_SHA256, TLS_ECDH_RSA_WITH_AES_128_CBC_SHA256, TLS_DHE_RSA_WITH_AES_128_CBC_SHA256, TLS_DHE_DSS_WITH_AES_128_CBC_SHA256, TLS_ECDHE_ECDSA_WITH_AES_128_CBC_SHA, TLS_ECDHE_RSA_WITH_AES_128_CBC_SHA, TLS_RSA_WITH_AES_128_CBC_SHA, TLS_ECDH_ECDSA_WITH_AES_128_CBC_SHA, TLS_ECDH_RSA_WITH_AES_128_CBC_SHA, TLS_DHE_RSA_WITH_AES_128_CBC_SHA, TLS_DHE_DSS_WITH_AES_128_CBC_SHA, TLS_ECDHE_ECDSA_WITH_AES_128_GCM_SHA256, TLS_ECDHE_RSA_WITH_AES_128_GCM_SHA256, TLS_RSA_WITH_AES_128_GCM_SHA256, TLS_ECDH_ECDSA_WITH_AES_128_GCM_SHA256, TLS_ECDH_RSA_WITH_AES_128_GCM_SHA256, TLS_DHE_RSA_WITH_AES_128_GCM_SHA256, TLS_DHE_DSS_WITH_AES_128_GCM_SHA256, TLS_EMPTY_RENEGOTIATION_INFO_SCSV]
21:06:06.655 [pool-2-thread-4] DEBUG org.apache.http.conn.ssl.LenientSslConnectionSocketFactory - Starting handshake
21:06:06.761 [pool-2-thread-3] DEBUG org.apache.http.conn.ssl.LenientSslConnectionSocketFactory - Enabled protocols: [TLSv1, TLSv1.1, TLSv1.2]
21:06:06.761 [pool-2-thread-3] DEBUG org.apache.http.conn.ssl.LenientSslConnectionSocketFactory - Enabled cipher suites:[TLS_ECDHE_ECDSA_WITH_AES_128_CBC_SHA256, TLS_ECDHE_RSA_WITH_AES_128_CBC_SHA256, TLS_RSA_WITH_AES_128_CBC_SHA256, TLS_ECDH_ECDSA_WITH_AES_128_CBC_SHA256, TLS_ECDH_RSA_WITH_AES_128_CBC_SHA256, TLS_DHE_RSA_WITH_AES_128_CBC_SHA256, TLS_DHE_DSS_WITH_AES_128_CBC_SHA256, TLS_ECDHE_ECDSA_WITH_AES_128_CBC_SHA, TLS_ECDHE_RSA_WITH_AES_128_CBC_SHA, TLS_RSA_WITH_AES_128_CBC_SHA, TLS_ECDH_ECDSA_WITH_AES_128_CBC_SHA, TLS_ECDH_RSA_WITH_AES_128_CBC_SHA, TLS_DHE_RSA_WITH_AES_128_CBC_SHA, TLS_DHE_DSS_WITH_AES_128_CBC_SHA, TLS_ECDHE_ECDSA_WITH_AES_128_GCM_SHA256, TLS_ECDHE_RSA_WITH_AES_128_GCM_SHA256, TLS_RSA_WITH_AES_128_GCM_SHA256, TLS_ECDH_ECDSA_WITH_AES_128_GCM_SHA256, TLS_ECDH_RSA_WITH_AES_128_GCM_SHA256, TLS_DHE_RSA_WITH_AES_128_GCM_SHA256, TLS_DHE_DSS_WITH_AES_128_GCM_SHA256, TLS_EMPTY_RENEGOTIATION_INFO_SCSV]
21:06:06.761 [pool-2-thread-3] DEBUG org.apache.http.conn.ssl.LenientSslConnectionSocketFactory - Starting handshake
21:06:07.302 [pool-2-thread-4] DEBUG org.apache.http.conn.ssl.LenientSslConnectionSocketFactory - Secure session established
21:06:07.302 [pool-2-thread-4] DEBUG org.apache.http.conn.ssl.LenientSslConnectionSocketFactory -  negotiated protocol: TLSv1.2
21:06:07.302 [pool-2-thread-4] DEBUG org.apache.http.conn.ssl.LenientSslConnectionSocketFactory -  negotiated cipher suite: TLS_ECDHE_RSA_WITH_AES_128_GCM_SHA256
21:06:07.302 [pool-2-thread-4] DEBUG org.apache.http.conn.ssl.LenientSslConnectionSocketFactory -  peer principal: CN=*.tracking.thermoking.com
21:06:07.303 [pool-2-thread-4] DEBUG org.apache.http.conn.ssl.LenientSslConnectionSocketFactory -  peer alternative names: [*.tracking.thermoking.com]
21:06:07.304 [pool-2-thread-4] DEBUG org.apache.http.conn.ssl.LenientSslConnectionSocketFactory -  issuer principal: CN=Amazon, OU=Server CA 1B, O=Amazon, C=US
21:06:07.304 [pool-2-thread-4] DEBUG org.apache.http.impl.conn.DefaultHttpClientConnectionOperator - Connection established 10.200.54.16:54204<->34.199.242.204:443
21:06:07.304 [pool-2-thread-4] DEBUG org.apache.http.impl.conn.DefaultManagedHttpClientConnection - http-outgoing-3: set socket timeout to 30000
21:06:07.304 [pool-2-thread-4] DEBUG org.apache.http.impl.execchain.MainClientExec - Executing request POST /connected-solutions/updateSetPoint/?vehicles=Test+Vehicle+1&zone=1&setpoint=2 HTTP/1.1
21:06:07.304 [pool-2-thread-4] DEBUG org.apache.http.impl.execchain.MainClientExec - Target auth state: UNCHALLENGED
21:06:07.305 [pool-2-thread-4] DEBUG org.apache.http.impl.execchain.MainClientExec - Proxy auth state: UNCHALLENGED
21:06:07.306 [pool-2-thread-4] DEBUG org.apache.http.headers - http-outgoing-3 >> POST /connected-solutions/updateSetPoint/?vehicles=Test+Vehicle+1&zone=1&setpoint=2 HTTP/1.1
21:06:07.307 [pool-2-thread-4] DEBUG org.apache.http.headers - http-outgoing-3 >> X-OAUTH2-Token: eyJhbGciOiJIUzUxMiJ9.eyJpc3MiOiJDb25uZWN0ZWQgU29sdXRpb25zIiwiZXhwIjoxNjMxNzE2NjAwLCJqdGkiOiIwQzdGRkI4RS1CRTlELTRCNTEtOEQ2MS1DQTEwQkY0NTAzQzQifQ.yFt02SzWCF0E47cq1Oug1tm767-L1wmWV0K3WaCKbTkbzN2y0QsucU8Cb9c6Z4WmEZh4x0jper3xbX9ImMWi9w
21:06:07.307 [pool-2-thread-4] DEBUG org.apache.http.headers - http-outgoing-3 >> X-External-ID: 0C7FFB8E-BE9D-4B51-8D61-CA10BF4503C4
21:06:07.307 [pool-2-thread-4] DEBUG org.apache.http.headers - http-outgoing-3 >> Content-Type: application/json; charset=UTF-8
21:06:07.307 [pool-2-thread-4] DEBUG org.apache.http.headers - http-outgoing-3 >> Content-Length: 68
21:06:07.308 [pool-2-thread-4] DEBUG org.apache.http.headers - http-outgoing-3 >> Host: restdev1.tracking.thermoking.com
21:06:07.308 [pool-2-thread-4] DEBUG org.apache.http.headers - http-outgoing-3 >> Connection: Keep-Alive
21:06:07.308 [pool-2-thread-4] DEBUG org.apache.http.headers - http-outgoing-3 >> User-Agent: Apache-HttpClient/4.5.11 (Java/1.8.0_121)
21:06:07.308 [pool-2-thread-4] DEBUG org.apache.http.headers - http-outgoing-3 >> Accept-Encoding: gzip,deflate
21:06:07.309 [pool-2-thread-4] DEBUG org.apache.http.wire - http-outgoing-3 >> "POST /connected-solutions/updateSetPoint/?vehicles=Test+Vehicle+1&zone=1&setpoint=2 HTTP/1.1[\r][\n]"
21:06:07.309 [pool-2-thread-4] DEBUG org.apache.http.wire - http-outgoing-3 >> "X-OAUTH2-Token: eyJhbGciOiJIUzUxMiJ9.eyJpc3MiOiJDb25uZWN0ZWQgU29sdXRpb25zIiwiZXhwIjoxNjMxNzE2NjAwLCJqdGkiOiIwQzdGRkI4RS1CRTlELTRCNTEtOEQ2MS1DQTEwQkY0NTAzQzQifQ.yFt02SzWCF0E47cq1Oug1tm767-L1wmWV0K3WaCKbTkbzN2y0QsucU8Cb9c6Z4WmEZh4x0jper3xbX9ImMWi9w[\r][\n]"
21:06:07.309 [pool-2-thread-4] DEBUG org.apache.http.wire - http-outgoing-3 >> "X-External-ID: 0C7FFB8E-BE9D-4B51-8D61-CA10BF4503C4[\r][\n]"
21:06:07.309 [pool-2-thread-4] DEBUG org.apache.http.wire - http-outgoing-3 >> "Content-Type: application/json; charset=UTF-8[\r][\n]"
21:06:07.309 [pool-2-thread-4] DEBUG org.apache.http.wire - http-outgoing-3 >> "Content-Length: 68[\r][\n]"
21:06:07.309 [pool-2-thread-4] DEBUG org.apache.http.wire - http-outgoing-3 >> "Host: restdev1.tracking.thermoking.com[\r][\n]"
21:06:07.310 [pool-2-thread-4] DEBUG org.apache.http.wire - http-outgoing-3 >> "Connection: Keep-Alive[\r][\n]"
21:06:07.311 [pool-2-thread-4] DEBUG org.apache.http.wire - http-outgoing-3 >> "User-Agent: Apache-HttpClient/4.5.11 (Java/1.8.0_121)[\r][\n]"
21:06:07.311 [pool-2-thread-4] DEBUG org.apache.http.wire - http-outgoing-3 >> "Accept-Encoding: gzip,deflate[\r][\n]"
21:06:07.311 [pool-2-thread-4] DEBUG org.apache.http.wire - http-outgoing-3 >> "[\r][\n]"
21:06:07.311 [pool-2-thread-4] DEBUG org.apache.http.wire - http-outgoing-3 >> "{"userName":"webservice.user214@MISSING.COM","password":"Pass@1234"}"
21:06:07.421 [pool-2-thread-3] DEBUG org.apache.http.conn.ssl.LenientSslConnectionSocketFactory - Secure session established
21:06:07.421 [pool-2-thread-3] DEBUG org.apache.http.conn.ssl.LenientSslConnectionSocketFactory -  negotiated protocol: TLSv1.2
21:06:07.422 [pool-2-thread-3] DEBUG org.apache.http.conn.ssl.LenientSslConnectionSocketFactory -  negotiated cipher suite: TLS_ECDHE_RSA_WITH_AES_128_GCM_SHA256
21:06:07.422 [pool-2-thread-3] DEBUG org.apache.http.conn.ssl.LenientSslConnectionSocketFactory -  peer principal: CN=*.tracking.thermoking.com
21:06:07.422 [pool-2-thread-3] DEBUG org.apache.http.conn.ssl.LenientSslConnectionSocketFactory -  peer alternative names: [*.tracking.thermoking.com]
21:06:07.422 [pool-2-thread-3] DEBUG org.apache.http.conn.ssl.LenientSslConnectionSocketFactory -  issuer principal: CN=Amazon, OU=Server CA 1B, O=Amazon, C=US
21:06:07.423 [pool-2-thread-3] DEBUG org.apache.http.impl.conn.DefaultHttpClientConnectionOperator - Connection established 10.200.54.16:54205<->34.199.242.204:443
21:06:07.423 [pool-2-thread-3] DEBUG org.apache.http.impl.conn.DefaultManagedHttpClientConnection - http-outgoing-4: set socket timeout to 30000
21:06:07.423 [pool-2-thread-3] DEBUG org.apache.http.impl.execchain.MainClientExec - Executing request POST /connected-solutions/GetCarrierVehicleList/?externalCarrierId=52D0B083-E9B7-47F6-9BAA-D22951DD1E50 HTTP/1.1
21:06:07.423 [pool-2-thread-3] DEBUG org.apache.http.impl.execchain.MainClientExec - Target auth state: UNCHALLENGED
21:06:07.423 [pool-2-thread-3] DEBUG org.apache.http.impl.execchain.MainClientExec - Proxy auth state: UNCHALLENGED
21:06:07.424 [pool-2-thread-3] DEBUG org.apache.http.headers - http-outgoing-4 >> POST /connected-solutions/GetCarrierVehicleList/?externalCarrierId=52D0B083-E9B7-47F6-9BAA-D22951DD1E50 HTTP/1.1
21:06:07.424 [pool-2-thread-3] DEBUG org.apache.http.headers - http-outgoing-4 >> X-OAUTH2-Token: eyJhbGciOiJIUzUxMiJ9.eyJpc3MiOiJDb25uZWN0ZWQgU29sdXRpb25zIiwiZXhwIjoxNjMxNzE2MTgzLCJqdGkiOiI1LVVVdlFzVGtmSSJ9.erDSc-omH9mTT8IE1Ja3vjLmO0t8HiMqg6xG0Z00LFpSUHQzhf9Sc6ynuDPCcPK0U8rrwHF9zVPQibHhV-uOTw
21:06:07.424 [pool-2-thread-3] DEBUG org.apache.http.headers - http-outgoing-4 >> X-External-ID: 5-UUvQsTkfI
21:06:07.424 [pool-2-thread-3] DEBUG org.apache.http.headers - http-outgoing-4 >> Content-Type: application/json; charset=UTF-8
21:06:07.425 [pool-2-thread-3] DEBUG org.apache.http.headers - http-outgoing-4 >> Content-Length: 72
21:06:07.425 [pool-2-thread-3] DEBUG org.apache.http.headers - http-outgoing-4 >> Host: restdev1.tracking.thermoking.com
21:06:07.425 [pool-2-thread-3] DEBUG org.apache.http.headers - http-outgoing-4 >> Connection: Keep-Alive
21:06:07.425 [pool-2-thread-3] DEBUG org.apache.http.headers - http-outgoing-4 >> User-Agent: Apache-HttpClient/4.5.11 (Java/1.8.0_121)
21:06:07.425 [pool-2-thread-3] DEBUG org.apache.http.headers - http-outgoing-4 >> Accept-Encoding: gzip,deflate
21:06:07.425 [pool-2-thread-3] DEBUG org.apache.http.wire - http-outgoing-4 >> "POST /connected-solutions/GetCarrierVehicleList/?externalCarrierId=52D0B083-E9B7-47F6-9BAA-D22951DD1E50 HTTP/1.1[\r][\n]"
21:06:07.425 [pool-2-thread-3] DEBUG org.apache.http.wire - http-outgoing-4 >> "X-OAUTH2-Token: eyJhbGciOiJIUzUxMiJ9.eyJpc3MiOiJDb25uZWN0ZWQgU29sdXRpb25zIiwiZXhwIjoxNjMxNzE2MTgzLCJqdGkiOiI1LVVVdlFzVGtmSSJ9.erDSc-omH9mTT8IE1Ja3vjLmO0t8HiMqg6xG0Z00LFpSUHQzhf9Sc6ynuDPCcPK0U8rrwHF9zVPQibHhV-uOTw[\r][\n]"
21:06:07.425 [pool-2-thread-3] DEBUG org.apache.http.wire - http-outgoing-4 >> "X-External-ID: 5-UUvQsTkfI[\r][\n]"
21:06:07.425 [pool-2-thread-3] DEBUG org.apache.http.wire - http-outgoing-4 >> "Content-Type: application/json; charset=UTF-8[\r][\n]"
21:06:07.425 [pool-2-thread-3] DEBUG org.apache.http.wire - http-outgoing-4 >> "Content-Length: 72[\r][\n]"
21:06:07.426 [pool-2-thread-3] DEBUG org.apache.http.wire - http-outgoing-4 >> "Host: restdev1.tracking.thermoking.com[\r][\n]"
21:06:07.426 [pool-2-thread-3] DEBUG org.apache.http.wire - http-outgoing-4 >> "Connection: Keep-Alive[\r][\n]"
21:06:07.426 [pool-2-thread-3] DEBUG org.apache.http.wire - http-outgoing-4 >> "User-Agent: Apache-HttpClient/4.5.11 (Java/1.8.0_121)[\r][\n]"
21:06:07.426 [pool-2-thread-3] DEBUG org.apache.http.wire - http-outgoing-4 >> "Accept-Encoding: gzip,deflate[\r][\n]"
21:06:07.426 [pool-2-thread-3] DEBUG org.apache.http.wire - http-outgoing-4 >> "[\r][\n]"
21:06:07.426 [pool-2-thread-3] DEBUG org.apache.http.wire - http-outgoing-4 >> "{"userName":"webservice.usertp01@demosystem.com","password":"Pass@1234"}"
21:06:07.762 [pool-2-thread-3] DEBUG org.apache.http.wire - http-outgoing-4 << "HTTP/1.1 401 [\r][\n]"
21:06:07.763 [pool-2-thread-3] DEBUG org.apache.http.wire - http-outgoing-4 << "Date: Mon, 13 Sep 2021 15:36:07 GMT[\r][\n]"
21:06:07.763 [pool-2-thread-3] DEBUG org.apache.http.wire - http-outgoing-4 << "Content-Type: application/json;charset=UTF-8[\r][\n]"
21:06:07.763 [pool-2-thread-3] DEBUG org.apache.http.wire - http-outgoing-4 << "Transfer-Encoding: chunked[\r][\n]"
21:06:07.763 [pool-2-thread-3] DEBUG org.apache.http.wire - http-outgoing-4 << "Connection: keep-alive[\r][\n]"
21:06:07.764 [pool-2-thread-3] DEBUG org.apache.http.wire - http-outgoing-4 << "Set-Cookie: AWSALB=0SNx8CvftEmYAwrj7ZOEpewkSESgBpqBn/1xdE5BKxdanbpzyZbzPpoqw+tqcAbhnR1+kUgf3bYNUF5bf69BGbmi6u+H/iZyXn2/UJmdLYCdU0rdLKu1SyNlrbyd; Expires=Mon, 20 Sep 2021 15:36:07 GMT; Path=/[\r][\n]"
21:06:07.764 [pool-2-thread-3] DEBUG org.apache.http.wire - http-outgoing-4 << "Set-Cookie: AWSALBCORS=0SNx8CvftEmYAwrj7ZOEpewkSESgBpqBn/1xdE5BKxdanbpzyZbzPpoqw+tqcAbhnR1+kUgf3bYNUF5bf69BGbmi6u+H/iZyXn2/UJmdLYCdU0rdLKu1SyNlrbyd; Expires=Mon, 20 Sep 2021 15:36:07 GMT; Path=/; SameSite=None; Secure[\r][\n]"
21:06:07.764 [pool-2-thread-3] DEBUG org.apache.http.wire - http-outgoing-4 << "X-Content-Type-Options: nosniff[\r][\n]"
21:06:07.764 [pool-2-thread-3] DEBUG org.apache.http.wire - http-outgoing-4 << "X-XSS-Protection: 1; mode=block[\r][\n]"
21:06:07.764 [pool-2-thread-3] DEBUG org.apache.http.wire - http-outgoing-4 << "Cache-Control: no-cache, no-store, max-age=0, must-revalidate[\r][\n]"
21:06:07.765 [pool-2-thread-3] DEBUG org.apache.http.wire - http-outgoing-4 << "Pragma: no-cache[\r][\n]"
21:06:07.765 [pool-2-thread-3] DEBUG org.apache.http.wire - http-outgoing-4 << "Expires: 0[\r][\n]"
21:06:07.765 [pool-2-thread-3] DEBUG org.apache.http.wire - http-outgoing-4 << "X-Frame-Options: DENY[\r][\n]"
21:06:07.765 [pool-2-thread-3] DEBUG org.apache.http.wire - http-outgoing-4 << "[\r][\n]"
21:06:07.765 [pool-2-thread-3] DEBUG org.apache.http.wire - http-outgoing-4 << "ad[\r][\n]"
21:06:07.765 [pool-2-thread-3] DEBUG org.apache.http.wire - http-outgoing-4 << "{"timestamp":"2021-09-13T15:36:07.644+0000","status":401,"error":"Unauthorized","message":"Invalid Carrier External Id","path":"/connected-solutions/GetCarrierVehicleList/"}[\r][\n]"
21:06:07.766 [pool-2-thread-3] DEBUG org.apache.http.headers - http-outgoing-4 << HTTP/1.1 401 
21:06:07.766 [pool-2-thread-3] DEBUG org.apache.http.headers - http-outgoing-4 << Date: Mon, 13 Sep 2021 15:36:07 GMT
21:06:07.766 [pool-2-thread-3] DEBUG org.apache.http.headers - http-outgoing-4 << Content-Type: application/json;charset=UTF-8
21:06:07.766 [pool-2-thread-3] DEBUG org.apache.http.headers - http-outgoing-4 << Transfer-Encoding: chunked
21:06:07.767 [pool-2-thread-3] DEBUG org.apache.http.headers - http-outgoing-4 << Connection: keep-alive
21:06:07.767 [pool-2-thread-3] DEBUG org.apache.http.headers - http-outgoing-4 << Set-Cookie: AWSALB=0SNx8CvftEmYAwrj7ZOEpewkSESgBpqBn/1xdE5BKxdanbpzyZbzPpoqw+tqcAbhnR1+kUgf3bYNUF5bf69BGbmi6u+H/iZyXn2/UJmdLYCdU0rdLKu1SyNlrbyd; Expires=Mon, 20 Sep 2021 15:36:07 GMT; Path=/
21:06:07.767 [pool-2-thread-3] DEBUG org.apache.http.headers - http-outgoing-4 << Set-Cookie: AWSALBCORS=0SNx8CvftEmYAwrj7ZOEpewkSESgBpqBn/1xdE5BKxdanbpzyZbzPpoqw+tqcAbhnR1+kUgf3bYNUF5bf69BGbmi6u+H/iZyXn2/UJmdLYCdU0rdLKu1SyNlrbyd; Expires=Mon, 20 Sep 2021 15:36:07 GMT; Path=/; SameSite=None; Secure
21:06:07.767 [pool-2-thread-3] DEBUG org.apache.http.headers - http-outgoing-4 << X-Content-Type-Options: nosniff
21:06:07.767 [pool-2-thread-3] DEBUG org.apache.http.headers - http-outgoing-4 << X-XSS-Protection: 1; mode=block
21:06:07.767 [pool-2-thread-3] DEBUG org.apache.http.headers - http-outgoing-4 << Cache-Control: no-cache, no-store, max-age=0, must-revalidate
21:06:07.767 [pool-2-thread-3] DEBUG org.apache.http.headers - http-outgoing-4 << Pragma: no-cache
21:06:07.767 [pool-2-thread-3] DEBUG org.apache.http.headers - http-outgoing-4 << Expires: 0
21:06:07.768 [pool-2-thread-3] DEBUG org.apache.http.headers - http-outgoing-4 << X-Frame-Options: DENY
21:06:07.768 [pool-2-thread-3] DEBUG org.apache.http.impl.execchain.MainClientExec - Connection can be kept alive indefinitely
21:06:07.768 [pool-2-thread-3] DEBUG org.apache.http.impl.auth.HttpAuthenticator - Authentication required
21:06:07.769 [pool-2-thread-3] DEBUG org.apache.http.impl.auth.HttpAuthenticator - restdev1.tracking.thermoking.com:443 requested authentication
21:06:07.769 [pool-2-thread-3] DEBUG org.apache.http.impl.auth.HttpAuthenticator - Response contains no authentication challenges
21:06:07.774 [pool-2-thread-3] DEBUG org.apache.http.client.protocol.ResponseProcessCookies - Cookie accepted [AWSALB="0SNx8CvftEmYAwrj7ZOEpewkSESgBpqBn/1xdE5BKxdanbpzyZbzPpoqw+tqcAbhnR1+kUgf3bYNUF5bf69BGbmi6u+H/iZyXn2/...", version:0, domain:restdev1.tracking.thermoking.com, path:/, expiry:Mon Sep 20 21:06:07 IST 2021]
21:06:07.778 [pool-2-thread-3] DEBUG org.apache.http.client.protocol.ResponseProcessCookies - Cookie accepted [AWSALBCORS="0SNx8CvftEmYAwrj7ZOEpewkSESgBpqBn/1xdE5BKxdanbpzyZbzPpoqw+tqcAbhnR1+kUgf3bYNUF5bf69BGbmi6u+H/iZyXn2/...", version:0, domain:restdev1.tracking.thermoking.com, path:/, expiry:Mon Sep 20 21:06:07 IST 2021]
21:06:07.780 [pool-2-thread-3] DEBUG org.apache.http.wire - http-outgoing-4 << "0[\r][\n]"
21:06:07.780 [pool-2-thread-3] DEBUG org.apache.http.wire - http-outgoing-4 << "[\r][\n]"
21:06:07.780 [pool-2-thread-3] DEBUG org.apache.http.impl.conn.PoolingHttpClientConnectionManager - Connection [id: 4][route: {s}->https://restdev1.tracking.thermoking.com:443] can be kept alive indefinitely
21:06:07.780 [pool-2-thread-3] DEBUG org.apache.http.impl.conn.DefaultManagedHttpClientConnection - http-outgoing-4: set socket timeout to 0
21:06:07.781 [pool-2-thread-3] DEBUG org.apache.http.impl.conn.PoolingHttpClientConnectionManager - Connection released: [id: 4][route: {s}->https://restdev1.tracking.thermoking.com:443][total available: 1; route allocated: 1 of 5; total allocated: 1 of 10]
21:06:07.781 [pool-2-thread-3] DEBUG com.intuit.karate - response time in milliseconds: 1303.39
1 < 401
1 < Cache-Control: no-cache, no-store, max-age=0, must-revalidate
1 < Connection: keep-alive
1 < Content-Type: application/json;charset=UTF-8
1 < Date: Mon, 13 Sep 2021 15:36:07 GMT
1 < Expires: 0
1 < Pragma: no-cache
1 < Set-Cookie: [AWSALB=0SNx8CvftEmYAwrj7ZOEpewkSESgBpqBn/1xdE5BKxdanbpzyZbzPpoqw+tqcAbhnR1+kUgf3bYNUF5bf69BGbmi6u+H/iZyXn2/UJmdLYCdU0rdLKu1SyNlrbyd; Expires=Mon, 20 Sep 2021 15:36:07 GMT; Path=/, AWSALBCORS=0SNx8CvftEmYAwrj7ZOEpewkSESgBpqBn/1xdE5BKxdanbpzyZbzPpoqw+tqcAbhnR1+kUgf3bYNUF5bf69BGbmi6u+H/iZyXn2/UJmdLYCdU0rdLKu1SyNlrbyd; Expires=Mon, 20 Sep 2021 15:36:07 GMT; Path=/; SameSite=None; Secure]
1 < Transfer-Encoding: chunked
1 < X-Content-Type-Options: nosniff
1 < X-Frame-Options: DENY
1 < X-XSS-Protection: 1; mode=block
{"timestamp":"2021-09-13T15:36:07.644+0000","status":401,"error":"Unauthorized","message":"Invalid Carrier External Id","path":"/connected-solutions/GetCarrierVehicleList/"}

21:06:07.783 [pool-2-thread-3] ERROR com.intuit.karate - status code was: 401, expected: 200, response time: 1303, url: https://restdev1.tracking.thermoking.com/connected-solutions/GetCarrierVehicleList/?externalCarrierId=52D0B083-E9B7-47F6-9BAA-D22951DD1E50, response: {"path":"/connected-solutions/GetCarrierVehicleList/","error":"Unauthorized","message":"Invalid Carrier External Id","timestamp":"2021-09-13T15:36:07.644+0000","status":401}
21:06:07.849 [pool-2-thread-3] WARN com.intuit.karate - skipping bootstrap configuration: could not find or read file: classpath:karate-config.js
21:06:07.863 [pool-2-thread-3] DEBUG com.jayway.jsonpath.internal.path.CompiledPath - Evaluating path: $
21:06:07.867 [pool-2-thread-3] INFO com.intuit.karate - [print] eyJhbGciOiJIUzUxMiJ9.eyJpc3MiOiJDb25uZWN0ZWQgU29sdXRpb25zIiwiZXhwIjoxNjMxNzE2MTgzLCJqdGkiOiI1LVVVdlFzVGtmSSJ9.erDSc-omH9mTT8IE1Ja3vjLmO0t8HiMqg6xG0Z00LFpSUHQzhf9Sc6ynuDPCcPK0U8rrwHF9zVPQibHhV-uOTw
21:06:07.868 [pool-2-thread-3] INFO com.intuit.karate - [print] eyJhbGciOiJIUzUxMiJ9.eyJpc3MiOiJDb25uZWN0ZWQgU29sdXRpb25zIiwiZXhwIjoxNjMxNzE2MTgzLCJqdGkiOiI1LVVVdlFzVGtmSSJ9.erDSc-omH9mTT8IE1Ja3vjLmO0t8HiMqg6xG0Z00LFpSUHQzhf9Sc6ynuDPCcPK0U8rrwHF9zVPQibHhV-uOTw
21:06:07.919 [Finalizer] DEBUG org.apache.http.impl.conn.PoolingHttpClientConnectionManager - Connection manager is shutting down
21:06:07.921 [Finalizer] DEBUG org.apache.http.impl.conn.DefaultManagedHttpClientConnection - http-outgoing-0: Close connection
21:06:07.923 [Finalizer] DEBUG org.apache.http.impl.conn.PoolingHttpClientConnectionManager - Connection manager shut down
21:06:07.924 [Finalizer] DEBUG org.apache.http.impl.conn.PoolingHttpClientConnectionManager - Connection manager is shutting down
21:06:07.924 [Finalizer] DEBUG org.apache.http.impl.conn.DefaultManagedHttpClientConnection - http-outgoing-1: Close connection
21:06:07.925 [Finalizer] DEBUG org.apache.http.impl.conn.PoolingHttpClientConnectionManager - Connection manager shut down
21:06:07.925 [Finalizer] DEBUG org.apache.http.impl.conn.PoolingHttpClientConnectionManager - Connection manager is shutting down
21:06:07.925 [Finalizer] DEBUG org.apache.http.impl.conn.DefaultManagedHttpClientConnection - http-outgoing-2: Close connection
21:06:07.926 [Finalizer] DEBUG org.apache.http.impl.conn.PoolingHttpClientConnectionManager - Connection manager shut down
21:06:07.942 [Finalizer] DEBUG org.apache.http.impl.conn.PoolingHttpClientConnectionManager - Connection manager is shutting down
21:06:07.942 [Finalizer] DEBUG org.apache.http.impl.conn.DefaultManagedHttpClientConnection - http-outgoing-4: Close connection
21:06:07.944 [Finalizer] DEBUG org.apache.http.impl.conn.PoolingHttpClientConnectionManager - Connection manager shut down
21:06:07.944 [pool-2-thread-3] DEBUG com.jayway.jsonpath.internal.path.CompiledPath - Evaluating path: $
21:06:07.946 [pool-2-thread-3] DEBUG com.jayway.jsonpath.internal.path.CompiledPath - Evaluating path: $
21:06:07.948 [pool-2-thread-3] DEBUG com.jayway.jsonpath.internal.path.CompiledPath - Evaluating path: $
21:06:07.950 [pool-2-thread-3] DEBUG org.apache.http.client.protocol.RequestAddCookies - CookieSpec selected: karate
21:06:07.951 [pool-2-thread-3] DEBUG org.apache.http.client.protocol.RequestAuthCache - Auth cache not set in the context
21:06:07.951 [pool-2-thread-3] DEBUG com.intuit.karate - request:
1 > POST https://restdev1.tracking.thermoking.com/connected-solutions/StartTrip/?externalCarrierId=52D0B083-E9B7-47F6-9BAA-D22951DD1E50&vehicleExtId=1100295&scheduledStartTime=2021-05-19+09%3A00%3A00&scheduledDeliveryTime=2021-05-19+09%3A00%3A00&commodity=
1 > Accept-Encoding: gzip,deflate
1 > Connection: Keep-Alive
1 > Content-Length: 72
1 > Content-Type: application/json; charset=UTF-8
1 > Host: restdev1.tracking.thermoking.com
1 > User-Agent: Apache-HttpClient/4.5.11 (Java/1.8.0_121)
1 > X-External-ID: 5-UUvQsTkfI
1 > X-OAUTH2-Token: eyJhbGciOiJIUzUxMiJ9.eyJpc3MiOiJDb25uZWN0ZWQgU29sdXRpb25zIiwiZXhwIjoxNjMxNzE2MTgzLCJqdGkiOiI1LVVVdlFzVGtmSSJ9.erDSc-omH9mTT8IE1Ja3vjLmO0t8HiMqg6xG0Z00LFpSUHQzhf9Sc6ynuDPCcPK0U8rrwHF9zVPQibHhV-uOTw
{"userName":"webservice.usertp01@demosystem.com","password":"Pass@1234"}

21:06:07.951 [pool-2-thread-3] DEBUG org.apache.http.impl.conn.PoolingHttpClientConnectionManager - Connection request: [route: {s}->https://restdev1.tracking.thermoking.com:443][total available: 0; route allocated: 0 of 5; total allocated: 0 of 10]
21:06:07.952 [pool-2-thread-3] DEBUG org.apache.http.impl.conn.PoolingHttpClientConnectionManager - Connection leased: [id: 5][route: {s}->https://restdev1.tracking.thermoking.com:443][total available: 0; route allocated: 1 of 5; total allocated: 1 of 10]
21:06:07.952 [pool-2-thread-3] DEBUG org.apache.http.impl.execchain.MainClientExec - Opening connection {s}->https://restdev1.tracking.thermoking.com:443
21:06:07.952 [pool-2-thread-3] DEBUG org.apache.http.impl.conn.DefaultHttpClientConnectionOperator - Connecting to restdev1.tracking.thermoking.com/34.199.242.204:443
21:06:07.952 [pool-2-thread-3] DEBUG org.apache.http.conn.ssl.LenientSslConnectionSocketFactory - Connecting socket to restdev1.tracking.thermoking.com/34.199.242.204:443 with timeout 30000
21:06:08.326 [pool-2-thread-3] DEBUG org.apache.http.conn.ssl.LenientSslConnectionSocketFactory - Enabled protocols: [TLSv1, TLSv1.1, TLSv1.2]
21:06:08.326 [pool-2-thread-3] DEBUG org.apache.http.conn.ssl.LenientSslConnectionSocketFactory - Enabled cipher suites:[TLS_ECDHE_ECDSA_WITH_AES_128_CBC_SHA256, TLS_ECDHE_RSA_WITH_AES_128_CBC_SHA256, TLS_RSA_WITH_AES_128_CBC_SHA256, TLS_ECDH_ECDSA_WITH_AES_128_CBC_SHA256, TLS_ECDH_RSA_WITH_AES_128_CBC_SHA256, TLS_DHE_RSA_WITH_AES_128_CBC_SHA256, TLS_DHE_DSS_WITH_AES_128_CBC_SHA256, TLS_ECDHE_ECDSA_WITH_AES_128_CBC_SHA, TLS_ECDHE_RSA_WITH_AES_128_CBC_SHA, TLS_RSA_WITH_AES_128_CBC_SHA, TLS_ECDH_ECDSA_WITH_AES_128_CBC_SHA, TLS_ECDH_RSA_WITH_AES_128_CBC_SHA, TLS_DHE_RSA_WITH_AES_128_CBC_SHA, TLS_DHE_DSS_WITH_AES_128_CBC_SHA, TLS_ECDHE_ECDSA_WITH_AES_128_GCM_SHA256, TLS_ECDHE_RSA_WITH_AES_128_GCM_SHA256, TLS_RSA_WITH_AES_128_GCM_SHA256, TLS_ECDH_ECDSA_WITH_AES_128_GCM_SHA256, TLS_ECDH_RSA_WITH_AES_128_GCM_SHA256, TLS_DHE_RSA_WITH_AES_128_GCM_SHA256, TLS_DHE_DSS_WITH_AES_128_GCM_SHA256, TLS_EMPTY_RENEGOTIATION_INFO_SCSV]
21:06:08.326 [pool-2-thread-3] DEBUG org.apache.http.conn.ssl.LenientSslConnectionSocketFactory - Starting handshake
21:06:08.956 [pool-2-thread-4] DEBUG org.apache.http.wire - http-outgoing-3 << "HTTP/1.1 200 [\r][\n]"
21:06:08.957 [pool-2-thread-4] DEBUG org.apache.http.wire - http-outgoing-3 << "Date: Mon, 13 Sep 2021 15:36:08 GMT[\r][\n]"
21:06:08.957 [pool-2-thread-4] DEBUG org.apache.http.wire - http-outgoing-3 << "Content-Type: application/json;charset=UTF-8[\r][\n]"
21:06:08.957 [pool-2-thread-4] DEBUG org.apache.http.wire - http-outgoing-3 << "Transfer-Encoding: chunked[\r][\n]"
21:06:08.957 [pool-2-thread-4] DEBUG org.apache.http.wire - http-outgoing-3 << "Connection: keep-alive[\r][\n]"
21:06:08.957 [pool-2-thread-4] DEBUG org.apache.http.wire - http-outgoing-3 << "Set-Cookie: AWSALB=9o5qsU1Enw8QLssbsg0iVXzklwlIrLtSgpM3+eKzNqnJkaOVbuqKO67popboa/Ye9FLqUUUgtX2NIEXkt30QgPTpswpsSJDqM8zWox6948fP8Hy6Y9eY2bG54+An; Expires=Mon, 20 Sep 2021 15:36:07 GMT; Path=/[\r][\n]"
21:06:08.958 [pool-2-thread-4] DEBUG org.apache.http.wire - http-outgoing-3 << "Set-Cookie: AWSALBCORS=9o5qsU1Enw8QLssbsg0iVXzklwlIrLtSgpM3+eKzNqnJkaOVbuqKO67popboa/Ye9FLqUUUgtX2NIEXkt30QgPTpswpsSJDqM8zWox6948fP8Hy6Y9eY2bG54+An; Expires=Mon, 20 Sep 2021 15:36:07 GMT; Path=/; SameSite=None; Secure[\r][\n]"
21:06:08.958 [pool-2-thread-4] DEBUG org.apache.http.wire - http-outgoing-3 << "X-OAUTH2-Token: eyJhbGciOiJIUzUxMiJ9.eyJpc3MiOiJDb25uZWN0ZWQgU29sdXRpb25zIiwiZXhwIjoxNjMxNzE2NjAwLCJqdGkiOiIwQzdGRkI4RS1CRTlELTRCNTEtOEQ2MS1DQTEwQkY0NTAzQzQifQ.yFt02SzWCF0E47cq1Oug1tm767-L1wmWV0K3WaCKbTkbzN2y0QsucU8Cb9c6Z4WmEZh4x0jper3xbX9ImMWi9w[\r][\n]"
21:06:08.958 [pool-2-thread-4] DEBUG org.apache.http.wire - http-outgoing-3 << "X-Content-Type-Options: nosniff[\r][\n]"
21:06:08.958 [pool-2-thread-4] DEBUG org.apache.http.wire - http-outgoing-3 << "X-XSS-Protection: 1; mode=block[\r][\n]"
21:06:08.958 [pool-2-thread-4] DEBUG org.apache.http.wire - http-outgoing-3 << "Cache-Control: no-cache, no-store, max-age=0, must-revalidate[\r][\n]"
21:06:08.958 [pool-2-thread-4] DEBUG org.apache.http.wire - http-outgoing-3 << "Pragma: no-cache[\r][\n]"
21:06:08.958 [pool-2-thread-4] DEBUG org.apache.http.wire - http-outgoing-3 << "Expires: 0[\r][\n]"
21:06:08.959 [pool-2-thread-4] DEBUG org.apache.http.wire - http-outgoing-3 << "X-Frame-Options: DENY[\r][\n]"
21:06:08.959 [pool-2-thread-4] DEBUG org.apache.http.wire - http-outgoing-3 << "[\r][\n]"
21:06:08.959 [pool-2-thread-4] DEBUG org.apache.http.wire - http-outgoing-3 << "81[\r][\n]"
21:06:08.959 [pool-2-thread-4] DEBUG org.apache.http.wire - http-outgoing-3 << "[{"customerId":"0C7FFB8E-BE9D-4B51-8D61-CA10BF4503C4","vehicleId":"Test Vehicle 1","requestIdentifier":"q3260689","profiles":[]}][\r][\n]"
21:06:08.960 [pool-2-thread-4] DEBUG org.apache.http.headers - http-outgoing-3 << HTTP/1.1 200 
21:06:08.960 [pool-2-thread-4] DEBUG org.apache.http.headers - http-outgoing-3 << Date: Mon, 13 Sep 2021 15:36:08 GMT
21:06:08.960 [pool-2-thread-4] DEBUG org.apache.http.headers - http-outgoing-3 << Content-Type: application/json;charset=UTF-8
21:06:08.960 [pool-2-thread-4] DEBUG org.apache.http.headers - http-outgoing-3 << Transfer-Encoding: chunked
21:06:08.961 [pool-2-thread-4] DEBUG org.apache.http.headers - http-outgoing-3 << Connection: keep-alive
21:06:08.961 [pool-2-thread-4] DEBUG org.apache.http.headers - http-outgoing-3 << Set-Cookie: AWSALB=9o5qsU1Enw8QLssbsg0iVXzklwlIrLtSgpM3+eKzNqnJkaOVbuqKO67popboa/Ye9FLqUUUgtX2NIEXkt30QgPTpswpsSJDqM8zWox6948fP8Hy6Y9eY2bG54+An; Expires=Mon, 20 Sep 2021 15:36:07 GMT; Path=/
21:06:08.961 [pool-2-thread-4] DEBUG org.apache.http.headers - http-outgoing-3 << Set-Cookie: AWSALBCORS=9o5qsU1Enw8QLssbsg0iVXzklwlIrLtSgpM3+eKzNqnJkaOVbuqKO67popboa/Ye9FLqUUUgtX2NIEXkt30QgPTpswpsSJDqM8zWox6948fP8Hy6Y9eY2bG54+An; Expires=Mon, 20 Sep 2021 15:36:07 GMT; Path=/; SameSite=None; Secure
21:06:08.961 [pool-2-thread-4] DEBUG org.apache.http.headers - http-outgoing-3 << X-OAUTH2-Token: eyJhbGciOiJIUzUxMiJ9.eyJpc3MiOiJDb25uZWN0ZWQgU29sdXRpb25zIiwiZXhwIjoxNjMxNzE2NjAwLCJqdGkiOiIwQzdGRkI4RS1CRTlELTRCNTEtOEQ2MS1DQTEwQkY0NTAzQzQifQ.yFt02SzWCF0E47cq1Oug1tm767-L1wmWV0K3WaCKbTkbzN2y0QsucU8Cb9c6Z4WmEZh4x0jper3xbX9ImMWi9w
21:06:08.961 [pool-2-thread-4] DEBUG org.apache.http.headers - http-outgoing-3 << X-Content-Type-Options: nosniff
21:06:08.961 [pool-2-thread-4] DEBUG org.apache.http.headers - http-outgoing-3 << X-XSS-Protection: 1; mode=block
21:06:08.961 [pool-2-thread-4] DEBUG org.apache.http.headers - http-outgoing-3 << Cache-Control: no-cache, no-store, max-age=0, must-revalidate
21:06:08.961 [pool-2-thread-4] DEBUG org.apache.http.headers - http-outgoing-3 << Pragma: no-cache
21:06:08.961 [pool-2-thread-4] DEBUG org.apache.http.headers - http-outgoing-3 << Expires: 0
21:06:08.961 [pool-2-thread-4] DEBUG org.apache.http.headers - http-outgoing-3 << X-Frame-Options: DENY
21:06:08.962 [pool-2-thread-4] DEBUG org.apache.http.impl.execchain.MainClientExec - Connection can be kept alive indefinitely
21:06:08.965 [pool-2-thread-4] DEBUG org.apache.http.client.protocol.ResponseProcessCookies - Cookie accepted [AWSALB="9o5qsU1Enw8QLssbsg0iVXzklwlIrLtSgpM3+eKzNqnJkaOVbuqKO67popboa/Ye9FLqUUUgtX2NIEXkt30QgPTpswpsSJDqM8zW...", version:0, domain:restdev1.tracking.thermoking.com, path:/, expiry:Mon Sep 20 21:06:07 IST 2021]
21:06:08.966 [pool-2-thread-4] DEBUG org.apache.http.client.protocol.ResponseProcessCookies - Cookie accepted [AWSALBCORS="9o5qsU1Enw8QLssbsg0iVXzklwlIrLtSgpM3+eKzNqnJkaOVbuqKO67popboa/Ye9FLqUUUgtX2NIEXkt30QgPTpswpsSJDqM8zW...", version:0, domain:restdev1.tracking.thermoking.com, path:/, expiry:Mon Sep 20 21:06:07 IST 2021]
21:06:08.968 [pool-2-thread-4] DEBUG org.apache.http.wire - http-outgoing-3 << "0[\r][\n]"
21:06:08.968 [pool-2-thread-4] DEBUG org.apache.http.wire - http-outgoing-3 << "[\r][\n]"
21:06:08.968 [pool-2-thread-4] DEBUG org.apache.http.impl.conn.PoolingHttpClientConnectionManager - Connection [id: 3][route: {s}->https://restdev1.tracking.thermoking.com:443] can be kept alive indefinitely
21:06:08.969 [pool-2-thread-4] DEBUG org.apache.http.impl.conn.DefaultManagedHttpClientConnection - http-outgoing-3: set socket timeout to 0
21:06:08.969 [pool-2-thread-4] DEBUG org.apache.http.impl.conn.PoolingHttpClientConnectionManager - Connection released: [id: 3][route: {s}->https://restdev1.tracking.thermoking.com:443][total available: 1; route allocated: 1 of 5; total allocated: 1 of 10]
21:06:08.969 [pool-2-thread-4] DEBUG com.intuit.karate - response time in milliseconds: 2605.47
1 < 200
1 < Cache-Control: no-cache, no-store, max-age=0, must-revalidate
1 < Connection: keep-alive
1 < Content-Type: application/json;charset=UTF-8
1 < Date: Mon, 13 Sep 2021 15:36:08 GMT
1 < Expires: 0
1 < Pragma: no-cache
1 < Set-Cookie: [AWSALB=9o5qsU1Enw8QLssbsg0iVXzklwlIrLtSgpM3+eKzNqnJkaOVbuqKO67popboa/Ye9FLqUUUgtX2NIEXkt30QgPTpswpsSJDqM8zWox6948fP8Hy6Y9eY2bG54+An; Expires=Mon, 20 Sep 2021 15:36:07 GMT; Path=/, AWSALBCORS=9o5qsU1Enw8QLssbsg0iVXzklwlIrLtSgpM3+eKzNqnJkaOVbuqKO67popboa/Ye9FLqUUUgtX2NIEXkt30QgPTpswpsSJDqM8zWox6948fP8Hy6Y9eY2bG54+An; Expires=Mon, 20 Sep 2021 15:36:07 GMT; Path=/; SameSite=None; Secure]
1 < Transfer-Encoding: chunked
1 < X-Content-Type-Options: nosniff
1 < X-Frame-Options: DENY
1 < X-OAUTH2-Token: eyJhbGciOiJIUzUxMiJ9.eyJpc3MiOiJDb25uZWN0ZWQgU29sdXRpb25zIiwiZXhwIjoxNjMxNzE2NjAwLCJqdGkiOiIwQzdGRkI4RS1CRTlELTRCNTEtOEQ2MS1DQTEwQkY0NTAzQzQifQ.yFt02SzWCF0E47cq1Oug1tm767-L1wmWV0K3WaCKbTkbzN2y0QsucU8Cb9c6Z4WmEZh4x0jper3xbX9ImMWi9w
1 < X-XSS-Protection: 1; mode=block
[{"customerId":"0C7FFB8E-BE9D-4B51-8D61-CA10BF4503C4","vehicleId":"Test Vehicle 1","requestIdentifier":"q3260689","profiles":[]}]

21:06:08.972 [pool-2-thread-4] DEBUG com.jayway.jsonpath.internal.path.CompiledPath - Evaluating path: $
21:06:08.973 [pool-2-thread-4] INFO com.intuit.karate - [print] [
  {
    "customerId": "0C7FFB8E-BE9D-4B51-8D61-CA10BF4503C4",
    "profiles": [
    ],
    "requestIdentifier": "q3260689",
    "vehicleId": "Test Vehicle 1"
  }
]

21:06:08.979 [pool-2-thread-4] DEBUG com.jayway.jsonpath.internal.path.CompiledPath - Evaluating path: $[0]['customerId']
21:06:08.981 [pool-2-thread-4] DEBUG com.jayway.jsonpath.internal.path.CompiledPath - Evaluating path: $[0]['vehicleId']
21:06:08.989 [pool-2-thread-4] DEBUG com.jayway.jsonpath.internal.path.CompiledPath - Evaluating path: $
21:06:08.992 [pool-2-thread-4] INFO com.intuit.karate - [print] q3260689
21:06:08.994 [pool-2-thread-4] INFO com.intuit.karate - [print] eyJhbGciOiJIUzUxMiJ9.eyJpc3MiOiJDb25uZWN0ZWQgU29sdXRpb25zIiwiZXhwIjoxNjMxNzE2NjAwLCJqdGkiOiIwQzdGRkI4RS1CRTlELTRCNTEtOEQ2MS1DQTEwQkY0NTAzQzQifQ.yFt02SzWCF0E47cq1Oug1tm767-L1wmWV0K3WaCKbTkbzN2y0QsucU8Cb9c6Z4WmEZh4x0jper3xbX9ImMWi9w
21:06:08.999 [pool-2-thread-4] DEBUG com.jayway.jsonpath.internal.path.CompiledPath - Evaluating path: $
21:06:09.035 [pool-2-thread-4] INFO com.intuit.karate.Runner - <<pass>> feature 8 of 8: classpath:resources/TwoWAyCommands.feature
---------------------------------------------------------
feature: classpath:resources/TwoWAyCommands.feature
report: target\surefire-reports\resources.TwoWAyCommands.json
scenarios:  1 | passed:  1 | failed:  0 | time: 10.1288
---------------------------------------------------------
21:06:09.140 [pool-2-thread-3] DEBUG org.apache.http.conn.ssl.LenientSslConnectionSocketFactory - Secure session established
21:06:09.141 [pool-2-thread-3] DEBUG org.apache.http.conn.ssl.LenientSslConnectionSocketFactory -  negotiated protocol: TLSv1.2
21:06:09.141 [pool-2-thread-3] DEBUG org.apache.http.conn.ssl.LenientSslConnectionSocketFactory -  negotiated cipher suite: TLS_ECDHE_RSA_WITH_AES_128_GCM_SHA256
21:06:09.141 [pool-2-thread-3] DEBUG org.apache.http.conn.ssl.LenientSslConnectionSocketFactory -  peer principal: CN=*.tracking.thermoking.com
21:06:09.141 [pool-2-thread-3] DEBUG org.apache.http.conn.ssl.LenientSslConnectionSocketFactory -  peer alternative names: [*.tracking.thermoking.com]
21:06:09.141 [pool-2-thread-3] DEBUG org.apache.http.conn.ssl.LenientSslConnectionSocketFactory -  issuer principal: CN=Amazon, OU=Server CA 1B, O=Amazon, C=US
21:06:09.141 [pool-2-thread-3] DEBUG org.apache.http.impl.conn.DefaultHttpClientConnectionOperator - Connection established 10.200.54.16:62057<->34.199.242.204:443
21:06:09.141 [pool-2-thread-3] DEBUG org.apache.http.impl.conn.DefaultManagedHttpClientConnection - http-outgoing-5: set socket timeout to 30000
21:06:09.142 [pool-2-thread-3] DEBUG org.apache.http.impl.execchain.MainClientExec - Executing request POST /connected-solutions/StartTrip/?externalCarrierId=52D0B083-E9B7-47F6-9BAA-D22951DD1E50&vehicleExtId=1100295&scheduledStartTime=2021-05-19+09%3A00%3A00&scheduledDeliveryTime=2021-05-19+09%3A00%3A00&commodity= HTTP/1.1
21:06:09.142 [pool-2-thread-3] DEBUG org.apache.http.impl.execchain.MainClientExec - Target auth state: UNCHALLENGED
21:06:09.142 [pool-2-thread-3] DEBUG org.apache.http.impl.execchain.MainClientExec - Proxy auth state: UNCHALLENGED
21:06:09.142 [pool-2-thread-3] DEBUG org.apache.http.headers - http-outgoing-5 >> POST /connected-solutions/StartTrip/?externalCarrierId=52D0B083-E9B7-47F6-9BAA-D22951DD1E50&vehicleExtId=1100295&scheduledStartTime=2021-05-19+09%3A00%3A00&scheduledDeliveryTime=2021-05-19+09%3A00%3A00&commodity= HTTP/1.1
21:06:09.143 [pool-2-thread-3] DEBUG org.apache.http.headers - http-outgoing-5 >> X-OAUTH2-Token: eyJhbGciOiJIUzUxMiJ9.eyJpc3MiOiJDb25uZWN0ZWQgU29sdXRpb25zIiwiZXhwIjoxNjMxNzE2MTgzLCJqdGkiOiI1LVVVdlFzVGtmSSJ9.erDSc-omH9mTT8IE1Ja3vjLmO0t8HiMqg6xG0Z00LFpSUHQzhf9Sc6ynuDPCcPK0U8rrwHF9zVPQibHhV-uOTw
21:06:09.143 [pool-2-thread-3] DEBUG org.apache.http.headers - http-outgoing-5 >> X-External-ID: 5-UUvQsTkfI
21:06:09.143 [pool-2-thread-3] DEBUG org.apache.http.headers - http-outgoing-5 >> Content-Type: application/json; charset=UTF-8
21:06:09.143 [pool-2-thread-3] DEBUG org.apache.http.headers - http-outgoing-5 >> Content-Length: 72
21:06:09.143 [pool-2-thread-3] DEBUG org.apache.http.headers - http-outgoing-5 >> Host: restdev1.tracking.thermoking.com
21:06:09.143 [pool-2-thread-3] DEBUG org.apache.http.headers - http-outgoing-5 >> Connection: Keep-Alive
21:06:09.143 [pool-2-thread-3] DEBUG org.apache.http.headers - http-outgoing-5 >> User-Agent: Apache-HttpClient/4.5.11 (Java/1.8.0_121)
21:06:09.143 [pool-2-thread-3] DEBUG org.apache.http.headers - http-outgoing-5 >> Accept-Encoding: gzip,deflate
21:06:09.143 [pool-2-thread-3] DEBUG org.apache.http.wire - http-outgoing-5 >> "POST /connected-solutions/StartTrip/?externalCarrierId=52D0B083-E9B7-47F6-9BAA-D22951DD1E50&vehicleExtId=1100295&scheduledStartTime=2021-05-19+09%3A00%3A00&scheduledDeliveryTime=2021-05-19+09%3A00%3A00&commodity= HTTP/1.1[\r][\n]"
21:06:09.144 [pool-2-thread-3] DEBUG org.apache.http.wire - http-outgoing-5 >> "X-OAUTH2-Token: eyJhbGciOiJIUzUxMiJ9.eyJpc3MiOiJDb25uZWN0ZWQgU29sdXRpb25zIiwiZXhwIjoxNjMxNzE2MTgzLCJqdGkiOiI1LVVVdlFzVGtmSSJ9.erDSc-omH9mTT8IE1Ja3vjLmO0t8HiMqg6xG0Z00LFpSUHQzhf9Sc6ynuDPCcPK0U8rrwHF9zVPQibHhV-uOTw[\r][\n]"
21:06:09.144 [pool-2-thread-3] DEBUG org.apache.http.wire - http-outgoing-5 >> "X-External-ID: 5-UUvQsTkfI[\r][\n]"
21:06:09.144 [pool-2-thread-3] DEBUG org.apache.http.wire - http-outgoing-5 >> "Content-Type: application/json; charset=UTF-8[\r][\n]"
21:06:09.144 [pool-2-thread-3] DEBUG org.apache.http.wire - http-outgoing-5 >> "Content-Length: 72[\r][\n]"
21:06:09.144 [pool-2-thread-3] DEBUG org.apache.http.wire - http-outgoing-5 >> "Host: restdev1.tracking.thermoking.com[\r][\n]"
21:06:09.144 [pool-2-thread-3] DEBUG org.apache.http.wire - http-outgoing-5 >> "Connection: Keep-Alive[\r][\n]"
21:06:09.144 [pool-2-thread-3] DEBUG org.apache.http.wire - http-outgoing-5 >> "User-Agent: Apache-HttpClient/4.5.11 (Java/1.8.0_121)[\r][\n]"
21:06:09.144 [pool-2-thread-3] DEBUG org.apache.http.wire - http-outgoing-5 >> "Accept-Encoding: gzip,deflate[\r][\n]"
21:06:09.144 [pool-2-thread-3] DEBUG org.apache.http.wire - http-outgoing-5 >> "[\r][\n]"
21:06:09.144 [pool-2-thread-3] DEBUG org.apache.http.wire - http-outgoing-5 >> "{"userName":"webservice.usertp01@demosystem.com","password":"Pass@1234"}"
21:06:09.549 [pool-2-thread-3] DEBUG org.apache.http.wire - http-outgoing-5 << "HTTP/1.1 401 [\r][\n]"
21:06:09.549 [pool-2-thread-3] DEBUG org.apache.http.wire - http-outgoing-5 << "Date: Mon, 13 Sep 2021 15:36:09 GMT[\r][\n]"
21:06:09.550 [pool-2-thread-3] DEBUG org.apache.http.wire - http-outgoing-5 << "Content-Type: application/json;charset=UTF-8[\r][\n]"
21:06:09.550 [pool-2-thread-3] DEBUG org.apache.http.wire - http-outgoing-5 << "Transfer-Encoding: chunked[\r][\n]"
21:06:09.550 [pool-2-thread-3] DEBUG org.apache.http.wire - http-outgoing-5 << "Connection: keep-alive[\r][\n]"
21:06:09.550 [pool-2-thread-3] DEBUG org.apache.http.wire - http-outgoing-5 << "Set-Cookie: AWSALB=mpdCPY/bcR7+uRlmeCpOnH+XWCd3kubG+WIDCfSM9U1Ya3GaZjTOyz7yXy+MjzbbXkwxQptz2eHtrzlmSfxBs1eJYvILI2b1aQVHmzsqtR0IK4Du6iO+GlREX9+r; Expires=Mon, 20 Sep 2021 15:36:09 GMT; Path=/[\r][\n]"
21:06:09.550 [pool-2-thread-3] DEBUG org.apache.http.wire - http-outgoing-5 << "Set-Cookie: AWSALBCORS=mpdCPY/bcR7+uRlmeCpOnH+XWCd3kubG+WIDCfSM9U1Ya3GaZjTOyz7yXy+MjzbbXkwxQptz2eHtrzlmSfxBs1eJYvILI2b1aQVHmzsqtR0IK4Du6iO+GlREX9+r; Expires=Mon, 20 Sep 2021 15:36:09 GMT; Path=/; SameSite=None; Secure[\r][\n]"
21:06:09.550 [pool-2-thread-3] DEBUG org.apache.http.wire - http-outgoing-5 << "X-Content-Type-Options: nosniff[\r][\n]"
21:06:09.550 [pool-2-thread-3] DEBUG org.apache.http.wire - http-outgoing-5 << "X-XSS-Protection: 1; mode=block[\r][\n]"
21:06:09.551 [pool-2-thread-3] DEBUG org.apache.http.wire - http-outgoing-5 << "Cache-Control: no-cache, no-store, max-age=0, must-revalidate[\r][\n]"
21:06:09.551 [pool-2-thread-3] DEBUG org.apache.http.wire - http-outgoing-5 << "Pragma: no-cache[\r][\n]"
21:06:09.551 [pool-2-thread-3] DEBUG org.apache.http.wire - http-outgoing-5 << "Expires: 0[\r][\n]"
21:06:09.551 [pool-2-thread-3] DEBUG org.apache.http.wire - http-outgoing-5 << "X-Frame-Options: DENY[\r][\n]"
21:06:09.551 [pool-2-thread-3] DEBUG org.apache.http.wire - http-outgoing-5 << "[\r][\n]"
21:06:09.551 [pool-2-thread-3] DEBUG org.apache.http.wire - http-outgoing-5 << "a1[\r][\n]"
21:06:09.551 [pool-2-thread-3] DEBUG org.apache.http.wire - http-outgoing-5 << "{"timestamp":"2021-09-13T15:36:09.343+0000","status":401,"error":"Unauthorized","message":"Invalid Carrier External Id","path":"/connected-solutions/StartTrip/"}[\r][\n]"
21:06:09.551 [pool-2-thread-3] DEBUG org.apache.http.headers - http-outgoing-5 << HTTP/1.1 401 
21:06:09.552 [pool-2-thread-3] DEBUG org.apache.http.headers - http-outgoing-5 << Date: Mon, 13 Sep 2021 15:36:09 GMT
21:06:09.552 [pool-2-thread-3] DEBUG org.apache.http.headers - http-outgoing-5 << Content-Type: application/json;charset=UTF-8
21:06:09.552 [pool-2-thread-3] DEBUG org.apache.http.headers - http-outgoing-5 << Transfer-Encoding: chunked
21:06:09.552 [pool-2-thread-3] DEBUG org.apache.http.headers - http-outgoing-5 << Connection: keep-alive
21:06:09.552 [pool-2-thread-3] DEBUG org.apache.http.headers - http-outgoing-5 << Set-Cookie: AWSALB=mpdCPY/bcR7+uRlmeCpOnH+XWCd3kubG+WIDCfSM9U1Ya3GaZjTOyz7yXy+MjzbbXkwxQptz2eHtrzlmSfxBs1eJYvILI2b1aQVHmzsqtR0IK4Du6iO+GlREX9+r; Expires=Mon, 20 Sep 2021 15:36:09 GMT; Path=/
21:06:09.552 [pool-2-thread-3] DEBUG org.apache.http.headers - http-outgoing-5 << Set-Cookie: AWSALBCORS=mpdCPY/bcR7+uRlmeCpOnH+XWCd3kubG+WIDCfSM9U1Ya3GaZjTOyz7yXy+MjzbbXkwxQptz2eHtrzlmSfxBs1eJYvILI2b1aQVHmzsqtR0IK4Du6iO+GlREX9+r; Expires=Mon, 20 Sep 2021 15:36:09 GMT; Path=/; SameSite=None; Secure
21:06:09.552 [pool-2-thread-3] DEBUG org.apache.http.headers - http-outgoing-5 << X-Content-Type-Options: nosniff
21:06:09.552 [pool-2-thread-3] DEBUG org.apache.http.headers - http-outgoing-5 << X-XSS-Protection: 1; mode=block
21:06:09.552 [pool-2-thread-3] DEBUG org.apache.http.headers - http-outgoing-5 << Cache-Control: no-cache, no-store, max-age=0, must-revalidate
21:06:09.552 [pool-2-thread-3] DEBUG org.apache.http.headers - http-outgoing-5 << Pragma: no-cache
21:06:09.552 [pool-2-thread-3] DEBUG org.apache.http.headers - http-outgoing-5 << Expires: 0
21:06:09.552 [pool-2-thread-3] DEBUG org.apache.http.headers - http-outgoing-5 << X-Frame-Options: DENY
21:06:09.552 [pool-2-thread-3] DEBUG org.apache.http.impl.execchain.MainClientExec - Connection can be kept alive indefinitely
21:06:09.552 [pool-2-thread-3] DEBUG org.apache.http.impl.auth.HttpAuthenticator - Authentication required
21:06:09.552 [pool-2-thread-3] DEBUG org.apache.http.impl.auth.HttpAuthenticator - restdev1.tracking.thermoking.com:443 requested authentication
21:06:09.553 [pool-2-thread-3] DEBUG org.apache.http.impl.auth.HttpAuthenticator - Response contains no authentication challenges
21:06:09.555 [pool-2-thread-3] DEBUG org.apache.http.client.protocol.ResponseProcessCookies - Cookie accepted [AWSALB="mpdCPY/bcR7+uRlmeCpOnH+XWCd3kubG+WIDCfSM9U1Ya3GaZjTOyz7yXy+MjzbbXkwxQptz2eHtrzlmSfxBs1eJYvILI2b1aQVH...", version:0, domain:restdev1.tracking.thermoking.com, path:/, expiry:Mon Sep 20 21:06:09 IST 2021]
21:06:09.557 [pool-2-thread-3] DEBUG org.apache.http.client.protocol.ResponseProcessCookies - Cookie accepted [AWSALBCORS="mpdCPY/bcR7+uRlmeCpOnH+XWCd3kubG+WIDCfSM9U1Ya3GaZjTOyz7yXy+MjzbbXkwxQptz2eHtrzlmSfxBs1eJYvILI2b1aQVH...", version:0, domain:restdev1.tracking.thermoking.com, path:/, expiry:Mon Sep 20 21:06:09 IST 2021]
21:06:09.559 [pool-2-thread-3] DEBUG org.apache.http.wire - http-outgoing-5 << "0[\r][\n]"
21:06:09.559 [pool-2-thread-3] DEBUG org.apache.http.wire - http-outgoing-5 << "[\r][\n]"
21:06:09.559 [pool-2-thread-3] DEBUG org.apache.http.impl.conn.PoolingHttpClientConnectionManager - Connection [id: 5][route: {s}->https://restdev1.tracking.thermoking.com:443] can be kept alive indefinitely
21:06:09.559 [pool-2-thread-3] DEBUG org.apache.http.impl.conn.DefaultManagedHttpClientConnection - http-outgoing-5: set socket timeout to 0
21:06:09.560 [pool-2-thread-3] DEBUG org.apache.http.impl.conn.PoolingHttpClientConnectionManager - Connection released: [id: 5][route: {s}->https://restdev1.tracking.thermoking.com:443][total available: 1; route allocated: 1 of 5; total allocated: 1 of 10]
21:06:09.560 [pool-2-thread-3] DEBUG com.intuit.karate - response time in milliseconds: 1606.50
1 < 401
1 < Cache-Control: no-cache, no-store, max-age=0, must-revalidate
1 < Connection: keep-alive
1 < Content-Type: application/json;charset=UTF-8
1 < Date: Mon, 13 Sep 2021 15:36:09 GMT
1 < Expires: 0
1 < Pragma: no-cache
1 < Set-Cookie: [AWSALB=mpdCPY/bcR7+uRlmeCpOnH+XWCd3kubG+WIDCfSM9U1Ya3GaZjTOyz7yXy+MjzbbXkwxQptz2eHtrzlmSfxBs1eJYvILI2b1aQVHmzsqtR0IK4Du6iO+GlREX9+r; Expires=Mon, 20 Sep 2021 15:36:09 GMT; Path=/, AWSALBCORS=mpdCPY/bcR7+uRlmeCpOnH+XWCd3kubG+WIDCfSM9U1Ya3GaZjTOyz7yXy+MjzbbXkwxQptz2eHtrzlmSfxBs1eJYvILI2b1aQVHmzsqtR0IK4Du6iO+GlREX9+r; Expires=Mon, 20 Sep 2021 15:36:09 GMT; Path=/; SameSite=None; Secure]
1 < Transfer-Encoding: chunked
1 < X-Content-Type-Options: nosniff
1 < X-Frame-Options: DENY
1 < X-XSS-Protection: 1; mode=block
{"timestamp":"2021-09-13T15:36:09.343+0000","status":401,"error":"Unauthorized","message":"Invalid Carrier External Id","path":"/connected-solutions/StartTrip/"}

21:06:09.562 [pool-2-thread-3] ERROR com.intuit.karate - status code was: 401, expected: 200, response time: 1606, url: https://restdev1.tracking.thermoking.com/connected-solutions/StartTrip/?externalCarrierId=52D0B083-E9B7-47F6-9BAA-D22951DD1E50&vehicleExtId=1100295&scheduledStartTime=2021-05-19+09%3A00%3A00&scheduledDeliveryTime=2021-05-19+09%3A00%3A00&commodity=, response: {"path":"/connected-solutions/StartTrip/","error":"Unauthorized","message":"Invalid Carrier External Id","timestamp":"2021-09-13T15:36:09.343+0000","status":401}
21:06:09.596 [pool-2-thread-3] INFO com.intuit.karate.Runner - <<fail>> feature 3 of 8: classpath:resources/DetailsPost.feature
---------------------------------------------------------
feature: classpath:resources/DetailsPost.feature
report: target\surefire-reports\resources.DetailsPost.json
scenarios:  3 | passed:  1 | failed:  2 | time: 10.6114
---------------------------------------------------------
21:06:38.636 [pool-2-thread-2] DEBUG com.jayway.jsonpath.internal.path.CompiledPath - Evaluating path: $
21:06:38.637 [pool-2-thread-2] DEBUG com.jayway.jsonpath.internal.path.CompiledPath - Evaluating path: $['requestIdentifier']
21:06:38.637 [pool-2-thread-2] DEBUG com.jayway.jsonpath.internal.JsonContext - Set path $['requestIdentifier'] new value q3468077
21:06:38.642 [pool-2-thread-2] DEBUG com.jayway.jsonpath.internal.path.CompiledPath - Evaluating path: $
21:06:38.648 [pool-2-thread-2] DEBUG org.apache.http.client.protocol.RequestAddCookies - CookieSpec selected: karate
21:06:38.648 [pool-2-thread-2] DEBUG org.apache.http.client.protocol.RequestAddCookies - Cookie [version: 0][name: AWSALBTG][value: 4oEO8j3KkXkHOJ42HnYlpal2KMNxgqMDvbfqs0vah+HdxuiBAfSlRK14KIxyo76xuzv/XZWOi9JmdDvztlwdQah35+STGjLmk4RolRM+IK/cRcEWYnRxzvXY0n6xY4t9tR2VkdZ0B49O+468LtX1XCjSZcgM9q1VJyQbztlM940M][domain: soap.tracking.thermoking.com][path: /][expiry: null] match [(secure)soap.tracking.thermoking.com:443/tk-webservices/Command]
21:06:38.649 [pool-2-thread-2] DEBUG org.apache.http.client.protocol.RequestAddCookies - Cookie [version: 0][name: AWSALBTGCORS][value: 4oEO8j3KkXkHOJ42HnYlpal2KMNxgqMDvbfqs0vah+HdxuiBAfSlRK14KIxyo76xuzv/XZWOi9JmdDvztlwdQah35+STGjLmk4RolRM+IK/cRcEWYnRxzvXY0n6xY4t9tR2VkdZ0B49O+468LtX1XCjSZcgM9q1VJyQbztlM940M][domain: soap.tracking.thermoking.com][path: /][expiry: null] match [(secure)soap.tracking.thermoking.com:443/tk-webservices/Command]
21:06:38.650 [pool-2-thread-2] DEBUG org.apache.http.client.protocol.RequestAuthCache - Auth cache not set in the context
21:06:38.651 [pool-2-thread-2] DEBUG com.intuit.karate - request:
1 > POST https://soap.tracking.thermoking.com/tk-webservices/Command
1 > Accept-Encoding: gzip,deflate
1 > Authorization: Basic d2Vic2VydmljZS51c2VyLmFsbC4yMTRATUlTU0lORy5DT006Z2g2MmpBST51TFB1dmxw
1 > Connection: Keep-Alive
1 > Content-Length: 634
1 > Content-Type: application/xml; charset=UTF-8
1 > Cookie: AWSALBTG=4oEO8j3KkXkHOJ42HnYlpal2KMNxgqMDvbfqs0vah+HdxuiBAfSlRK14KIxyo76xuzv/XZWOi9JmdDvztlwdQah35+STGjLmk4RolRM+IK/cRcEWYnRxzvXY0n6xY4t9tR2VkdZ0B49O+468LtX1XCjSZcgM9q1VJyQbztlM940M; AWSALBTGCORS=4oEO8j3KkXkHOJ42HnYlpal2KMNxgqMDvbfqs0vah+HdxuiBAfSlRK14KIxyo76xuzv/XZWOi9JmdDvztlwdQah35+STGjLmk4RolRM+IK/cRcEWYnRxzvXY0n6xY4t9tR2VkdZ0B49O+468LtX1XCjSZcgM9q1VJyQbztlM940M
1 > Host: soap.tracking.thermoking.com
1 > SOAPAction: 
1 > User-Agent: Apache-HttpClient/4.5.11 (Java/1.8.0_121)
<soapenv:Envelope xmlns:soapenv="http://schemas.xmlsoap.org/soap/envelope/" xmlns:ser="http://service.jbossws.webservices.celtrak.com/">
    <soapenv:Header/>
    <soapenv:Body>
        <ser:getRequestStatus>
            <!--1 or more repetitions:-->
            <RequestStatuses>
                <customerId>4560BD5E-BD7B-42B0-8DCB-627EB8454C72</customerId>
                <requestReference>q3468077</requestReference>
                <vehicleId>Bluebox India 2</vehicleId>
            </RequestStatuses>
            <operatorName>?</operatorName>
        </ser:getRequestStatus>
    </soapenv:Body>
</soapenv:Envelope>

21:06:38.651 [pool-2-thread-2] DEBUG org.apache.http.impl.conn.PoolingHttpClientConnectionManager - Connection request: [route: {s}->https://soap.tracking.thermoking.com:443][total available: 0; route allocated: 0 of 5; total allocated: 0 of 10]
21:06:38.652 [pool-2-thread-2] DEBUG org.apache.http.impl.conn.PoolingHttpClientConnectionManager - Connection leased: [id: 6][route: {s}->https://soap.tracking.thermoking.com:443][total available: 0; route allocated: 1 of 5; total allocated: 1 of 10]
21:06:38.652 [pool-2-thread-2] DEBUG org.apache.http.impl.execchain.MainClientExec - Opening connection {s}->https://soap.tracking.thermoking.com:443
21:06:38.653 [pool-2-thread-2] DEBUG org.apache.http.impl.conn.DefaultHttpClientConnectionOperator - Connecting to soap.tracking.thermoking.com/3.94.35.196:443
21:06:38.653 [pool-2-thread-2] DEBUG org.apache.http.conn.ssl.SSLConnectionSocketFactory - Connecting socket to soap.tracking.thermoking.com/3.94.35.196:443 with timeout 30000
21:06:38.949 [pool-2-thread-2] DEBUG org.apache.http.conn.ssl.SSLConnectionSocketFactory - Enabled protocols: [TLSv1, TLSv1.1, TLSv1.2]
21:06:38.949 [pool-2-thread-2] DEBUG org.apache.http.conn.ssl.SSLConnectionSocketFactory - Enabled cipher suites:[TLS_ECDHE_ECDSA_WITH_AES_128_CBC_SHA256, TLS_ECDHE_RSA_WITH_AES_128_CBC_SHA256, TLS_RSA_WITH_AES_128_CBC_SHA256, TLS_ECDH_ECDSA_WITH_AES_128_CBC_SHA256, TLS_ECDH_RSA_WITH_AES_128_CBC_SHA256, TLS_DHE_RSA_WITH_AES_128_CBC_SHA256, TLS_DHE_DSS_WITH_AES_128_CBC_SHA256, TLS_ECDHE_ECDSA_WITH_AES_128_CBC_SHA, TLS_ECDHE_RSA_WITH_AES_128_CBC_SHA, TLS_RSA_WITH_AES_128_CBC_SHA, TLS_ECDH_ECDSA_WITH_AES_128_CBC_SHA, TLS_ECDH_RSA_WITH_AES_128_CBC_SHA, TLS_DHE_RSA_WITH_AES_128_CBC_SHA, TLS_DHE_DSS_WITH_AES_128_CBC_SHA, TLS_ECDHE_ECDSA_WITH_AES_128_GCM_SHA256, TLS_ECDHE_RSA_WITH_AES_128_GCM_SHA256, TLS_RSA_WITH_AES_128_GCM_SHA256, TLS_ECDH_ECDSA_WITH_AES_128_GCM_SHA256, TLS_ECDH_RSA_WITH_AES_128_GCM_SHA256, TLS_DHE_RSA_WITH_AES_128_GCM_SHA256, TLS_DHE_DSS_WITH_AES_128_GCM_SHA256, TLS_EMPTY_RENEGOTIATION_INFO_SCSV]
21:06:38.949 [pool-2-thread-2] DEBUG org.apache.http.conn.ssl.SSLConnectionSocketFactory - Starting handshake
21:06:39.293 [pool-2-thread-2] DEBUG org.apache.http.conn.ssl.SSLConnectionSocketFactory - Secure session established
21:06:39.293 [pool-2-thread-2] DEBUG org.apache.http.conn.ssl.SSLConnectionSocketFactory -  negotiated protocol: TLSv1.2
21:06:39.294 [pool-2-thread-2] DEBUG org.apache.http.conn.ssl.SSLConnectionSocketFactory -  negotiated cipher suite: TLS_ECDHE_RSA_WITH_AES_128_GCM_SHA256
21:06:39.294 [pool-2-thread-2] DEBUG org.apache.http.conn.ssl.SSLConnectionSocketFactory -  peer principal: CN=*.tracking.thermoking.com
21:06:39.294 [pool-2-thread-2] DEBUG org.apache.http.conn.ssl.SSLConnectionSocketFactory -  peer alternative names: [*.tracking.thermoking.com]
21:06:39.294 [pool-2-thread-2] DEBUG org.apache.http.conn.ssl.SSLConnectionSocketFactory -  issuer principal: CN=Amazon, OU=Server CA 1B, O=Amazon, C=US
21:06:39.295 [pool-2-thread-2] DEBUG org.apache.http.impl.conn.DefaultHttpClientConnectionOperator - Connection established 10.200.54.16:51651<->3.94.35.196:443
21:06:39.295 [pool-2-thread-2] DEBUG org.apache.http.impl.conn.DefaultManagedHttpClientConnection - http-outgoing-6: set socket timeout to 30000
21:06:39.295 [pool-2-thread-2] DEBUG org.apache.http.impl.execchain.MainClientExec - Executing request POST /tk-webservices/Command HTTP/1.1
21:06:39.295 [pool-2-thread-2] DEBUG org.apache.http.impl.execchain.MainClientExec - Proxy auth state: UNCHALLENGED
21:06:39.296 [pool-2-thread-2] DEBUG org.apache.http.headers - http-outgoing-6 >> POST /tk-webservices/Command HTTP/1.1
21:06:39.296 [pool-2-thread-2] DEBUG org.apache.http.headers - http-outgoing-6 >> Authorization: Basic d2Vic2VydmljZS51c2VyLmFsbC4yMTRATUlTU0lORy5DT006Z2g2MmpBST51TFB1dmxw
21:06:39.296 [pool-2-thread-2] DEBUG org.apache.http.headers - http-outgoing-6 >> SOAPAction: 
21:06:39.296 [pool-2-thread-2] DEBUG org.apache.http.headers - http-outgoing-6 >> Content-Type: application/xml; charset=UTF-8
21:06:39.296 [pool-2-thread-2] DEBUG org.apache.http.headers - http-outgoing-6 >> Content-Length: 634
21:06:39.296 [pool-2-thread-2] DEBUG org.apache.http.headers - http-outgoing-6 >> Host: soap.tracking.thermoking.com
21:06:39.296 [pool-2-thread-2] DEBUG org.apache.http.headers - http-outgoing-6 >> Connection: Keep-Alive
21:06:39.297 [pool-2-thread-2] DEBUG org.apache.http.headers - http-outgoing-6 >> User-Agent: Apache-HttpClient/4.5.11 (Java/1.8.0_121)
21:06:39.297 [pool-2-thread-2] DEBUG org.apache.http.headers - http-outgoing-6 >> Cookie: AWSALBTG=4oEO8j3KkXkHOJ42HnYlpal2KMNxgqMDvbfqs0vah+HdxuiBAfSlRK14KIxyo76xuzv/XZWOi9JmdDvztlwdQah35+STGjLmk4RolRM+IK/cRcEWYnRxzvXY0n6xY4t9tR2VkdZ0B49O+468LtX1XCjSZcgM9q1VJyQbztlM940M; AWSALBTGCORS=4oEO8j3KkXkHOJ42HnYlpal2KMNxgqMDvbfqs0vah+HdxuiBAfSlRK14KIxyo76xuzv/XZWOi9JmdDvztlwdQah35+STGjLmk4RolRM+IK/cRcEWYnRxzvXY0n6xY4t9tR2VkdZ0B49O+468LtX1XCjSZcgM9q1VJyQbztlM940M
21:06:39.297 [pool-2-thread-2] DEBUG org.apache.http.headers - http-outgoing-6 >> Accept-Encoding: gzip,deflate
21:06:39.297 [pool-2-thread-2] DEBUG org.apache.http.wire - http-outgoing-6 >> "POST /tk-webservices/Command HTTP/1.1[\r][\n]"
21:06:39.297 [pool-2-thread-2] DEBUG org.apache.http.wire - http-outgoing-6 >> "Authorization: Basic d2Vic2VydmljZS51c2VyLmFsbC4yMTRATUlTU0lORy5DT006Z2g2MmpBST51TFB1dmxw[\r][\n]"
21:06:39.297 [pool-2-thread-2] DEBUG org.apache.http.wire - http-outgoing-6 >> "SOAPAction: [\r][\n]"
21:06:39.297 [pool-2-thread-2] DEBUG org.apache.http.wire - http-outgoing-6 >> "Content-Type: application/xml; charset=UTF-8[\r][\n]"
21:06:39.297 [pool-2-thread-2] DEBUG org.apache.http.wire - http-outgoing-6 >> "Content-Length: 634[\r][\n]"
21:06:39.297 [pool-2-thread-2] DEBUG org.apache.http.wire - http-outgoing-6 >> "Host: soap.tracking.thermoking.com[\r][\n]"
21:06:39.297 [pool-2-thread-2] DEBUG org.apache.http.wire - http-outgoing-6 >> "Connection: Keep-Alive[\r][\n]"
21:06:39.298 [pool-2-thread-2] DEBUG org.apache.http.wire - http-outgoing-6 >> "User-Agent: Apache-HttpClient/4.5.11 (Java/1.8.0_121)[\r][\n]"
21:06:39.298 [pool-2-thread-2] DEBUG org.apache.http.wire - http-outgoing-6 >> "Cookie: AWSALBTG=4oEO8j3KkXkHOJ42HnYlpal2KMNxgqMDvbfqs0vah+HdxuiBAfSlRK14KIxyo76xuzv/XZWOi9JmdDvztlwdQah35+STGjLmk4RolRM+IK/cRcEWYnRxzvXY0n6xY4t9tR2VkdZ0B49O+468LtX1XCjSZcgM9q1VJyQbztlM940M; AWSALBTGCORS=4oEO8j3KkXkHOJ42HnYlpal2KMNxgqMDvbfqs0vah+HdxuiBAfSlRK14KIxyo76xuzv/XZWOi9JmdDvztlwdQah35+STGjLmk4RolRM+IK/cRcEWYnRxzvXY0n6xY4t9tR2VkdZ0B49O+468LtX1XCjSZcgM9q1VJyQbztlM940M[\r][\n]"
21:06:39.298 [pool-2-thread-2] DEBUG org.apache.http.wire - http-outgoing-6 >> "Accept-Encoding: gzip,deflate[\r][\n]"
21:06:39.298 [pool-2-thread-2] DEBUG org.apache.http.wire - http-outgoing-6 >> "[\r][\n]"
21:06:39.298 [pool-2-thread-2] DEBUG org.apache.http.wire - http-outgoing-6 >> "<soapenv:Envelope xmlns:soapenv="http://schemas.xmlsoap.org/soap/envelope/" xmlns:ser="http://service.jbossws.webservices.celtrak.com/">[\r][\n]"
21:06:39.298 [pool-2-thread-2] DEBUG org.apache.http.wire - http-outgoing-6 >> "    <soapenv:Header/>[\r][\n]"
21:06:39.298 [pool-2-thread-2] DEBUG org.apache.http.wire - http-outgoing-6 >> "    <soapenv:Body>[\r][\n]"
21:06:39.298 [pool-2-thread-2] DEBUG org.apache.http.wire - http-outgoing-6 >> "        <ser:getRequestStatus>[\r][\n]"
21:06:39.299 [pool-2-thread-2] DEBUG org.apache.http.wire - http-outgoing-6 >> "            <!--1 or more repetitions:-->[\r][\n]"
21:06:39.299 [pool-2-thread-2] DEBUG org.apache.http.wire - http-outgoing-6 >> "            <RequestStatuses>[\r][\n]"
21:06:39.299 [pool-2-thread-2] DEBUG org.apache.http.wire - http-outgoing-6 >> "                <customerId>4560BD5E-BD7B-42B0-8DCB-627EB8454C72</customerId>[\r][\n]"
21:06:39.299 [pool-2-thread-2] DEBUG org.apache.http.wire - http-outgoing-6 >> "                <requestReference>q3468077</requestReference>[\r][\n]"
21:06:39.299 [pool-2-thread-2] DEBUG org.apache.http.wire - http-outgoing-6 >> "                <vehicleId>Bluebox India 2</vehicleId>[\r][\n]"
21:06:39.299 [pool-2-thread-2] DEBUG org.apache.http.wire - http-outgoing-6 >> "            </RequestStatuses>[\r][\n]"
21:06:39.300 [pool-2-thread-2] DEBUG org.apache.http.wire - http-outgoing-6 >> "            <operatorName>?</operatorName>[\r][\n]"
21:06:39.300 [pool-2-thread-2] DEBUG org.apache.http.wire - http-outgoing-6 >> "        </ser:getRequestStatus>[\r][\n]"
21:06:39.300 [pool-2-thread-2] DEBUG org.apache.http.wire - http-outgoing-6 >> "    </soapenv:Body>[\r][\n]"
21:06:39.300 [pool-2-thread-2] DEBUG org.apache.http.wire - http-outgoing-6 >> "</soapenv:Envelope>"
21:06:42.702 [pool-2-thread-2] DEBUG org.apache.http.wire - http-outgoing-6 << "HTTP/1.1 200 OK[\r][\n]"
21:06:42.703 [pool-2-thread-2] DEBUG org.apache.http.wire - http-outgoing-6 << "Date: Mon, 13 Sep 2021 15:36:42 GMT[\r][\n]"
21:06:42.703 [pool-2-thread-2] DEBUG org.apache.http.wire - http-outgoing-6 << "Content-Type: text/xml;charset=UTF-8[\r][\n]"
21:06:42.703 [pool-2-thread-2] DEBUG org.apache.http.wire - http-outgoing-6 << "Content-Length: 993[\r][\n]"
21:06:42.703 [pool-2-thread-2] DEBUG org.apache.http.wire - http-outgoing-6 << "Connection: keep-alive[\r][\n]"
21:06:42.703 [pool-2-thread-2] DEBUG org.apache.http.wire - http-outgoing-6 << "Set-Cookie: AWSALBTG=rMVbH5zkNg142K8PzbvCLbW4SH78Ak+7ezzmB8spgW4Z1K4pBxHzd46XZsTWex8AmnGlpXE54VkslgLcGToh1xwG2+pjMmJeEH4aS1c0J4pvJItr4+Rp3srJp5UVZXthmOMohP/2o2guFj0I2CX69yXdL/M/CJv7nQE0689wp1/w; Expires=Mon, 20 Sep 2021 15:36:39 GMT; Path=/[\r][\n]"
21:06:42.704 [pool-2-thread-2] DEBUG org.apache.http.wire - http-outgoing-6 << "Set-Cookie: AWSALBTGCORS=rMVbH5zkNg142K8PzbvCLbW4SH78Ak+7ezzmB8spgW4Z1K4pBxHzd46XZsTWex8AmnGlpXE54VkslgLcGToh1xwG2+pjMmJeEH4aS1c0J4pvJItr4+Rp3srJp5UVZXthmOMohP/2o2guFj0I2CX69yXdL/M/CJv7nQE0689wp1/w; Expires=Mon, 20 Sep 2021 15:36:39 GMT; Path=/; SameSite=None; Secure[\r][\n]"
21:06:42.704 [pool-2-thread-2] DEBUG org.apache.http.wire - http-outgoing-6 << "Expires: 0[\r][\n]"
21:06:42.704 [pool-2-thread-2] DEBUG org.apache.http.wire - http-outgoing-6 << "Cache-Control: no-cache, no-store, must-revalidate[\r][\n]"
21:06:42.704 [pool-2-thread-2] DEBUG org.apache.http.wire - http-outgoing-6 << "X-Powered-By: Undertow/1[\r][\n]"
21:06:42.704 [pool-2-thread-2] DEBUG org.apache.http.wire - http-outgoing-6 << "Server: WildFly/10[\r][\n]"
21:06:42.704 [pool-2-thread-2] DEBUG org.apache.http.wire - http-outgoing-6 << "Pragma: no-cache[\r][\n]"
21:06:42.704 [pool-2-thread-2] DEBUG org.apache.http.wire - http-outgoing-6 << "[\r][\n]"
21:06:42.705 [pool-2-thread-2] DEBUG org.apache.http.wire - http-outgoing-6 << "<soap:Envelope xmlns:soap="http://schemas.xmlsoap.org/soap/envelope/"><SOAP-ENV:Header xmlns:SOAP-ENV="http://schemas.xmlsoap.org/soap/envelope/"/><soap:Body><ns2:getRequestStatusResponse xmlns:ns2="http://service.jbossws.webservices.celtrak.com/"><RequestStatus xmlns:xsi="http://www.w3.org/2001/XMLSchema-instance" xsi:type="ns2:mqRequestStatus"><commandValue>-2.0</commandValue><communicationType>SMS</communicationType><dateRequestSent>2021-09-13T15:36:06.067Z</dateRequestSent><errorType></errorType><externalCustomerId>4560BD5E-BD7B-42B0-8DCB-627EB8454C72</externalCustomerId><externalVehicleid>Bluebox India 2</externalVehicleid><messageType>Two Way New Set Point Zone 1</messageType><requestMessageTypeId>7</requestMessageTypeId><requestStatusId>4</requestStatusId><sourceIndicator>0</sourceIndicator><statusType>Scheduled</statusType><unitStateType></unitStateType><vehicleRequestId>3553333</vehicleRequestId></RequestStatus></ns2:getRequestStatusResponse></soap:Body></soap:Envelope>"
21:06:42.706 [pool-2-thread-2] DEBUG org.apache.http.headers - http-outgoing-6 << HTTP/1.1 200 OK
21:06:42.706 [pool-2-thread-2] DEBUG org.apache.http.headers - http-outgoing-6 << Date: Mon, 13 Sep 2021 15:36:42 GMT
21:06:42.706 [pool-2-thread-2] DEBUG org.apache.http.headers - http-outgoing-6 << Content-Type: text/xml;charset=UTF-8
21:06:42.706 [pool-2-thread-2] DEBUG org.apache.http.headers - http-outgoing-6 << Content-Length: 993
21:06:42.706 [pool-2-thread-2] DEBUG org.apache.http.headers - http-outgoing-6 << Connection: keep-alive
21:06:42.706 [pool-2-thread-2] DEBUG org.apache.http.headers - http-outgoing-6 << Set-Cookie: AWSALBTG=rMVbH5zkNg142K8PzbvCLbW4SH78Ak+7ezzmB8spgW4Z1K4pBxHzd46XZsTWex8AmnGlpXE54VkslgLcGToh1xwG2+pjMmJeEH4aS1c0J4pvJItr4+Rp3srJp5UVZXthmOMohP/2o2guFj0I2CX69yXdL/M/CJv7nQE0689wp1/w; Expires=Mon, 20 Sep 2021 15:36:39 GMT; Path=/
21:06:42.706 [pool-2-thread-2] DEBUG org.apache.http.headers - http-outgoing-6 << Set-Cookie: AWSALBTGCORS=rMVbH5zkNg142K8PzbvCLbW4SH78Ak+7ezzmB8spgW4Z1K4pBxHzd46XZsTWex8AmnGlpXE54VkslgLcGToh1xwG2+pjMmJeEH4aS1c0J4pvJItr4+Rp3srJp5UVZXthmOMohP/2o2guFj0I2CX69yXdL/M/CJv7nQE0689wp1/w; Expires=Mon, 20 Sep 2021 15:36:39 GMT; Path=/; SameSite=None; Secure
21:06:42.706 [pool-2-thread-2] DEBUG org.apache.http.headers - http-outgoing-6 << Expires: 0
21:06:42.706 [pool-2-thread-2] DEBUG org.apache.http.headers - http-outgoing-6 << Cache-Control: no-cache, no-store, must-revalidate
21:06:42.706 [pool-2-thread-2] DEBUG org.apache.http.headers - http-outgoing-6 << X-Powered-By: Undertow/1
21:06:42.706 [pool-2-thread-2] DEBUG org.apache.http.headers - http-outgoing-6 << Server: WildFly/10
21:06:42.706 [pool-2-thread-2] DEBUG org.apache.http.headers - http-outgoing-6 << Pragma: no-cache
21:06:42.707 [pool-2-thread-2] DEBUG org.apache.http.impl.execchain.MainClientExec - Connection can be kept alive indefinitely
21:06:42.709 [pool-2-thread-2] DEBUG org.apache.http.client.protocol.ResponseProcessCookies - Cookie accepted [AWSALBTG="rMVbH5zkNg142K8PzbvCLbW4SH78Ak+7ezzmB8spgW4Z1K4pBxHzd46XZsTWex8AmnGlpXE54VkslgLcGToh1xwG2+pjMmJeEH4a...", version:0, domain:soap.tracking.thermoking.com, path:/, expiry:Mon Sep 20 21:06:39 IST 2021]
21:06:42.711 [pool-2-thread-2] DEBUG org.apache.http.client.protocol.ResponseProcessCookies - Cookie accepted [AWSALBTGCORS="rMVbH5zkNg142K8PzbvCLbW4SH78Ak+7ezzmB8spgW4Z1K4pBxHzd46XZsTWex8AmnGlpXE54VkslgLcGToh1xwG2+pjMmJeEH4a...", version:0, domain:soap.tracking.thermoking.com, path:/, expiry:Mon Sep 20 21:06:39 IST 2021]
21:06:42.712 [pool-2-thread-2] DEBUG org.apache.http.impl.conn.PoolingHttpClientConnectionManager - Connection [id: 6][route: {s}->https://soap.tracking.thermoking.com:443] can be kept alive indefinitely
21:06:42.712 [pool-2-thread-2] DEBUG org.apache.http.impl.conn.DefaultManagedHttpClientConnection - http-outgoing-6: set socket timeout to 0
21:06:42.712 [pool-2-thread-2] DEBUG org.apache.http.impl.conn.PoolingHttpClientConnectionManager - Connection released: [id: 6][route: {s}->https://soap.tracking.thermoking.com:443][total available: 1; route allocated: 1 of 5; total allocated: 1 of 10]
21:06:42.712 [pool-2-thread-2] DEBUG com.intuit.karate - response time in milliseconds: 4059.79
1 < 200
1 < Cache-Control: no-cache, no-store, must-revalidate
1 < Connection: keep-alive
1 < Content-Length: 993
1 < Content-Type: text/xml;charset=UTF-8
1 < Date: Mon, 13 Sep 2021 15:36:42 GMT
1 < Expires: 0
1 < Pragma: no-cache
1 < Server: WildFly/10
1 < Set-Cookie: [AWSALBTG=rMVbH5zkNg142K8PzbvCLbW4SH78Ak+7ezzmB8spgW4Z1K4pBxHzd46XZsTWex8AmnGlpXE54VkslgLcGToh1xwG2+pjMmJeEH4aS1c0J4pvJItr4+Rp3srJp5UVZXthmOMohP/2o2guFj0I2CX69yXdL/M/CJv7nQE0689wp1/w; Expires=Mon, 20 Sep 2021 15:36:39 GMT; Path=/, AWSALBTGCORS=rMVbH5zkNg142K8PzbvCLbW4SH78Ak+7ezzmB8spgW4Z1K4pBxHzd46XZsTWex8AmnGlpXE54VkslgLcGToh1xwG2+pjMmJeEH4aS1c0J4pvJItr4+Rp3srJp5UVZXthmOMohP/2o2guFj0I2CX69yXdL/M/CJv7nQE0689wp1/w; Expires=Mon, 20 Sep 2021 15:36:39 GMT; Path=/; SameSite=None; Secure]
1 < X-Powered-By: Undertow/1
<soap:Envelope xmlns:soap="http://schemas.xmlsoap.org/soap/envelope/"><SOAP-ENV:Header xmlns:SOAP-ENV="http://schemas.xmlsoap.org/soap/envelope/"/><soap:Body><ns2:getRequestStatusResponse xmlns:ns2="http://service.jbossws.webservices.celtrak.com/"><RequestStatus xmlns:xsi="http://www.w3.org/2001/XMLSchema-instance" xsi:type="ns2:mqRequestStatus"><commandValue>-2.0</commandValue><communicationType>SMS</communicationType><dateRequestSent>2021-09-13T15:36:06.067Z</dateRequestSent><errorType></errorType><externalCustomerId>4560BD5E-BD7B-42B0-8DCB-627EB8454C72</externalCustomerId><externalVehicleid>Bluebox India 2</externalVehicleid><messageType>Two Way New Set Point Zone 1</messageType><requestMessageTypeId>7</requestMessageTypeId><requestStatusId>4</requestStatusId><sourceIndicator>0</sourceIndicator><statusType>Scheduled</statusType><unitStateType></unitStateType><vehicleRequestId>3553333</vehicleRequestId></RequestStatus></ns2:getRequestStatusResponse></soap:Body></soap:Envelope>

21:06:42.725 [pool-2-thread-2] INFO com.intuit.karate - [print] <soap:Envelope xmlns:soap="http://schemas.xmlsoap.org/soap/envelope/">
  <SOAP-ENV:Header xmlns:SOAP-ENV="http://schemas.xmlsoap.org/soap/envelope/"/>
  <soap:Body>
    <ns2:getRequestStatusResponse xmlns:ns2="http://service.jbossws.webservices.celtrak.com/">
      <RequestStatus xmlns:xsi="http://www.w3.org/2001/XMLSchema-instance" xsi:type="ns2:mqRequestStatus">
        <commandValue>-2.0</commandValue>
        <communicationType>SMS</communicationType>
        <dateRequestSent>2021-09-13T15:36:06.067Z</dateRequestSent>
        <errorType/>
        <externalCustomerId>4560BD5E-BD7B-42B0-8DCB-627EB8454C72</externalCustomerId>
        <externalVehicleid>Bluebox India 2</externalVehicleid>
        <messageType>Two Way New Set Point Zone 1</messageType>
        <requestMessageTypeId>7</requestMessageTypeId>
        <requestStatusId>4</requestStatusId>
        <sourceIndicator>0</sourceIndicator>
        <statusType>Scheduled</statusType>
        <unitStateType/>
        <vehicleRequestId>3553333</vehicleRequestId>
      </RequestStatus>
    </ns2:getRequestStatusResponse>
  </soap:Body>
</soap:Envelope>

21:06:42.743 [pool-2-thread-2] DEBUG com.jayway.jsonpath.internal.path.CompiledPath - Evaluating path: $
21:06:42.772 [pool-2-thread-2] INFO com.intuit.karate.Runner - <<pass>> feature 6 of 8: classpath:resources/Soap.feature
---------------------------------------------------------
feature: classpath:resources/Soap.feature
report: target\surefire-reports\resources.Soap.json
scenarios:  1 | passed:  1 | failed:  0 | time: 43.8886
---------------------------------------------------------
Karate version: 0.9.5
======================================================
elapsed:  45.99 | threads:    5 | thread time: 64.63 
features:     3 | ignored:    4 | efficiency: 0.28
scenarios:    5 | passed:     3 | failed: 2
======================================================
failed features:
resources.DetailsPost: DetailsPost.feature:44 - status code was: 401, expected: 200, response time: 1303, url: https://restdev1.tracking.thermoking.com/connected-solutions/GetCarrierVehicleList/?externalCarrierId=52D0B083-E9B7-47F6-9BAA-D22951DD1E50, response: {"path":"/connected-solutions/GetCarrierVehicleList/","error":"Unauthorized","message":"Invalid Carrier External Id","timestamp":"2021-09-13T15:36:07.644+0000","status":401}
DetailsPost.feature:62 - status code was: 401, expected: 200, response time: 1606, url: https://restdev1.tracking.thermoking.com/connected-solutions/StartTrip/?externalCarrierId=52D0B083-E9B7-47F6-9BAA-D22951DD1E50&vehicleExtId=1100295&scheduledStartTime=2021-05-19+09%3A00%3A00&scheduledDeliveryTime=2021-05-19+09%3A00%3A00&commodity=, response: {"path":"/connected-solutions/StartTrip/","error":"Unauthorized","message":"Invalid Carrier External Id","timestamp":"2021-09-13T15:36:09.343+0000","status":401}

21:06:43.875 [Finalizer] DEBUG org.apache.http.impl.conn.PoolingHttpClientConnectionManager - Connection manager is shutting down
21:06:43.875 [Finalizer] DEBUG org.apache.http.impl.conn.DefaultManagedHttpClientConnection - http-outgoing-5: Close connection
21:06:43.876 [Finalizer] DEBUG org.apache.http.impl.conn.PoolingHttpClientConnectionManager - Connection manager shut down
21:06:43.876 [Finalizer] DEBUG org.apache.http.impl.conn.PoolingHttpClientConnectionManager - Connection manager is shutting down
21:06:43.876 [Finalizer] DEBUG org.apache.http.impl.conn.DefaultManagedHttpClientConnection - http-outgoing-6: Close connection
21:06:43.878 [Finalizer] DEBUG org.apache.http.impl.conn.PoolingHttpClientConnectionManager - Connection manager shut down
21:06:44.889 [Finalizer] DEBUG org.apache.http.impl.conn.PoolingHttpClientConnectionManager - Connection manager is shutting down
21:06:44.889 [Finalizer] DEBUG org.apache.http.impl.conn.DefaultManagedHttpClientConnection - http-outgoing-3: Close connection
21:06:44.889 [Finalizer] DEBUG org.apache.http.impl.conn.PoolingHttpClientConnectionManager - Connection manager shut down
21:06:45.045 [main] DEBUG org.apache.velocity - CommonsLogLogChute name is 'org.apache.velocity'
21:06:45.045 [main] DEBUG org.apache.velocity - Initializing Velocity, Calling init()...
21:06:45.045 [main] DEBUG org.apache.velocity - Starting Apache Velocity v1.7 (compiled: 2010-11-19 12:14:37)
21:06:45.045 [main] DEBUG org.apache.velocity - Default Properties File: org\apache\velocity\runtime\defaults\velocity.properties
21:06:45.045 [main] DEBUG org.apache.velocity - Trying to use logger class org.apache.velocity.runtime.log.AvalonLogChute
21:06:45.045 [main] DEBUG org.apache.velocity - Target log system for org.apache.velocity.runtime.log.AvalonLogChute is not available (java.lang.NoClassDefFoundError: org/apache/log/format/Formatter).  Falling back to next log system...
21:06:45.045 [main] DEBUG org.apache.velocity - Trying to use logger class org.apache.velocity.runtime.log.Log4JLogChute
21:06:45.045 [main] DEBUG org.apache.velocity - Target log system for org.apache.velocity.runtime.log.Log4JLogChute is not available (java.lang.NoClassDefFoundError: org/apache/log4j/Layout).  Falling back to next log system...
21:06:45.045 [main] DEBUG org.apache.velocity - Trying to use logger class org.apache.velocity.runtime.log.CommonsLogLogChute
21:06:45.045 [main] DEBUG org.apache.velocity - Using logger class org.apache.velocity.runtime.log.CommonsLogLogChute
21:06:45.054 [main] DEBUG org.apache.velocity - ResourceLoader instantiated: org.apache.velocity.runtime.resource.loader.ClasspathResourceLoader
21:06:45.077 [main] DEBUG org.apache.velocity - ResourceCache: initialized (class org.apache.velocity.runtime.resource.ResourceCacheImpl) with class java.util.Collections$SynchronizedMap cache map.
21:06:45.081 [main] DEBUG org.apache.velocity - Loaded System Directive: org.apache.velocity.runtime.directive.Stop
21:06:45.085 [main] DEBUG org.apache.velocity - Loaded System Directive: org.apache.velocity.runtime.directive.Define
21:06:45.087 [main] DEBUG org.apache.velocity - Loaded System Directive: org.apache.velocity.runtime.directive.Break
21:06:45.089 [main] DEBUG org.apache.velocity - Loaded System Directive: org.apache.velocity.runtime.directive.Evaluate
21:06:45.091 [main] DEBUG org.apache.velocity - Loaded System Directive: org.apache.velocity.runtime.directive.Literal
21:06:45.094 [main] DEBUG org.apache.velocity - Loaded System Directive: org.apache.velocity.runtime.directive.Macro
21:06:45.098 [main] DEBUG org.apache.velocity - Loaded System Directive: org.apache.velocity.runtime.directive.Parse
21:06:45.102 [main] DEBUG org.apache.velocity - Loaded System Directive: org.apache.velocity.runtime.directive.Include
21:06:45.105 [main] DEBUG org.apache.velocity - Loaded System Directive: org.apache.velocity.runtime.directive.Foreach
21:06:45.184 [main] DEBUG org.apache.velocity - Created '20' parsers.
21:06:45.207 [main] DEBUG org.apache.velocity - Velocimacro : "velocimacro.library" is not set.  Trying default library: VM_global_library.vm
21:06:45.209 [main] DEBUG org.apache.velocity - Could not load resource 'VM_global_library.vm' from ResourceLoader org.apache.velocity.runtime.resource.loader.ClasspathResourceLoader: ClasspathResourceLoader Error: cannot find resource VM_global_library.vm
21:06:45.209 [main] DEBUG org.apache.velocity - Velocimacro : Default library not found.
21:06:45.209 [main] DEBUG org.apache.velocity - Velocimacro : allowInline = true : VMs can be defined inline in templates
21:06:45.209 [main] DEBUG org.apache.velocity - Velocimacro : allowInlineToOverride = false : VMs defined inline may NOT replace previous VM definitions
21:06:45.209 [main] DEBUG org.apache.velocity - Velocimacro : allowInlineLocal = false : VMs defined inline will be global in scope if allowed.
21:06:45.209 [main] DEBUG org.apache.velocity - Velocimacro : autoload off : VM system will not automatically reload global library macros
21:06:45.631 [main] DEBUG org.apache.velocity - CommonsLogLogChute name is 'org.apache.velocity'
21:06:45.632 [main] DEBUG org.apache.velocity - Initializing Velocity, Calling init()...
21:06:45.632 [main] DEBUG org.apache.velocity - Starting Apache Velocity v1.7 (compiled: 2010-11-19 12:14:37)
21:06:45.632 [main] DEBUG org.apache.velocity - Default Properties File: org\apache\velocity\runtime\defaults\velocity.properties
21:06:45.632 [main] DEBUG org.apache.velocity - Trying to use logger class org.apache.velocity.runtime.log.AvalonLogChute
21:06:45.632 [main] DEBUG org.apache.velocity - Target log system for org.apache.velocity.runtime.log.AvalonLogChute is not available (java.lang.NoClassDefFoundError: org/apache/log/format/Formatter).  Falling back to next log system...
21:06:45.632 [main] DEBUG org.apache.velocity - Trying to use logger class org.apache.velocity.runtime.log.Log4JLogChute
21:06:45.632 [main] DEBUG org.apache.velocity - Target log system for org.apache.velocity.runtime.log.Log4JLogChute is not available (java.lang.NoClassDefFoundError: org/apache/log4j/Layout).  Falling back to next log system...
21:06:45.632 [main] DEBUG org.apache.velocity - Trying to use logger class org.apache.velocity.runtime.log.CommonsLogLogChute
21:06:45.632 [main] DEBUG org.apache.velocity - Using logger class org.apache.velocity.runtime.log.CommonsLogLogChute
21:06:45.632 [main] DEBUG org.apache.velocity - ResourceLoader instantiated: org.apache.velocity.runtime.resource.loader.ClasspathResourceLoader
21:06:45.633 [main] DEBUG org.apache.velocity - ResourceCache: initialized (class org.apache.velocity.runtime.resource.ResourceCacheImpl) with class java.util.Collections$SynchronizedMap cache map.
21:06:45.634 [main] DEBUG org.apache.velocity - Loaded System Directive: org.apache.velocity.runtime.directive.Stop
21:06:45.635 [main] DEBUG org.apache.velocity - Loaded System Directive: org.apache.velocity.runtime.directive.Define
21:06:45.635 [main] DEBUG org.apache.velocity - Loaded System Directive: org.apache.velocity.runtime.directive.Break
21:06:45.635 [main] DEBUG org.apache.velocity - Loaded System Directive: org.apache.velocity.runtime.directive.Evaluate
21:06:45.635 [main] DEBUG org.apache.velocity - Loaded System Directive: org.apache.velocity.runtime.directive.Literal
21:06:45.635 [main] DEBUG org.apache.velocity - Loaded System Directive: org.apache.velocity.runtime.directive.Macro
21:06:45.635 [main] DEBUG org.apache.velocity - Loaded System Directive: org.apache.velocity.runtime.directive.Parse
21:06:45.635 [main] DEBUG org.apache.velocity - Loaded System Directive: org.apache.velocity.runtime.directive.Include
21:06:45.636 [main] DEBUG org.apache.velocity - Loaded System Directive: org.apache.velocity.runtime.directive.Foreach
21:06:45.638 [main] DEBUG org.apache.velocity - Created '20' parsers.
21:06:45.639 [main] DEBUG org.apache.velocity - Velocimacro : "velocimacro.library" is not set.  Trying default library: VM_global_library.vm
21:06:45.640 [main] DEBUG org.apache.velocity - Could not load resource 'VM_global_library.vm' from ResourceLoader org.apache.velocity.runtime.resource.loader.ClasspathResourceLoader: ClasspathResourceLoader Error: cannot find resource VM_global_library.vm
21:06:45.640 [main] DEBUG org.apache.velocity - Velocimacro : Default library not found.
21:06:45.640 [main] DEBUG org.apache.velocity - Velocimacro : allowInline = true : VMs can be defined inline in templates
21:06:45.640 [main] DEBUG org.apache.velocity - Velocimacro : allowInlineToOverride = false : VMs defined inline may NOT replace previous VM definitions
21:06:45.640 [main] DEBUG org.apache.velocity - Velocimacro : allowInlineLocal = false : VMs defined inline will be global in scope if allowed.
21:06:45.640 [main] DEBUG org.apache.velocity - Velocimacro : autoload off : VM system will not automatically reload global library macros
21:06:45.648 [main] DEBUG org.apache.velocity - CommonsLogLogChute name is 'org.apache.velocity'
21:06:45.648 [main] DEBUG org.apache.velocity - Initializing Velocity, Calling init()...
21:06:45.648 [main] DEBUG org.apache.velocity - Starting Apache Velocity v1.7 (compiled: 2010-11-19 12:14:37)
21:06:45.648 [main] DEBUG org.apache.velocity - Default Properties File: org\apache\velocity\runtime\defaults\velocity.properties
21:06:45.648 [main] DEBUG org.apache.velocity - Trying to use logger class org.apache.velocity.runtime.log.AvalonLogChute
21:06:45.648 [main] DEBUG org.apache.velocity - Target log system for org.apache.velocity.runtime.log.AvalonLogChute is not available (java.lang.NoClassDefFoundError: org/apache/log/format/Formatter).  Falling back to next log system...
21:06:45.649 [main] DEBUG org.apache.velocity - Trying to use logger class org.apache.velocity.runtime.log.Log4JLogChute
21:06:45.649 [main] DEBUG org.apache.velocity - Target log system for org.apache.velocity.runtime.log.Log4JLogChute is not available (java.lang.NoClassDefFoundError: org/apache/log4j/Layout).  Falling back to next log system...
21:06:45.649 [main] DEBUG org.apache.velocity - Trying to use logger class org.apache.velocity.runtime.log.CommonsLogLogChute
21:06:45.649 [main] DEBUG org.apache.velocity - Using logger class org.apache.velocity.runtime.log.CommonsLogLogChute
21:06:45.649 [main] DEBUG org.apache.velocity - ResourceLoader instantiated: org.apache.velocity.runtime.resource.loader.ClasspathResourceLoader
21:06:45.649 [main] DEBUG org.apache.velocity - ResourceCache: initialized (class org.apache.velocity.runtime.resource.ResourceCacheImpl) with class java.util.Collections$SynchronizedMap cache map.
21:06:45.653 [main] DEBUG org.apache.velocity - Loaded System Directive: org.apache.velocity.runtime.directive.Stop
21:06:45.654 [main] DEBUG org.apache.velocity - Loaded System Directive: org.apache.velocity.runtime.directive.Define
21:06:45.654 [main] DEBUG org.apache.velocity - Loaded System Directive: org.apache.velocity.runtime.directive.Break
21:06:45.654 [main] DEBUG org.apache.velocity - Loaded System Directive: org.apache.velocity.runtime.directive.Evaluate
21:06:45.654 [main] DEBUG org.apache.velocity - Loaded System Directive: org.apache.velocity.runtime.directive.Literal
21:06:45.654 [main] DEBUG org.apache.velocity - Loaded System Directive: org.apache.velocity.runtime.directive.Macro
21:06:45.654 [main] DEBUG org.apache.velocity - Loaded System Directive: org.apache.velocity.runtime.directive.Parse
21:06:45.654 [main] DEBUG org.apache.velocity - Loaded System Directive: org.apache.velocity.runtime.directive.Include
21:06:45.654 [main] DEBUG org.apache.velocity - Loaded System Directive: org.apache.velocity.runtime.directive.Foreach
21:06:45.657 [main] DEBUG org.apache.velocity - Created '20' parsers.
21:06:45.657 [main] DEBUG org.apache.velocity - Velocimacro : "velocimacro.library" is not set.  Trying default library: VM_global_library.vm
21:06:45.658 [main] DEBUG org.apache.velocity - Could not load resource 'VM_global_library.vm' from ResourceLoader org.apache.velocity.runtime.resource.loader.ClasspathResourceLoader: ClasspathResourceLoader Error: cannot find resource VM_global_library.vm
21:06:45.658 [main] DEBUG org.apache.velocity - Velocimacro : Default library not found.
21:06:45.658 [main] DEBUG org.apache.velocity - Velocimacro : allowInline = true : VMs can be defined inline in templates
21:06:45.658 [main] DEBUG org.apache.velocity - Velocimacro : allowInlineToOverride = false : VMs defined inline may NOT replace previous VM definitions
21:06:45.658 [main] DEBUG org.apache.velocity - Velocimacro : allowInlineLocal = false : VMs defined inline will be global in scope if allowed.
21:06:45.659 [main] DEBUG org.apache.velocity - Velocimacro : autoload off : VM system will not automatically reload global library macros
21:06:45.667 [main] DEBUG org.apache.velocity - CommonsLogLogChute name is 'org.apache.velocity'
21:06:45.667 [main] DEBUG org.apache.velocity - Initializing Velocity, Calling init()...
21:06:45.667 [main] DEBUG org.apache.velocity - Starting Apache Velocity v1.7 (compiled: 2010-11-19 12:14:37)
21:06:45.667 [main] DEBUG org.apache.velocity - Default Properties File: org\apache\velocity\runtime\defaults\velocity.properties
21:06:45.667 [main] DEBUG org.apache.velocity - Trying to use logger class org.apache.velocity.runtime.log.AvalonLogChute
21:06:45.668 [main] DEBUG org.apache.velocity - Target log system for org.apache.velocity.runtime.log.AvalonLogChute is not available (java.lang.NoClassDefFoundError: org/apache/log/format/Formatter).  Falling back to next log system...
21:06:45.668 [main] DEBUG org.apache.velocity - Trying to use logger class org.apache.velocity.runtime.log.Log4JLogChute
21:06:45.668 [main] DEBUG org.apache.velocity - Target log system for org.apache.velocity.runtime.log.Log4JLogChute is not available (java.lang.NoClassDefFoundError: org/apache/log4j/Layout).  Falling back to next log system...
21:06:45.668 [main] DEBUG org.apache.velocity - Trying to use logger class org.apache.velocity.runtime.log.CommonsLogLogChute
21:06:45.668 [main] DEBUG org.apache.velocity - Using logger class org.apache.velocity.runtime.log.CommonsLogLogChute
21:06:45.668 [main] DEBUG org.apache.velocity - ResourceLoader instantiated: org.apache.velocity.runtime.resource.loader.ClasspathResourceLoader
21:06:45.669 [main] DEBUG org.apache.velocity - ResourceCache: initialized (class org.apache.velocity.runtime.resource.ResourceCacheImpl) with class java.util.Collections$SynchronizedMap cache map.
21:06:45.671 [main] DEBUG org.apache.velocity - Loaded System Directive: org.apache.velocity.runtime.directive.Stop
21:06:45.671 [main] DEBUG org.apache.velocity - Loaded System Directive: org.apache.velocity.runtime.directive.Define
21:06:45.674 [main] DEBUG org.apache.velocity - Loaded System Directive: org.apache.velocity.runtime.directive.Break
21:06:45.674 [main] DEBUG org.apache.velocity - Loaded System Directive: org.apache.velocity.runtime.directive.Evaluate
21:06:45.675 [main] DEBUG org.apache.velocity - Loaded System Directive: org.apache.velocity.runtime.directive.Literal
21:06:45.675 [main] DEBUG org.apache.velocity - Loaded System Directive: org.apache.velocity.runtime.directive.Macro
21:06:45.675 [main] DEBUG org.apache.velocity - Loaded System Directive: org.apache.velocity.runtime.directive.Parse
21:06:45.675 [main] DEBUG org.apache.velocity - Loaded System Directive: org.apache.velocity.runtime.directive.Include
21:06:45.675 [main] DEBUG org.apache.velocity - Loaded System Directive: org.apache.velocity.runtime.directive.Foreach
21:06:45.676 [main] DEBUG org.apache.velocity - Created '20' parsers.
21:06:45.677 [main] DEBUG org.apache.velocity - Velocimacro : "velocimacro.library" is not set.  Trying default library: VM_global_library.vm
21:06:45.678 [main] DEBUG org.apache.velocity - Could not load resource 'VM_global_library.vm' from ResourceLoader org.apache.velocity.runtime.resource.loader.ClasspathResourceLoader: ClasspathResourceLoader Error: cannot find resource VM_global_library.vm
21:06:45.678 [main] DEBUG org.apache.velocity - Velocimacro : Default library not found.
21:06:45.678 [main] DEBUG org.apache.velocity - Velocimacro : allowInline = true : VMs can be defined inline in templates
21:06:45.678 [main] DEBUG org.apache.velocity - Velocimacro : allowInlineToOverride = false : VMs defined inline may NOT replace previous VM definitions
21:06:45.678 [main] DEBUG org.apache.velocity - Velocimacro : allowInlineLocal = false : VMs defined inline will be global in scope if allowed.
21:06:45.678 [main] DEBUG org.apache.velocity - Velocimacro : autoload off : VM system will not automatically reload global library macros
21:06:45.689 [main] DEBUG org.apache.velocity - CommonsLogLogChute name is 'org.apache.velocity'
21:06:45.689 [main] DEBUG org.apache.velocity - Initializing Velocity, Calling init()...
21:06:45.689 [main] DEBUG org.apache.velocity - Starting Apache Velocity v1.7 (compiled: 2010-11-19 12:14:37)
21:06:45.689 [main] DEBUG org.apache.velocity - Default Properties File: org\apache\velocity\runtime\defaults\velocity.properties
21:06:45.689 [main] DEBUG org.apache.velocity - Trying to use logger class org.apache.velocity.runtime.log.AvalonLogChute
21:06:45.689 [main] DEBUG org.apache.velocity - Target log system for org.apache.velocity.runtime.log.AvalonLogChute is not available (java.lang.NoClassDefFoundError: org/apache/log/format/Formatter).  Falling back to next log system...
21:06:45.689 [main] DEBUG org.apache.velocity - Trying to use logger class org.apache.velocity.runtime.log.Log4JLogChute
21:06:45.689 [main] DEBUG org.apache.velocity - Target log system for org.apache.velocity.runtime.log.Log4JLogChute is not available (java.lang.NoClassDefFoundError: org/apache/log4j/Layout).  Falling back to next log system...
21:06:45.689 [main] DEBUG org.apache.velocity - Trying to use logger class org.apache.velocity.runtime.log.CommonsLogLogChute
21:06:45.689 [main] DEBUG org.apache.velocity - Using logger class org.apache.velocity.runtime.log.CommonsLogLogChute
21:06:45.689 [main] DEBUG org.apache.velocity - ResourceLoader instantiated: org.apache.velocity.runtime.resource.loader.ClasspathResourceLoader
21:06:45.690 [main] DEBUG org.apache.velocity - ResourceCache: initialized (class org.apache.velocity.runtime.resource.ResourceCacheImpl) with class java.util.Collections$SynchronizedMap cache map.
21:06:45.691 [main] DEBUG org.apache.velocity - Loaded System Directive: org.apache.velocity.runtime.directive.Stop
21:06:45.691 [main] DEBUG org.apache.velocity - Loaded System Directive: org.apache.velocity.runtime.directive.Define
21:06:45.692 [main] DEBUG org.apache.velocity - Loaded System Directive: org.apache.velocity.runtime.directive.Break
21:06:45.692 [main] DEBUG org.apache.velocity - Loaded System Directive: org.apache.velocity.runtime.directive.Evaluate
21:06:45.692 [main] DEBUG org.apache.velocity - Loaded System Directive: org.apache.velocity.runtime.directive.Literal
21:06:45.692 [main] DEBUG org.apache.velocity - Loaded System Directive: org.apache.velocity.runtime.directive.Macro
21:06:45.692 [main] DEBUG org.apache.velocity - Loaded System Directive: org.apache.velocity.runtime.directive.Parse
21:06:45.692 [main] DEBUG org.apache.velocity - Loaded System Directive: org.apache.velocity.runtime.directive.Include
21:06:45.692 [main] DEBUG org.apache.velocity - Loaded System Directive: org.apache.velocity.runtime.directive.Foreach
21:06:45.693 [main] DEBUG org.apache.velocity - Created '20' parsers.
21:06:45.694 [main] DEBUG org.apache.velocity - Velocimacro : "velocimacro.library" is not set.  Trying default library: VM_global_library.vm
21:06:45.695 [main] DEBUG org.apache.velocity - Could not load resource 'VM_global_library.vm' from ResourceLoader org.apache.velocity.runtime.resource.loader.ClasspathResourceLoader: ClasspathResourceLoader Error: cannot find resource VM_global_library.vm
21:06:45.695 [main] DEBUG org.apache.velocity - Velocimacro : Default library not found.
21:06:45.695 [main] DEBUG org.apache.velocity - Velocimacro : allowInline = true : VMs can be defined inline in templates
21:06:45.695 [main] DEBUG org.apache.velocity - Velocimacro : allowInlineToOverride = false : VMs defined inline may NOT replace previous VM definitions
21:06:45.695 [main] DEBUG org.apache.velocity - Velocimacro : allowInlineLocal = false : VMs defined inline will be global in scope if allowed.
21:06:45.695 [main] DEBUG org.apache.velocity - Velocimacro : autoload off : VM system will not automatically reload global library macros
21:06:45.706 [main] DEBUG org.apache.velocity - CommonsLogLogChute name is 'org.apache.velocity'
21:06:45.706 [main] DEBUG org.apache.velocity - Initializing Velocity, Calling init()...
21:06:45.706 [main] DEBUG org.apache.velocity - Starting Apache Velocity v1.7 (compiled: 2010-11-19 12:14:37)
21:06:45.706 [main] DEBUG org.apache.velocity - Default Properties File: org\apache\velocity\runtime\defaults\velocity.properties
21:06:45.706 [main] DEBUG org.apache.velocity - Trying to use logger class org.apache.velocity.runtime.log.AvalonLogChute
21:06:45.706 [main] DEBUG org.apache.velocity - Target log system for org.apache.velocity.runtime.log.AvalonLogChute is not available (java.lang.NoClassDefFoundError: org/apache/log/format/Formatter).  Falling back to next log system...
21:06:45.706 [main] DEBUG org.apache.velocity - Trying to use logger class org.apache.velocity.runtime.log.Log4JLogChute
21:06:45.706 [main] DEBUG org.apache.velocity - Target log system for org.apache.velocity.runtime.log.Log4JLogChute is not available (java.lang.NoClassDefFoundError: org/apache/log4j/Layout).  Falling back to next log system...
21:06:45.706 [main] DEBUG org.apache.velocity - Trying to use logger class org.apache.velocity.runtime.log.CommonsLogLogChute
21:06:45.706 [main] DEBUG org.apache.velocity - Using logger class org.apache.velocity.runtime.log.CommonsLogLogChute
21:06:45.707 [main] DEBUG org.apache.velocity - ResourceLoader instantiated: org.apache.velocity.runtime.resource.loader.ClasspathResourceLoader
21:06:45.707 [main] DEBUG org.apache.velocity - ResourceCache: initialized (class org.apache.velocity.runtime.resource.ResourceCacheImpl) with class java.util.Collections$SynchronizedMap cache map.
21:06:45.709 [main] DEBUG org.apache.velocity - Loaded System Directive: org.apache.velocity.runtime.directive.Stop
21:06:45.709 [main] DEBUG org.apache.velocity - Loaded System Directive: org.apache.velocity.runtime.directive.Define
21:06:45.709 [main] DEBUG org.apache.velocity - Loaded System Directive: org.apache.velocity.runtime.directive.Break
21:06:45.709 [main] DEBUG org.apache.velocity - Loaded System Directive: org.apache.velocity.runtime.directive.Evaluate
21:06:45.709 [main] DEBUG org.apache.velocity - Loaded System Directive: org.apache.velocity.runtime.directive.Literal
21:06:45.709 [main] DEBUG org.apache.velocity - Loaded System Directive: org.apache.velocity.runtime.directive.Macro
21:06:45.709 [main] DEBUG org.apache.velocity - Loaded System Directive: org.apache.velocity.runtime.directive.Parse
21:06:45.709 [main] DEBUG org.apache.velocity - Loaded System Directive: org.apache.velocity.runtime.directive.Include
21:06:45.710 [main] DEBUG org.apache.velocity - Loaded System Directive: org.apache.velocity.runtime.directive.Foreach
21:06:45.712 [main] DEBUG org.apache.velocity - Created '20' parsers.
21:06:45.712 [main] DEBUG org.apache.velocity - Velocimacro : "velocimacro.library" is not set.  Trying default library: VM_global_library.vm
21:06:45.713 [main] DEBUG org.apache.velocity - Could not load resource 'VM_global_library.vm' from ResourceLoader org.apache.velocity.runtime.resource.loader.ClasspathResourceLoader: ClasspathResourceLoader Error: cannot find resource VM_global_library.vm
21:06:45.714 [main] DEBUG org.apache.velocity - Velocimacro : Default library not found.
21:06:45.714 [main] DEBUG org.apache.velocity - Velocimacro : allowInline = true : VMs can be defined inline in templates
21:06:45.714 [main] DEBUG org.apache.velocity - Velocimacro : allowInlineToOverride = false : VMs defined inline may NOT replace previous VM definitions
21:06:45.714 [main] DEBUG org.apache.velocity - Velocimacro : allowInlineLocal = false : VMs defined inline will be global in scope if allowed.
21:06:45.714 [main] DEBUG org.apache.velocity - Velocimacro : autoload off : VM system will not automatically reload global library macros
21:06:45.722 [main] DEBUG org.apache.velocity - CommonsLogLogChute name is 'org.apache.velocity'
21:06:45.723 [main] DEBUG org.apache.velocity - Initializing Velocity, Calling init()...
21:06:45.723 [main] DEBUG org.apache.velocity - Starting Apache Velocity v1.7 (compiled: 2010-11-19 12:14:37)
21:06:45.723 [main] DEBUG org.apache.velocity - Default Properties File: org\apache\velocity\runtime\defaults\velocity.properties
21:06:45.723 [main] DEBUG org.apache.velocity - Trying to use logger class org.apache.velocity.runtime.log.AvalonLogChute
21:06:45.723 [main] DEBUG org.apache.velocity - Target log system for org.apache.velocity.runtime.log.AvalonLogChute is not available (java.lang.NoClassDefFoundError: org/apache/log/format/Formatter).  Falling back to next log system...
21:06:45.723 [main] DEBUG org.apache.velocity - Trying to use logger class org.apache.velocity.runtime.log.Log4JLogChute
21:06:45.723 [main] DEBUG org.apache.velocity - Target log system for org.apache.velocity.runtime.log.Log4JLogChute is not available (java.lang.NoClassDefFoundError: org/apache/log4j/Layout).  Falling back to next log system...
21:06:45.723 [main] DEBUG org.apache.velocity - Trying to use logger class org.apache.velocity.runtime.log.CommonsLogLogChute
21:06:45.723 [main] DEBUG org.apache.velocity - Using logger class org.apache.velocity.runtime.log.CommonsLogLogChute
21:06:45.724 [main] DEBUG org.apache.velocity - ResourceLoader instantiated: org.apache.velocity.runtime.resource.loader.ClasspathResourceLoader
21:06:45.724 [main] DEBUG org.apache.velocity - ResourceCache: initialized (class org.apache.velocity.runtime.resource.ResourceCacheImpl) with class java.util.Collections$SynchronizedMap cache map.
21:06:45.726 [main] DEBUG org.apache.velocity - Loaded System Directive: org.apache.velocity.runtime.directive.Stop
21:06:45.726 [main] DEBUG org.apache.velocity - Loaded System Directive: org.apache.velocity.runtime.directive.Define
21:06:45.726 [main] DEBUG org.apache.velocity - Loaded System Directive: org.apache.velocity.runtime.directive.Break
21:06:45.726 [main] DEBUG org.apache.velocity - Loaded System Directive: org.apache.velocity.runtime.directive.Evaluate
21:06:45.726 [main] DEBUG org.apache.velocity - Loaded System Directive: org.apache.velocity.runtime.directive.Literal
21:06:45.727 [main] DEBUG org.apache.velocity - Loaded System Directive: org.apache.velocity.runtime.directive.Macro
21:06:45.727 [main] DEBUG org.apache.velocity - Loaded System Directive: org.apache.velocity.runtime.directive.Parse
21:06:45.727 [main] DEBUG org.apache.velocity - Loaded System Directive: org.apache.velocity.runtime.directive.Include
21:06:45.727 [main] DEBUG org.apache.velocity - Loaded System Directive: org.apache.velocity.runtime.directive.Foreach
21:06:45.731 [main] DEBUG org.apache.velocity - Created '20' parsers.
21:06:45.732 [main] DEBUG org.apache.velocity - Velocimacro : "velocimacro.library" is not set.  Trying default library: VM_global_library.vm
21:06:45.734 [main] DEBUG org.apache.velocity - Could not load resource 'VM_global_library.vm' from ResourceLoader org.apache.velocity.runtime.resource.loader.ClasspathResourceLoader: ClasspathResourceLoader Error: cannot find resource VM_global_library.vm
21:06:45.734 [main] DEBUG org.apache.velocity - Velocimacro : Default library not found.
21:06:45.734 [main] DEBUG org.apache.velocity - Velocimacro : allowInline = true : VMs can be defined inline in templates
21:06:45.734 [main] DEBUG org.apache.velocity - Velocimacro : allowInlineToOverride = false : VMs defined inline may NOT replace previous VM definitions
21:06:45.734 [main] DEBUG org.apache.velocity - Velocimacro : allowInlineLocal = false : VMs defined inline will be global in scope if allowed.
21:06:45.734 [main] DEBUG org.apache.velocity - Velocimacro : autoload off : VM system will not automatically reload global library macros
21:06:45.740 [main] DEBUG org.apache.velocity - CommonsLogLogChute name is 'org.apache.velocity'
21:06:45.740 [main] DEBUG org.apache.velocity - Initializing Velocity, Calling init()...
21:06:45.740 [main] DEBUG org.apache.velocity - Starting Apache Velocity v1.7 (compiled: 2010-11-19 12:14:37)
21:06:45.740 [main] DEBUG org.apache.velocity - Default Properties File: org\apache\velocity\runtime\defaults\velocity.properties
21:06:45.740 [main] DEBUG org.apache.velocity - Trying to use logger class org.apache.velocity.runtime.log.AvalonLogChute
21:06:45.740 [main] DEBUG org.apache.velocity - Target log system for org.apache.velocity.runtime.log.AvalonLogChute is not available (java.lang.NoClassDefFoundError: org/apache/log/format/Formatter).  Falling back to next log system...
21:06:45.740 [main] DEBUG org.apache.velocity - Trying to use logger class org.apache.velocity.runtime.log.Log4JLogChute
21:06:45.740 [main] DEBUG org.apache.velocity - Target log system for org.apache.velocity.runtime.log.Log4JLogChute is not available (java.lang.NoClassDefFoundError: org/apache/log4j/Layout).  Falling back to next log system...
21:06:45.740 [main] DEBUG org.apache.velocity - Trying to use logger class org.apache.velocity.runtime.log.CommonsLogLogChute
21:06:45.740 [main] DEBUG org.apache.velocity - Using logger class org.apache.velocity.runtime.log.CommonsLogLogChute
21:06:45.740 [main] DEBUG org.apache.velocity - ResourceLoader instantiated: org.apache.velocity.runtime.resource.loader.ClasspathResourceLoader
21:06:45.740 [main] DEBUG org.apache.velocity - ResourceCache: initialized (class org.apache.velocity.runtime.resource.ResourceCacheImpl) with class java.util.Collections$SynchronizedMap cache map.
21:06:45.742 [main] DEBUG org.apache.velocity - Loaded System Directive: org.apache.velocity.runtime.directive.Stop
21:06:45.742 [main] DEBUG org.apache.velocity - Loaded System Directive: org.apache.velocity.runtime.directive.Define
21:06:45.742 [main] DEBUG org.apache.velocity - Loaded System Directive: org.apache.velocity.runtime.directive.Break
21:06:45.742 [main] DEBUG org.apache.velocity - Loaded System Directive: org.apache.velocity.runtime.directive.Evaluate
21:06:45.742 [main] DEBUG org.apache.velocity - Loaded System Directive: org.apache.velocity.runtime.directive.Literal
21:06:45.742 [main] DEBUG org.apache.velocity - Loaded System Directive: org.apache.velocity.runtime.directive.Macro
21:06:45.742 [main] DEBUG org.apache.velocity - Loaded System Directive: org.apache.velocity.runtime.directive.Parse
21:06:45.742 [main] DEBUG org.apache.velocity - Loaded System Directive: org.apache.velocity.runtime.directive.Include
21:06:45.742 [main] DEBUG org.apache.velocity - Loaded System Directive: org.apache.velocity.runtime.directive.Foreach
21:06:45.744 [main] DEBUG org.apache.velocity - Created '20' parsers.
21:06:45.745 [main] DEBUG org.apache.velocity - Velocimacro : "velocimacro.library" is not set.  Trying default library: VM_global_library.vm
21:06:45.745 [main] DEBUG org.apache.velocity - Could not load resource 'VM_global_library.vm' from ResourceLoader org.apache.velocity.runtime.resource.loader.ClasspathResourceLoader: ClasspathResourceLoader Error: cannot find resource VM_global_library.vm
21:06:45.746 [main] DEBUG org.apache.velocity - Velocimacro : Default library not found.
21:06:45.746 [main] DEBUG org.apache.velocity - Velocimacro : allowInline = true : VMs can be defined inline in templates
21:06:45.746 [main] DEBUG org.apache.velocity - Velocimacro : allowInlineToOverride = false : VMs defined inline may NOT replace previous VM definitions
21:06:45.746 [main] DEBUG org.apache.velocity - Velocimacro : allowInlineLocal = false : VMs defined inline will be global in scope if allowed.
21:06:45.746 [main] DEBUG org.apache.velocity - Velocimacro : autoload off : VM system will not automatically reload global library macros
21:06:45.753 [main] DEBUG org.apache.velocity - CommonsLogLogChute name is 'org.apache.velocity'
21:06:45.753 [main] DEBUG org.apache.velocity - Initializing Velocity, Calling init()...
21:06:45.753 [main] DEBUG org.apache.velocity - Starting Apache Velocity v1.7 (compiled: 2010-11-19 12:14:37)
21:06:45.753 [main] DEBUG org.apache.velocity - Default Properties File: org\apache\velocity\runtime\defaults\velocity.properties
21:06:45.753 [main] DEBUG org.apache.velocity - Trying to use logger class org.apache.velocity.runtime.log.AvalonLogChute
21:06:45.753 [main] DEBUG org.apache.velocity - Target log system for org.apache.velocity.runtime.log.AvalonLogChute is not available (java.lang.NoClassDefFoundError: org/apache/log/format/Formatter).  Falling back to next log system...
21:06:45.753 [main] DEBUG org.apache.velocity - Trying to use logger class org.apache.velocity.runtime.log.Log4JLogChute
21:06:45.753 [main] DEBUG org.apache.velocity - Target log system for org.apache.velocity.runtime.log.Log4JLogChute is not available (java.lang.NoClassDefFoundError: org/apache/log4j/Layout).  Falling back to next log system...
21:06:45.753 [main] DEBUG org.apache.velocity - Trying to use logger class org.apache.velocity.runtime.log.CommonsLogLogChute
21:06:45.753 [main] DEBUG org.apache.velocity - Using logger class org.apache.velocity.runtime.log.CommonsLogLogChute
21:06:45.754 [main] DEBUG org.apache.velocity - ResourceLoader instantiated: org.apache.velocity.runtime.resource.loader.ClasspathResourceLoader
21:06:45.754 [main] DEBUG org.apache.velocity - ResourceCache: initialized (class org.apache.velocity.runtime.resource.ResourceCacheImpl) with class java.util.Collections$SynchronizedMap cache map.
21:06:45.755 [main] DEBUG org.apache.velocity - Loaded System Directive: org.apache.velocity.runtime.directive.Stop
21:06:45.755 [main] DEBUG org.apache.velocity - Loaded System Directive: org.apache.velocity.runtime.directive.Define
21:06:45.755 [main] DEBUG org.apache.velocity - Loaded System Directive: org.apache.velocity.runtime.directive.Break
21:06:45.755 [main] DEBUG org.apache.velocity - Loaded System Directive: org.apache.velocity.runtime.directive.Evaluate
21:06:45.755 [main] DEBUG org.apache.velocity - Loaded System Directive: org.apache.velocity.runtime.directive.Literal
21:06:45.755 [main] DEBUG org.apache.velocity - Loaded System Directive: org.apache.velocity.runtime.directive.Macro
21:06:45.755 [main] DEBUG org.apache.velocity - Loaded System Directive: org.apache.velocity.runtime.directive.Parse
21:06:45.755 [main] DEBUG org.apache.velocity - Loaded System Directive: org.apache.velocity.runtime.directive.Include
21:06:45.755 [main] DEBUG org.apache.velocity - Loaded System Directive: org.apache.velocity.runtime.directive.Foreach
21:06:45.756 [main] DEBUG org.apache.velocity - Created '20' parsers.
21:06:45.756 [main] DEBUG org.apache.velocity - Velocimacro : "velocimacro.library" is not set.  Trying default library: VM_global_library.vm
21:06:45.757 [main] DEBUG org.apache.velocity - Could not load resource 'VM_global_library.vm' from ResourceLoader org.apache.velocity.runtime.resource.loader.ClasspathResourceLoader: ClasspathResourceLoader Error: cannot find resource VM_global_library.vm
21:06:45.757 [main] DEBUG org.apache.velocity - Velocimacro : Default library not found.
21:06:45.757 [main] DEBUG org.apache.velocity - Velocimacro : allowInline = true : VMs can be defined inline in templates
21:06:45.757 [main] DEBUG org.apache.velocity - Velocimacro : allowInlineToOverride = false : VMs defined inline may NOT replace previous VM definitions
21:06:45.757 [main] DEBUG org.apache.velocity - Velocimacro : allowInlineLocal = false : VMs defined inline will be global in scope if allowed.
21:06:45.757 [main] DEBUG org.apache.velocity - Velocimacro : autoload off : VM system will not automatically reload global library macros
21:06:45.761 [main] DEBUG org.apache.velocity - CommonsLogLogChute name is 'org.apache.velocity'
21:06:45.761 [main] DEBUG org.apache.velocity - Initializing Velocity, Calling init()...
21:06:45.761 [main] DEBUG org.apache.velocity - Starting Apache Velocity v1.7 (compiled: 2010-11-19 12:14:37)
21:06:45.761 [main] DEBUG org.apache.velocity - Default Properties File: org\apache\velocity\runtime\defaults\velocity.properties
21:06:45.761 [main] DEBUG org.apache.velocity - Trying to use logger class org.apache.velocity.runtime.log.AvalonLogChute
21:06:45.761 [main] DEBUG org.apache.velocity - Target log system for org.apache.velocity.runtime.log.AvalonLogChute is not available (java.lang.NoClassDefFoundError: org/apache/log/format/Formatter).  Falling back to next log system...
21:06:45.761 [main] DEBUG org.apache.velocity - Trying to use logger class org.apache.velocity.runtime.log.Log4JLogChute
21:06:45.761 [main] DEBUG org.apache.velocity - Target log system for org.apache.velocity.runtime.log.Log4JLogChute is not available (java.lang.NoClassDefFoundError: org/apache/log4j/Layout).  Falling back to next log system...
21:06:45.761 [main] DEBUG org.apache.velocity - Trying to use logger class org.apache.velocity.runtime.log.CommonsLogLogChute
21:06:45.761 [main] DEBUG org.apache.velocity - Using logger class org.apache.velocity.runtime.log.CommonsLogLogChute
21:06:45.761 [main] DEBUG org.apache.velocity - ResourceLoader instantiated: org.apache.velocity.runtime.resource.loader.ClasspathResourceLoader
21:06:45.762 [main] DEBUG org.apache.velocity - ResourceCache: initialized (class org.apache.velocity.runtime.resource.ResourceCacheImpl) with class java.util.Collections$SynchronizedMap cache map.
21:06:45.763 [main] DEBUG org.apache.velocity - Loaded System Directive: org.apache.velocity.runtime.directive.Stop
21:06:45.763 [main] DEBUG org.apache.velocity - Loaded System Directive: org.apache.velocity.runtime.directive.Define
21:06:45.763 [main] DEBUG org.apache.velocity - Loaded System Directive: org.apache.velocity.runtime.directive.Break
21:06:45.763 [main] DEBUG org.apache.velocity - Loaded System Directive: org.apache.velocity.runtime.directive.Evaluate
21:06:45.763 [main] DEBUG org.apache.velocity - Loaded System Directive: org.apache.velocity.runtime.directive.Literal
21:06:45.763 [main] DEBUG org.apache.velocity - Loaded System Directive: org.apache.velocity.runtime.directive.Macro
21:06:45.763 [main] DEBUG org.apache.velocity - Loaded System Directive: org.apache.velocity.runtime.directive.Parse
21:06:45.763 [main] DEBUG org.apache.velocity - Loaded System Directive: org.apache.velocity.runtime.directive.Include
21:06:45.763 [main] DEBUG org.apache.velocity - Loaded System Directive: org.apache.velocity.runtime.directive.Foreach
21:06:45.764 [main] DEBUG org.apache.velocity - Created '20' parsers.
21:06:45.764 [main] DEBUG org.apache.velocity - Velocimacro : "velocimacro.library" is not set.  Trying default library: VM_global_library.vm
21:06:45.765 [main] DEBUG org.apache.velocity - Could not load resource 'VM_global_library.vm' from ResourceLoader org.apache.velocity.runtime.resource.loader.ClasspathResourceLoader: ClasspathResourceLoader Error: cannot find resource VM_global_library.vm
21:06:45.765 [main] DEBUG org.apache.velocity - Velocimacro : Default library not found.
21:06:45.765 [main] DEBUG org.apache.velocity - Velocimacro : allowInline = true : VMs can be defined inline in templates
21:06:45.765 [main] DEBUG org.apache.velocity - Velocimacro : allowInlineToOverride = false : VMs defined inline may NOT replace previous VM definitions
21:06:45.765 [main] DEBUG org.apache.velocity - Velocimacro : allowInlineLocal = false : VMs defined inline will be global in scope if allowed.
21:06:45.765 [main] DEBUG org.apache.velocity - Velocimacro : autoload off : VM system will not automatically reload global library macros
21:06:45.772 [main] DEBUG org.apache.velocity - CommonsLogLogChute name is 'org.apache.velocity'
21:06:45.772 [main] DEBUG org.apache.velocity - Initializing Velocity, Calling init()...
21:06:45.772 [main] DEBUG org.apache.velocity - Starting Apache Velocity v1.7 (compiled: 2010-11-19 12:14:37)
21:06:45.772 [main] DEBUG org.apache.velocity - Default Properties File: org\apache\velocity\runtime\defaults\velocity.properties
21:06:45.772 [main] DEBUG org.apache.velocity - Trying to use logger class org.apache.velocity.runtime.log.AvalonLogChute
21:06:45.772 [main] DEBUG org.apache.velocity - Target log system for org.apache.velocity.runtime.log.AvalonLogChute is not available (java.lang.NoClassDefFoundError: org/apache/log/format/Formatter).  Falling back to next log system...
21:06:45.772 [main] DEBUG org.apache.velocity - Trying to use logger class org.apache.velocity.runtime.log.Log4JLogChute
21:06:45.772 [main] DEBUG org.apache.velocity - Target log system for org.apache.velocity.runtime.log.Log4JLogChute is not available (java.lang.NoClassDefFoundError: org/apache/log4j/Layout).  Falling back to next log system...
21:06:45.772 [main] DEBUG org.apache.velocity - Trying to use logger class org.apache.velocity.runtime.log.CommonsLogLogChute
21:06:45.772 [main] DEBUG org.apache.velocity - Using logger class org.apache.velocity.runtime.log.CommonsLogLogChute
21:06:45.772 [main] DEBUG org.apache.velocity - ResourceLoader instantiated: org.apache.velocity.runtime.resource.loader.ClasspathResourceLoader
21:06:45.773 [main] DEBUG org.apache.velocity - ResourceCache: initialized (class org.apache.velocity.runtime.resource.ResourceCacheImpl) with class java.util.Collections$SynchronizedMap cache map.
21:06:45.773 [main] DEBUG org.apache.velocity - Loaded System Directive: org.apache.velocity.runtime.directive.Stop
21:06:45.773 [main] DEBUG org.apache.velocity - Loaded System Directive: org.apache.velocity.runtime.directive.Define
21:06:45.773 [main] DEBUG org.apache.velocity - Loaded System Directive: org.apache.velocity.runtime.directive.Break
21:06:45.773 [main] DEBUG org.apache.velocity - Loaded System Directive: org.apache.velocity.runtime.directive.Evaluate
21:06:45.773 [main] DEBUG org.apache.velocity - Loaded System Directive: org.apache.velocity.runtime.directive.Literal
21:06:45.774 [main] DEBUG org.apache.velocity - Loaded System Directive: org.apache.velocity.runtime.directive.Macro
21:06:45.774 [main] DEBUG org.apache.velocity - Loaded System Directive: org.apache.velocity.runtime.directive.Parse
21:06:45.774 [main] DEBUG org.apache.velocity - Loaded System Directive: org.apache.velocity.runtime.directive.Include
21:06:45.774 [main] DEBUG org.apache.velocity - Loaded System Directive: org.apache.velocity.runtime.directive.Foreach
21:06:45.793 [main] DEBUG org.apache.velocity - Created '20' parsers.
21:06:45.794 [main] DEBUG org.apache.velocity - Velocimacro : "velocimacro.library" is not set.  Trying default library: VM_global_library.vm
21:06:45.794 [main] DEBUG org.apache.velocity - Could not load resource 'VM_global_library.vm' from ResourceLoader org.apache.velocity.runtime.resource.loader.ClasspathResourceLoader: ClasspathResourceLoader Error: cannot find resource VM_global_library.vm
21:06:45.794 [main] DEBUG org.apache.velocity - Velocimacro : Default library not found.
21:06:45.794 [main] DEBUG org.apache.velocity - Velocimacro : allowInline = true : VMs can be defined inline in templates
21:06:45.794 [main] DEBUG org.apache.velocity - Velocimacro : allowInlineToOverride = false : VMs defined inline may NOT replace previous VM definitions
21:06:45.794 [main] DEBUG org.apache.velocity - Velocimacro : allowInlineLocal = false : VMs defined inline will be global in scope if allowed.
21:06:45.794 [main] DEBUG org.apache.velocity - Velocimacro : autoload off : VM system will not automatically reload global library macros
21:06:45.801 [main] DEBUG org.apache.velocity - CommonsLogLogChute name is 'org.apache.velocity'
21:06:45.801 [main] DEBUG org.apache.velocity - Initializing Velocity, Calling init()...
21:06:45.801 [main] DEBUG org.apache.velocity - Starting Apache Velocity v1.7 (compiled: 2010-11-19 12:14:37)
21:06:45.801 [main] DEBUG org.apache.velocity - Default Properties File: org\apache\velocity\runtime\defaults\velocity.properties
21:06:45.801 [main] DEBUG org.apache.velocity - Trying to use logger class org.apache.velocity.runtime.log.AvalonLogChute
21:06:45.801 [main] DEBUG org.apache.velocity - Target log system for org.apache.velocity.runtime.log.AvalonLogChute is not available (java.lang.NoClassDefFoundError: org/apache/log/format/Formatter).  Falling back to next log system...
21:06:45.801 [main] DEBUG org.apache.velocity - Trying to use logger class org.apache.velocity.runtime.log.Log4JLogChute
21:06:45.801 [main] DEBUG org.apache.velocity - Target log system for org.apache.velocity.runtime.log.Log4JLogChute is not available (java.lang.NoClassDefFoundError: org/apache/log4j/Layout).  Falling back to next log system...
21:06:45.801 [main] DEBUG org.apache.velocity - Trying to use logger class org.apache.velocity.runtime.log.CommonsLogLogChute
21:06:45.801 [main] DEBUG org.apache.velocity - Using logger class org.apache.velocity.runtime.log.CommonsLogLogChute
21:06:45.802 [main] DEBUG org.apache.velocity - ResourceLoader instantiated: org.apache.velocity.runtime.resource.loader.ClasspathResourceLoader
21:06:45.802 [main] DEBUG org.apache.velocity - ResourceCache: initialized (class org.apache.velocity.runtime.resource.ResourceCacheImpl) with class java.util.Collections$SynchronizedMap cache map.
21:06:45.803 [main] DEBUG org.apache.velocity - Loaded System Directive: org.apache.velocity.runtime.directive.Stop
21:06:45.803 [main] DEBUG org.apache.velocity - Loaded System Directive: org.apache.velocity.runtime.directive.Define
21:06:45.803 [main] DEBUG org.apache.velocity - Loaded System Directive: org.apache.velocity.runtime.directive.Break
21:06:45.803 [main] DEBUG org.apache.velocity - Loaded System Directive: org.apache.velocity.runtime.directive.Evaluate
21:06:45.803 [main] DEBUG org.apache.velocity - Loaded System Directive: org.apache.velocity.runtime.directive.Literal
21:06:45.803 [main] DEBUG org.apache.velocity - Loaded System Directive: org.apache.velocity.runtime.directive.Macro
21:06:45.803 [main] DEBUG org.apache.velocity - Loaded System Directive: org.apache.velocity.runtime.directive.Parse
21:06:45.803 [main] DEBUG org.apache.velocity - Loaded System Directive: org.apache.velocity.runtime.directive.Include
21:06:45.803 [main] DEBUG org.apache.velocity - Loaded System Directive: org.apache.velocity.runtime.directive.Foreach
21:06:45.804 [main] DEBUG org.apache.velocity - Created '20' parsers.
21:06:45.804 [main] DEBUG org.apache.velocity - Velocimacro : "velocimacro.library" is not set.  Trying default library: VM_global_library.vm
21:06:45.805 [main] DEBUG org.apache.velocity - Could not load resource 'VM_global_library.vm' from ResourceLoader org.apache.velocity.runtime.resource.loader.ClasspathResourceLoader: ClasspathResourceLoader Error: cannot find resource VM_global_library.vm
21:06:45.805 [main] DEBUG org.apache.velocity - Velocimacro : Default library not found.
21:06:45.805 [main] DEBUG org.apache.velocity - Velocimacro : allowInline = true : VMs can be defined inline in templates
21:06:45.805 [main] DEBUG org.apache.velocity - Velocimacro : allowInlineToOverride = false : VMs defined inline may NOT replace previous VM definitions
21:06:45.805 [main] DEBUG org.apache.velocity - Velocimacro : allowInlineLocal = false : VMs defined inline will be global in scope if allowed.
21:06:45.805 [main] DEBUG org.apache.velocity - Velocimacro : autoload off : VM system will not automatically reload global library macros
21:06:45.809 [main] DEBUG org.apache.velocity - CommonsLogLogChute name is 'org.apache.velocity'
21:06:45.809 [main] DEBUG org.apache.velocity - Initializing Velocity, Calling init()...
21:06:45.809 [main] DEBUG org.apache.velocity - Starting Apache Velocity v1.7 (compiled: 2010-11-19 12:14:37)
21:06:45.809 [main] DEBUG org.apache.velocity - Default Properties File: org\apache\velocity\runtime\defaults\velocity.properties
21:06:45.809 [main] DEBUG org.apache.velocity - Trying to use logger class org.apache.velocity.runtime.log.AvalonLogChute
21:06:45.809 [main] DEBUG org.apache.velocity - Target log system for org.apache.velocity.runtime.log.AvalonLogChute is not available (java.lang.NoClassDefFoundError: org/apache/log/format/Formatter).  Falling back to next log system...
21:06:45.809 [main] DEBUG org.apache.velocity - Trying to use logger class org.apache.velocity.runtime.log.Log4JLogChute
21:06:45.809 [main] DEBUG org.apache.velocity - Target log system for org.apache.velocity.runtime.log.Log4JLogChute is not available (java.lang.NoClassDefFoundError: org/apache/log4j/Layout).  Falling back to next log system...
21:06:45.809 [main] DEBUG org.apache.velocity - Trying to use logger class org.apache.velocity.runtime.log.CommonsLogLogChute
21:06:45.809 [main] DEBUG org.apache.velocity - Using logger class org.apache.velocity.runtime.log.CommonsLogLogChute
21:06:45.809 [main] DEBUG org.apache.velocity - ResourceLoader instantiated: org.apache.velocity.runtime.resource.loader.ClasspathResourceLoader
21:06:45.809 [main] DEBUG org.apache.velocity - ResourceCache: initialized (class org.apache.velocity.runtime.resource.ResourceCacheImpl) with class java.util.Collections$SynchronizedMap cache map.
21:06:45.809 [main] DEBUG org.apache.velocity - Loaded System Directive: org.apache.velocity.runtime.directive.Stop
21:06:45.809 [main] DEBUG org.apache.velocity - Loaded System Directive: org.apache.velocity.runtime.directive.Define
21:06:45.809 [main] DEBUG org.apache.velocity - Loaded System Directive: org.apache.velocity.runtime.directive.Break
21:06:45.809 [main] DEBUG org.apache.velocity - Loaded System Directive: org.apache.velocity.runtime.directive.Evaluate
21:06:45.809 [main] DEBUG org.apache.velocity - Loaded System Directive: org.apache.velocity.runtime.directive.Literal
21:06:45.809 [main] DEBUG org.apache.velocity - Loaded System Directive: org.apache.velocity.runtime.directive.Macro
21:06:45.809 [main] DEBUG org.apache.velocity - Loaded System Directive: org.apache.velocity.runtime.directive.Parse
21:06:45.809 [main] DEBUG org.apache.velocity - Loaded System Directive: org.apache.velocity.runtime.directive.Include
21:06:45.809 [main] DEBUG org.apache.velocity - Loaded System Directive: org.apache.velocity.runtime.directive.Foreach
21:06:45.810 [main] DEBUG org.apache.velocity - Created '20' parsers.
21:06:45.810 [main] DEBUG org.apache.velocity - Velocimacro : "velocimacro.library" is not set.  Trying default library: VM_global_library.vm
21:06:45.811 [main] DEBUG org.apache.velocity - Could not load resource 'VM_global_library.vm' from ResourceLoader org.apache.velocity.runtime.resource.loader.ClasspathResourceLoader: ClasspathResourceLoader Error: cannot find resource VM_global_library.vm
21:06:45.811 [main] DEBUG org.apache.velocity - Velocimacro : Default library not found.
21:06:45.811 [main] DEBUG org.apache.velocity - Velocimacro : allowInline = true : VMs can be defined inline in templates
21:06:45.811 [main] DEBUG org.apache.velocity - Velocimacro : allowInlineToOverride = false : VMs defined inline may NOT replace previous VM definitions
21:06:45.811 [main] DEBUG org.apache.velocity - Velocimacro : allowInlineLocal = false : VMs defined inline will be global in scope if allowed.
21:06:45.811 [main] DEBUG org.apache.velocity - Velocimacro : autoload off : VM system will not automatically reload global library macros
21:06:45.844 [main] DEBUG org.apache.velocity - ResourceManager : found templates/generators/overviewFeatures.vm with loader org.apache.velocity.runtime.resource.loader.ClasspathResourceLoader
21:06:45.852 [main] DEBUG org.apache.velocity - ResourceManager : found /templates/headers.vm with loader org.apache.velocity.runtime.resource.loader.ClasspathResourceLoader
21:06:45.853 [main] DEBUG org.apache.velocity - ResourceManager : found /templates/head.vm with loader org.apache.velocity.runtime.resource.loader.ClasspathResourceLoader
21:06:45.859 [main] DEBUG org.apache.velocity - Velocimacro : added VM stringArray: source=/templates/macros/array.js.vm
21:06:45.859 [main] DEBUG org.apache.velocity - Velocimacro : added VM numberArray: source=/templates/macros/array.js.vm
21:06:45.859 [main] DEBUG org.apache.velocity - ResourceManager : found /templates/macros/array.js.vm with loader org.apache.velocity.runtime.resource.loader.ClasspathResourceLoader
21:06:45.863 [main] DEBUG org.apache.velocity - Velocimacro : added VM includeBuildInfo: source=/templates/macros/page/buildinfo.vm
21:06:45.863 [main] DEBUG org.apache.velocity - ResourceManager : found /templates/macros/page/buildinfo.vm with loader org.apache.velocity.runtime.resource.loader.ClasspathResourceLoader
21:06:45.868 [main] DEBUG org.apache.velocity - Velocimacro : added VM includeClassifications: source=/templates/macros/page/classifications.vm
21:06:45.868 [main] DEBUG org.apache.velocity - ResourceManager : found /templates/macros/page/classifications.vm with loader org.apache.velocity.runtime.resource.loader.ClasspathResourceLoader
21:06:45.870 [main] DEBUG org.apache.velocity - Velocimacro : added VM includeLead: source=/templates/macros/page/lead.vm
21:06:45.870 [main] DEBUG org.apache.velocity - ResourceManager : found /templates/macros/page/lead.vm with loader org.apache.velocity.runtime.resource.loader.ClasspathResourceLoader
21:06:45.875 [main] DEBUG org.apache.velocity - Velocimacro : added VM includeNavigation: source=/templates/macros/page/navigation.vm
21:06:45.875 [main] DEBUG org.apache.velocity - ResourceManager : found /templates/macros/page/navigation.vm with loader org.apache.velocity.runtime.resource.loader.ClasspathResourceLoader
21:06:45.878 [main] DEBUG org.apache.velocity - Velocimacro : added VM includeReportInfo: source=/templates/macros/page/reportInfo.vm
21:06:45.878 [main] DEBUG org.apache.velocity - ResourceManager : found /templates/macros/page/reportInfo.vm with loader org.apache.velocity.runtime.resource.loader.ClasspathResourceLoader
21:06:45.880 [main] DEBUG org.apache.velocity - Velocimacro : added VM includeTitle: source=/templates/macros/page/title.vm
21:06:45.880 [main] DEBUG org.apache.velocity - ResourceManager : found /templates/macros/page/title.vm with loader org.apache.velocity.runtime.resource.loader.ClasspathResourceLoader
21:06:45.882 [main] DEBUG org.apache.velocity - Velocimacro : added VM includeExpandingButtons: source=/templates/macros/report/expandAllButtons.vm
21:06:45.882 [main] DEBUG org.apache.velocity - ResourceManager : found /templates/macros/report/expandAllButtons.vm with loader org.apache.velocity.runtime.resource.loader.ClasspathResourceLoader
21:06:45.896 [main] DEBUG org.apache.velocity - Velocimacro : added VM includeReportTable: source=/templates/macros/report/reportTable.vm
21:06:45.898 [main] DEBUG org.apache.velocity - ResourceManager : found /templates/macros/report/reportTable.vm with loader org.apache.velocity.runtime.resource.loader.ClasspathResourceLoader
21:06:45.903 [main] DEBUG org.apache.velocity - Velocimacro : added VM includeReportHeader: source=/templates/macros/report/reportHeader.vm
21:06:45.903 [main] DEBUG org.apache.velocity - ResourceManager : found /templates/macros/report/reportHeader.vm with loader org.apache.velocity.runtime.resource.loader.ClasspathResourceLoader
21:06:45.918 [main] DEBUG org.apache.velocity - Velocimacro : added VM includeStatsTable: source=/templates/macros/report/statsTable.vm
21:06:45.918 [main] DEBUG org.apache.velocity - ResourceManager : found /templates/macros/report/statsTable.vm with loader org.apache.velocity.runtime.resource.loader.ClasspathResourceLoader
21:06:45.920 [main] DEBUG org.apache.velocity - Velocimacro : added VM includeBrief: source=/templates/macros/json/brief.vm
21:06:45.920 [main] DEBUG org.apache.velocity - ResourceManager : found /templates/macros/json/brief.vm with loader org.apache.velocity.runtime.resource.loader.ClasspathResourceLoader
21:06:45.922 [main] DEBUG org.apache.velocity - Velocimacro : added VM includeDocString: source=/templates/macros/json/docstring.vm
21:06:45.922 [main] DEBUG org.apache.velocity - ResourceManager : found /templates/macros/json/docstring.vm with loader org.apache.velocity.runtime.resource.loader.ClasspathResourceLoader
21:06:45.923 [main] DEBUG org.apache.velocity - Velocimacro : added VM includeDuration: source=/templates/macros/json/duration.vm
21:06:45.924 [main] DEBUG org.apache.velocity - ResourceManager : found /templates/macros/json/duration.vm with loader org.apache.velocity.runtime.resource.loader.ClasspathResourceLoader
21:06:45.927 [main] DEBUG org.apache.velocity - Velocimacro : added VM includeElement: source=/templates/macros/json/element.vm
21:06:45.927 [main] DEBUG org.apache.velocity - ResourceManager : found /templates/macros/json/element.vm with loader org.apache.velocity.runtime.resource.loader.ClasspathResourceLoader
21:06:45.940 [main] DEBUG org.apache.velocity - Velocimacro : added VM includeEmbeddings: source=/templates/macros/json/embeddings.vm
21:06:45.941 [main] DEBUG org.apache.velocity - Velocimacro : added VM includeHtmlEmbedding: source=/templates/macros/json/embeddings.vm
21:06:45.943 [main] DEBUG org.apache.velocity - Velocimacro : added VM includeImageEmbedding: source=/templates/macros/json/embeddings.vm
21:06:45.944 [main] DEBUG org.apache.velocity - Velocimacro : added VM includeImageReferenceEmbedding: source=/templates/macros/json/embeddings.vm
21:06:45.944 [main] DEBUG org.apache.velocity - Velocimacro : added VM includeTextEmbedding: source=/templates/macros/json/embeddings.vm
21:06:45.944 [main] DEBUG org.apache.velocity - Velocimacro : added VM includeUnknownEmbedding: source=/templates/macros/json/embeddings.vm
21:06:45.944 [main] DEBUG org.apache.velocity - ResourceManager : found /templates/macros/json/embeddings.vm with loader org.apache.velocity.runtime.resource.loader.ClasspathResourceLoader
21:06:45.947 [main] DEBUG org.apache.velocity - Velocimacro : added VM includeHooks: source=/templates/macros/json/hooks.vm
21:06:45.947 [main] DEBUG org.apache.velocity - ResourceManager : found /templates/macros/json/hooks.vm with loader org.apache.velocity.runtime.resource.loader.ClasspathResourceLoader
21:06:45.951 [main] DEBUG org.apache.velocity - Velocimacro : added VM includeOutput: source=/templates/macros/json/output.vm
21:06:45.951 [main] DEBUG org.apache.velocity - ResourceManager : found /templates/macros/json/output.vm with loader org.apache.velocity.runtime.resource.loader.ClasspathResourceLoader
21:06:45.953 [main] DEBUG org.apache.velocity - Velocimacro : added VM includeMessage: source=/templates/macros/json/message.vm
21:06:45.953 [main] DEBUG org.apache.velocity - ResourceManager : found /templates/macros/json/message.vm with loader org.apache.velocity.runtime.resource.loader.ClasspathResourceLoader
21:06:45.957 [main] DEBUG org.apache.velocity - Velocimacro : added VM includeSteps: source=/templates/macros/json/steps.vm
21:06:45.957 [main] DEBUG org.apache.velocity - ResourceManager : found /templates/macros/json/steps.vm with loader org.apache.velocity.runtime.resource.loader.ClasspathResourceLoader
21:06:45.959 [main] DEBUG org.apache.velocity - Velocimacro : added VM includeTags: source=/templates/macros/json/tags.vm
21:06:45.959 [main] DEBUG org.apache.velocity - ResourceManager : found /templates/macros/json/tags.vm with loader org.apache.velocity.runtime.resource.loader.ClasspathResourceLoader
21:06:45.982 [main] DEBUG org.apache.velocity - ResourceManager : found /templates/js/steps-chart.js.vm with loader org.apache.velocity.runtime.resource.loader.ClasspathResourceLoader
21:06:46.003 [main] DEBUG org.apache.velocity - ResourceManager : found /templates/js/scenarios-chart.js.vm with loader org.apache.velocity.runtime.resource.loader.ClasspathResourceLoader
21:06:46.004 [main] DEBUG org.apache.velocity - ResourceManager : found /templates/js/features-chart.js.vm with loader org.apache.velocity.runtime.resource.loader.ClasspathResourceLoader
21:06:46.007 [main] DEBUG org.apache.velocity - VM #includeReportInfo: too many arguments to macro. Wanted 0 got 1
21:06:46.180 [main] DEBUG org.apache.velocity - ResourceManager : found /templates/footer.vm with loader org.apache.velocity.runtime.resource.loader.ClasspathResourceLoader
21:06:46.185 [main] DEBUG org.apache.velocity - ResourceManager : found templates/generators/reportFeature.vm with loader org.apache.velocity.runtime.resource.loader.ClasspathResourceLoader
21:06:46.189 [main] DEBUG org.apache.velocity - ResourceManager : found /templates/headers.vm with loader org.apache.velocity.runtime.resource.loader.ClasspathResourceLoader
21:06:46.190 [main] DEBUG org.apache.velocity - ResourceManager : found /templates/head.vm with loader org.apache.velocity.runtime.resource.loader.ClasspathResourceLoader
21:06:46.191 [main] DEBUG org.apache.velocity - Velocimacro : added VM stringArray: source=/templates/macros/array.js.vm
21:06:46.191 [main] DEBUG org.apache.velocity - Velocimacro : added VM numberArray: source=/templates/macros/array.js.vm
21:06:46.191 [main] DEBUG org.apache.velocity - ResourceManager : found /templates/macros/array.js.vm with loader org.apache.velocity.runtime.resource.loader.ClasspathResourceLoader
21:06:46.192 [main] DEBUG org.apache.velocity - Velocimacro : added VM includeBuildInfo: source=/templates/macros/page/buildinfo.vm
21:06:46.192 [main] DEBUG org.apache.velocity - ResourceManager : found /templates/macros/page/buildinfo.vm with loader org.apache.velocity.runtime.resource.loader.ClasspathResourceLoader
21:06:46.193 [main] DEBUG org.apache.velocity - Velocimacro : added VM includeClassifications: source=/templates/macros/page/classifications.vm
21:06:46.193 [main] DEBUG org.apache.velocity - ResourceManager : found /templates/macros/page/classifications.vm with loader org.apache.velocity.runtime.resource.loader.ClasspathResourceLoader
21:06:46.194 [main] DEBUG org.apache.velocity - Velocimacro : added VM includeLead: source=/templates/macros/page/lead.vm
21:06:46.194 [main] DEBUG org.apache.velocity - ResourceManager : found /templates/macros/page/lead.vm with loader org.apache.velocity.runtime.resource.loader.ClasspathResourceLoader
21:06:46.196 [main] DEBUG org.apache.velocity - Velocimacro : added VM includeNavigation: source=/templates/macros/page/navigation.vm
21:06:46.196 [main] DEBUG org.apache.velocity - ResourceManager : found /templates/macros/page/navigation.vm with loader org.apache.velocity.runtime.resource.loader.ClasspathResourceLoader
21:06:46.197 [main] DEBUG org.apache.velocity - Velocimacro : added VM includeReportInfo: source=/templates/macros/page/reportInfo.vm
21:06:46.197 [main] DEBUG org.apache.velocity - ResourceManager : found /templates/macros/page/reportInfo.vm with loader org.apache.velocity.runtime.resource.loader.ClasspathResourceLoader
21:06:46.198 [main] DEBUG org.apache.velocity - Velocimacro : added VM includeTitle: source=/templates/macros/page/title.vm
21:06:46.198 [main] DEBUG org.apache.velocity - ResourceManager : found /templates/macros/page/title.vm with loader org.apache.velocity.runtime.resource.loader.ClasspathResourceLoader
21:06:46.201 [main] DEBUG org.apache.velocity - Velocimacro : added VM includeExpandingButtons: source=/templates/macros/report/expandAllButtons.vm
21:06:46.201 [main] DEBUG org.apache.velocity - ResourceManager : found /templates/macros/report/expandAllButtons.vm with loader org.apache.velocity.runtime.resource.loader.ClasspathResourceLoader
21:06:46.204 [main] DEBUG org.apache.velocity - Velocimacro : added VM includeReportTable: source=/templates/macros/report/reportTable.vm
21:06:46.204 [main] DEBUG org.apache.velocity - ResourceManager : found /templates/macros/report/reportTable.vm with loader org.apache.velocity.runtime.resource.loader.ClasspathResourceLoader
21:06:46.205 [main] DEBUG org.apache.velocity - Velocimacro : added VM includeReportHeader: source=/templates/macros/report/reportHeader.vm
21:06:46.205 [main] DEBUG org.apache.velocity - ResourceManager : found /templates/macros/report/reportHeader.vm with loader org.apache.velocity.runtime.resource.loader.ClasspathResourceLoader
21:06:46.209 [main] DEBUG org.apache.velocity - Velocimacro : added VM includeStatsTable: source=/templates/macros/report/statsTable.vm
21:06:46.209 [main] DEBUG org.apache.velocity - ResourceManager : found /templates/macros/report/statsTable.vm with loader org.apache.velocity.runtime.resource.loader.ClasspathResourceLoader
21:06:46.211 [main] DEBUG org.apache.velocity - Velocimacro : added VM includeBrief: source=/templates/macros/json/brief.vm
21:06:46.211 [main] DEBUG org.apache.velocity - ResourceManager : found /templates/macros/json/brief.vm with loader org.apache.velocity.runtime.resource.loader.ClasspathResourceLoader
21:06:46.212 [main] DEBUG org.apache.velocity - Velocimacro : added VM includeDocString: source=/templates/macros/json/docstring.vm
21:06:46.212 [main] DEBUG org.apache.velocity - ResourceManager : found /templates/macros/json/docstring.vm with loader org.apache.velocity.runtime.resource.loader.ClasspathResourceLoader
21:06:46.213 [main] DEBUG org.apache.velocity - Velocimacro : added VM includeDuration: source=/templates/macros/json/duration.vm
21:06:46.213 [main] DEBUG org.apache.velocity - ResourceManager : found /templates/macros/json/duration.vm with loader org.apache.velocity.runtime.resource.loader.ClasspathResourceLoader
21:06:46.215 [main] DEBUG org.apache.velocity - Velocimacro : added VM includeElement: source=/templates/macros/json/element.vm
21:06:46.215 [main] DEBUG org.apache.velocity - ResourceManager : found /templates/macros/json/element.vm with loader org.apache.velocity.runtime.resource.loader.ClasspathResourceLoader
21:06:46.220 [main] DEBUG org.apache.velocity - Velocimacro : added VM includeEmbeddings: source=/templates/macros/json/embeddings.vm
21:06:46.220 [main] DEBUG org.apache.velocity - Velocimacro : added VM includeHtmlEmbedding: source=/templates/macros/json/embeddings.vm
21:06:46.221 [main] DEBUG org.apache.velocity - Velocimacro : added VM includeImageEmbedding: source=/templates/macros/json/embeddings.vm
21:06:46.221 [main] DEBUG org.apache.velocity - Velocimacro : added VM includeImageReferenceEmbedding: source=/templates/macros/json/embeddings.vm
21:06:46.222 [main] DEBUG org.apache.velocity - Velocimacro : added VM includeTextEmbedding: source=/templates/macros/json/embeddings.vm
21:06:46.222 [main] DEBUG org.apache.velocity - Velocimacro : added VM includeUnknownEmbedding: source=/templates/macros/json/embeddings.vm
21:06:46.222 [main] DEBUG org.apache.velocity - ResourceManager : found /templates/macros/json/embeddings.vm with loader org.apache.velocity.runtime.resource.loader.ClasspathResourceLoader
21:06:46.225 [main] DEBUG org.apache.velocity - Velocimacro : added VM includeHooks: source=/templates/macros/json/hooks.vm
21:06:46.225 [main] DEBUG org.apache.velocity - ResourceManager : found /templates/macros/json/hooks.vm with loader org.apache.velocity.runtime.resource.loader.ClasspathResourceLoader
21:06:46.227 [main] DEBUG org.apache.velocity - Velocimacro : added VM includeOutput: source=/templates/macros/json/output.vm
21:06:46.227 [main] DEBUG org.apache.velocity - ResourceManager : found /templates/macros/json/output.vm with loader org.apache.velocity.runtime.resource.loader.ClasspathResourceLoader
21:06:46.228 [main] DEBUG org.apache.velocity - Velocimacro : added VM includeMessage: source=/templates/macros/json/message.vm
21:06:46.228 [main] DEBUG org.apache.velocity - ResourceManager : found /templates/macros/json/message.vm with loader org.apache.velocity.runtime.resource.loader.ClasspathResourceLoader
21:06:46.231 [main] DEBUG org.apache.velocity - Velocimacro : added VM includeSteps: source=/templates/macros/json/steps.vm
21:06:46.231 [main] DEBUG org.apache.velocity - ResourceManager : found /templates/macros/json/steps.vm with loader org.apache.velocity.runtime.resource.loader.ClasspathResourceLoader
21:06:46.234 [main] DEBUG org.apache.velocity - Velocimacro : added VM includeTags: source=/templates/macros/json/tags.vm
21:06:46.234 [main] DEBUG org.apache.velocity - ResourceManager : found /templates/macros/json/tags.vm with loader org.apache.velocity.runtime.resource.loader.ClasspathResourceLoader
21:06:46.235 [main] DEBUG org.apache.velocity - VM #includeNavigation: too few arguments to macro. Wanted 1 got 0
21:06:46.235 [main] DEBUG org.apache.velocity - Left side ($active_tab) of '==' operation has null value. If it is a reference, it may not be in the context or its toString() returned null. /templates/macros/page/navigation.vm[line 14, column 51]
21:06:46.235 [main] DEBUG org.apache.velocity - Left side ($active_tab) of '==' operation has null value. If it is a reference, it may not be in the context or its toString() returned null. /templates/macros/page/navigation.vm[line 15, column 51]
21:06:46.235 [main] DEBUG org.apache.velocity - Left side ($active_tab) of '==' operation has null value. If it is a reference, it may not be in the context or its toString() returned null. /templates/macros/page/navigation.vm[line 16, column 51]
21:06:46.235 [main] DEBUG org.apache.velocity - Left side ($active_tab) of '==' operation has null value. If it is a reference, it may not be in the context or its toString() returned null. /templates/macros/page/navigation.vm[line 20, column 51]
21:06:46.235 [main] DEBUG org.apache.velocity - VM #includeLead: too few arguments to macro. Wanted 2 got 1
21:06:46.242 [main] DEBUG org.apache.velocity - VM #includeBrief: too few arguments to macro. Wanted 5 got 3
21:06:46.244 [main] DEBUG org.apache.velocity - VM #includeBrief: too few arguments to macro. Wanted 5 got 4
21:06:46.245 [main] DEBUG org.apache.velocity - VM #includeBrief: too few arguments to macro. Wanted 5 got 4
21:06:46.270 [main] DEBUG org.apache.velocity - VM #includeBrief: too few arguments to macro. Wanted 5 got 4
21:06:46.271 [main] DEBUG org.apache.velocity - VM #includeBrief: too few arguments to macro. Wanted 5 got 4
21:06:46.273 [main] DEBUG org.apache.velocity - VM #includeBrief: too few arguments to macro. Wanted 5 got 4
21:06:46.273 [main] DEBUG org.apache.velocity - VM #includeBrief: too few arguments to macro. Wanted 5 got 4
21:06:46.279 [main] DEBUG org.apache.velocity - VM #includeBrief: too few arguments to macro. Wanted 5 got 4
21:06:46.279 [main] DEBUG org.apache.velocity - VM #includeBrief: too few arguments to macro. Wanted 5 got 4
21:06:46.293 [main] DEBUG org.apache.velocity - VM #includeBrief: too few arguments to macro. Wanted 5 got 4
21:06:46.293 [main] DEBUG org.apache.velocity - VM #includeBrief: too few arguments to macro. Wanted 5 got 4
21:06:46.300 [main] DEBUG org.apache.velocity - VM #includeBrief: too few arguments to macro. Wanted 5 got 4
21:06:46.301 [main] DEBUG org.apache.velocity - VM #includeBrief: too few arguments to macro. Wanted 5 got 4
21:06:46.311 [main] DEBUG org.apache.velocity - ResourceManager : found /templates/footer.vm with loader org.apache.velocity.runtime.resource.loader.ClasspathResourceLoader
21:06:46.313 [main] DEBUG org.apache.velocity - ResourceManager : found templates/generators/reportFeature.vm with loader org.apache.velocity.runtime.resource.loader.ClasspathResourceLoader
21:06:46.319 [main] DEBUG org.apache.velocity - ResourceManager : found /templates/headers.vm with loader org.apache.velocity.runtime.resource.loader.ClasspathResourceLoader
21:06:46.320 [main] DEBUG org.apache.velocity - ResourceManager : found /templates/head.vm with loader org.apache.velocity.runtime.resource.loader.ClasspathResourceLoader
21:06:46.321 [main] DEBUG org.apache.velocity - Velocimacro : added VM stringArray: source=/templates/macros/array.js.vm
21:06:46.321 [main] DEBUG org.apache.velocity - Velocimacro : added VM numberArray: source=/templates/macros/array.js.vm
21:06:46.322 [main] DEBUG org.apache.velocity - ResourceManager : found /templates/macros/array.js.vm with loader org.apache.velocity.runtime.resource.loader.ClasspathResourceLoader
21:06:46.323 [main] DEBUG org.apache.velocity - Velocimacro : added VM includeBuildInfo: source=/templates/macros/page/buildinfo.vm
21:06:46.323 [main] DEBUG org.apache.velocity - ResourceManager : found /templates/macros/page/buildinfo.vm with loader org.apache.velocity.runtime.resource.loader.ClasspathResourceLoader
21:06:46.324 [main] DEBUG org.apache.velocity - Velocimacro : added VM includeClassifications: source=/templates/macros/page/classifications.vm
21:06:46.324 [main] DEBUG org.apache.velocity - ResourceManager : found /templates/macros/page/classifications.vm with loader org.apache.velocity.runtime.resource.loader.ClasspathResourceLoader
21:06:46.325 [main] DEBUG org.apache.velocity - Velocimacro : added VM includeLead: source=/templates/macros/page/lead.vm
21:06:46.325 [main] DEBUG org.apache.velocity - ResourceManager : found /templates/macros/page/lead.vm with loader org.apache.velocity.runtime.resource.loader.ClasspathResourceLoader
21:06:46.326 [main] DEBUG org.apache.velocity - Velocimacro : added VM includeNavigation: source=/templates/macros/page/navigation.vm
21:06:46.326 [main] DEBUG org.apache.velocity - ResourceManager : found /templates/macros/page/navigation.vm with loader org.apache.velocity.runtime.resource.loader.ClasspathResourceLoader
21:06:46.328 [main] DEBUG org.apache.velocity - Velocimacro : added VM includeReportInfo: source=/templates/macros/page/reportInfo.vm
21:06:46.328 [main] DEBUG org.apache.velocity - ResourceManager : found /templates/macros/page/reportInfo.vm with loader org.apache.velocity.runtime.resource.loader.ClasspathResourceLoader
21:06:46.329 [main] DEBUG org.apache.velocity - Velocimacro : added VM includeTitle: source=/templates/macros/page/title.vm
21:06:46.329 [main] DEBUG org.apache.velocity - ResourceManager : found /templates/macros/page/title.vm with loader org.apache.velocity.runtime.resource.loader.ClasspathResourceLoader
21:06:46.330 [main] DEBUG org.apache.velocity - Velocimacro : added VM includeExpandingButtons: source=/templates/macros/report/expandAllButtons.vm
21:06:46.330 [main] DEBUG org.apache.velocity - ResourceManager : found /templates/macros/report/expandAllButtons.vm with loader org.apache.velocity.runtime.resource.loader.ClasspathResourceLoader
21:06:46.332 [main] DEBUG org.apache.velocity - Velocimacro : added VM includeReportTable: source=/templates/macros/report/reportTable.vm
21:06:46.332 [main] DEBUG org.apache.velocity - ResourceManager : found /templates/macros/report/reportTable.vm with loader org.apache.velocity.runtime.resource.loader.ClasspathResourceLoader
21:06:46.334 [main] DEBUG org.apache.velocity - Velocimacro : added VM includeReportHeader: source=/templates/macros/report/reportHeader.vm
21:06:46.334 [main] DEBUG org.apache.velocity - ResourceManager : found /templates/macros/report/reportHeader.vm with loader org.apache.velocity.runtime.resource.loader.ClasspathResourceLoader
21:06:46.337 [main] DEBUG org.apache.velocity - Velocimacro : added VM includeStatsTable: source=/templates/macros/report/statsTable.vm
21:06:46.337 [main] DEBUG org.apache.velocity - ResourceManager : found /templates/macros/report/statsTable.vm with loader org.apache.velocity.runtime.resource.loader.ClasspathResourceLoader
21:06:46.339 [main] DEBUG org.apache.velocity - Velocimacro : added VM includeBrief: source=/templates/macros/json/brief.vm
21:06:46.339 [main] DEBUG org.apache.velocity - ResourceManager : found /templates/macros/json/brief.vm with loader org.apache.velocity.runtime.resource.loader.ClasspathResourceLoader
21:06:46.340 [main] DEBUG org.apache.velocity - Velocimacro : added VM includeDocString: source=/templates/macros/json/docstring.vm
21:06:46.340 [main] DEBUG org.apache.velocity - ResourceManager : found /templates/macros/json/docstring.vm with loader org.apache.velocity.runtime.resource.loader.ClasspathResourceLoader
21:06:46.341 [main] DEBUG org.apache.velocity - Velocimacro : added VM includeDuration: source=/templates/macros/json/duration.vm
21:06:46.341 [main] DEBUG org.apache.velocity - ResourceManager : found /templates/macros/json/duration.vm with loader org.apache.velocity.runtime.resource.loader.ClasspathResourceLoader
21:06:46.343 [main] DEBUG org.apache.velocity - Velocimacro : added VM includeElement: source=/templates/macros/json/element.vm
21:06:46.343 [main] DEBUG org.apache.velocity - ResourceManager : found /templates/macros/json/element.vm with loader org.apache.velocity.runtime.resource.loader.ClasspathResourceLoader
21:06:46.346 [main] DEBUG org.apache.velocity - Velocimacro : added VM includeEmbeddings: source=/templates/macros/json/embeddings.vm
21:06:46.346 [main] DEBUG org.apache.velocity - Velocimacro : added VM includeHtmlEmbedding: source=/templates/macros/json/embeddings.vm
21:06:46.346 [main] DEBUG org.apache.velocity - Velocimacro : added VM includeImageEmbedding: source=/templates/macros/json/embeddings.vm
21:06:46.347 [main] DEBUG org.apache.velocity - Velocimacro : added VM includeImageReferenceEmbedding: source=/templates/macros/json/embeddings.vm
21:06:46.347 [main] DEBUG org.apache.velocity - Velocimacro : added VM includeTextEmbedding: source=/templates/macros/json/embeddings.vm
21:06:46.347 [main] DEBUG org.apache.velocity - Velocimacro : added VM includeUnknownEmbedding: source=/templates/macros/json/embeddings.vm
21:06:46.347 [main] DEBUG org.apache.velocity - ResourceManager : found /templates/macros/json/embeddings.vm with loader org.apache.velocity.runtime.resource.loader.ClasspathResourceLoader
21:06:46.351 [main] DEBUG org.apache.velocity - Velocimacro : added VM includeHooks: source=/templates/macros/json/hooks.vm
21:06:46.351 [main] DEBUG org.apache.velocity - ResourceManager : found /templates/macros/json/hooks.vm with loader org.apache.velocity.runtime.resource.loader.ClasspathResourceLoader
21:06:46.353 [main] DEBUG org.apache.velocity - Velocimacro : added VM includeOutput: source=/templates/macros/json/output.vm
21:06:46.353 [main] DEBUG org.apache.velocity - ResourceManager : found /templates/macros/json/output.vm with loader org.apache.velocity.runtime.resource.loader.ClasspathResourceLoader
21:06:46.354 [main] DEBUG org.apache.velocity - Velocimacro : added VM includeMessage: source=/templates/macros/json/message.vm
21:06:46.354 [main] DEBUG org.apache.velocity - ResourceManager : found /templates/macros/json/message.vm with loader org.apache.velocity.runtime.resource.loader.ClasspathResourceLoader
21:06:46.356 [main] DEBUG org.apache.velocity - Velocimacro : added VM includeSteps: source=/templates/macros/json/steps.vm
21:06:46.356 [main] DEBUG org.apache.velocity - ResourceManager : found /templates/macros/json/steps.vm with loader org.apache.velocity.runtime.resource.loader.ClasspathResourceLoader
21:06:46.357 [main] DEBUG org.apache.velocity - Velocimacro : added VM includeTags: source=/templates/macros/json/tags.vm
21:06:46.357 [main] DEBUG org.apache.velocity - ResourceManager : found /templates/macros/json/tags.vm with loader org.apache.velocity.runtime.resource.loader.ClasspathResourceLoader
21:06:46.358 [main] DEBUG org.apache.velocity - VM #includeNavigation: too few arguments to macro. Wanted 1 got 0
21:06:46.358 [main] DEBUG org.apache.velocity - Left side ($active_tab) of '==' operation has null value. If it is a reference, it may not be in the context or its toString() returned null. /templates/macros/page/navigation.vm[line 14, column 51]
21:06:46.358 [main] DEBUG org.apache.velocity - Left side ($active_tab) of '==' operation has null value. If it is a reference, it may not be in the context or its toString() returned null. /templates/macros/page/navigation.vm[line 15, column 51]
21:06:46.358 [main] DEBUG org.apache.velocity - Left side ($active_tab) of '==' operation has null value. If it is a reference, it may not be in the context or its toString() returned null. /templates/macros/page/navigation.vm[line 16, column 51]
21:06:46.358 [main] DEBUG org.apache.velocity - Left side ($active_tab) of '==' operation has null value. If it is a reference, it may not be in the context or its toString() returned null. /templates/macros/page/navigation.vm[line 20, column 51]
21:06:46.358 [main] DEBUG org.apache.velocity - VM #includeLead: too few arguments to macro. Wanted 2 got 1
21:06:46.360 [main] DEBUG org.apache.velocity - VM #includeBrief: too few arguments to macro. Wanted 5 got 3
21:06:46.361 [main] DEBUG org.apache.velocity - VM #includeBrief: too few arguments to macro. Wanted 5 got 4
21:06:46.361 [main] DEBUG org.apache.velocity - VM #includeBrief: too few arguments to macro. Wanted 5 got 4
21:06:46.368 [main] DEBUG org.apache.velocity - VM #includeBrief: too few arguments to macro. Wanted 5 got 4
21:06:46.368 [main] DEBUG org.apache.velocity - VM #includeBrief: too few arguments to macro. Wanted 5 got 4
21:06:46.377 [main] DEBUG org.apache.velocity - ResourceManager : found /templates/footer.vm with loader org.apache.velocity.runtime.resource.loader.ClasspathResourceLoader
21:06:46.385 [main] DEBUG org.apache.velocity - ResourceManager : found templates/generators/reportFeature.vm with loader org.apache.velocity.runtime.resource.loader.ClasspathResourceLoader
21:06:46.388 [main] DEBUG org.apache.velocity - ResourceManager : found /templates/headers.vm with loader org.apache.velocity.runtime.resource.loader.ClasspathResourceLoader
21:06:46.389 [main] DEBUG org.apache.velocity - ResourceManager : found /templates/head.vm with loader org.apache.velocity.runtime.resource.loader.ClasspathResourceLoader
21:06:46.390 [main] DEBUG org.apache.velocity - Velocimacro : added VM stringArray: source=/templates/macros/array.js.vm
21:06:46.390 [main] DEBUG org.apache.velocity - Velocimacro : added VM numberArray: source=/templates/macros/array.js.vm
21:06:46.390 [main] DEBUG org.apache.velocity - ResourceManager : found /templates/macros/array.js.vm with loader org.apache.velocity.runtime.resource.loader.ClasspathResourceLoader
21:06:46.394 [main] DEBUG org.apache.velocity - Velocimacro : added VM includeBuildInfo: source=/templates/macros/page/buildinfo.vm
21:06:46.395 [main] DEBUG org.apache.velocity - ResourceManager : found /templates/macros/page/buildinfo.vm with loader org.apache.velocity.runtime.resource.loader.ClasspathResourceLoader
21:06:46.396 [main] DEBUG org.apache.velocity - Velocimacro : added VM includeClassifications: source=/templates/macros/page/classifications.vm
21:06:46.396 [main] DEBUG org.apache.velocity - ResourceManager : found /templates/macros/page/classifications.vm with loader org.apache.velocity.runtime.resource.loader.ClasspathResourceLoader
21:06:46.397 [main] DEBUG org.apache.velocity - Velocimacro : added VM includeLead: source=/templates/macros/page/lead.vm
21:06:46.397 [main] DEBUG org.apache.velocity - ResourceManager : found /templates/macros/page/lead.vm with loader org.apache.velocity.runtime.resource.loader.ClasspathResourceLoader
21:06:46.398 [main] DEBUG org.apache.velocity - Velocimacro : added VM includeNavigation: source=/templates/macros/page/navigation.vm
21:06:46.398 [main] DEBUG org.apache.velocity - ResourceManager : found /templates/macros/page/navigation.vm with loader org.apache.velocity.runtime.resource.loader.ClasspathResourceLoader
21:06:46.405 [main] DEBUG org.apache.velocity - Velocimacro : added VM includeReportInfo: source=/templates/macros/page/reportInfo.vm
21:06:46.405 [main] DEBUG org.apache.velocity - ResourceManager : found /templates/macros/page/reportInfo.vm with loader org.apache.velocity.runtime.resource.loader.ClasspathResourceLoader
21:06:46.406 [main] DEBUG org.apache.velocity - Velocimacro : added VM includeTitle: source=/templates/macros/page/title.vm
21:06:46.406 [main] DEBUG org.apache.velocity - ResourceManager : found /templates/macros/page/title.vm with loader org.apache.velocity.runtime.resource.loader.ClasspathResourceLoader
21:06:46.407 [main] DEBUG org.apache.velocity - Velocimacro : added VM includeExpandingButtons: source=/templates/macros/report/expandAllButtons.vm
21:06:46.407 [main] DEBUG org.apache.velocity - ResourceManager : found /templates/macros/report/expandAllButtons.vm with loader org.apache.velocity.runtime.resource.loader.ClasspathResourceLoader
21:06:46.409 [main] DEBUG org.apache.velocity - Velocimacro : added VM includeReportTable: source=/templates/macros/report/reportTable.vm
21:06:46.409 [main] DEBUG org.apache.velocity - ResourceManager : found /templates/macros/report/reportTable.vm with loader org.apache.velocity.runtime.resource.loader.ClasspathResourceLoader
21:06:46.410 [main] DEBUG org.apache.velocity - Velocimacro : added VM includeReportHeader: source=/templates/macros/report/reportHeader.vm
21:06:46.410 [main] DEBUG org.apache.velocity - ResourceManager : found /templates/macros/report/reportHeader.vm with loader org.apache.velocity.runtime.resource.loader.ClasspathResourceLoader
21:06:46.413 [main] DEBUG org.apache.velocity - Velocimacro : added VM includeStatsTable: source=/templates/macros/report/statsTable.vm
21:06:46.413 [main] DEBUG org.apache.velocity - ResourceManager : found /templates/macros/report/statsTable.vm with loader org.apache.velocity.runtime.resource.loader.ClasspathResourceLoader
21:06:46.414 [main] DEBUG org.apache.velocity - Velocimacro : added VM includeBrief: source=/templates/macros/json/brief.vm
21:06:46.414 [main] DEBUG org.apache.velocity - ResourceManager : found /templates/macros/json/brief.vm with loader org.apache.velocity.runtime.resource.loader.ClasspathResourceLoader
21:06:46.415 [main] DEBUG org.apache.velocity - Velocimacro : added VM includeDocString: source=/templates/macros/json/docstring.vm
21:06:46.415 [main] DEBUG org.apache.velocity - ResourceManager : found /templates/macros/json/docstring.vm with loader org.apache.velocity.runtime.resource.loader.ClasspathResourceLoader
21:06:46.416 [main] DEBUG org.apache.velocity - Velocimacro : added VM includeDuration: source=/templates/macros/json/duration.vm
21:06:46.416 [main] DEBUG org.apache.velocity - ResourceManager : found /templates/macros/json/duration.vm with loader org.apache.velocity.runtime.resource.loader.ClasspathResourceLoader
21:06:46.419 [main] DEBUG org.apache.velocity - Velocimacro : added VM includeElement: source=/templates/macros/json/element.vm
21:06:46.419 [main] DEBUG org.apache.velocity - ResourceManager : found /templates/macros/json/element.vm with loader org.apache.velocity.runtime.resource.loader.ClasspathResourceLoader
21:06:46.422 [main] DEBUG org.apache.velocity - Velocimacro : added VM includeEmbeddings: source=/templates/macros/json/embeddings.vm
21:06:46.422 [main] DEBUG org.apache.velocity - Velocimacro : added VM includeHtmlEmbedding: source=/templates/macros/json/embeddings.vm
21:06:46.422 [main] DEBUG org.apache.velocity - Velocimacro : added VM includeImageEmbedding: source=/templates/macros/json/embeddings.vm
21:06:46.422 [main] DEBUG org.apache.velocity - Velocimacro : added VM includeImageReferenceEmbedding: source=/templates/macros/json/embeddings.vm
21:06:46.423 [main] DEBUG org.apache.velocity - Velocimacro : added VM includeTextEmbedding: source=/templates/macros/json/embeddings.vm
21:06:46.423 [main] DEBUG org.apache.velocity - Velocimacro : added VM includeUnknownEmbedding: source=/templates/macros/json/embeddings.vm
21:06:46.423 [main] DEBUG org.apache.velocity - ResourceManager : found /templates/macros/json/embeddings.vm with loader org.apache.velocity.runtime.resource.loader.ClasspathResourceLoader
21:06:46.424 [main] DEBUG org.apache.velocity - Velocimacro : added VM includeHooks: source=/templates/macros/json/hooks.vm
21:06:46.425 [main] DEBUG org.apache.velocity - ResourceManager : found /templates/macros/json/hooks.vm with loader org.apache.velocity.runtime.resource.loader.ClasspathResourceLoader
21:06:46.427 [main] DEBUG org.apache.velocity - Velocimacro : added VM includeOutput: source=/templates/macros/json/output.vm
21:06:46.427 [main] DEBUG org.apache.velocity - ResourceManager : found /templates/macros/json/output.vm with loader org.apache.velocity.runtime.resource.loader.ClasspathResourceLoader
21:06:46.428 [main] DEBUG org.apache.velocity - Velocimacro : added VM includeMessage: source=/templates/macros/json/message.vm
21:06:46.428 [main] DEBUG org.apache.velocity - ResourceManager : found /templates/macros/json/message.vm with loader org.apache.velocity.runtime.resource.loader.ClasspathResourceLoader
21:06:46.430 [main] DEBUG org.apache.velocity - Velocimacro : added VM includeSteps: source=/templates/macros/json/steps.vm
21:06:46.430 [main] DEBUG org.apache.velocity - ResourceManager : found /templates/macros/json/steps.vm with loader org.apache.velocity.runtime.resource.loader.ClasspathResourceLoader
21:06:46.431 [main] DEBUG org.apache.velocity - Velocimacro : added VM includeTags: source=/templates/macros/json/tags.vm
21:06:46.431 [main] DEBUG org.apache.velocity - ResourceManager : found /templates/macros/json/tags.vm with loader org.apache.velocity.runtime.resource.loader.ClasspathResourceLoader
21:06:46.434 [main] DEBUG org.apache.velocity - VM #includeNavigation: too few arguments to macro. Wanted 1 got 0
21:06:46.434 [main] DEBUG org.apache.velocity - Left side ($active_tab) of '==' operation has null value. If it is a reference, it may not be in the context or its toString() returned null. /templates/macros/page/navigation.vm[line 14, column 51]
21:06:46.434 [main] DEBUG org.apache.velocity - Left side ($active_tab) of '==' operation has null value. If it is a reference, it may not be in the context or its toString() returned null. /templates/macros/page/navigation.vm[line 15, column 51]
21:06:46.435 [main] DEBUG org.apache.velocity - Left side ($active_tab) of '==' operation has null value. If it is a reference, it may not be in the context or its toString() returned null. /templates/macros/page/navigation.vm[line 16, column 51]
21:06:46.435 [main] DEBUG org.apache.velocity - Left side ($active_tab) of '==' operation has null value. If it is a reference, it may not be in the context or its toString() returned null. /templates/macros/page/navigation.vm[line 20, column 51]
21:06:46.435 [main] DEBUG org.apache.velocity - VM #includeLead: too few arguments to macro. Wanted 2 got 1
21:06:46.441 [main] DEBUG org.apache.velocity - VM #includeBrief: too few arguments to macro. Wanted 5 got 3
21:06:46.442 [main] DEBUG org.apache.velocity - VM #includeBrief: too few arguments to macro. Wanted 5 got 4
21:06:46.442 [main] DEBUG org.apache.velocity - VM #includeBrief: too few arguments to macro. Wanted 5 got 4
21:06:46.456 [main] DEBUG org.apache.velocity - VM #includeBrief: too few arguments to macro. Wanted 5 got 4
21:06:46.456 [main] DEBUG org.apache.velocity - VM #includeBrief: too few arguments to macro. Wanted 5 got 4
21:06:46.461 [main] DEBUG org.apache.velocity - ResourceManager : found /templates/footer.vm with loader org.apache.velocity.runtime.resource.loader.ClasspathResourceLoader
21:06:46.464 [main] DEBUG org.apache.velocity - ResourceManager : found templates/generators/overviewTags.vm with loader org.apache.velocity.runtime.resource.loader.ClasspathResourceLoader
21:06:46.469 [main] DEBUG org.apache.velocity - ResourceManager : found /templates/headers.vm with loader org.apache.velocity.runtime.resource.loader.ClasspathResourceLoader
21:06:46.470 [main] DEBUG org.apache.velocity - ResourceManager : found /templates/head.vm with loader org.apache.velocity.runtime.resource.loader.ClasspathResourceLoader
21:06:46.471 [main] DEBUG org.apache.velocity - Velocimacro : added VM stringArray: source=/templates/macros/array.js.vm
21:06:46.471 [main] DEBUG org.apache.velocity - Velocimacro : added VM numberArray: source=/templates/macros/array.js.vm
21:06:46.471 [main] DEBUG org.apache.velocity - ResourceManager : found /templates/macros/array.js.vm with loader org.apache.velocity.runtime.resource.loader.ClasspathResourceLoader
21:06:46.472 [main] DEBUG org.apache.velocity - Velocimacro : added VM includeBuildInfo: source=/templates/macros/page/buildinfo.vm
21:06:46.472 [main] DEBUG org.apache.velocity - ResourceManager : found /templates/macros/page/buildinfo.vm with loader org.apache.velocity.runtime.resource.loader.ClasspathResourceLoader
21:06:46.473 [main] DEBUG org.apache.velocity - Velocimacro : added VM includeClassifications: source=/templates/macros/page/classifications.vm
21:06:46.473 [main] DEBUG org.apache.velocity - ResourceManager : found /templates/macros/page/classifications.vm with loader org.apache.velocity.runtime.resource.loader.ClasspathResourceLoader
21:06:46.474 [main] DEBUG org.apache.velocity - Velocimacro : added VM includeLead: source=/templates/macros/page/lead.vm
21:06:46.474 [main] DEBUG org.apache.velocity - ResourceManager : found /templates/macros/page/lead.vm with loader org.apache.velocity.runtime.resource.loader.ClasspathResourceLoader
21:06:46.475 [main] DEBUG org.apache.velocity - Velocimacro : added VM includeNavigation: source=/templates/macros/page/navigation.vm
21:06:46.475 [main] DEBUG org.apache.velocity - ResourceManager : found /templates/macros/page/navigation.vm with loader org.apache.velocity.runtime.resource.loader.ClasspathResourceLoader
21:06:46.476 [main] DEBUG org.apache.velocity - Velocimacro : added VM includeReportInfo: source=/templates/macros/page/reportInfo.vm
21:06:46.476 [main] DEBUG org.apache.velocity - ResourceManager : found /templates/macros/page/reportInfo.vm with loader org.apache.velocity.runtime.resource.loader.ClasspathResourceLoader
21:06:46.477 [main] DEBUG org.apache.velocity - Velocimacro : added VM includeTitle: source=/templates/macros/page/title.vm
21:06:46.477 [main] DEBUG org.apache.velocity - ResourceManager : found /templates/macros/page/title.vm with loader org.apache.velocity.runtime.resource.loader.ClasspathResourceLoader
21:06:46.478 [main] DEBUG org.apache.velocity - Velocimacro : added VM includeExpandingButtons: source=/templates/macros/report/expandAllButtons.vm
21:06:46.478 [main] DEBUG org.apache.velocity - ResourceManager : found /templates/macros/report/expandAllButtons.vm with loader org.apache.velocity.runtime.resource.loader.ClasspathResourceLoader
21:06:46.479 [main] DEBUG org.apache.velocity - Velocimacro : added VM includeReportTable: source=/templates/macros/report/reportTable.vm
21:06:46.479 [main] DEBUG org.apache.velocity - ResourceManager : found /templates/macros/report/reportTable.vm with loader org.apache.velocity.runtime.resource.loader.ClasspathResourceLoader
21:06:46.480 [main] DEBUG org.apache.velocity - Velocimacro : added VM includeReportHeader: source=/templates/macros/report/reportHeader.vm
21:06:46.480 [main] DEBUG org.apache.velocity - ResourceManager : found /templates/macros/report/reportHeader.vm with loader org.apache.velocity.runtime.resource.loader.ClasspathResourceLoader
21:06:46.492 [main] DEBUG org.apache.velocity - Velocimacro : added VM includeStatsTable: source=/templates/macros/report/statsTable.vm
21:06:46.493 [main] DEBUG org.apache.velocity - ResourceManager : found /templates/macros/report/statsTable.vm with loader org.apache.velocity.runtime.resource.loader.ClasspathResourceLoader
21:06:46.494 [main] DEBUG org.apache.velocity - Velocimacro : added VM includeBrief: source=/templates/macros/json/brief.vm
21:06:46.495 [main] DEBUG org.apache.velocity - ResourceManager : found /templates/macros/json/brief.vm with loader org.apache.velocity.runtime.resource.loader.ClasspathResourceLoader
21:06:46.496 [main] DEBUG org.apache.velocity - Velocimacro : added VM includeDocString: source=/templates/macros/json/docstring.vm
21:06:46.496 [main] DEBUG org.apache.velocity - ResourceManager : found /templates/macros/json/docstring.vm with loader org.apache.velocity.runtime.resource.loader.ClasspathResourceLoader
21:06:46.498 [main] DEBUG org.apache.velocity - Velocimacro : added VM includeDuration: source=/templates/macros/json/duration.vm
21:06:46.498 [main] DEBUG org.apache.velocity - ResourceManager : found /templates/macros/json/duration.vm with loader org.apache.velocity.runtime.resource.loader.ClasspathResourceLoader
21:06:46.501 [main] DEBUG org.apache.velocity - Velocimacro : added VM includeElement: source=/templates/macros/json/element.vm
21:06:46.501 [main] DEBUG org.apache.velocity - ResourceManager : found /templates/macros/json/element.vm with loader org.apache.velocity.runtime.resource.loader.ClasspathResourceLoader
21:06:46.505 [main] DEBUG org.apache.velocity - Velocimacro : added VM includeEmbeddings: source=/templates/macros/json/embeddings.vm
21:06:46.505 [main] DEBUG org.apache.velocity - Velocimacro : added VM includeHtmlEmbedding: source=/templates/macros/json/embeddings.vm
21:06:46.505 [main] DEBUG org.apache.velocity - Velocimacro : added VM includeImageEmbedding: source=/templates/macros/json/embeddings.vm
21:06:46.505 [main] DEBUG org.apache.velocity - Velocimacro : added VM includeImageReferenceEmbedding: source=/templates/macros/json/embeddings.vm
21:06:46.505 [main] DEBUG org.apache.velocity - Velocimacro : added VM includeTextEmbedding: source=/templates/macros/json/embeddings.vm
21:06:46.505 [main] DEBUG org.apache.velocity - Velocimacro : added VM includeUnknownEmbedding: source=/templates/macros/json/embeddings.vm
21:06:46.505 [main] DEBUG org.apache.velocity - ResourceManager : found /templates/macros/json/embeddings.vm with loader org.apache.velocity.runtime.resource.loader.ClasspathResourceLoader
21:06:46.507 [main] DEBUG org.apache.velocity - Velocimacro : added VM includeHooks: source=/templates/macros/json/hooks.vm
21:06:46.507 [main] DEBUG org.apache.velocity - ResourceManager : found /templates/macros/json/hooks.vm with loader org.apache.velocity.runtime.resource.loader.ClasspathResourceLoader
21:06:46.509 [main] DEBUG org.apache.velocity - Velocimacro : added VM includeOutput: source=/templates/macros/json/output.vm
21:06:46.509 [main] DEBUG org.apache.velocity - ResourceManager : found /templates/macros/json/output.vm with loader org.apache.velocity.runtime.resource.loader.ClasspathResourceLoader
21:06:46.510 [main] DEBUG org.apache.velocity - Velocimacro : added VM includeMessage: source=/templates/macros/json/message.vm
21:06:46.510 [main] DEBUG org.apache.velocity - ResourceManager : found /templates/macros/json/message.vm with loader org.apache.velocity.runtime.resource.loader.ClasspathResourceLoader
21:06:46.511 [main] DEBUG org.apache.velocity - Velocimacro : added VM includeSteps: source=/templates/macros/json/steps.vm
21:06:46.511 [main] DEBUG org.apache.velocity - ResourceManager : found /templates/macros/json/steps.vm with loader org.apache.velocity.runtime.resource.loader.ClasspathResourceLoader
21:06:46.512 [main] DEBUG org.apache.velocity - Velocimacro : added VM includeTags: source=/templates/macros/json/tags.vm
21:06:46.512 [main] DEBUG org.apache.velocity - ResourceManager : found /templates/macros/json/tags.vm with loader org.apache.velocity.runtime.resource.loader.ClasspathResourceLoader
21:06:46.514 [main] DEBUG org.apache.velocity - ResourceManager : found /templates/js/tags-chart.js.vm with loader org.apache.velocity.runtime.resource.loader.ClasspathResourceLoader
21:06:46.525 [main] DEBUG org.apache.velocity - ResourceManager : found /templates/footer.vm with loader org.apache.velocity.runtime.resource.loader.ClasspathResourceLoader
21:06:46.527 [main] DEBUG org.apache.velocity - ResourceManager : found templates/generators/reportTag.vm with loader org.apache.velocity.runtime.resource.loader.ClasspathResourceLoader
21:06:46.530 [main] DEBUG org.apache.velocity - ResourceManager : found /templates/headers.vm with loader org.apache.velocity.runtime.resource.loader.ClasspathResourceLoader
21:06:46.532 [main] DEBUG org.apache.velocity - ResourceManager : found /templates/head.vm with loader org.apache.velocity.runtime.resource.loader.ClasspathResourceLoader
21:06:46.546 [main] DEBUG org.apache.velocity - Velocimacro : added VM stringArray: source=/templates/macros/array.js.vm
21:06:46.546 [main] DEBUG org.apache.velocity - Velocimacro : added VM numberArray: source=/templates/macros/array.js.vm
21:06:46.546 [main] DEBUG org.apache.velocity - ResourceManager : found /templates/macros/array.js.vm with loader org.apache.velocity.runtime.resource.loader.ClasspathResourceLoader
21:06:46.548 [main] DEBUG org.apache.velocity - Velocimacro : added VM includeBuildInfo: source=/templates/macros/page/buildinfo.vm
21:06:46.549 [main] DEBUG org.apache.velocity - ResourceManager : found /templates/macros/page/buildinfo.vm with loader org.apache.velocity.runtime.resource.loader.ClasspathResourceLoader
21:06:46.551 [main] DEBUG org.apache.velocity - Velocimacro : added VM includeClassifications: source=/templates/macros/page/classifications.vm
21:06:46.551 [main] DEBUG org.apache.velocity - ResourceManager : found /templates/macros/page/classifications.vm with loader org.apache.velocity.runtime.resource.loader.ClasspathResourceLoader
21:06:46.552 [main] DEBUG org.apache.velocity - Velocimacro : added VM includeLead: source=/templates/macros/page/lead.vm
21:06:46.552 [main] DEBUG org.apache.velocity - ResourceManager : found /templates/macros/page/lead.vm with loader org.apache.velocity.runtime.resource.loader.ClasspathResourceLoader
21:06:46.554 [main] DEBUG org.apache.velocity - Velocimacro : added VM includeNavigation: source=/templates/macros/page/navigation.vm
21:06:46.554 [main] DEBUG org.apache.velocity - ResourceManager : found /templates/macros/page/navigation.vm with loader org.apache.velocity.runtime.resource.loader.ClasspathResourceLoader
21:06:46.556 [main] DEBUG org.apache.velocity - Velocimacro : added VM includeReportInfo: source=/templates/macros/page/reportInfo.vm
21:06:46.556 [main] DEBUG org.apache.velocity - ResourceManager : found /templates/macros/page/reportInfo.vm with loader org.apache.velocity.runtime.resource.loader.ClasspathResourceLoader
21:06:46.558 [main] DEBUG org.apache.velocity - Velocimacro : added VM includeTitle: source=/templates/macros/page/title.vm
21:06:46.558 [main] DEBUG org.apache.velocity - ResourceManager : found /templates/macros/page/title.vm with loader org.apache.velocity.runtime.resource.loader.ClasspathResourceLoader
21:06:46.559 [main] DEBUG org.apache.velocity - Velocimacro : added VM includeExpandingButtons: source=/templates/macros/report/expandAllButtons.vm
21:06:46.559 [main] DEBUG org.apache.velocity - ResourceManager : found /templates/macros/report/expandAllButtons.vm with loader org.apache.velocity.runtime.resource.loader.ClasspathResourceLoader
21:06:46.561 [main] DEBUG org.apache.velocity - Velocimacro : added VM includeReportTable: source=/templates/macros/report/reportTable.vm
21:06:46.561 [main] DEBUG org.apache.velocity - ResourceManager : found /templates/macros/report/reportTable.vm with loader org.apache.velocity.runtime.resource.loader.ClasspathResourceLoader
21:06:46.562 [main] DEBUG org.apache.velocity - Velocimacro : added VM includeReportHeader: source=/templates/macros/report/reportHeader.vm
21:06:46.563 [main] DEBUG org.apache.velocity - ResourceManager : found /templates/macros/report/reportHeader.vm with loader org.apache.velocity.runtime.resource.loader.ClasspathResourceLoader
21:06:46.568 [main] DEBUG org.apache.velocity - Velocimacro : added VM includeStatsTable: source=/templates/macros/report/statsTable.vm
21:06:46.568 [main] DEBUG org.apache.velocity - ResourceManager : found /templates/macros/report/statsTable.vm with loader org.apache.velocity.runtime.resource.loader.ClasspathResourceLoader
21:06:46.569 [main] DEBUG org.apache.velocity - Velocimacro : added VM includeBrief: source=/templates/macros/json/brief.vm
21:06:46.570 [main] DEBUG org.apache.velocity - ResourceManager : found /templates/macros/json/brief.vm with loader org.apache.velocity.runtime.resource.loader.ClasspathResourceLoader
21:06:46.571 [main] DEBUG org.apache.velocity - Velocimacro : added VM includeDocString: source=/templates/macros/json/docstring.vm
21:06:46.571 [main] DEBUG org.apache.velocity - ResourceManager : found /templates/macros/json/docstring.vm with loader org.apache.velocity.runtime.resource.loader.ClasspathResourceLoader
21:06:46.571 [main] DEBUG org.apache.velocity - Velocimacro : added VM includeDuration: source=/templates/macros/json/duration.vm
21:06:46.571 [main] DEBUG org.apache.velocity - ResourceManager : found /templates/macros/json/duration.vm with loader org.apache.velocity.runtime.resource.loader.ClasspathResourceLoader
21:06:46.575 [main] DEBUG org.apache.velocity - Velocimacro : added VM includeElement: source=/templates/macros/json/element.vm
21:06:46.575 [main] DEBUG org.apache.velocity - ResourceManager : found /templates/macros/json/element.vm with loader org.apache.velocity.runtime.resource.loader.ClasspathResourceLoader
21:06:46.578 [main] DEBUG org.apache.velocity - Velocimacro : added VM includeEmbeddings: source=/templates/macros/json/embeddings.vm
21:06:46.578 [main] DEBUG org.apache.velocity - Velocimacro : added VM includeHtmlEmbedding: source=/templates/macros/json/embeddings.vm
21:06:46.578 [main] DEBUG org.apache.velocity - Velocimacro : added VM includeImageEmbedding: source=/templates/macros/json/embeddings.vm
21:06:46.578 [main] DEBUG org.apache.velocity - Velocimacro : added VM includeImageReferenceEmbedding: source=/templates/macros/json/embeddings.vm
21:06:46.578 [main] DEBUG org.apache.velocity - Velocimacro : added VM includeTextEmbedding: source=/templates/macros/json/embeddings.vm
21:06:46.578 [main] DEBUG org.apache.velocity - Velocimacro : added VM includeUnknownEmbedding: source=/templates/macros/json/embeddings.vm
21:06:46.578 [main] DEBUG org.apache.velocity - ResourceManager : found /templates/macros/json/embeddings.vm with loader org.apache.velocity.runtime.resource.loader.ClasspathResourceLoader
21:06:46.580 [main] DEBUG org.apache.velocity - Velocimacro : added VM includeHooks: source=/templates/macros/json/hooks.vm
21:06:46.580 [main] DEBUG org.apache.velocity - ResourceManager : found /templates/macros/json/hooks.vm with loader org.apache.velocity.runtime.resource.loader.ClasspathResourceLoader
21:06:46.581 [main] DEBUG org.apache.velocity - Velocimacro : added VM includeOutput: source=/templates/macros/json/output.vm
21:06:46.581 [main] DEBUG org.apache.velocity - ResourceManager : found /templates/macros/json/output.vm with loader org.apache.velocity.runtime.resource.loader.ClasspathResourceLoader
21:06:46.583 [main] DEBUG org.apache.velocity - Velocimacro : added VM includeMessage: source=/templates/macros/json/message.vm
21:06:46.583 [main] DEBUG org.apache.velocity - ResourceManager : found /templates/macros/json/message.vm with loader org.apache.velocity.runtime.resource.loader.ClasspathResourceLoader
21:06:46.585 [main] DEBUG org.apache.velocity - Velocimacro : added VM includeSteps: source=/templates/macros/json/steps.vm
21:06:46.585 [main] DEBUG org.apache.velocity - ResourceManager : found /templates/macros/json/steps.vm with loader org.apache.velocity.runtime.resource.loader.ClasspathResourceLoader
21:06:46.586 [main] DEBUG org.apache.velocity - Velocimacro : added VM includeTags: source=/templates/macros/json/tags.vm
21:06:46.586 [main] DEBUG org.apache.velocity - ResourceManager : found /templates/macros/json/tags.vm with loader org.apache.velocity.runtime.resource.loader.ClasspathResourceLoader
21:06:46.587 [main] DEBUG org.apache.velocity - VM #includeNavigation: too few arguments to macro. Wanted 1 got 0
21:06:46.587 [main] DEBUG org.apache.velocity - Left side ($active_tab) of '==' operation has null value. If it is a reference, it may not be in the context or its toString() returned null. /templates/macros/page/navigation.vm[line 14, column 51]
21:06:46.587 [main] DEBUG org.apache.velocity - Left side ($active_tab) of '==' operation has null value. If it is a reference, it may not be in the context or its toString() returned null. /templates/macros/page/navigation.vm[line 15, column 51]
21:06:46.587 [main] DEBUG org.apache.velocity - Left side ($active_tab) of '==' operation has null value. If it is a reference, it may not be in the context or its toString() returned null. /templates/macros/page/navigation.vm[line 16, column 51]
21:06:46.587 [main] DEBUG org.apache.velocity - Left side ($active_tab) of '==' operation has null value. If it is a reference, it may not be in the context or its toString() returned null. /templates/macros/page/navigation.vm[line 20, column 51]
21:06:46.587 [main] DEBUG org.apache.velocity - VM #includeLead: too few arguments to macro. Wanted 2 got 1
21:06:46.588 [main] DEBUG org.apache.velocity - VM #includeBrief: too few arguments to macro. Wanted 5 got 4
21:06:46.589 [main] DEBUG org.apache.velocity - VM #includeBrief: too few arguments to macro. Wanted 5 got 4
21:06:46.590 [main] DEBUG org.apache.velocity - VM #includeBrief: too few arguments to macro. Wanted 5 got 4
21:06:46.590 [main] DEBUG org.apache.velocity - VM #includeBrief: too few arguments to macro. Wanted 5 got 4
21:06:46.597 [main] DEBUG org.apache.velocity - VM #includeBrief: too few arguments to macro. Wanted 5 got 4
21:06:46.598 [main] DEBUG org.apache.velocity - VM #includeBrief: too few arguments to macro. Wanted 5 got 4
21:06:46.605 [main] DEBUG org.apache.velocity - ResourceManager : found /templates/footer.vm with loader org.apache.velocity.runtime.resource.loader.ClasspathResourceLoader
21:06:46.607 [main] DEBUG org.apache.velocity - ResourceManager : found templates/generators/reportTag.vm with loader org.apache.velocity.runtime.resource.loader.ClasspathResourceLoader
21:06:46.610 [main] DEBUG org.apache.velocity - ResourceManager : found /templates/headers.vm with loader org.apache.velocity.runtime.resource.loader.ClasspathResourceLoader
21:06:46.610 [main] DEBUG org.apache.velocity - ResourceManager : found /templates/head.vm with loader org.apache.velocity.runtime.resource.loader.ClasspathResourceLoader
21:06:46.612 [main] DEBUG org.apache.velocity - Velocimacro : added VM stringArray: source=/templates/macros/array.js.vm
21:06:46.612 [main] DEBUG org.apache.velocity - Velocimacro : added VM numberArray: source=/templates/macros/array.js.vm
21:06:46.612 [main] DEBUG org.apache.velocity - ResourceManager : found /templates/macros/array.js.vm with loader org.apache.velocity.runtime.resource.loader.ClasspathResourceLoader
21:06:46.613 [main] DEBUG org.apache.velocity - Velocimacro : added VM includeBuildInfo: source=/templates/macros/page/buildinfo.vm
21:06:46.613 [main] DEBUG org.apache.velocity - ResourceManager : found /templates/macros/page/buildinfo.vm with loader org.apache.velocity.runtime.resource.loader.ClasspathResourceLoader
21:06:46.614 [main] DEBUG org.apache.velocity - Velocimacro : added VM includeClassifications: source=/templates/macros/page/classifications.vm
21:06:46.614 [main] DEBUG org.apache.velocity - ResourceManager : found /templates/macros/page/classifications.vm with loader org.apache.velocity.runtime.resource.loader.ClasspathResourceLoader
21:06:46.615 [main] DEBUG org.apache.velocity - Velocimacro : added VM includeLead: source=/templates/macros/page/lead.vm
21:06:46.616 [main] DEBUG org.apache.velocity - ResourceManager : found /templates/macros/page/lead.vm with loader org.apache.velocity.runtime.resource.loader.ClasspathResourceLoader
21:06:46.619 [main] DEBUG org.apache.velocity - Velocimacro : added VM includeNavigation: source=/templates/macros/page/navigation.vm
21:06:46.619 [main] DEBUG org.apache.velocity - ResourceManager : found /templates/macros/page/navigation.vm with loader org.apache.velocity.runtime.resource.loader.ClasspathResourceLoader
21:06:46.620 [main] DEBUG org.apache.velocity - Velocimacro : added VM includeReportInfo: source=/templates/macros/page/reportInfo.vm
21:06:46.620 [main] DEBUG org.apache.velocity - ResourceManager : found /templates/macros/page/reportInfo.vm with loader org.apache.velocity.runtime.resource.loader.ClasspathResourceLoader
21:06:46.621 [main] DEBUG org.apache.velocity - Velocimacro : added VM includeTitle: source=/templates/macros/page/title.vm
21:06:46.621 [main] DEBUG org.apache.velocity - ResourceManager : found /templates/macros/page/title.vm with loader org.apache.velocity.runtime.resource.loader.ClasspathResourceLoader
21:06:46.621 [main] DEBUG org.apache.velocity - Velocimacro : added VM includeExpandingButtons: source=/templates/macros/report/expandAllButtons.vm
21:06:46.621 [main] DEBUG org.apache.velocity - ResourceManager : found /templates/macros/report/expandAllButtons.vm with loader org.apache.velocity.runtime.resource.loader.ClasspathResourceLoader
21:06:46.627 [main] DEBUG org.apache.velocity - Velocimacro : added VM includeReportTable: source=/templates/macros/report/reportTable.vm
21:06:46.628 [main] DEBUG org.apache.velocity - ResourceManager : found /templates/macros/report/reportTable.vm with loader org.apache.velocity.runtime.resource.loader.ClasspathResourceLoader
21:06:46.629 [main] DEBUG org.apache.velocity - Velocimacro : added VM includeReportHeader: source=/templates/macros/report/reportHeader.vm
21:06:46.629 [main] DEBUG org.apache.velocity - ResourceManager : found /templates/macros/report/reportHeader.vm with loader org.apache.velocity.runtime.resource.loader.ClasspathResourceLoader
21:06:46.631 [main] DEBUG org.apache.velocity - Velocimacro : added VM includeStatsTable: source=/templates/macros/report/statsTable.vm
21:06:46.631 [main] DEBUG org.apache.velocity - ResourceManager : found /templates/macros/report/statsTable.vm with loader org.apache.velocity.runtime.resource.loader.ClasspathResourceLoader
21:06:46.635 [main] DEBUG org.apache.velocity - Velocimacro : added VM includeBrief: source=/templates/macros/json/brief.vm
21:06:46.635 [main] DEBUG org.apache.velocity - ResourceManager : found /templates/macros/json/brief.vm with loader org.apache.velocity.runtime.resource.loader.ClasspathResourceLoader
21:06:46.636 [main] DEBUG org.apache.velocity - Velocimacro : added VM includeDocString: source=/templates/macros/json/docstring.vm
21:06:46.636 [main] DEBUG org.apache.velocity - ResourceManager : found /templates/macros/json/docstring.vm with loader org.apache.velocity.runtime.resource.loader.ClasspathResourceLoader
21:06:46.637 [main] DEBUG org.apache.velocity - Velocimacro : added VM includeDuration: source=/templates/macros/json/duration.vm
21:06:46.637 [main] DEBUG org.apache.velocity - ResourceManager : found /templates/macros/json/duration.vm with loader org.apache.velocity.runtime.resource.loader.ClasspathResourceLoader
21:06:46.639 [main] DEBUG org.apache.velocity - Velocimacro : added VM includeElement: source=/templates/macros/json/element.vm
21:06:46.639 [main] DEBUG org.apache.velocity - ResourceManager : found /templates/macros/json/element.vm with loader org.apache.velocity.runtime.resource.loader.ClasspathResourceLoader
21:06:46.641 [main] DEBUG org.apache.velocity - Velocimacro : added VM includeEmbeddings: source=/templates/macros/json/embeddings.vm
21:06:46.642 [main] DEBUG org.apache.velocity - Velocimacro : added VM includeHtmlEmbedding: source=/templates/macros/json/embeddings.vm
21:06:46.642 [main] DEBUG org.apache.velocity - Velocimacro : added VM includeImageEmbedding: source=/templates/macros/json/embeddings.vm
21:06:46.642 [main] DEBUG org.apache.velocity - Velocimacro : added VM includeImageReferenceEmbedding: source=/templates/macros/json/embeddings.vm
21:06:46.642 [main] DEBUG org.apache.velocity - Velocimacro : added VM includeTextEmbedding: source=/templates/macros/json/embeddings.vm
21:06:46.642 [main] DEBUG org.apache.velocity - Velocimacro : added VM includeUnknownEmbedding: source=/templates/macros/json/embeddings.vm
21:06:46.642 [main] DEBUG org.apache.velocity - ResourceManager : found /templates/macros/json/embeddings.vm with loader org.apache.velocity.runtime.resource.loader.ClasspathResourceLoader
21:06:46.643 [main] DEBUG org.apache.velocity - Velocimacro : added VM includeHooks: source=/templates/macros/json/hooks.vm
21:06:46.644 [main] DEBUG org.apache.velocity - ResourceManager : found /templates/macros/json/hooks.vm with loader org.apache.velocity.runtime.resource.loader.ClasspathResourceLoader
21:06:46.645 [main] DEBUG org.apache.velocity - Velocimacro : added VM includeOutput: source=/templates/macros/json/output.vm
21:06:46.645 [main] DEBUG org.apache.velocity - ResourceManager : found /templates/macros/json/output.vm with loader org.apache.velocity.runtime.resource.loader.ClasspathResourceLoader
21:06:46.646 [main] DEBUG org.apache.velocity - Velocimacro : added VM includeMessage: source=/templates/macros/json/message.vm
21:06:46.648 [main] DEBUG org.apache.velocity - ResourceManager : found /templates/macros/json/message.vm with loader org.apache.velocity.runtime.resource.loader.ClasspathResourceLoader
21:06:46.651 [main] DEBUG org.apache.velocity - Velocimacro : added VM includeSteps: source=/templates/macros/json/steps.vm
21:06:46.651 [main] DEBUG org.apache.velocity - ResourceManager : found /templates/macros/json/steps.vm with loader org.apache.velocity.runtime.resource.loader.ClasspathResourceLoader
21:06:46.652 [main] DEBUG org.apache.velocity - Velocimacro : added VM includeTags: source=/templates/macros/json/tags.vm
21:06:46.652 [main] DEBUG org.apache.velocity - ResourceManager : found /templates/macros/json/tags.vm with loader org.apache.velocity.runtime.resource.loader.ClasspathResourceLoader
21:06:46.653 [main] DEBUG org.apache.velocity - VM #includeNavigation: too few arguments to macro. Wanted 1 got 0
21:06:46.653 [main] DEBUG org.apache.velocity - Left side ($active_tab) of '==' operation has null value. If it is a reference, it may not be in the context or its toString() returned null. /templates/macros/page/navigation.vm[line 14, column 51]
21:06:46.653 [main] DEBUG org.apache.velocity - Left side ($active_tab) of '==' operation has null value. If it is a reference, it may not be in the context or its toString() returned null. /templates/macros/page/navigation.vm[line 15, column 51]
21:06:46.653 [main] DEBUG org.apache.velocity - Left side ($active_tab) of '==' operation has null value. If it is a reference, it may not be in the context or its toString() returned null. /templates/macros/page/navigation.vm[line 16, column 51]
21:06:46.653 [main] DEBUG org.apache.velocity - Left side ($active_tab) of '==' operation has null value. If it is a reference, it may not be in the context or its toString() returned null. /templates/macros/page/navigation.vm[line 20, column 51]
21:06:46.653 [main] DEBUG org.apache.velocity - VM #includeLead: too few arguments to macro. Wanted 2 got 1
21:06:46.659 [main] DEBUG org.apache.velocity - VM #includeBrief: too few arguments to macro. Wanted 5 got 4
21:06:46.660 [main] DEBUG org.apache.velocity - VM #includeBrief: too few arguments to macro. Wanted 5 got 4
21:06:46.669 [main] DEBUG org.apache.velocity - ResourceManager : found /templates/footer.vm with loader org.apache.velocity.runtime.resource.loader.ClasspathResourceLoader
21:06:46.673 [main] DEBUG org.apache.velocity - ResourceManager : found templates/generators/reportTag.vm with loader org.apache.velocity.runtime.resource.loader.ClasspathResourceLoader
21:06:46.676 [main] DEBUG org.apache.velocity - ResourceManager : found /templates/headers.vm with loader org.apache.velocity.runtime.resource.loader.ClasspathResourceLoader
21:06:46.677 [main] DEBUG org.apache.velocity - ResourceManager : found /templates/head.vm with loader org.apache.velocity.runtime.resource.loader.ClasspathResourceLoader
21:06:46.678 [main] DEBUG org.apache.velocity - Velocimacro : added VM stringArray: source=/templates/macros/array.js.vm
21:06:46.678 [main] DEBUG org.apache.velocity - Velocimacro : added VM numberArray: source=/templates/macros/array.js.vm
21:06:46.678 [main] DEBUG org.apache.velocity - ResourceManager : found /templates/macros/array.js.vm with loader org.apache.velocity.runtime.resource.loader.ClasspathResourceLoader
21:06:46.678 [main] DEBUG org.apache.velocity - Velocimacro : added VM includeBuildInfo: source=/templates/macros/page/buildinfo.vm
21:06:46.678 [main] DEBUG org.apache.velocity - ResourceManager : found /templates/macros/page/buildinfo.vm with loader org.apache.velocity.runtime.resource.loader.ClasspathResourceLoader
21:06:46.679 [main] DEBUG org.apache.velocity - Velocimacro : added VM includeClassifications: source=/templates/macros/page/classifications.vm
21:06:46.679 [main] DEBUG org.apache.velocity - ResourceManager : found /templates/macros/page/classifications.vm with loader org.apache.velocity.runtime.resource.loader.ClasspathResourceLoader
21:06:46.680 [main] DEBUG org.apache.velocity - Velocimacro : added VM includeLead: source=/templates/macros/page/lead.vm
21:06:46.680 [main] DEBUG org.apache.velocity - ResourceManager : found /templates/macros/page/lead.vm with loader org.apache.velocity.runtime.resource.loader.ClasspathResourceLoader
21:06:46.681 [main] DEBUG org.apache.velocity - Velocimacro : added VM includeNavigation: source=/templates/macros/page/navigation.vm
21:06:46.681 [main] DEBUG org.apache.velocity - ResourceManager : found /templates/macros/page/navigation.vm with loader org.apache.velocity.runtime.resource.loader.ClasspathResourceLoader
21:06:46.682 [main] DEBUG org.apache.velocity - Velocimacro : added VM includeReportInfo: source=/templates/macros/page/reportInfo.vm
21:06:46.682 [main] DEBUG org.apache.velocity - ResourceManager : found /templates/macros/page/reportInfo.vm with loader org.apache.velocity.runtime.resource.loader.ClasspathResourceLoader
21:06:46.683 [main] DEBUG org.apache.velocity - Velocimacro : added VM includeTitle: source=/templates/macros/page/title.vm
21:06:46.684 [main] DEBUG org.apache.velocity - ResourceManager : found /templates/macros/page/title.vm with loader org.apache.velocity.runtime.resource.loader.ClasspathResourceLoader
21:06:46.685 [main] DEBUG org.apache.velocity - Velocimacro : added VM includeExpandingButtons: source=/templates/macros/report/expandAllButtons.vm
21:06:46.685 [main] DEBUG org.apache.velocity - ResourceManager : found /templates/macros/report/expandAllButtons.vm with loader org.apache.velocity.runtime.resource.loader.ClasspathResourceLoader
21:06:46.686 [main] DEBUG org.apache.velocity - Velocimacro : added VM includeReportTable: source=/templates/macros/report/reportTable.vm
21:06:46.686 [main] DEBUG org.apache.velocity - ResourceManager : found /templates/macros/report/reportTable.vm with loader org.apache.velocity.runtime.resource.loader.ClasspathResourceLoader
21:06:46.687 [main] DEBUG org.apache.velocity - Velocimacro : added VM includeReportHeader: source=/templates/macros/report/reportHeader.vm
21:06:46.687 [main] DEBUG org.apache.velocity - ResourceManager : found /templates/macros/report/reportHeader.vm with loader org.apache.velocity.runtime.resource.loader.ClasspathResourceLoader
21:06:46.690 [main] DEBUG org.apache.velocity - Velocimacro : added VM includeStatsTable: source=/templates/macros/report/statsTable.vm
21:06:46.690 [main] DEBUG org.apache.velocity - ResourceManager : found /templates/macros/report/statsTable.vm with loader org.apache.velocity.runtime.resource.loader.ClasspathResourceLoader
21:06:46.690 [main] DEBUG org.apache.velocity - Velocimacro : added VM includeBrief: source=/templates/macros/json/brief.vm
21:06:46.691 [main] DEBUG org.apache.velocity - ResourceManager : found /templates/macros/json/brief.vm with loader org.apache.velocity.runtime.resource.loader.ClasspathResourceLoader
21:06:46.691 [main] DEBUG org.apache.velocity - Velocimacro : added VM includeDocString: source=/templates/macros/json/docstring.vm
21:06:46.691 [main] DEBUG org.apache.velocity - ResourceManager : found /templates/macros/json/docstring.vm with loader org.apache.velocity.runtime.resource.loader.ClasspathResourceLoader
21:06:46.692 [main] DEBUG org.apache.velocity - Velocimacro : added VM includeDuration: source=/templates/macros/json/duration.vm
21:06:46.692 [main] DEBUG org.apache.velocity - ResourceManager : found /templates/macros/json/duration.vm with loader org.apache.velocity.runtime.resource.loader.ClasspathResourceLoader
21:06:46.693 [main] DEBUG org.apache.velocity - Velocimacro : added VM includeElement: source=/templates/macros/json/element.vm
21:06:46.693 [main] DEBUG org.apache.velocity - ResourceManager : found /templates/macros/json/element.vm with loader org.apache.velocity.runtime.resource.loader.ClasspathResourceLoader
21:06:46.695 [main] DEBUG org.apache.velocity - Velocimacro : added VM includeEmbeddings: source=/templates/macros/json/embeddings.vm
21:06:46.696 [main] DEBUG org.apache.velocity - Velocimacro : added VM includeHtmlEmbedding: source=/templates/macros/json/embeddings.vm
21:06:46.696 [main] DEBUG org.apache.velocity - Velocimacro : added VM includeImageEmbedding: source=/templates/macros/json/embeddings.vm
21:06:46.696 [main] DEBUG org.apache.velocity - Velocimacro : added VM includeImageReferenceEmbedding: source=/templates/macros/json/embeddings.vm
21:06:46.696 [main] DEBUG org.apache.velocity - Velocimacro : added VM includeTextEmbedding: source=/templates/macros/json/embeddings.vm
21:06:46.696 [main] DEBUG org.apache.velocity - Velocimacro : added VM includeUnknownEmbedding: source=/templates/macros/json/embeddings.vm
21:06:46.696 [main] DEBUG org.apache.velocity - ResourceManager : found /templates/macros/json/embeddings.vm with loader org.apache.velocity.runtime.resource.loader.ClasspathResourceLoader
21:06:46.697 [main] DEBUG org.apache.velocity - Velocimacro : added VM includeHooks: source=/templates/macros/json/hooks.vm
21:06:46.697 [main] DEBUG org.apache.velocity - ResourceManager : found /templates/macros/json/hooks.vm with loader org.apache.velocity.runtime.resource.loader.ClasspathResourceLoader
21:06:46.700 [main] DEBUG org.apache.velocity - Velocimacro : added VM includeOutput: source=/templates/macros/json/output.vm
21:06:46.700 [main] DEBUG org.apache.velocity - ResourceManager : found /templates/macros/json/output.vm with loader org.apache.velocity.runtime.resource.loader.ClasspathResourceLoader
21:06:46.702 [main] DEBUG org.apache.velocity - Velocimacro : added VM includeMessage: source=/templates/macros/json/message.vm
21:06:46.702 [main] DEBUG org.apache.velocity - ResourceManager : found /templates/macros/json/message.vm with loader org.apache.velocity.runtime.resource.loader.ClasspathResourceLoader
21:06:46.703 [main] DEBUG org.apache.velocity - Velocimacro : added VM includeSteps: source=/templates/macros/json/steps.vm
21:06:46.705 [main] DEBUG org.apache.velocity - ResourceManager : found /templates/macros/json/steps.vm with loader org.apache.velocity.runtime.resource.loader.ClasspathResourceLoader
21:06:46.705 [main] DEBUG org.apache.velocity - Velocimacro : added VM includeTags: source=/templates/macros/json/tags.vm
21:06:46.705 [main] DEBUG org.apache.velocity - ResourceManager : found /templates/macros/json/tags.vm with loader org.apache.velocity.runtime.resource.loader.ClasspathResourceLoader
21:06:46.705 [main] DEBUG org.apache.velocity - VM #includeNavigation: too few arguments to macro. Wanted 1 got 0
21:06:46.705 [main] DEBUG org.apache.velocity - Left side ($active_tab) of '==' operation has null value. If it is a reference, it may not be in the context or its toString() returned null. /templates/macros/page/navigation.vm[line 14, column 51]
21:06:46.705 [main] DEBUG org.apache.velocity - Left side ($active_tab) of '==' operation has null value. If it is a reference, it may not be in the context or its toString() returned null. /templates/macros/page/navigation.vm[line 15, column 51]
21:06:46.705 [main] DEBUG org.apache.velocity - Left side ($active_tab) of '==' operation has null value. If it is a reference, it may not be in the context or its toString() returned null. /templates/macros/page/navigation.vm[line 16, column 51]
21:06:46.705 [main] DEBUG org.apache.velocity - Left side ($active_tab) of '==' operation has null value. If it is a reference, it may not be in the context or its toString() returned null. /templates/macros/page/navigation.vm[line 20, column 51]
21:06:46.705 [main] DEBUG org.apache.velocity - VM #includeLead: too few arguments to macro. Wanted 2 got 1
21:06:46.708 [main] DEBUG org.apache.velocity - VM #includeBrief: too few arguments to macro. Wanted 5 got 4
21:06:46.708 [main] DEBUG org.apache.velocity - VM #includeBrief: too few arguments to macro. Wanted 5 got 4
21:06:46.714 [main] DEBUG org.apache.velocity - ResourceManager : found /templates/footer.vm with loader org.apache.velocity.runtime.resource.loader.ClasspathResourceLoader
21:06:46.720 [main] DEBUG org.apache.velocity - ResourceManager : found templates/generators/reportTag.vm with loader org.apache.velocity.runtime.resource.loader.ClasspathResourceLoader
21:06:46.723 [main] DEBUG org.apache.velocity - ResourceManager : found /templates/headers.vm with loader org.apache.velocity.runtime.resource.loader.ClasspathResourceLoader
21:06:46.724 [main] DEBUG org.apache.velocity - ResourceManager : found /templates/head.vm with loader org.apache.velocity.runtime.resource.loader.ClasspathResourceLoader
21:06:46.725 [main] DEBUG org.apache.velocity - Velocimacro : added VM stringArray: source=/templates/macros/array.js.vm
21:06:46.726 [main] DEBUG org.apache.velocity - Velocimacro : added VM numberArray: source=/templates/macros/array.js.vm
21:06:46.726 [main] DEBUG org.apache.velocity - ResourceManager : found /templates/macros/array.js.vm with loader org.apache.velocity.runtime.resource.loader.ClasspathResourceLoader
21:06:46.726 [main] DEBUG org.apache.velocity - Velocimacro : added VM includeBuildInfo: source=/templates/macros/page/buildinfo.vm
21:06:46.726 [main] DEBUG org.apache.velocity - ResourceManager : found /templates/macros/page/buildinfo.vm with loader org.apache.velocity.runtime.resource.loader.ClasspathResourceLoader
21:06:46.727 [main] DEBUG org.apache.velocity - Velocimacro : added VM includeClassifications: source=/templates/macros/page/classifications.vm
21:06:46.727 [main] DEBUG org.apache.velocity - ResourceManager : found /templates/macros/page/classifications.vm with loader org.apache.velocity.runtime.resource.loader.ClasspathResourceLoader
21:06:46.730 [main] DEBUG org.apache.velocity - Velocimacro : added VM includeLead: source=/templates/macros/page/lead.vm
21:06:46.730 [main] DEBUG org.apache.velocity - ResourceManager : found /templates/macros/page/lead.vm with loader org.apache.velocity.runtime.resource.loader.ClasspathResourceLoader
21:06:46.736 [main] DEBUG org.apache.velocity - Velocimacro : added VM includeNavigation: source=/templates/macros/page/navigation.vm
21:06:46.736 [main] DEBUG org.apache.velocity - ResourceManager : found /templates/macros/page/navigation.vm with loader org.apache.velocity.runtime.resource.loader.ClasspathResourceLoader
21:06:46.737 [main] DEBUG org.apache.velocity - Velocimacro : added VM includeReportInfo: source=/templates/macros/page/reportInfo.vm
21:06:46.737 [main] DEBUG org.apache.velocity - ResourceManager : found /templates/macros/page/reportInfo.vm with loader org.apache.velocity.runtime.resource.loader.ClasspathResourceLoader
21:06:46.739 [main] DEBUG org.apache.velocity - Velocimacro : added VM includeTitle: source=/templates/macros/page/title.vm
21:06:46.739 [main] DEBUG org.apache.velocity - ResourceManager : found /templates/macros/page/title.vm with loader org.apache.velocity.runtime.resource.loader.ClasspathResourceLoader
21:06:46.742 [main] DEBUG org.apache.velocity - Velocimacro : added VM includeExpandingButtons: source=/templates/macros/report/expandAllButtons.vm
21:06:46.742 [main] DEBUG org.apache.velocity - ResourceManager : found /templates/macros/report/expandAllButtons.vm with loader org.apache.velocity.runtime.resource.loader.ClasspathResourceLoader
21:06:46.743 [main] DEBUG org.apache.velocity - Velocimacro : added VM includeReportTable: source=/templates/macros/report/reportTable.vm
21:06:46.743 [main] DEBUG org.apache.velocity - ResourceManager : found /templates/macros/report/reportTable.vm with loader org.apache.velocity.runtime.resource.loader.ClasspathResourceLoader
21:06:46.744 [main] DEBUG org.apache.velocity - Velocimacro : added VM includeReportHeader: source=/templates/macros/report/reportHeader.vm
21:06:46.744 [main] DEBUG org.apache.velocity - ResourceManager : found /templates/macros/report/reportHeader.vm with loader org.apache.velocity.runtime.resource.loader.ClasspathResourceLoader
21:06:46.751 [main] DEBUG org.apache.velocity - Velocimacro : added VM includeStatsTable: source=/templates/macros/report/statsTable.vm
21:06:46.751 [main] DEBUG org.apache.velocity - ResourceManager : found /templates/macros/report/statsTable.vm with loader org.apache.velocity.runtime.resource.loader.ClasspathResourceLoader
21:06:46.754 [main] DEBUG org.apache.velocity - Velocimacro : added VM includeBrief: source=/templates/macros/json/brief.vm
21:06:46.755 [main] DEBUG org.apache.velocity - ResourceManager : found /templates/macros/json/brief.vm with loader org.apache.velocity.runtime.resource.loader.ClasspathResourceLoader
21:06:46.756 [main] DEBUG org.apache.velocity - Velocimacro : added VM includeDocString: source=/templates/macros/json/docstring.vm
21:06:46.756 [main] DEBUG org.apache.velocity - ResourceManager : found /templates/macros/json/docstring.vm with loader org.apache.velocity.runtime.resource.loader.ClasspathResourceLoader
21:06:46.758 [main] DEBUG org.apache.velocity - Velocimacro : added VM includeDuration: source=/templates/macros/json/duration.vm
21:06:46.758 [main] DEBUG org.apache.velocity - ResourceManager : found /templates/macros/json/duration.vm with loader org.apache.velocity.runtime.resource.loader.ClasspathResourceLoader
21:06:46.759 [main] DEBUG org.apache.velocity - Velocimacro : added VM includeElement: source=/templates/macros/json/element.vm
21:06:46.759 [main] DEBUG org.apache.velocity - ResourceManager : found /templates/macros/json/element.vm with loader org.apache.velocity.runtime.resource.loader.ClasspathResourceLoader
21:06:46.764 [main] DEBUG org.apache.velocity - Velocimacro : added VM includeEmbeddings: source=/templates/macros/json/embeddings.vm
21:06:46.765 [main] DEBUG org.apache.velocity - Velocimacro : added VM includeHtmlEmbedding: source=/templates/macros/json/embeddings.vm
21:06:46.765 [main] DEBUG org.apache.velocity - Velocimacro : added VM includeImageEmbedding: source=/templates/macros/json/embeddings.vm
21:06:46.765 [main] DEBUG org.apache.velocity - Velocimacro : added VM includeImageReferenceEmbedding: source=/templates/macros/json/embeddings.vm
21:06:46.765 [main] DEBUG org.apache.velocity - Velocimacro : added VM includeTextEmbedding: source=/templates/macros/json/embeddings.vm
21:06:46.766 [main] DEBUG org.apache.velocity - Velocimacro : added VM includeUnknownEmbedding: source=/templates/macros/json/embeddings.vm
21:06:46.766 [main] DEBUG org.apache.velocity - ResourceManager : found /templates/macros/json/embeddings.vm with loader org.apache.velocity.runtime.resource.loader.ClasspathResourceLoader
21:06:46.770 [main] DEBUG org.apache.velocity - Velocimacro : added VM includeHooks: source=/templates/macros/json/hooks.vm
21:06:46.770 [main] DEBUG org.apache.velocity - ResourceManager : found /templates/macros/json/hooks.vm with loader org.apache.velocity.runtime.resource.loader.ClasspathResourceLoader
21:06:46.772 [main] DEBUG org.apache.velocity - Velocimacro : added VM includeOutput: source=/templates/macros/json/output.vm
21:06:46.772 [main] DEBUG org.apache.velocity - ResourceManager : found /templates/macros/json/output.vm with loader org.apache.velocity.runtime.resource.loader.ClasspathResourceLoader
21:06:46.773 [main] DEBUG org.apache.velocity - Velocimacro : added VM includeMessage: source=/templates/macros/json/message.vm
21:06:46.773 [main] DEBUG org.apache.velocity - ResourceManager : found /templates/macros/json/message.vm with loader org.apache.velocity.runtime.resource.loader.ClasspathResourceLoader
21:06:46.775 [main] DEBUG org.apache.velocity - Velocimacro : added VM includeSteps: source=/templates/macros/json/steps.vm
21:06:46.775 [main] DEBUG org.apache.velocity - ResourceManager : found /templates/macros/json/steps.vm with loader org.apache.velocity.runtime.resource.loader.ClasspathResourceLoader
21:06:46.776 [main] DEBUG org.apache.velocity - Velocimacro : added VM includeTags: source=/templates/macros/json/tags.vm
21:06:46.776 [main] DEBUG org.apache.velocity - ResourceManager : found /templates/macros/json/tags.vm with loader org.apache.velocity.runtime.resource.loader.ClasspathResourceLoader
21:06:46.777 [main] DEBUG org.apache.velocity - VM #includeNavigation: too few arguments to macro. Wanted 1 got 0
21:06:46.777 [main] DEBUG org.apache.velocity - Left side ($active_tab) of '==' operation has null value. If it is a reference, it may not be in the context or its toString() returned null. /templates/macros/page/navigation.vm[line 14, column 51]
21:06:46.777 [main] DEBUG org.apache.velocity - Left side ($active_tab) of '==' operation has null value. If it is a reference, it may not be in the context or its toString() returned null. /templates/macros/page/navigation.vm[line 15, column 51]
21:06:46.777 [main] DEBUG org.apache.velocity - Left side ($active_tab) of '==' operation has null value. If it is a reference, it may not be in the context or its toString() returned null. /templates/macros/page/navigation.vm[line 16, column 51]
21:06:46.777 [main] DEBUG org.apache.velocity - Left side ($active_tab) of '==' operation has null value. If it is a reference, it may not be in the context or its toString() returned null. /templates/macros/page/navigation.vm[line 20, column 51]
21:06:46.777 [main] DEBUG org.apache.velocity - VM #includeLead: too few arguments to macro. Wanted 2 got 1
21:06:46.781 [main] DEBUG org.apache.velocity - VM #includeBrief: too few arguments to macro. Wanted 5 got 4
21:06:46.785 [main] DEBUG org.apache.velocity - VM #includeBrief: too few arguments to macro. Wanted 5 got 4
21:06:46.794 [main] DEBUG org.apache.velocity - ResourceManager : found /templates/footer.vm with loader org.apache.velocity.runtime.resource.loader.ClasspathResourceLoader
21:06:46.798 [main] DEBUG org.apache.velocity - ResourceManager : found templates/generators/reportTag.vm with loader org.apache.velocity.runtime.resource.loader.ClasspathResourceLoader
21:06:46.805 [main] DEBUG org.apache.velocity - ResourceManager : found /templates/headers.vm with loader org.apache.velocity.runtime.resource.loader.ClasspathResourceLoader
21:06:46.805 [main] DEBUG org.apache.velocity - ResourceManager : found /templates/head.vm with loader org.apache.velocity.runtime.resource.loader.ClasspathResourceLoader
21:06:46.806 [main] DEBUG org.apache.velocity - Velocimacro : added VM stringArray: source=/templates/macros/array.js.vm
21:06:46.806 [main] DEBUG org.apache.velocity - Velocimacro : added VM numberArray: source=/templates/macros/array.js.vm
21:06:46.806 [main] DEBUG org.apache.velocity - ResourceManager : found /templates/macros/array.js.vm with loader org.apache.velocity.runtime.resource.loader.ClasspathResourceLoader
21:06:46.807 [main] DEBUG org.apache.velocity - Velocimacro : added VM includeBuildInfo: source=/templates/macros/page/buildinfo.vm
21:06:46.807 [main] DEBUG org.apache.velocity - ResourceManager : found /templates/macros/page/buildinfo.vm with loader org.apache.velocity.runtime.resource.loader.ClasspathResourceLoader
21:06:46.808 [main] DEBUG org.apache.velocity - Velocimacro : added VM includeClassifications: source=/templates/macros/page/classifications.vm
21:06:46.809 [main] DEBUG org.apache.velocity - ResourceManager : found /templates/macros/page/classifications.vm with loader org.apache.velocity.runtime.resource.loader.ClasspathResourceLoader
21:06:46.809 [main] DEBUG org.apache.velocity - Velocimacro : added VM includeLead: source=/templates/macros/page/lead.vm
21:06:46.809 [main] DEBUG org.apache.velocity - ResourceManager : found /templates/macros/page/lead.vm with loader org.apache.velocity.runtime.resource.loader.ClasspathResourceLoader
21:06:46.810 [main] DEBUG org.apache.velocity - Velocimacro : added VM includeNavigation: source=/templates/macros/page/navigation.vm
21:06:46.810 [main] DEBUG org.apache.velocity - ResourceManager : found /templates/macros/page/navigation.vm with loader org.apache.velocity.runtime.resource.loader.ClasspathResourceLoader
21:06:46.811 [main] DEBUG org.apache.velocity - Velocimacro : added VM includeReportInfo: source=/templates/macros/page/reportInfo.vm
21:06:46.811 [main] DEBUG org.apache.velocity - ResourceManager : found /templates/macros/page/reportInfo.vm with loader org.apache.velocity.runtime.resource.loader.ClasspathResourceLoader
21:06:46.813 [main] DEBUG org.apache.velocity - Velocimacro : added VM includeTitle: source=/templates/macros/page/title.vm
21:06:46.813 [main] DEBUG org.apache.velocity - ResourceManager : found /templates/macros/page/title.vm with loader org.apache.velocity.runtime.resource.loader.ClasspathResourceLoader
21:06:46.814 [main] DEBUG org.apache.velocity - Velocimacro : added VM includeExpandingButtons: source=/templates/macros/report/expandAllButtons.vm
21:06:46.814 [main] DEBUG org.apache.velocity - ResourceManager : found /templates/macros/report/expandAllButtons.vm with loader org.apache.velocity.runtime.resource.loader.ClasspathResourceLoader
21:06:46.818 [main] DEBUG org.apache.velocity - Velocimacro : added VM includeReportTable: source=/templates/macros/report/reportTable.vm
21:06:46.818 [main] DEBUG org.apache.velocity - ResourceManager : found /templates/macros/report/reportTable.vm with loader org.apache.velocity.runtime.resource.loader.ClasspathResourceLoader
21:06:46.820 [main] DEBUG org.apache.velocity - Velocimacro : added VM includeReportHeader: source=/templates/macros/report/reportHeader.vm
21:06:46.820 [main] DEBUG org.apache.velocity - ResourceManager : found /templates/macros/report/reportHeader.vm with loader org.apache.velocity.runtime.resource.loader.ClasspathResourceLoader
21:06:46.823 [main] DEBUG org.apache.velocity - Velocimacro : added VM includeStatsTable: source=/templates/macros/report/statsTable.vm
21:06:46.823 [main] DEBUG org.apache.velocity - ResourceManager : found /templates/macros/report/statsTable.vm with loader org.apache.velocity.runtime.resource.loader.ClasspathResourceLoader
21:06:46.825 [main] DEBUG org.apache.velocity - Velocimacro : added VM includeBrief: source=/templates/macros/json/brief.vm
21:06:46.825 [main] DEBUG org.apache.velocity - ResourceManager : found /templates/macros/json/brief.vm with loader org.apache.velocity.runtime.resource.loader.ClasspathResourceLoader
21:06:46.826 [main] DEBUG org.apache.velocity - Velocimacro : added VM includeDocString: source=/templates/macros/json/docstring.vm
21:06:46.826 [main] DEBUG org.apache.velocity - ResourceManager : found /templates/macros/json/docstring.vm with loader org.apache.velocity.runtime.resource.loader.ClasspathResourceLoader
21:06:46.827 [main] DEBUG org.apache.velocity - Velocimacro : added VM includeDuration: source=/templates/macros/json/duration.vm
21:06:46.827 [main] DEBUG org.apache.velocity - ResourceManager : found /templates/macros/json/duration.vm with loader org.apache.velocity.runtime.resource.loader.ClasspathResourceLoader
21:06:46.828 [main] DEBUG org.apache.velocity - Velocimacro : added VM includeElement: source=/templates/macros/json/element.vm
21:06:46.828 [main] DEBUG org.apache.velocity - ResourceManager : found /templates/macros/json/element.vm with loader org.apache.velocity.runtime.resource.loader.ClasspathResourceLoader
21:06:46.851 [main] DEBUG org.apache.velocity - Velocimacro : added VM includeEmbeddings: source=/templates/macros/json/embeddings.vm
21:06:46.852 [main] DEBUG org.apache.velocity - Velocimacro : added VM includeHtmlEmbedding: source=/templates/macros/json/embeddings.vm
21:06:46.852 [main] DEBUG org.apache.velocity - Velocimacro : added VM includeImageEmbedding: source=/templates/macros/json/embeddings.vm
21:06:46.852 [main] DEBUG org.apache.velocity - Velocimacro : added VM includeImageReferenceEmbedding: source=/templates/macros/json/embeddings.vm
21:06:46.852 [main] DEBUG org.apache.velocity - Velocimacro : added VM includeTextEmbedding: source=/templates/macros/json/embeddings.vm
21:06:46.852 [main] DEBUG org.apache.velocity - Velocimacro : added VM includeUnknownEmbedding: source=/templates/macros/json/embeddings.vm
21:06:46.852 [main] DEBUG org.apache.velocity - ResourceManager : found /templates/macros/json/embeddings.vm with loader org.apache.velocity.runtime.resource.loader.ClasspathResourceLoader
21:06:46.854 [main] DEBUG org.apache.velocity - Velocimacro : added VM includeHooks: source=/templates/macros/json/hooks.vm
21:06:46.854 [main] DEBUG org.apache.velocity - ResourceManager : found /templates/macros/json/hooks.vm with loader org.apache.velocity.runtime.resource.loader.ClasspathResourceLoader
21:06:46.856 [main] DEBUG org.apache.velocity - Velocimacro : added VM includeOutput: source=/templates/macros/json/output.vm
21:06:46.856 [main] DEBUG org.apache.velocity - ResourceManager : found /templates/macros/json/output.vm with loader org.apache.velocity.runtime.resource.loader.ClasspathResourceLoader
21:06:46.858 [main] DEBUG org.apache.velocity - Velocimacro : added VM includeMessage: source=/templates/macros/json/message.vm
21:06:46.858 [main] DEBUG org.apache.velocity - ResourceManager : found /templates/macros/json/message.vm with loader org.apache.velocity.runtime.resource.loader.ClasspathResourceLoader
21:06:46.860 [main] DEBUG org.apache.velocity - Velocimacro : added VM includeSteps: source=/templates/macros/json/steps.vm
21:06:46.861 [main] DEBUG org.apache.velocity - ResourceManager : found /templates/macros/json/steps.vm with loader org.apache.velocity.runtime.resource.loader.ClasspathResourceLoader
21:06:46.862 [main] DEBUG org.apache.velocity - Velocimacro : added VM includeTags: source=/templates/macros/json/tags.vm
21:06:46.862 [main] DEBUG org.apache.velocity - ResourceManager : found /templates/macros/json/tags.vm with loader org.apache.velocity.runtime.resource.loader.ClasspathResourceLoader
21:06:46.863 [main] DEBUG org.apache.velocity - VM #includeNavigation: too few arguments to macro. Wanted 1 got 0
21:06:46.863 [main] DEBUG org.apache.velocity - Left side ($active_tab) of '==' operation has null value. If it is a reference, it may not be in the context or its toString() returned null. /templates/macros/page/navigation.vm[line 14, column 51]
21:06:46.863 [main] DEBUG org.apache.velocity - Left side ($active_tab) of '==' operation has null value. If it is a reference, it may not be in the context or its toString() returned null. /templates/macros/page/navigation.vm[line 15, column 51]
21:06:46.863 [main] DEBUG org.apache.velocity - Left side ($active_tab) of '==' operation has null value. If it is a reference, it may not be in the context or its toString() returned null. /templates/macros/page/navigation.vm[line 16, column 51]
21:06:46.863 [main] DEBUG org.apache.velocity - Left side ($active_tab) of '==' operation has null value. If it is a reference, it may not be in the context or its toString() returned null. /templates/macros/page/navigation.vm[line 20, column 51]
21:06:46.863 [main] DEBUG org.apache.velocity - VM #includeLead: too few arguments to macro. Wanted 2 got 1
21:06:46.865 [main] DEBUG org.apache.velocity - VM #includeBrief: too few arguments to macro. Wanted 5 got 4
21:06:46.867 [main] DEBUG org.apache.velocity - VM #includeBrief: too few arguments to macro. Wanted 5 got 4
21:06:46.869 [main] DEBUG org.apache.velocity - VM #includeBrief: too few arguments to macro. Wanted 5 got 4
21:06:46.869 [main] DEBUG org.apache.velocity - VM #includeBrief: too few arguments to macro. Wanted 5 got 4
21:06:46.874 [main] DEBUG org.apache.velocity - VM #includeBrief: too few arguments to macro. Wanted 5 got 4
21:06:46.875 [main] DEBUG org.apache.velocity - VM #includeBrief: too few arguments to macro. Wanted 5 got 4
21:06:46.880 [main] DEBUG org.apache.velocity - VM #includeBrief: too few arguments to macro. Wanted 5 got 4
21:06:46.880 [main] DEBUG org.apache.velocity - VM #includeBrief: too few arguments to macro. Wanted 5 got 4
21:06:46.888 [main] DEBUG org.apache.velocity - VM #includeBrief: too few arguments to macro. Wanted 5 got 4
21:06:46.888 [main] DEBUG org.apache.velocity - VM #includeBrief: too few arguments to macro. Wanted 5 got 4
21:06:46.892 [main] DEBUG org.apache.velocity - ResourceManager : found /templates/footer.vm with loader org.apache.velocity.runtime.resource.loader.ClasspathResourceLoader
21:06:46.895 [main] DEBUG org.apache.velocity - ResourceManager : found templates/generators/reportTag.vm with loader org.apache.velocity.runtime.resource.loader.ClasspathResourceLoader
21:06:46.897 [main] DEBUG org.apache.velocity - ResourceManager : found /templates/headers.vm with loader org.apache.velocity.runtime.resource.loader.ClasspathResourceLoader
21:06:46.901 [main] DEBUG org.apache.velocity - ResourceManager : found /templates/head.vm with loader org.apache.velocity.runtime.resource.loader.ClasspathResourceLoader
21:06:46.902 [main] DEBUG org.apache.velocity - Velocimacro : added VM stringArray: source=/templates/macros/array.js.vm
21:06:46.903 [main] DEBUG org.apache.velocity - Velocimacro : added VM numberArray: source=/templates/macros/array.js.vm
21:06:46.903 [main] DEBUG org.apache.velocity - ResourceManager : found /templates/macros/array.js.vm with loader org.apache.velocity.runtime.resource.loader.ClasspathResourceLoader
21:06:46.904 [main] DEBUG org.apache.velocity - Velocimacro : added VM includeBuildInfo: source=/templates/macros/page/buildinfo.vm
21:06:46.904 [main] DEBUG org.apache.velocity - ResourceManager : found /templates/macros/page/buildinfo.vm with loader org.apache.velocity.runtime.resource.loader.ClasspathResourceLoader
21:06:46.905 [main] DEBUG org.apache.velocity - Velocimacro : added VM includeClassifications: source=/templates/macros/page/classifications.vm
21:06:46.905 [main] DEBUG org.apache.velocity - ResourceManager : found /templates/macros/page/classifications.vm with loader org.apache.velocity.runtime.resource.loader.ClasspathResourceLoader
21:06:46.906 [main] DEBUG org.apache.velocity - Velocimacro : added VM includeLead: source=/templates/macros/page/lead.vm
21:06:46.906 [main] DEBUG org.apache.velocity - ResourceManager : found /templates/macros/page/lead.vm with loader org.apache.velocity.runtime.resource.loader.ClasspathResourceLoader
21:06:46.908 [main] DEBUG org.apache.velocity - Velocimacro : added VM includeNavigation: source=/templates/macros/page/navigation.vm
21:06:46.908 [main] DEBUG org.apache.velocity - ResourceManager : found /templates/macros/page/navigation.vm with loader org.apache.velocity.runtime.resource.loader.ClasspathResourceLoader
21:06:46.909 [main] DEBUG org.apache.velocity - Velocimacro : added VM includeReportInfo: source=/templates/macros/page/reportInfo.vm
21:06:46.909 [main] DEBUG org.apache.velocity - ResourceManager : found /templates/macros/page/reportInfo.vm with loader org.apache.velocity.runtime.resource.loader.ClasspathResourceLoader
21:06:46.910 [main] DEBUG org.apache.velocity - Velocimacro : added VM includeTitle: source=/templates/macros/page/title.vm
21:06:46.910 [main] DEBUG org.apache.velocity - ResourceManager : found /templates/macros/page/title.vm with loader org.apache.velocity.runtime.resource.loader.ClasspathResourceLoader
21:06:46.911 [main] DEBUG org.apache.velocity - Velocimacro : added VM includeExpandingButtons: source=/templates/macros/report/expandAllButtons.vm
21:06:46.911 [main] DEBUG org.apache.velocity - ResourceManager : found /templates/macros/report/expandAllButtons.vm with loader org.apache.velocity.runtime.resource.loader.ClasspathResourceLoader
21:06:46.912 [main] DEBUG org.apache.velocity - Velocimacro : added VM includeReportTable: source=/templates/macros/report/reportTable.vm
21:06:46.912 [main] DEBUG org.apache.velocity - ResourceManager : found /templates/macros/report/reportTable.vm with loader org.apache.velocity.runtime.resource.loader.ClasspathResourceLoader
21:06:46.913 [main] DEBUG org.apache.velocity - Velocimacro : added VM includeReportHeader: source=/templates/macros/report/reportHeader.vm
21:06:46.913 [main] DEBUG org.apache.velocity - ResourceManager : found /templates/macros/report/reportHeader.vm with loader org.apache.velocity.runtime.resource.loader.ClasspathResourceLoader
21:06:46.917 [main] DEBUG org.apache.velocity - Velocimacro : added VM includeStatsTable: source=/templates/macros/report/statsTable.vm
21:06:46.917 [main] DEBUG org.apache.velocity - ResourceManager : found /templates/macros/report/statsTable.vm with loader org.apache.velocity.runtime.resource.loader.ClasspathResourceLoader
21:06:46.928 [main] DEBUG org.apache.velocity - Velocimacro : added VM includeBrief: source=/templates/macros/json/brief.vm
21:06:46.928 [main] DEBUG org.apache.velocity - ResourceManager : found /templates/macros/json/brief.vm with loader org.apache.velocity.runtime.resource.loader.ClasspathResourceLoader
21:06:46.930 [main] DEBUG org.apache.velocity - Velocimacro : added VM includeDocString: source=/templates/macros/json/docstring.vm
21:06:46.930 [main] DEBUG org.apache.velocity - ResourceManager : found /templates/macros/json/docstring.vm with loader org.apache.velocity.runtime.resource.loader.ClasspathResourceLoader
21:06:46.931 [main] DEBUG org.apache.velocity - Velocimacro : added VM includeDuration: source=/templates/macros/json/duration.vm
21:06:46.931 [main] DEBUG org.apache.velocity - ResourceManager : found /templates/macros/json/duration.vm with loader org.apache.velocity.runtime.resource.loader.ClasspathResourceLoader
21:06:46.936 [main] DEBUG org.apache.velocity - Velocimacro : added VM includeElement: source=/templates/macros/json/element.vm
21:06:46.936 [main] DEBUG org.apache.velocity - ResourceManager : found /templates/macros/json/element.vm with loader org.apache.velocity.runtime.resource.loader.ClasspathResourceLoader
21:06:46.938 [main] DEBUG org.apache.velocity - Velocimacro : added VM includeEmbeddings: source=/templates/macros/json/embeddings.vm
21:06:46.938 [main] DEBUG org.apache.velocity - Velocimacro : added VM includeHtmlEmbedding: source=/templates/macros/json/embeddings.vm
21:06:46.938 [main] DEBUG org.apache.velocity - Velocimacro : added VM includeImageEmbedding: source=/templates/macros/json/embeddings.vm
21:06:46.938 [main] DEBUG org.apache.velocity - Velocimacro : added VM includeImageReferenceEmbedding: source=/templates/macros/json/embeddings.vm
21:06:46.938 [main] DEBUG org.apache.velocity - Velocimacro : added VM includeTextEmbedding: source=/templates/macros/json/embeddings.vm
21:06:46.938 [main] DEBUG org.apache.velocity - Velocimacro : added VM includeUnknownEmbedding: source=/templates/macros/json/embeddings.vm
21:06:46.938 [main] DEBUG org.apache.velocity - ResourceManager : found /templates/macros/json/embeddings.vm with loader org.apache.velocity.runtime.resource.loader.ClasspathResourceLoader
21:06:46.940 [main] DEBUG org.apache.velocity - Velocimacro : added VM includeHooks: source=/templates/macros/json/hooks.vm
21:06:46.940 [main] DEBUG org.apache.velocity - ResourceManager : found /templates/macros/json/hooks.vm with loader org.apache.velocity.runtime.resource.loader.ClasspathResourceLoader
21:06:46.942 [main] DEBUG org.apache.velocity - Velocimacro : added VM includeOutput: source=/templates/macros/json/output.vm
21:06:46.942 [main] DEBUG org.apache.velocity - ResourceManager : found /templates/macros/json/output.vm with loader org.apache.velocity.runtime.resource.loader.ClasspathResourceLoader
21:06:46.944 [main] DEBUG org.apache.velocity - Velocimacro : added VM includeMessage: source=/templates/macros/json/message.vm
21:06:46.944 [main] DEBUG org.apache.velocity - ResourceManager : found /templates/macros/json/message.vm with loader org.apache.velocity.runtime.resource.loader.ClasspathResourceLoader
21:06:46.945 [main] DEBUG org.apache.velocity - Velocimacro : added VM includeSteps: source=/templates/macros/json/steps.vm
21:06:46.945 [main] DEBUG org.apache.velocity - ResourceManager : found /templates/macros/json/steps.vm with loader org.apache.velocity.runtime.resource.loader.ClasspathResourceLoader
21:06:46.946 [main] DEBUG org.apache.velocity - Velocimacro : added VM includeTags: source=/templates/macros/json/tags.vm
21:06:46.946 [main] DEBUG org.apache.velocity - ResourceManager : found /templates/macros/json/tags.vm with loader org.apache.velocity.runtime.resource.loader.ClasspathResourceLoader
21:06:46.946 [main] DEBUG org.apache.velocity - VM #includeNavigation: too few arguments to macro. Wanted 1 got 0
21:06:46.946 [main] DEBUG org.apache.velocity - Left side ($active_tab) of '==' operation has null value. If it is a reference, it may not be in the context or its toString() returned null. /templates/macros/page/navigation.vm[line 14, column 51]
21:06:46.946 [main] DEBUG org.apache.velocity - Left side ($active_tab) of '==' operation has null value. If it is a reference, it may not be in the context or its toString() returned null. /templates/macros/page/navigation.vm[line 15, column 51]
21:06:46.946 [main] DEBUG org.apache.velocity - Left side ($active_tab) of '==' operation has null value. If it is a reference, it may not be in the context or its toString() returned null. /templates/macros/page/navigation.vm[line 16, column 51]
21:06:46.946 [main] DEBUG org.apache.velocity - Left side ($active_tab) of '==' operation has null value. If it is a reference, it may not be in the context or its toString() returned null. /templates/macros/page/navigation.vm[line 20, column 51]
21:06:46.946 [main] DEBUG org.apache.velocity - VM #includeLead: too few arguments to macro. Wanted 2 got 1
21:06:46.947 [main] DEBUG org.apache.velocity - VM #includeBrief: too few arguments to macro. Wanted 5 got 4
21:06:46.948 [main] DEBUG org.apache.velocity - VM #includeBrief: too few arguments to macro. Wanted 5 got 4
21:06:46.952 [main] DEBUG org.apache.velocity - VM #includeBrief: too few arguments to macro. Wanted 5 got 4
21:06:46.952 [main] DEBUG org.apache.velocity - VM #includeBrief: too few arguments to macro. Wanted 5 got 4
21:06:46.957 [main] DEBUG org.apache.velocity - VM #includeBrief: too few arguments to macro. Wanted 5 got 4
21:06:46.957 [main] DEBUG org.apache.velocity - VM #includeBrief: too few arguments to macro. Wanted 5 got 4
21:06:46.960 [main] DEBUG org.apache.velocity - ResourceManager : found /templates/footer.vm with loader org.apache.velocity.runtime.resource.loader.ClasspathResourceLoader
21:06:46.963 [main] DEBUG org.apache.velocity - ResourceManager : found templates/generators/overviewSteps.vm with loader org.apache.velocity.runtime.resource.loader.ClasspathResourceLoader
21:06:46.967 [main] DEBUG org.apache.velocity - ResourceManager : found /templates/headers.vm with loader org.apache.velocity.runtime.resource.loader.ClasspathResourceLoader
21:06:46.968 [main] DEBUG org.apache.velocity - ResourceManager : found /templates/head.vm with loader org.apache.velocity.runtime.resource.loader.ClasspathResourceLoader
21:06:46.969 [main] DEBUG org.apache.velocity - Velocimacro : added VM stringArray: source=/templates/macros/array.js.vm
21:06:46.969 [main] DEBUG org.apache.velocity - Velocimacro : added VM numberArray: source=/templates/macros/array.js.vm
21:06:46.969 [main] DEBUG org.apache.velocity - ResourceManager : found /templates/macros/array.js.vm with loader org.apache.velocity.runtime.resource.loader.ClasspathResourceLoader
21:06:46.970 [main] DEBUG org.apache.velocity - Velocimacro : added VM includeBuildInfo: source=/templates/macros/page/buildinfo.vm
21:06:46.970 [main] DEBUG org.apache.velocity - ResourceManager : found /templates/macros/page/buildinfo.vm with loader org.apache.velocity.runtime.resource.loader.ClasspathResourceLoader
21:06:46.972 [main] DEBUG org.apache.velocity - Velocimacro : added VM includeClassifications: source=/templates/macros/page/classifications.vm
21:06:46.972 [main] DEBUG org.apache.velocity - ResourceManager : found /templates/macros/page/classifications.vm with loader org.apache.velocity.runtime.resource.loader.ClasspathResourceLoader
21:06:46.973 [main] DEBUG org.apache.velocity - Velocimacro : added VM includeLead: source=/templates/macros/page/lead.vm
21:06:46.973 [main] DEBUG org.apache.velocity - ResourceManager : found /templates/macros/page/lead.vm with loader org.apache.velocity.runtime.resource.loader.ClasspathResourceLoader
21:06:46.974 [main] DEBUG org.apache.velocity - Velocimacro : added VM includeNavigation: source=/templates/macros/page/navigation.vm
21:06:46.974 [main] DEBUG org.apache.velocity - ResourceManager : found /templates/macros/page/navigation.vm with loader org.apache.velocity.runtime.resource.loader.ClasspathResourceLoader
21:06:46.975 [main] DEBUG org.apache.velocity - Velocimacro : added VM includeReportInfo: source=/templates/macros/page/reportInfo.vm
21:06:46.975 [main] DEBUG org.apache.velocity - ResourceManager : found /templates/macros/page/reportInfo.vm with loader org.apache.velocity.runtime.resource.loader.ClasspathResourceLoader
21:06:46.976 [main] DEBUG org.apache.velocity - Velocimacro : added VM includeTitle: source=/templates/macros/page/title.vm
21:06:46.976 [main] DEBUG org.apache.velocity - ResourceManager : found /templates/macros/page/title.vm with loader org.apache.velocity.runtime.resource.loader.ClasspathResourceLoader
21:06:46.977 [main] DEBUG org.apache.velocity - Velocimacro : added VM includeExpandingButtons: source=/templates/macros/report/expandAllButtons.vm
21:06:46.977 [main] DEBUG org.apache.velocity - ResourceManager : found /templates/macros/report/expandAllButtons.vm with loader org.apache.velocity.runtime.resource.loader.ClasspathResourceLoader
21:06:46.979 [main] DEBUG org.apache.velocity - Velocimacro : added VM includeReportTable: source=/templates/macros/report/reportTable.vm
21:06:46.979 [main] DEBUG org.apache.velocity - ResourceManager : found /templates/macros/report/reportTable.vm with loader org.apache.velocity.runtime.resource.loader.ClasspathResourceLoader
21:06:46.979 [main] DEBUG org.apache.velocity - Velocimacro : added VM includeReportHeader: source=/templates/macros/report/reportHeader.vm
21:06:46.979 [main] DEBUG org.apache.velocity - ResourceManager : found /templates/macros/report/reportHeader.vm with loader org.apache.velocity.runtime.resource.loader.ClasspathResourceLoader
21:06:46.986 [main] DEBUG org.apache.velocity - Velocimacro : added VM includeStatsTable: source=/templates/macros/report/statsTable.vm
21:06:46.986 [main] DEBUG org.apache.velocity - ResourceManager : found /templates/macros/report/statsTable.vm with loader org.apache.velocity.runtime.resource.loader.ClasspathResourceLoader
21:06:46.987 [main] DEBUG org.apache.velocity - Velocimacro : added VM includeBrief: source=/templates/macros/json/brief.vm
21:06:46.987 [main] DEBUG org.apache.velocity - ResourceManager : found /templates/macros/json/brief.vm with loader org.apache.velocity.runtime.resource.loader.ClasspathResourceLoader
21:06:46.988 [main] DEBUG org.apache.velocity - Velocimacro : added VM includeDocString: source=/templates/macros/json/docstring.vm
21:06:46.988 [main] DEBUG org.apache.velocity - ResourceManager : found /templates/macros/json/docstring.vm with loader org.apache.velocity.runtime.resource.loader.ClasspathResourceLoader
21:06:46.989 [main] DEBUG org.apache.velocity - Velocimacro : added VM includeDuration: source=/templates/macros/json/duration.vm
21:06:46.989 [main] DEBUG org.apache.velocity - ResourceManager : found /templates/macros/json/duration.vm with loader org.apache.velocity.runtime.resource.loader.ClasspathResourceLoader
21:06:46.990 [main] DEBUG org.apache.velocity - Velocimacro : added VM includeElement: source=/templates/macros/json/element.vm
21:06:46.990 [main] DEBUG org.apache.velocity - ResourceManager : found /templates/macros/json/element.vm with loader org.apache.velocity.runtime.resource.loader.ClasspathResourceLoader
21:06:46.993 [main] DEBUG org.apache.velocity - Velocimacro : added VM includeEmbeddings: source=/templates/macros/json/embeddings.vm
21:06:46.994 [main] DEBUG org.apache.velocity - Velocimacro : added VM includeHtmlEmbedding: source=/templates/macros/json/embeddings.vm
21:06:46.994 [main] DEBUG org.apache.velocity - Velocimacro : added VM includeImageEmbedding: source=/templates/macros/json/embeddings.vm
21:06:46.994 [main] DEBUG org.apache.velocity - Velocimacro : added VM includeImageReferenceEmbedding: source=/templates/macros/json/embeddings.vm
21:06:46.995 [main] DEBUG org.apache.velocity - Velocimacro : added VM includeTextEmbedding: source=/templates/macros/json/embeddings.vm
21:06:46.995 [main] DEBUG org.apache.velocity - Velocimacro : added VM includeUnknownEmbedding: source=/templates/macros/json/embeddings.vm
21:06:46.995 [main] DEBUG org.apache.velocity - ResourceManager : found /templates/macros/json/embeddings.vm with loader org.apache.velocity.runtime.resource.loader.ClasspathResourceLoader
21:06:46.996 [main] DEBUG org.apache.velocity - Velocimacro : added VM includeHooks: source=/templates/macros/json/hooks.vm
21:06:46.997 [main] DEBUG org.apache.velocity - ResourceManager : found /templates/macros/json/hooks.vm with loader org.apache.velocity.runtime.resource.loader.ClasspathResourceLoader
21:06:46.998 [main] DEBUG org.apache.velocity - Velocimacro : added VM includeOutput: source=/templates/macros/json/output.vm
21:06:46.999 [main] DEBUG org.apache.velocity - ResourceManager : found /templates/macros/json/output.vm with loader org.apache.velocity.runtime.resource.loader.ClasspathResourceLoader
21:06:47.002 [main] DEBUG org.apache.velocity - Velocimacro : added VM includeMessage: source=/templates/macros/json/message.vm
21:06:47.002 [main] DEBUG org.apache.velocity - ResourceManager : found /templates/macros/json/message.vm with loader org.apache.velocity.runtime.resource.loader.ClasspathResourceLoader
21:06:47.004 [main] DEBUG org.apache.velocity - Velocimacro : added VM includeSteps: source=/templates/macros/json/steps.vm
21:06:47.004 [main] DEBUG org.apache.velocity - ResourceManager : found /templates/macros/json/steps.vm with loader org.apache.velocity.runtime.resource.loader.ClasspathResourceLoader
21:06:47.006 [main] DEBUG org.apache.velocity - Velocimacro : added VM includeTags: source=/templates/macros/json/tags.vm
21:06:47.006 [main] DEBUG org.apache.velocity - ResourceManager : found /templates/macros/json/tags.vm with loader org.apache.velocity.runtime.resource.loader.ClasspathResourceLoader
21:06:47.008 [main] DEBUG org.apache.velocity - ResourceManager : found /templates/footer.vm with loader org.apache.velocity.runtime.resource.loader.ClasspathResourceLoader
21:06:47.011 [main] DEBUG org.apache.velocity - ResourceManager : found templates/generators/overviewFailures.vm with loader org.apache.velocity.runtime.resource.loader.ClasspathResourceLoader
21:06:47.014 [main] DEBUG org.apache.velocity - ResourceManager : found /templates/headers.vm with loader org.apache.velocity.runtime.resource.loader.ClasspathResourceLoader
21:06:47.015 [main] DEBUG org.apache.velocity - ResourceManager : found /templates/head.vm with loader org.apache.velocity.runtime.resource.loader.ClasspathResourceLoader
21:06:47.018 [main] DEBUG org.apache.velocity - Velocimacro : added VM stringArray: source=/templates/macros/array.js.vm
21:06:47.018 [main] DEBUG org.apache.velocity - Velocimacro : added VM numberArray: source=/templates/macros/array.js.vm
21:06:47.018 [main] DEBUG org.apache.velocity - ResourceManager : found /templates/macros/array.js.vm with loader org.apache.velocity.runtime.resource.loader.ClasspathResourceLoader
21:06:47.019 [main] DEBUG org.apache.velocity - Velocimacro : added VM includeBuildInfo: source=/templates/macros/page/buildinfo.vm
21:06:47.019 [main] DEBUG org.apache.velocity - ResourceManager : found /templates/macros/page/buildinfo.vm with loader org.apache.velocity.runtime.resource.loader.ClasspathResourceLoader
21:06:47.021 [main] DEBUG org.apache.velocity - Velocimacro : added VM includeClassifications: source=/templates/macros/page/classifications.vm
21:06:47.021 [main] DEBUG org.apache.velocity - ResourceManager : found /templates/macros/page/classifications.vm with loader org.apache.velocity.runtime.resource.loader.ClasspathResourceLoader
21:06:47.022 [main] DEBUG org.apache.velocity - Velocimacro : added VM includeLead: source=/templates/macros/page/lead.vm
21:06:47.022 [main] DEBUG org.apache.velocity - ResourceManager : found /templates/macros/page/lead.vm with loader org.apache.velocity.runtime.resource.loader.ClasspathResourceLoader
21:06:47.023 [main] DEBUG org.apache.velocity - Velocimacro : added VM includeNavigation: source=/templates/macros/page/navigation.vm
21:06:47.023 [main] DEBUG org.apache.velocity - ResourceManager : found /templates/macros/page/navigation.vm with loader org.apache.velocity.runtime.resource.loader.ClasspathResourceLoader
21:06:47.024 [main] DEBUG org.apache.velocity - Velocimacro : added VM includeReportInfo: source=/templates/macros/page/reportInfo.vm
21:06:47.024 [main] DEBUG org.apache.velocity - ResourceManager : found /templates/macros/page/reportInfo.vm with loader org.apache.velocity.runtime.resource.loader.ClasspathResourceLoader
21:06:47.025 [main] DEBUG org.apache.velocity - Velocimacro : added VM includeTitle: source=/templates/macros/page/title.vm
21:06:47.025 [main] DEBUG org.apache.velocity - ResourceManager : found /templates/macros/page/title.vm with loader org.apache.velocity.runtime.resource.loader.ClasspathResourceLoader
21:06:47.026 [main] DEBUG org.apache.velocity - Velocimacro : added VM includeExpandingButtons: source=/templates/macros/report/expandAllButtons.vm
21:06:47.026 [main] DEBUG org.apache.velocity - ResourceManager : found /templates/macros/report/expandAllButtons.vm with loader org.apache.velocity.runtime.resource.loader.ClasspathResourceLoader
21:06:47.027 [main] DEBUG org.apache.velocity - Velocimacro : added VM includeReportTable: source=/templates/macros/report/reportTable.vm
21:06:47.027 [main] DEBUG org.apache.velocity - ResourceManager : found /templates/macros/report/reportTable.vm with loader org.apache.velocity.runtime.resource.loader.ClasspathResourceLoader
21:06:47.028 [main] DEBUG org.apache.velocity - Velocimacro : added VM includeReportHeader: source=/templates/macros/report/reportHeader.vm
21:06:47.028 [main] DEBUG org.apache.velocity - ResourceManager : found /templates/macros/report/reportHeader.vm with loader org.apache.velocity.runtime.resource.loader.ClasspathResourceLoader
21:06:47.031 [main] DEBUG org.apache.velocity - Velocimacro : added VM includeStatsTable: source=/templates/macros/report/statsTable.vm
21:06:47.031 [main] DEBUG org.apache.velocity - ResourceManager : found /templates/macros/report/statsTable.vm with loader org.apache.velocity.runtime.resource.loader.ClasspathResourceLoader
21:06:47.033 [main] DEBUG org.apache.velocity - Velocimacro : added VM includeBrief: source=/templates/macros/json/brief.vm
21:06:47.033 [main] DEBUG org.apache.velocity - ResourceManager : found /templates/macros/json/brief.vm with loader org.apache.velocity.runtime.resource.loader.ClasspathResourceLoader
21:06:47.035 [main] DEBUG org.apache.velocity - Velocimacro : added VM includeDocString: source=/templates/macros/json/docstring.vm
21:06:47.035 [main] DEBUG org.apache.velocity - ResourceManager : found /templates/macros/json/docstring.vm with loader org.apache.velocity.runtime.resource.loader.ClasspathResourceLoader
21:06:47.036 [main] DEBUG org.apache.velocity - Velocimacro : added VM includeDuration: source=/templates/macros/json/duration.vm
21:06:47.036 [main] DEBUG org.apache.velocity - ResourceManager : found /templates/macros/json/duration.vm with loader org.apache.velocity.runtime.resource.loader.ClasspathResourceLoader
21:06:47.037 [main] DEBUG org.apache.velocity - Velocimacro : added VM includeElement: source=/templates/macros/json/element.vm
21:06:47.037 [main] DEBUG org.apache.velocity - ResourceManager : found /templates/macros/json/element.vm with loader org.apache.velocity.runtime.resource.loader.ClasspathResourceLoader
21:06:47.040 [main] DEBUG org.apache.velocity - Velocimacro : added VM includeEmbeddings: source=/templates/macros/json/embeddings.vm
21:06:47.041 [main] DEBUG org.apache.velocity - Velocimacro : added VM includeHtmlEmbedding: source=/templates/macros/json/embeddings.vm
21:06:47.041 [main] DEBUG org.apache.velocity - Velocimacro : added VM includeImageEmbedding: source=/templates/macros/json/embeddings.vm
21:06:47.041 [main] DEBUG org.apache.velocity - Velocimacro : added VM includeImageReferenceEmbedding: source=/templates/macros/json/embeddings.vm
21:06:47.041 [main] DEBUG org.apache.velocity - Velocimacro : added VM includeTextEmbedding: source=/templates/macros/json/embeddings.vm
21:06:47.041 [main] DEBUG org.apache.velocity - Velocimacro : added VM includeUnknownEmbedding: source=/templates/macros/json/embeddings.vm
21:06:47.041 [main] DEBUG org.apache.velocity - ResourceManager : found /templates/macros/json/embeddings.vm with loader org.apache.velocity.runtime.resource.loader.ClasspathResourceLoader
21:06:47.042 [main] DEBUG org.apache.velocity - Velocimacro : added VM includeHooks: source=/templates/macros/json/hooks.vm
21:06:47.042 [main] DEBUG org.apache.velocity - ResourceManager : found /templates/macros/json/hooks.vm with loader org.apache.velocity.runtime.resource.loader.ClasspathResourceLoader
21:06:47.044 [main] DEBUG org.apache.velocity - Velocimacro : added VM includeOutput: source=/templates/macros/json/output.vm
21:06:47.044 [main] DEBUG org.apache.velocity - ResourceManager : found /templates/macros/json/output.vm with loader org.apache.velocity.runtime.resource.loader.ClasspathResourceLoader
21:06:47.045 [main] DEBUG org.apache.velocity - Velocimacro : added VM includeMessage: source=/templates/macros/json/message.vm
21:06:47.045 [main] DEBUG org.apache.velocity - ResourceManager : found /templates/macros/json/message.vm with loader org.apache.velocity.runtime.resource.loader.ClasspathResourceLoader
21:06:47.047 [main] DEBUG org.apache.velocity - Velocimacro : added VM includeSteps: source=/templates/macros/json/steps.vm
21:06:47.048 [main] DEBUG org.apache.velocity - ResourceManager : found /templates/macros/json/steps.vm with loader org.apache.velocity.runtime.resource.loader.ClasspathResourceLoader
21:06:47.049 [main] DEBUG org.apache.velocity - Velocimacro : added VM includeTags: source=/templates/macros/json/tags.vm
21:06:47.049 [main] DEBUG org.apache.velocity - ResourceManager : found /templates/macros/json/tags.vm with loader org.apache.velocity.runtime.resource.loader.ClasspathResourceLoader
21:06:47.055 [main] DEBUG org.apache.velocity - VM #includeBrief: too few arguments to macro. Wanted 5 got 4
21:06:47.055 [main] DEBUG org.apache.velocity - VM #includeBrief: too few arguments to macro. Wanted 5 got 4
21:06:47.062 [main] DEBUG org.apache.velocity - VM #includeBrief: too few arguments to macro. Wanted 5 got 4
21:06:47.062 [main] DEBUG org.apache.velocity - VM #includeBrief: too few arguments to macro. Wanted 5 got 4
21:06:47.069 [main] DEBUG org.apache.velocity - ResourceManager : found /templates/footer.vm with loader org.apache.velocity.runtime.resource.loader.ClasspathResourceLoader
]]></system-out>
    <system-err><![CDATA[ERROR StatusLogger No log4j2 configuration file found. Using default configuration: logging only errors to the console.
]]></system-err>
  </testcase>
  <testcase name="shouldAnswerWithTrue on shouldAnswerWithTrue(Karate.KarateScripts.AppTest)" classname="Karate.KarateScripts.AppTest" time="0"/>
</testsuite>