<?xml version="1.0" encoding="UTF-8"?>
<testsuite xmlns:xsi="http://www.w3.org/2001/XMLSchema-instance" xsi:noNamespaceSchemaLocation="https://maven.apache.org/surefire/maven-surefire-plugin/xsd/surefire-test-report-3.0.xsd" version="3.0" name="TestSuite" time="54.57" tests="2" errors="0" skipped="0" failures="1">
  <properties>
    <property name="sun.desktop" value="windows"/>
    <property name="awt.toolkit" value="sun.awt.windows.WToolkit"/>
    <property name="file.encoding.pkg" value="sun.io"/>
    <property name="java.specification.version" value="1.8"/>
    <property name="sun.cpu.isalist" value="amd64"/>
    <property name="sun.jnu.encoding" value="Cp1252"/>
    <property name="java.class.path" value="D:\test selinum projects\KarateScripts\target\test-classes;D:\test selinum projects\KarateScripts\target\classes;C:\Users\irgigt\.m2\repository\com\intuit\karate\karate-apache\0.9.5\karate-apache-0.9.5.jar;C:\Users\irgigt\.m2\repository\com\intuit\karate\karate-core\0.9.5\karate-core-0.9.5.jar;C:\Users\irgigt\.m2\repository\com\jayway\jsonpath\json-path\2.4.0\json-path-2.4.0.jar;C:\Users\irgigt\.m2\repository\net\minidev\json-smart\2.3\json-smart-2.3.jar;C:\Users\irgigt\.m2\repository\net\minidev\accessors-smart\1.2\accessors-smart-1.2.jar;C:\Users\irgigt\.m2\repository\org\ow2\asm\asm\5.0.4\asm-5.0.4.jar;C:\Users\irgigt\.m2\repository\info\cukes\cucumber-java\1.2.5\cucumber-java-1.2.5.jar;C:\Users\irgigt\.m2\repository\info\cukes\cucumber-core\1.2.5\cucumber-core-1.2.5.jar;C:\Users\irgigt\.m2\repository\org\yaml\snakeyaml\1.24\snakeyaml-1.24.jar;C:\Users\irgigt\.m2\repository\de\siegmar\fastcsv\1.0.3\fastcsv-1.0.3.jar;C:\Users\irgigt\.m2\repository\info\picocli\picocli\4.0.3\picocli-4.0.3.jar;C:\Users\irgigt\.m2\repository\org\apache\httpcomponents\httpclient\4.5.11\httpclient-4.5.11.jar;C:\Users\irgigt\.m2\repository\org\apache\httpcomponents\httpcore\4.4.13\httpcore-4.4.13.jar;C:\Users\irgigt\.m2\repository\commons-codec\commons-codec\1.11\commons-codec-1.11.jar;C:\Users\irgigt\.m2\repository\org\apache\httpcomponents\httpmime\4.5.11\httpmime-4.5.11.jar;C:\Users\irgigt\.m2\repository\org\slf4j\jcl-over-slf4j\1.7.25\jcl-over-slf4j-1.7.25.jar;C:\Users\irgigt\.m2\repository\org\slf4j\slf4j-api\1.7.25\slf4j-api-1.7.25.jar;C:\Users\irgigt\.m2\repository\ch\qos\logback\logback-classic\1.2.3\logback-classic-1.2.3.jar;C:\Users\irgigt\.m2\repository\ch\qos\logback\logback-core\1.2.3\logback-core-1.2.3.jar;C:\Users\irgigt\.m2\repository\com\intuit\karate\karate-junit4\0.9.5\karate-junit4-0.9.5.jar;C:\Users\irgigt\.m2\repository\junit\junit\4.12\junit-4.12.jar;C:\Users\irgigt\.m2\repository\org\hamcrest\hamcrest-core\1.3\hamcrest-core-1.3.jar;C:\Users\irgigt\.m2\repository\net\masterthought\cucumber-reporting\3.8.0\cucumber-reporting-3.8.0.jar;C:\Users\irgigt\.m2\repository\org\apache\logging\log4j\log4j-api\2.6\log4j-api-2.6.jar;C:\Users\irgigt\.m2\repository\org\apache\logging\log4j\log4j-core\2.6\log4j-core-2.6.jar;C:\Users\irgigt\.m2\repository\com\fasterxml\jackson\core\jackson-databind\2.8.5\jackson-databind-2.8.5.jar;C:\Users\irgigt\.m2\repository\com\fasterxml\jackson\core\jackson-annotations\2.8.0\jackson-annotations-2.8.0.jar;C:\Users\irgigt\.m2\repository\com\fasterxml\jackson\core\jackson-core\2.8.5\jackson-core-2.8.5.jar;C:\Users\irgigt\.m2\repository\org\apache\velocity\velocity\1.7\velocity-1.7.jar;C:\Users\irgigt\.m2\repository\commons-collections\commons-collections\3.2.1\commons-collections-3.2.1.jar;C:\Users\irgigt\.m2\repository\commons-lang\commons-lang\2.4\commons-lang-2.4.jar;C:\Users\irgigt\.m2\repository\velocity-tools\velocity-tools\1.4\velocity-tools-1.4.jar;C:\Users\irgigt\.m2\repository\joda-time\joda-time\2.9.6\joda-time-2.9.6.jar;C:\Users\irgigt\.m2\repository\org\apache\commons\commons-lang3\3.5\commons-lang3-3.5.jar;C:\Users\irgigt\.m2\repository\commons-io\commons-io\2.5\commons-io-2.5.jar;C:\Users\irgigt\.m2\repository\net\lingala\zip4j\zip4j\1.3.2\zip4j-1.3.2.jar;C:\Users\irgigt\.m2\repository\org\codehaus\plexus\plexus-utils\3.0.24\plexus-utils-3.0.24.jar;C:\Users\irgigt\.m2\repository\org\jsoup\jsoup\1.10.1\jsoup-1.10.1.jar;C:\Users\irgigt\.m2\repository\com\googlecode\owasp-java-html-sanitizer\owasp-java-html-sanitizer\20160924.1\owasp-java-html-sanitizer-20160924.1.jar;C:\Users\irgigt\.m2\repository\com\google\guava\guava\20.0\guava-20.0.jar;C:\Users\irgigt\.m2\repository\org\testng\testng\7.4.0\testng-7.4.0.jar;C:\Users\irgigt\.m2\repository\com\beust\jcommander\1.78\jcommander-1.78.jar;C:\Users\irgigt\.m2\repository\org\webjars\jquery\3.5.1\jquery-3.5.1.jar;"/>
    <property name="java.vm.vendor" value="Oracle Corporation"/>
    <property name="sun.arch.data.model" value="64"/>
    <property name="user.variant" value=""/>
    <property name="java.vendor.url" value="http://java.oracle.com/"/>
    <property name="user.timezone" value="Asia/Calcutta"/>
    <property name="java.vm.specification.version" value="1.8"/>
    <property name="os.name" value="Windows 10"/>
    <property name="user.country" value="US"/>
    <property name="sun.java.launcher" value="SUN_STANDARD"/>
    <property name="sun.boot.library.path" value="C:\Program Files\Java\jdk1.8.0_121\jre\bin"/>
    <property name="sun.java.command" value="C:\Users\irgigt\AppData\Local\Temp\surefire5723610758921052984\surefirebooter4213791230143105350.jar C:\Users\irgigt\AppData\Local\Temp\surefire5723610758921052984 2021-09-13T21-11-58_619-jvmRun1 surefire8819537954456015218tmp surefire_08453025229093945040tmp"/>
    <property name="surefire.test.class.path" value="D:\test selinum projects\KarateScripts\target\test-classes;D:\test selinum projects\KarateScripts\target\classes;C:\Users\irgigt\.m2\repository\com\intuit\karate\karate-apache\0.9.5\karate-apache-0.9.5.jar;C:\Users\irgigt\.m2\repository\com\intuit\karate\karate-core\0.9.5\karate-core-0.9.5.jar;C:\Users\irgigt\.m2\repository\com\jayway\jsonpath\json-path\2.4.0\json-path-2.4.0.jar;C:\Users\irgigt\.m2\repository\net\minidev\json-smart\2.3\json-smart-2.3.jar;C:\Users\irgigt\.m2\repository\net\minidev\accessors-smart\1.2\accessors-smart-1.2.jar;C:\Users\irgigt\.m2\repository\org\ow2\asm\asm\5.0.4\asm-5.0.4.jar;C:\Users\irgigt\.m2\repository\info\cukes\cucumber-java\1.2.5\cucumber-java-1.2.5.jar;C:\Users\irgigt\.m2\repository\info\cukes\cucumber-core\1.2.5\cucumber-core-1.2.5.jar;C:\Users\irgigt\.m2\repository\org\yaml\snakeyaml\1.24\snakeyaml-1.24.jar;C:\Users\irgigt\.m2\repository\de\siegmar\fastcsv\1.0.3\fastcsv-1.0.3.jar;C:\Users\irgigt\.m2\repository\info\picocli\picocli\4.0.3\picocli-4.0.3.jar;C:\Users\irgigt\.m2\repository\org\apache\httpcomponents\httpclient\4.5.11\httpclient-4.5.11.jar;C:\Users\irgigt\.m2\repository\org\apache\httpcomponents\httpcore\4.4.13\httpcore-4.4.13.jar;C:\Users\irgigt\.m2\repository\commons-codec\commons-codec\1.11\commons-codec-1.11.jar;C:\Users\irgigt\.m2\repository\org\apache\httpcomponents\httpmime\4.5.11\httpmime-4.5.11.jar;C:\Users\irgigt\.m2\repository\org\slf4j\jcl-over-slf4j\1.7.25\jcl-over-slf4j-1.7.25.jar;C:\Users\irgigt\.m2\repository\org\slf4j\slf4j-api\1.7.25\slf4j-api-1.7.25.jar;C:\Users\irgigt\.m2\repository\ch\qos\logback\logback-classic\1.2.3\logback-classic-1.2.3.jar;C:\Users\irgigt\.m2\repository\ch\qos\logback\logback-core\1.2.3\logback-core-1.2.3.jar;C:\Users\irgigt\.m2\repository\com\intuit\karate\karate-junit4\0.9.5\karate-junit4-0.9.5.jar;C:\Users\irgigt\.m2\repository\junit\junit\4.12\junit-4.12.jar;C:\Users\irgigt\.m2\repository\org\hamcrest\hamcrest-core\1.3\hamcrest-core-1.3.jar;C:\Users\irgigt\.m2\repository\net\masterthought\cucumber-reporting\3.8.0\cucumber-reporting-3.8.0.jar;C:\Users\irgigt\.m2\repository\org\apache\logging\log4j\log4j-api\2.6\log4j-api-2.6.jar;C:\Users\irgigt\.m2\repository\org\apache\logging\log4j\log4j-core\2.6\log4j-core-2.6.jar;C:\Users\irgigt\.m2\repository\com\fasterxml\jackson\core\jackson-databind\2.8.5\jackson-databind-2.8.5.jar;C:\Users\irgigt\.m2\repository\com\fasterxml\jackson\core\jackson-annotations\2.8.0\jackson-annotations-2.8.0.jar;C:\Users\irgigt\.m2\repository\com\fasterxml\jackson\core\jackson-core\2.8.5\jackson-core-2.8.5.jar;C:\Users\irgigt\.m2\repository\org\apache\velocity\velocity\1.7\velocity-1.7.jar;C:\Users\irgigt\.m2\repository\commons-collections\commons-collections\3.2.1\commons-collections-3.2.1.jar;C:\Users\irgigt\.m2\repository\commons-lang\commons-lang\2.4\commons-lang-2.4.jar;C:\Users\irgigt\.m2\repository\velocity-tools\velocity-tools\1.4\velocity-tools-1.4.jar;C:\Users\irgigt\.m2\repository\joda-time\joda-time\2.9.6\joda-time-2.9.6.jar;C:\Users\irgigt\.m2\repository\org\apache\commons\commons-lang3\3.5\commons-lang3-3.5.jar;C:\Users\irgigt\.m2\repository\commons-io\commons-io\2.5\commons-io-2.5.jar;C:\Users\irgigt\.m2\repository\net\lingala\zip4j\zip4j\1.3.2\zip4j-1.3.2.jar;C:\Users\irgigt\.m2\repository\org\codehaus\plexus\plexus-utils\3.0.24\plexus-utils-3.0.24.jar;C:\Users\irgigt\.m2\repository\org\jsoup\jsoup\1.10.1\jsoup-1.10.1.jar;C:\Users\irgigt\.m2\repository\com\googlecode\owasp-java-html-sanitizer\owasp-java-html-sanitizer\20160924.1\owasp-java-html-sanitizer-20160924.1.jar;C:\Users\irgigt\.m2\repository\com\google\guava\guava\20.0\guava-20.0.jar;C:\Users\irgigt\.m2\repository\org\testng\testng\7.4.0\testng-7.4.0.jar;C:\Users\irgigt\.m2\repository\com\beust\jcommander\1.78\jcommander-1.78.jar;C:\Users\irgigt\.m2\repository\org\webjars\jquery\3.5.1\jquery-3.5.1.jar;"/>
    <property name="sun.cpu.endian" value="little"/>
    <property name="user.home" value="C:\Users\irgigt"/>
    <property name="user.language" value="en"/>
    <property name="java.specification.vendor" value="Oracle Corporation"/>
    <property name="java.home" value="C:\Program Files\Java\jdk1.8.0_121\jre"/>
    <property name="basedir" value="D:\test selinum projects\KarateScripts"/>
    <property name="file.separator" value="\"/>
    <property name="line.separator" value="&#10;"/>
    <property name="java.vm.specification.vendor" value="Oracle Corporation"/>
    <property name="java.specification.name" value="Java Platform API Specification"/>
    <property name="java.awt.graphicsenv" value="sun.awt.Win32GraphicsEnvironment"/>
    <property name="surefire.real.class.path" value="C:\Users\irgigt\AppData\Local\Temp\surefire5723610758921052984\surefirebooter4213791230143105350.jar"/>
    <property name="sun.boot.class.path" value="C:\Program Files\Java\jdk1.8.0_121\jre\lib\resources.jar;C:\Program Files\Java\jdk1.8.0_121\jre\lib\rt.jar;C:\Program Files\Java\jdk1.8.0_121\jre\lib\sunrsasign.jar;C:\Program Files\Java\jdk1.8.0_121\jre\lib\jsse.jar;C:\Program Files\Java\jdk1.8.0_121\jre\lib\jce.jar;C:\Program Files\Java\jdk1.8.0_121\jre\lib\charsets.jar;C:\Program Files\Java\jdk1.8.0_121\jre\lib\jfr.jar;C:\Program Files\Java\jdk1.8.0_121\jre\classes"/>
    <property name="user.script" value=""/>
    <property name="sun.management.compiler" value="HotSpot 64-Bit Tiered Compilers"/>
    <property name="java.runtime.version" value="1.8.0_121-b13"/>
    <property name="user.name" value="irgigt"/>
    <property name="path.separator" value=";"/>
    <property name="os.version" value="10.0"/>
    <property name="java.endorsed.dirs" value="C:\Program Files\Java\jdk1.8.0_121\jre\lib\endorsed"/>
    <property name="java.runtime.name" value="Java(TM) SE Runtime Environment"/>
    <property name="file.encoding" value="Cp1252"/>
    <property name="java.vm.name" value="Java HotSpot(TM) 64-Bit Server VM"/>
    <property name="localRepository" value="C:\Users\irgigt\.m2\repository"/>
    <property name="java.vendor.url.bug" value="http://bugreport.sun.com/bugreport/"/>
    <property name="java.io.tmpdir" value="C:\Users\irgigt\AppData\Local\Temp\"/>
    <property name="java.version" value="1.8.0_121"/>
    <property name="user.dir" value="D:\test selinum projects\KarateScripts"/>
    <property name="os.arch" value="amd64"/>
    <property name="java.vm.specification.name" value="Java Virtual Machine Specification"/>
    <property name="java.awt.printerjob" value="sun.awt.windows.WPrinterJob"/>
    <property name="sun.os.patch.level" value=""/>
    <property name="java.library.path" value="C:\Program Files\Java\jdk1.8.0_121\jre\bin;C:\WINDOWS\Sun\Java\bin;C:\WINDOWS\system32;C:\WINDOWS;C:\Users\irgigt\apache-maven-3.8.1-bin\apache-maven-3.8.1/bin;C:\Program Files\Java\jdk1.8.0_121/bin;C:\Program Files\Java\jdk1.8.0_121/bin;C:\Python3_8\Scripts\;C:\Python3_8\;C:\ProgramData\Oracle\Java\javapath;C:\WINDOWS\system32;C:\WINDOWS;C:\WINDOWS\System32\Wbem;C:\WINDOWS\System32\WindowsPowerShell\v1.0\;C:\WINDOWS\System32\OpenSSH\;C:\Users\irgigt\AppData\Local\Programs\Python\Python38-32;C:\Program Files\Microsoft SQL Server\130\Tools\Binn\;C:\Program Files\TortoiseGit\bin;C:\Program Files\Git\cmd;C:\Program Files\TortoiseSVN\bin;C:\Program Files\nodejs\;C:\Program Files (x86)\Microsoft SQL Server\150\DTS\Binn\;C:\Program Files\Azure Data Studio\bin;C:\Users\irgigt\AppData\Local\Android\Sdk\tools\bin;C:\Users\irgigt\AppData\Local\Android\Sdk\tools;C:\Users\irgigt\AppData\Local\Android\Sdk\platform-tools;C:\Program Files\nodejs\node_modules\npm\bin;C:\Users\irgigt\apache-maven-3.8.1-bin\apache-maven-3.8.1\bin;C:\Program Files\MySQL\MySQL Shell 8.0\bin\;C:\Users\irgigt\AppData\Local\Microsoft\WindowsApps;C:\Users\irgigt\AppData\Local\Programs\Microsoft VS Code\bin;C:\Users\irgigt\AppData\Roaming\npm;C:\Program Files\Azure Data Studio\bin;;."/>
    <property name="java.vm.info" value="mixed mode"/>
    <property name="java.vendor" value="Oracle Corporation"/>
    <property name="java.vm.version" value="25.121-b13"/>
    <property name="java.ext.dirs" value="C:\Program Files\Java\jdk1.8.0_121\jre\lib\ext;C:\WINDOWS\Sun\Java\lib\ext"/>
    <property name="sun.io.unicode.encoding" value="UnicodeLittle"/>
    <property name="java.class.version" value="52.0"/>
  </properties>
  <testcase name="parallelRun" classname="Karate.KarateScripts.APIRunnerTest" time="49.539">
    <failure message="failed features:&#10;resources.DetailsPost: DetailsPost.feature:44 - status code was: 401, expected: 200, response time: 1317, url: https://restdev1.tracking.thermoking.com/connected-solutions/GetCarrierVehicleList/?externalCarrierId=52D0B083-E9B7-47F6-9BAA-D22951DD1E50, response: {&quot;path&quot;:&quot;/connected-solutions/GetCarrierVehicleList/&quot;,&quot;error&quot;:&quot;Unauthorized&quot;,&quot;message&quot;:&quot;Invalid Carrier External Id&quot;,&quot;timestamp&quot;:&quot;2021-09-13T15:42:20.128+0000&quot;,&quot;status&quot;:401}&#10;DetailsPost.feature:62 - status code was: 401, expected: 200, response time: 1415, url: https://restdev1.tracking.thermoking.com/connected-solutions/StartTrip/?externalCarrierId=52D0B083-E9B7-47F6-9BAA-D22951DD1E50&amp;vehicleExtId=1100295&amp;scheduledStartTime=2021-05-19+09%3A00%3A00&amp;scheduledDeliveryTime=2021-05-19+09%3A00%3A00&amp;commodity=, response: {&quot;path&quot;:&quot;/connected-solutions/StartTrip/&quot;,&quot;error&quot;:&quot;Unauthorized&quot;,&quot;message&quot;:&quot;Invalid Carrier External Id&quot;,&quot;timestamp&quot;:&quot;2021-09-13T15:42:21.681+0000&quot;,&quot;status&quot;:401}&#10;" type="java.lang.AssertionError"><![CDATA[java.lang.AssertionError: 
failed features:
resources.DetailsPost: DetailsPost.feature:44 - status code was: 401, expected: 200, response time: 1317, url: https://restdev1.tracking.thermoking.com/connected-solutions/GetCarrierVehicleList/?externalCarrierId=52D0B083-E9B7-47F6-9BAA-D22951DD1E50, response: {"path":"/connected-solutions/GetCarrierVehicleList/","error":"Unauthorized","message":"Invalid Carrier External Id","timestamp":"2021-09-13T15:42:20.128+0000","status":401}
DetailsPost.feature:62 - status code was: 401, expected: 200, response time: 1415, url: https://restdev1.tracking.thermoking.com/connected-solutions/StartTrip/?externalCarrierId=52D0B083-E9B7-47F6-9BAA-D22951DD1E50&vehicleExtId=1100295&scheduledStartTime=2021-05-19+09%3A00%3A00&scheduledDeliveryTime=2021-05-19+09%3A00%3A00&commodity=, response: {"path":"/connected-solutions/StartTrip/","error":"Unauthorized","message":"Invalid Carrier External Id","timestamp":"2021-09-13T15:42:21.681+0000","status":401}

	at Karate.KarateScripts.APIRunnerTest.parallelRun(APIRunnerTest.java:54)
]]></failure>
    <system-out><![CDATA[This is before suite
D:\test selinum projects\KarateScripts\target\surefire-reports\new5
D:\test selinum projects\KarateScripts\target\surefire-reports\resources.DetailsPost.json
D:\test selinum projects\KarateScripts\target\surefire-reports\resources.DetailsPost.xml
D:\test selinum projects\KarateScripts\target\surefire-reports\resources.Soap.json
D:\test selinum projects\KarateScripts\target\surefire-reports\resources.Soap.xml
D:\test selinum projects\KarateScripts\target\surefire-reports\resources.TwoWAyCommands.json
D:\test selinum projects\KarateScripts\target\surefire-reports\resources.TwoWAyCommands.xml
D:\test selinum projects\KarateScripts\target\surefire-reports\results-json.txt
D:\test selinum projects\KarateScripts\target\surefire-reports\timeline.html
21:12:12.689 [main] INFO com.intuit.karate.Runner - waiting for parallel features to complete ...
21:12:13.032 [pool-2-thread-5] WARN com.intuit.karate - skipping bootstrap configuration: could not find or read file: classpath:karate-config.js
21:12:13.032 [pool-2-thread-3] WARN com.intuit.karate - skipping bootstrap configuration: could not find or read file: classpath:karate-config.js
21:12:13.032 [pool-2-thread-1] WARN com.intuit.karate - skipping bootstrap configuration: could not find or read file: classpath:karate-config.js
21:12:13.368 [pool-2-thread-5] DEBUG com.jayway.jsonpath.internal.path.CompiledPath - Evaluating path: $
21:12:13.368 [pool-2-thread-1] DEBUG com.jayway.jsonpath.internal.path.CompiledPath - Evaluating path: $
21:12:13.380 [pool-2-thread-5] DEBUG com.jayway.jsonpath.internal.path.CompiledPath - Evaluating path: $
21:12:13.405 [pool-2-thread-5] DEBUG com.jayway.jsonpath.internal.path.CompiledPath - Evaluating path: $
21:12:13.628 [pool-2-thread-5] DEBUG com.jayway.jsonpath.internal.path.CompiledPath - Evaluating path: $
21:12:16.416 [pool-2-thread-3] DEBUG com.jayway.jsonpath.internal.path.CompiledPath - Evaluating path: $
21:12:16.418 [pool-2-thread-3] INFO com.intuit.karate - >> lock acquired, begin callonce: read('FridgioAuthToken.feature')
21:12:16.489 [pool-2-thread-1] DEBUG com.jayway.jsonpath.internal.path.CompiledPath - Evaluating path: $
21:12:16.494 [pool-2-thread-1] DEBUG com.jayway.jsonpath.internal.path.CompiledPath - Evaluating path: $['X-External-ID']
21:12:16.496 [pool-2-thread-1] DEBUG com.jayway.jsonpath.internal.JsonContext - Set path $['X-External-ID'] new value 0C7FFB8E-BE9D-4B51-8D61-CA10BF4503C4
21:12:16.497 [pool-2-thread-1] DEBUG com.jayway.jsonpath.internal.path.CompiledPath - Evaluating path: $
21:12:16.503 [pool-2-thread-1] DEBUG com.jayway.jsonpath.internal.path.CompiledPath - Evaluating path: $['userName']
21:12:16.503 [pool-2-thread-1] DEBUG com.jayway.jsonpath.internal.JsonContext - Set path $['userName'] new value webservice.user214@MISSING.COM
21:12:16.508 [pool-2-thread-1] DEBUG com.jayway.jsonpath.internal.path.CompiledPath - Evaluating path: $['password']
21:12:16.510 [pool-2-thread-1] DEBUG com.jayway.jsonpath.internal.JsonContext - Set path $['password'] new value Pass@1234
21:12:16.511 [pool-2-thread-1] DEBUG com.jayway.jsonpath.internal.path.CompiledPath - Evaluating path: $
21:12:16.512 [pool-2-thread-1] DEBUG com.jayway.jsonpath.internal.path.CompiledPath - Evaluating path: $['vehicles']
21:12:16.513 [pool-2-thread-1] DEBUG com.jayway.jsonpath.internal.JsonContext - Set path $['vehicles'] new value Test Vehicle 1
21:12:16.513 [pool-2-thread-1] DEBUG com.jayway.jsonpath.internal.path.CompiledPath - Evaluating path: $
21:12:16.514 [pool-2-thread-1] INFO com.intuit.karate - >> lock acquired, begin callonce: read('TokenTwoWay.feature')
21:12:16.514 [pool-2-thread-1] DEBUG com.jayway.jsonpath.internal.path.CompiledPath - Evaluating path: $
21:12:16.520 [pool-2-thread-1] DEBUG com.jayway.jsonpath.internal.path.CompiledPath - Evaluating path: $['APIurl']
21:12:16.520 [pool-2-thread-1] DEBUG com.jayway.jsonpath.internal.JsonContext - Set path $['APIurl'] new value https://restdev1.tracking.thermoking.com/
21:12:16.522 [pool-2-thread-1] DEBUG com.jayway.jsonpath.internal.path.CompiledPath - Evaluating path: $['userName']
21:12:16.523 [pool-2-thread-1] DEBUG com.jayway.jsonpath.internal.JsonContext - Set path $['userName'] new value webservice.user214@MISSING.COM
21:12:16.533 [pool-2-thread-1] DEBUG com.jayway.jsonpath.internal.path.CompiledPath - Evaluating path: $['password']
21:12:16.534 [pool-2-thread-1] DEBUG com.jayway.jsonpath.internal.JsonContext - Set path $['password'] new value Pass@1234
21:12:16.536 [pool-2-thread-1] DEBUG com.jayway.jsonpath.internal.path.CompiledPath - Evaluating path: $['customerId']
21:12:16.536 [pool-2-thread-1] DEBUG com.jayway.jsonpath.internal.JsonContext - Set path $['customerId'] new value 0C7FFB8E-BE9D-4B51-8D61-CA10BF4503C4
21:12:16.540 [pool-2-thread-3] DEBUG com.jayway.jsonpath.internal.path.CompiledPath - Evaluating path: $
21:12:16.546 [pool-2-thread-1] DEBUG com.jayway.jsonpath.internal.path.CompiledPath - Evaluating path: $
21:12:16.546 [pool-2-thread-3] DEBUG com.jayway.jsonpath.internal.path.CompiledPath - Evaluating path: $
21:12:16.548 [pool-2-thread-3] DEBUG com.jayway.jsonpath.internal.path.CompiledPath - Evaluating path: $
21:12:16.563 [pool-2-thread-1] DEBUG com.jayway.jsonpath.internal.path.CompiledPath - Evaluating path: $
21:12:16.573 [pool-2-thread-1] DEBUG com.jayway.jsonpath.internal.path.CompiledPath - Evaluating path: $['APIurl']
21:12:16.573 [pool-2-thread-1] DEBUG com.jayway.jsonpath.internal.JsonContext - Set path $['APIurl'] new value https://restdev1.tracking.thermoking.com/
21:12:16.574 [pool-2-thread-1] DEBUG com.jayway.jsonpath.internal.path.CompiledPath - Evaluating path: $['userName']
21:12:16.575 [pool-2-thread-1] DEBUG com.jayway.jsonpath.internal.JsonContext - Set path $['userName'] new value webservice.user214@MISSING.COM
21:12:16.576 [pool-2-thread-1] DEBUG com.jayway.jsonpath.internal.path.CompiledPath - Evaluating path: $['password']
21:12:16.576 [pool-2-thread-1] DEBUG com.jayway.jsonpath.internal.JsonContext - Set path $['password'] new value Pass@1234
21:12:16.578 [pool-2-thread-1] DEBUG com.jayway.jsonpath.internal.path.CompiledPath - Evaluating path: $['customerId']
21:12:16.578 [pool-2-thread-1] DEBUG com.jayway.jsonpath.internal.JsonContext - Set path $['customerId'] new value 0C7FFB8E-BE9D-4B51-8D61-CA10BF4503C4
21:12:16.579 [pool-2-thread-1] DEBUG com.jayway.jsonpath.internal.path.CompiledPath - Evaluating path: $
21:12:16.580 [pool-2-thread-1] INFO com.intuit.karate - [print] {
  "APIurl": "https://restdev1.tracking.thermoking.com/",
  "userName": "webservice.user214@MISSING.COM",
  "password": "Pass@1234",
  "customerId": "0C7FFB8E-BE9D-4B51-8D61-CA10BF4503C4"
}

21:12:16.593 [pool-2-thread-1] DEBUG com.jayway.jsonpath.internal.path.CompiledPath - Evaluating path: $
21:12:16.595 [pool-2-thread-1] DEBUG com.jayway.jsonpath.internal.path.CompiledPath - Evaluating path: $
21:12:16.596 [pool-2-thread-1] DEBUG com.jayway.jsonpath.internal.path.CompiledPath - Evaluating path: $
21:12:16.639 [pool-2-thread-3] DEBUG org.apache.http.client.protocol.RequestAddCookies - CookieSpec selected: karate
21:12:16.639 [pool-2-thread-5] DEBUG org.apache.http.client.protocol.RequestAddCookies - CookieSpec selected: karate
21:12:16.639 [pool-2-thread-1] DEBUG org.apache.http.client.protocol.RequestAddCookies - CookieSpec selected: karate
21:12:16.661 [pool-2-thread-5] DEBUG org.apache.http.client.protocol.RequestAuthCache - Auth cache not set in the context
21:12:16.661 [pool-2-thread-3] DEBUG org.apache.http.client.protocol.RequestAuthCache - Auth cache not set in the context
21:12:16.661 [pool-2-thread-1] DEBUG org.apache.http.client.protocol.RequestAuthCache - Auth cache not set in the context
21:12:16.666 [pool-2-thread-1] DEBUG com.intuit.karate - request:
1 > POST https://restdev1.tracking.thermoking.com/connected-solutions/obtainToken/
1 > Accept-Encoding: gzip,deflate
1 > Connection: Keep-Alive
1 > Content-Length: 68
1 > Content-Type: application/json; charset=UTF-8
1 > Host: restdev1.tracking.thermoking.com
1 > User-Agent: Apache-HttpClient/4.5.11 (Java/1.8.0_121)
1 > X-External-ID: 0C7FFB8E-BE9D-4B51-8D61-CA10BF4503C4
{"userName":"webservice.user214@MISSING.COM","password":"Pass@1234"}

21:12:16.666 [pool-2-thread-3] DEBUG com.intuit.karate - request:
1 > POST https://restdev1.tracking.thermoking.com/connected-solutions/GetAuthToken/
1 > Accept-Encoding: gzip,deflate
1 > Connection: Keep-Alive
1 > Content-Length: 72
1 > Content-Type: application/json; charset=UTF-8
1 > Host: restdev1.tracking.thermoking.com
1 > User-Agent: Apache-HttpClient/4.5.11 (Java/1.8.0_121)
1 > X-External-ID: 5-UUvQsTkfI
{"userName":"webservice.usertp01@demosystem.com","password":"Pass@1234"}

21:12:16.666 [pool-2-thread-5] DEBUG com.intuit.karate - request:
1 > POST https://soap.tracking.thermoking.com/tk-webservices/Command
1 > Accept-Encoding: gzip,deflate
1 > Authorization: Basic d2Vic2VydmljZS51c2VyLmFsbC4yMTRATUlTU0lORy5DT006Z2g2MmpBST51TFB1dmxw
1 > Connection: Keep-Alive
1 > Content-Length: 649
1 > Content-Type: application/xml; charset=UTF-8
1 > Host: soap.tracking.thermoking.com
1 > SOAPAction: 
1 > User-Agent: Apache-HttpClient/4.5.11 (Java/1.8.0_121)
<soapenv:Envelope xmlns:soapenv="http://schemas.xmlsoap.org/soap/envelope/" xmlns:ser="http://service.jbossws.webservices.celtrak.com/">
    <soapenv:Header/>
    <soapenv:Body>
        <ser:updateSetPoint>
            <!--1 or more repetitions:-->
            <customerVehicles>
                <customerid>4560BD5E-BD7B-42B0-8DCB-627EB8454C72</customerid>
                <!--1 or more repetitions:-->
                <vehicles>Bluebox India 2</vehicles>
            </customerVehicles>
            <zoneId>1</zoneId>
            <setPointValue>-2</setPointValue>
        </ser:updateSetPoint>
    </soapenv:Body>
</soapenv:Envelope>

21:12:16.670 [pool-2-thread-1] DEBUG org.apache.http.impl.conn.PoolingHttpClientConnectionManager - Connection request: [route: {s}->https://restdev1.tracking.thermoking.com:443][total available: 0; route allocated: 0 of 5; total allocated: 0 of 10]
21:12:16.670 [pool-2-thread-5] DEBUG org.apache.http.impl.conn.PoolingHttpClientConnectionManager - Connection request: [route: {s}->https://soap.tracking.thermoking.com:443][total available: 0; route allocated: 0 of 5; total allocated: 0 of 10]
21:12:16.670 [pool-2-thread-3] DEBUG org.apache.http.impl.conn.PoolingHttpClientConnectionManager - Connection request: [route: {s}->https://restdev1.tracking.thermoking.com:443][total available: 0; route allocated: 0 of 5; total allocated: 0 of 10]
21:12:16.701 [pool-2-thread-5] DEBUG org.apache.http.impl.conn.PoolingHttpClientConnectionManager - Connection leased: [id: 0][route: {s}->https://soap.tracking.thermoking.com:443][total available: 0; route allocated: 1 of 5; total allocated: 1 of 10]
21:12:16.701 [pool-2-thread-1] DEBUG org.apache.http.impl.conn.PoolingHttpClientConnectionManager - Connection leased: [id: 2][route: {s}->https://restdev1.tracking.thermoking.com:443][total available: 0; route allocated: 1 of 5; total allocated: 1 of 10]
21:12:16.701 [pool-2-thread-3] DEBUG org.apache.http.impl.conn.PoolingHttpClientConnectionManager - Connection leased: [id: 1][route: {s}->https://restdev1.tracking.thermoking.com:443][total available: 0; route allocated: 1 of 5; total allocated: 1 of 10]
21:12:16.704 [pool-2-thread-1] DEBUG org.apache.http.impl.execchain.MainClientExec - Opening connection {s}->https://restdev1.tracking.thermoking.com:443
21:12:16.704 [pool-2-thread-5] DEBUG org.apache.http.impl.execchain.MainClientExec - Opening connection {s}->https://soap.tracking.thermoking.com:443
21:12:16.704 [pool-2-thread-3] DEBUG org.apache.http.impl.execchain.MainClientExec - Opening connection {s}->https://restdev1.tracking.thermoking.com:443
21:12:16.922 [pool-2-thread-1] DEBUG org.apache.http.impl.conn.DefaultHttpClientConnectionOperator - Connecting to restdev1.tracking.thermoking.com/34.199.242.204:443
21:12:16.923 [pool-2-thread-1] DEBUG org.apache.http.conn.ssl.LenientSslConnectionSocketFactory - Connecting socket to restdev1.tracking.thermoking.com/34.199.242.204:443 with timeout 30000
21:12:16.938 [pool-2-thread-5] DEBUG org.apache.http.impl.conn.DefaultHttpClientConnectionOperator - Connecting to soap.tracking.thermoking.com/3.212.162.73:443
21:12:16.938 [pool-2-thread-5] DEBUG org.apache.http.conn.ssl.SSLConnectionSocketFactory - Connecting socket to soap.tracking.thermoking.com/3.212.162.73:443 with timeout 30000
21:12:16.949 [pool-2-thread-3] DEBUG org.apache.http.impl.conn.DefaultHttpClientConnectionOperator - Connecting to restdev1.tracking.thermoking.com/34.199.242.204:443
21:12:16.950 [pool-2-thread-3] DEBUG org.apache.http.conn.ssl.LenientSslConnectionSocketFactory - Connecting socket to restdev1.tracking.thermoking.com/34.199.242.204:443 with timeout 30000
21:12:17.285 [pool-2-thread-3] DEBUG org.apache.http.conn.ssl.LenientSslConnectionSocketFactory - Enabled protocols: [TLSv1, TLSv1.1, TLSv1.2]
21:12:17.285 [pool-2-thread-1] DEBUG org.apache.http.conn.ssl.LenientSslConnectionSocketFactory - Enabled protocols: [TLSv1, TLSv1.1, TLSv1.2]
21:12:17.285 [pool-2-thread-5] DEBUG org.apache.http.conn.ssl.SSLConnectionSocketFactory - Enabled protocols: [TLSv1, TLSv1.1, TLSv1.2]
21:12:17.285 [pool-2-thread-3] DEBUG org.apache.http.conn.ssl.LenientSslConnectionSocketFactory - Enabled cipher suites:[TLS_ECDHE_ECDSA_WITH_AES_128_CBC_SHA256, TLS_ECDHE_RSA_WITH_AES_128_CBC_SHA256, TLS_RSA_WITH_AES_128_CBC_SHA256, TLS_ECDH_ECDSA_WITH_AES_128_CBC_SHA256, TLS_ECDH_RSA_WITH_AES_128_CBC_SHA256, TLS_DHE_RSA_WITH_AES_128_CBC_SHA256, TLS_DHE_DSS_WITH_AES_128_CBC_SHA256, TLS_ECDHE_ECDSA_WITH_AES_128_CBC_SHA, TLS_ECDHE_RSA_WITH_AES_128_CBC_SHA, TLS_RSA_WITH_AES_128_CBC_SHA, TLS_ECDH_ECDSA_WITH_AES_128_CBC_SHA, TLS_ECDH_RSA_WITH_AES_128_CBC_SHA, TLS_DHE_RSA_WITH_AES_128_CBC_SHA, TLS_DHE_DSS_WITH_AES_128_CBC_SHA, TLS_ECDHE_ECDSA_WITH_AES_128_GCM_SHA256, TLS_ECDHE_RSA_WITH_AES_128_GCM_SHA256, TLS_RSA_WITH_AES_128_GCM_SHA256, TLS_ECDH_ECDSA_WITH_AES_128_GCM_SHA256, TLS_ECDH_RSA_WITH_AES_128_GCM_SHA256, TLS_DHE_RSA_WITH_AES_128_GCM_SHA256, TLS_DHE_DSS_WITH_AES_128_GCM_SHA256, TLS_EMPTY_RENEGOTIATION_INFO_SCSV]
21:12:17.285 [pool-2-thread-1] DEBUG org.apache.http.conn.ssl.LenientSslConnectionSocketFactory - Enabled cipher suites:[TLS_ECDHE_ECDSA_WITH_AES_128_CBC_SHA256, TLS_ECDHE_RSA_WITH_AES_128_CBC_SHA256, TLS_RSA_WITH_AES_128_CBC_SHA256, TLS_ECDH_ECDSA_WITH_AES_128_CBC_SHA256, TLS_ECDH_RSA_WITH_AES_128_CBC_SHA256, TLS_DHE_RSA_WITH_AES_128_CBC_SHA256, TLS_DHE_DSS_WITH_AES_128_CBC_SHA256, TLS_ECDHE_ECDSA_WITH_AES_128_CBC_SHA, TLS_ECDHE_RSA_WITH_AES_128_CBC_SHA, TLS_RSA_WITH_AES_128_CBC_SHA, TLS_ECDH_ECDSA_WITH_AES_128_CBC_SHA, TLS_ECDH_RSA_WITH_AES_128_CBC_SHA, TLS_DHE_RSA_WITH_AES_128_CBC_SHA, TLS_DHE_DSS_WITH_AES_128_CBC_SHA, TLS_ECDHE_ECDSA_WITH_AES_128_GCM_SHA256, TLS_ECDHE_RSA_WITH_AES_128_GCM_SHA256, TLS_RSA_WITH_AES_128_GCM_SHA256, TLS_ECDH_ECDSA_WITH_AES_128_GCM_SHA256, TLS_ECDH_RSA_WITH_AES_128_GCM_SHA256, TLS_DHE_RSA_WITH_AES_128_GCM_SHA256, TLS_DHE_DSS_WITH_AES_128_GCM_SHA256, TLS_EMPTY_RENEGOTIATION_INFO_SCSV]
21:12:17.285 [pool-2-thread-5] DEBUG org.apache.http.conn.ssl.SSLConnectionSocketFactory - Enabled cipher suites:[TLS_ECDHE_ECDSA_WITH_AES_128_CBC_SHA256, TLS_ECDHE_RSA_WITH_AES_128_CBC_SHA256, TLS_RSA_WITH_AES_128_CBC_SHA256, TLS_ECDH_ECDSA_WITH_AES_128_CBC_SHA256, TLS_ECDH_RSA_WITH_AES_128_CBC_SHA256, TLS_DHE_RSA_WITH_AES_128_CBC_SHA256, TLS_DHE_DSS_WITH_AES_128_CBC_SHA256, TLS_ECDHE_ECDSA_WITH_AES_128_CBC_SHA, TLS_ECDHE_RSA_WITH_AES_128_CBC_SHA, TLS_RSA_WITH_AES_128_CBC_SHA, TLS_ECDH_ECDSA_WITH_AES_128_CBC_SHA, TLS_ECDH_RSA_WITH_AES_128_CBC_SHA, TLS_DHE_RSA_WITH_AES_128_CBC_SHA, TLS_DHE_DSS_WITH_AES_128_CBC_SHA, TLS_ECDHE_ECDSA_WITH_AES_128_GCM_SHA256, TLS_ECDHE_RSA_WITH_AES_128_GCM_SHA256, TLS_RSA_WITH_AES_128_GCM_SHA256, TLS_ECDH_ECDSA_WITH_AES_128_GCM_SHA256, TLS_ECDH_RSA_WITH_AES_128_GCM_SHA256, TLS_DHE_RSA_WITH_AES_128_GCM_SHA256, TLS_DHE_DSS_WITH_AES_128_GCM_SHA256, TLS_EMPTY_RENEGOTIATION_INFO_SCSV]
21:12:17.286 [pool-2-thread-3] DEBUG org.apache.http.conn.ssl.LenientSslConnectionSocketFactory - Starting handshake
21:12:17.286 [pool-2-thread-1] DEBUG org.apache.http.conn.ssl.LenientSslConnectionSocketFactory - Starting handshake
21:12:17.286 [pool-2-thread-5] DEBUG org.apache.http.conn.ssl.SSLConnectionSocketFactory - Starting handshake
21:12:18.155 [pool-2-thread-3] DEBUG org.apache.http.conn.ssl.LenientSslConnectionSocketFactory - Secure session established
21:12:18.156 [pool-2-thread-3] DEBUG org.apache.http.conn.ssl.LenientSslConnectionSocketFactory -  negotiated protocol: TLSv1.2
21:12:18.156 [pool-2-thread-3] DEBUG org.apache.http.conn.ssl.LenientSslConnectionSocketFactory -  negotiated cipher suite: TLS_ECDHE_RSA_WITH_AES_128_GCM_SHA256
21:12:18.157 [pool-2-thread-3] DEBUG org.apache.http.conn.ssl.LenientSslConnectionSocketFactory -  peer principal: CN=*.tracking.thermoking.com
21:12:18.159 [pool-2-thread-3] DEBUG org.apache.http.conn.ssl.LenientSslConnectionSocketFactory -  peer alternative names: [*.tracking.thermoking.com]
21:12:18.159 [pool-2-thread-3] DEBUG org.apache.http.conn.ssl.LenientSslConnectionSocketFactory -  issuer principal: CN=Amazon, OU=Server CA 1B, O=Amazon, C=US
21:12:18.164 [pool-2-thread-3] DEBUG org.apache.http.impl.conn.DefaultHttpClientConnectionOperator - Connection established 10.200.54.16:63326<->34.199.242.204:443
21:12:18.165 [pool-2-thread-3] DEBUG org.apache.http.impl.conn.DefaultManagedHttpClientConnection - http-outgoing-1: set socket timeout to 30000
21:12:18.165 [pool-2-thread-3] DEBUG org.apache.http.impl.execchain.MainClientExec - Executing request POST /connected-solutions/GetAuthToken/ HTTP/1.1
21:12:18.166 [pool-2-thread-3] DEBUG org.apache.http.impl.execchain.MainClientExec - Target auth state: UNCHALLENGED
21:12:18.167 [pool-2-thread-3] DEBUG org.apache.http.impl.execchain.MainClientExec - Proxy auth state: UNCHALLENGED
21:12:18.170 [pool-2-thread-3] DEBUG org.apache.http.headers - http-outgoing-1 >> POST /connected-solutions/GetAuthToken/ HTTP/1.1
21:12:18.170 [pool-2-thread-3] DEBUG org.apache.http.headers - http-outgoing-1 >> X-External-ID: 5-UUvQsTkfI
21:12:18.170 [pool-2-thread-3] DEBUG org.apache.http.headers - http-outgoing-1 >> Content-Type: application/json; charset=UTF-8
21:12:18.170 [pool-2-thread-3] DEBUG org.apache.http.headers - http-outgoing-1 >> Content-Length: 72
21:12:18.171 [pool-2-thread-3] DEBUG org.apache.http.headers - http-outgoing-1 >> Host: restdev1.tracking.thermoking.com
21:12:18.171 [pool-2-thread-3] DEBUG org.apache.http.headers - http-outgoing-1 >> Connection: Keep-Alive
21:12:18.171 [pool-2-thread-3] DEBUG org.apache.http.headers - http-outgoing-1 >> User-Agent: Apache-HttpClient/4.5.11 (Java/1.8.0_121)
21:12:18.171 [pool-2-thread-3] DEBUG org.apache.http.headers - http-outgoing-1 >> Accept-Encoding: gzip,deflate
21:12:18.172 [pool-2-thread-3] DEBUG org.apache.http.wire - http-outgoing-1 >> "POST /connected-solutions/GetAuthToken/ HTTP/1.1[\r][\n]"
21:12:18.172 [pool-2-thread-3] DEBUG org.apache.http.wire - http-outgoing-1 >> "X-External-ID: 5-UUvQsTkfI[\r][\n]"
21:12:18.172 [pool-2-thread-3] DEBUG org.apache.http.wire - http-outgoing-1 >> "Content-Type: application/json; charset=UTF-8[\r][\n]"
21:12:18.172 [pool-2-thread-3] DEBUG org.apache.http.wire - http-outgoing-1 >> "Content-Length: 72[\r][\n]"
21:12:18.173 [pool-2-thread-3] DEBUG org.apache.http.wire - http-outgoing-1 >> "Host: restdev1.tracking.thermoking.com[\r][\n]"
21:12:18.173 [pool-2-thread-3] DEBUG org.apache.http.wire - http-outgoing-1 >> "Connection: Keep-Alive[\r][\n]"
21:12:18.173 [pool-2-thread-3] DEBUG org.apache.http.wire - http-outgoing-1 >> "User-Agent: Apache-HttpClient/4.5.11 (Java/1.8.0_121)[\r][\n]"
21:12:18.173 [pool-2-thread-3] DEBUG org.apache.http.wire - http-outgoing-1 >> "Accept-Encoding: gzip,deflate[\r][\n]"
21:12:18.173 [pool-2-thread-3] DEBUG org.apache.http.wire - http-outgoing-1 >> "[\r][\n]"
21:12:18.173 [pool-2-thread-3] DEBUG org.apache.http.wire - http-outgoing-1 >> "{"userName":"webservice.usertp01@demosystem.com","password":"Pass@1234"}"
21:12:18.270 [pool-2-thread-5] DEBUG org.apache.http.conn.ssl.SSLConnectionSocketFactory - Secure session established
21:12:18.270 [pool-2-thread-1] DEBUG org.apache.http.conn.ssl.LenientSslConnectionSocketFactory - Secure session established
21:12:18.270 [pool-2-thread-5] DEBUG org.apache.http.conn.ssl.SSLConnectionSocketFactory -  negotiated protocol: TLSv1.2
21:12:18.270 [pool-2-thread-1] DEBUG org.apache.http.conn.ssl.LenientSslConnectionSocketFactory -  negotiated protocol: TLSv1.2
21:12:18.271 [pool-2-thread-5] DEBUG org.apache.http.conn.ssl.SSLConnectionSocketFactory -  negotiated cipher suite: TLS_ECDHE_RSA_WITH_AES_128_GCM_SHA256
21:12:18.271 [pool-2-thread-1] DEBUG org.apache.http.conn.ssl.LenientSslConnectionSocketFactory -  negotiated cipher suite: TLS_ECDHE_RSA_WITH_AES_128_GCM_SHA256
21:12:18.271 [pool-2-thread-5] DEBUG org.apache.http.conn.ssl.SSLConnectionSocketFactory -  peer principal: CN=*.tracking.thermoking.com
21:12:18.272 [pool-2-thread-1] DEBUG org.apache.http.conn.ssl.LenientSslConnectionSocketFactory -  peer principal: CN=*.tracking.thermoking.com
21:12:18.272 [pool-2-thread-5] DEBUG org.apache.http.conn.ssl.SSLConnectionSocketFactory -  peer alternative names: [*.tracking.thermoking.com]
21:12:18.272 [pool-2-thread-1] DEBUG org.apache.http.conn.ssl.LenientSslConnectionSocketFactory -  peer alternative names: [*.tracking.thermoking.com]
21:12:18.273 [pool-2-thread-5] DEBUG org.apache.http.conn.ssl.SSLConnectionSocketFactory -  issuer principal: CN=Amazon, OU=Server CA 1B, O=Amazon, C=US
21:12:18.274 [pool-2-thread-1] DEBUG org.apache.http.conn.ssl.LenientSslConnectionSocketFactory -  issuer principal: CN=Amazon, OU=Server CA 1B, O=Amazon, C=US
21:12:18.274 [pool-2-thread-1] DEBUG org.apache.http.impl.conn.DefaultHttpClientConnectionOperator - Connection established 10.200.54.16:63324<->34.199.242.204:443
21:12:18.274 [pool-2-thread-1] DEBUG org.apache.http.impl.conn.DefaultManagedHttpClientConnection - http-outgoing-0: set socket timeout to 30000
21:12:18.274 [pool-2-thread-1] DEBUG org.apache.http.impl.execchain.MainClientExec - Executing request POST /connected-solutions/obtainToken/ HTTP/1.1
21:12:18.275 [pool-2-thread-1] DEBUG org.apache.http.impl.execchain.MainClientExec - Target auth state: UNCHALLENGED
21:12:18.276 [pool-2-thread-1] DEBUG org.apache.http.impl.execchain.MainClientExec - Proxy auth state: UNCHALLENGED
21:12:18.278 [pool-2-thread-1] DEBUG org.apache.http.headers - http-outgoing-0 >> POST /connected-solutions/obtainToken/ HTTP/1.1
21:12:18.279 [pool-2-thread-1] DEBUG org.apache.http.headers - http-outgoing-0 >> X-External-ID: 0C7FFB8E-BE9D-4B51-8D61-CA10BF4503C4
21:12:18.279 [pool-2-thread-1] DEBUG org.apache.http.headers - http-outgoing-0 >> Content-Type: application/json; charset=UTF-8
21:12:18.280 [pool-2-thread-1] DEBUG org.apache.http.headers - http-outgoing-0 >> Content-Length: 68
21:12:18.280 [pool-2-thread-1] DEBUG org.apache.http.headers - http-outgoing-0 >> Host: restdev1.tracking.thermoking.com
21:12:18.280 [pool-2-thread-1] DEBUG org.apache.http.headers - http-outgoing-0 >> Connection: Keep-Alive
21:12:18.280 [pool-2-thread-1] DEBUG org.apache.http.headers - http-outgoing-0 >> User-Agent: Apache-HttpClient/4.5.11 (Java/1.8.0_121)
21:12:18.280 [pool-2-thread-1] DEBUG org.apache.http.headers - http-outgoing-0 >> Accept-Encoding: gzip,deflate
21:12:18.281 [pool-2-thread-1] DEBUG org.apache.http.wire - http-outgoing-0 >> "POST /connected-solutions/obtainToken/ HTTP/1.1[\r][\n]"
21:12:18.281 [pool-2-thread-1] DEBUG org.apache.http.wire - http-outgoing-0 >> "X-External-ID: 0C7FFB8E-BE9D-4B51-8D61-CA10BF4503C4[\r][\n]"
21:12:18.281 [pool-2-thread-1] DEBUG org.apache.http.wire - http-outgoing-0 >> "Content-Type: application/json; charset=UTF-8[\r][\n]"
21:12:18.281 [pool-2-thread-1] DEBUG org.apache.http.wire - http-outgoing-0 >> "Content-Length: 68[\r][\n]"
21:12:18.281 [pool-2-thread-1] DEBUG org.apache.http.wire - http-outgoing-0 >> "Host: restdev1.tracking.thermoking.com[\r][\n]"
21:12:18.282 [pool-2-thread-1] DEBUG org.apache.http.wire - http-outgoing-0 >> "Connection: Keep-Alive[\r][\n]"
21:12:18.282 [pool-2-thread-1] DEBUG org.apache.http.wire - http-outgoing-0 >> "User-Agent: Apache-HttpClient/4.5.11 (Java/1.8.0_121)[\r][\n]"
21:12:18.282 [pool-2-thread-1] DEBUG org.apache.http.wire - http-outgoing-0 >> "Accept-Encoding: gzip,deflate[\r][\n]"
21:12:18.282 [pool-2-thread-1] DEBUG org.apache.http.wire - http-outgoing-0 >> "[\r][\n]"
21:12:18.282 [pool-2-thread-1] DEBUG org.apache.http.wire - http-outgoing-0 >> "{"userName":"webservice.user214@MISSING.COM","password":"Pass@1234"}"
21:12:18.288 [pool-2-thread-5] DEBUG org.apache.http.impl.conn.DefaultHttpClientConnectionOperator - Connection established 10.200.54.16:63325<->3.212.162.73:443
21:12:18.288 [pool-2-thread-5] DEBUG org.apache.http.impl.conn.DefaultManagedHttpClientConnection - http-outgoing-2: set socket timeout to 30000
21:12:18.288 [pool-2-thread-5] DEBUG org.apache.http.impl.execchain.MainClientExec - Executing request POST /tk-webservices/Command HTTP/1.1
21:12:18.288 [pool-2-thread-5] DEBUG org.apache.http.impl.execchain.MainClientExec - Proxy auth state: UNCHALLENGED
21:12:18.289 [pool-2-thread-5] DEBUG org.apache.http.headers - http-outgoing-2 >> POST /tk-webservices/Command HTTP/1.1
21:12:18.289 [pool-2-thread-5] DEBUG org.apache.http.headers - http-outgoing-2 >> Authorization: Basic d2Vic2VydmljZS51c2VyLmFsbC4yMTRATUlTU0lORy5DT006Z2g2MmpBST51TFB1dmxw
21:12:18.289 [pool-2-thread-5] DEBUG org.apache.http.headers - http-outgoing-2 >> SOAPAction: 
21:12:18.289 [pool-2-thread-5] DEBUG org.apache.http.headers - http-outgoing-2 >> Content-Type: application/xml; charset=UTF-8
21:12:18.290 [pool-2-thread-5] DEBUG org.apache.http.headers - http-outgoing-2 >> Content-Length: 649
21:12:18.290 [pool-2-thread-5] DEBUG org.apache.http.headers - http-outgoing-2 >> Host: soap.tracking.thermoking.com
21:12:18.290 [pool-2-thread-5] DEBUG org.apache.http.headers - http-outgoing-2 >> Connection: Keep-Alive
21:12:18.290 [pool-2-thread-5] DEBUG org.apache.http.headers - http-outgoing-2 >> User-Agent: Apache-HttpClient/4.5.11 (Java/1.8.0_121)
21:12:18.291 [pool-2-thread-5] DEBUG org.apache.http.headers - http-outgoing-2 >> Accept-Encoding: gzip,deflate
21:12:18.291 [pool-2-thread-5] DEBUG org.apache.http.wire - http-outgoing-2 >> "POST /tk-webservices/Command HTTP/1.1[\r][\n]"
21:12:18.291 [pool-2-thread-5] DEBUG org.apache.http.wire - http-outgoing-2 >> "Authorization: Basic d2Vic2VydmljZS51c2VyLmFsbC4yMTRATUlTU0lORy5DT006Z2g2MmpBST51TFB1dmxw[\r][\n]"
21:12:18.291 [pool-2-thread-5] DEBUG org.apache.http.wire - http-outgoing-2 >> "SOAPAction: [\r][\n]"
21:12:18.291 [pool-2-thread-5] DEBUG org.apache.http.wire - http-outgoing-2 >> "Content-Type: application/xml; charset=UTF-8[\r][\n]"
21:12:18.291 [pool-2-thread-5] DEBUG org.apache.http.wire - http-outgoing-2 >> "Content-Length: 649[\r][\n]"
21:12:18.291 [pool-2-thread-5] DEBUG org.apache.http.wire - http-outgoing-2 >> "Host: soap.tracking.thermoking.com[\r][\n]"
21:12:18.292 [pool-2-thread-5] DEBUG org.apache.http.wire - http-outgoing-2 >> "Connection: Keep-Alive[\r][\n]"
21:12:18.292 [pool-2-thread-5] DEBUG org.apache.http.wire - http-outgoing-2 >> "User-Agent: Apache-HttpClient/4.5.11 (Java/1.8.0_121)[\r][\n]"
21:12:18.292 [pool-2-thread-5] DEBUG org.apache.http.wire - http-outgoing-2 >> "Accept-Encoding: gzip,deflate[\r][\n]"
21:12:18.292 [pool-2-thread-5] DEBUG org.apache.http.wire - http-outgoing-2 >> "[\r][\n]"
21:12:18.293 [pool-2-thread-5] DEBUG org.apache.http.wire - http-outgoing-2 >> "<soapenv:Envelope xmlns:soapenv="http://schemas.xmlsoap.org/soap/envelope/" xmlns:ser="http://service.jbossws.webservices.celtrak.com/">[\r][\n]"
21:12:18.293 [pool-2-thread-5] DEBUG org.apache.http.wire - http-outgoing-2 >> "    <soapenv:Header/>[\r][\n]"
21:12:18.293 [pool-2-thread-5] DEBUG org.apache.http.wire - http-outgoing-2 >> "    <soapenv:Body>[\r][\n]"
21:12:18.293 [pool-2-thread-5] DEBUG org.apache.http.wire - http-outgoing-2 >> "        <ser:updateSetPoint>[\r][\n]"
21:12:18.293 [pool-2-thread-5] DEBUG org.apache.http.wire - http-outgoing-2 >> "            <!--1 or more repetitions:-->[\r][\n]"
21:12:18.294 [pool-2-thread-5] DEBUG org.apache.http.wire - http-outgoing-2 >> "            <customerVehicles>[\r][\n]"
21:12:18.294 [pool-2-thread-5] DEBUG org.apache.http.wire - http-outgoing-2 >> "                <customerid>4560BD5E-BD7B-42B0-8DCB-627EB8454C72</customerid>[\r][\n]"
21:12:18.294 [pool-2-thread-5] DEBUG org.apache.http.wire - http-outgoing-2 >> "                <!--1 or more repetitions:-->[\r][\n]"
21:12:18.294 [pool-2-thread-5] DEBUG org.apache.http.wire - http-outgoing-2 >> "                <vehicles>Bluebox India 2</vehicles>[\r][\n]"
21:12:18.295 [pool-2-thread-5] DEBUG org.apache.http.wire - http-outgoing-2 >> "            </customerVehicles>[\r][\n]"
21:12:18.295 [pool-2-thread-5] DEBUG org.apache.http.wire - http-outgoing-2 >> "            <zoneId>1</zoneId>[\r][\n]"
21:12:18.295 [pool-2-thread-5] DEBUG org.apache.http.wire - http-outgoing-2 >> "            <setPointValue>-2</setPointValue>[\r][\n]"
21:12:18.295 [pool-2-thread-5] DEBUG org.apache.http.wire - http-outgoing-2 >> "        </ser:updateSetPoint>[\r][\n]"
21:12:18.296 [pool-2-thread-5] DEBUG org.apache.http.wire - http-outgoing-2 >> "    </soapenv:Body>[\r][\n]"
21:12:18.296 [pool-2-thread-5] DEBUG org.apache.http.wire - http-outgoing-2 >> "</soapenv:Envelope>"
21:12:18.585 [pool-2-thread-3] DEBUG org.apache.http.wire - http-outgoing-1 << "HTTP/1.1 200 [\r][\n]"
21:12:18.586 [pool-2-thread-3] DEBUG org.apache.http.wire - http-outgoing-1 << "Date: Mon, 13 Sep 2021 15:42:18 GMT[\r][\n]"
21:12:18.586 [pool-2-thread-3] DEBUG org.apache.http.wire - http-outgoing-1 << "Content-Type: application/json;charset=UTF-8[\r][\n]"
21:12:18.586 [pool-2-thread-3] DEBUG org.apache.http.wire - http-outgoing-1 << "Transfer-Encoding: chunked[\r][\n]"
21:12:18.586 [pool-2-thread-3] DEBUG org.apache.http.wire - http-outgoing-1 << "Connection: keep-alive[\r][\n]"
21:12:18.587 [pool-2-thread-3] DEBUG org.apache.http.wire - http-outgoing-1 << "Set-Cookie: AWSALB=ImTV/t8NxFDvWlcBJsBx0d4Qmucc1ilQ+V4mGuhBXZ4kUpFZKGDqPkpuiZWJmOEWeRQY6qtTii46xSVw/VklOMPcLuIQuffaKjI3GsszcNR5obnjtz5PcN5UwfIx; Expires=Mon, 20 Sep 2021 15:42:18 GMT; Path=/[\r][\n]"
21:12:18.587 [pool-2-thread-3] DEBUG org.apache.http.wire - http-outgoing-1 << "Set-Cookie: AWSALBCORS=ImTV/t8NxFDvWlcBJsBx0d4Qmucc1ilQ+V4mGuhBXZ4kUpFZKGDqPkpuiZWJmOEWeRQY6qtTii46xSVw/VklOMPcLuIQuffaKjI3GsszcNR5obnjtz5PcN5UwfIx; Expires=Mon, 20 Sep 2021 15:42:18 GMT; Path=/; SameSite=None; Secure[\r][\n]"
21:12:18.588 [pool-2-thread-3] DEBUG org.apache.http.wire - http-outgoing-1 << "X-Content-Type-Options: nosniff[\r][\n]"
21:12:18.588 [pool-2-thread-3] DEBUG org.apache.http.wire - http-outgoing-1 << "X-XSS-Protection: 1; mode=block[\r][\n]"
21:12:18.588 [pool-2-thread-3] DEBUG org.apache.http.wire - http-outgoing-1 << "Cache-Control: no-cache, no-store, max-age=0, must-revalidate[\r][\n]"
21:12:18.588 [pool-2-thread-3] DEBUG org.apache.http.wire - http-outgoing-1 << "Pragma: no-cache[\r][\n]"
21:12:18.588 [pool-2-thread-3] DEBUG org.apache.http.wire - http-outgoing-1 << "Expires: 0[\r][\n]"
21:12:18.588 [pool-2-thread-3] DEBUG org.apache.http.wire - http-outgoing-1 << "X-Frame-Options: DENY[\r][\n]"
21:12:18.588 [pool-2-thread-3] DEBUG org.apache.http.wire - http-outgoing-1 << "[\r][\n]"
21:12:18.588 [pool-2-thread-3] DEBUG org.apache.http.wire - http-outgoing-1 << "19a[\r][\n]"
21:12:18.589 [pool-2-thread-3] DEBUG org.apache.http.wire - http-outgoing-1 << "{"id":"5-UUvQsTkfI","accessToken":"eyJhbGciOiJIUzUxMiJ9.eyJpc3MiOiJDb25uZWN0ZWQgU29sdXRpb25zIiwiZXhwIjoxNjMxNzE2MTgzLCJqdGkiOiI1LVVVdlFzVGtmSSJ9.erDSc-omH9mTT8IE1Ja3vjLmO0t8HiMqg6xG0Z00LFpSUHQzhf9Sc6ynuDPCcPK0U8rrwHF9zVPQibHhV-uOTw","accessRefreshToken":"2ba4743b7fcb4758b3fe5bfa17ddde8e","expiresIn":446233,"_links":{"self":{"href":"http://restdev1.tracking.thermoking.com/connected-solutions/GetAuthToken"}}}[\r][\n]"
21:12:18.598 [pool-2-thread-3] DEBUG org.apache.http.headers - http-outgoing-1 << HTTP/1.1 200 
21:12:18.600 [pool-2-thread-3] DEBUG org.apache.http.headers - http-outgoing-1 << Date: Mon, 13 Sep 2021 15:42:18 GMT
21:12:18.600 [pool-2-thread-3] DEBUG org.apache.http.headers - http-outgoing-1 << Content-Type: application/json;charset=UTF-8
21:12:18.600 [pool-2-thread-3] DEBUG org.apache.http.headers - http-outgoing-1 << Transfer-Encoding: chunked
21:12:18.600 [pool-2-thread-3] DEBUG org.apache.http.headers - http-outgoing-1 << Connection: keep-alive
21:12:18.600 [pool-2-thread-3] DEBUG org.apache.http.headers - http-outgoing-1 << Set-Cookie: AWSALB=ImTV/t8NxFDvWlcBJsBx0d4Qmucc1ilQ+V4mGuhBXZ4kUpFZKGDqPkpuiZWJmOEWeRQY6qtTii46xSVw/VklOMPcLuIQuffaKjI3GsszcNR5obnjtz5PcN5UwfIx; Expires=Mon, 20 Sep 2021 15:42:18 GMT; Path=/
21:12:18.600 [pool-2-thread-3] DEBUG org.apache.http.headers - http-outgoing-1 << Set-Cookie: AWSALBCORS=ImTV/t8NxFDvWlcBJsBx0d4Qmucc1ilQ+V4mGuhBXZ4kUpFZKGDqPkpuiZWJmOEWeRQY6qtTii46xSVw/VklOMPcLuIQuffaKjI3GsszcNR5obnjtz5PcN5UwfIx; Expires=Mon, 20 Sep 2021 15:42:18 GMT; Path=/; SameSite=None; Secure
21:12:18.600 [pool-2-thread-3] DEBUG org.apache.http.headers - http-outgoing-1 << X-Content-Type-Options: nosniff
21:12:18.600 [pool-2-thread-3] DEBUG org.apache.http.headers - http-outgoing-1 << X-XSS-Protection: 1; mode=block
21:12:18.600 [pool-2-thread-3] DEBUG org.apache.http.headers - http-outgoing-1 << Cache-Control: no-cache, no-store, max-age=0, must-revalidate
21:12:18.600 [pool-2-thread-3] DEBUG org.apache.http.headers - http-outgoing-1 << Pragma: no-cache
21:12:18.600 [pool-2-thread-3] DEBUG org.apache.http.headers - http-outgoing-1 << Expires: 0
21:12:18.601 [pool-2-thread-3] DEBUG org.apache.http.headers - http-outgoing-1 << X-Frame-Options: DENY
21:12:18.613 [pool-2-thread-3] DEBUG org.apache.http.impl.execchain.MainClientExec - Connection can be kept alive indefinitely
21:12:18.666 [pool-2-thread-3] DEBUG org.apache.http.client.protocol.ResponseProcessCookies - Cookie accepted [AWSALB="ImTV/t8NxFDvWlcBJsBx0d4Qmucc1ilQ+V4mGuhBXZ4kUpFZKGDqPkpuiZWJmOEWeRQY6qtTii46xSVw/VklOMPcLuIQuffaKjI3...", version:0, domain:restdev1.tracking.thermoking.com, path:/, expiry:Mon Sep 20 21:12:18 IST 2021]
21:12:18.668 [pool-2-thread-3] DEBUG org.apache.http.client.protocol.ResponseProcessCookies - Cookie accepted [AWSALBCORS="ImTV/t8NxFDvWlcBJsBx0d4Qmucc1ilQ+V4mGuhBXZ4kUpFZKGDqPkpuiZWJmOEWeRQY6qtTii46xSVw/VklOMPcLuIQuffaKjI3...", version:0, domain:restdev1.tracking.thermoking.com, path:/, expiry:Mon Sep 20 21:12:18 IST 2021]
21:12:18.675 [pool-2-thread-3] DEBUG org.apache.http.wire - http-outgoing-1 << "0[\r][\n]"
21:12:18.675 [pool-2-thread-3] DEBUG org.apache.http.wire - http-outgoing-1 << "[\r][\n]"
21:12:18.676 [pool-2-thread-3] DEBUG org.apache.http.impl.conn.PoolingHttpClientConnectionManager - Connection [id: 1][route: {s}->https://restdev1.tracking.thermoking.com:443] can be kept alive indefinitely
21:12:18.676 [pool-2-thread-3] DEBUG org.apache.http.impl.conn.DefaultManagedHttpClientConnection - http-outgoing-1: set socket timeout to 0
21:12:18.678 [pool-2-thread-1] DEBUG org.apache.http.wire - http-outgoing-0 << "HTTP/1.1 200 [\r][\n]"
21:12:18.678 [pool-2-thread-3] DEBUG org.apache.http.impl.conn.PoolingHttpClientConnectionManager - Connection released: [id: 1][route: {s}->https://restdev1.tracking.thermoking.com:443][total available: 1; route allocated: 1 of 5; total allocated: 1 of 10]
21:12:18.678 [pool-2-thread-1] DEBUG org.apache.http.wire - http-outgoing-0 << "Date: Mon, 13 Sep 2021 15:42:18 GMT[\r][\n]"
21:12:18.678 [pool-2-thread-1] DEBUG org.apache.http.wire - http-outgoing-0 << "Content-Type: application/json;charset=UTF-8[\r][\n]"
21:12:18.678 [pool-2-thread-3] DEBUG com.intuit.karate - response time in milliseconds: 2002.06
1 < 200
1 < Cache-Control: no-cache, no-store, max-age=0, must-revalidate
1 < Connection: keep-alive
1 < Content-Type: application/json;charset=UTF-8
1 < Date: Mon, 13 Sep 2021 15:42:18 GMT
1 < Expires: 0
1 < Pragma: no-cache
1 < Set-Cookie: [AWSALB=ImTV/t8NxFDvWlcBJsBx0d4Qmucc1ilQ+V4mGuhBXZ4kUpFZKGDqPkpuiZWJmOEWeRQY6qtTii46xSVw/VklOMPcLuIQuffaKjI3GsszcNR5obnjtz5PcN5UwfIx; Expires=Mon, 20 Sep 2021 15:42:18 GMT; Path=/, AWSALBCORS=ImTV/t8NxFDvWlcBJsBx0d4Qmucc1ilQ+V4mGuhBXZ4kUpFZKGDqPkpuiZWJmOEWeRQY6qtTii46xSVw/VklOMPcLuIQuffaKjI3GsszcNR5obnjtz5PcN5UwfIx; Expires=Mon, 20 Sep 2021 15:42:18 GMT; Path=/; SameSite=None; Secure]
1 < Transfer-Encoding: chunked
1 < X-Content-Type-Options: nosniff
1 < X-Frame-Options: DENY
1 < X-XSS-Protection: 1; mode=block
{"id":"5-UUvQsTkfI","accessToken":"eyJhbGciOiJIUzUxMiJ9.eyJpc3MiOiJDb25uZWN0ZWQgU29sdXRpb25zIiwiZXhwIjoxNjMxNzE2MTgzLCJqdGkiOiI1LVVVdlFzVGtmSSJ9.erDSc-omH9mTT8IE1Ja3vjLmO0t8HiMqg6xG0Z00LFpSUHQzhf9Sc6ynuDPCcPK0U8rrwHF9zVPQibHhV-uOTw","accessRefreshToken":"2ba4743b7fcb4758b3fe5bfa17ddde8e","expiresIn":446233,"_links":{"self":{"href":"http://restdev1.tracking.thermoking.com/connected-solutions/GetAuthToken"}}}

21:12:18.679 [pool-2-thread-1] DEBUG org.apache.http.wire - http-outgoing-0 << "Transfer-Encoding: chunked[\r][\n]"
21:12:18.679 [pool-2-thread-1] DEBUG org.apache.http.wire - http-outgoing-0 << "Connection: keep-alive[\r][\n]"
21:12:18.680 [pool-2-thread-1] DEBUG org.apache.http.wire - http-outgoing-0 << "Set-Cookie: AWSALB=yjetG9wqryygZmiTewlQPpLwXMGs1CuQsuWjt6gzPdgAzLQnVN2Gq2mtBU7HXss4kkpJZ7eue6BU4omkGqRo5g/mLumgEd8VfJetfw5UzSJMjMZD56/uHt4HY7E7; Expires=Mon, 20 Sep 2021 15:42:18 GMT; Path=/[\r][\n]"
21:12:18.680 [pool-2-thread-1] DEBUG org.apache.http.wire - http-outgoing-0 << "Set-Cookie: AWSALBCORS=yjetG9wqryygZmiTewlQPpLwXMGs1CuQsuWjt6gzPdgAzLQnVN2Gq2mtBU7HXss4kkpJZ7eue6BU4omkGqRo5g/mLumgEd8VfJetfw5UzSJMjMZD56/uHt4HY7E7; Expires=Mon, 20 Sep 2021 15:42:18 GMT; Path=/; SameSite=None; Secure[\r][\n]"
21:12:18.680 [pool-2-thread-1] DEBUG org.apache.http.wire - http-outgoing-0 << "X-Content-Type-Options: nosniff[\r][\n]"
21:12:18.680 [pool-2-thread-1] DEBUG org.apache.http.wire - http-outgoing-0 << "X-XSS-Protection: 1; mode=block[\r][\n]"
21:12:18.681 [pool-2-thread-1] DEBUG org.apache.http.wire - http-outgoing-0 << "Cache-Control: no-cache, no-store, max-age=0, must-revalidate[\r][\n]"
21:12:18.681 [pool-2-thread-1] DEBUG org.apache.http.wire - http-outgoing-0 << "Pragma: no-cache[\r][\n]"
21:12:18.681 [pool-2-thread-1] DEBUG org.apache.http.wire - http-outgoing-0 << "Expires: 0[\r][\n]"
21:12:18.681 [pool-2-thread-1] DEBUG org.apache.http.wire - http-outgoing-0 << "X-Frame-Options: DENY[\r][\n]"
21:12:18.681 [pool-2-thread-1] DEBUG org.apache.http.wire - http-outgoing-0 << "[\r][\n]"
21:12:18.681 [pool-2-thread-1] DEBUG org.apache.http.wire - http-outgoing-0 << "1d4[\r][\n]"
21:12:18.682 [pool-2-thread-1] DEBUG org.apache.http.wire - http-outgoing-0 << "{"id":"0C7FFB8E-BE9D-4B51-8D61-CA10BF4503C4","accessToken":"eyJhbGciOiJIUzUxMiJ9.eyJpc3MiOiJDb25uZWN0ZWQgU29sdXRpb25zIiwiZXhwIjoxNjMxNzE2NjAwLCJqdGkiOiIwQzdGRkI4RS1CRTlELTRCNTEtOEQ2MS1DQTEwQkY0NTAzQzQifQ.yFt02SzWCF0E47cq1Oug1tm767-L1wmWV0K3WaCKbTkbzN2y0QsucU8Cb9c6Z4WmEZh4x0jper3xbX9ImMWi9w","accessRefreshToken":"394c92937b064689afbd0779e6d6eaca","expiresIn":446650,"_links":{"self":{"href":"http://restdev1.tracking.thermoking.com/connected-solutions/obtainToken"}}}[\r][\n]"
21:12:18.683 [pool-2-thread-1] DEBUG org.apache.http.headers - http-outgoing-0 << HTTP/1.1 200 
21:12:18.683 [pool-2-thread-1] DEBUG org.apache.http.headers - http-outgoing-0 << Date: Mon, 13 Sep 2021 15:42:18 GMT
21:12:18.683 [pool-2-thread-1] DEBUG org.apache.http.headers - http-outgoing-0 << Content-Type: application/json;charset=UTF-8
21:12:18.683 [pool-2-thread-1] DEBUG org.apache.http.headers - http-outgoing-0 << Transfer-Encoding: chunked
21:12:18.684 [pool-2-thread-1] DEBUG org.apache.http.headers - http-outgoing-0 << Connection: keep-alive
21:12:18.684 [pool-2-thread-1] DEBUG org.apache.http.headers - http-outgoing-0 << Set-Cookie: AWSALB=yjetG9wqryygZmiTewlQPpLwXMGs1CuQsuWjt6gzPdgAzLQnVN2Gq2mtBU7HXss4kkpJZ7eue6BU4omkGqRo5g/mLumgEd8VfJetfw5UzSJMjMZD56/uHt4HY7E7; Expires=Mon, 20 Sep 2021 15:42:18 GMT; Path=/
21:12:18.684 [pool-2-thread-1] DEBUG org.apache.http.headers - http-outgoing-0 << Set-Cookie: AWSALBCORS=yjetG9wqryygZmiTewlQPpLwXMGs1CuQsuWjt6gzPdgAzLQnVN2Gq2mtBU7HXss4kkpJZ7eue6BU4omkGqRo5g/mLumgEd8VfJetfw5UzSJMjMZD56/uHt4HY7E7; Expires=Mon, 20 Sep 2021 15:42:18 GMT; Path=/; SameSite=None; Secure
21:12:18.684 [pool-2-thread-1] DEBUG org.apache.http.headers - http-outgoing-0 << X-Content-Type-Options: nosniff
21:12:18.684 [pool-2-thread-1] DEBUG org.apache.http.headers - http-outgoing-0 << X-XSS-Protection: 1; mode=block
21:12:18.685 [pool-2-thread-1] DEBUG org.apache.http.headers - http-outgoing-0 << Cache-Control: no-cache, no-store, max-age=0, must-revalidate
21:12:18.688 [pool-2-thread-1] DEBUG org.apache.http.headers - http-outgoing-0 << Pragma: no-cache
21:12:18.696 [pool-2-thread-1] DEBUG org.apache.http.headers - http-outgoing-0 << Expires: 0
21:12:18.696 [pool-2-thread-1] DEBUG org.apache.http.headers - http-outgoing-0 << X-Frame-Options: DENY
21:12:18.697 [pool-2-thread-1] DEBUG org.apache.http.impl.execchain.MainClientExec - Connection can be kept alive indefinitely
21:12:18.699 [pool-2-thread-3] DEBUG com.jayway.jsonpath.internal.path.CompiledPath - Evaluating path: $
21:12:18.700 [pool-2-thread-1] DEBUG org.apache.http.client.protocol.ResponseProcessCookies - Cookie accepted [AWSALB="yjetG9wqryygZmiTewlQPpLwXMGs1CuQsuWjt6gzPdgAzLQnVN2Gq2mtBU7HXss4kkpJZ7eue6BU4omkGqRo5g/mLumgEd8VfJet...", version:0, domain:restdev1.tracking.thermoking.com, path:/, expiry:Mon Sep 20 21:12:18 IST 2021]
21:12:18.705 [pool-2-thread-1] DEBUG org.apache.http.client.protocol.ResponseProcessCookies - Cookie accepted [AWSALBCORS="yjetG9wqryygZmiTewlQPpLwXMGs1CuQsuWjt6gzPdgAzLQnVN2Gq2mtBU7HXss4kkpJZ7eue6BU4omkGqRo5g/mLumgEd8VfJet...", version:0, domain:restdev1.tracking.thermoking.com, path:/, expiry:Mon Sep 20 21:12:18 IST 2021]
21:12:18.707 [pool-2-thread-1] DEBUG org.apache.http.wire - http-outgoing-0 << "0[\r][\n]"
21:12:18.707 [pool-2-thread-1] DEBUG org.apache.http.wire - http-outgoing-0 << "[\r][\n]"
21:12:18.707 [pool-2-thread-1] DEBUG org.apache.http.impl.conn.PoolingHttpClientConnectionManager - Connection [id: 2][route: {s}->https://restdev1.tracking.thermoking.com:443] can be kept alive indefinitely
21:12:18.707 [pool-2-thread-1] DEBUG org.apache.http.impl.conn.DefaultManagedHttpClientConnection - http-outgoing-0: set socket timeout to 0
21:12:18.707 [pool-2-thread-1] DEBUG org.apache.http.impl.conn.PoolingHttpClientConnectionManager - Connection released: [id: 2][route: {s}->https://restdev1.tracking.thermoking.com:443][total available: 1; route allocated: 1 of 5; total allocated: 1 of 10]
21:12:18.707 [pool-2-thread-1] DEBUG com.intuit.karate - response time in milliseconds: 2039.25
1 < 200
1 < Cache-Control: no-cache, no-store, max-age=0, must-revalidate
1 < Connection: keep-alive
1 < Content-Type: application/json;charset=UTF-8
1 < Date: Mon, 13 Sep 2021 15:42:18 GMT
1 < Expires: 0
1 < Pragma: no-cache
1 < Set-Cookie: [AWSALB=yjetG9wqryygZmiTewlQPpLwXMGs1CuQsuWjt6gzPdgAzLQnVN2Gq2mtBU7HXss4kkpJZ7eue6BU4omkGqRo5g/mLumgEd8VfJetfw5UzSJMjMZD56/uHt4HY7E7; Expires=Mon, 20 Sep 2021 15:42:18 GMT; Path=/, AWSALBCORS=yjetG9wqryygZmiTewlQPpLwXMGs1CuQsuWjt6gzPdgAzLQnVN2Gq2mtBU7HXss4kkpJZ7eue6BU4omkGqRo5g/mLumgEd8VfJetfw5UzSJMjMZD56/uHt4HY7E7; Expires=Mon, 20 Sep 2021 15:42:18 GMT; Path=/; SameSite=None; Secure]
1 < Transfer-Encoding: chunked
1 < X-Content-Type-Options: nosniff
1 < X-Frame-Options: DENY
1 < X-XSS-Protection: 1; mode=block
{"id":"0C7FFB8E-BE9D-4B51-8D61-CA10BF4503C4","accessToken":"eyJhbGciOiJIUzUxMiJ9.eyJpc3MiOiJDb25uZWN0ZWQgU29sdXRpb25zIiwiZXhwIjoxNjMxNzE2NjAwLCJqdGkiOiIwQzdGRkI4RS1CRTlELTRCNTEtOEQ2MS1DQTEwQkY0NTAzQzQifQ.yFt02SzWCF0E47cq1Oug1tm767-L1wmWV0K3WaCKbTkbzN2y0QsucU8Cb9c6Z4WmEZh4x0jper3xbX9ImMWi9w","accessRefreshToken":"394c92937b064689afbd0779e6d6eaca","expiresIn":446650,"_links":{"self":{"href":"http://restdev1.tracking.thermoking.com/connected-solutions/obtainToken"}}}

21:12:18.709 [pool-2-thread-3] INFO com.intuit.karate - [print] eyJhbGciOiJIUzUxMiJ9.eyJpc3MiOiJDb25uZWN0ZWQgU29sdXRpb25zIiwiZXhwIjoxNjMxNzE2MTgzLCJqdGkiOiI1LVVVdlFzVGtmSSJ9.erDSc-omH9mTT8IE1Ja3vjLmO0t8HiMqg6xG0Z00LFpSUHQzhf9Sc6ynuDPCcPK0U8rrwHF9zVPQibHhV-uOTw
21:12:18.714 [pool-2-thread-1] DEBUG com.jayway.jsonpath.internal.path.CompiledPath - Evaluating path: $
21:12:18.715 [pool-2-thread-1] INFO com.intuit.karate - [print] eyJhbGciOiJIUzUxMiJ9.eyJpc3MiOiJDb25uZWN0ZWQgU29sdXRpb25zIiwiZXhwIjoxNjMxNzE2NjAwLCJqdGkiOiIwQzdGRkI4RS1CRTlELTRCNTEtOEQ2MS1DQTEwQkY0NTAzQzQifQ.yFt02SzWCF0E47cq1Oug1tm767-L1wmWV0K3WaCKbTkbzN2y0QsucU8Cb9c6Z4WmEZh4x0jper3xbX9ImMWi9w
21:12:18.720 [pool-2-thread-3] DEBUG com.jayway.jsonpath.internal.path.CompiledPath - Evaluating path: $
21:12:18.720 [pool-2-thread-1] DEBUG com.jayway.jsonpath.internal.path.CompiledPath - Evaluating path: $
21:12:18.720 [pool-2-thread-3] INFO com.intuit.karate - << lock released, cached callonce: read('FridgioAuthToken.feature')
21:12:18.721 [pool-2-thread-1] DEBUG com.jayway.jsonpath.internal.path.CompiledPath - Evaluating path: $
21:12:18.721 [pool-2-thread-1] DEBUG com.jayway.jsonpath.internal.path.CompiledPath - Evaluating path: $
21:12:18.721 [pool-2-thread-1] INFO com.intuit.karate - << lock released, cached callonce: read('TokenTwoWay.feature')
21:12:18.738 [pool-2-thread-1] DEBUG com.jayway.jsonpath.internal.path.CompiledPath - Evaluating path: $
21:12:18.739 [pool-2-thread-1] INFO com.intuit.karate - [print] eyJhbGciOiJIUzUxMiJ9.eyJpc3MiOiJDb25uZWN0ZWQgU29sdXRpb25zIiwiZXhwIjoxNjMxNzE2NjAwLCJqdGkiOiIwQzdGRkI4RS1CRTlELTRCNTEtOEQ2MS1DQTEwQkY0NTAzQzQifQ.yFt02SzWCF0E47cq1Oug1tm767-L1wmWV0K3WaCKbTkbzN2y0QsucU8Cb9c6Z4WmEZh4x0jper3xbX9ImMWi9w
21:12:18.755 [pool-2-thread-3] DEBUG com.jayway.jsonpath.internal.path.CompiledPath - Evaluating path: $
21:12:18.756 [pool-2-thread-3] INFO com.intuit.karate - [print] eyJhbGciOiJIUzUxMiJ9.eyJpc3MiOiJDb25uZWN0ZWQgU29sdXRpb25zIiwiZXhwIjoxNjMxNzE2MTgzLCJqdGkiOiI1LVVVdlFzVGtmSSJ9.erDSc-omH9mTT8IE1Ja3vjLmO0t8HiMqg6xG0Z00LFpSUHQzhf9Sc6ynuDPCcPK0U8rrwHF9zVPQibHhV-uOTw
21:12:18.760 [pool-2-thread-1] DEBUG com.jayway.jsonpath.internal.path.CompiledPath - Evaluating path: $
21:12:18.762 [pool-2-thread-3] INFO com.intuit.karate - [print] data
21:12:18.762 [pool-2-thread-1] DEBUG org.apache.http.client.protocol.RequestAddCookies - CookieSpec selected: karate
21:12:18.762 [pool-2-thread-1] DEBUG org.apache.http.client.protocol.RequestAuthCache - Auth cache not set in the context
21:12:18.762 [pool-2-thread-1] DEBUG com.intuit.karate - request:
1 > POST https://restdev1.tracking.thermoking.com/connected-solutions/updateSetPoint/?vehicles=Test+Vehicle+1&zone=1&setpoint=2
1 > Accept-Encoding: gzip,deflate
1 > Connection: Keep-Alive
1 > Content-Length: 68
1 > Content-Type: application/json; charset=UTF-8
1 > Host: restdev1.tracking.thermoking.com
1 > User-Agent: Apache-HttpClient/4.5.11 (Java/1.8.0_121)
1 > X-External-ID: 0C7FFB8E-BE9D-4B51-8D61-CA10BF4503C4
1 > X-OAUTH2-Token: eyJhbGciOiJIUzUxMiJ9.eyJpc3MiOiJDb25uZWN0ZWQgU29sdXRpb25zIiwiZXhwIjoxNjMxNzE2NjAwLCJqdGkiOiIwQzdGRkI4RS1CRTlELTRCNTEtOEQ2MS1DQTEwQkY0NTAzQzQifQ.yFt02SzWCF0E47cq1Oug1tm767-L1wmWV0K3WaCKbTkbzN2y0QsucU8Cb9c6Z4WmEZh4x0jper3xbX9ImMWi9w
{"userName":"webservice.user214@MISSING.COM","password":"Pass@1234"}

21:12:18.763 [pool-2-thread-1] DEBUG org.apache.http.impl.conn.PoolingHttpClientConnectionManager - Connection request: [route: {s}->https://restdev1.tracking.thermoking.com:443][total available: 0; route allocated: 0 of 5; total allocated: 0 of 10]
21:12:18.763 [pool-2-thread-1] DEBUG org.apache.http.impl.conn.PoolingHttpClientConnectionManager - Connection leased: [id: 3][route: {s}->https://restdev1.tracking.thermoking.com:443][total available: 0; route allocated: 1 of 5; total allocated: 1 of 10]
21:12:18.764 [pool-2-thread-1] DEBUG org.apache.http.impl.execchain.MainClientExec - Opening connection {s}->https://restdev1.tracking.thermoking.com:443
21:12:18.764 [pool-2-thread-1] DEBUG org.apache.http.impl.conn.DefaultHttpClientConnectionOperator - Connecting to restdev1.tracking.thermoking.com/34.199.242.204:443
21:12:18.764 [pool-2-thread-1] DEBUG org.apache.http.conn.ssl.LenientSslConnectionSocketFactory - Connecting socket to restdev1.tracking.thermoking.com/34.199.242.204:443 with timeout 30000
21:12:18.779 [pool-2-thread-3] WARN com.intuit.karate - skipping bootstrap configuration: could not find or read file: classpath:karate-config.js
21:12:18.787 [pool-2-thread-3] DEBUG com.jayway.jsonpath.internal.path.CompiledPath - Evaluating path: $
21:12:18.789 [pool-2-thread-3] INFO com.intuit.karate - [print] eyJhbGciOiJIUzUxMiJ9.eyJpc3MiOiJDb25uZWN0ZWQgU29sdXRpb25zIiwiZXhwIjoxNjMxNzE2MTgzLCJqdGkiOiI1LVVVdlFzVGtmSSJ9.erDSc-omH9mTT8IE1Ja3vjLmO0t8HiMqg6xG0Z00LFpSUHQzhf9Sc6ynuDPCcPK0U8rrwHF9zVPQibHhV-uOTw
21:12:18.789 [pool-2-thread-3] INFO com.intuit.karate - [print] eyJhbGciOiJIUzUxMiJ9.eyJpc3MiOiJDb25uZWN0ZWQgU29sdXRpb25zIiwiZXhwIjoxNjMxNzE2MTgzLCJqdGkiOiI1LVVVdlFzVGtmSSJ9.erDSc-omH9mTT8IE1Ja3vjLmO0t8HiMqg6xG0Z00LFpSUHQzhf9Sc6ynuDPCcPK0U8rrwHF9zVPQibHhV-uOTw
21:12:18.791 [pool-2-thread-5] DEBUG org.apache.http.wire - http-outgoing-2 << "HTTP/1.1 200 OK[\r][\n]"
21:12:18.791 [pool-2-thread-5] DEBUG org.apache.http.wire - http-outgoing-2 << "Date: Mon, 13 Sep 2021 15:42:18 GMT[\r][\n]"
21:12:18.791 [pool-2-thread-5] DEBUG org.apache.http.wire - http-outgoing-2 << "Content-Type: text/xml;charset=UTF-8[\r][\n]"
21:12:18.791 [pool-2-thread-5] DEBUG org.apache.http.wire - http-outgoing-2 << "Content-Length: 486[\r][\n]"
21:12:18.791 [pool-2-thread-5] DEBUG org.apache.http.wire - http-outgoing-2 << "Connection: keep-alive[\r][\n]"
21:12:18.791 [pool-2-thread-5] DEBUG org.apache.http.wire - http-outgoing-2 << "Set-Cookie: AWSALBTG=GDqHRpGxXi1FnhDpl+cJ0GJ53CYcX6b9ue19bIS1sZs1f3ZWIIO73noQtivMtiTeD69h3nWmzPciDwmN8n0vWa4leN8IIzZp71A0U28sR5H0sOd/PWaZDC73vSjUa+2qkqtIpqJhlTy4KyX9mHLF37SvS5mFvrYwn3emdD2xmOJc; Expires=Mon, 20 Sep 2021 15:42:18 GMT; Path=/[\r][\n]"
21:12:18.791 [pool-2-thread-5] DEBUG org.apache.http.wire - http-outgoing-2 << "Set-Cookie: AWSALBTGCORS=GDqHRpGxXi1FnhDpl+cJ0GJ53CYcX6b9ue19bIS1sZs1f3ZWIIO73noQtivMtiTeD69h3nWmzPciDwmN8n0vWa4leN8IIzZp71A0U28sR5H0sOd/PWaZDC73vSjUa+2qkqtIpqJhlTy4KyX9mHLF37SvS5mFvrYwn3emdD2xmOJc; Expires=Mon, 20 Sep 2021 15:42:18 GMT; Path=/; SameSite=None; Secure[\r][\n]"
21:12:18.791 [pool-2-thread-5] DEBUG org.apache.http.wire - http-outgoing-2 << "Expires: 0[\r][\n]"
21:12:18.792 [pool-2-thread-5] DEBUG org.apache.http.wire - http-outgoing-2 << "Cache-Control: no-cache, no-store, must-revalidate[\r][\n]"
21:12:18.793 [pool-2-thread-5] DEBUG org.apache.http.wire - http-outgoing-2 << "X-Powered-By: Undertow/1[\r][\n]"
21:12:18.793 [pool-2-thread-5] DEBUG org.apache.http.wire - http-outgoing-2 << "Server: WildFly/10[\r][\n]"
21:12:18.793 [pool-2-thread-5] DEBUG org.apache.http.wire - http-outgoing-2 << "Pragma: no-cache[\r][\n]"
21:12:18.793 [pool-2-thread-5] DEBUG org.apache.http.wire - http-outgoing-2 << "[\r][\n]"
21:12:18.793 [pool-2-thread-5] DEBUG org.apache.http.wire - http-outgoing-2 << "<soap:Envelope xmlns:soap="http://schemas.xmlsoap.org/soap/envelope/"><SOAP-ENV:Header xmlns:SOAP-ENV="http://schemas.xmlsoap.org/soap/envelope/"/><soap:Body><ns2:updateSetPointResponse xmlns:ns2="http://service.jbossws.webservices.celtrak.com/"><requestReference><customerId>4560BD5E-BD7B-42B0-8DCB-627EB8454C72</customerId><requestIdentifier>q3468084</requestIdentifier><vehicleId>Bluebox India 2</vehicleId></requestReference></ns2:updateSetPointResponse></soap:Body></soap:Envelope>"
21:12:18.793 [pool-2-thread-5] DEBUG org.apache.http.headers - http-outgoing-2 << HTTP/1.1 200 OK
21:12:18.793 [pool-2-thread-5] DEBUG org.apache.http.headers - http-outgoing-2 << Date: Mon, 13 Sep 2021 15:42:18 GMT
21:12:18.793 [pool-2-thread-5] DEBUG org.apache.http.headers - http-outgoing-2 << Content-Type: text/xml;charset=UTF-8
21:12:18.793 [pool-2-thread-5] DEBUG org.apache.http.headers - http-outgoing-2 << Content-Length: 486
21:12:18.793 [pool-2-thread-5] DEBUG org.apache.http.headers - http-outgoing-2 << Connection: keep-alive
21:12:18.793 [pool-2-thread-5] DEBUG org.apache.http.headers - http-outgoing-2 << Set-Cookie: AWSALBTG=GDqHRpGxXi1FnhDpl+cJ0GJ53CYcX6b9ue19bIS1sZs1f3ZWIIO73noQtivMtiTeD69h3nWmzPciDwmN8n0vWa4leN8IIzZp71A0U28sR5H0sOd/PWaZDC73vSjUa+2qkqtIpqJhlTy4KyX9mHLF37SvS5mFvrYwn3emdD2xmOJc; Expires=Mon, 20 Sep 2021 15:42:18 GMT; Path=/
21:12:18.793 [pool-2-thread-5] DEBUG org.apache.http.headers - http-outgoing-2 << Set-Cookie: AWSALBTGCORS=GDqHRpGxXi1FnhDpl+cJ0GJ53CYcX6b9ue19bIS1sZs1f3ZWIIO73noQtivMtiTeD69h3nWmzPciDwmN8n0vWa4leN8IIzZp71A0U28sR5H0sOd/PWaZDC73vSjUa+2qkqtIpqJhlTy4KyX9mHLF37SvS5mFvrYwn3emdD2xmOJc; Expires=Mon, 20 Sep 2021 15:42:18 GMT; Path=/; SameSite=None; Secure
21:12:18.793 [pool-2-thread-5] DEBUG org.apache.http.headers - http-outgoing-2 << Expires: 0
21:12:18.793 [pool-2-thread-5] DEBUG org.apache.http.headers - http-outgoing-2 << Cache-Control: no-cache, no-store, must-revalidate
21:12:18.793 [pool-2-thread-5] DEBUG org.apache.http.headers - http-outgoing-2 << X-Powered-By: Undertow/1
21:12:18.793 [pool-2-thread-5] DEBUG org.apache.http.headers - http-outgoing-2 << Server: WildFly/10
21:12:18.794 [pool-2-thread-5] DEBUG org.apache.http.headers - http-outgoing-2 << Pragma: no-cache
21:12:18.794 [pool-2-thread-5] DEBUG org.apache.http.impl.execchain.MainClientExec - Connection can be kept alive indefinitely
21:12:18.796 [pool-2-thread-5] DEBUG org.apache.http.client.protocol.ResponseProcessCookies - Cookie accepted [AWSALBTG="GDqHRpGxXi1FnhDpl+cJ0GJ53CYcX6b9ue19bIS1sZs1f3ZWIIO73noQtivMtiTeD69h3nWmzPciDwmN8n0vWa4leN8IIzZp71A0...", version:0, domain:soap.tracking.thermoking.com, path:/, expiry:Mon Sep 20 21:12:18 IST 2021]
21:12:18.797 [pool-2-thread-5] DEBUG org.apache.http.client.protocol.ResponseProcessCookies - Cookie accepted [AWSALBTGCORS="GDqHRpGxXi1FnhDpl+cJ0GJ53CYcX6b9ue19bIS1sZs1f3ZWIIO73noQtivMtiTeD69h3nWmzPciDwmN8n0vWa4leN8IIzZp71A0...", version:0, domain:soap.tracking.thermoking.com, path:/, expiry:Mon Sep 20 21:12:18 IST 2021]
21:12:18.798 [pool-2-thread-5] DEBUG org.apache.http.impl.conn.PoolingHttpClientConnectionManager - Connection [id: 0][route: {s}->https://soap.tracking.thermoking.com:443] can be kept alive indefinitely
21:12:18.798 [pool-2-thread-5] DEBUG org.apache.http.impl.conn.DefaultManagedHttpClientConnection - http-outgoing-2: set socket timeout to 0
21:12:18.798 [pool-2-thread-5] DEBUG org.apache.http.impl.conn.PoolingHttpClientConnectionManager - Connection released: [id: 0][route: {s}->https://soap.tracking.thermoking.com:443][total available: 1; route allocated: 1 of 5; total allocated: 1 of 10]
21:12:18.798 [pool-2-thread-5] DEBUG com.intuit.karate - response time in milliseconds: 2130.49
1 < 200
1 < Cache-Control: no-cache, no-store, must-revalidate
1 < Connection: keep-alive
1 < Content-Length: 486
1 < Content-Type: text/xml;charset=UTF-8
1 < Date: Mon, 13 Sep 2021 15:42:18 GMT
1 < Expires: 0
1 < Pragma: no-cache
1 < Server: WildFly/10
1 < Set-Cookie: [AWSALBTG=GDqHRpGxXi1FnhDpl+cJ0GJ53CYcX6b9ue19bIS1sZs1f3ZWIIO73noQtivMtiTeD69h3nWmzPciDwmN8n0vWa4leN8IIzZp71A0U28sR5H0sOd/PWaZDC73vSjUa+2qkqtIpqJhlTy4KyX9mHLF37SvS5mFvrYwn3emdD2xmOJc; Expires=Mon, 20 Sep 2021 15:42:18 GMT; Path=/, AWSALBTGCORS=GDqHRpGxXi1FnhDpl+cJ0GJ53CYcX6b9ue19bIS1sZs1f3ZWIIO73noQtivMtiTeD69h3nWmzPciDwmN8n0vWa4leN8IIzZp71A0U28sR5H0sOd/PWaZDC73vSjUa+2qkqtIpqJhlTy4KyX9mHLF37SvS5mFvrYwn3emdD2xmOJc; Expires=Mon, 20 Sep 2021 15:42:18 GMT; Path=/; SameSite=None; Secure]
1 < X-Powered-By: Undertow/1
<soap:Envelope xmlns:soap="http://schemas.xmlsoap.org/soap/envelope/"><SOAP-ENV:Header xmlns:SOAP-ENV="http://schemas.xmlsoap.org/soap/envelope/"/><soap:Body><ns2:updateSetPointResponse xmlns:ns2="http://service.jbossws.webservices.celtrak.com/"><requestReference><customerId>4560BD5E-BD7B-42B0-8DCB-627EB8454C72</customerId><requestIdentifier>q3468084</requestIdentifier><vehicleId>Bluebox India 2</vehicleId></requestReference></ns2:updateSetPointResponse></soap:Body></soap:Envelope>

21:12:18.805 [pool-2-thread-5] INFO com.intuit.karate - [print] <soap:Envelope xmlns:soap="http://schemas.xmlsoap.org/soap/envelope/">
  <SOAP-ENV:Header xmlns:SOAP-ENV="http://schemas.xmlsoap.org/soap/envelope/"/>
  <soap:Body>
    <ns2:updateSetPointResponse xmlns:ns2="http://service.jbossws.webservices.celtrak.com/">
      <requestReference>
        <customerId>4560BD5E-BD7B-42B0-8DCB-627EB8454C72</customerId>
        <requestIdentifier>q3468084</requestIdentifier>
        <vehicleId>Bluebox India 2</vehicleId>
      </requestReference>
    </ns2:updateSetPointResponse>
  </soap:Body>
</soap:Envelope>

21:12:18.931 [pool-2-thread-3] INFO com.intuit.karate - [print] 
21:12:18.940 [pool-2-thread-3] DEBUG com.jayway.jsonpath.internal.path.CompiledPath - Evaluating path: $
21:12:18.945 [pool-2-thread-3] DEBUG com.jayway.jsonpath.internal.path.CompiledPath - Evaluating path: $
21:12:18.950 [pool-2-thread-3] DEBUG com.jayway.jsonpath.internal.path.CompiledPath - Evaluating path: $
21:12:18.953 [pool-2-thread-3] DEBUG org.apache.http.client.protocol.RequestAddCookies - CookieSpec selected: karate
21:12:18.953 [pool-2-thread-3] DEBUG org.apache.http.client.protocol.RequestAuthCache - Auth cache not set in the context
21:12:18.954 [pool-2-thread-3] DEBUG com.intuit.karate - request:
1 > POST https://restdev1.tracking.thermoking.com/connected-solutions/GetCarrierVehicleList/?externalCarrierId=52D0B083-E9B7-47F6-9BAA-D22951DD1E50
1 > Accept-Encoding: gzip,deflate
1 > Connection: Keep-Alive
1 > Content-Length: 72
1 > Content-Type: application/json; charset=UTF-8
1 > Host: restdev1.tracking.thermoking.com
1 > User-Agent: Apache-HttpClient/4.5.11 (Java/1.8.0_121)
1 > X-External-ID: 5-UUvQsTkfI
1 > X-OAUTH2-Token: eyJhbGciOiJIUzUxMiJ9.eyJpc3MiOiJDb25uZWN0ZWQgU29sdXRpb25zIiwiZXhwIjoxNjMxNzE2MTgzLCJqdGkiOiI1LVVVdlFzVGtmSSJ9.erDSc-omH9mTT8IE1Ja3vjLmO0t8HiMqg6xG0Z00LFpSUHQzhf9Sc6ynuDPCcPK0U8rrwHF9zVPQibHhV-uOTw
{"userName":"webservice.usertp01@demosystem.com","password":"Pass@1234"}

21:12:18.954 [pool-2-thread-3] DEBUG org.apache.http.impl.conn.PoolingHttpClientConnectionManager - Connection request: [route: {s}->https://restdev1.tracking.thermoking.com:443][total available: 0; route allocated: 0 of 5; total allocated: 0 of 10]
21:12:18.954 [pool-2-thread-3] DEBUG org.apache.http.impl.conn.PoolingHttpClientConnectionManager - Connection leased: [id: 4][route: {s}->https://restdev1.tracking.thermoking.com:443][total available: 0; route allocated: 1 of 5; total allocated: 1 of 10]
21:12:18.955 [pool-2-thread-3] DEBUG org.apache.http.impl.execchain.MainClientExec - Opening connection {s}->https://restdev1.tracking.thermoking.com:443
21:12:18.955 [pool-2-thread-3] DEBUG org.apache.http.impl.conn.DefaultHttpClientConnectionOperator - Connecting to restdev1.tracking.thermoking.com/34.199.242.204:443
21:12:18.955 [pool-2-thread-3] DEBUG org.apache.http.conn.ssl.LenientSslConnectionSocketFactory - Connecting socket to restdev1.tracking.thermoking.com/34.199.242.204:443 with timeout 30000
21:12:18.980 [pool-2-thread-5] INFO com.intuit.karate - [print] q3468084
21:12:18.981 [pool-2-thread-5] DEBUG com.jayway.jsonpath.internal.path.CompiledPath - Evaluating path: $
21:12:18.985 [pool-2-thread-5] DEBUG com.jayway.jsonpath.internal.path.CompiledPath - Evaluating path: $['requestIdentifier']
21:12:18.986 [pool-2-thread-5] DEBUG com.jayway.jsonpath.internal.JsonContext - Set path $['requestIdentifier'] new value q3468084
21:12:18.996 [pool-2-thread-5] DEBUG com.jayway.jsonpath.internal.path.CompiledPath - Evaluating path: $
21:12:19.001 [pool-2-thread-5] INFO com.intuit.karate - scenario called at line: 21 by tag: @requestStatus
21:12:19.007 [pool-2-thread-5] DEBUG com.jayway.jsonpath.internal.path.CompiledPath - Evaluating path: $
21:12:19.007 [pool-2-thread-5] DEBUG com.jayway.jsonpath.internal.path.CompiledPath - Evaluating path: $
21:12:19.010 [pool-2-thread-5] DEBUG com.jayway.jsonpath.internal.path.CompiledPath - Evaluating path: $
21:12:19.057 [pool-2-thread-1] DEBUG org.apache.http.conn.ssl.LenientSslConnectionSocketFactory - Enabled protocols: [TLSv1, TLSv1.1, TLSv1.2]
21:12:19.057 [pool-2-thread-1] DEBUG org.apache.http.conn.ssl.LenientSslConnectionSocketFactory - Enabled cipher suites:[TLS_ECDHE_ECDSA_WITH_AES_128_CBC_SHA256, TLS_ECDHE_RSA_WITH_AES_128_CBC_SHA256, TLS_RSA_WITH_AES_128_CBC_SHA256, TLS_ECDH_ECDSA_WITH_AES_128_CBC_SHA256, TLS_ECDH_RSA_WITH_AES_128_CBC_SHA256, TLS_DHE_RSA_WITH_AES_128_CBC_SHA256, TLS_DHE_DSS_WITH_AES_128_CBC_SHA256, TLS_ECDHE_ECDSA_WITH_AES_128_CBC_SHA, TLS_ECDHE_RSA_WITH_AES_128_CBC_SHA, TLS_RSA_WITH_AES_128_CBC_SHA, TLS_ECDH_ECDSA_WITH_AES_128_CBC_SHA, TLS_ECDH_RSA_WITH_AES_128_CBC_SHA, TLS_DHE_RSA_WITH_AES_128_CBC_SHA, TLS_DHE_DSS_WITH_AES_128_CBC_SHA, TLS_ECDHE_ECDSA_WITH_AES_128_GCM_SHA256, TLS_ECDHE_RSA_WITH_AES_128_GCM_SHA256, TLS_RSA_WITH_AES_128_GCM_SHA256, TLS_ECDH_ECDSA_WITH_AES_128_GCM_SHA256, TLS_ECDH_RSA_WITH_AES_128_GCM_SHA256, TLS_DHE_RSA_WITH_AES_128_GCM_SHA256, TLS_DHE_DSS_WITH_AES_128_GCM_SHA256, TLS_EMPTY_RENEGOTIATION_INFO_SCSV]
21:12:19.058 [pool-2-thread-1] DEBUG org.apache.http.conn.ssl.LenientSslConnectionSocketFactory - Starting handshake
21:12:19.254 [pool-2-thread-3] DEBUG org.apache.http.conn.ssl.LenientSslConnectionSocketFactory - Enabled protocols: [TLSv1, TLSv1.1, TLSv1.2]
21:12:19.254 [pool-2-thread-3] DEBUG org.apache.http.conn.ssl.LenientSslConnectionSocketFactory - Enabled cipher suites:[TLS_ECDHE_ECDSA_WITH_AES_128_CBC_SHA256, TLS_ECDHE_RSA_WITH_AES_128_CBC_SHA256, TLS_RSA_WITH_AES_128_CBC_SHA256, TLS_ECDH_ECDSA_WITH_AES_128_CBC_SHA256, TLS_ECDH_RSA_WITH_AES_128_CBC_SHA256, TLS_DHE_RSA_WITH_AES_128_CBC_SHA256, TLS_DHE_DSS_WITH_AES_128_CBC_SHA256, TLS_ECDHE_ECDSA_WITH_AES_128_CBC_SHA, TLS_ECDHE_RSA_WITH_AES_128_CBC_SHA, TLS_RSA_WITH_AES_128_CBC_SHA, TLS_ECDH_ECDSA_WITH_AES_128_CBC_SHA, TLS_ECDH_RSA_WITH_AES_128_CBC_SHA, TLS_DHE_RSA_WITH_AES_128_CBC_SHA, TLS_DHE_DSS_WITH_AES_128_CBC_SHA, TLS_ECDHE_ECDSA_WITH_AES_128_GCM_SHA256, TLS_ECDHE_RSA_WITH_AES_128_GCM_SHA256, TLS_RSA_WITH_AES_128_GCM_SHA256, TLS_ECDH_ECDSA_WITH_AES_128_GCM_SHA256, TLS_ECDH_RSA_WITH_AES_128_GCM_SHA256, TLS_DHE_RSA_WITH_AES_128_GCM_SHA256, TLS_DHE_DSS_WITH_AES_128_GCM_SHA256, TLS_EMPTY_RENEGOTIATION_INFO_SCSV]
21:12:19.254 [pool-2-thread-3] DEBUG org.apache.http.conn.ssl.LenientSslConnectionSocketFactory - Starting handshake
21:12:19.683 [pool-2-thread-1] DEBUG org.apache.http.conn.ssl.LenientSslConnectionSocketFactory - Secure session established
21:12:19.683 [pool-2-thread-1] DEBUG org.apache.http.conn.ssl.LenientSslConnectionSocketFactory -  negotiated protocol: TLSv1.2
21:12:19.683 [pool-2-thread-1] DEBUG org.apache.http.conn.ssl.LenientSslConnectionSocketFactory -  negotiated cipher suite: TLS_ECDHE_RSA_WITH_AES_128_GCM_SHA256
21:12:19.683 [pool-2-thread-1] DEBUG org.apache.http.conn.ssl.LenientSslConnectionSocketFactory -  peer principal: CN=*.tracking.thermoking.com
21:12:19.684 [pool-2-thread-1] DEBUG org.apache.http.conn.ssl.LenientSslConnectionSocketFactory -  peer alternative names: [*.tracking.thermoking.com]
21:12:19.684 [pool-2-thread-1] DEBUG org.apache.http.conn.ssl.LenientSslConnectionSocketFactory -  issuer principal: CN=Amazon, OU=Server CA 1B, O=Amazon, C=US
21:12:19.684 [pool-2-thread-1] DEBUG org.apache.http.impl.conn.DefaultHttpClientConnectionOperator - Connection established 10.200.54.16:55555<->34.199.242.204:443
21:12:19.684 [pool-2-thread-1] DEBUG org.apache.http.impl.conn.DefaultManagedHttpClientConnection - http-outgoing-3: set socket timeout to 30000
21:12:19.685 [pool-2-thread-1] DEBUG org.apache.http.impl.execchain.MainClientExec - Executing request POST /connected-solutions/updateSetPoint/?vehicles=Test+Vehicle+1&zone=1&setpoint=2 HTTP/1.1
21:12:19.685 [pool-2-thread-1] DEBUG org.apache.http.impl.execchain.MainClientExec - Target auth state: UNCHALLENGED
21:12:19.685 [pool-2-thread-1] DEBUG org.apache.http.impl.execchain.MainClientExec - Proxy auth state: UNCHALLENGED
21:12:19.686 [pool-2-thread-1] DEBUG org.apache.http.headers - http-outgoing-3 >> POST /connected-solutions/updateSetPoint/?vehicles=Test+Vehicle+1&zone=1&setpoint=2 HTTP/1.1
21:12:19.686 [pool-2-thread-1] DEBUG org.apache.http.headers - http-outgoing-3 >> X-OAUTH2-Token: eyJhbGciOiJIUzUxMiJ9.eyJpc3MiOiJDb25uZWN0ZWQgU29sdXRpb25zIiwiZXhwIjoxNjMxNzE2NjAwLCJqdGkiOiIwQzdGRkI4RS1CRTlELTRCNTEtOEQ2MS1DQTEwQkY0NTAzQzQifQ.yFt02SzWCF0E47cq1Oug1tm767-L1wmWV0K3WaCKbTkbzN2y0QsucU8Cb9c6Z4WmEZh4x0jper3xbX9ImMWi9w
21:12:19.686 [pool-2-thread-1] DEBUG org.apache.http.headers - http-outgoing-3 >> X-External-ID: 0C7FFB8E-BE9D-4B51-8D61-CA10BF4503C4
21:12:19.686 [pool-2-thread-1] DEBUG org.apache.http.headers - http-outgoing-3 >> Content-Type: application/json; charset=UTF-8
21:12:19.687 [pool-2-thread-1] DEBUG org.apache.http.headers - http-outgoing-3 >> Content-Length: 68
21:12:19.687 [pool-2-thread-1] DEBUG org.apache.http.headers - http-outgoing-3 >> Host: restdev1.tracking.thermoking.com
21:12:19.687 [pool-2-thread-1] DEBUG org.apache.http.headers - http-outgoing-3 >> Connection: Keep-Alive
21:12:19.687 [pool-2-thread-1] DEBUG org.apache.http.headers - http-outgoing-3 >> User-Agent: Apache-HttpClient/4.5.11 (Java/1.8.0_121)
21:12:19.687 [pool-2-thread-1] DEBUG org.apache.http.headers - http-outgoing-3 >> Accept-Encoding: gzip,deflate
21:12:19.688 [pool-2-thread-1] DEBUG org.apache.http.wire - http-outgoing-3 >> "POST /connected-solutions/updateSetPoint/?vehicles=Test+Vehicle+1&zone=1&setpoint=2 HTTP/1.1[\r][\n]"
21:12:19.688 [pool-2-thread-1] DEBUG org.apache.http.wire - http-outgoing-3 >> "X-OAUTH2-Token: eyJhbGciOiJIUzUxMiJ9.eyJpc3MiOiJDb25uZWN0ZWQgU29sdXRpb25zIiwiZXhwIjoxNjMxNzE2NjAwLCJqdGkiOiIwQzdGRkI4RS1CRTlELTRCNTEtOEQ2MS1DQTEwQkY0NTAzQzQifQ.yFt02SzWCF0E47cq1Oug1tm767-L1wmWV0K3WaCKbTkbzN2y0QsucU8Cb9c6Z4WmEZh4x0jper3xbX9ImMWi9w[\r][\n]"
21:12:19.688 [pool-2-thread-1] DEBUG org.apache.http.wire - http-outgoing-3 >> "X-External-ID: 0C7FFB8E-BE9D-4B51-8D61-CA10BF4503C4[\r][\n]"
21:12:19.689 [pool-2-thread-1] DEBUG org.apache.http.wire - http-outgoing-3 >> "Content-Type: application/json; charset=UTF-8[\r][\n]"
21:12:19.689 [pool-2-thread-1] DEBUG org.apache.http.wire - http-outgoing-3 >> "Content-Length: 68[\r][\n]"
21:12:19.689 [pool-2-thread-1] DEBUG org.apache.http.wire - http-outgoing-3 >> "Host: restdev1.tracking.thermoking.com[\r][\n]"
21:12:19.689 [pool-2-thread-1] DEBUG org.apache.http.wire - http-outgoing-3 >> "Connection: Keep-Alive[\r][\n]"
21:12:19.689 [pool-2-thread-1] DEBUG org.apache.http.wire - http-outgoing-3 >> "User-Agent: Apache-HttpClient/4.5.11 (Java/1.8.0_121)[\r][\n]"
21:12:19.690 [pool-2-thread-1] DEBUG org.apache.http.wire - http-outgoing-3 >> "Accept-Encoding: gzip,deflate[\r][\n]"
21:12:19.690 [pool-2-thread-1] DEBUG org.apache.http.wire - http-outgoing-3 >> "[\r][\n]"
21:12:19.690 [pool-2-thread-1] DEBUG org.apache.http.wire - http-outgoing-3 >> "{"userName":"webservice.user214@MISSING.COM","password":"Pass@1234"}"
21:12:19.920 [pool-2-thread-3] DEBUG org.apache.http.conn.ssl.LenientSslConnectionSocketFactory - Secure session established
21:12:19.920 [pool-2-thread-3] DEBUG org.apache.http.conn.ssl.LenientSslConnectionSocketFactory -  negotiated protocol: TLSv1.2
21:12:19.921 [pool-2-thread-3] DEBUG org.apache.http.conn.ssl.LenientSslConnectionSocketFactory -  negotiated cipher suite: TLS_ECDHE_RSA_WITH_AES_128_GCM_SHA256
21:12:19.921 [pool-2-thread-3] DEBUG org.apache.http.conn.ssl.LenientSslConnectionSocketFactory -  peer principal: CN=*.tracking.thermoking.com
21:12:19.921 [pool-2-thread-3] DEBUG org.apache.http.conn.ssl.LenientSslConnectionSocketFactory -  peer alternative names: [*.tracking.thermoking.com]
21:12:19.921 [pool-2-thread-3] DEBUG org.apache.http.conn.ssl.LenientSslConnectionSocketFactory -  issuer principal: CN=Amazon, OU=Server CA 1B, O=Amazon, C=US
21:12:19.921 [pool-2-thread-3] DEBUG org.apache.http.impl.conn.DefaultHttpClientConnectionOperator - Connection established 10.200.54.16:64390<->34.199.242.204:443
21:12:19.921 [pool-2-thread-3] DEBUG org.apache.http.impl.conn.DefaultManagedHttpClientConnection - http-outgoing-4: set socket timeout to 30000
21:12:19.921 [pool-2-thread-3] DEBUG org.apache.http.impl.execchain.MainClientExec - Executing request POST /connected-solutions/GetCarrierVehicleList/?externalCarrierId=52D0B083-E9B7-47F6-9BAA-D22951DD1E50 HTTP/1.1
21:12:19.921 [pool-2-thread-3] DEBUG org.apache.http.impl.execchain.MainClientExec - Target auth state: UNCHALLENGED
21:12:19.921 [pool-2-thread-3] DEBUG org.apache.http.impl.execchain.MainClientExec - Proxy auth state: UNCHALLENGED
21:12:19.921 [pool-2-thread-3] DEBUG org.apache.http.headers - http-outgoing-4 >> POST /connected-solutions/GetCarrierVehicleList/?externalCarrierId=52D0B083-E9B7-47F6-9BAA-D22951DD1E50 HTTP/1.1
21:12:19.921 [pool-2-thread-3] DEBUG org.apache.http.headers - http-outgoing-4 >> X-OAUTH2-Token: eyJhbGciOiJIUzUxMiJ9.eyJpc3MiOiJDb25uZWN0ZWQgU29sdXRpb25zIiwiZXhwIjoxNjMxNzE2MTgzLCJqdGkiOiI1LVVVdlFzVGtmSSJ9.erDSc-omH9mTT8IE1Ja3vjLmO0t8HiMqg6xG0Z00LFpSUHQzhf9Sc6ynuDPCcPK0U8rrwHF9zVPQibHhV-uOTw
21:12:19.921 [pool-2-thread-3] DEBUG org.apache.http.headers - http-outgoing-4 >> X-External-ID: 5-UUvQsTkfI
21:12:19.921 [pool-2-thread-3] DEBUG org.apache.http.headers - http-outgoing-4 >> Content-Type: application/json; charset=UTF-8
21:12:19.921 [pool-2-thread-3] DEBUG org.apache.http.headers - http-outgoing-4 >> Content-Length: 72
21:12:19.922 [pool-2-thread-3] DEBUG org.apache.http.headers - http-outgoing-4 >> Host: restdev1.tracking.thermoking.com
21:12:19.922 [pool-2-thread-3] DEBUG org.apache.http.headers - http-outgoing-4 >> Connection: Keep-Alive
21:12:19.922 [pool-2-thread-3] DEBUG org.apache.http.headers - http-outgoing-4 >> User-Agent: Apache-HttpClient/4.5.11 (Java/1.8.0_121)
21:12:19.922 [pool-2-thread-3] DEBUG org.apache.http.headers - http-outgoing-4 >> Accept-Encoding: gzip,deflate
21:12:19.922 [pool-2-thread-3] DEBUG org.apache.http.wire - http-outgoing-4 >> "POST /connected-solutions/GetCarrierVehicleList/?externalCarrierId=52D0B083-E9B7-47F6-9BAA-D22951DD1E50 HTTP/1.1[\r][\n]"
21:12:19.922 [pool-2-thread-3] DEBUG org.apache.http.wire - http-outgoing-4 >> "X-OAUTH2-Token: eyJhbGciOiJIUzUxMiJ9.eyJpc3MiOiJDb25uZWN0ZWQgU29sdXRpb25zIiwiZXhwIjoxNjMxNzE2MTgzLCJqdGkiOiI1LVVVdlFzVGtmSSJ9.erDSc-omH9mTT8IE1Ja3vjLmO0t8HiMqg6xG0Z00LFpSUHQzhf9Sc6ynuDPCcPK0U8rrwHF9zVPQibHhV-uOTw[\r][\n]"
21:12:19.922 [pool-2-thread-3] DEBUG org.apache.http.wire - http-outgoing-4 >> "X-External-ID: 5-UUvQsTkfI[\r][\n]"
21:12:19.922 [pool-2-thread-3] DEBUG org.apache.http.wire - http-outgoing-4 >> "Content-Type: application/json; charset=UTF-8[\r][\n]"
21:12:19.923 [pool-2-thread-3] DEBUG org.apache.http.wire - http-outgoing-4 >> "Content-Length: 72[\r][\n]"
21:12:19.923 [pool-2-thread-3] DEBUG org.apache.http.wire - http-outgoing-4 >> "Host: restdev1.tracking.thermoking.com[\r][\n]"
21:12:19.923 [pool-2-thread-3] DEBUG org.apache.http.wire - http-outgoing-4 >> "Connection: Keep-Alive[\r][\n]"
21:12:19.923 [pool-2-thread-3] DEBUG org.apache.http.wire - http-outgoing-4 >> "User-Agent: Apache-HttpClient/4.5.11 (Java/1.8.0_121)[\r][\n]"
21:12:19.923 [pool-2-thread-3] DEBUG org.apache.http.wire - http-outgoing-4 >> "Accept-Encoding: gzip,deflate[\r][\n]"
21:12:19.923 [pool-2-thread-3] DEBUG org.apache.http.wire - http-outgoing-4 >> "[\r][\n]"
21:12:19.923 [pool-2-thread-3] DEBUG org.apache.http.wire - http-outgoing-4 >> "{"userName":"webservice.usertp01@demosystem.com","password":"Pass@1234"}"
21:12:20.258 [pool-2-thread-3] DEBUG org.apache.http.wire - http-outgoing-4 << "HTTP/1.1 401 [\r][\n]"
21:12:20.258 [pool-2-thread-3] DEBUG org.apache.http.wire - http-outgoing-4 << "Date: Mon, 13 Sep 2021 15:42:20 GMT[\r][\n]"
21:12:20.259 [pool-2-thread-3] DEBUG org.apache.http.wire - http-outgoing-4 << "Content-Type: application/json;charset=UTF-8[\r][\n]"
21:12:20.259 [pool-2-thread-3] DEBUG org.apache.http.wire - http-outgoing-4 << "Transfer-Encoding: chunked[\r][\n]"
21:12:20.259 [pool-2-thread-3] DEBUG org.apache.http.wire - http-outgoing-4 << "Connection: keep-alive[\r][\n]"
21:12:20.259 [pool-2-thread-3] DEBUG org.apache.http.wire - http-outgoing-4 << "Set-Cookie: AWSALB=lNJJhqybOcas7IRHA/XhQusse9P4qDehedKizSFuriC2vj15y4lxfx5bFbbxpar71BfEJlqHDdFxDyjI60o+4WQ/ZDY+mBCbIw/xNZIQ7C9AqcHGvBc4b3IFbvRQ; Expires=Mon, 20 Sep 2021 15:42:20 GMT; Path=/[\r][\n]"
21:12:20.260 [pool-2-thread-3] DEBUG org.apache.http.wire - http-outgoing-4 << "Set-Cookie: AWSALBCORS=lNJJhqybOcas7IRHA/XhQusse9P4qDehedKizSFuriC2vj15y4lxfx5bFbbxpar71BfEJlqHDdFxDyjI60o+4WQ/ZDY+mBCbIw/xNZIQ7C9AqcHGvBc4b3IFbvRQ; Expires=Mon, 20 Sep 2021 15:42:20 GMT; Path=/; SameSite=None; Secure[\r][\n]"
21:12:20.260 [pool-2-thread-3] DEBUG org.apache.http.wire - http-outgoing-4 << "X-Content-Type-Options: nosniff[\r][\n]"
21:12:20.260 [pool-2-thread-3] DEBUG org.apache.http.wire - http-outgoing-4 << "X-XSS-Protection: 1; mode=block[\r][\n]"
21:12:20.260 [pool-2-thread-3] DEBUG org.apache.http.wire - http-outgoing-4 << "Cache-Control: no-cache, no-store, max-age=0, must-revalidate[\r][\n]"
21:12:20.260 [pool-2-thread-3] DEBUG org.apache.http.wire - http-outgoing-4 << "Pragma: no-cache[\r][\n]"
21:12:20.260 [pool-2-thread-3] DEBUG org.apache.http.wire - http-outgoing-4 << "Expires: 0[\r][\n]"
21:12:20.261 [pool-2-thread-3] DEBUG org.apache.http.wire - http-outgoing-4 << "X-Frame-Options: DENY[\r][\n]"
21:12:20.261 [pool-2-thread-3] DEBUG org.apache.http.wire - http-outgoing-4 << "[\r][\n]"
21:12:20.261 [pool-2-thread-3] DEBUG org.apache.http.wire - http-outgoing-4 << "ad[\r][\n]"
21:12:20.261 [pool-2-thread-3] DEBUG org.apache.http.wire - http-outgoing-4 << "{"timestamp":"2021-09-13T15:42:20.128+0000","status":401,"error":"Unauthorized","message":"Invalid Carrier External Id","path":"/connected-solutions/GetCarrierVehicleList/"}[\r][\n]"
21:12:20.262 [pool-2-thread-3] DEBUG org.apache.http.headers - http-outgoing-4 << HTTP/1.1 401 
21:12:20.262 [pool-2-thread-3] DEBUG org.apache.http.headers - http-outgoing-4 << Date: Mon, 13 Sep 2021 15:42:20 GMT
21:12:20.262 [pool-2-thread-3] DEBUG org.apache.http.headers - http-outgoing-4 << Content-Type: application/json;charset=UTF-8
21:12:20.262 [pool-2-thread-3] DEBUG org.apache.http.headers - http-outgoing-4 << Transfer-Encoding: chunked
21:12:20.262 [pool-2-thread-3] DEBUG org.apache.http.headers - http-outgoing-4 << Connection: keep-alive
21:12:20.262 [pool-2-thread-3] DEBUG org.apache.http.headers - http-outgoing-4 << Set-Cookie: AWSALB=lNJJhqybOcas7IRHA/XhQusse9P4qDehedKizSFuriC2vj15y4lxfx5bFbbxpar71BfEJlqHDdFxDyjI60o+4WQ/ZDY+mBCbIw/xNZIQ7C9AqcHGvBc4b3IFbvRQ; Expires=Mon, 20 Sep 2021 15:42:20 GMT; Path=/
21:12:20.262 [pool-2-thread-3] DEBUG org.apache.http.headers - http-outgoing-4 << Set-Cookie: AWSALBCORS=lNJJhqybOcas7IRHA/XhQusse9P4qDehedKizSFuriC2vj15y4lxfx5bFbbxpar71BfEJlqHDdFxDyjI60o+4WQ/ZDY+mBCbIw/xNZIQ7C9AqcHGvBc4b3IFbvRQ; Expires=Mon, 20 Sep 2021 15:42:20 GMT; Path=/; SameSite=None; Secure
21:12:20.263 [pool-2-thread-3] DEBUG org.apache.http.headers - http-outgoing-4 << X-Content-Type-Options: nosniff
21:12:20.263 [pool-2-thread-3] DEBUG org.apache.http.headers - http-outgoing-4 << X-XSS-Protection: 1; mode=block
21:12:20.263 [pool-2-thread-3] DEBUG org.apache.http.headers - http-outgoing-4 << Cache-Control: no-cache, no-store, max-age=0, must-revalidate
21:12:20.263 [pool-2-thread-3] DEBUG org.apache.http.headers - http-outgoing-4 << Pragma: no-cache
21:12:20.263 [pool-2-thread-3] DEBUG org.apache.http.headers - http-outgoing-4 << Expires: 0
21:12:20.263 [pool-2-thread-3] DEBUG org.apache.http.headers - http-outgoing-4 << X-Frame-Options: DENY
21:12:20.264 [pool-2-thread-3] DEBUG org.apache.http.impl.execchain.MainClientExec - Connection can be kept alive indefinitely
21:12:20.264 [pool-2-thread-3] DEBUG org.apache.http.impl.auth.HttpAuthenticator - Authentication required
21:12:20.264 [pool-2-thread-3] DEBUG org.apache.http.impl.auth.HttpAuthenticator - restdev1.tracking.thermoking.com:443 requested authentication
21:12:20.265 [pool-2-thread-3] DEBUG org.apache.http.impl.auth.HttpAuthenticator - Response contains no authentication challenges
21:12:20.268 [pool-2-thread-3] DEBUG org.apache.http.client.protocol.ResponseProcessCookies - Cookie accepted [AWSALB="lNJJhqybOcas7IRHA/XhQusse9P4qDehedKizSFuriC2vj15y4lxfx5bFbbxpar71BfEJlqHDdFxDyjI60o+4WQ/ZDY+mBCbIw/x...", version:0, domain:restdev1.tracking.thermoking.com, path:/, expiry:Mon Sep 20 21:12:20 IST 2021]
21:12:20.271 [pool-2-thread-3] DEBUG org.apache.http.client.protocol.ResponseProcessCookies - Cookie accepted [AWSALBCORS="lNJJhqybOcas7IRHA/XhQusse9P4qDehedKizSFuriC2vj15y4lxfx5bFbbxpar71BfEJlqHDdFxDyjI60o+4WQ/ZDY+mBCbIw/x...", version:0, domain:restdev1.tracking.thermoking.com, path:/, expiry:Mon Sep 20 21:12:20 IST 2021]
21:12:20.273 [pool-2-thread-3] DEBUG org.apache.http.wire - http-outgoing-4 << "0[\r][\n]"
21:12:20.273 [pool-2-thread-3] DEBUG org.apache.http.wire - http-outgoing-4 << "[\r][\n]"
21:12:20.274 [pool-2-thread-3] DEBUG org.apache.http.impl.conn.PoolingHttpClientConnectionManager - Connection [id: 4][route: {s}->https://restdev1.tracking.thermoking.com:443] can be kept alive indefinitely
21:12:20.274 [pool-2-thread-3] DEBUG org.apache.http.impl.conn.DefaultManagedHttpClientConnection - http-outgoing-4: set socket timeout to 0
21:12:20.275 [pool-2-thread-3] DEBUG org.apache.http.impl.conn.PoolingHttpClientConnectionManager - Connection released: [id: 4][route: {s}->https://restdev1.tracking.thermoking.com:443][total available: 1; route allocated: 1 of 5; total allocated: 1 of 10]
21:12:20.275 [pool-2-thread-3] DEBUG com.intuit.karate - response time in milliseconds: 1316.61
1 < 401
1 < Cache-Control: no-cache, no-store, max-age=0, must-revalidate
1 < Connection: keep-alive
1 < Content-Type: application/json;charset=UTF-8
1 < Date: Mon, 13 Sep 2021 15:42:20 GMT
1 < Expires: 0
1 < Pragma: no-cache
1 < Set-Cookie: [AWSALB=lNJJhqybOcas7IRHA/XhQusse9P4qDehedKizSFuriC2vj15y4lxfx5bFbbxpar71BfEJlqHDdFxDyjI60o+4WQ/ZDY+mBCbIw/xNZIQ7C9AqcHGvBc4b3IFbvRQ; Expires=Mon, 20 Sep 2021 15:42:20 GMT; Path=/, AWSALBCORS=lNJJhqybOcas7IRHA/XhQusse9P4qDehedKizSFuriC2vj15y4lxfx5bFbbxpar71BfEJlqHDdFxDyjI60o+4WQ/ZDY+mBCbIw/xNZIQ7C9AqcHGvBc4b3IFbvRQ; Expires=Mon, 20 Sep 2021 15:42:20 GMT; Path=/; SameSite=None; Secure]
1 < Transfer-Encoding: chunked
1 < X-Content-Type-Options: nosniff
1 < X-Frame-Options: DENY
1 < X-XSS-Protection: 1; mode=block
{"timestamp":"2021-09-13T15:42:20.128+0000","status":401,"error":"Unauthorized","message":"Invalid Carrier External Id","path":"/connected-solutions/GetCarrierVehicleList/"}

21:12:20.279 [pool-2-thread-3] ERROR com.intuit.karate - status code was: 401, expected: 200, response time: 1317, url: https://restdev1.tracking.thermoking.com/connected-solutions/GetCarrierVehicleList/?externalCarrierId=52D0B083-E9B7-47F6-9BAA-D22951DD1E50, response: {"path":"/connected-solutions/GetCarrierVehicleList/","error":"Unauthorized","message":"Invalid Carrier External Id","timestamp":"2021-09-13T15:42:20.128+0000","status":401}
21:12:20.357 [pool-2-thread-3] WARN com.intuit.karate - skipping bootstrap configuration: could not find or read file: classpath:karate-config.js
21:12:20.369 [pool-2-thread-3] DEBUG com.jayway.jsonpath.internal.path.CompiledPath - Evaluating path: $
21:12:20.372 [pool-2-thread-3] INFO com.intuit.karate - [print] eyJhbGciOiJIUzUxMiJ9.eyJpc3MiOiJDb25uZWN0ZWQgU29sdXRpb25zIiwiZXhwIjoxNjMxNzE2MTgzLCJqdGkiOiI1LVVVdlFzVGtmSSJ9.erDSc-omH9mTT8IE1Ja3vjLmO0t8HiMqg6xG0Z00LFpSUHQzhf9Sc6ynuDPCcPK0U8rrwHF9zVPQibHhV-uOTw
21:12:20.372 [pool-2-thread-3] INFO com.intuit.karate - [print] eyJhbGciOiJIUzUxMiJ9.eyJpc3MiOiJDb25uZWN0ZWQgU29sdXRpb25zIiwiZXhwIjoxNjMxNzE2MTgzLCJqdGkiOiI1LVVVdlFzVGtmSSJ9.erDSc-omH9mTT8IE1Ja3vjLmO0t8HiMqg6xG0Z00LFpSUHQzhf9Sc6ynuDPCcPK0U8rrwHF9zVPQibHhV-uOTw
21:12:20.408 [pool-2-thread-3] DEBUG com.jayway.jsonpath.internal.path.CompiledPath - Evaluating path: $
21:12:20.410 [pool-2-thread-3] DEBUG com.jayway.jsonpath.internal.path.CompiledPath - Evaluating path: $
21:12:20.414 [pool-2-thread-3] DEBUG com.jayway.jsonpath.internal.path.CompiledPath - Evaluating path: $
21:12:20.417 [pool-2-thread-3] DEBUG org.apache.http.client.protocol.RequestAddCookies - CookieSpec selected: karate
21:12:20.418 [pool-2-thread-3] DEBUG org.apache.http.client.protocol.RequestAuthCache - Auth cache not set in the context
21:12:20.418 [pool-2-thread-3] DEBUG com.intuit.karate - request:
1 > POST https://restdev1.tracking.thermoking.com/connected-solutions/StartTrip/?externalCarrierId=52D0B083-E9B7-47F6-9BAA-D22951DD1E50&vehicleExtId=1100295&scheduledStartTime=2021-05-19+09%3A00%3A00&scheduledDeliveryTime=2021-05-19+09%3A00%3A00&commodity=
1 > Accept-Encoding: gzip,deflate
1 > Connection: Keep-Alive
1 > Content-Length: 72
1 > Content-Type: application/json; charset=UTF-8
1 > Host: restdev1.tracking.thermoking.com
1 > User-Agent: Apache-HttpClient/4.5.11 (Java/1.8.0_121)
1 > X-External-ID: 5-UUvQsTkfI
1 > X-OAUTH2-Token: eyJhbGciOiJIUzUxMiJ9.eyJpc3MiOiJDb25uZWN0ZWQgU29sdXRpb25zIiwiZXhwIjoxNjMxNzE2MTgzLCJqdGkiOiI1LVVVdlFzVGtmSSJ9.erDSc-omH9mTT8IE1Ja3vjLmO0t8HiMqg6xG0Z00LFpSUHQzhf9Sc6ynuDPCcPK0U8rrwHF9zVPQibHhV-uOTw
{"userName":"webservice.usertp01@demosystem.com","password":"Pass@1234"}

21:12:20.418 [pool-2-thread-3] DEBUG org.apache.http.impl.conn.PoolingHttpClientConnectionManager - Connection request: [route: {s}->https://restdev1.tracking.thermoking.com:443][total available: 0; route allocated: 0 of 5; total allocated: 0 of 10]
21:12:20.419 [pool-2-thread-3] DEBUG org.apache.http.impl.conn.PoolingHttpClientConnectionManager - Connection leased: [id: 5][route: {s}->https://restdev1.tracking.thermoking.com:443][total available: 0; route allocated: 1 of 5; total allocated: 1 of 10]
21:12:20.419 [pool-2-thread-3] DEBUG org.apache.http.impl.execchain.MainClientExec - Opening connection {s}->https://restdev1.tracking.thermoking.com:443
21:12:20.419 [pool-2-thread-3] DEBUG org.apache.http.impl.conn.DefaultHttpClientConnectionOperator - Connecting to restdev1.tracking.thermoking.com/34.199.242.204:443
21:12:20.419 [pool-2-thread-3] DEBUG org.apache.http.conn.ssl.LenientSslConnectionSocketFactory - Connecting socket to restdev1.tracking.thermoking.com/34.199.242.204:443 with timeout 30000
21:12:20.717 [pool-2-thread-3] DEBUG org.apache.http.conn.ssl.LenientSslConnectionSocketFactory - Enabled protocols: [TLSv1, TLSv1.1, TLSv1.2]
21:12:20.718 [pool-2-thread-3] DEBUG org.apache.http.conn.ssl.LenientSslConnectionSocketFactory - Enabled cipher suites:[TLS_ECDHE_ECDSA_WITH_AES_128_CBC_SHA256, TLS_ECDHE_RSA_WITH_AES_128_CBC_SHA256, TLS_RSA_WITH_AES_128_CBC_SHA256, TLS_ECDH_ECDSA_WITH_AES_128_CBC_SHA256, TLS_ECDH_RSA_WITH_AES_128_CBC_SHA256, TLS_DHE_RSA_WITH_AES_128_CBC_SHA256, TLS_DHE_DSS_WITH_AES_128_CBC_SHA256, TLS_ECDHE_ECDSA_WITH_AES_128_CBC_SHA, TLS_ECDHE_RSA_WITH_AES_128_CBC_SHA, TLS_RSA_WITH_AES_128_CBC_SHA, TLS_ECDH_ECDSA_WITH_AES_128_CBC_SHA, TLS_ECDH_RSA_WITH_AES_128_CBC_SHA, TLS_DHE_RSA_WITH_AES_128_CBC_SHA, TLS_DHE_DSS_WITH_AES_128_CBC_SHA, TLS_ECDHE_ECDSA_WITH_AES_128_GCM_SHA256, TLS_ECDHE_RSA_WITH_AES_128_GCM_SHA256, TLS_RSA_WITH_AES_128_GCM_SHA256, TLS_ECDH_ECDSA_WITH_AES_128_GCM_SHA256, TLS_ECDH_RSA_WITH_AES_128_GCM_SHA256, TLS_DHE_RSA_WITH_AES_128_GCM_SHA256, TLS_DHE_DSS_WITH_AES_128_GCM_SHA256, TLS_EMPTY_RENEGOTIATION_INFO_SCSV]
21:12:20.718 [pool-2-thread-3] DEBUG org.apache.http.conn.ssl.LenientSslConnectionSocketFactory - Starting handshake
21:12:21.437 [pool-2-thread-1] DEBUG org.apache.http.wire - http-outgoing-3 << "HTTP/1.1 200 [\r][\n]"
21:12:21.437 [pool-2-thread-1] DEBUG org.apache.http.wire - http-outgoing-3 << "Date: Mon, 13 Sep 2021 15:42:21 GMT[\r][\n]"
21:12:21.437 [pool-2-thread-1] DEBUG org.apache.http.wire - http-outgoing-3 << "Content-Type: application/json;charset=UTF-8[\r][\n]"
21:12:21.437 [pool-2-thread-3] DEBUG org.apache.http.conn.ssl.LenientSslConnectionSocketFactory - Secure session established
21:12:21.437 [pool-2-thread-1] DEBUG org.apache.http.wire - http-outgoing-3 << "Transfer-Encoding: chunked[\r][\n]"
21:12:21.437 [pool-2-thread-1] DEBUG org.apache.http.wire - http-outgoing-3 << "Connection: keep-alive[\r][\n]"
21:12:21.437 [pool-2-thread-3] DEBUG org.apache.http.conn.ssl.LenientSslConnectionSocketFactory -  negotiated protocol: TLSv1.2
21:12:21.438 [pool-2-thread-1] DEBUG org.apache.http.wire - http-outgoing-3 << "Set-Cookie: AWSALB=oCzv+cdS4CgYM1I56+sfS2sBc+CLOxU5nLYY4grMdQpAI+NWF9KY+tMHNTR6bAV0lFwX5la4yUsgJj5v8K9q0v0hP077DLednu84vwWgd+X8E5P78EvA7kuIxyJY; Expires=Mon, 20 Sep 2021 15:42:19 GMT; Path=/[\r][\n]"
21:12:21.438 [pool-2-thread-3] DEBUG org.apache.http.conn.ssl.LenientSslConnectionSocketFactory -  negotiated cipher suite: TLS_ECDHE_RSA_WITH_AES_128_GCM_SHA256
21:12:21.438 [pool-2-thread-1] DEBUG org.apache.http.wire - http-outgoing-3 << "Set-Cookie: AWSALBCORS=oCzv+cdS4CgYM1I56+sfS2sBc+CLOxU5nLYY4grMdQpAI+NWF9KY+tMHNTR6bAV0lFwX5la4yUsgJj5v8K9q0v0hP077DLednu84vwWgd+X8E5P78EvA7kuIxyJY; Expires=Mon, 20 Sep 2021 15:42:19 GMT; Path=/; SameSite=None; Secure[\r][\n]"
21:12:21.438 [pool-2-thread-3] DEBUG org.apache.http.conn.ssl.LenientSslConnectionSocketFactory -  peer principal: CN=*.tracking.thermoking.com
21:12:21.438 [pool-2-thread-1] DEBUG org.apache.http.wire - http-outgoing-3 << "X-OAUTH2-Token: eyJhbGciOiJIUzUxMiJ9.eyJpc3MiOiJDb25uZWN0ZWQgU29sdXRpb25zIiwiZXhwIjoxNjMxNzE2NjAwLCJqdGkiOiIwQzdGRkI4RS1CRTlELTRCNTEtOEQ2MS1DQTEwQkY0NTAzQzQifQ.yFt02SzWCF0E47cq1Oug1tm767-L1wmWV0K3WaCKbTkbzN2y0QsucU8Cb9c6Z4WmEZh4x0jper3xbX9ImMWi9w[\r][\n]"
21:12:21.438 [pool-2-thread-3] DEBUG org.apache.http.conn.ssl.LenientSslConnectionSocketFactory -  peer alternative names: [*.tracking.thermoking.com]
21:12:21.438 [pool-2-thread-1] DEBUG org.apache.http.wire - http-outgoing-3 << "X-Content-Type-Options: nosniff[\r][\n]"
21:12:21.438 [pool-2-thread-3] DEBUG org.apache.http.conn.ssl.LenientSslConnectionSocketFactory -  issuer principal: CN=Amazon, OU=Server CA 1B, O=Amazon, C=US
21:12:21.439 [pool-2-thread-1] DEBUG org.apache.http.wire - http-outgoing-3 << "X-XSS-Protection: 1; mode=block[\r][\n]"
21:12:21.439 [pool-2-thread-1] DEBUG org.apache.http.wire - http-outgoing-3 << "Cache-Control: no-cache, no-store, max-age=0, must-revalidate[\r][\n]"
21:12:21.439 [pool-2-thread-3] DEBUG org.apache.http.impl.conn.DefaultHttpClientConnectionOperator - Connection established 10.200.54.16:63761<->34.199.242.204:443
21:12:21.439 [pool-2-thread-1] DEBUG org.apache.http.wire - http-outgoing-3 << "Pragma: no-cache[\r][\n]"
21:12:21.439 [pool-2-thread-3] DEBUG org.apache.http.impl.conn.DefaultManagedHttpClientConnection - http-outgoing-5: set socket timeout to 30000
21:12:21.439 [pool-2-thread-1] DEBUG org.apache.http.wire - http-outgoing-3 << "Expires: 0[\r][\n]"
21:12:21.439 [pool-2-thread-3] DEBUG org.apache.http.impl.execchain.MainClientExec - Executing request POST /connected-solutions/StartTrip/?externalCarrierId=52D0B083-E9B7-47F6-9BAA-D22951DD1E50&vehicleExtId=1100295&scheduledStartTime=2021-05-19+09%3A00%3A00&scheduledDeliveryTime=2021-05-19+09%3A00%3A00&commodity= HTTP/1.1
21:12:21.439 [pool-2-thread-1] DEBUG org.apache.http.wire - http-outgoing-3 << "X-Frame-Options: DENY[\r][\n]"
21:12:21.439 [pool-2-thread-3] DEBUG org.apache.http.impl.execchain.MainClientExec - Target auth state: UNCHALLENGED
21:12:21.439 [pool-2-thread-1] DEBUG org.apache.http.wire - http-outgoing-3 << "[\r][\n]"
21:12:21.440 [pool-2-thread-3] DEBUG org.apache.http.impl.execchain.MainClientExec - Proxy auth state: UNCHALLENGED
21:12:21.440 [pool-2-thread-1] DEBUG org.apache.http.wire - http-outgoing-3 << "81[\r][\n]"
21:12:21.441 [pool-2-thread-1] DEBUG org.apache.http.wire - http-outgoing-3 << "[{"customerId":"0C7FFB8E-BE9D-4B51-8D61-CA10BF4503C4","vehicleId":"Test Vehicle 1","requestIdentifier":"q3260690","profiles":[]}][\r][\n]"
21:12:21.441 [pool-2-thread-3] DEBUG org.apache.http.headers - http-outgoing-5 >> POST /connected-solutions/StartTrip/?externalCarrierId=52D0B083-E9B7-47F6-9BAA-D22951DD1E50&vehicleExtId=1100295&scheduledStartTime=2021-05-19+09%3A00%3A00&scheduledDeliveryTime=2021-05-19+09%3A00%3A00&commodity= HTTP/1.1
21:12:21.442 [pool-2-thread-3] DEBUG org.apache.http.headers - http-outgoing-5 >> X-OAUTH2-Token: eyJhbGciOiJIUzUxMiJ9.eyJpc3MiOiJDb25uZWN0ZWQgU29sdXRpb25zIiwiZXhwIjoxNjMxNzE2MTgzLCJqdGkiOiI1LVVVdlFzVGtmSSJ9.erDSc-omH9mTT8IE1Ja3vjLmO0t8HiMqg6xG0Z00LFpSUHQzhf9Sc6ynuDPCcPK0U8rrwHF9zVPQibHhV-uOTw
21:12:21.442 [pool-2-thread-1] DEBUG org.apache.http.headers - http-outgoing-3 << HTTP/1.1 200 
21:12:21.442 [pool-2-thread-3] DEBUG org.apache.http.headers - http-outgoing-5 >> X-External-ID: 5-UUvQsTkfI
21:12:21.442 [pool-2-thread-1] DEBUG org.apache.http.headers - http-outgoing-3 << Date: Mon, 13 Sep 2021 15:42:21 GMT
21:12:21.442 [pool-2-thread-3] DEBUG org.apache.http.headers - http-outgoing-5 >> Content-Type: application/json; charset=UTF-8
21:12:21.442 [pool-2-thread-1] DEBUG org.apache.http.headers - http-outgoing-3 << Content-Type: application/json;charset=UTF-8
21:12:21.442 [pool-2-thread-3] DEBUG org.apache.http.headers - http-outgoing-5 >> Content-Length: 72
21:12:21.442 [pool-2-thread-1] DEBUG org.apache.http.headers - http-outgoing-3 << Transfer-Encoding: chunked
21:12:21.442 [pool-2-thread-3] DEBUG org.apache.http.headers - http-outgoing-5 >> Host: restdev1.tracking.thermoking.com
21:12:21.442 [pool-2-thread-3] DEBUG org.apache.http.headers - http-outgoing-5 >> Connection: Keep-Alive
21:12:21.442 [pool-2-thread-1] DEBUG org.apache.http.headers - http-outgoing-3 << Connection: keep-alive
21:12:21.442 [pool-2-thread-3] DEBUG org.apache.http.headers - http-outgoing-5 >> User-Agent: Apache-HttpClient/4.5.11 (Java/1.8.0_121)
21:12:21.443 [pool-2-thread-3] DEBUG org.apache.http.headers - http-outgoing-5 >> Accept-Encoding: gzip,deflate
21:12:21.443 [pool-2-thread-1] DEBUG org.apache.http.headers - http-outgoing-3 << Set-Cookie: AWSALB=oCzv+cdS4CgYM1I56+sfS2sBc+CLOxU5nLYY4grMdQpAI+NWF9KY+tMHNTR6bAV0lFwX5la4yUsgJj5v8K9q0v0hP077DLednu84vwWgd+X8E5P78EvA7kuIxyJY; Expires=Mon, 20 Sep 2021 15:42:19 GMT; Path=/
21:12:21.443 [pool-2-thread-1] DEBUG org.apache.http.headers - http-outgoing-3 << Set-Cookie: AWSALBCORS=oCzv+cdS4CgYM1I56+sfS2sBc+CLOxU5nLYY4grMdQpAI+NWF9KY+tMHNTR6bAV0lFwX5la4yUsgJj5v8K9q0v0hP077DLednu84vwWgd+X8E5P78EvA7kuIxyJY; Expires=Mon, 20 Sep 2021 15:42:19 GMT; Path=/; SameSite=None; Secure
21:12:21.443 [pool-2-thread-3] DEBUG org.apache.http.wire - http-outgoing-5 >> "POST /connected-solutions/StartTrip/?externalCarrierId=52D0B083-E9B7-47F6-9BAA-D22951DD1E50&vehicleExtId=1100295&scheduledStartTime=2021-05-19+09%3A00%3A00&scheduledDeliveryTime=2021-05-19+09%3A00%3A00&commodity= HTTP/1.1[\r][\n]"
21:12:21.443 [pool-2-thread-1] DEBUG org.apache.http.headers - http-outgoing-3 << X-OAUTH2-Token: eyJhbGciOiJIUzUxMiJ9.eyJpc3MiOiJDb25uZWN0ZWQgU29sdXRpb25zIiwiZXhwIjoxNjMxNzE2NjAwLCJqdGkiOiIwQzdGRkI4RS1CRTlELTRCNTEtOEQ2MS1DQTEwQkY0NTAzQzQifQ.yFt02SzWCF0E47cq1Oug1tm767-L1wmWV0K3WaCKbTkbzN2y0QsucU8Cb9c6Z4WmEZh4x0jper3xbX9ImMWi9w
21:12:21.444 [pool-2-thread-1] DEBUG org.apache.http.headers - http-outgoing-3 << X-Content-Type-Options: nosniff
21:12:21.444 [pool-2-thread-3] DEBUG org.apache.http.wire - http-outgoing-5 >> "X-OAUTH2-Token: eyJhbGciOiJIUzUxMiJ9.eyJpc3MiOiJDb25uZWN0ZWQgU29sdXRpb25zIiwiZXhwIjoxNjMxNzE2MTgzLCJqdGkiOiI1LVVVdlFzVGtmSSJ9.erDSc-omH9mTT8IE1Ja3vjLmO0t8HiMqg6xG0Z00LFpSUHQzhf9Sc6ynuDPCcPK0U8rrwHF9zVPQibHhV-uOTw[\r][\n]"
21:12:21.444 [pool-2-thread-1] DEBUG org.apache.http.headers - http-outgoing-3 << X-XSS-Protection: 1; mode=block
21:12:21.444 [pool-2-thread-3] DEBUG org.apache.http.wire - http-outgoing-5 >> "X-External-ID: 5-UUvQsTkfI[\r][\n]"
21:12:21.444 [pool-2-thread-1] DEBUG org.apache.http.headers - http-outgoing-3 << Cache-Control: no-cache, no-store, max-age=0, must-revalidate
21:12:21.444 [pool-2-thread-3] DEBUG org.apache.http.wire - http-outgoing-5 >> "Content-Type: application/json; charset=UTF-8[\r][\n]"
21:12:21.444 [pool-2-thread-1] DEBUG org.apache.http.headers - http-outgoing-3 << Pragma: no-cache
21:12:21.444 [pool-2-thread-3] DEBUG org.apache.http.wire - http-outgoing-5 >> "Content-Length: 72[\r][\n]"
21:12:21.444 [pool-2-thread-1] DEBUG org.apache.http.headers - http-outgoing-3 << Expires: 0
21:12:21.444 [pool-2-thread-3] DEBUG org.apache.http.wire - http-outgoing-5 >> "Host: restdev1.tracking.thermoking.com[\r][\n]"
21:12:21.444 [pool-2-thread-1] DEBUG org.apache.http.headers - http-outgoing-3 << X-Frame-Options: DENY
21:12:21.445 [pool-2-thread-3] DEBUG org.apache.http.wire - http-outgoing-5 >> "Connection: Keep-Alive[\r][\n]"
21:12:21.445 [pool-2-thread-3] DEBUG org.apache.http.wire - http-outgoing-5 >> "User-Agent: Apache-HttpClient/4.5.11 (Java/1.8.0_121)[\r][\n]"
21:12:21.445 [pool-2-thread-3] DEBUG org.apache.http.wire - http-outgoing-5 >> "Accept-Encoding: gzip,deflate[\r][\n]"
21:12:21.445 [pool-2-thread-3] DEBUG org.apache.http.wire - http-outgoing-5 >> "[\r][\n]"
21:12:21.445 [pool-2-thread-3] DEBUG org.apache.http.wire - http-outgoing-5 >> "{"userName":"webservice.usertp01@demosystem.com","password":"Pass@1234"}"
21:12:21.445 [pool-2-thread-1] DEBUG org.apache.http.impl.execchain.MainClientExec - Connection can be kept alive indefinitely
21:12:21.447 [pool-2-thread-1] DEBUG org.apache.http.client.protocol.ResponseProcessCookies - Cookie accepted [AWSALB="oCzv+cdS4CgYM1I56+sfS2sBc+CLOxU5nLYY4grMdQpAI+NWF9KY+tMHNTR6bAV0lFwX5la4yUsgJj5v8K9q0v0hP077DLednu84...", version:0, domain:restdev1.tracking.thermoking.com, path:/, expiry:Mon Sep 20 21:12:19 IST 2021]
21:12:21.450 [pool-2-thread-1] DEBUG org.apache.http.client.protocol.ResponseProcessCookies - Cookie accepted [AWSALBCORS="oCzv+cdS4CgYM1I56+sfS2sBc+CLOxU5nLYY4grMdQpAI+NWF9KY+tMHNTR6bAV0lFwX5la4yUsgJj5v8K9q0v0hP077DLednu84...", version:0, domain:restdev1.tracking.thermoking.com, path:/, expiry:Mon Sep 20 21:12:19 IST 2021]
21:12:21.451 [pool-2-thread-1] DEBUG org.apache.http.wire - http-outgoing-3 << "0[\r][\n]"
21:12:21.452 [pool-2-thread-1] DEBUG org.apache.http.wire - http-outgoing-3 << "[\r][\n]"
21:12:21.452 [pool-2-thread-1] DEBUG org.apache.http.impl.conn.PoolingHttpClientConnectionManager - Connection [id: 3][route: {s}->https://restdev1.tracking.thermoking.com:443] can be kept alive indefinitely
21:12:21.452 [pool-2-thread-1] DEBUG org.apache.http.impl.conn.DefaultManagedHttpClientConnection - http-outgoing-3: set socket timeout to 0
21:12:21.452 [pool-2-thread-1] DEBUG org.apache.http.impl.conn.PoolingHttpClientConnectionManager - Connection released: [id: 3][route: {s}->https://restdev1.tracking.thermoking.com:443][total available: 1; route allocated: 1 of 5; total allocated: 1 of 10]
21:12:21.452 [pool-2-thread-1] DEBUG com.intuit.karate - response time in milliseconds: 2687.67
1 < 200
1 < Cache-Control: no-cache, no-store, max-age=0, must-revalidate
1 < Connection: keep-alive
1 < Content-Type: application/json;charset=UTF-8
1 < Date: Mon, 13 Sep 2021 15:42:21 GMT
1 < Expires: 0
1 < Pragma: no-cache
1 < Set-Cookie: [AWSALB=oCzv+cdS4CgYM1I56+sfS2sBc+CLOxU5nLYY4grMdQpAI+NWF9KY+tMHNTR6bAV0lFwX5la4yUsgJj5v8K9q0v0hP077DLednu84vwWgd+X8E5P78EvA7kuIxyJY; Expires=Mon, 20 Sep 2021 15:42:19 GMT; Path=/, AWSALBCORS=oCzv+cdS4CgYM1I56+sfS2sBc+CLOxU5nLYY4grMdQpAI+NWF9KY+tMHNTR6bAV0lFwX5la4yUsgJj5v8K9q0v0hP077DLednu84vwWgd+X8E5P78EvA7kuIxyJY; Expires=Mon, 20 Sep 2021 15:42:19 GMT; Path=/; SameSite=None; Secure]
1 < Transfer-Encoding: chunked
1 < X-Content-Type-Options: nosniff
1 < X-Frame-Options: DENY
1 < X-OAUTH2-Token: eyJhbGciOiJIUzUxMiJ9.eyJpc3MiOiJDb25uZWN0ZWQgU29sdXRpb25zIiwiZXhwIjoxNjMxNzE2NjAwLCJqdGkiOiIwQzdGRkI4RS1CRTlELTRCNTEtOEQ2MS1DQTEwQkY0NTAzQzQifQ.yFt02SzWCF0E47cq1Oug1tm767-L1wmWV0K3WaCKbTkbzN2y0QsucU8Cb9c6Z4WmEZh4x0jper3xbX9ImMWi9w
1 < X-XSS-Protection: 1; mode=block
[{"customerId":"0C7FFB8E-BE9D-4B51-8D61-CA10BF4503C4","vehicleId":"Test Vehicle 1","requestIdentifier":"q3260690","profiles":[]}]

21:12:21.455 [pool-2-thread-1] DEBUG com.jayway.jsonpath.internal.path.CompiledPath - Evaluating path: $
21:12:21.455 [pool-2-thread-1] INFO com.intuit.karate - [print] [
  {
    "customerId": "0C7FFB8E-BE9D-4B51-8D61-CA10BF4503C4",
    "profiles": [
    ],
    "requestIdentifier": "q3260690",
    "vehicleId": "Test Vehicle 1"
  }
]

21:12:21.460 [pool-2-thread-1] DEBUG com.jayway.jsonpath.internal.path.CompiledPath - Evaluating path: $[0]['customerId']
21:12:21.462 [pool-2-thread-1] DEBUG com.jayway.jsonpath.internal.path.CompiledPath - Evaluating path: $[0]['vehicleId']
21:12:21.469 [pool-2-thread-1] DEBUG com.jayway.jsonpath.internal.path.CompiledPath - Evaluating path: $
21:12:21.471 [pool-2-thread-1] INFO com.intuit.karate - [print] q3260690
21:12:21.472 [pool-2-thread-1] INFO com.intuit.karate - [print] eyJhbGciOiJIUzUxMiJ9.eyJpc3MiOiJDb25uZWN0ZWQgU29sdXRpb25zIiwiZXhwIjoxNjMxNzE2NjAwLCJqdGkiOiIwQzdGRkI4RS1CRTlELTRCNTEtOEQ2MS1DQTEwQkY0NTAzQzQifQ.yFt02SzWCF0E47cq1Oug1tm767-L1wmWV0K3WaCKbTkbzN2y0QsucU8Cb9c6Z4WmEZh4x0jper3xbX9ImMWi9w
21:12:21.476 [pool-2-thread-1] DEBUG com.jayway.jsonpath.internal.path.CompiledPath - Evaluating path: $
21:12:21.496 [pool-2-thread-1] INFO com.intuit.karate.Runner - <<pass>> feature 8 of 8: classpath:resources/TwoWAyCommands.feature
---------------------------------------------------------
feature: classpath:resources/TwoWAyCommands.feature
report: target\surefire-reports\resources.TwoWAyCommands.json
scenarios:  1 | passed:  1 | failed:  0 | time: 8.3972
---------------------------------------------------------
21:12:21.823 [pool-2-thread-3] DEBUG org.apache.http.wire - http-outgoing-5 << "HTTP/1.1 401 [\r][\n]"
21:12:21.824 [pool-2-thread-3] DEBUG org.apache.http.wire - http-outgoing-5 << "Date: Mon, 13 Sep 2021 15:42:21 GMT[\r][\n]"
21:12:21.824 [pool-2-thread-3] DEBUG org.apache.http.wire - http-outgoing-5 << "Content-Type: application/json;charset=UTF-8[\r][\n]"
21:12:21.824 [pool-2-thread-3] DEBUG org.apache.http.wire - http-outgoing-5 << "Transfer-Encoding: chunked[\r][\n]"
21:12:21.824 [pool-2-thread-3] DEBUG org.apache.http.wire - http-outgoing-5 << "Connection: keep-alive[\r][\n]"
21:12:21.824 [pool-2-thread-3] DEBUG org.apache.http.wire - http-outgoing-5 << "Set-Cookie: AWSALB=uJDUm18VyLlt/NN7EtB96mshH94IdnBx59ndozU58/sApGZPb9ogguMDE6kvfMNVVZDvUPrFPfDTE5ApEFiI6yuyJRU2ECx8lN75iaoStOB/eeZnhF8qqwCdcjVX; Expires=Mon, 20 Sep 2021 15:42:21 GMT; Path=/[\r][\n]"
21:12:21.824 [pool-2-thread-3] DEBUG org.apache.http.wire - http-outgoing-5 << "Set-Cookie: AWSALBCORS=uJDUm18VyLlt/NN7EtB96mshH94IdnBx59ndozU58/sApGZPb9ogguMDE6kvfMNVVZDvUPrFPfDTE5ApEFiI6yuyJRU2ECx8lN75iaoStOB/eeZnhF8qqwCdcjVX; Expires=Mon, 20 Sep 2021 15:42:21 GMT; Path=/; SameSite=None; Secure[\r][\n]"
21:12:21.824 [pool-2-thread-3] DEBUG org.apache.http.wire - http-outgoing-5 << "X-Content-Type-Options: nosniff[\r][\n]"
21:12:21.824 [pool-2-thread-3] DEBUG org.apache.http.wire - http-outgoing-5 << "X-XSS-Protection: 1; mode=block[\r][\n]"
21:12:21.824 [pool-2-thread-3] DEBUG org.apache.http.wire - http-outgoing-5 << "Cache-Control: no-cache, no-store, max-age=0, must-revalidate[\r][\n]"
21:12:21.824 [pool-2-thread-3] DEBUG org.apache.http.wire - http-outgoing-5 << "Pragma: no-cache[\r][\n]"
21:12:21.824 [pool-2-thread-3] DEBUG org.apache.http.wire - http-outgoing-5 << "Expires: 0[\r][\n]"
21:12:21.824 [pool-2-thread-3] DEBUG org.apache.http.wire - http-outgoing-5 << "X-Frame-Options: DENY[\r][\n]"
21:12:21.824 [pool-2-thread-3] DEBUG org.apache.http.wire - http-outgoing-5 << "[\r][\n]"
21:12:21.824 [pool-2-thread-3] DEBUG org.apache.http.wire - http-outgoing-5 << "a1[\r][\n]"
21:12:21.824 [pool-2-thread-3] DEBUG org.apache.http.wire - http-outgoing-5 << "{"timestamp":"2021-09-13T15:42:21.681+0000","status":401,"error":"Unauthorized","message":"Invalid Carrier External Id","path":"/connected-solutions/StartTrip/"}[\r][\n]"
21:12:21.825 [pool-2-thread-3] DEBUG org.apache.http.headers - http-outgoing-5 << HTTP/1.1 401 
21:12:21.825 [pool-2-thread-3] DEBUG org.apache.http.headers - http-outgoing-5 << Date: Mon, 13 Sep 2021 15:42:21 GMT
21:12:21.825 [pool-2-thread-3] DEBUG org.apache.http.headers - http-outgoing-5 << Content-Type: application/json;charset=UTF-8
21:12:21.826 [pool-2-thread-3] DEBUG org.apache.http.headers - http-outgoing-5 << Transfer-Encoding: chunked
21:12:21.826 [pool-2-thread-3] DEBUG org.apache.http.headers - http-outgoing-5 << Connection: keep-alive
21:12:21.826 [pool-2-thread-3] DEBUG org.apache.http.headers - http-outgoing-5 << Set-Cookie: AWSALB=uJDUm18VyLlt/NN7EtB96mshH94IdnBx59ndozU58/sApGZPb9ogguMDE6kvfMNVVZDvUPrFPfDTE5ApEFiI6yuyJRU2ECx8lN75iaoStOB/eeZnhF8qqwCdcjVX; Expires=Mon, 20 Sep 2021 15:42:21 GMT; Path=/
21:12:21.826 [pool-2-thread-3] DEBUG org.apache.http.headers - http-outgoing-5 << Set-Cookie: AWSALBCORS=uJDUm18VyLlt/NN7EtB96mshH94IdnBx59ndozU58/sApGZPb9ogguMDE6kvfMNVVZDvUPrFPfDTE5ApEFiI6yuyJRU2ECx8lN75iaoStOB/eeZnhF8qqwCdcjVX; Expires=Mon, 20 Sep 2021 15:42:21 GMT; Path=/; SameSite=None; Secure
21:12:21.826 [pool-2-thread-3] DEBUG org.apache.http.headers - http-outgoing-5 << X-Content-Type-Options: nosniff
21:12:21.826 [pool-2-thread-3] DEBUG org.apache.http.headers - http-outgoing-5 << X-XSS-Protection: 1; mode=block
21:12:21.826 [pool-2-thread-3] DEBUG org.apache.http.headers - http-outgoing-5 << Cache-Control: no-cache, no-store, max-age=0, must-revalidate
21:12:21.826 [pool-2-thread-3] DEBUG org.apache.http.headers - http-outgoing-5 << Pragma: no-cache
21:12:21.826 [pool-2-thread-3] DEBUG org.apache.http.headers - http-outgoing-5 << Expires: 0
21:12:21.826 [pool-2-thread-3] DEBUG org.apache.http.headers - http-outgoing-5 << X-Frame-Options: DENY
21:12:21.826 [pool-2-thread-3] DEBUG org.apache.http.impl.execchain.MainClientExec - Connection can be kept alive indefinitely
21:12:21.826 [pool-2-thread-3] DEBUG org.apache.http.impl.auth.HttpAuthenticator - Authentication required
21:12:21.826 [pool-2-thread-3] DEBUG org.apache.http.impl.auth.HttpAuthenticator - restdev1.tracking.thermoking.com:443 requested authentication
21:12:21.827 [pool-2-thread-3] DEBUG org.apache.http.impl.auth.HttpAuthenticator - Response contains no authentication challenges
21:12:21.831 [pool-2-thread-3] DEBUG org.apache.http.client.protocol.ResponseProcessCookies - Cookie accepted [AWSALB="uJDUm18VyLlt/NN7EtB96mshH94IdnBx59ndozU58/sApGZPb9ogguMDE6kvfMNVVZDvUPrFPfDTE5ApEFiI6yuyJRU2ECx8lN75...", version:0, domain:restdev1.tracking.thermoking.com, path:/, expiry:Mon Sep 20 21:12:21 IST 2021]
21:12:21.832 [pool-2-thread-3] DEBUG org.apache.http.client.protocol.ResponseProcessCookies - Cookie accepted [AWSALBCORS="uJDUm18VyLlt/NN7EtB96mshH94IdnBx59ndozU58/sApGZPb9ogguMDE6kvfMNVVZDvUPrFPfDTE5ApEFiI6yuyJRU2ECx8lN75...", version:0, domain:restdev1.tracking.thermoking.com, path:/, expiry:Mon Sep 20 21:12:21 IST 2021]
21:12:21.833 [pool-2-thread-3] DEBUG org.apache.http.wire - http-outgoing-5 << "0[\r][\n]"
21:12:21.833 [pool-2-thread-3] DEBUG org.apache.http.wire - http-outgoing-5 << "[\r][\n]"
21:12:21.833 [pool-2-thread-3] DEBUG org.apache.http.impl.conn.PoolingHttpClientConnectionManager - Connection [id: 5][route: {s}->https://restdev1.tracking.thermoking.com:443] can be kept alive indefinitely
21:12:21.833 [pool-2-thread-3] DEBUG org.apache.http.impl.conn.DefaultManagedHttpClientConnection - http-outgoing-5: set socket timeout to 0
21:12:21.834 [pool-2-thread-3] DEBUG org.apache.http.impl.conn.PoolingHttpClientConnectionManager - Connection released: [id: 5][route: {s}->https://restdev1.tracking.thermoking.com:443][total available: 1; route allocated: 1 of 5; total allocated: 1 of 10]
21:12:21.834 [pool-2-thread-3] DEBUG com.intuit.karate - response time in milliseconds: 1414.66
1 < 401
1 < Cache-Control: no-cache, no-store, max-age=0, must-revalidate
1 < Connection: keep-alive
1 < Content-Type: application/json;charset=UTF-8
1 < Date: Mon, 13 Sep 2021 15:42:21 GMT
1 < Expires: 0
1 < Pragma: no-cache
1 < Set-Cookie: [AWSALB=uJDUm18VyLlt/NN7EtB96mshH94IdnBx59ndozU58/sApGZPb9ogguMDE6kvfMNVVZDvUPrFPfDTE5ApEFiI6yuyJRU2ECx8lN75iaoStOB/eeZnhF8qqwCdcjVX; Expires=Mon, 20 Sep 2021 15:42:21 GMT; Path=/, AWSALBCORS=uJDUm18VyLlt/NN7EtB96mshH94IdnBx59ndozU58/sApGZPb9ogguMDE6kvfMNVVZDvUPrFPfDTE5ApEFiI6yuyJRU2ECx8lN75iaoStOB/eeZnhF8qqwCdcjVX; Expires=Mon, 20 Sep 2021 15:42:21 GMT; Path=/; SameSite=None; Secure]
1 < Transfer-Encoding: chunked
1 < X-Content-Type-Options: nosniff
1 < X-Frame-Options: DENY
1 < X-XSS-Protection: 1; mode=block
{"timestamp":"2021-09-13T15:42:21.681+0000","status":401,"error":"Unauthorized","message":"Invalid Carrier External Id","path":"/connected-solutions/StartTrip/"}

21:12:21.835 [pool-2-thread-3] ERROR com.intuit.karate - status code was: 401, expected: 200, response time: 1415, url: https://restdev1.tracking.thermoking.com/connected-solutions/StartTrip/?externalCarrierId=52D0B083-E9B7-47F6-9BAA-D22951DD1E50&vehicleExtId=1100295&scheduledStartTime=2021-05-19+09%3A00%3A00&scheduledDeliveryTime=2021-05-19+09%3A00%3A00&commodity=, response: {"path":"/connected-solutions/StartTrip/","error":"Unauthorized","message":"Invalid Carrier External Id","timestamp":"2021-09-13T15:42:21.681+0000","status":401}
21:12:21.865 [pool-2-thread-3] INFO com.intuit.karate.Runner - <<fail>> feature 3 of 8: classpath:resources/DetailsPost.feature
---------------------------------------------------------
feature: classpath:resources/DetailsPost.feature
report: target\surefire-reports\resources.DetailsPost.json
scenarios:  3 | passed:  1 | failed:  2 | time: 8.6589
---------------------------------------------------------
21:12:51.047 [pool-2-thread-5] DEBUG com.jayway.jsonpath.internal.path.CompiledPath - Evaluating path: $
21:12:51.048 [pool-2-thread-5] DEBUG com.jayway.jsonpath.internal.path.CompiledPath - Evaluating path: $['requestIdentifier']
21:12:51.050 [pool-2-thread-5] DEBUG com.jayway.jsonpath.internal.JsonContext - Set path $['requestIdentifier'] new value q3468084
21:12:51.058 [pool-2-thread-5] DEBUG com.jayway.jsonpath.internal.path.CompiledPath - Evaluating path: $
21:12:51.073 [pool-2-thread-5] DEBUG org.apache.http.client.protocol.RequestAddCookies - CookieSpec selected: karate
21:12:51.074 [pool-2-thread-5] DEBUG org.apache.http.client.protocol.RequestAddCookies - Cookie [version: 0][name: AWSALBTG][value: GDqHRpGxXi1FnhDpl+cJ0GJ53CYcX6b9ue19bIS1sZs1f3ZWIIO73noQtivMtiTeD69h3nWmzPciDwmN8n0vWa4leN8IIzZp71A0U28sR5H0sOd/PWaZDC73vSjUa+2qkqtIpqJhlTy4KyX9mHLF37SvS5mFvrYwn3emdD2xmOJc][domain: soap.tracking.thermoking.com][path: /][expiry: null] match [(secure)soap.tracking.thermoking.com:443/tk-webservices/Command]
21:12:51.074 [pool-2-thread-5] DEBUG org.apache.http.client.protocol.RequestAddCookies - Cookie [version: 0][name: AWSALBTGCORS][value: GDqHRpGxXi1FnhDpl+cJ0GJ53CYcX6b9ue19bIS1sZs1f3ZWIIO73noQtivMtiTeD69h3nWmzPciDwmN8n0vWa4leN8IIzZp71A0U28sR5H0sOd/PWaZDC73vSjUa+2qkqtIpqJhlTy4KyX9mHLF37SvS5mFvrYwn3emdD2xmOJc][domain: soap.tracking.thermoking.com][path: /][expiry: null] match [(secure)soap.tracking.thermoking.com:443/tk-webservices/Command]
21:12:51.077 [pool-2-thread-5] DEBUG org.apache.http.client.protocol.RequestAuthCache - Auth cache not set in the context
21:12:51.078 [pool-2-thread-5] DEBUG com.intuit.karate - request:
1 > POST https://soap.tracking.thermoking.com/tk-webservices/Command
1 > Accept-Encoding: gzip,deflate
1 > Authorization: Basic d2Vic2VydmljZS51c2VyLmFsbC4yMTRATUlTU0lORy5DT006Z2g2MmpBST51TFB1dmxw
1 > Connection: Keep-Alive
1 > Content-Length: 634
1 > Content-Type: application/xml; charset=UTF-8
1 > Cookie: AWSALBTG=GDqHRpGxXi1FnhDpl+cJ0GJ53CYcX6b9ue19bIS1sZs1f3ZWIIO73noQtivMtiTeD69h3nWmzPciDwmN8n0vWa4leN8IIzZp71A0U28sR5H0sOd/PWaZDC73vSjUa+2qkqtIpqJhlTy4KyX9mHLF37SvS5mFvrYwn3emdD2xmOJc; AWSALBTGCORS=GDqHRpGxXi1FnhDpl+cJ0GJ53CYcX6b9ue19bIS1sZs1f3ZWIIO73noQtivMtiTeD69h3nWmzPciDwmN8n0vWa4leN8IIzZp71A0U28sR5H0sOd/PWaZDC73vSjUa+2qkqtIpqJhlTy4KyX9mHLF37SvS5mFvrYwn3emdD2xmOJc
1 > Host: soap.tracking.thermoking.com
1 > SOAPAction: 
1 > User-Agent: Apache-HttpClient/4.5.11 (Java/1.8.0_121)
<soapenv:Envelope xmlns:soapenv="http://schemas.xmlsoap.org/soap/envelope/" xmlns:ser="http://service.jbossws.webservices.celtrak.com/">
    <soapenv:Header/>
    <soapenv:Body>
        <ser:getRequestStatus>
            <!--1 or more repetitions:-->
            <RequestStatuses>
                <customerId>4560BD5E-BD7B-42B0-8DCB-627EB8454C72</customerId>
                <requestReference>q3468084</requestReference>
                <vehicleId>Bluebox India 2</vehicleId>
            </RequestStatuses>
            <operatorName>?</operatorName>
        </ser:getRequestStatus>
    </soapenv:Body>
</soapenv:Envelope>

21:12:51.079 [pool-2-thread-5] DEBUG org.apache.http.impl.conn.PoolingHttpClientConnectionManager - Connection request: [route: {s}->https://soap.tracking.thermoking.com:443][total available: 0; route allocated: 0 of 5; total allocated: 0 of 10]
21:12:51.080 [pool-2-thread-5] DEBUG org.apache.http.impl.conn.PoolingHttpClientConnectionManager - Connection leased: [id: 6][route: {s}->https://soap.tracking.thermoking.com:443][total available: 0; route allocated: 1 of 5; total allocated: 1 of 10]
21:12:51.081 [pool-2-thread-5] DEBUG org.apache.http.impl.execchain.MainClientExec - Opening connection {s}->https://soap.tracking.thermoking.com:443
21:12:51.082 [pool-2-thread-5] DEBUG org.apache.http.impl.conn.DefaultHttpClientConnectionOperator - Connecting to soap.tracking.thermoking.com/3.212.162.73:443
21:12:51.082 [pool-2-thread-5] DEBUG org.apache.http.conn.ssl.SSLConnectionSocketFactory - Connecting socket to soap.tracking.thermoking.com/3.212.162.73:443 with timeout 30000
21:12:51.475 [pool-2-thread-5] DEBUG org.apache.http.conn.ssl.SSLConnectionSocketFactory - Enabled protocols: [TLSv1, TLSv1.1, TLSv1.2]
21:12:51.475 [pool-2-thread-5] DEBUG org.apache.http.conn.ssl.SSLConnectionSocketFactory - Enabled cipher suites:[TLS_ECDHE_ECDSA_WITH_AES_128_CBC_SHA256, TLS_ECDHE_RSA_WITH_AES_128_CBC_SHA256, TLS_RSA_WITH_AES_128_CBC_SHA256, TLS_ECDH_ECDSA_WITH_AES_128_CBC_SHA256, TLS_ECDH_RSA_WITH_AES_128_CBC_SHA256, TLS_DHE_RSA_WITH_AES_128_CBC_SHA256, TLS_DHE_DSS_WITH_AES_128_CBC_SHA256, TLS_ECDHE_ECDSA_WITH_AES_128_CBC_SHA, TLS_ECDHE_RSA_WITH_AES_128_CBC_SHA, TLS_RSA_WITH_AES_128_CBC_SHA, TLS_ECDH_ECDSA_WITH_AES_128_CBC_SHA, TLS_ECDH_RSA_WITH_AES_128_CBC_SHA, TLS_DHE_RSA_WITH_AES_128_CBC_SHA, TLS_DHE_DSS_WITH_AES_128_CBC_SHA, TLS_ECDHE_ECDSA_WITH_AES_128_GCM_SHA256, TLS_ECDHE_RSA_WITH_AES_128_GCM_SHA256, TLS_RSA_WITH_AES_128_GCM_SHA256, TLS_ECDH_ECDSA_WITH_AES_128_GCM_SHA256, TLS_ECDH_RSA_WITH_AES_128_GCM_SHA256, TLS_DHE_RSA_WITH_AES_128_GCM_SHA256, TLS_DHE_DSS_WITH_AES_128_GCM_SHA256, TLS_EMPTY_RENEGOTIATION_INFO_SCSV]
21:12:51.475 [pool-2-thread-5] DEBUG org.apache.http.conn.ssl.SSLConnectionSocketFactory - Starting handshake
21:12:51.923 [pool-2-thread-5] DEBUG org.apache.http.conn.ssl.SSLConnectionSocketFactory - Secure session established
21:12:51.923 [pool-2-thread-5] DEBUG org.apache.http.conn.ssl.SSLConnectionSocketFactory -  negotiated protocol: TLSv1.2
21:12:51.923 [pool-2-thread-5] DEBUG org.apache.http.conn.ssl.SSLConnectionSocketFactory -  negotiated cipher suite: TLS_ECDHE_RSA_WITH_AES_128_GCM_SHA256
21:12:51.923 [pool-2-thread-5] DEBUG org.apache.http.conn.ssl.SSLConnectionSocketFactory -  peer principal: CN=*.tracking.thermoking.com
21:12:51.923 [pool-2-thread-5] DEBUG org.apache.http.conn.ssl.SSLConnectionSocketFactory -  peer alternative names: [*.tracking.thermoking.com]
21:12:51.923 [pool-2-thread-5] DEBUG org.apache.http.conn.ssl.SSLConnectionSocketFactory -  issuer principal: CN=Amazon, OU=Server CA 1B, O=Amazon, C=US
21:12:51.924 [pool-2-thread-5] DEBUG org.apache.http.impl.conn.DefaultHttpClientConnectionOperator - Connection established 10.200.54.16:52043<->3.212.162.73:443
21:12:51.925 [pool-2-thread-5] DEBUG org.apache.http.impl.conn.DefaultManagedHttpClientConnection - http-outgoing-6: set socket timeout to 30000
21:12:51.925 [pool-2-thread-5] DEBUG org.apache.http.impl.execchain.MainClientExec - Executing request POST /tk-webservices/Command HTTP/1.1
21:12:51.926 [pool-2-thread-5] DEBUG org.apache.http.impl.execchain.MainClientExec - Proxy auth state: UNCHALLENGED
21:12:51.926 [pool-2-thread-5] DEBUG org.apache.http.headers - http-outgoing-6 >> POST /tk-webservices/Command HTTP/1.1
21:12:51.926 [pool-2-thread-5] DEBUG org.apache.http.headers - http-outgoing-6 >> Authorization: Basic d2Vic2VydmljZS51c2VyLmFsbC4yMTRATUlTU0lORy5DT006Z2g2MmpBST51TFB1dmxw
21:12:51.926 [pool-2-thread-5] DEBUG org.apache.http.headers - http-outgoing-6 >> SOAPAction: 
21:12:51.926 [pool-2-thread-5] DEBUG org.apache.http.headers - http-outgoing-6 >> Content-Type: application/xml; charset=UTF-8
21:12:51.926 [pool-2-thread-5] DEBUG org.apache.http.headers - http-outgoing-6 >> Content-Length: 634
21:12:51.926 [pool-2-thread-5] DEBUG org.apache.http.headers - http-outgoing-6 >> Host: soap.tracking.thermoking.com
21:12:51.927 [pool-2-thread-5] DEBUG org.apache.http.headers - http-outgoing-6 >> Connection: Keep-Alive
21:12:51.927 [pool-2-thread-5] DEBUG org.apache.http.headers - http-outgoing-6 >> User-Agent: Apache-HttpClient/4.5.11 (Java/1.8.0_121)
21:12:51.927 [pool-2-thread-5] DEBUG org.apache.http.headers - http-outgoing-6 >> Cookie: AWSALBTG=GDqHRpGxXi1FnhDpl+cJ0GJ53CYcX6b9ue19bIS1sZs1f3ZWIIO73noQtivMtiTeD69h3nWmzPciDwmN8n0vWa4leN8IIzZp71A0U28sR5H0sOd/PWaZDC73vSjUa+2qkqtIpqJhlTy4KyX9mHLF37SvS5mFvrYwn3emdD2xmOJc; AWSALBTGCORS=GDqHRpGxXi1FnhDpl+cJ0GJ53CYcX6b9ue19bIS1sZs1f3ZWIIO73noQtivMtiTeD69h3nWmzPciDwmN8n0vWa4leN8IIzZp71A0U28sR5H0sOd/PWaZDC73vSjUa+2qkqtIpqJhlTy4KyX9mHLF37SvS5mFvrYwn3emdD2xmOJc
21:12:51.927 [pool-2-thread-5] DEBUG org.apache.http.headers - http-outgoing-6 >> Accept-Encoding: gzip,deflate
21:12:51.927 [pool-2-thread-5] DEBUG org.apache.http.wire - http-outgoing-6 >> "POST /tk-webservices/Command HTTP/1.1[\r][\n]"
21:12:51.927 [pool-2-thread-5] DEBUG org.apache.http.wire - http-outgoing-6 >> "Authorization: Basic d2Vic2VydmljZS51c2VyLmFsbC4yMTRATUlTU0lORy5DT006Z2g2MmpBST51TFB1dmxw[\r][\n]"
21:12:51.927 [pool-2-thread-5] DEBUG org.apache.http.wire - http-outgoing-6 >> "SOAPAction: [\r][\n]"
21:12:51.927 [pool-2-thread-5] DEBUG org.apache.http.wire - http-outgoing-6 >> "Content-Type: application/xml; charset=UTF-8[\r][\n]"
21:12:51.928 [pool-2-thread-5] DEBUG org.apache.http.wire - http-outgoing-6 >> "Content-Length: 634[\r][\n]"
21:12:51.928 [pool-2-thread-5] DEBUG org.apache.http.wire - http-outgoing-6 >> "Host: soap.tracking.thermoking.com[\r][\n]"
21:12:51.928 [pool-2-thread-5] DEBUG org.apache.http.wire - http-outgoing-6 >> "Connection: Keep-Alive[\r][\n]"
21:12:51.928 [pool-2-thread-5] DEBUG org.apache.http.wire - http-outgoing-6 >> "User-Agent: Apache-HttpClient/4.5.11 (Java/1.8.0_121)[\r][\n]"
21:12:51.928 [pool-2-thread-5] DEBUG org.apache.http.wire - http-outgoing-6 >> "Cookie: AWSALBTG=GDqHRpGxXi1FnhDpl+cJ0GJ53CYcX6b9ue19bIS1sZs1f3ZWIIO73noQtivMtiTeD69h3nWmzPciDwmN8n0vWa4leN8IIzZp71A0U28sR5H0sOd/PWaZDC73vSjUa+2qkqtIpqJhlTy4KyX9mHLF37SvS5mFvrYwn3emdD2xmOJc; AWSALBTGCORS=GDqHRpGxXi1FnhDpl+cJ0GJ53CYcX6b9ue19bIS1sZs1f3ZWIIO73noQtivMtiTeD69h3nWmzPciDwmN8n0vWa4leN8IIzZp71A0U28sR5H0sOd/PWaZDC73vSjUa+2qkqtIpqJhlTy4KyX9mHLF37SvS5mFvrYwn3emdD2xmOJc[\r][\n]"
21:12:51.929 [pool-2-thread-5] DEBUG org.apache.http.wire - http-outgoing-6 >> "Accept-Encoding: gzip,deflate[\r][\n]"
21:12:51.930 [pool-2-thread-5] DEBUG org.apache.http.wire - http-outgoing-6 >> "[\r][\n]"
21:12:51.930 [pool-2-thread-5] DEBUG org.apache.http.wire - http-outgoing-6 >> "<soapenv:Envelope xmlns:soapenv="http://schemas.xmlsoap.org/soap/envelope/" xmlns:ser="http://service.jbossws.webservices.celtrak.com/">[\r][\n]"
21:12:51.930 [pool-2-thread-5] DEBUG org.apache.http.wire - http-outgoing-6 >> "    <soapenv:Header/>[\r][\n]"
21:12:51.930 [pool-2-thread-5] DEBUG org.apache.http.wire - http-outgoing-6 >> "    <soapenv:Body>[\r][\n]"
21:12:51.930 [pool-2-thread-5] DEBUG org.apache.http.wire - http-outgoing-6 >> "        <ser:getRequestStatus>[\r][\n]"
21:12:51.930 [pool-2-thread-5] DEBUG org.apache.http.wire - http-outgoing-6 >> "            <!--1 or more repetitions:-->[\r][\n]"
21:12:51.930 [pool-2-thread-5] DEBUG org.apache.http.wire - http-outgoing-6 >> "            <RequestStatuses>[\r][\n]"
21:12:51.930 [pool-2-thread-5] DEBUG org.apache.http.wire - http-outgoing-6 >> "                <customerId>4560BD5E-BD7B-42B0-8DCB-627EB8454C72</customerId>[\r][\n]"
21:12:51.930 [pool-2-thread-5] DEBUG org.apache.http.wire - http-outgoing-6 >> "                <requestReference>q3468084</requestReference>[\r][\n]"
21:12:51.930 [pool-2-thread-5] DEBUG org.apache.http.wire - http-outgoing-6 >> "                <vehicleId>Bluebox India 2</vehicleId>[\r][\n]"
21:12:51.930 [pool-2-thread-5] DEBUG org.apache.http.wire - http-outgoing-6 >> "            </RequestStatuses>[\r][\n]"
21:12:51.930 [pool-2-thread-5] DEBUG org.apache.http.wire - http-outgoing-6 >> "            <operatorName>?</operatorName>[\r][\n]"
21:12:51.930 [pool-2-thread-5] DEBUG org.apache.http.wire - http-outgoing-6 >> "        </ser:getRequestStatus>[\r][\n]"
21:12:51.930 [pool-2-thread-5] DEBUG org.apache.http.wire - http-outgoing-6 >> "    </soapenv:Body>[\r][\n]"
21:12:51.931 [pool-2-thread-5] DEBUG org.apache.http.wire - http-outgoing-6 >> "</soapenv:Envelope>"
21:12:55.392 [pool-2-thread-5] DEBUG org.apache.http.wire - http-outgoing-6 << "HTTP/1.1 200 OK[\r][\n]"
21:12:55.393 [pool-2-thread-5] DEBUG org.apache.http.wire - http-outgoing-6 << "Date: Mon, 13 Sep 2021 15:42:55 GMT[\r][\n]"
21:12:55.393 [pool-2-thread-5] DEBUG org.apache.http.wire - http-outgoing-6 << "Content-Type: text/xml;charset=UTF-8[\r][\n]"
21:12:55.393 [pool-2-thread-5] DEBUG org.apache.http.wire - http-outgoing-6 << "Content-Length: 993[\r][\n]"
21:12:55.393 [pool-2-thread-5] DEBUG org.apache.http.wire - http-outgoing-6 << "Connection: keep-alive[\r][\n]"
21:12:55.393 [pool-2-thread-5] DEBUG org.apache.http.wire - http-outgoing-6 << "Set-Cookie: AWSALBTG=+D45I4redkTRM8LD4Cf/p7SBleYNiMmwB87f+XgN1E2peJQp2KLxTuJh6G9gjJhm9cJrXzdHHF68gzXG2Sbw2W/dSxESVvi0XxmBOXMm9ftQ4QPUwpMB6bsrlUraSWdMKuSQ6lZK0ecma611yHIOLeomypHSe/ohbkwGIJloLazV; Expires=Mon, 20 Sep 2021 15:42:52 GMT; Path=/[\r][\n]"
21:12:55.393 [pool-2-thread-5] DEBUG org.apache.http.wire - http-outgoing-6 << "Set-Cookie: AWSALBTGCORS=+D45I4redkTRM8LD4Cf/p7SBleYNiMmwB87f+XgN1E2peJQp2KLxTuJh6G9gjJhm9cJrXzdHHF68gzXG2Sbw2W/dSxESVvi0XxmBOXMm9ftQ4QPUwpMB6bsrlUraSWdMKuSQ6lZK0ecma611yHIOLeomypHSe/ohbkwGIJloLazV; Expires=Mon, 20 Sep 2021 15:42:52 GMT; Path=/; SameSite=None; Secure[\r][\n]"
21:12:55.393 [pool-2-thread-5] DEBUG org.apache.http.wire - http-outgoing-6 << "Expires: 0[\r][\n]"
21:12:55.394 [pool-2-thread-5] DEBUG org.apache.http.wire - http-outgoing-6 << "Cache-Control: no-cache, no-store, must-revalidate[\r][\n]"
21:12:55.394 [pool-2-thread-5] DEBUG org.apache.http.wire - http-outgoing-6 << "X-Powered-By: Undertow/1[\r][\n]"
21:12:55.394 [pool-2-thread-5] DEBUG org.apache.http.wire - http-outgoing-6 << "Server: WildFly/10[\r][\n]"
21:12:55.394 [pool-2-thread-5] DEBUG org.apache.http.wire - http-outgoing-6 << "Pragma: no-cache[\r][\n]"
21:12:55.394 [pool-2-thread-5] DEBUG org.apache.http.wire - http-outgoing-6 << "[\r][\n]"
21:12:55.394 [pool-2-thread-5] DEBUG org.apache.http.wire - http-outgoing-6 << "<soap:Envelope xmlns:soap="http://schemas.xmlsoap.org/soap/envelope/"><SOAP-ENV:Header xmlns:SOAP-ENV="http://schemas.xmlsoap.org/soap/envelope/"/><soap:Body><ns2:getRequestStatusResponse xmlns:ns2="http://service.jbossws.webservices.celtrak.com/"><RequestStatus xmlns:xsi="http://www.w3.org/2001/XMLSchema-instance" xsi:type="ns2:mqRequestStatus"><commandValue>-2.0</commandValue><communicationType>SMS</communicationType><dateRequestSent>2021-09-13T15:42:18.600Z</dateRequestSent><errorType></errorType><externalCustomerId>4560BD5E-BD7B-42B0-8DCB-627EB8454C72</externalCustomerId><externalVehicleid>Bluebox India 2</externalVehicleid><messageType>Two Way New Set Point Zone 1</messageType><requestMessageTypeId>7</requestMessageTypeId><requestStatusId>4</requestStatusId><sourceIndicator>0</sourceIndicator><statusType>Scheduled</statusType><unitStateType></unitStateType><vehicleRequestId>3553340</vehicleRequestId></RequestStatus></ns2:getRequestStatusResponse></soap:Body></soap:Envelope>"
21:12:55.395 [pool-2-thread-5] DEBUG org.apache.http.headers - http-outgoing-6 << HTTP/1.1 200 OK
21:12:55.395 [pool-2-thread-5] DEBUG org.apache.http.headers - http-outgoing-6 << Date: Mon, 13 Sep 2021 15:42:55 GMT
21:12:55.395 [pool-2-thread-5] DEBUG org.apache.http.headers - http-outgoing-6 << Content-Type: text/xml;charset=UTF-8
21:12:55.395 [pool-2-thread-5] DEBUG org.apache.http.headers - http-outgoing-6 << Content-Length: 993
21:12:55.395 [pool-2-thread-5] DEBUG org.apache.http.headers - http-outgoing-6 << Connection: keep-alive
21:12:55.395 [pool-2-thread-5] DEBUG org.apache.http.headers - http-outgoing-6 << Set-Cookie: AWSALBTG=+D45I4redkTRM8LD4Cf/p7SBleYNiMmwB87f+XgN1E2peJQp2KLxTuJh6G9gjJhm9cJrXzdHHF68gzXG2Sbw2W/dSxESVvi0XxmBOXMm9ftQ4QPUwpMB6bsrlUraSWdMKuSQ6lZK0ecma611yHIOLeomypHSe/ohbkwGIJloLazV; Expires=Mon, 20 Sep 2021 15:42:52 GMT; Path=/
21:12:55.395 [pool-2-thread-5] DEBUG org.apache.http.headers - http-outgoing-6 << Set-Cookie: AWSALBTGCORS=+D45I4redkTRM8LD4Cf/p7SBleYNiMmwB87f+XgN1E2peJQp2KLxTuJh6G9gjJhm9cJrXzdHHF68gzXG2Sbw2W/dSxESVvi0XxmBOXMm9ftQ4QPUwpMB6bsrlUraSWdMKuSQ6lZK0ecma611yHIOLeomypHSe/ohbkwGIJloLazV; Expires=Mon, 20 Sep 2021 15:42:52 GMT; Path=/; SameSite=None; Secure
21:12:55.395 [pool-2-thread-5] DEBUG org.apache.http.headers - http-outgoing-6 << Expires: 0
21:12:55.395 [pool-2-thread-5] DEBUG org.apache.http.headers - http-outgoing-6 << Cache-Control: no-cache, no-store, must-revalidate
21:12:55.396 [pool-2-thread-5] DEBUG org.apache.http.headers - http-outgoing-6 << X-Powered-By: Undertow/1
21:12:55.396 [pool-2-thread-5] DEBUG org.apache.http.headers - http-outgoing-6 << Server: WildFly/10
21:12:55.396 [pool-2-thread-5] DEBUG org.apache.http.headers - http-outgoing-6 << Pragma: no-cache
21:12:55.396 [pool-2-thread-5] DEBUG org.apache.http.impl.execchain.MainClientExec - Connection can be kept alive indefinitely
21:12:55.398 [pool-2-thread-5] DEBUG org.apache.http.client.protocol.ResponseProcessCookies - Cookie accepted [AWSALBTG="+D45I4redkTRM8LD4Cf/p7SBleYNiMmwB87f+XgN1E2peJQp2KLxTuJh6G9gjJhm9cJrXzdHHF68gzXG2Sbw2W/dSxESVvi0XxmB...", version:0, domain:soap.tracking.thermoking.com, path:/, expiry:Mon Sep 20 21:12:52 IST 2021]
21:12:55.400 [pool-2-thread-5] DEBUG org.apache.http.client.protocol.ResponseProcessCookies - Cookie accepted [AWSALBTGCORS="+D45I4redkTRM8LD4Cf/p7SBleYNiMmwB87f+XgN1E2peJQp2KLxTuJh6G9gjJhm9cJrXzdHHF68gzXG2Sbw2W/dSxESVvi0XxmB...", version:0, domain:soap.tracking.thermoking.com, path:/, expiry:Mon Sep 20 21:12:52 IST 2021]
21:12:55.401 [pool-2-thread-5] DEBUG org.apache.http.impl.conn.PoolingHttpClientConnectionManager - Connection [id: 6][route: {s}->https://soap.tracking.thermoking.com:443] can be kept alive indefinitely
21:12:55.401 [pool-2-thread-5] DEBUG org.apache.http.impl.conn.DefaultManagedHttpClientConnection - http-outgoing-6: set socket timeout to 0
21:12:55.401 [pool-2-thread-5] DEBUG org.apache.http.impl.conn.PoolingHttpClientConnectionManager - Connection released: [id: 6][route: {s}->https://soap.tracking.thermoking.com:443][total available: 1; route allocated: 1 of 5; total allocated: 1 of 10]
21:12:55.401 [pool-2-thread-5] DEBUG com.intuit.karate - response time in milliseconds: 4320.75
1 < 200
1 < Cache-Control: no-cache, no-store, must-revalidate
1 < Connection: keep-alive
1 < Content-Length: 993
1 < Content-Type: text/xml;charset=UTF-8
1 < Date: Mon, 13 Sep 2021 15:42:55 GMT
1 < Expires: 0
1 < Pragma: no-cache
1 < Server: WildFly/10
1 < Set-Cookie: [AWSALBTG=+D45I4redkTRM8LD4Cf/p7SBleYNiMmwB87f+XgN1E2peJQp2KLxTuJh6G9gjJhm9cJrXzdHHF68gzXG2Sbw2W/dSxESVvi0XxmBOXMm9ftQ4QPUwpMB6bsrlUraSWdMKuSQ6lZK0ecma611yHIOLeomypHSe/ohbkwGIJloLazV; Expires=Mon, 20 Sep 2021 15:42:52 GMT; Path=/, AWSALBTGCORS=+D45I4redkTRM8LD4Cf/p7SBleYNiMmwB87f+XgN1E2peJQp2KLxTuJh6G9gjJhm9cJrXzdHHF68gzXG2Sbw2W/dSxESVvi0XxmBOXMm9ftQ4QPUwpMB6bsrlUraSWdMKuSQ6lZK0ecma611yHIOLeomypHSe/ohbkwGIJloLazV; Expires=Mon, 20 Sep 2021 15:42:52 GMT; Path=/; SameSite=None; Secure]
1 < X-Powered-By: Undertow/1
<soap:Envelope xmlns:soap="http://schemas.xmlsoap.org/soap/envelope/"><SOAP-ENV:Header xmlns:SOAP-ENV="http://schemas.xmlsoap.org/soap/envelope/"/><soap:Body><ns2:getRequestStatusResponse xmlns:ns2="http://service.jbossws.webservices.celtrak.com/"><RequestStatus xmlns:xsi="http://www.w3.org/2001/XMLSchema-instance" xsi:type="ns2:mqRequestStatus"><commandValue>-2.0</commandValue><communicationType>SMS</communicationType><dateRequestSent>2021-09-13T15:42:18.600Z</dateRequestSent><errorType></errorType><externalCustomerId>4560BD5E-BD7B-42B0-8DCB-627EB8454C72</externalCustomerId><externalVehicleid>Bluebox India 2</externalVehicleid><messageType>Two Way New Set Point Zone 1</messageType><requestMessageTypeId>7</requestMessageTypeId><requestStatusId>4</requestStatusId><sourceIndicator>0</sourceIndicator><statusType>Scheduled</statusType><unitStateType></unitStateType><vehicleRequestId>3553340</vehicleRequestId></RequestStatus></ns2:getRequestStatusResponse></soap:Body></soap:Envelope>

21:12:55.412 [pool-2-thread-5] INFO com.intuit.karate - [print] <soap:Envelope xmlns:soap="http://schemas.xmlsoap.org/soap/envelope/">
  <SOAP-ENV:Header xmlns:SOAP-ENV="http://schemas.xmlsoap.org/soap/envelope/"/>
  <soap:Body>
    <ns2:getRequestStatusResponse xmlns:ns2="http://service.jbossws.webservices.celtrak.com/">
      <RequestStatus xmlns:xsi="http://www.w3.org/2001/XMLSchema-instance" xsi:type="ns2:mqRequestStatus">
        <commandValue>-2.0</commandValue>
        <communicationType>SMS</communicationType>
        <dateRequestSent>2021-09-13T15:42:18.600Z</dateRequestSent>
        <errorType/>
        <externalCustomerId>4560BD5E-BD7B-42B0-8DCB-627EB8454C72</externalCustomerId>
        <externalVehicleid>Bluebox India 2</externalVehicleid>
        <messageType>Two Way New Set Point Zone 1</messageType>
        <requestMessageTypeId>7</requestMessageTypeId>
        <requestStatusId>4</requestStatusId>
        <sourceIndicator>0</sourceIndicator>
        <statusType>Scheduled</statusType>
        <unitStateType/>
        <vehicleRequestId>3553340</vehicleRequestId>
      </RequestStatus>
    </ns2:getRequestStatusResponse>
  </soap:Body>
</soap:Envelope>

21:12:55.422 [pool-2-thread-5] DEBUG com.jayway.jsonpath.internal.path.CompiledPath - Evaluating path: $
21:12:55.439 [pool-2-thread-5] INFO com.intuit.karate.Runner - <<pass>> feature 6 of 8: classpath:resources/Soap.feature
---------------------------------------------------------
feature: classpath:resources/Soap.feature
report: target\surefire-reports\resources.Soap.json
scenarios:  1 | passed:  1 | failed:  0 | time: 42.3503
---------------------------------------------------------
Karate version: 0.9.5
======================================================
elapsed:  43.86 | threads:    5 | thread time: 59.41 
features:     3 | ignored:    5 | efficiency: 0.27
scenarios:    5 | passed:     3 | failed: 2
======================================================
failed features:
resources.DetailsPost: DetailsPost.feature:44 - status code was: 401, expected: 200, response time: 1317, url: https://restdev1.tracking.thermoking.com/connected-solutions/GetCarrierVehicleList/?externalCarrierId=52D0B083-E9B7-47F6-9BAA-D22951DD1E50, response: {"path":"/connected-solutions/GetCarrierVehicleList/","error":"Unauthorized","message":"Invalid Carrier External Id","timestamp":"2021-09-13T15:42:20.128+0000","status":401}
DetailsPost.feature:62 - status code was: 401, expected: 200, response time: 1415, url: https://restdev1.tracking.thermoking.com/connected-solutions/StartTrip/?externalCarrierId=52D0B083-E9B7-47F6-9BAA-D22951DD1E50&vehicleExtId=1100295&scheduledStartTime=2021-05-19+09%3A00%3A00&scheduledDeliveryTime=2021-05-19+09%3A00%3A00&commodity=, response: {"path":"/connected-solutions/StartTrip/","error":"Unauthorized","message":"Invalid Carrier External Id","timestamp":"2021-09-13T15:42:21.681+0000","status":401}

21:12:55.817 [Finalizer] DEBUG org.apache.http.impl.conn.PoolingHttpClientConnectionManager - Connection manager is shutting down
21:12:55.818 [Finalizer] DEBUG org.apache.http.impl.conn.DefaultManagedHttpClientConnection - http-outgoing-2: Close connection
21:12:55.820 [Finalizer] DEBUG org.apache.http.impl.conn.PoolingHttpClientConnectionManager - Connection manager shut down
21:12:55.820 [Finalizer] DEBUG org.apache.http.impl.conn.PoolingHttpClientConnectionManager - Connection manager is shutting down
21:12:55.820 [Finalizer] DEBUG org.apache.http.impl.conn.DefaultManagedHttpClientConnection - http-outgoing-1: Close connection
21:12:55.821 [Finalizer] DEBUG org.apache.http.impl.conn.PoolingHttpClientConnectionManager - Connection manager shut down
21:12:55.822 [Finalizer] DEBUG org.apache.http.impl.conn.PoolingHttpClientConnectionManager - Connection manager is shutting down
21:12:55.822 [Finalizer] DEBUG org.apache.http.impl.conn.DefaultManagedHttpClientConnection - http-outgoing-0: Close connection
21:12:55.824 [Finalizer] DEBUG org.apache.http.impl.conn.PoolingHttpClientConnectionManager - Connection manager shut down
21:12:55.825 [Finalizer] DEBUG org.apache.http.impl.conn.PoolingHttpClientConnectionManager - Connection manager is shutting down
21:12:55.825 [Finalizer] DEBUG org.apache.http.impl.conn.DefaultManagedHttpClientConnection - http-outgoing-5: Close connection
21:12:55.826 [Finalizer] DEBUG org.apache.http.impl.conn.PoolingHttpClientConnectionManager - Connection manager shut down
21:12:55.826 [Finalizer] DEBUG org.apache.http.impl.conn.PoolingHttpClientConnectionManager - Connection manager is shutting down
21:12:55.826 [Finalizer] DEBUG org.apache.http.impl.conn.DefaultManagedHttpClientConnection - http-outgoing-6: Close connection
21:12:55.827 [Finalizer] DEBUG org.apache.http.impl.conn.PoolingHttpClientConnectionManager - Connection manager shut down
21:12:55.827 [Finalizer] DEBUG org.apache.http.impl.conn.PoolingHttpClientConnectionManager - Connection manager is shutting down
21:12:55.827 [Finalizer] DEBUG org.apache.http.impl.conn.DefaultManagedHttpClientConnection - http-outgoing-3: Close connection
21:12:55.828 [Finalizer] DEBUG org.apache.http.impl.conn.PoolingHttpClientConnectionManager - Connection manager shut down
21:12:55.829 [Finalizer] DEBUG org.apache.http.impl.conn.PoolingHttpClientConnectionManager - Connection manager is shutting down
21:12:55.829 [Finalizer] DEBUG org.apache.http.impl.conn.DefaultManagedHttpClientConnection - http-outgoing-4: Close connection
21:12:55.829 [Finalizer] DEBUG org.apache.http.impl.conn.PoolingHttpClientConnectionManager - Connection manager shut down
21:12:57.369 [main] DEBUG org.apache.velocity - CommonsLogLogChute name is 'org.apache.velocity'
21:12:57.370 [main] DEBUG org.apache.velocity - Initializing Velocity, Calling init()...
21:12:57.370 [main] DEBUG org.apache.velocity - Starting Apache Velocity v1.7 (compiled: 2010-11-19 12:14:37)
21:12:57.370 [main] DEBUG org.apache.velocity - Default Properties File: org\apache\velocity\runtime\defaults\velocity.properties
21:12:57.370 [main] DEBUG org.apache.velocity - Trying to use logger class org.apache.velocity.runtime.log.AvalonLogChute
21:12:57.370 [main] DEBUG org.apache.velocity - Target log system for org.apache.velocity.runtime.log.AvalonLogChute is not available (java.lang.NoClassDefFoundError: org/apache/log/format/Formatter).  Falling back to next log system...
21:12:57.370 [main] DEBUG org.apache.velocity - Trying to use logger class org.apache.velocity.runtime.log.Log4JLogChute
21:12:57.370 [main] DEBUG org.apache.velocity - Target log system for org.apache.velocity.runtime.log.Log4JLogChute is not available (java.lang.NoClassDefFoundError: org/apache/log4j/Layout).  Falling back to next log system...
21:12:57.370 [main] DEBUG org.apache.velocity - Trying to use logger class org.apache.velocity.runtime.log.CommonsLogLogChute
21:12:57.370 [main] DEBUG org.apache.velocity - Using logger class org.apache.velocity.runtime.log.CommonsLogLogChute
21:12:57.375 [main] DEBUG org.apache.velocity - ResourceLoader instantiated: org.apache.velocity.runtime.resource.loader.ClasspathResourceLoader
21:12:57.387 [main] DEBUG org.apache.velocity - ResourceCache: initialized (class org.apache.velocity.runtime.resource.ResourceCacheImpl) with class java.util.Collections$SynchronizedMap cache map.
21:12:57.389 [main] DEBUG org.apache.velocity - Loaded System Directive: org.apache.velocity.runtime.directive.Stop
21:12:57.390 [main] DEBUG org.apache.velocity - Loaded System Directive: org.apache.velocity.runtime.directive.Define
21:12:57.390 [main] DEBUG org.apache.velocity - Loaded System Directive: org.apache.velocity.runtime.directive.Break
21:12:57.391 [main] DEBUG org.apache.velocity - Loaded System Directive: org.apache.velocity.runtime.directive.Evaluate
21:12:57.392 [main] DEBUG org.apache.velocity - Loaded System Directive: org.apache.velocity.runtime.directive.Literal
21:12:57.393 [main] DEBUG org.apache.velocity - Loaded System Directive: org.apache.velocity.runtime.directive.Macro
21:12:57.394 [main] DEBUG org.apache.velocity - Loaded System Directive: org.apache.velocity.runtime.directive.Parse
21:12:57.395 [main] DEBUG org.apache.velocity - Loaded System Directive: org.apache.velocity.runtime.directive.Include
21:12:57.396 [main] DEBUG org.apache.velocity - Loaded System Directive: org.apache.velocity.runtime.directive.Foreach
21:12:57.427 [main] DEBUG org.apache.velocity - Created '20' parsers.
21:12:57.432 [main] DEBUG org.apache.velocity - Velocimacro : "velocimacro.library" is not set.  Trying default library: VM_global_library.vm
21:12:57.433 [main] DEBUG org.apache.velocity - Could not load resource 'VM_global_library.vm' from ResourceLoader org.apache.velocity.runtime.resource.loader.ClasspathResourceLoader: ClasspathResourceLoader Error: cannot find resource VM_global_library.vm
21:12:57.433 [main] DEBUG org.apache.velocity - Velocimacro : Default library not found.
21:12:57.433 [main] DEBUG org.apache.velocity - Velocimacro : allowInline = true : VMs can be defined inline in templates
21:12:57.433 [main] DEBUG org.apache.velocity - Velocimacro : allowInlineToOverride = false : VMs defined inline may NOT replace previous VM definitions
21:12:57.433 [main] DEBUG org.apache.velocity - Velocimacro : allowInlineLocal = false : VMs defined inline will be global in scope if allowed.
21:12:57.433 [main] DEBUG org.apache.velocity - Velocimacro : autoload off : VM system will not automatically reload global library macros
21:12:57.559 [main] DEBUG org.apache.velocity - CommonsLogLogChute name is 'org.apache.velocity'
21:12:57.560 [main] DEBUG org.apache.velocity - Initializing Velocity, Calling init()...
21:12:57.560 [main] DEBUG org.apache.velocity - Starting Apache Velocity v1.7 (compiled: 2010-11-19 12:14:37)
21:12:57.560 [main] DEBUG org.apache.velocity - Default Properties File: org\apache\velocity\runtime\defaults\velocity.properties
21:12:57.560 [main] DEBUG org.apache.velocity - Trying to use logger class org.apache.velocity.runtime.log.AvalonLogChute
21:12:57.560 [main] DEBUG org.apache.velocity - Target log system for org.apache.velocity.runtime.log.AvalonLogChute is not available (java.lang.NoClassDefFoundError: org/apache/log/format/Formatter).  Falling back to next log system...
21:12:57.560 [main] DEBUG org.apache.velocity - Trying to use logger class org.apache.velocity.runtime.log.Log4JLogChute
21:12:57.560 [main] DEBUG org.apache.velocity - Target log system for org.apache.velocity.runtime.log.Log4JLogChute is not available (java.lang.NoClassDefFoundError: org/apache/log4j/Layout).  Falling back to next log system...
21:12:57.560 [main] DEBUG org.apache.velocity - Trying to use logger class org.apache.velocity.runtime.log.CommonsLogLogChute
21:12:57.560 [main] DEBUG org.apache.velocity - Using logger class org.apache.velocity.runtime.log.CommonsLogLogChute
21:12:57.560 [main] DEBUG org.apache.velocity - ResourceLoader instantiated: org.apache.velocity.runtime.resource.loader.ClasspathResourceLoader
21:12:57.560 [main] DEBUG org.apache.velocity - ResourceCache: initialized (class org.apache.velocity.runtime.resource.ResourceCacheImpl) with class java.util.Collections$SynchronizedMap cache map.
21:12:57.561 [main] DEBUG org.apache.velocity - Loaded System Directive: org.apache.velocity.runtime.directive.Stop
21:12:57.561 [main] DEBUG org.apache.velocity - Loaded System Directive: org.apache.velocity.runtime.directive.Define
21:12:57.561 [main] DEBUG org.apache.velocity - Loaded System Directive: org.apache.velocity.runtime.directive.Break
21:12:57.561 [main] DEBUG org.apache.velocity - Loaded System Directive: org.apache.velocity.runtime.directive.Evaluate
21:12:57.561 [main] DEBUG org.apache.velocity - Loaded System Directive: org.apache.velocity.runtime.directive.Literal
21:12:57.561 [main] DEBUG org.apache.velocity - Loaded System Directive: org.apache.velocity.runtime.directive.Macro
21:12:57.561 [main] DEBUG org.apache.velocity - Loaded System Directive: org.apache.velocity.runtime.directive.Parse
21:12:57.561 [main] DEBUG org.apache.velocity - Loaded System Directive: org.apache.velocity.runtime.directive.Include
21:12:57.561 [main] DEBUG org.apache.velocity - Loaded System Directive: org.apache.velocity.runtime.directive.Foreach
21:12:57.562 [main] DEBUG org.apache.velocity - Created '20' parsers.
21:12:57.562 [main] DEBUG org.apache.velocity - Velocimacro : "velocimacro.library" is not set.  Trying default library: VM_global_library.vm
21:12:57.562 [main] DEBUG org.apache.velocity - Could not load resource 'VM_global_library.vm' from ResourceLoader org.apache.velocity.runtime.resource.loader.ClasspathResourceLoader: ClasspathResourceLoader Error: cannot find resource VM_global_library.vm
21:12:57.562 [main] DEBUG org.apache.velocity - Velocimacro : Default library not found.
21:12:57.562 [main] DEBUG org.apache.velocity - Velocimacro : allowInline = true : VMs can be defined inline in templates
21:12:57.562 [main] DEBUG org.apache.velocity - Velocimacro : allowInlineToOverride = false : VMs defined inline may NOT replace previous VM definitions
21:12:57.562 [main] DEBUG org.apache.velocity - Velocimacro : allowInlineLocal = false : VMs defined inline will be global in scope if allowed.
21:12:57.562 [main] DEBUG org.apache.velocity - Velocimacro : autoload off : VM system will not automatically reload global library macros
21:12:57.565 [main] DEBUG org.apache.velocity - CommonsLogLogChute name is 'org.apache.velocity'
21:12:57.565 [main] DEBUG org.apache.velocity - Initializing Velocity, Calling init()...
21:12:57.565 [main] DEBUG org.apache.velocity - Starting Apache Velocity v1.7 (compiled: 2010-11-19 12:14:37)
21:12:57.565 [main] DEBUG org.apache.velocity - Default Properties File: org\apache\velocity\runtime\defaults\velocity.properties
21:12:57.565 [main] DEBUG org.apache.velocity - Trying to use logger class org.apache.velocity.runtime.log.AvalonLogChute
21:12:57.565 [main] DEBUG org.apache.velocity - Target log system for org.apache.velocity.runtime.log.AvalonLogChute is not available (java.lang.NoClassDefFoundError: org/apache/log/format/Formatter).  Falling back to next log system...
21:12:57.565 [main] DEBUG org.apache.velocity - Trying to use logger class org.apache.velocity.runtime.log.Log4JLogChute
21:12:57.565 [main] DEBUG org.apache.velocity - Target log system for org.apache.velocity.runtime.log.Log4JLogChute is not available (java.lang.NoClassDefFoundError: org/apache/log4j/Layout).  Falling back to next log system...
21:12:57.565 [main] DEBUG org.apache.velocity - Trying to use logger class org.apache.velocity.runtime.log.CommonsLogLogChute
21:12:57.565 [main] DEBUG org.apache.velocity - Using logger class org.apache.velocity.runtime.log.CommonsLogLogChute
21:12:57.566 [main] DEBUG org.apache.velocity - ResourceLoader instantiated: org.apache.velocity.runtime.resource.loader.ClasspathResourceLoader
21:12:57.566 [main] DEBUG org.apache.velocity - ResourceCache: initialized (class org.apache.velocity.runtime.resource.ResourceCacheImpl) with class java.util.Collections$SynchronizedMap cache map.
21:12:57.567 [main] DEBUG org.apache.velocity - Loaded System Directive: org.apache.velocity.runtime.directive.Stop
21:12:57.567 [main] DEBUG org.apache.velocity - Loaded System Directive: org.apache.velocity.runtime.directive.Define
21:12:57.567 [main] DEBUG org.apache.velocity - Loaded System Directive: org.apache.velocity.runtime.directive.Break
21:12:57.567 [main] DEBUG org.apache.velocity - Loaded System Directive: org.apache.velocity.runtime.directive.Evaluate
21:12:57.567 [main] DEBUG org.apache.velocity - Loaded System Directive: org.apache.velocity.runtime.directive.Literal
21:12:57.567 [main] DEBUG org.apache.velocity - Loaded System Directive: org.apache.velocity.runtime.directive.Macro
21:12:57.567 [main] DEBUG org.apache.velocity - Loaded System Directive: org.apache.velocity.runtime.directive.Parse
21:12:57.567 [main] DEBUG org.apache.velocity - Loaded System Directive: org.apache.velocity.runtime.directive.Include
21:12:57.567 [main] DEBUG org.apache.velocity - Loaded System Directive: org.apache.velocity.runtime.directive.Foreach
21:12:57.568 [main] DEBUG org.apache.velocity - Created '20' parsers.
21:12:57.568 [main] DEBUG org.apache.velocity - Velocimacro : "velocimacro.library" is not set.  Trying default library: VM_global_library.vm
21:12:57.568 [main] DEBUG org.apache.velocity - Could not load resource 'VM_global_library.vm' from ResourceLoader org.apache.velocity.runtime.resource.loader.ClasspathResourceLoader: ClasspathResourceLoader Error: cannot find resource VM_global_library.vm
21:12:57.568 [main] DEBUG org.apache.velocity - Velocimacro : Default library not found.
21:12:57.568 [main] DEBUG org.apache.velocity - Velocimacro : allowInline = true : VMs can be defined inline in templates
21:12:57.568 [main] DEBUG org.apache.velocity - Velocimacro : allowInlineToOverride = false : VMs defined inline may NOT replace previous VM definitions
21:12:57.569 [main] DEBUG org.apache.velocity - Velocimacro : allowInlineLocal = false : VMs defined inline will be global in scope if allowed.
21:12:57.569 [main] DEBUG org.apache.velocity - Velocimacro : autoload off : VM system will not automatically reload global library macros
21:12:57.571 [main] DEBUG org.apache.velocity - CommonsLogLogChute name is 'org.apache.velocity'
21:12:57.571 [main] DEBUG org.apache.velocity - Initializing Velocity, Calling init()...
21:12:57.571 [main] DEBUG org.apache.velocity - Starting Apache Velocity v1.7 (compiled: 2010-11-19 12:14:37)
21:12:57.571 [main] DEBUG org.apache.velocity - Default Properties File: org\apache\velocity\runtime\defaults\velocity.properties
21:12:57.571 [main] DEBUG org.apache.velocity - Trying to use logger class org.apache.velocity.runtime.log.AvalonLogChute
21:12:57.571 [main] DEBUG org.apache.velocity - Target log system for org.apache.velocity.runtime.log.AvalonLogChute is not available (java.lang.NoClassDefFoundError: org/apache/log/format/Formatter).  Falling back to next log system...
21:12:57.571 [main] DEBUG org.apache.velocity - Trying to use logger class org.apache.velocity.runtime.log.Log4JLogChute
21:12:57.571 [main] DEBUG org.apache.velocity - Target log system for org.apache.velocity.runtime.log.Log4JLogChute is not available (java.lang.NoClassDefFoundError: org/apache/log4j/Layout).  Falling back to next log system...
21:12:57.571 [main] DEBUG org.apache.velocity - Trying to use logger class org.apache.velocity.runtime.log.CommonsLogLogChute
21:12:57.571 [main] DEBUG org.apache.velocity - Using logger class org.apache.velocity.runtime.log.CommonsLogLogChute
21:12:57.571 [main] DEBUG org.apache.velocity - ResourceLoader instantiated: org.apache.velocity.runtime.resource.loader.ClasspathResourceLoader
21:12:57.572 [main] DEBUG org.apache.velocity - ResourceCache: initialized (class org.apache.velocity.runtime.resource.ResourceCacheImpl) with class java.util.Collections$SynchronizedMap cache map.
21:12:57.572 [main] DEBUG org.apache.velocity - Loaded System Directive: org.apache.velocity.runtime.directive.Stop
21:12:57.572 [main] DEBUG org.apache.velocity - Loaded System Directive: org.apache.velocity.runtime.directive.Define
21:12:57.572 [main] DEBUG org.apache.velocity - Loaded System Directive: org.apache.velocity.runtime.directive.Break
21:12:57.573 [main] DEBUG org.apache.velocity - Loaded System Directive: org.apache.velocity.runtime.directive.Evaluate
21:12:57.573 [main] DEBUG org.apache.velocity - Loaded System Directive: org.apache.velocity.runtime.directive.Literal
21:12:57.573 [main] DEBUG org.apache.velocity - Loaded System Directive: org.apache.velocity.runtime.directive.Macro
21:12:57.573 [main] DEBUG org.apache.velocity - Loaded System Directive: org.apache.velocity.runtime.directive.Parse
21:12:57.573 [main] DEBUG org.apache.velocity - Loaded System Directive: org.apache.velocity.runtime.directive.Include
21:12:57.573 [main] DEBUG org.apache.velocity - Loaded System Directive: org.apache.velocity.runtime.directive.Foreach
21:12:57.574 [main] DEBUG org.apache.velocity - Created '20' parsers.
21:12:57.574 [main] DEBUG org.apache.velocity - Velocimacro : "velocimacro.library" is not set.  Trying default library: VM_global_library.vm
21:12:57.574 [main] DEBUG org.apache.velocity - Could not load resource 'VM_global_library.vm' from ResourceLoader org.apache.velocity.runtime.resource.loader.ClasspathResourceLoader: ClasspathResourceLoader Error: cannot find resource VM_global_library.vm
21:12:57.574 [main] DEBUG org.apache.velocity - Velocimacro : Default library not found.
21:12:57.574 [main] DEBUG org.apache.velocity - Velocimacro : allowInline = true : VMs can be defined inline in templates
21:12:57.574 [main] DEBUG org.apache.velocity - Velocimacro : allowInlineToOverride = false : VMs defined inline may NOT replace previous VM definitions
21:12:57.574 [main] DEBUG org.apache.velocity - Velocimacro : allowInlineLocal = false : VMs defined inline will be global in scope if allowed.
21:12:57.574 [main] DEBUG org.apache.velocity - Velocimacro : autoload off : VM system will not automatically reload global library macros
21:12:57.578 [main] DEBUG org.apache.velocity - CommonsLogLogChute name is 'org.apache.velocity'
21:12:57.578 [main] DEBUG org.apache.velocity - Initializing Velocity, Calling init()...
21:12:57.579 [main] DEBUG org.apache.velocity - Starting Apache Velocity v1.7 (compiled: 2010-11-19 12:14:37)
21:12:57.579 [main] DEBUG org.apache.velocity - Default Properties File: org\apache\velocity\runtime\defaults\velocity.properties
21:12:57.579 [main] DEBUG org.apache.velocity - Trying to use logger class org.apache.velocity.runtime.log.AvalonLogChute
21:12:57.579 [main] DEBUG org.apache.velocity - Target log system for org.apache.velocity.runtime.log.AvalonLogChute is not available (java.lang.NoClassDefFoundError: org/apache/log/format/Formatter).  Falling back to next log system...
21:12:57.579 [main] DEBUG org.apache.velocity - Trying to use logger class org.apache.velocity.runtime.log.Log4JLogChute
21:12:57.579 [main] DEBUG org.apache.velocity - Target log system for org.apache.velocity.runtime.log.Log4JLogChute is not available (java.lang.NoClassDefFoundError: org/apache/log4j/Layout).  Falling back to next log system...
21:12:57.579 [main] DEBUG org.apache.velocity - Trying to use logger class org.apache.velocity.runtime.log.CommonsLogLogChute
21:12:57.579 [main] DEBUG org.apache.velocity - Using logger class org.apache.velocity.runtime.log.CommonsLogLogChute
21:12:57.579 [main] DEBUG org.apache.velocity - ResourceLoader instantiated: org.apache.velocity.runtime.resource.loader.ClasspathResourceLoader
21:12:57.579 [main] DEBUG org.apache.velocity - ResourceCache: initialized (class org.apache.velocity.runtime.resource.ResourceCacheImpl) with class java.util.Collections$SynchronizedMap cache map.
21:12:57.580 [main] DEBUG org.apache.velocity - Loaded System Directive: org.apache.velocity.runtime.directive.Stop
21:12:57.580 [main] DEBUG org.apache.velocity - Loaded System Directive: org.apache.velocity.runtime.directive.Define
21:12:57.580 [main] DEBUG org.apache.velocity - Loaded System Directive: org.apache.velocity.runtime.directive.Break
21:12:57.580 [main] DEBUG org.apache.velocity - Loaded System Directive: org.apache.velocity.runtime.directive.Evaluate
21:12:57.580 [main] DEBUG org.apache.velocity - Loaded System Directive: org.apache.velocity.runtime.directive.Literal
21:12:57.580 [main] DEBUG org.apache.velocity - Loaded System Directive: org.apache.velocity.runtime.directive.Macro
21:12:57.580 [main] DEBUG org.apache.velocity - Loaded System Directive: org.apache.velocity.runtime.directive.Parse
21:12:57.580 [main] DEBUG org.apache.velocity - Loaded System Directive: org.apache.velocity.runtime.directive.Include
21:12:57.580 [main] DEBUG org.apache.velocity - Loaded System Directive: org.apache.velocity.runtime.directive.Foreach
21:12:57.581 [main] DEBUG org.apache.velocity - Created '20' parsers.
21:12:57.581 [main] DEBUG org.apache.velocity - Velocimacro : "velocimacro.library" is not set.  Trying default library: VM_global_library.vm
21:12:57.581 [main] DEBUG org.apache.velocity - Could not load resource 'VM_global_library.vm' from ResourceLoader org.apache.velocity.runtime.resource.loader.ClasspathResourceLoader: ClasspathResourceLoader Error: cannot find resource VM_global_library.vm
21:12:57.581 [main] DEBUG org.apache.velocity - Velocimacro : Default library not found.
21:12:57.581 [main] DEBUG org.apache.velocity - Velocimacro : allowInline = true : VMs can be defined inline in templates
21:12:57.581 [main] DEBUG org.apache.velocity - Velocimacro : allowInlineToOverride = false : VMs defined inline may NOT replace previous VM definitions
21:12:57.581 [main] DEBUG org.apache.velocity - Velocimacro : allowInlineLocal = false : VMs defined inline will be global in scope if allowed.
21:12:57.581 [main] DEBUG org.apache.velocity - Velocimacro : autoload off : VM system will not automatically reload global library macros
21:12:57.586 [main] DEBUG org.apache.velocity - CommonsLogLogChute name is 'org.apache.velocity'
21:12:57.586 [main] DEBUG org.apache.velocity - Initializing Velocity, Calling init()...
21:12:57.586 [main] DEBUG org.apache.velocity - Starting Apache Velocity v1.7 (compiled: 2010-11-19 12:14:37)
21:12:57.586 [main] DEBUG org.apache.velocity - Default Properties File: org\apache\velocity\runtime\defaults\velocity.properties
21:12:57.586 [main] DEBUG org.apache.velocity - Trying to use logger class org.apache.velocity.runtime.log.AvalonLogChute
21:12:57.586 [main] DEBUG org.apache.velocity - Target log system for org.apache.velocity.runtime.log.AvalonLogChute is not available (java.lang.NoClassDefFoundError: org/apache/log/format/Formatter).  Falling back to next log system...
21:12:57.586 [main] DEBUG org.apache.velocity - Trying to use logger class org.apache.velocity.runtime.log.Log4JLogChute
21:12:57.586 [main] DEBUG org.apache.velocity - Target log system for org.apache.velocity.runtime.log.Log4JLogChute is not available (java.lang.NoClassDefFoundError: org/apache/log4j/Layout).  Falling back to next log system...
21:12:57.586 [main] DEBUG org.apache.velocity - Trying to use logger class org.apache.velocity.runtime.log.CommonsLogLogChute
21:12:57.586 [main] DEBUG org.apache.velocity - Using logger class org.apache.velocity.runtime.log.CommonsLogLogChute
21:12:57.586 [main] DEBUG org.apache.velocity - ResourceLoader instantiated: org.apache.velocity.runtime.resource.loader.ClasspathResourceLoader
21:12:57.586 [main] DEBUG org.apache.velocity - ResourceCache: initialized (class org.apache.velocity.runtime.resource.ResourceCacheImpl) with class java.util.Collections$SynchronizedMap cache map.
21:12:57.587 [main] DEBUG org.apache.velocity - Loaded System Directive: org.apache.velocity.runtime.directive.Stop
21:12:57.587 [main] DEBUG org.apache.velocity - Loaded System Directive: org.apache.velocity.runtime.directive.Define
21:12:57.587 [main] DEBUG org.apache.velocity - Loaded System Directive: org.apache.velocity.runtime.directive.Break
21:12:57.587 [main] DEBUG org.apache.velocity - Loaded System Directive: org.apache.velocity.runtime.directive.Evaluate
21:12:57.587 [main] DEBUG org.apache.velocity - Loaded System Directive: org.apache.velocity.runtime.directive.Literal
21:12:57.587 [main] DEBUG org.apache.velocity - Loaded System Directive: org.apache.velocity.runtime.directive.Macro
21:12:57.587 [main] DEBUG org.apache.velocity - Loaded System Directive: org.apache.velocity.runtime.directive.Parse
21:12:57.587 [main] DEBUG org.apache.velocity - Loaded System Directive: org.apache.velocity.runtime.directive.Include
21:12:57.587 [main] DEBUG org.apache.velocity - Loaded System Directive: org.apache.velocity.runtime.directive.Foreach
21:12:57.589 [main] DEBUG org.apache.velocity - Created '20' parsers.
21:12:57.589 [main] DEBUG org.apache.velocity - Velocimacro : "velocimacro.library" is not set.  Trying default library: VM_global_library.vm
21:12:57.589 [main] DEBUG org.apache.velocity - Could not load resource 'VM_global_library.vm' from ResourceLoader org.apache.velocity.runtime.resource.loader.ClasspathResourceLoader: ClasspathResourceLoader Error: cannot find resource VM_global_library.vm
21:12:57.589 [main] DEBUG org.apache.velocity - Velocimacro : Default library not found.
21:12:57.589 [main] DEBUG org.apache.velocity - Velocimacro : allowInline = true : VMs can be defined inline in templates
21:12:57.589 [main] DEBUG org.apache.velocity - Velocimacro : allowInlineToOverride = false : VMs defined inline may NOT replace previous VM definitions
21:12:57.589 [main] DEBUG org.apache.velocity - Velocimacro : allowInlineLocal = false : VMs defined inline will be global in scope if allowed.
21:12:57.589 [main] DEBUG org.apache.velocity - Velocimacro : autoload off : VM system will not automatically reload global library macros
21:12:57.592 [main] DEBUG org.apache.velocity - CommonsLogLogChute name is 'org.apache.velocity'
21:12:57.592 [main] DEBUG org.apache.velocity - Initializing Velocity, Calling init()...
21:12:57.592 [main] DEBUG org.apache.velocity - Starting Apache Velocity v1.7 (compiled: 2010-11-19 12:14:37)
21:12:57.592 [main] DEBUG org.apache.velocity - Default Properties File: org\apache\velocity\runtime\defaults\velocity.properties
21:12:57.592 [main] DEBUG org.apache.velocity - Trying to use logger class org.apache.velocity.runtime.log.AvalonLogChute
21:12:57.592 [main] DEBUG org.apache.velocity - Target log system for org.apache.velocity.runtime.log.AvalonLogChute is not available (java.lang.NoClassDefFoundError: org/apache/log/format/Formatter).  Falling back to next log system...
21:12:57.592 [main] DEBUG org.apache.velocity - Trying to use logger class org.apache.velocity.runtime.log.Log4JLogChute
21:12:57.592 [main] DEBUG org.apache.velocity - Target log system for org.apache.velocity.runtime.log.Log4JLogChute is not available (java.lang.NoClassDefFoundError: org/apache/log4j/Layout).  Falling back to next log system...
21:12:57.592 [main] DEBUG org.apache.velocity - Trying to use logger class org.apache.velocity.runtime.log.CommonsLogLogChute
21:12:57.592 [main] DEBUG org.apache.velocity - Using logger class org.apache.velocity.runtime.log.CommonsLogLogChute
21:12:57.592 [main] DEBUG org.apache.velocity - ResourceLoader instantiated: org.apache.velocity.runtime.resource.loader.ClasspathResourceLoader
21:12:57.592 [main] DEBUG org.apache.velocity - ResourceCache: initialized (class org.apache.velocity.runtime.resource.ResourceCacheImpl) with class java.util.Collections$SynchronizedMap cache map.
21:12:57.593 [main] DEBUG org.apache.velocity - Loaded System Directive: org.apache.velocity.runtime.directive.Stop
21:12:57.593 [main] DEBUG org.apache.velocity - Loaded System Directive: org.apache.velocity.runtime.directive.Define
21:12:57.593 [main] DEBUG org.apache.velocity - Loaded System Directive: org.apache.velocity.runtime.directive.Break
21:12:57.593 [main] DEBUG org.apache.velocity - Loaded System Directive: org.apache.velocity.runtime.directive.Evaluate
21:12:57.593 [main] DEBUG org.apache.velocity - Loaded System Directive: org.apache.velocity.runtime.directive.Literal
21:12:57.593 [main] DEBUG org.apache.velocity - Loaded System Directive: org.apache.velocity.runtime.directive.Macro
21:12:57.594 [main] DEBUG org.apache.velocity - Loaded System Directive: org.apache.velocity.runtime.directive.Parse
21:12:57.594 [main] DEBUG org.apache.velocity - Loaded System Directive: org.apache.velocity.runtime.directive.Include
21:12:57.594 [main] DEBUG org.apache.velocity - Loaded System Directive: org.apache.velocity.runtime.directive.Foreach
21:12:57.596 [main] DEBUG org.apache.velocity - Created '20' parsers.
21:12:57.596 [main] DEBUG org.apache.velocity - Velocimacro : "velocimacro.library" is not set.  Trying default library: VM_global_library.vm
21:12:57.597 [main] DEBUG org.apache.velocity - Could not load resource 'VM_global_library.vm' from ResourceLoader org.apache.velocity.runtime.resource.loader.ClasspathResourceLoader: ClasspathResourceLoader Error: cannot find resource VM_global_library.vm
21:12:57.597 [main] DEBUG org.apache.velocity - Velocimacro : Default library not found.
21:12:57.597 [main] DEBUG org.apache.velocity - Velocimacro : allowInline = true : VMs can be defined inline in templates
21:12:57.597 [main] DEBUG org.apache.velocity - Velocimacro : allowInlineToOverride = false : VMs defined inline may NOT replace previous VM definitions
21:12:57.597 [main] DEBUG org.apache.velocity - Velocimacro : allowInlineLocal = false : VMs defined inline will be global in scope if allowed.
21:12:57.597 [main] DEBUG org.apache.velocity - Velocimacro : autoload off : VM system will not automatically reload global library macros
21:12:57.600 [main] DEBUG org.apache.velocity - CommonsLogLogChute name is 'org.apache.velocity'
21:12:57.600 [main] DEBUG org.apache.velocity - Initializing Velocity, Calling init()...
21:12:57.600 [main] DEBUG org.apache.velocity - Starting Apache Velocity v1.7 (compiled: 2010-11-19 12:14:37)
21:12:57.600 [main] DEBUG org.apache.velocity - Default Properties File: org\apache\velocity\runtime\defaults\velocity.properties
21:12:57.600 [main] DEBUG org.apache.velocity - Trying to use logger class org.apache.velocity.runtime.log.AvalonLogChute
21:12:57.600 [main] DEBUG org.apache.velocity - Target log system for org.apache.velocity.runtime.log.AvalonLogChute is not available (java.lang.NoClassDefFoundError: org/apache/log/format/Formatter).  Falling back to next log system...
21:12:57.600 [main] DEBUG org.apache.velocity - Trying to use logger class org.apache.velocity.runtime.log.Log4JLogChute
21:12:57.600 [main] DEBUG org.apache.velocity - Target log system for org.apache.velocity.runtime.log.Log4JLogChute is not available (java.lang.NoClassDefFoundError: org/apache/log4j/Layout).  Falling back to next log system...
21:12:57.600 [main] DEBUG org.apache.velocity - Trying to use logger class org.apache.velocity.runtime.log.CommonsLogLogChute
21:12:57.600 [main] DEBUG org.apache.velocity - Using logger class org.apache.velocity.runtime.log.CommonsLogLogChute
21:12:57.600 [main] DEBUG org.apache.velocity - ResourceLoader instantiated: org.apache.velocity.runtime.resource.loader.ClasspathResourceLoader
21:12:57.600 [main] DEBUG org.apache.velocity - ResourceCache: initialized (class org.apache.velocity.runtime.resource.ResourceCacheImpl) with class java.util.Collections$SynchronizedMap cache map.
21:12:57.601 [main] DEBUG org.apache.velocity - Loaded System Directive: org.apache.velocity.runtime.directive.Stop
21:12:57.601 [main] DEBUG org.apache.velocity - Loaded System Directive: org.apache.velocity.runtime.directive.Define
21:12:57.601 [main] DEBUG org.apache.velocity - Loaded System Directive: org.apache.velocity.runtime.directive.Break
21:12:57.601 [main] DEBUG org.apache.velocity - Loaded System Directive: org.apache.velocity.runtime.directive.Evaluate
21:12:57.601 [main] DEBUG org.apache.velocity - Loaded System Directive: org.apache.velocity.runtime.directive.Literal
21:12:57.601 [main] DEBUG org.apache.velocity - Loaded System Directive: org.apache.velocity.runtime.directive.Macro
21:12:57.601 [main] DEBUG org.apache.velocity - Loaded System Directive: org.apache.velocity.runtime.directive.Parse
21:12:57.601 [main] DEBUG org.apache.velocity - Loaded System Directive: org.apache.velocity.runtime.directive.Include
21:12:57.601 [main] DEBUG org.apache.velocity - Loaded System Directive: org.apache.velocity.runtime.directive.Foreach
21:12:57.602 [main] DEBUG org.apache.velocity - Created '20' parsers.
21:12:57.602 [main] DEBUG org.apache.velocity - Velocimacro : "velocimacro.library" is not set.  Trying default library: VM_global_library.vm
21:12:57.603 [main] DEBUG org.apache.velocity - Could not load resource 'VM_global_library.vm' from ResourceLoader org.apache.velocity.runtime.resource.loader.ClasspathResourceLoader: ClasspathResourceLoader Error: cannot find resource VM_global_library.vm
21:12:57.603 [main] DEBUG org.apache.velocity - Velocimacro : Default library not found.
21:12:57.603 [main] DEBUG org.apache.velocity - Velocimacro : allowInline = true : VMs can be defined inline in templates
21:12:57.603 [main] DEBUG org.apache.velocity - Velocimacro : allowInlineToOverride = false : VMs defined inline may NOT replace previous VM definitions
21:12:57.603 [main] DEBUG org.apache.velocity - Velocimacro : allowInlineLocal = false : VMs defined inline will be global in scope if allowed.
21:12:57.603 [main] DEBUG org.apache.velocity - Velocimacro : autoload off : VM system will not automatically reload global library macros
21:12:57.606 [main] DEBUG org.apache.velocity - CommonsLogLogChute name is 'org.apache.velocity'
21:12:57.606 [main] DEBUG org.apache.velocity - Initializing Velocity, Calling init()...
21:12:57.606 [main] DEBUG org.apache.velocity - Starting Apache Velocity v1.7 (compiled: 2010-11-19 12:14:37)
21:12:57.606 [main] DEBUG org.apache.velocity - Default Properties File: org\apache\velocity\runtime\defaults\velocity.properties
21:12:57.606 [main] DEBUG org.apache.velocity - Trying to use logger class org.apache.velocity.runtime.log.AvalonLogChute
21:12:57.606 [main] DEBUG org.apache.velocity - Target log system for org.apache.velocity.runtime.log.AvalonLogChute is not available (java.lang.NoClassDefFoundError: org/apache/log/format/Formatter).  Falling back to next log system...
21:12:57.606 [main] DEBUG org.apache.velocity - Trying to use logger class org.apache.velocity.runtime.log.Log4JLogChute
21:12:57.606 [main] DEBUG org.apache.velocity - Target log system for org.apache.velocity.runtime.log.Log4JLogChute is not available (java.lang.NoClassDefFoundError: org/apache/log4j/Layout).  Falling back to next log system...
21:12:57.606 [main] DEBUG org.apache.velocity - Trying to use logger class org.apache.velocity.runtime.log.CommonsLogLogChute
21:12:57.606 [main] DEBUG org.apache.velocity - Using logger class org.apache.velocity.runtime.log.CommonsLogLogChute
21:12:57.606 [main] DEBUG org.apache.velocity - ResourceLoader instantiated: org.apache.velocity.runtime.resource.loader.ClasspathResourceLoader
21:12:57.607 [main] DEBUG org.apache.velocity - ResourceCache: initialized (class org.apache.velocity.runtime.resource.ResourceCacheImpl) with class java.util.Collections$SynchronizedMap cache map.
21:12:57.607 [main] DEBUG org.apache.velocity - Loaded System Directive: org.apache.velocity.runtime.directive.Stop
21:12:57.607 [main] DEBUG org.apache.velocity - Loaded System Directive: org.apache.velocity.runtime.directive.Define
21:12:57.607 [main] DEBUG org.apache.velocity - Loaded System Directive: org.apache.velocity.runtime.directive.Break
21:12:57.607 [main] DEBUG org.apache.velocity - Loaded System Directive: org.apache.velocity.runtime.directive.Evaluate
21:12:57.607 [main] DEBUG org.apache.velocity - Loaded System Directive: org.apache.velocity.runtime.directive.Literal
21:12:57.607 [main] DEBUG org.apache.velocity - Loaded System Directive: org.apache.velocity.runtime.directive.Macro
21:12:57.607 [main] DEBUG org.apache.velocity - Loaded System Directive: org.apache.velocity.runtime.directive.Parse
21:12:57.608 [main] DEBUG org.apache.velocity - Loaded System Directive: org.apache.velocity.runtime.directive.Include
21:12:57.608 [main] DEBUG org.apache.velocity - Loaded System Directive: org.apache.velocity.runtime.directive.Foreach
21:12:57.608 [main] DEBUG org.apache.velocity - Created '20' parsers.
21:12:57.608 [main] DEBUG org.apache.velocity - Velocimacro : "velocimacro.library" is not set.  Trying default library: VM_global_library.vm
21:12:57.609 [main] DEBUG org.apache.velocity - Could not load resource 'VM_global_library.vm' from ResourceLoader org.apache.velocity.runtime.resource.loader.ClasspathResourceLoader: ClasspathResourceLoader Error: cannot find resource VM_global_library.vm
21:12:57.609 [main] DEBUG org.apache.velocity - Velocimacro : Default library not found.
21:12:57.609 [main] DEBUG org.apache.velocity - Velocimacro : allowInline = true : VMs can be defined inline in templates
21:12:57.609 [main] DEBUG org.apache.velocity - Velocimacro : allowInlineToOverride = false : VMs defined inline may NOT replace previous VM definitions
21:12:57.609 [main] DEBUG org.apache.velocity - Velocimacro : allowInlineLocal = false : VMs defined inline will be global in scope if allowed.
21:12:57.609 [main] DEBUG org.apache.velocity - Velocimacro : autoload off : VM system will not automatically reload global library macros
21:12:57.613 [main] DEBUG org.apache.velocity - CommonsLogLogChute name is 'org.apache.velocity'
21:12:57.613 [main] DEBUG org.apache.velocity - Initializing Velocity, Calling init()...
21:12:57.613 [main] DEBUG org.apache.velocity - Starting Apache Velocity v1.7 (compiled: 2010-11-19 12:14:37)
21:12:57.613 [main] DEBUG org.apache.velocity - Default Properties File: org\apache\velocity\runtime\defaults\velocity.properties
21:12:57.613 [main] DEBUG org.apache.velocity - Trying to use logger class org.apache.velocity.runtime.log.AvalonLogChute
21:12:57.613 [main] DEBUG org.apache.velocity - Target log system for org.apache.velocity.runtime.log.AvalonLogChute is not available (java.lang.NoClassDefFoundError: org/apache/log/format/Formatter).  Falling back to next log system...
21:12:57.613 [main] DEBUG org.apache.velocity - Trying to use logger class org.apache.velocity.runtime.log.Log4JLogChute
21:12:57.613 [main] DEBUG org.apache.velocity - Target log system for org.apache.velocity.runtime.log.Log4JLogChute is not available (java.lang.NoClassDefFoundError: org/apache/log4j/Layout).  Falling back to next log system...
21:12:57.613 [main] DEBUG org.apache.velocity - Trying to use logger class org.apache.velocity.runtime.log.CommonsLogLogChute
21:12:57.613 [main] DEBUG org.apache.velocity - Using logger class org.apache.velocity.runtime.log.CommonsLogLogChute
21:12:57.614 [main] DEBUG org.apache.velocity - ResourceLoader instantiated: org.apache.velocity.runtime.resource.loader.ClasspathResourceLoader
21:12:57.614 [main] DEBUG org.apache.velocity - ResourceCache: initialized (class org.apache.velocity.runtime.resource.ResourceCacheImpl) with class java.util.Collections$SynchronizedMap cache map.
21:12:57.615 [main] DEBUG org.apache.velocity - Loaded System Directive: org.apache.velocity.runtime.directive.Stop
21:12:57.615 [main] DEBUG org.apache.velocity - Loaded System Directive: org.apache.velocity.runtime.directive.Define
21:12:57.615 [main] DEBUG org.apache.velocity - Loaded System Directive: org.apache.velocity.runtime.directive.Break
21:12:57.615 [main] DEBUG org.apache.velocity - Loaded System Directive: org.apache.velocity.runtime.directive.Evaluate
21:12:57.615 [main] DEBUG org.apache.velocity - Loaded System Directive: org.apache.velocity.runtime.directive.Literal
21:12:57.615 [main] DEBUG org.apache.velocity - Loaded System Directive: org.apache.velocity.runtime.directive.Macro
21:12:57.615 [main] DEBUG org.apache.velocity - Loaded System Directive: org.apache.velocity.runtime.directive.Parse
21:12:57.615 [main] DEBUG org.apache.velocity - Loaded System Directive: org.apache.velocity.runtime.directive.Include
21:12:57.615 [main] DEBUG org.apache.velocity - Loaded System Directive: org.apache.velocity.runtime.directive.Foreach
21:12:57.616 [main] DEBUG org.apache.velocity - Created '20' parsers.
21:12:57.616 [main] DEBUG org.apache.velocity - Velocimacro : "velocimacro.library" is not set.  Trying default library: VM_global_library.vm
21:12:57.617 [main] DEBUG org.apache.velocity - Could not load resource 'VM_global_library.vm' from ResourceLoader org.apache.velocity.runtime.resource.loader.ClasspathResourceLoader: ClasspathResourceLoader Error: cannot find resource VM_global_library.vm
21:12:57.617 [main] DEBUG org.apache.velocity - Velocimacro : Default library not found.
21:12:57.617 [main] DEBUG org.apache.velocity - Velocimacro : allowInline = true : VMs can be defined inline in templates
21:12:57.617 [main] DEBUG org.apache.velocity - Velocimacro : allowInlineToOverride = false : VMs defined inline may NOT replace previous VM definitions
21:12:57.617 [main] DEBUG org.apache.velocity - Velocimacro : allowInlineLocal = false : VMs defined inline will be global in scope if allowed.
21:12:57.617 [main] DEBUG org.apache.velocity - Velocimacro : autoload off : VM system will not automatically reload global library macros
21:12:57.619 [main] DEBUG org.apache.velocity - CommonsLogLogChute name is 'org.apache.velocity'
21:12:57.619 [main] DEBUG org.apache.velocity - Initializing Velocity, Calling init()...
21:12:57.619 [main] DEBUG org.apache.velocity - Starting Apache Velocity v1.7 (compiled: 2010-11-19 12:14:37)
21:12:57.619 [main] DEBUG org.apache.velocity - Default Properties File: org\apache\velocity\runtime\defaults\velocity.properties
21:12:57.619 [main] DEBUG org.apache.velocity - Trying to use logger class org.apache.velocity.runtime.log.AvalonLogChute
21:12:57.619 [main] DEBUG org.apache.velocity - Target log system for org.apache.velocity.runtime.log.AvalonLogChute is not available (java.lang.NoClassDefFoundError: org/apache/log/format/Formatter).  Falling back to next log system...
21:12:57.619 [main] DEBUG org.apache.velocity - Trying to use logger class org.apache.velocity.runtime.log.Log4JLogChute
21:12:57.619 [main] DEBUG org.apache.velocity - Target log system for org.apache.velocity.runtime.log.Log4JLogChute is not available (java.lang.NoClassDefFoundError: org/apache/log4j/Layout).  Falling back to next log system...
21:12:57.619 [main] DEBUG org.apache.velocity - Trying to use logger class org.apache.velocity.runtime.log.CommonsLogLogChute
21:12:57.619 [main] DEBUG org.apache.velocity - Using logger class org.apache.velocity.runtime.log.CommonsLogLogChute
21:12:57.619 [main] DEBUG org.apache.velocity - ResourceLoader instantiated: org.apache.velocity.runtime.resource.loader.ClasspathResourceLoader
21:12:57.620 [main] DEBUG org.apache.velocity - ResourceCache: initialized (class org.apache.velocity.runtime.resource.ResourceCacheImpl) with class java.util.Collections$SynchronizedMap cache map.
21:12:57.620 [main] DEBUG org.apache.velocity - Loaded System Directive: org.apache.velocity.runtime.directive.Stop
21:12:57.620 [main] DEBUG org.apache.velocity - Loaded System Directive: org.apache.velocity.runtime.directive.Define
21:12:57.620 [main] DEBUG org.apache.velocity - Loaded System Directive: org.apache.velocity.runtime.directive.Break
21:12:57.620 [main] DEBUG org.apache.velocity - Loaded System Directive: org.apache.velocity.runtime.directive.Evaluate
21:12:57.620 [main] DEBUG org.apache.velocity - Loaded System Directive: org.apache.velocity.runtime.directive.Literal
21:12:57.620 [main] DEBUG org.apache.velocity - Loaded System Directive: org.apache.velocity.runtime.directive.Macro
21:12:57.620 [main] DEBUG org.apache.velocity - Loaded System Directive: org.apache.velocity.runtime.directive.Parse
21:12:57.620 [main] DEBUG org.apache.velocity - Loaded System Directive: org.apache.velocity.runtime.directive.Include
21:12:57.620 [main] DEBUG org.apache.velocity - Loaded System Directive: org.apache.velocity.runtime.directive.Foreach
21:12:57.622 [main] DEBUG org.apache.velocity - Created '20' parsers.
21:12:57.622 [main] DEBUG org.apache.velocity - Velocimacro : "velocimacro.library" is not set.  Trying default library: VM_global_library.vm
21:12:57.623 [main] DEBUG org.apache.velocity - Could not load resource 'VM_global_library.vm' from ResourceLoader org.apache.velocity.runtime.resource.loader.ClasspathResourceLoader: ClasspathResourceLoader Error: cannot find resource VM_global_library.vm
21:12:57.623 [main] DEBUG org.apache.velocity - Velocimacro : Default library not found.
21:12:57.623 [main] DEBUG org.apache.velocity - Velocimacro : allowInline = true : VMs can be defined inline in templates
21:12:57.623 [main] DEBUG org.apache.velocity - Velocimacro : allowInlineToOverride = false : VMs defined inline may NOT replace previous VM definitions
21:12:57.623 [main] DEBUG org.apache.velocity - Velocimacro : allowInlineLocal = false : VMs defined inline will be global in scope if allowed.
21:12:57.623 [main] DEBUG org.apache.velocity - Velocimacro : autoload off : VM system will not automatically reload global library macros
21:12:57.627 [main] DEBUG org.apache.velocity - CommonsLogLogChute name is 'org.apache.velocity'
21:12:57.627 [main] DEBUG org.apache.velocity - Initializing Velocity, Calling init()...
21:12:57.627 [main] DEBUG org.apache.velocity - Starting Apache Velocity v1.7 (compiled: 2010-11-19 12:14:37)
21:12:57.627 [main] DEBUG org.apache.velocity - Default Properties File: org\apache\velocity\runtime\defaults\velocity.properties
21:12:57.627 [main] DEBUG org.apache.velocity - Trying to use logger class org.apache.velocity.runtime.log.AvalonLogChute
21:12:57.627 [main] DEBUG org.apache.velocity - Target log system for org.apache.velocity.runtime.log.AvalonLogChute is not available (java.lang.NoClassDefFoundError: org/apache/log/format/Formatter).  Falling back to next log system...
21:12:57.627 [main] DEBUG org.apache.velocity - Trying to use logger class org.apache.velocity.runtime.log.Log4JLogChute
21:12:57.627 [main] DEBUG org.apache.velocity - Target log system for org.apache.velocity.runtime.log.Log4JLogChute is not available (java.lang.NoClassDefFoundError: org/apache/log4j/Layout).  Falling back to next log system...
21:12:57.627 [main] DEBUG org.apache.velocity - Trying to use logger class org.apache.velocity.runtime.log.CommonsLogLogChute
21:12:57.627 [main] DEBUG org.apache.velocity - Using logger class org.apache.velocity.runtime.log.CommonsLogLogChute
21:12:57.627 [main] DEBUG org.apache.velocity - ResourceLoader instantiated: org.apache.velocity.runtime.resource.loader.ClasspathResourceLoader
21:12:57.627 [main] DEBUG org.apache.velocity - ResourceCache: initialized (class org.apache.velocity.runtime.resource.ResourceCacheImpl) with class java.util.Collections$SynchronizedMap cache map.
21:12:57.629 [main] DEBUG org.apache.velocity - Loaded System Directive: org.apache.velocity.runtime.directive.Stop
21:12:57.629 [main] DEBUG org.apache.velocity - Loaded System Directive: org.apache.velocity.runtime.directive.Define
21:12:57.629 [main] DEBUG org.apache.velocity - Loaded System Directive: org.apache.velocity.runtime.directive.Break
21:12:57.629 [main] DEBUG org.apache.velocity - Loaded System Directive: org.apache.velocity.runtime.directive.Evaluate
21:12:57.629 [main] DEBUG org.apache.velocity - Loaded System Directive: org.apache.velocity.runtime.directive.Literal
21:12:57.629 [main] DEBUG org.apache.velocity - Loaded System Directive: org.apache.velocity.runtime.directive.Macro
21:12:57.629 [main] DEBUG org.apache.velocity - Loaded System Directive: org.apache.velocity.runtime.directive.Parse
21:12:57.629 [main] DEBUG org.apache.velocity - Loaded System Directive: org.apache.velocity.runtime.directive.Include
21:12:57.629 [main] DEBUG org.apache.velocity - Loaded System Directive: org.apache.velocity.runtime.directive.Foreach
21:12:57.629 [main] DEBUG org.apache.velocity - Created '20' parsers.
21:12:57.629 [main] DEBUG org.apache.velocity - Velocimacro : "velocimacro.library" is not set.  Trying default library: VM_global_library.vm
21:12:57.629 [main] DEBUG org.apache.velocity - Could not load resource 'VM_global_library.vm' from ResourceLoader org.apache.velocity.runtime.resource.loader.ClasspathResourceLoader: ClasspathResourceLoader Error: cannot find resource VM_global_library.vm
21:12:57.629 [main] DEBUG org.apache.velocity - Velocimacro : Default library not found.
21:12:57.629 [main] DEBUG org.apache.velocity - Velocimacro : allowInline = true : VMs can be defined inline in templates
21:12:57.629 [main] DEBUG org.apache.velocity - Velocimacro : allowInlineToOverride = false : VMs defined inline may NOT replace previous VM definitions
21:12:57.629 [main] DEBUG org.apache.velocity - Velocimacro : allowInlineLocal = false : VMs defined inline will be global in scope if allowed.
21:12:57.629 [main] DEBUG org.apache.velocity - Velocimacro : autoload off : VM system will not automatically reload global library macros
21:12:57.632 [main] DEBUG org.apache.velocity - CommonsLogLogChute name is 'org.apache.velocity'
21:12:57.632 [main] DEBUG org.apache.velocity - Initializing Velocity, Calling init()...
21:12:57.632 [main] DEBUG org.apache.velocity - Starting Apache Velocity v1.7 (compiled: 2010-11-19 12:14:37)
21:12:57.632 [main] DEBUG org.apache.velocity - Default Properties File: org\apache\velocity\runtime\defaults\velocity.properties
21:12:57.632 [main] DEBUG org.apache.velocity - Trying to use logger class org.apache.velocity.runtime.log.AvalonLogChute
21:12:57.632 [main] DEBUG org.apache.velocity - Target log system for org.apache.velocity.runtime.log.AvalonLogChute is not available (java.lang.NoClassDefFoundError: org/apache/log/format/Formatter).  Falling back to next log system...
21:12:57.632 [main] DEBUG org.apache.velocity - Trying to use logger class org.apache.velocity.runtime.log.Log4JLogChute
21:12:57.632 [main] DEBUG org.apache.velocity - Target log system for org.apache.velocity.runtime.log.Log4JLogChute is not available (java.lang.NoClassDefFoundError: org/apache/log4j/Layout).  Falling back to next log system...
21:12:57.633 [main] DEBUG org.apache.velocity - Trying to use logger class org.apache.velocity.runtime.log.CommonsLogLogChute
21:12:57.633 [main] DEBUG org.apache.velocity - Using logger class org.apache.velocity.runtime.log.CommonsLogLogChute
21:12:57.633 [main] DEBUG org.apache.velocity - ResourceLoader instantiated: org.apache.velocity.runtime.resource.loader.ClasspathResourceLoader
21:12:57.633 [main] DEBUG org.apache.velocity - ResourceCache: initialized (class org.apache.velocity.runtime.resource.ResourceCacheImpl) with class java.util.Collections$SynchronizedMap cache map.
21:12:57.633 [main] DEBUG org.apache.velocity - Loaded System Directive: org.apache.velocity.runtime.directive.Stop
21:12:57.633 [main] DEBUG org.apache.velocity - Loaded System Directive: org.apache.velocity.runtime.directive.Define
21:12:57.633 [main] DEBUG org.apache.velocity - Loaded System Directive: org.apache.velocity.runtime.directive.Break
21:12:57.633 [main] DEBUG org.apache.velocity - Loaded System Directive: org.apache.velocity.runtime.directive.Evaluate
21:12:57.633 [main] DEBUG org.apache.velocity - Loaded System Directive: org.apache.velocity.runtime.directive.Literal
21:12:57.633 [main] DEBUG org.apache.velocity - Loaded System Directive: org.apache.velocity.runtime.directive.Macro
21:12:57.634 [main] DEBUG org.apache.velocity - Loaded System Directive: org.apache.velocity.runtime.directive.Parse
21:12:57.634 [main] DEBUG org.apache.velocity - Loaded System Directive: org.apache.velocity.runtime.directive.Include
21:12:57.634 [main] DEBUG org.apache.velocity - Loaded System Directive: org.apache.velocity.runtime.directive.Foreach
21:12:57.635 [main] DEBUG org.apache.velocity - Created '20' parsers.
21:12:57.635 [main] DEBUG org.apache.velocity - Velocimacro : "velocimacro.library" is not set.  Trying default library: VM_global_library.vm
21:12:57.636 [main] DEBUG org.apache.velocity - Could not load resource 'VM_global_library.vm' from ResourceLoader org.apache.velocity.runtime.resource.loader.ClasspathResourceLoader: ClasspathResourceLoader Error: cannot find resource VM_global_library.vm
21:12:57.636 [main] DEBUG org.apache.velocity - Velocimacro : Default library not found.
21:12:57.636 [main] DEBUG org.apache.velocity - Velocimacro : allowInline = true : VMs can be defined inline in templates
21:12:57.636 [main] DEBUG org.apache.velocity - Velocimacro : allowInlineToOverride = false : VMs defined inline may NOT replace previous VM definitions
21:12:57.636 [main] DEBUG org.apache.velocity - Velocimacro : allowInlineLocal = false : VMs defined inline will be global in scope if allowed.
21:12:57.636 [main] DEBUG org.apache.velocity - Velocimacro : autoload off : VM system will not automatically reload global library macros
21:12:57.662 [main] DEBUG org.apache.velocity - ResourceManager : found templates/generators/overviewFeatures.vm with loader org.apache.velocity.runtime.resource.loader.ClasspathResourceLoader
21:12:57.668 [main] DEBUG org.apache.velocity - ResourceManager : found /templates/headers.vm with loader org.apache.velocity.runtime.resource.loader.ClasspathResourceLoader
21:12:57.670 [main] DEBUG org.apache.velocity - ResourceManager : found /templates/head.vm with loader org.apache.velocity.runtime.resource.loader.ClasspathResourceLoader
21:12:57.674 [main] DEBUG org.apache.velocity - Velocimacro : added VM stringArray: source=/templates/macros/array.js.vm
21:12:57.674 [main] DEBUG org.apache.velocity - Velocimacro : added VM numberArray: source=/templates/macros/array.js.vm
21:12:57.674 [main] DEBUG org.apache.velocity - ResourceManager : found /templates/macros/array.js.vm with loader org.apache.velocity.runtime.resource.loader.ClasspathResourceLoader
21:12:57.676 [main] DEBUG org.apache.velocity - Velocimacro : added VM includeBuildInfo: source=/templates/macros/page/buildinfo.vm
21:12:57.676 [main] DEBUG org.apache.velocity - ResourceManager : found /templates/macros/page/buildinfo.vm with loader org.apache.velocity.runtime.resource.loader.ClasspathResourceLoader
21:12:57.678 [main] DEBUG org.apache.velocity - Velocimacro : added VM includeClassifications: source=/templates/macros/page/classifications.vm
21:12:57.678 [main] DEBUG org.apache.velocity - ResourceManager : found /templates/macros/page/classifications.vm with loader org.apache.velocity.runtime.resource.loader.ClasspathResourceLoader
21:12:57.679 [main] DEBUG org.apache.velocity - Velocimacro : added VM includeLead: source=/templates/macros/page/lead.vm
21:12:57.679 [main] DEBUG org.apache.velocity - ResourceManager : found /templates/macros/page/lead.vm with loader org.apache.velocity.runtime.resource.loader.ClasspathResourceLoader
21:12:57.683 [main] DEBUG org.apache.velocity - Velocimacro : added VM includeNavigation: source=/templates/macros/page/navigation.vm
21:12:57.683 [main] DEBUG org.apache.velocity - ResourceManager : found /templates/macros/page/navigation.vm with loader org.apache.velocity.runtime.resource.loader.ClasspathResourceLoader
21:12:57.685 [main] DEBUG org.apache.velocity - Velocimacro : added VM includeReportInfo: source=/templates/macros/page/reportInfo.vm
21:12:57.685 [main] DEBUG org.apache.velocity - ResourceManager : found /templates/macros/page/reportInfo.vm with loader org.apache.velocity.runtime.resource.loader.ClasspathResourceLoader
21:12:57.688 [main] DEBUG org.apache.velocity - Velocimacro : added VM includeTitle: source=/templates/macros/page/title.vm
21:12:57.688 [main] DEBUG org.apache.velocity - ResourceManager : found /templates/macros/page/title.vm with loader org.apache.velocity.runtime.resource.loader.ClasspathResourceLoader
21:12:57.689 [main] DEBUG org.apache.velocity - Velocimacro : added VM includeExpandingButtons: source=/templates/macros/report/expandAllButtons.vm
21:12:57.689 [main] DEBUG org.apache.velocity - ResourceManager : found /templates/macros/report/expandAllButtons.vm with loader org.apache.velocity.runtime.resource.loader.ClasspathResourceLoader
21:12:57.696 [main] DEBUG org.apache.velocity - Velocimacro : added VM includeReportTable: source=/templates/macros/report/reportTable.vm
21:12:57.696 [main] DEBUG org.apache.velocity - ResourceManager : found /templates/macros/report/reportTable.vm with loader org.apache.velocity.runtime.resource.loader.ClasspathResourceLoader
21:12:57.697 [main] DEBUG org.apache.velocity - Velocimacro : added VM includeReportHeader: source=/templates/macros/report/reportHeader.vm
21:12:57.697 [main] DEBUG org.apache.velocity - ResourceManager : found /templates/macros/report/reportHeader.vm with loader org.apache.velocity.runtime.resource.loader.ClasspathResourceLoader
21:12:57.707 [main] DEBUG org.apache.velocity - Velocimacro : added VM includeStatsTable: source=/templates/macros/report/statsTable.vm
21:12:57.707 [main] DEBUG org.apache.velocity - ResourceManager : found /templates/macros/report/statsTable.vm with loader org.apache.velocity.runtime.resource.loader.ClasspathResourceLoader
21:12:57.709 [main] DEBUG org.apache.velocity - Velocimacro : added VM includeBrief: source=/templates/macros/json/brief.vm
21:12:57.709 [main] DEBUG org.apache.velocity - ResourceManager : found /templates/macros/json/brief.vm with loader org.apache.velocity.runtime.resource.loader.ClasspathResourceLoader
21:12:57.710 [main] DEBUG org.apache.velocity - Velocimacro : added VM includeDocString: source=/templates/macros/json/docstring.vm
21:12:57.710 [main] DEBUG org.apache.velocity - ResourceManager : found /templates/macros/json/docstring.vm with loader org.apache.velocity.runtime.resource.loader.ClasspathResourceLoader
21:12:57.711 [main] DEBUG org.apache.velocity - Velocimacro : added VM includeDuration: source=/templates/macros/json/duration.vm
21:12:57.711 [main] DEBUG org.apache.velocity - ResourceManager : found /templates/macros/json/duration.vm with loader org.apache.velocity.runtime.resource.loader.ClasspathResourceLoader
21:12:57.714 [main] DEBUG org.apache.velocity - Velocimacro : added VM includeElement: source=/templates/macros/json/element.vm
21:12:57.714 [main] DEBUG org.apache.velocity - ResourceManager : found /templates/macros/json/element.vm with loader org.apache.velocity.runtime.resource.loader.ClasspathResourceLoader
21:12:57.725 [main] DEBUG org.apache.velocity - Velocimacro : added VM includeEmbeddings: source=/templates/macros/json/embeddings.vm
21:12:57.726 [main] DEBUG org.apache.velocity - Velocimacro : added VM includeHtmlEmbedding: source=/templates/macros/json/embeddings.vm
21:12:57.726 [main] DEBUG org.apache.velocity - Velocimacro : added VM includeImageEmbedding: source=/templates/macros/json/embeddings.vm
21:12:57.726 [main] DEBUG org.apache.velocity - Velocimacro : added VM includeImageReferenceEmbedding: source=/templates/macros/json/embeddings.vm
21:12:57.726 [main] DEBUG org.apache.velocity - Velocimacro : added VM includeTextEmbedding: source=/templates/macros/json/embeddings.vm
21:12:57.726 [main] DEBUG org.apache.velocity - Velocimacro : added VM includeUnknownEmbedding: source=/templates/macros/json/embeddings.vm
21:12:57.727 [main] DEBUG org.apache.velocity - ResourceManager : found /templates/macros/json/embeddings.vm with loader org.apache.velocity.runtime.resource.loader.ClasspathResourceLoader
21:12:57.729 [main] DEBUG org.apache.velocity - Velocimacro : added VM includeHooks: source=/templates/macros/json/hooks.vm
21:12:57.729 [main] DEBUG org.apache.velocity - ResourceManager : found /templates/macros/json/hooks.vm with loader org.apache.velocity.runtime.resource.loader.ClasspathResourceLoader
21:12:57.732 [main] DEBUG org.apache.velocity - Velocimacro : added VM includeOutput: source=/templates/macros/json/output.vm
21:12:57.732 [main] DEBUG org.apache.velocity - ResourceManager : found /templates/macros/json/output.vm with loader org.apache.velocity.runtime.resource.loader.ClasspathResourceLoader
21:12:57.734 [main] DEBUG org.apache.velocity - Velocimacro : added VM includeMessage: source=/templates/macros/json/message.vm
21:12:57.734 [main] DEBUG org.apache.velocity - ResourceManager : found /templates/macros/json/message.vm with loader org.apache.velocity.runtime.resource.loader.ClasspathResourceLoader
21:12:57.737 [main] DEBUG org.apache.velocity - Velocimacro : added VM includeSteps: source=/templates/macros/json/steps.vm
21:12:57.737 [main] DEBUG org.apache.velocity - ResourceManager : found /templates/macros/json/steps.vm with loader org.apache.velocity.runtime.resource.loader.ClasspathResourceLoader
21:12:57.739 [main] DEBUG org.apache.velocity - Velocimacro : added VM includeTags: source=/templates/macros/json/tags.vm
21:12:57.739 [main] DEBUG org.apache.velocity - ResourceManager : found /templates/macros/json/tags.vm with loader org.apache.velocity.runtime.resource.loader.ClasspathResourceLoader
21:12:57.756 [main] DEBUG org.apache.velocity - ResourceManager : found /templates/js/steps-chart.js.vm with loader org.apache.velocity.runtime.resource.loader.ClasspathResourceLoader
21:12:57.769 [main] DEBUG org.apache.velocity - ResourceManager : found /templates/js/scenarios-chart.js.vm with loader org.apache.velocity.runtime.resource.loader.ClasspathResourceLoader
21:12:57.770 [main] DEBUG org.apache.velocity - ResourceManager : found /templates/js/features-chart.js.vm with loader org.apache.velocity.runtime.resource.loader.ClasspathResourceLoader
21:12:57.772 [main] DEBUG org.apache.velocity - VM #includeReportInfo: too many arguments to macro. Wanted 0 got 1
21:12:57.878 [main] DEBUG org.apache.velocity - ResourceManager : found /templates/footer.vm with loader org.apache.velocity.runtime.resource.loader.ClasspathResourceLoader
21:12:57.881 [main] DEBUG org.apache.velocity - ResourceManager : found templates/generators/reportFeature.vm with loader org.apache.velocity.runtime.resource.loader.ClasspathResourceLoader
21:12:57.885 [main] DEBUG org.apache.velocity - ResourceManager : found /templates/headers.vm with loader org.apache.velocity.runtime.resource.loader.ClasspathResourceLoader
21:12:57.886 [main] DEBUG org.apache.velocity - ResourceManager : found /templates/head.vm with loader org.apache.velocity.runtime.resource.loader.ClasspathResourceLoader
21:12:57.887 [main] DEBUG org.apache.velocity - Velocimacro : added VM stringArray: source=/templates/macros/array.js.vm
21:12:57.887 [main] DEBUG org.apache.velocity - Velocimacro : added VM numberArray: source=/templates/macros/array.js.vm
21:12:57.887 [main] DEBUG org.apache.velocity - ResourceManager : found /templates/macros/array.js.vm with loader org.apache.velocity.runtime.resource.loader.ClasspathResourceLoader
21:12:57.888 [main] DEBUG org.apache.velocity - Velocimacro : added VM includeBuildInfo: source=/templates/macros/page/buildinfo.vm
21:12:57.888 [main] DEBUG org.apache.velocity - ResourceManager : found /templates/macros/page/buildinfo.vm with loader org.apache.velocity.runtime.resource.loader.ClasspathResourceLoader
21:12:57.889 [main] DEBUG org.apache.velocity - Velocimacro : added VM includeClassifications: source=/templates/macros/page/classifications.vm
21:12:57.889 [main] DEBUG org.apache.velocity - ResourceManager : found /templates/macros/page/classifications.vm with loader org.apache.velocity.runtime.resource.loader.ClasspathResourceLoader
21:12:57.890 [main] DEBUG org.apache.velocity - Velocimacro : added VM includeLead: source=/templates/macros/page/lead.vm
21:12:57.890 [main] DEBUG org.apache.velocity - ResourceManager : found /templates/macros/page/lead.vm with loader org.apache.velocity.runtime.resource.loader.ClasspathResourceLoader
21:12:57.891 [main] DEBUG org.apache.velocity - Velocimacro : added VM includeNavigation: source=/templates/macros/page/navigation.vm
21:12:57.891 [main] DEBUG org.apache.velocity - ResourceManager : found /templates/macros/page/navigation.vm with loader org.apache.velocity.runtime.resource.loader.ClasspathResourceLoader
21:12:57.892 [main] DEBUG org.apache.velocity - Velocimacro : added VM includeReportInfo: source=/templates/macros/page/reportInfo.vm
21:12:57.892 [main] DEBUG org.apache.velocity - ResourceManager : found /templates/macros/page/reportInfo.vm with loader org.apache.velocity.runtime.resource.loader.ClasspathResourceLoader
21:12:57.893 [main] DEBUG org.apache.velocity - Velocimacro : added VM includeTitle: source=/templates/macros/page/title.vm
21:12:57.893 [main] DEBUG org.apache.velocity - ResourceManager : found /templates/macros/page/title.vm with loader org.apache.velocity.runtime.resource.loader.ClasspathResourceLoader
21:12:57.894 [main] DEBUG org.apache.velocity - Velocimacro : added VM includeExpandingButtons: source=/templates/macros/report/expandAllButtons.vm
21:12:57.894 [main] DEBUG org.apache.velocity - ResourceManager : found /templates/macros/report/expandAllButtons.vm with loader org.apache.velocity.runtime.resource.loader.ClasspathResourceLoader
21:12:57.896 [main] DEBUG org.apache.velocity - Velocimacro : added VM includeReportTable: source=/templates/macros/report/reportTable.vm
21:12:57.896 [main] DEBUG org.apache.velocity - ResourceManager : found /templates/macros/report/reportTable.vm with loader org.apache.velocity.runtime.resource.loader.ClasspathResourceLoader
21:12:57.898 [main] DEBUG org.apache.velocity - Velocimacro : added VM includeReportHeader: source=/templates/macros/report/reportHeader.vm
21:12:57.898 [main] DEBUG org.apache.velocity - ResourceManager : found /templates/macros/report/reportHeader.vm with loader org.apache.velocity.runtime.resource.loader.ClasspathResourceLoader
21:12:57.901 [main] DEBUG org.apache.velocity - Velocimacro : added VM includeStatsTable: source=/templates/macros/report/statsTable.vm
21:12:57.901 [main] DEBUG org.apache.velocity - ResourceManager : found /templates/macros/report/statsTable.vm with loader org.apache.velocity.runtime.resource.loader.ClasspathResourceLoader
21:12:57.902 [main] DEBUG org.apache.velocity - Velocimacro : added VM includeBrief: source=/templates/macros/json/brief.vm
21:12:57.902 [main] DEBUG org.apache.velocity - ResourceManager : found /templates/macros/json/brief.vm with loader org.apache.velocity.runtime.resource.loader.ClasspathResourceLoader
21:12:57.903 [main] DEBUG org.apache.velocity - Velocimacro : added VM includeDocString: source=/templates/macros/json/docstring.vm
21:12:57.903 [main] DEBUG org.apache.velocity - ResourceManager : found /templates/macros/json/docstring.vm with loader org.apache.velocity.runtime.resource.loader.ClasspathResourceLoader
21:12:57.904 [main] DEBUG org.apache.velocity - Velocimacro : added VM includeDuration: source=/templates/macros/json/duration.vm
21:12:57.904 [main] DEBUG org.apache.velocity - ResourceManager : found /templates/macros/json/duration.vm with loader org.apache.velocity.runtime.resource.loader.ClasspathResourceLoader
21:12:57.906 [main] DEBUG org.apache.velocity - Velocimacro : added VM includeElement: source=/templates/macros/json/element.vm
21:12:57.906 [main] DEBUG org.apache.velocity - ResourceManager : found /templates/macros/json/element.vm with loader org.apache.velocity.runtime.resource.loader.ClasspathResourceLoader
21:12:57.910 [main] DEBUG org.apache.velocity - Velocimacro : added VM includeEmbeddings: source=/templates/macros/json/embeddings.vm
21:12:57.910 [main] DEBUG org.apache.velocity - Velocimacro : added VM includeHtmlEmbedding: source=/templates/macros/json/embeddings.vm
21:12:57.910 [main] DEBUG org.apache.velocity - Velocimacro : added VM includeImageEmbedding: source=/templates/macros/json/embeddings.vm
21:12:57.910 [main] DEBUG org.apache.velocity - Velocimacro : added VM includeImageReferenceEmbedding: source=/templates/macros/json/embeddings.vm
21:12:57.910 [main] DEBUG org.apache.velocity - Velocimacro : added VM includeTextEmbedding: source=/templates/macros/json/embeddings.vm
21:12:57.911 [main] DEBUG org.apache.velocity - Velocimacro : added VM includeUnknownEmbedding: source=/templates/macros/json/embeddings.vm
21:12:57.911 [main] DEBUG org.apache.velocity - ResourceManager : found /templates/macros/json/embeddings.vm with loader org.apache.velocity.runtime.resource.loader.ClasspathResourceLoader
21:12:57.913 [main] DEBUG org.apache.velocity - Velocimacro : added VM includeHooks: source=/templates/macros/json/hooks.vm
21:12:57.913 [main] DEBUG org.apache.velocity - ResourceManager : found /templates/macros/json/hooks.vm with loader org.apache.velocity.runtime.resource.loader.ClasspathResourceLoader
21:12:57.915 [main] DEBUG org.apache.velocity - Velocimacro : added VM includeOutput: source=/templates/macros/json/output.vm
21:12:57.915 [main] DEBUG org.apache.velocity - ResourceManager : found /templates/macros/json/output.vm with loader org.apache.velocity.runtime.resource.loader.ClasspathResourceLoader
21:12:57.916 [main] DEBUG org.apache.velocity - Velocimacro : added VM includeMessage: source=/templates/macros/json/message.vm
21:12:57.917 [main] DEBUG org.apache.velocity - ResourceManager : found /templates/macros/json/message.vm with loader org.apache.velocity.runtime.resource.loader.ClasspathResourceLoader
21:12:57.919 [main] DEBUG org.apache.velocity - Velocimacro : added VM includeSteps: source=/templates/macros/json/steps.vm
21:12:57.919 [main] DEBUG org.apache.velocity - ResourceManager : found /templates/macros/json/steps.vm with loader org.apache.velocity.runtime.resource.loader.ClasspathResourceLoader
21:12:57.920 [main] DEBUG org.apache.velocity - Velocimacro : added VM includeTags: source=/templates/macros/json/tags.vm
21:12:57.920 [main] DEBUG org.apache.velocity - ResourceManager : found /templates/macros/json/tags.vm with loader org.apache.velocity.runtime.resource.loader.ClasspathResourceLoader
21:12:57.920 [main] DEBUG org.apache.velocity - VM #includeNavigation: too few arguments to macro. Wanted 1 got 0
21:12:57.921 [main] DEBUG org.apache.velocity - Left side ($active_tab) of '==' operation has null value. If it is a reference, it may not be in the context or its toString() returned null. /templates/macros/page/navigation.vm[line 14, column 51]
21:12:57.922 [main] DEBUG org.apache.velocity - Left side ($active_tab) of '==' operation has null value. If it is a reference, it may not be in the context or its toString() returned null. /templates/macros/page/navigation.vm[line 15, column 51]
21:12:57.922 [main] DEBUG org.apache.velocity - Left side ($active_tab) of '==' operation has null value. If it is a reference, it may not be in the context or its toString() returned null. /templates/macros/page/navigation.vm[line 16, column 51]
21:12:57.922 [main] DEBUG org.apache.velocity - Left side ($active_tab) of '==' operation has null value. If it is a reference, it may not be in the context or its toString() returned null. /templates/macros/page/navigation.vm[line 20, column 51]
21:12:57.922 [main] DEBUG org.apache.velocity - VM #includeLead: too few arguments to macro. Wanted 2 got 1
21:12:57.927 [main] DEBUG org.apache.velocity - VM #includeBrief: too few arguments to macro. Wanted 5 got 3
21:12:57.928 [main] DEBUG org.apache.velocity - VM #includeBrief: too few arguments to macro. Wanted 5 got 4
21:12:57.929 [main] DEBUG org.apache.velocity - VM #includeBrief: too few arguments to macro. Wanted 5 got 4
21:12:57.948 [main] DEBUG org.apache.velocity - VM #includeBrief: too few arguments to macro. Wanted 5 got 4
21:12:57.949 [main] DEBUG org.apache.velocity - VM #includeBrief: too few arguments to macro. Wanted 5 got 4
21:12:57.951 [main] DEBUG org.apache.velocity - VM #includeBrief: too few arguments to macro. Wanted 5 got 4
21:12:57.951 [main] DEBUG org.apache.velocity - VM #includeBrief: too few arguments to macro. Wanted 5 got 4
21:12:57.956 [main] DEBUG org.apache.velocity - VM #includeBrief: too few arguments to macro. Wanted 5 got 4
21:12:57.957 [main] DEBUG org.apache.velocity - VM #includeBrief: too few arguments to macro. Wanted 5 got 4
21:12:57.968 [main] DEBUG org.apache.velocity - VM #includeBrief: too few arguments to macro. Wanted 5 got 4
21:12:57.968 [main] DEBUG org.apache.velocity - VM #includeBrief: too few arguments to macro. Wanted 5 got 4
21:12:57.975 [main] DEBUG org.apache.velocity - VM #includeBrief: too few arguments to macro. Wanted 5 got 4
21:12:57.975 [main] DEBUG org.apache.velocity - VM #includeBrief: too few arguments to macro. Wanted 5 got 4
21:12:57.986 [main] DEBUG org.apache.velocity - ResourceManager : found /templates/footer.vm with loader org.apache.velocity.runtime.resource.loader.ClasspathResourceLoader
21:12:57.990 [main] DEBUG org.apache.velocity - ResourceManager : found templates/generators/reportFeature.vm with loader org.apache.velocity.runtime.resource.loader.ClasspathResourceLoader
21:12:57.994 [main] DEBUG org.apache.velocity - ResourceManager : found /templates/headers.vm with loader org.apache.velocity.runtime.resource.loader.ClasspathResourceLoader
21:12:57.995 [main] DEBUG org.apache.velocity - ResourceManager : found /templates/head.vm with loader org.apache.velocity.runtime.resource.loader.ClasspathResourceLoader
21:12:57.998 [main] DEBUG org.apache.velocity - Velocimacro : added VM stringArray: source=/templates/macros/array.js.vm
21:12:57.998 [main] DEBUG org.apache.velocity - Velocimacro : added VM numberArray: source=/templates/macros/array.js.vm
21:12:57.998 [main] DEBUG org.apache.velocity - ResourceManager : found /templates/macros/array.js.vm with loader org.apache.velocity.runtime.resource.loader.ClasspathResourceLoader
21:12:57.999 [main] DEBUG org.apache.velocity - Velocimacro : added VM includeBuildInfo: source=/templates/macros/page/buildinfo.vm
21:12:57.999 [main] DEBUG org.apache.velocity - ResourceManager : found /templates/macros/page/buildinfo.vm with loader org.apache.velocity.runtime.resource.loader.ClasspathResourceLoader
21:12:58.001 [main] DEBUG org.apache.velocity - Velocimacro : added VM includeClassifications: source=/templates/macros/page/classifications.vm
21:12:58.001 [main] DEBUG org.apache.velocity - ResourceManager : found /templates/macros/page/classifications.vm with loader org.apache.velocity.runtime.resource.loader.ClasspathResourceLoader
21:12:58.002 [main] DEBUG org.apache.velocity - Velocimacro : added VM includeLead: source=/templates/macros/page/lead.vm
21:12:58.002 [main] DEBUG org.apache.velocity - ResourceManager : found /templates/macros/page/lead.vm with loader org.apache.velocity.runtime.resource.loader.ClasspathResourceLoader
21:12:58.004 [main] DEBUG org.apache.velocity - Velocimacro : added VM includeNavigation: source=/templates/macros/page/navigation.vm
21:12:58.004 [main] DEBUG org.apache.velocity - ResourceManager : found /templates/macros/page/navigation.vm with loader org.apache.velocity.runtime.resource.loader.ClasspathResourceLoader
21:12:58.006 [main] DEBUG org.apache.velocity - Velocimacro : added VM includeReportInfo: source=/templates/macros/page/reportInfo.vm
21:12:58.006 [main] DEBUG org.apache.velocity - ResourceManager : found /templates/macros/page/reportInfo.vm with loader org.apache.velocity.runtime.resource.loader.ClasspathResourceLoader
21:12:58.007 [main] DEBUG org.apache.velocity - Velocimacro : added VM includeTitle: source=/templates/macros/page/title.vm
21:12:58.007 [main] DEBUG org.apache.velocity - ResourceManager : found /templates/macros/page/title.vm with loader org.apache.velocity.runtime.resource.loader.ClasspathResourceLoader
21:12:58.008 [main] DEBUG org.apache.velocity - Velocimacro : added VM includeExpandingButtons: source=/templates/macros/report/expandAllButtons.vm
21:12:58.008 [main] DEBUG org.apache.velocity - ResourceManager : found /templates/macros/report/expandAllButtons.vm with loader org.apache.velocity.runtime.resource.loader.ClasspathResourceLoader
21:12:58.010 [main] DEBUG org.apache.velocity - Velocimacro : added VM includeReportTable: source=/templates/macros/report/reportTable.vm
21:12:58.010 [main] DEBUG org.apache.velocity - ResourceManager : found /templates/macros/report/reportTable.vm with loader org.apache.velocity.runtime.resource.loader.ClasspathResourceLoader
21:12:58.011 [main] DEBUG org.apache.velocity - Velocimacro : added VM includeReportHeader: source=/templates/macros/report/reportHeader.vm
21:12:58.011 [main] DEBUG org.apache.velocity - ResourceManager : found /templates/macros/report/reportHeader.vm with loader org.apache.velocity.runtime.resource.loader.ClasspathResourceLoader
21:12:58.014 [main] DEBUG org.apache.velocity - Velocimacro : added VM includeStatsTable: source=/templates/macros/report/statsTable.vm
21:12:58.014 [main] DEBUG org.apache.velocity - ResourceManager : found /templates/macros/report/statsTable.vm with loader org.apache.velocity.runtime.resource.loader.ClasspathResourceLoader
21:12:58.016 [main] DEBUG org.apache.velocity - Velocimacro : added VM includeBrief: source=/templates/macros/json/brief.vm
21:12:58.016 [main] DEBUG org.apache.velocity - ResourceManager : found /templates/macros/json/brief.vm with loader org.apache.velocity.runtime.resource.loader.ClasspathResourceLoader
21:12:58.017 [main] DEBUG org.apache.velocity - Velocimacro : added VM includeDocString: source=/templates/macros/json/docstring.vm
21:12:58.017 [main] DEBUG org.apache.velocity - ResourceManager : found /templates/macros/json/docstring.vm with loader org.apache.velocity.runtime.resource.loader.ClasspathResourceLoader
21:12:58.018 [main] DEBUG org.apache.velocity - Velocimacro : added VM includeDuration: source=/templates/macros/json/duration.vm
21:12:58.018 [main] DEBUG org.apache.velocity - ResourceManager : found /templates/macros/json/duration.vm with loader org.apache.velocity.runtime.resource.loader.ClasspathResourceLoader
21:12:58.020 [main] DEBUG org.apache.velocity - Velocimacro : added VM includeElement: source=/templates/macros/json/element.vm
21:12:58.020 [main] DEBUG org.apache.velocity - ResourceManager : found /templates/macros/json/element.vm with loader org.apache.velocity.runtime.resource.loader.ClasspathResourceLoader
21:12:58.025 [main] DEBUG org.apache.velocity - Velocimacro : added VM includeEmbeddings: source=/templates/macros/json/embeddings.vm
21:12:58.026 [main] DEBUG org.apache.velocity - Velocimacro : added VM includeHtmlEmbedding: source=/templates/macros/json/embeddings.vm
21:12:58.026 [main] DEBUG org.apache.velocity - Velocimacro : added VM includeImageEmbedding: source=/templates/macros/json/embeddings.vm
21:12:58.026 [main] DEBUG org.apache.velocity - Velocimacro : added VM includeImageReferenceEmbedding: source=/templates/macros/json/embeddings.vm
21:12:58.026 [main] DEBUG org.apache.velocity - Velocimacro : added VM includeTextEmbedding: source=/templates/macros/json/embeddings.vm
21:12:58.026 [main] DEBUG org.apache.velocity - Velocimacro : added VM includeUnknownEmbedding: source=/templates/macros/json/embeddings.vm
21:12:58.026 [main] DEBUG org.apache.velocity - ResourceManager : found /templates/macros/json/embeddings.vm with loader org.apache.velocity.runtime.resource.loader.ClasspathResourceLoader
21:12:58.028 [main] DEBUG org.apache.velocity - Velocimacro : added VM includeHooks: source=/templates/macros/json/hooks.vm
21:12:58.029 [main] DEBUG org.apache.velocity - ResourceManager : found /templates/macros/json/hooks.vm with loader org.apache.velocity.runtime.resource.loader.ClasspathResourceLoader
21:12:58.031 [main] DEBUG org.apache.velocity - Velocimacro : added VM includeOutput: source=/templates/macros/json/output.vm
21:12:58.031 [main] DEBUG org.apache.velocity - ResourceManager : found /templates/macros/json/output.vm with loader org.apache.velocity.runtime.resource.loader.ClasspathResourceLoader
21:12:58.033 [main] DEBUG org.apache.velocity - Velocimacro : added VM includeMessage: source=/templates/macros/json/message.vm
21:12:58.033 [main] DEBUG org.apache.velocity - ResourceManager : found /templates/macros/json/message.vm with loader org.apache.velocity.runtime.resource.loader.ClasspathResourceLoader
21:12:58.036 [main] DEBUG org.apache.velocity - Velocimacro : added VM includeSteps: source=/templates/macros/json/steps.vm
21:12:58.036 [main] DEBUG org.apache.velocity - ResourceManager : found /templates/macros/json/steps.vm with loader org.apache.velocity.runtime.resource.loader.ClasspathResourceLoader
21:12:58.040 [main] DEBUG org.apache.velocity - Velocimacro : added VM includeTags: source=/templates/macros/json/tags.vm
21:12:58.040 [main] DEBUG org.apache.velocity - ResourceManager : found /templates/macros/json/tags.vm with loader org.apache.velocity.runtime.resource.loader.ClasspathResourceLoader
21:12:58.041 [main] DEBUG org.apache.velocity - VM #includeNavigation: too few arguments to macro. Wanted 1 got 0
21:12:58.041 [main] DEBUG org.apache.velocity - Left side ($active_tab) of '==' operation has null value. If it is a reference, it may not be in the context or its toString() returned null. /templates/macros/page/navigation.vm[line 14, column 51]
21:12:58.041 [main] DEBUG org.apache.velocity - Left side ($active_tab) of '==' operation has null value. If it is a reference, it may not be in the context or its toString() returned null. /templates/macros/page/navigation.vm[line 15, column 51]
21:12:58.041 [main] DEBUG org.apache.velocity - Left side ($active_tab) of '==' operation has null value. If it is a reference, it may not be in the context or its toString() returned null. /templates/macros/page/navigation.vm[line 16, column 51]
21:12:58.041 [main] DEBUG org.apache.velocity - Left side ($active_tab) of '==' operation has null value. If it is a reference, it may not be in the context or its toString() returned null. /templates/macros/page/navigation.vm[line 20, column 51]
21:12:58.041 [main] DEBUG org.apache.velocity - VM #includeLead: too few arguments to macro. Wanted 2 got 1
21:12:58.043 [main] DEBUG org.apache.velocity - VM #includeBrief: too few arguments to macro. Wanted 5 got 3
21:12:58.044 [main] DEBUG org.apache.velocity - VM #includeBrief: too few arguments to macro. Wanted 5 got 4
21:12:58.045 [main] DEBUG org.apache.velocity - VM #includeBrief: too few arguments to macro. Wanted 5 got 4
21:12:58.049 [main] DEBUG org.apache.velocity - VM #includeBrief: too few arguments to macro. Wanted 5 got 4
21:12:58.050 [main] DEBUG org.apache.velocity - VM #includeBrief: too few arguments to macro. Wanted 5 got 4
21:12:58.061 [main] DEBUG org.apache.velocity - ResourceManager : found /templates/footer.vm with loader org.apache.velocity.runtime.resource.loader.ClasspathResourceLoader
21:12:58.065 [main] DEBUG org.apache.velocity - ResourceManager : found templates/generators/reportFeature.vm with loader org.apache.velocity.runtime.resource.loader.ClasspathResourceLoader
21:12:58.068 [main] DEBUG org.apache.velocity - ResourceManager : found /templates/headers.vm with loader org.apache.velocity.runtime.resource.loader.ClasspathResourceLoader
21:12:58.069 [main] DEBUG org.apache.velocity - ResourceManager : found /templates/head.vm with loader org.apache.velocity.runtime.resource.loader.ClasspathResourceLoader
21:12:58.070 [main] DEBUG org.apache.velocity - Velocimacro : added VM stringArray: source=/templates/macros/array.js.vm
21:12:58.070 [main] DEBUG org.apache.velocity - Velocimacro : added VM numberArray: source=/templates/macros/array.js.vm
21:12:58.071 [main] DEBUG org.apache.velocity - ResourceManager : found /templates/macros/array.js.vm with loader org.apache.velocity.runtime.resource.loader.ClasspathResourceLoader
21:12:58.072 [main] DEBUG org.apache.velocity - Velocimacro : added VM includeBuildInfo: source=/templates/macros/page/buildinfo.vm
21:12:58.072 [main] DEBUG org.apache.velocity - ResourceManager : found /templates/macros/page/buildinfo.vm with loader org.apache.velocity.runtime.resource.loader.ClasspathResourceLoader
21:12:58.074 [main] DEBUG org.apache.velocity - Velocimacro : added VM includeClassifications: source=/templates/macros/page/classifications.vm
21:12:58.074 [main] DEBUG org.apache.velocity - ResourceManager : found /templates/macros/page/classifications.vm with loader org.apache.velocity.runtime.resource.loader.ClasspathResourceLoader
21:12:58.075 [main] DEBUG org.apache.velocity - Velocimacro : added VM includeLead: source=/templates/macros/page/lead.vm
21:12:58.075 [main] DEBUG org.apache.velocity - ResourceManager : found /templates/macros/page/lead.vm with loader org.apache.velocity.runtime.resource.loader.ClasspathResourceLoader
21:12:58.076 [main] DEBUG org.apache.velocity - Velocimacro : added VM includeNavigation: source=/templates/macros/page/navigation.vm
21:12:58.076 [main] DEBUG org.apache.velocity - ResourceManager : found /templates/macros/page/navigation.vm with loader org.apache.velocity.runtime.resource.loader.ClasspathResourceLoader
21:12:58.078 [main] DEBUG org.apache.velocity - Velocimacro : added VM includeReportInfo: source=/templates/macros/page/reportInfo.vm
21:12:58.078 [main] DEBUG org.apache.velocity - ResourceManager : found /templates/macros/page/reportInfo.vm with loader org.apache.velocity.runtime.resource.loader.ClasspathResourceLoader
21:12:58.079 [main] DEBUG org.apache.velocity - Velocimacro : added VM includeTitle: source=/templates/macros/page/title.vm
21:12:58.079 [main] DEBUG org.apache.velocity - ResourceManager : found /templates/macros/page/title.vm with loader org.apache.velocity.runtime.resource.loader.ClasspathResourceLoader
21:12:58.080 [main] DEBUG org.apache.velocity - Velocimacro : added VM includeExpandingButtons: source=/templates/macros/report/expandAllButtons.vm
21:12:58.081 [main] DEBUG org.apache.velocity - ResourceManager : found /templates/macros/report/expandAllButtons.vm with loader org.apache.velocity.runtime.resource.loader.ClasspathResourceLoader
21:12:58.083 [main] DEBUG org.apache.velocity - Velocimacro : added VM includeReportTable: source=/templates/macros/report/reportTable.vm
21:12:58.083 [main] DEBUG org.apache.velocity - ResourceManager : found /templates/macros/report/reportTable.vm with loader org.apache.velocity.runtime.resource.loader.ClasspathResourceLoader
21:12:58.084 [main] DEBUG org.apache.velocity - Velocimacro : added VM includeReportHeader: source=/templates/macros/report/reportHeader.vm
21:12:58.084 [main] DEBUG org.apache.velocity - ResourceManager : found /templates/macros/report/reportHeader.vm with loader org.apache.velocity.runtime.resource.loader.ClasspathResourceLoader
21:12:58.087 [main] DEBUG org.apache.velocity - Velocimacro : added VM includeStatsTable: source=/templates/macros/report/statsTable.vm
21:12:58.087 [main] DEBUG org.apache.velocity - ResourceManager : found /templates/macros/report/statsTable.vm with loader org.apache.velocity.runtime.resource.loader.ClasspathResourceLoader
21:12:58.096 [main] DEBUG org.apache.velocity - Velocimacro : added VM includeBrief: source=/templates/macros/json/brief.vm
21:12:58.096 [main] DEBUG org.apache.velocity - ResourceManager : found /templates/macros/json/brief.vm with loader org.apache.velocity.runtime.resource.loader.ClasspathResourceLoader
21:12:58.097 [main] DEBUG org.apache.velocity - Velocimacro : added VM includeDocString: source=/templates/macros/json/docstring.vm
21:12:58.098 [main] DEBUG org.apache.velocity - ResourceManager : found /templates/macros/json/docstring.vm with loader org.apache.velocity.runtime.resource.loader.ClasspathResourceLoader
21:12:58.100 [main] DEBUG org.apache.velocity - Velocimacro : added VM includeDuration: source=/templates/macros/json/duration.vm
21:12:58.100 [main] DEBUG org.apache.velocity - ResourceManager : found /templates/macros/json/duration.vm with loader org.apache.velocity.runtime.resource.loader.ClasspathResourceLoader
21:12:58.102 [main] DEBUG org.apache.velocity - Velocimacro : added VM includeElement: source=/templates/macros/json/element.vm
21:12:58.102 [main] DEBUG org.apache.velocity - ResourceManager : found /templates/macros/json/element.vm with loader org.apache.velocity.runtime.resource.loader.ClasspathResourceLoader
21:12:58.106 [main] DEBUG org.apache.velocity - Velocimacro : added VM includeEmbeddings: source=/templates/macros/json/embeddings.vm
21:12:58.106 [main] DEBUG org.apache.velocity - Velocimacro : added VM includeHtmlEmbedding: source=/templates/macros/json/embeddings.vm
21:12:58.106 [main] DEBUG org.apache.velocity - Velocimacro : added VM includeImageEmbedding: source=/templates/macros/json/embeddings.vm
21:12:58.106 [main] DEBUG org.apache.velocity - Velocimacro : added VM includeImageReferenceEmbedding: source=/templates/macros/json/embeddings.vm
21:12:58.107 [main] DEBUG org.apache.velocity - Velocimacro : added VM includeTextEmbedding: source=/templates/macros/json/embeddings.vm
21:12:58.107 [main] DEBUG org.apache.velocity - Velocimacro : added VM includeUnknownEmbedding: source=/templates/macros/json/embeddings.vm
21:12:58.107 [main] DEBUG org.apache.velocity - ResourceManager : found /templates/macros/json/embeddings.vm with loader org.apache.velocity.runtime.resource.loader.ClasspathResourceLoader
21:12:58.109 [main] DEBUG org.apache.velocity - Velocimacro : added VM includeHooks: source=/templates/macros/json/hooks.vm
21:12:58.109 [main] DEBUG org.apache.velocity - ResourceManager : found /templates/macros/json/hooks.vm with loader org.apache.velocity.runtime.resource.loader.ClasspathResourceLoader
21:12:58.111 [main] DEBUG org.apache.velocity - Velocimacro : added VM includeOutput: source=/templates/macros/json/output.vm
21:12:58.111 [main] DEBUG org.apache.velocity - ResourceManager : found /templates/macros/json/output.vm with loader org.apache.velocity.runtime.resource.loader.ClasspathResourceLoader
21:12:58.112 [main] DEBUG org.apache.velocity - Velocimacro : added VM includeMessage: source=/templates/macros/json/message.vm
21:12:58.112 [main] DEBUG org.apache.velocity - ResourceManager : found /templates/macros/json/message.vm with loader org.apache.velocity.runtime.resource.loader.ClasspathResourceLoader
21:12:58.114 [main] DEBUG org.apache.velocity - Velocimacro : added VM includeSteps: source=/templates/macros/json/steps.vm
21:12:58.114 [main] DEBUG org.apache.velocity - ResourceManager : found /templates/macros/json/steps.vm with loader org.apache.velocity.runtime.resource.loader.ClasspathResourceLoader
21:12:58.115 [main] DEBUG org.apache.velocity - Velocimacro : added VM includeTags: source=/templates/macros/json/tags.vm
21:12:58.116 [main] DEBUG org.apache.velocity - ResourceManager : found /templates/macros/json/tags.vm with loader org.apache.velocity.runtime.resource.loader.ClasspathResourceLoader
21:12:58.116 [main] DEBUG org.apache.velocity - VM #includeNavigation: too few arguments to macro. Wanted 1 got 0
21:12:58.116 [main] DEBUG org.apache.velocity - Left side ($active_tab) of '==' operation has null value. If it is a reference, it may not be in the context or its toString() returned null. /templates/macros/page/navigation.vm[line 14, column 51]
21:12:58.116 [main] DEBUG org.apache.velocity - Left side ($active_tab) of '==' operation has null value. If it is a reference, it may not be in the context or its toString() returned null. /templates/macros/page/navigation.vm[line 15, column 51]
21:12:58.117 [main] DEBUG org.apache.velocity - Left side ($active_tab) of '==' operation has null value. If it is a reference, it may not be in the context or its toString() returned null. /templates/macros/page/navigation.vm[line 16, column 51]
21:12:58.117 [main] DEBUG org.apache.velocity - Left side ($active_tab) of '==' operation has null value. If it is a reference, it may not be in the context or its toString() returned null. /templates/macros/page/navigation.vm[line 20, column 51]
21:12:58.117 [main] DEBUG org.apache.velocity - VM #includeLead: too few arguments to macro. Wanted 2 got 1
21:12:58.119 [main] DEBUG org.apache.velocity - VM #includeBrief: too few arguments to macro. Wanted 5 got 3
21:12:58.120 [main] DEBUG org.apache.velocity - VM #includeBrief: too few arguments to macro. Wanted 5 got 4
21:12:58.120 [main] DEBUG org.apache.velocity - VM #includeBrief: too few arguments to macro. Wanted 5 got 4
21:12:58.156 [main] DEBUG org.apache.velocity - VM #includeBrief: too few arguments to macro. Wanted 5 got 4
21:12:58.156 [main] DEBUG org.apache.velocity - VM #includeBrief: too few arguments to macro. Wanted 5 got 4
21:12:58.162 [main] DEBUG org.apache.velocity - ResourceManager : found /templates/footer.vm with loader org.apache.velocity.runtime.resource.loader.ClasspathResourceLoader
21:12:58.172 [main] DEBUG org.apache.velocity - ResourceManager : found templates/generators/overviewTags.vm with loader org.apache.velocity.runtime.resource.loader.ClasspathResourceLoader
21:12:58.175 [main] DEBUG org.apache.velocity - ResourceManager : found /templates/headers.vm with loader org.apache.velocity.runtime.resource.loader.ClasspathResourceLoader
21:12:58.176 [main] DEBUG org.apache.velocity - ResourceManager : found /templates/head.vm with loader org.apache.velocity.runtime.resource.loader.ClasspathResourceLoader
21:12:58.177 [main] DEBUG org.apache.velocity - Velocimacro : added VM stringArray: source=/templates/macros/array.js.vm
21:12:58.177 [main] DEBUG org.apache.velocity - Velocimacro : added VM numberArray: source=/templates/macros/array.js.vm
21:12:58.177 [main] DEBUG org.apache.velocity - ResourceManager : found /templates/macros/array.js.vm with loader org.apache.velocity.runtime.resource.loader.ClasspathResourceLoader
21:12:58.178 [main] DEBUG org.apache.velocity - Velocimacro : added VM includeBuildInfo: source=/templates/macros/page/buildinfo.vm
21:12:58.178 [main] DEBUG org.apache.velocity - ResourceManager : found /templates/macros/page/buildinfo.vm with loader org.apache.velocity.runtime.resource.loader.ClasspathResourceLoader
21:12:58.179 [main] DEBUG org.apache.velocity - Velocimacro : added VM includeClassifications: source=/templates/macros/page/classifications.vm
21:12:58.179 [main] DEBUG org.apache.velocity - ResourceManager : found /templates/macros/page/classifications.vm with loader org.apache.velocity.runtime.resource.loader.ClasspathResourceLoader
21:12:58.180 [main] DEBUG org.apache.velocity - Velocimacro : added VM includeLead: source=/templates/macros/page/lead.vm
21:12:58.180 [main] DEBUG org.apache.velocity - ResourceManager : found /templates/macros/page/lead.vm with loader org.apache.velocity.runtime.resource.loader.ClasspathResourceLoader
21:12:58.182 [main] DEBUG org.apache.velocity - Velocimacro : added VM includeNavigation: source=/templates/macros/page/navigation.vm
21:12:58.182 [main] DEBUG org.apache.velocity - ResourceManager : found /templates/macros/page/navigation.vm with loader org.apache.velocity.runtime.resource.loader.ClasspathResourceLoader
21:12:58.183 [main] DEBUG org.apache.velocity - Velocimacro : added VM includeReportInfo: source=/templates/macros/page/reportInfo.vm
21:12:58.183 [main] DEBUG org.apache.velocity - ResourceManager : found /templates/macros/page/reportInfo.vm with loader org.apache.velocity.runtime.resource.loader.ClasspathResourceLoader
21:12:58.184 [main] DEBUG org.apache.velocity - Velocimacro : added VM includeTitle: source=/templates/macros/page/title.vm
21:12:58.184 [main] DEBUG org.apache.velocity - ResourceManager : found /templates/macros/page/title.vm with loader org.apache.velocity.runtime.resource.loader.ClasspathResourceLoader
21:12:58.186 [main] DEBUG org.apache.velocity - Velocimacro : added VM includeExpandingButtons: source=/templates/macros/report/expandAllButtons.vm
21:12:58.186 [main] DEBUG org.apache.velocity - ResourceManager : found /templates/macros/report/expandAllButtons.vm with loader org.apache.velocity.runtime.resource.loader.ClasspathResourceLoader
21:12:58.188 [main] DEBUG org.apache.velocity - Velocimacro : added VM includeReportTable: source=/templates/macros/report/reportTable.vm
21:12:58.188 [main] DEBUG org.apache.velocity - ResourceManager : found /templates/macros/report/reportTable.vm with loader org.apache.velocity.runtime.resource.loader.ClasspathResourceLoader
21:12:58.189 [main] DEBUG org.apache.velocity - Velocimacro : added VM includeReportHeader: source=/templates/macros/report/reportHeader.vm
21:12:58.189 [main] DEBUG org.apache.velocity - ResourceManager : found /templates/macros/report/reportHeader.vm with loader org.apache.velocity.runtime.resource.loader.ClasspathResourceLoader
21:12:58.192 [main] DEBUG org.apache.velocity - Velocimacro : added VM includeStatsTable: source=/templates/macros/report/statsTable.vm
21:12:58.192 [main] DEBUG org.apache.velocity - ResourceManager : found /templates/macros/report/statsTable.vm with loader org.apache.velocity.runtime.resource.loader.ClasspathResourceLoader
21:12:58.194 [main] DEBUG org.apache.velocity - Velocimacro : added VM includeBrief: source=/templates/macros/json/brief.vm
21:12:58.194 [main] DEBUG org.apache.velocity - ResourceManager : found /templates/macros/json/brief.vm with loader org.apache.velocity.runtime.resource.loader.ClasspathResourceLoader
21:12:58.194 [main] DEBUG org.apache.velocity - Velocimacro : added VM includeDocString: source=/templates/macros/json/docstring.vm
21:12:58.194 [main] DEBUG org.apache.velocity - ResourceManager : found /templates/macros/json/docstring.vm with loader org.apache.velocity.runtime.resource.loader.ClasspathResourceLoader
21:12:58.196 [main] DEBUG org.apache.velocity - Velocimacro : added VM includeDuration: source=/templates/macros/json/duration.vm
21:12:58.196 [main] DEBUG org.apache.velocity - ResourceManager : found /templates/macros/json/duration.vm with loader org.apache.velocity.runtime.resource.loader.ClasspathResourceLoader
21:12:58.197 [main] DEBUG org.apache.velocity - Velocimacro : added VM includeElement: source=/templates/macros/json/element.vm
21:12:58.198 [main] DEBUG org.apache.velocity - ResourceManager : found /templates/macros/json/element.vm with loader org.apache.velocity.runtime.resource.loader.ClasspathResourceLoader
21:12:58.201 [main] DEBUG org.apache.velocity - Velocimacro : added VM includeEmbeddings: source=/templates/macros/json/embeddings.vm
21:12:58.201 [main] DEBUG org.apache.velocity - Velocimacro : added VM includeHtmlEmbedding: source=/templates/macros/json/embeddings.vm
21:12:58.202 [main] DEBUG org.apache.velocity - Velocimacro : added VM includeImageEmbedding: source=/templates/macros/json/embeddings.vm
21:12:58.202 [main] DEBUG org.apache.velocity - Velocimacro : added VM includeImageReferenceEmbedding: source=/templates/macros/json/embeddings.vm
21:12:58.202 [main] DEBUG org.apache.velocity - Velocimacro : added VM includeTextEmbedding: source=/templates/macros/json/embeddings.vm
21:12:58.202 [main] DEBUG org.apache.velocity - Velocimacro : added VM includeUnknownEmbedding: source=/templates/macros/json/embeddings.vm
21:12:58.202 [main] DEBUG org.apache.velocity - ResourceManager : found /templates/macros/json/embeddings.vm with loader org.apache.velocity.runtime.resource.loader.ClasspathResourceLoader
21:12:58.205 [main] DEBUG org.apache.velocity - Velocimacro : added VM includeHooks: source=/templates/macros/json/hooks.vm
21:12:58.205 [main] DEBUG org.apache.velocity - ResourceManager : found /templates/macros/json/hooks.vm with loader org.apache.velocity.runtime.resource.loader.ClasspathResourceLoader
21:12:58.207 [main] DEBUG org.apache.velocity - Velocimacro : added VM includeOutput: source=/templates/macros/json/output.vm
21:12:58.207 [main] DEBUG org.apache.velocity - ResourceManager : found /templates/macros/json/output.vm with loader org.apache.velocity.runtime.resource.loader.ClasspathResourceLoader
21:12:58.208 [main] DEBUG org.apache.velocity - Velocimacro : added VM includeMessage: source=/templates/macros/json/message.vm
21:12:58.208 [main] DEBUG org.apache.velocity - ResourceManager : found /templates/macros/json/message.vm with loader org.apache.velocity.runtime.resource.loader.ClasspathResourceLoader
21:12:58.209 [main] DEBUG org.apache.velocity - Velocimacro : added VM includeSteps: source=/templates/macros/json/steps.vm
21:12:58.209 [main] DEBUG org.apache.velocity - ResourceManager : found /templates/macros/json/steps.vm with loader org.apache.velocity.runtime.resource.loader.ClasspathResourceLoader
21:12:58.210 [main] DEBUG org.apache.velocity - Velocimacro : added VM includeTags: source=/templates/macros/json/tags.vm
21:12:58.210 [main] DEBUG org.apache.velocity - ResourceManager : found /templates/macros/json/tags.vm with loader org.apache.velocity.runtime.resource.loader.ClasspathResourceLoader
21:12:58.213 [main] DEBUG org.apache.velocity - ResourceManager : found /templates/js/tags-chart.js.vm with loader org.apache.velocity.runtime.resource.loader.ClasspathResourceLoader
21:12:58.220 [main] DEBUG org.apache.velocity - ResourceManager : found /templates/footer.vm with loader org.apache.velocity.runtime.resource.loader.ClasspathResourceLoader
21:12:58.224 [main] DEBUG org.apache.velocity - ResourceManager : found templates/generators/reportTag.vm with loader org.apache.velocity.runtime.resource.loader.ClasspathResourceLoader
21:12:58.228 [main] DEBUG org.apache.velocity - ResourceManager : found /templates/headers.vm with loader org.apache.velocity.runtime.resource.loader.ClasspathResourceLoader
21:12:58.229 [main] DEBUG org.apache.velocity - ResourceManager : found /templates/head.vm with loader org.apache.velocity.runtime.resource.loader.ClasspathResourceLoader
21:12:58.230 [main] DEBUG org.apache.velocity - Velocimacro : added VM stringArray: source=/templates/macros/array.js.vm
21:12:58.230 [main] DEBUG org.apache.velocity - Velocimacro : added VM numberArray: source=/templates/macros/array.js.vm
21:12:58.230 [main] DEBUG org.apache.velocity - ResourceManager : found /templates/macros/array.js.vm with loader org.apache.velocity.runtime.resource.loader.ClasspathResourceLoader
21:12:58.232 [main] DEBUG org.apache.velocity - Velocimacro : added VM includeBuildInfo: source=/templates/macros/page/buildinfo.vm
21:12:58.232 [main] DEBUG org.apache.velocity - ResourceManager : found /templates/macros/page/buildinfo.vm with loader org.apache.velocity.runtime.resource.loader.ClasspathResourceLoader
21:12:58.233 [main] DEBUG org.apache.velocity - Velocimacro : added VM includeClassifications: source=/templates/macros/page/classifications.vm
21:12:58.233 [main] DEBUG org.apache.velocity - ResourceManager : found /templates/macros/page/classifications.vm with loader org.apache.velocity.runtime.resource.loader.ClasspathResourceLoader
21:12:58.234 [main] DEBUG org.apache.velocity - Velocimacro : added VM includeLead: source=/templates/macros/page/lead.vm
21:12:58.234 [main] DEBUG org.apache.velocity - ResourceManager : found /templates/macros/page/lead.vm with loader org.apache.velocity.runtime.resource.loader.ClasspathResourceLoader
21:12:58.236 [main] DEBUG org.apache.velocity - Velocimacro : added VM includeNavigation: source=/templates/macros/page/navigation.vm
21:12:58.236 [main] DEBUG org.apache.velocity - ResourceManager : found /templates/macros/page/navigation.vm with loader org.apache.velocity.runtime.resource.loader.ClasspathResourceLoader
21:12:58.237 [main] DEBUG org.apache.velocity - Velocimacro : added VM includeReportInfo: source=/templates/macros/page/reportInfo.vm
21:12:58.237 [main] DEBUG org.apache.velocity - ResourceManager : found /templates/macros/page/reportInfo.vm with loader org.apache.velocity.runtime.resource.loader.ClasspathResourceLoader
21:12:58.239 [main] DEBUG org.apache.velocity - Velocimacro : added VM includeTitle: source=/templates/macros/page/title.vm
21:12:58.239 [main] DEBUG org.apache.velocity - ResourceManager : found /templates/macros/page/title.vm with loader org.apache.velocity.runtime.resource.loader.ClasspathResourceLoader
21:12:58.240 [main] DEBUG org.apache.velocity - Velocimacro : added VM includeExpandingButtons: source=/templates/macros/report/expandAllButtons.vm
21:12:58.240 [main] DEBUG org.apache.velocity - ResourceManager : found /templates/macros/report/expandAllButtons.vm with loader org.apache.velocity.runtime.resource.loader.ClasspathResourceLoader
21:12:58.241 [main] DEBUG org.apache.velocity - Velocimacro : added VM includeReportTable: source=/templates/macros/report/reportTable.vm
21:12:58.241 [main] DEBUG org.apache.velocity - ResourceManager : found /templates/macros/report/reportTable.vm with loader org.apache.velocity.runtime.resource.loader.ClasspathResourceLoader
21:12:58.242 [main] DEBUG org.apache.velocity - Velocimacro : added VM includeReportHeader: source=/templates/macros/report/reportHeader.vm
21:12:58.242 [main] DEBUG org.apache.velocity - ResourceManager : found /templates/macros/report/reportHeader.vm with loader org.apache.velocity.runtime.resource.loader.ClasspathResourceLoader
21:12:58.245 [main] DEBUG org.apache.velocity - Velocimacro : added VM includeStatsTable: source=/templates/macros/report/statsTable.vm
21:12:58.245 [main] DEBUG org.apache.velocity - ResourceManager : found /templates/macros/report/statsTable.vm with loader org.apache.velocity.runtime.resource.loader.ClasspathResourceLoader
21:12:58.246 [main] DEBUG org.apache.velocity - Velocimacro : added VM includeBrief: source=/templates/macros/json/brief.vm
21:12:58.246 [main] DEBUG org.apache.velocity - ResourceManager : found /templates/macros/json/brief.vm with loader org.apache.velocity.runtime.resource.loader.ClasspathResourceLoader
21:12:58.247 [main] DEBUG org.apache.velocity - Velocimacro : added VM includeDocString: source=/templates/macros/json/docstring.vm
21:12:58.247 [main] DEBUG org.apache.velocity - ResourceManager : found /templates/macros/json/docstring.vm with loader org.apache.velocity.runtime.resource.loader.ClasspathResourceLoader
21:12:58.248 [main] DEBUG org.apache.velocity - Velocimacro : added VM includeDuration: source=/templates/macros/json/duration.vm
21:12:58.248 [main] DEBUG org.apache.velocity - ResourceManager : found /templates/macros/json/duration.vm with loader org.apache.velocity.runtime.resource.loader.ClasspathResourceLoader
21:12:58.250 [main] DEBUG org.apache.velocity - Velocimacro : added VM includeElement: source=/templates/macros/json/element.vm
21:12:58.250 [main] DEBUG org.apache.velocity - ResourceManager : found /templates/macros/json/element.vm with loader org.apache.velocity.runtime.resource.loader.ClasspathResourceLoader
21:12:58.254 [main] DEBUG org.apache.velocity - Velocimacro : added VM includeEmbeddings: source=/templates/macros/json/embeddings.vm
21:12:58.255 [main] DEBUG org.apache.velocity - Velocimacro : added VM includeHtmlEmbedding: source=/templates/macros/json/embeddings.vm
21:12:58.255 [main] DEBUG org.apache.velocity - Velocimacro : added VM includeImageEmbedding: source=/templates/macros/json/embeddings.vm
21:12:58.255 [main] DEBUG org.apache.velocity - Velocimacro : added VM includeImageReferenceEmbedding: source=/templates/macros/json/embeddings.vm
21:12:58.255 [main] DEBUG org.apache.velocity - Velocimacro : added VM includeTextEmbedding: source=/templates/macros/json/embeddings.vm
21:12:58.255 [main] DEBUG org.apache.velocity - Velocimacro : added VM includeUnknownEmbedding: source=/templates/macros/json/embeddings.vm
21:12:58.255 [main] DEBUG org.apache.velocity - ResourceManager : found /templates/macros/json/embeddings.vm with loader org.apache.velocity.runtime.resource.loader.ClasspathResourceLoader
21:12:58.256 [main] DEBUG org.apache.velocity - Velocimacro : added VM includeHooks: source=/templates/macros/json/hooks.vm
21:12:58.256 [main] DEBUG org.apache.velocity - ResourceManager : found /templates/macros/json/hooks.vm with loader org.apache.velocity.runtime.resource.loader.ClasspathResourceLoader
21:12:58.257 [main] DEBUG org.apache.velocity - Velocimacro : added VM includeOutput: source=/templates/macros/json/output.vm
21:12:58.257 [main] DEBUG org.apache.velocity - ResourceManager : found /templates/macros/json/output.vm with loader org.apache.velocity.runtime.resource.loader.ClasspathResourceLoader
21:12:58.258 [main] DEBUG org.apache.velocity - Velocimacro : added VM includeMessage: source=/templates/macros/json/message.vm
21:12:58.258 [main] DEBUG org.apache.velocity - ResourceManager : found /templates/macros/json/message.vm with loader org.apache.velocity.runtime.resource.loader.ClasspathResourceLoader
21:12:58.273 [main] DEBUG org.apache.velocity - Velocimacro : added VM includeSteps: source=/templates/macros/json/steps.vm
21:12:58.273 [main] DEBUG org.apache.velocity - ResourceManager : found /templates/macros/json/steps.vm with loader org.apache.velocity.runtime.resource.loader.ClasspathResourceLoader
21:12:58.275 [main] DEBUG org.apache.velocity - Velocimacro : added VM includeTags: source=/templates/macros/json/tags.vm
21:12:58.275 [main] DEBUG org.apache.velocity - ResourceManager : found /templates/macros/json/tags.vm with loader org.apache.velocity.runtime.resource.loader.ClasspathResourceLoader
21:12:58.276 [main] DEBUG org.apache.velocity - VM #includeNavigation: too few arguments to macro. Wanted 1 got 0
21:12:58.276 [main] DEBUG org.apache.velocity - Left side ($active_tab) of '==' operation has null value. If it is a reference, it may not be in the context or its toString() returned null. /templates/macros/page/navigation.vm[line 14, column 51]
21:12:58.276 [main] DEBUG org.apache.velocity - Left side ($active_tab) of '==' operation has null value. If it is a reference, it may not be in the context or its toString() returned null. /templates/macros/page/navigation.vm[line 15, column 51]
21:12:58.276 [main] DEBUG org.apache.velocity - Left side ($active_tab) of '==' operation has null value. If it is a reference, it may not be in the context or its toString() returned null. /templates/macros/page/navigation.vm[line 16, column 51]
21:12:58.276 [main] DEBUG org.apache.velocity - Left side ($active_tab) of '==' operation has null value. If it is a reference, it may not be in the context or its toString() returned null. /templates/macros/page/navigation.vm[line 20, column 51]
21:12:58.276 [main] DEBUG org.apache.velocity - VM #includeLead: too few arguments to macro. Wanted 2 got 1
21:12:58.278 [main] DEBUG org.apache.velocity - VM #includeBrief: too few arguments to macro. Wanted 5 got 4
21:12:58.278 [main] DEBUG org.apache.velocity - VM #includeBrief: too few arguments to macro. Wanted 5 got 4
21:12:58.280 [main] DEBUG org.apache.velocity - VM #includeBrief: too few arguments to macro. Wanted 5 got 4
21:12:58.280 [main] DEBUG org.apache.velocity - VM #includeBrief: too few arguments to macro. Wanted 5 got 4
21:12:58.285 [main] DEBUG org.apache.velocity - VM #includeBrief: too few arguments to macro. Wanted 5 got 4
21:12:58.285 [main] DEBUG org.apache.velocity - VM #includeBrief: too few arguments to macro. Wanted 5 got 4
21:12:58.288 [main] DEBUG org.apache.velocity - ResourceManager : found /templates/footer.vm with loader org.apache.velocity.runtime.resource.loader.ClasspathResourceLoader
21:12:58.291 [main] DEBUG org.apache.velocity - ResourceManager : found templates/generators/reportTag.vm with loader org.apache.velocity.runtime.resource.loader.ClasspathResourceLoader
21:12:58.293 [main] DEBUG org.apache.velocity - ResourceManager : found /templates/headers.vm with loader org.apache.velocity.runtime.resource.loader.ClasspathResourceLoader
21:12:58.294 [main] DEBUG org.apache.velocity - ResourceManager : found /templates/head.vm with loader org.apache.velocity.runtime.resource.loader.ClasspathResourceLoader
21:12:58.295 [main] DEBUG org.apache.velocity - Velocimacro : added VM stringArray: source=/templates/macros/array.js.vm
21:12:58.295 [main] DEBUG org.apache.velocity - Velocimacro : added VM numberArray: source=/templates/macros/array.js.vm
21:12:58.295 [main] DEBUG org.apache.velocity - ResourceManager : found /templates/macros/array.js.vm with loader org.apache.velocity.runtime.resource.loader.ClasspathResourceLoader
21:12:58.296 [main] DEBUG org.apache.velocity - Velocimacro : added VM includeBuildInfo: source=/templates/macros/page/buildinfo.vm
21:12:58.296 [main] DEBUG org.apache.velocity - ResourceManager : found /templates/macros/page/buildinfo.vm with loader org.apache.velocity.runtime.resource.loader.ClasspathResourceLoader
21:12:58.297 [main] DEBUG org.apache.velocity - Velocimacro : added VM includeClassifications: source=/templates/macros/page/classifications.vm
21:12:58.297 [main] DEBUG org.apache.velocity - ResourceManager : found /templates/macros/page/classifications.vm with loader org.apache.velocity.runtime.resource.loader.ClasspathResourceLoader
21:12:58.327 [main] DEBUG org.apache.velocity - Velocimacro : added VM includeLead: source=/templates/macros/page/lead.vm
21:12:58.327 [main] DEBUG org.apache.velocity - ResourceManager : found /templates/macros/page/lead.vm with loader org.apache.velocity.runtime.resource.loader.ClasspathResourceLoader
21:12:58.329 [main] DEBUG org.apache.velocity - Velocimacro : added VM includeNavigation: source=/templates/macros/page/navigation.vm
21:12:58.329 [main] DEBUG org.apache.velocity - ResourceManager : found /templates/macros/page/navigation.vm with loader org.apache.velocity.runtime.resource.loader.ClasspathResourceLoader
21:12:58.330 [main] DEBUG org.apache.velocity - Velocimacro : added VM includeReportInfo: source=/templates/macros/page/reportInfo.vm
21:12:58.330 [main] DEBUG org.apache.velocity - ResourceManager : found /templates/macros/page/reportInfo.vm with loader org.apache.velocity.runtime.resource.loader.ClasspathResourceLoader
21:12:58.331 [main] DEBUG org.apache.velocity - Velocimacro : added VM includeTitle: source=/templates/macros/page/title.vm
21:12:58.331 [main] DEBUG org.apache.velocity - ResourceManager : found /templates/macros/page/title.vm with loader org.apache.velocity.runtime.resource.loader.ClasspathResourceLoader
21:12:58.332 [main] DEBUG org.apache.velocity - Velocimacro : added VM includeExpandingButtons: source=/templates/macros/report/expandAllButtons.vm
21:12:58.332 [main] DEBUG org.apache.velocity - ResourceManager : found /templates/macros/report/expandAllButtons.vm with loader org.apache.velocity.runtime.resource.loader.ClasspathResourceLoader
21:12:58.333 [main] DEBUG org.apache.velocity - Velocimacro : added VM includeReportTable: source=/templates/macros/report/reportTable.vm
21:12:58.333 [main] DEBUG org.apache.velocity - ResourceManager : found /templates/macros/report/reportTable.vm with loader org.apache.velocity.runtime.resource.loader.ClasspathResourceLoader
21:12:58.334 [main] DEBUG org.apache.velocity - Velocimacro : added VM includeReportHeader: source=/templates/macros/report/reportHeader.vm
21:12:58.334 [main] DEBUG org.apache.velocity - ResourceManager : found /templates/macros/report/reportHeader.vm with loader org.apache.velocity.runtime.resource.loader.ClasspathResourceLoader
21:12:58.336 [main] DEBUG org.apache.velocity - Velocimacro : added VM includeStatsTable: source=/templates/macros/report/statsTable.vm
21:12:58.336 [main] DEBUG org.apache.velocity - ResourceManager : found /templates/macros/report/statsTable.vm with loader org.apache.velocity.runtime.resource.loader.ClasspathResourceLoader
21:12:58.337 [main] DEBUG org.apache.velocity - Velocimacro : added VM includeBrief: source=/templates/macros/json/brief.vm
21:12:58.337 [main] DEBUG org.apache.velocity - ResourceManager : found /templates/macros/json/brief.vm with loader org.apache.velocity.runtime.resource.loader.ClasspathResourceLoader
21:12:58.338 [main] DEBUG org.apache.velocity - Velocimacro : added VM includeDocString: source=/templates/macros/json/docstring.vm
21:12:58.338 [main] DEBUG org.apache.velocity - ResourceManager : found /templates/macros/json/docstring.vm with loader org.apache.velocity.runtime.resource.loader.ClasspathResourceLoader
21:12:58.339 [main] DEBUG org.apache.velocity - Velocimacro : added VM includeDuration: source=/templates/macros/json/duration.vm
21:12:58.339 [main] DEBUG org.apache.velocity - ResourceManager : found /templates/macros/json/duration.vm with loader org.apache.velocity.runtime.resource.loader.ClasspathResourceLoader
21:12:58.341 [main] DEBUG org.apache.velocity - Velocimacro : added VM includeElement: source=/templates/macros/json/element.vm
21:12:58.342 [main] DEBUG org.apache.velocity - ResourceManager : found /templates/macros/json/element.vm with loader org.apache.velocity.runtime.resource.loader.ClasspathResourceLoader
21:12:58.344 [main] DEBUG org.apache.velocity - Velocimacro : added VM includeEmbeddings: source=/templates/macros/json/embeddings.vm
21:12:58.344 [main] DEBUG org.apache.velocity - Velocimacro : added VM includeHtmlEmbedding: source=/templates/macros/json/embeddings.vm
21:12:58.344 [main] DEBUG org.apache.velocity - Velocimacro : added VM includeImageEmbedding: source=/templates/macros/json/embeddings.vm
21:12:58.345 [main] DEBUG org.apache.velocity - Velocimacro : added VM includeImageReferenceEmbedding: source=/templates/macros/json/embeddings.vm
21:12:58.345 [main] DEBUG org.apache.velocity - Velocimacro : added VM includeTextEmbedding: source=/templates/macros/json/embeddings.vm
21:12:58.345 [main] DEBUG org.apache.velocity - Velocimacro : added VM includeUnknownEmbedding: source=/templates/macros/json/embeddings.vm
21:12:58.345 [main] DEBUG org.apache.velocity - ResourceManager : found /templates/macros/json/embeddings.vm with loader org.apache.velocity.runtime.resource.loader.ClasspathResourceLoader
21:12:58.346 [main] DEBUG org.apache.velocity - Velocimacro : added VM includeHooks: source=/templates/macros/json/hooks.vm
21:12:58.346 [main] DEBUG org.apache.velocity - ResourceManager : found /templates/macros/json/hooks.vm with loader org.apache.velocity.runtime.resource.loader.ClasspathResourceLoader
21:12:58.348 [main] DEBUG org.apache.velocity - Velocimacro : added VM includeOutput: source=/templates/macros/json/output.vm
21:12:58.348 [main] DEBUG org.apache.velocity - ResourceManager : found /templates/macros/json/output.vm with loader org.apache.velocity.runtime.resource.loader.ClasspathResourceLoader
21:12:58.349 [main] DEBUG org.apache.velocity - Velocimacro : added VM includeMessage: source=/templates/macros/json/message.vm
21:12:58.349 [main] DEBUG org.apache.velocity - ResourceManager : found /templates/macros/json/message.vm with loader org.apache.velocity.runtime.resource.loader.ClasspathResourceLoader
21:12:58.352 [main] DEBUG org.apache.velocity - Velocimacro : added VM includeSteps: source=/templates/macros/json/steps.vm
21:12:58.352 [main] DEBUG org.apache.velocity - ResourceManager : found /templates/macros/json/steps.vm with loader org.apache.velocity.runtime.resource.loader.ClasspathResourceLoader
21:12:58.353 [main] DEBUG org.apache.velocity - Velocimacro : added VM includeTags: source=/templates/macros/json/tags.vm
21:12:58.353 [main] DEBUG org.apache.velocity - ResourceManager : found /templates/macros/json/tags.vm with loader org.apache.velocity.runtime.resource.loader.ClasspathResourceLoader
21:12:58.354 [main] DEBUG org.apache.velocity - VM #includeNavigation: too few arguments to macro. Wanted 1 got 0
21:12:58.354 [main] DEBUG org.apache.velocity - Left side ($active_tab) of '==' operation has null value. If it is a reference, it may not be in the context or its toString() returned null. /templates/macros/page/navigation.vm[line 14, column 51]
21:12:58.354 [main] DEBUG org.apache.velocity - Left side ($active_tab) of '==' operation has null value. If it is a reference, it may not be in the context or its toString() returned null. /templates/macros/page/navigation.vm[line 15, column 51]
21:12:58.354 [main] DEBUG org.apache.velocity - Left side ($active_tab) of '==' operation has null value. If it is a reference, it may not be in the context or its toString() returned null. /templates/macros/page/navigation.vm[line 16, column 51]
21:12:58.354 [main] DEBUG org.apache.velocity - Left side ($active_tab) of '==' operation has null value. If it is a reference, it may not be in the context or its toString() returned null. /templates/macros/page/navigation.vm[line 20, column 51]
21:12:58.354 [main] DEBUG org.apache.velocity - VM #includeLead: too few arguments to macro. Wanted 2 got 1
21:12:58.361 [main] DEBUG org.apache.velocity - VM #includeBrief: too few arguments to macro. Wanted 5 got 4
21:12:58.361 [main] DEBUG org.apache.velocity - VM #includeBrief: too few arguments to macro. Wanted 5 got 4
21:12:58.371 [main] DEBUG org.apache.velocity - ResourceManager : found /templates/footer.vm with loader org.apache.velocity.runtime.resource.loader.ClasspathResourceLoader
21:12:58.374 [main] DEBUG org.apache.velocity - ResourceManager : found templates/generators/reportTag.vm with loader org.apache.velocity.runtime.resource.loader.ClasspathResourceLoader
21:12:58.377 [main] DEBUG org.apache.velocity - ResourceManager : found /templates/headers.vm with loader org.apache.velocity.runtime.resource.loader.ClasspathResourceLoader
21:12:58.377 [main] DEBUG org.apache.velocity - ResourceManager : found /templates/head.vm with loader org.apache.velocity.runtime.resource.loader.ClasspathResourceLoader
21:12:58.378 [main] DEBUG org.apache.velocity - Velocimacro : added VM stringArray: source=/templates/macros/array.js.vm
21:12:58.378 [main] DEBUG org.apache.velocity - Velocimacro : added VM numberArray: source=/templates/macros/array.js.vm
21:12:58.378 [main] DEBUG org.apache.velocity - ResourceManager : found /templates/macros/array.js.vm with loader org.apache.velocity.runtime.resource.loader.ClasspathResourceLoader
21:12:58.379 [main] DEBUG org.apache.velocity - Velocimacro : added VM includeBuildInfo: source=/templates/macros/page/buildinfo.vm
21:12:58.379 [main] DEBUG org.apache.velocity - ResourceManager : found /templates/macros/page/buildinfo.vm with loader org.apache.velocity.runtime.resource.loader.ClasspathResourceLoader
21:12:58.380 [main] DEBUG org.apache.velocity - Velocimacro : added VM includeClassifications: source=/templates/macros/page/classifications.vm
21:12:58.380 [main] DEBUG org.apache.velocity - ResourceManager : found /templates/macros/page/classifications.vm with loader org.apache.velocity.runtime.resource.loader.ClasspathResourceLoader
21:12:58.381 [main] DEBUG org.apache.velocity - Velocimacro : added VM includeLead: source=/templates/macros/page/lead.vm
21:12:58.381 [main] DEBUG org.apache.velocity - ResourceManager : found /templates/macros/page/lead.vm with loader org.apache.velocity.runtime.resource.loader.ClasspathResourceLoader
21:12:58.383 [main] DEBUG org.apache.velocity - Velocimacro : added VM includeNavigation: source=/templates/macros/page/navigation.vm
21:12:58.383 [main] DEBUG org.apache.velocity - ResourceManager : found /templates/macros/page/navigation.vm with loader org.apache.velocity.runtime.resource.loader.ClasspathResourceLoader
21:12:58.387 [main] DEBUG org.apache.velocity - Velocimacro : added VM includeReportInfo: source=/templates/macros/page/reportInfo.vm
21:12:58.388 [main] DEBUG org.apache.velocity - ResourceManager : found /templates/macros/page/reportInfo.vm with loader org.apache.velocity.runtime.resource.loader.ClasspathResourceLoader
21:12:58.389 [main] DEBUG org.apache.velocity - Velocimacro : added VM includeTitle: source=/templates/macros/page/title.vm
21:12:58.390 [main] DEBUG org.apache.velocity - ResourceManager : found /templates/macros/page/title.vm with loader org.apache.velocity.runtime.resource.loader.ClasspathResourceLoader
21:12:58.394 [main] DEBUG org.apache.velocity - Velocimacro : added VM includeExpandingButtons: source=/templates/macros/report/expandAllButtons.vm
21:12:58.394 [main] DEBUG org.apache.velocity - ResourceManager : found /templates/macros/report/expandAllButtons.vm with loader org.apache.velocity.runtime.resource.loader.ClasspathResourceLoader
21:12:58.395 [main] DEBUG org.apache.velocity - Velocimacro : added VM includeReportTable: source=/templates/macros/report/reportTable.vm
21:12:58.395 [main] DEBUG org.apache.velocity - ResourceManager : found /templates/macros/report/reportTable.vm with loader org.apache.velocity.runtime.resource.loader.ClasspathResourceLoader
21:12:58.397 [main] DEBUG org.apache.velocity - Velocimacro : added VM includeReportHeader: source=/templates/macros/report/reportHeader.vm
21:12:58.398 [main] DEBUG org.apache.velocity - ResourceManager : found /templates/macros/report/reportHeader.vm with loader org.apache.velocity.runtime.resource.loader.ClasspathResourceLoader
21:12:58.404 [main] DEBUG org.apache.velocity - Velocimacro : added VM includeStatsTable: source=/templates/macros/report/statsTable.vm
21:12:58.404 [main] DEBUG org.apache.velocity - ResourceManager : found /templates/macros/report/statsTable.vm with loader org.apache.velocity.runtime.resource.loader.ClasspathResourceLoader
21:12:58.406 [main] DEBUG org.apache.velocity - Velocimacro : added VM includeBrief: source=/templates/macros/json/brief.vm
21:12:58.407 [main] DEBUG org.apache.velocity - ResourceManager : found /templates/macros/json/brief.vm with loader org.apache.velocity.runtime.resource.loader.ClasspathResourceLoader
21:12:58.407 [main] DEBUG org.apache.velocity - Velocimacro : added VM includeDocString: source=/templates/macros/json/docstring.vm
21:12:58.407 [main] DEBUG org.apache.velocity - ResourceManager : found /templates/macros/json/docstring.vm with loader org.apache.velocity.runtime.resource.loader.ClasspathResourceLoader
21:12:58.409 [main] DEBUG org.apache.velocity - Velocimacro : added VM includeDuration: source=/templates/macros/json/duration.vm
21:12:58.409 [main] DEBUG org.apache.velocity - ResourceManager : found /templates/macros/json/duration.vm with loader org.apache.velocity.runtime.resource.loader.ClasspathResourceLoader
21:12:58.410 [main] DEBUG org.apache.velocity - Velocimacro : added VM includeElement: source=/templates/macros/json/element.vm
21:12:58.410 [main] DEBUG org.apache.velocity - ResourceManager : found /templates/macros/json/element.vm with loader org.apache.velocity.runtime.resource.loader.ClasspathResourceLoader
21:12:58.413 [main] DEBUG org.apache.velocity - Velocimacro : added VM includeEmbeddings: source=/templates/macros/json/embeddings.vm
21:12:58.413 [main] DEBUG org.apache.velocity - Velocimacro : added VM includeHtmlEmbedding: source=/templates/macros/json/embeddings.vm
21:12:58.413 [main] DEBUG org.apache.velocity - Velocimacro : added VM includeImageEmbedding: source=/templates/macros/json/embeddings.vm
21:12:58.413 [main] DEBUG org.apache.velocity - Velocimacro : added VM includeImageReferenceEmbedding: source=/templates/macros/json/embeddings.vm
21:12:58.413 [main] DEBUG org.apache.velocity - Velocimacro : added VM includeTextEmbedding: source=/templates/macros/json/embeddings.vm
21:12:58.413 [main] DEBUG org.apache.velocity - Velocimacro : added VM includeUnknownEmbedding: source=/templates/macros/json/embeddings.vm
21:12:58.413 [main] DEBUG org.apache.velocity - ResourceManager : found /templates/macros/json/embeddings.vm with loader org.apache.velocity.runtime.resource.loader.ClasspathResourceLoader
21:12:58.414 [main] DEBUG org.apache.velocity - Velocimacro : added VM includeHooks: source=/templates/macros/json/hooks.vm
21:12:58.415 [main] DEBUG org.apache.velocity - ResourceManager : found /templates/macros/json/hooks.vm with loader org.apache.velocity.runtime.resource.loader.ClasspathResourceLoader
21:12:58.416 [main] DEBUG org.apache.velocity - Velocimacro : added VM includeOutput: source=/templates/macros/json/output.vm
21:12:58.416 [main] DEBUG org.apache.velocity - ResourceManager : found /templates/macros/json/output.vm with loader org.apache.velocity.runtime.resource.loader.ClasspathResourceLoader
21:12:58.417 [main] DEBUG org.apache.velocity - Velocimacro : added VM includeMessage: source=/templates/macros/json/message.vm
21:12:58.417 [main] DEBUG org.apache.velocity - ResourceManager : found /templates/macros/json/message.vm with loader org.apache.velocity.runtime.resource.loader.ClasspathResourceLoader
21:12:58.420 [main] DEBUG org.apache.velocity - Velocimacro : added VM includeSteps: source=/templates/macros/json/steps.vm
21:12:58.420 [main] DEBUG org.apache.velocity - ResourceManager : found /templates/macros/json/steps.vm with loader org.apache.velocity.runtime.resource.loader.ClasspathResourceLoader
21:12:58.423 [main] DEBUG org.apache.velocity - Velocimacro : added VM includeTags: source=/templates/macros/json/tags.vm
21:12:58.423 [main] DEBUG org.apache.velocity - ResourceManager : found /templates/macros/json/tags.vm with loader org.apache.velocity.runtime.resource.loader.ClasspathResourceLoader
21:12:58.423 [main] DEBUG org.apache.velocity - VM #includeNavigation: too few arguments to macro. Wanted 1 got 0
21:12:58.423 [main] DEBUG org.apache.velocity - Left side ($active_tab) of '==' operation has null value. If it is a reference, it may not be in the context or its toString() returned null. /templates/macros/page/navigation.vm[line 14, column 51]
21:12:58.423 [main] DEBUG org.apache.velocity - Left side ($active_tab) of '==' operation has null value. If it is a reference, it may not be in the context or its toString() returned null. /templates/macros/page/navigation.vm[line 15, column 51]
21:12:58.423 [main] DEBUG org.apache.velocity - Left side ($active_tab) of '==' operation has null value. If it is a reference, it may not be in the context or its toString() returned null. /templates/macros/page/navigation.vm[line 16, column 51]
21:12:58.423 [main] DEBUG org.apache.velocity - Left side ($active_tab) of '==' operation has null value. If it is a reference, it may not be in the context or its toString() returned null. /templates/macros/page/navigation.vm[line 20, column 51]
21:12:58.424 [main] DEBUG org.apache.velocity - VM #includeLead: too few arguments to macro. Wanted 2 got 1
21:12:58.427 [main] DEBUG org.apache.velocity - VM #includeBrief: too few arguments to macro. Wanted 5 got 4
21:12:58.428 [main] DEBUG org.apache.velocity - VM #includeBrief: too few arguments to macro. Wanted 5 got 4
21:12:58.432 [main] DEBUG org.apache.velocity - ResourceManager : found /templates/footer.vm with loader org.apache.velocity.runtime.resource.loader.ClasspathResourceLoader
21:12:58.434 [main] DEBUG org.apache.velocity - ResourceManager : found templates/generators/reportTag.vm with loader org.apache.velocity.runtime.resource.loader.ClasspathResourceLoader
21:12:58.438 [main] DEBUG org.apache.velocity - ResourceManager : found /templates/headers.vm with loader org.apache.velocity.runtime.resource.loader.ClasspathResourceLoader
21:12:58.439 [main] DEBUG org.apache.velocity - ResourceManager : found /templates/head.vm with loader org.apache.velocity.runtime.resource.loader.ClasspathResourceLoader
21:12:58.440 [main] DEBUG org.apache.velocity - Velocimacro : added VM stringArray: source=/templates/macros/array.js.vm
21:12:58.440 [main] DEBUG org.apache.velocity - Velocimacro : added VM numberArray: source=/templates/macros/array.js.vm
21:12:58.440 [main] DEBUG org.apache.velocity - ResourceManager : found /templates/macros/array.js.vm with loader org.apache.velocity.runtime.resource.loader.ClasspathResourceLoader
21:12:58.441 [main] DEBUG org.apache.velocity - Velocimacro : added VM includeBuildInfo: source=/templates/macros/page/buildinfo.vm
21:12:58.441 [main] DEBUG org.apache.velocity - ResourceManager : found /templates/macros/page/buildinfo.vm with loader org.apache.velocity.runtime.resource.loader.ClasspathResourceLoader
21:12:58.442 [main] DEBUG org.apache.velocity - Velocimacro : added VM includeClassifications: source=/templates/macros/page/classifications.vm
21:12:58.442 [main] DEBUG org.apache.velocity - ResourceManager : found /templates/macros/page/classifications.vm with loader org.apache.velocity.runtime.resource.loader.ClasspathResourceLoader
21:12:58.443 [main] DEBUG org.apache.velocity - Velocimacro : added VM includeLead: source=/templates/macros/page/lead.vm
21:12:58.443 [main] DEBUG org.apache.velocity - ResourceManager : found /templates/macros/page/lead.vm with loader org.apache.velocity.runtime.resource.loader.ClasspathResourceLoader
21:12:58.444 [main] DEBUG org.apache.velocity - Velocimacro : added VM includeNavigation: source=/templates/macros/page/navigation.vm
21:12:58.444 [main] DEBUG org.apache.velocity - ResourceManager : found /templates/macros/page/navigation.vm with loader org.apache.velocity.runtime.resource.loader.ClasspathResourceLoader
21:12:58.445 [main] DEBUG org.apache.velocity - Velocimacro : added VM includeReportInfo: source=/templates/macros/page/reportInfo.vm
21:12:58.445 [main] DEBUG org.apache.velocity - ResourceManager : found /templates/macros/page/reportInfo.vm with loader org.apache.velocity.runtime.resource.loader.ClasspathResourceLoader
21:12:58.446 [main] DEBUG org.apache.velocity - Velocimacro : added VM includeTitle: source=/templates/macros/page/title.vm
21:12:58.446 [main] DEBUG org.apache.velocity - ResourceManager : found /templates/macros/page/title.vm with loader org.apache.velocity.runtime.resource.loader.ClasspathResourceLoader
21:12:58.447 [main] DEBUG org.apache.velocity - Velocimacro : added VM includeExpandingButtons: source=/templates/macros/report/expandAllButtons.vm
21:12:58.447 [main] DEBUG org.apache.velocity - ResourceManager : found /templates/macros/report/expandAllButtons.vm with loader org.apache.velocity.runtime.resource.loader.ClasspathResourceLoader
21:12:58.449 [main] DEBUG org.apache.velocity - Velocimacro : added VM includeReportTable: source=/templates/macros/report/reportTable.vm
21:12:58.449 [main] DEBUG org.apache.velocity - ResourceManager : found /templates/macros/report/reportTable.vm with loader org.apache.velocity.runtime.resource.loader.ClasspathResourceLoader
21:12:58.450 [main] DEBUG org.apache.velocity - Velocimacro : added VM includeReportHeader: source=/templates/macros/report/reportHeader.vm
21:12:58.450 [main] DEBUG org.apache.velocity - ResourceManager : found /templates/macros/report/reportHeader.vm with loader org.apache.velocity.runtime.resource.loader.ClasspathResourceLoader
21:12:58.452 [main] DEBUG org.apache.velocity - Velocimacro : added VM includeStatsTable: source=/templates/macros/report/statsTable.vm
21:12:58.452 [main] DEBUG org.apache.velocity - ResourceManager : found /templates/macros/report/statsTable.vm with loader org.apache.velocity.runtime.resource.loader.ClasspathResourceLoader
21:12:58.453 [main] DEBUG org.apache.velocity - Velocimacro : added VM includeBrief: source=/templates/macros/json/brief.vm
21:12:58.453 [main] DEBUG org.apache.velocity - ResourceManager : found /templates/macros/json/brief.vm with loader org.apache.velocity.runtime.resource.loader.ClasspathResourceLoader
21:12:58.455 [main] DEBUG org.apache.velocity - Velocimacro : added VM includeDocString: source=/templates/macros/json/docstring.vm
21:12:58.455 [main] DEBUG org.apache.velocity - ResourceManager : found /templates/macros/json/docstring.vm with loader org.apache.velocity.runtime.resource.loader.ClasspathResourceLoader
21:12:58.458 [main] DEBUG org.apache.velocity - Velocimacro : added VM includeDuration: source=/templates/macros/json/duration.vm
21:12:58.458 [main] DEBUG org.apache.velocity - ResourceManager : found /templates/macros/json/duration.vm with loader org.apache.velocity.runtime.resource.loader.ClasspathResourceLoader
21:12:58.460 [main] DEBUG org.apache.velocity - Velocimacro : added VM includeElement: source=/templates/macros/json/element.vm
21:12:58.460 [main] DEBUG org.apache.velocity - ResourceManager : found /templates/macros/json/element.vm with loader org.apache.velocity.runtime.resource.loader.ClasspathResourceLoader
21:12:58.462 [main] DEBUG org.apache.velocity - Velocimacro : added VM includeEmbeddings: source=/templates/macros/json/embeddings.vm
21:12:58.464 [main] DEBUG org.apache.velocity - Velocimacro : added VM includeHtmlEmbedding: source=/templates/macros/json/embeddings.vm
21:12:58.464 [main] DEBUG org.apache.velocity - Velocimacro : added VM includeImageEmbedding: source=/templates/macros/json/embeddings.vm
21:12:58.464 [main] DEBUG org.apache.velocity - Velocimacro : added VM includeImageReferenceEmbedding: source=/templates/macros/json/embeddings.vm
21:12:58.464 [main] DEBUG org.apache.velocity - Velocimacro : added VM includeTextEmbedding: source=/templates/macros/json/embeddings.vm
21:12:58.465 [main] DEBUG org.apache.velocity - Velocimacro : added VM includeUnknownEmbedding: source=/templates/macros/json/embeddings.vm
21:12:58.465 [main] DEBUG org.apache.velocity - ResourceManager : found /templates/macros/json/embeddings.vm with loader org.apache.velocity.runtime.resource.loader.ClasspathResourceLoader
21:12:58.466 [main] DEBUG org.apache.velocity - Velocimacro : added VM includeHooks: source=/templates/macros/json/hooks.vm
21:12:58.466 [main] DEBUG org.apache.velocity - ResourceManager : found /templates/macros/json/hooks.vm with loader org.apache.velocity.runtime.resource.loader.ClasspathResourceLoader
21:12:58.467 [main] DEBUG org.apache.velocity - Velocimacro : added VM includeOutput: source=/templates/macros/json/output.vm
21:12:58.467 [main] DEBUG org.apache.velocity - ResourceManager : found /templates/macros/json/output.vm with loader org.apache.velocity.runtime.resource.loader.ClasspathResourceLoader
21:12:58.468 [main] DEBUG org.apache.velocity - Velocimacro : added VM includeMessage: source=/templates/macros/json/message.vm
21:12:58.468 [main] DEBUG org.apache.velocity - ResourceManager : found /templates/macros/json/message.vm with loader org.apache.velocity.runtime.resource.loader.ClasspathResourceLoader
21:12:58.470 [main] DEBUG org.apache.velocity - Velocimacro : added VM includeSteps: source=/templates/macros/json/steps.vm
21:12:58.470 [main] DEBUG org.apache.velocity - ResourceManager : found /templates/macros/json/steps.vm with loader org.apache.velocity.runtime.resource.loader.ClasspathResourceLoader
21:12:58.472 [main] DEBUG org.apache.velocity - Velocimacro : added VM includeTags: source=/templates/macros/json/tags.vm
21:12:58.472 [main] DEBUG org.apache.velocity - ResourceManager : found /templates/macros/json/tags.vm with loader org.apache.velocity.runtime.resource.loader.ClasspathResourceLoader
21:12:58.472 [main] DEBUG org.apache.velocity - VM #includeNavigation: too few arguments to macro. Wanted 1 got 0
21:12:58.472 [main] DEBUG org.apache.velocity - Left side ($active_tab) of '==' operation has null value. If it is a reference, it may not be in the context or its toString() returned null. /templates/macros/page/navigation.vm[line 14, column 51]
21:12:58.472 [main] DEBUG org.apache.velocity - Left side ($active_tab) of '==' operation has null value. If it is a reference, it may not be in the context or its toString() returned null. /templates/macros/page/navigation.vm[line 15, column 51]
21:12:58.472 [main] DEBUG org.apache.velocity - Left side ($active_tab) of '==' operation has null value. If it is a reference, it may not be in the context or its toString() returned null. /templates/macros/page/navigation.vm[line 16, column 51]
21:12:58.472 [main] DEBUG org.apache.velocity - Left side ($active_tab) of '==' operation has null value. If it is a reference, it may not be in the context or its toString() returned null. /templates/macros/page/navigation.vm[line 20, column 51]
21:12:58.472 [main] DEBUG org.apache.velocity - VM #includeLead: too few arguments to macro. Wanted 2 got 1
21:12:58.474 [main] DEBUG org.apache.velocity - VM #includeBrief: too few arguments to macro. Wanted 5 got 4
21:12:58.476 [main] DEBUG org.apache.velocity - VM #includeBrief: too few arguments to macro. Wanted 5 got 4
21:12:58.481 [main] DEBUG org.apache.velocity - ResourceManager : found /templates/footer.vm with loader org.apache.velocity.runtime.resource.loader.ClasspathResourceLoader
21:12:58.483 [main] DEBUG org.apache.velocity - ResourceManager : found templates/generators/reportTag.vm with loader org.apache.velocity.runtime.resource.loader.ClasspathResourceLoader
21:12:58.486 [main] DEBUG org.apache.velocity - ResourceManager : found /templates/headers.vm with loader org.apache.velocity.runtime.resource.loader.ClasspathResourceLoader
21:12:58.486 [main] DEBUG org.apache.velocity - ResourceManager : found /templates/head.vm with loader org.apache.velocity.runtime.resource.loader.ClasspathResourceLoader
21:12:58.487 [main] DEBUG org.apache.velocity - Velocimacro : added VM stringArray: source=/templates/macros/array.js.vm
21:12:58.487 [main] DEBUG org.apache.velocity - Velocimacro : added VM numberArray: source=/templates/macros/array.js.vm
21:12:58.487 [main] DEBUG org.apache.velocity - ResourceManager : found /templates/macros/array.js.vm with loader org.apache.velocity.runtime.resource.loader.ClasspathResourceLoader
21:12:58.488 [main] DEBUG org.apache.velocity - Velocimacro : added VM includeBuildInfo: source=/templates/macros/page/buildinfo.vm
21:12:58.490 [main] DEBUG org.apache.velocity - ResourceManager : found /templates/macros/page/buildinfo.vm with loader org.apache.velocity.runtime.resource.loader.ClasspathResourceLoader
21:12:58.491 [main] DEBUG org.apache.velocity - Velocimacro : added VM includeClassifications: source=/templates/macros/page/classifications.vm
21:12:58.491 [main] DEBUG org.apache.velocity - ResourceManager : found /templates/macros/page/classifications.vm with loader org.apache.velocity.runtime.resource.loader.ClasspathResourceLoader
21:12:58.492 [main] DEBUG org.apache.velocity - Velocimacro : added VM includeLead: source=/templates/macros/page/lead.vm
21:12:58.492 [main] DEBUG org.apache.velocity - ResourceManager : found /templates/macros/page/lead.vm with loader org.apache.velocity.runtime.resource.loader.ClasspathResourceLoader
21:12:58.493 [main] DEBUG org.apache.velocity - Velocimacro : added VM includeNavigation: source=/templates/macros/page/navigation.vm
21:12:58.493 [main] DEBUG org.apache.velocity - ResourceManager : found /templates/macros/page/navigation.vm with loader org.apache.velocity.runtime.resource.loader.ClasspathResourceLoader
21:12:58.494 [main] DEBUG org.apache.velocity - Velocimacro : added VM includeReportInfo: source=/templates/macros/page/reportInfo.vm
21:12:58.494 [main] DEBUG org.apache.velocity - ResourceManager : found /templates/macros/page/reportInfo.vm with loader org.apache.velocity.runtime.resource.loader.ClasspathResourceLoader
21:12:58.496 [main] DEBUG org.apache.velocity - Velocimacro : added VM includeTitle: source=/templates/macros/page/title.vm
21:12:58.496 [main] DEBUG org.apache.velocity - ResourceManager : found /templates/macros/page/title.vm with loader org.apache.velocity.runtime.resource.loader.ClasspathResourceLoader
21:12:58.497 [main] DEBUG org.apache.velocity - Velocimacro : added VM includeExpandingButtons: source=/templates/macros/report/expandAllButtons.vm
21:12:58.497 [main] DEBUG org.apache.velocity - ResourceManager : found /templates/macros/report/expandAllButtons.vm with loader org.apache.velocity.runtime.resource.loader.ClasspathResourceLoader
21:12:58.498 [main] DEBUG org.apache.velocity - Velocimacro : added VM includeReportTable: source=/templates/macros/report/reportTable.vm
21:12:58.498 [main] DEBUG org.apache.velocity - ResourceManager : found /templates/macros/report/reportTable.vm with loader org.apache.velocity.runtime.resource.loader.ClasspathResourceLoader
21:12:58.499 [main] DEBUG org.apache.velocity - Velocimacro : added VM includeReportHeader: source=/templates/macros/report/reportHeader.vm
21:12:58.500 [main] DEBUG org.apache.velocity - ResourceManager : found /templates/macros/report/reportHeader.vm with loader org.apache.velocity.runtime.resource.loader.ClasspathResourceLoader
21:12:58.507 [main] DEBUG org.apache.velocity - Velocimacro : added VM includeStatsTable: source=/templates/macros/report/statsTable.vm
21:12:58.507 [main] DEBUG org.apache.velocity - ResourceManager : found /templates/macros/report/statsTable.vm with loader org.apache.velocity.runtime.resource.loader.ClasspathResourceLoader
21:12:58.508 [main] DEBUG org.apache.velocity - Velocimacro : added VM includeBrief: source=/templates/macros/json/brief.vm
21:12:58.508 [main] DEBUG org.apache.velocity - ResourceManager : found /templates/macros/json/brief.vm with loader org.apache.velocity.runtime.resource.loader.ClasspathResourceLoader
21:12:58.509 [main] DEBUG org.apache.velocity - Velocimacro : added VM includeDocString: source=/templates/macros/json/docstring.vm
21:12:58.509 [main] DEBUG org.apache.velocity - ResourceManager : found /templates/macros/json/docstring.vm with loader org.apache.velocity.runtime.resource.loader.ClasspathResourceLoader
21:12:58.510 [main] DEBUG org.apache.velocity - Velocimacro : added VM includeDuration: source=/templates/macros/json/duration.vm
21:12:58.510 [main] DEBUG org.apache.velocity - ResourceManager : found /templates/macros/json/duration.vm with loader org.apache.velocity.runtime.resource.loader.ClasspathResourceLoader
21:12:58.511 [main] DEBUG org.apache.velocity - Velocimacro : added VM includeElement: source=/templates/macros/json/element.vm
21:12:58.511 [main] DEBUG org.apache.velocity - ResourceManager : found /templates/macros/json/element.vm with loader org.apache.velocity.runtime.resource.loader.ClasspathResourceLoader
21:12:58.514 [main] DEBUG org.apache.velocity - Velocimacro : added VM includeEmbeddings: source=/templates/macros/json/embeddings.vm
21:12:58.514 [main] DEBUG org.apache.velocity - Velocimacro : added VM includeHtmlEmbedding: source=/templates/macros/json/embeddings.vm
21:12:58.514 [main] DEBUG org.apache.velocity - Velocimacro : added VM includeImageEmbedding: source=/templates/macros/json/embeddings.vm
21:12:58.514 [main] DEBUG org.apache.velocity - Velocimacro : added VM includeImageReferenceEmbedding: source=/templates/macros/json/embeddings.vm
21:12:58.514 [main] DEBUG org.apache.velocity - Velocimacro : added VM includeTextEmbedding: source=/templates/macros/json/embeddings.vm
21:12:58.514 [main] DEBUG org.apache.velocity - Velocimacro : added VM includeUnknownEmbedding: source=/templates/macros/json/embeddings.vm
21:12:58.514 [main] DEBUG org.apache.velocity - ResourceManager : found /templates/macros/json/embeddings.vm with loader org.apache.velocity.runtime.resource.loader.ClasspathResourceLoader
21:12:58.517 [main] DEBUG org.apache.velocity - Velocimacro : added VM includeHooks: source=/templates/macros/json/hooks.vm
21:12:58.517 [main] DEBUG org.apache.velocity - ResourceManager : found /templates/macros/json/hooks.vm with loader org.apache.velocity.runtime.resource.loader.ClasspathResourceLoader
21:12:58.518 [main] DEBUG org.apache.velocity - Velocimacro : added VM includeOutput: source=/templates/macros/json/output.vm
21:12:58.518 [main] DEBUG org.apache.velocity - ResourceManager : found /templates/macros/json/output.vm with loader org.apache.velocity.runtime.resource.loader.ClasspathResourceLoader
21:12:58.519 [main] DEBUG org.apache.velocity - Velocimacro : added VM includeMessage: source=/templates/macros/json/message.vm
21:12:58.519 [main] DEBUG org.apache.velocity - ResourceManager : found /templates/macros/json/message.vm with loader org.apache.velocity.runtime.resource.loader.ClasspathResourceLoader
21:12:58.521 [main] DEBUG org.apache.velocity - Velocimacro : added VM includeSteps: source=/templates/macros/json/steps.vm
21:12:58.521 [main] DEBUG org.apache.velocity - ResourceManager : found /templates/macros/json/steps.vm with loader org.apache.velocity.runtime.resource.loader.ClasspathResourceLoader
21:12:58.522 [main] DEBUG org.apache.velocity - Velocimacro : added VM includeTags: source=/templates/macros/json/tags.vm
21:12:58.522 [main] DEBUG org.apache.velocity - ResourceManager : found /templates/macros/json/tags.vm with loader org.apache.velocity.runtime.resource.loader.ClasspathResourceLoader
21:12:58.522 [main] DEBUG org.apache.velocity - VM #includeNavigation: too few arguments to macro. Wanted 1 got 0
21:12:58.522 [main] DEBUG org.apache.velocity - Left side ($active_tab) of '==' operation has null value. If it is a reference, it may not be in the context or its toString() returned null. /templates/macros/page/navigation.vm[line 14, column 51]
21:12:58.522 [main] DEBUG org.apache.velocity - Left side ($active_tab) of '==' operation has null value. If it is a reference, it may not be in the context or its toString() returned null. /templates/macros/page/navigation.vm[line 15, column 51]
21:12:58.522 [main] DEBUG org.apache.velocity - Left side ($active_tab) of '==' operation has null value. If it is a reference, it may not be in the context or its toString() returned null. /templates/macros/page/navigation.vm[line 16, column 51]
21:12:58.523 [main] DEBUG org.apache.velocity - Left side ($active_tab) of '==' operation has null value. If it is a reference, it may not be in the context or its toString() returned null. /templates/macros/page/navigation.vm[line 20, column 51]
21:12:58.523 [main] DEBUG org.apache.velocity - VM #includeLead: too few arguments to macro. Wanted 2 got 1
21:12:58.526 [main] DEBUG org.apache.velocity - VM #includeBrief: too few arguments to macro. Wanted 5 got 4
21:12:58.526 [main] DEBUG org.apache.velocity - VM #includeBrief: too few arguments to macro. Wanted 5 got 4
21:12:58.528 [main] DEBUG org.apache.velocity - VM #includeBrief: too few arguments to macro. Wanted 5 got 4
21:12:58.528 [main] DEBUG org.apache.velocity - VM #includeBrief: too few arguments to macro. Wanted 5 got 4
21:12:58.535 [main] DEBUG org.apache.velocity - VM #includeBrief: too few arguments to macro. Wanted 5 got 4
21:12:58.535 [main] DEBUG org.apache.velocity - VM #includeBrief: too few arguments to macro. Wanted 5 got 4
21:12:58.541 [main] DEBUG org.apache.velocity - VM #includeBrief: too few arguments to macro. Wanted 5 got 4
21:12:58.541 [main] DEBUG org.apache.velocity - VM #includeBrief: too few arguments to macro. Wanted 5 got 4
21:12:58.547 [main] DEBUG org.apache.velocity - VM #includeBrief: too few arguments to macro. Wanted 5 got 4
21:12:58.547 [main] DEBUG org.apache.velocity - VM #includeBrief: too few arguments to macro. Wanted 5 got 4
21:12:58.551 [main] DEBUG org.apache.velocity - ResourceManager : found /templates/footer.vm with loader org.apache.velocity.runtime.resource.loader.ClasspathResourceLoader
21:12:58.552 [main] DEBUG org.apache.velocity - ResourceManager : found templates/generators/reportTag.vm with loader org.apache.velocity.runtime.resource.loader.ClasspathResourceLoader
21:12:58.554 [main] DEBUG org.apache.velocity - ResourceManager : found /templates/headers.vm with loader org.apache.velocity.runtime.resource.loader.ClasspathResourceLoader
21:12:58.555 [main] DEBUG org.apache.velocity - ResourceManager : found /templates/head.vm with loader org.apache.velocity.runtime.resource.loader.ClasspathResourceLoader
21:12:58.557 [main] DEBUG org.apache.velocity - Velocimacro : added VM stringArray: source=/templates/macros/array.js.vm
21:12:58.557 [main] DEBUG org.apache.velocity - Velocimacro : added VM numberArray: source=/templates/macros/array.js.vm
21:12:58.557 [main] DEBUG org.apache.velocity - ResourceManager : found /templates/macros/array.js.vm with loader org.apache.velocity.runtime.resource.loader.ClasspathResourceLoader
21:12:58.557 [main] DEBUG org.apache.velocity - Velocimacro : added VM includeBuildInfo: source=/templates/macros/page/buildinfo.vm
21:12:58.557 [main] DEBUG org.apache.velocity - ResourceManager : found /templates/macros/page/buildinfo.vm with loader org.apache.velocity.runtime.resource.loader.ClasspathResourceLoader
21:12:58.558 [main] DEBUG org.apache.velocity - Velocimacro : added VM includeClassifications: source=/templates/macros/page/classifications.vm
21:12:58.558 [main] DEBUG org.apache.velocity - ResourceManager : found /templates/macros/page/classifications.vm with loader org.apache.velocity.runtime.resource.loader.ClasspathResourceLoader
21:12:58.559 [main] DEBUG org.apache.velocity - Velocimacro : added VM includeLead: source=/templates/macros/page/lead.vm
21:12:58.559 [main] DEBUG org.apache.velocity - ResourceManager : found /templates/macros/page/lead.vm with loader org.apache.velocity.runtime.resource.loader.ClasspathResourceLoader
21:12:58.560 [main] DEBUG org.apache.velocity - Velocimacro : added VM includeNavigation: source=/templates/macros/page/navigation.vm
21:12:58.560 [main] DEBUG org.apache.velocity - ResourceManager : found /templates/macros/page/navigation.vm with loader org.apache.velocity.runtime.resource.loader.ClasspathResourceLoader
21:12:58.562 [main] DEBUG org.apache.velocity - Velocimacro : added VM includeReportInfo: source=/templates/macros/page/reportInfo.vm
21:12:58.562 [main] DEBUG org.apache.velocity - ResourceManager : found /templates/macros/page/reportInfo.vm with loader org.apache.velocity.runtime.resource.loader.ClasspathResourceLoader
21:12:58.564 [main] DEBUG org.apache.velocity - Velocimacro : added VM includeTitle: source=/templates/macros/page/title.vm
21:12:58.564 [main] DEBUG org.apache.velocity - ResourceManager : found /templates/macros/page/title.vm with loader org.apache.velocity.runtime.resource.loader.ClasspathResourceLoader
21:12:58.565 [main] DEBUG org.apache.velocity - Velocimacro : added VM includeExpandingButtons: source=/templates/macros/report/expandAllButtons.vm
21:12:58.565 [main] DEBUG org.apache.velocity - ResourceManager : found /templates/macros/report/expandAllButtons.vm with loader org.apache.velocity.runtime.resource.loader.ClasspathResourceLoader
21:12:58.568 [main] DEBUG org.apache.velocity - Velocimacro : added VM includeReportTable: source=/templates/macros/report/reportTable.vm
21:12:58.568 [main] DEBUG org.apache.velocity - ResourceManager : found /templates/macros/report/reportTable.vm with loader org.apache.velocity.runtime.resource.loader.ClasspathResourceLoader
21:12:58.572 [main] DEBUG org.apache.velocity - Velocimacro : added VM includeReportHeader: source=/templates/macros/report/reportHeader.vm
21:12:58.572 [main] DEBUG org.apache.velocity - ResourceManager : found /templates/macros/report/reportHeader.vm with loader org.apache.velocity.runtime.resource.loader.ClasspathResourceLoader
21:12:58.575 [main] DEBUG org.apache.velocity - Velocimacro : added VM includeStatsTable: source=/templates/macros/report/statsTable.vm
21:12:58.575 [main] DEBUG org.apache.velocity - ResourceManager : found /templates/macros/report/statsTable.vm with loader org.apache.velocity.runtime.resource.loader.ClasspathResourceLoader
21:12:58.576 [main] DEBUG org.apache.velocity - Velocimacro : added VM includeBrief: source=/templates/macros/json/brief.vm
21:12:58.576 [main] DEBUG org.apache.velocity - ResourceManager : found /templates/macros/json/brief.vm with loader org.apache.velocity.runtime.resource.loader.ClasspathResourceLoader
21:12:58.578 [main] DEBUG org.apache.velocity - Velocimacro : added VM includeDocString: source=/templates/macros/json/docstring.vm
21:12:58.578 [main] DEBUG org.apache.velocity - ResourceManager : found /templates/macros/json/docstring.vm with loader org.apache.velocity.runtime.resource.loader.ClasspathResourceLoader
21:12:58.578 [main] DEBUG org.apache.velocity - Velocimacro : added VM includeDuration: source=/templates/macros/json/duration.vm
21:12:58.578 [main] DEBUG org.apache.velocity - ResourceManager : found /templates/macros/json/duration.vm with loader org.apache.velocity.runtime.resource.loader.ClasspathResourceLoader
21:12:58.579 [main] DEBUG org.apache.velocity - Velocimacro : added VM includeElement: source=/templates/macros/json/element.vm
21:12:58.580 [main] DEBUG org.apache.velocity - ResourceManager : found /templates/macros/json/element.vm with loader org.apache.velocity.runtime.resource.loader.ClasspathResourceLoader
21:12:58.582 [main] DEBUG org.apache.velocity - Velocimacro : added VM includeEmbeddings: source=/templates/macros/json/embeddings.vm
21:12:58.582 [main] DEBUG org.apache.velocity - Velocimacro : added VM includeHtmlEmbedding: source=/templates/macros/json/embeddings.vm
21:12:58.582 [main] DEBUG org.apache.velocity - Velocimacro : added VM includeImageEmbedding: source=/templates/macros/json/embeddings.vm
21:12:58.582 [main] DEBUG org.apache.velocity - Velocimacro : added VM includeImageReferenceEmbedding: source=/templates/macros/json/embeddings.vm
21:12:58.582 [main] DEBUG org.apache.velocity - Velocimacro : added VM includeTextEmbedding: source=/templates/macros/json/embeddings.vm
21:12:58.582 [main] DEBUG org.apache.velocity - Velocimacro : added VM includeUnknownEmbedding: source=/templates/macros/json/embeddings.vm
21:12:58.582 [main] DEBUG org.apache.velocity - ResourceManager : found /templates/macros/json/embeddings.vm with loader org.apache.velocity.runtime.resource.loader.ClasspathResourceLoader
21:12:58.584 [main] DEBUG org.apache.velocity - Velocimacro : added VM includeHooks: source=/templates/macros/json/hooks.vm
21:12:58.584 [main] DEBUG org.apache.velocity - ResourceManager : found /templates/macros/json/hooks.vm with loader org.apache.velocity.runtime.resource.loader.ClasspathResourceLoader
21:12:58.585 [main] DEBUG org.apache.velocity - Velocimacro : added VM includeOutput: source=/templates/macros/json/output.vm
21:12:58.585 [main] DEBUG org.apache.velocity - ResourceManager : found /templates/macros/json/output.vm with loader org.apache.velocity.runtime.resource.loader.ClasspathResourceLoader
21:12:58.586 [main] DEBUG org.apache.velocity - Velocimacro : added VM includeMessage: source=/templates/macros/json/message.vm
21:12:58.586 [main] DEBUG org.apache.velocity - ResourceManager : found /templates/macros/json/message.vm with loader org.apache.velocity.runtime.resource.loader.ClasspathResourceLoader
21:12:58.588 [main] DEBUG org.apache.velocity - Velocimacro : added VM includeSteps: source=/templates/macros/json/steps.vm
21:12:58.588 [main] DEBUG org.apache.velocity - ResourceManager : found /templates/macros/json/steps.vm with loader org.apache.velocity.runtime.resource.loader.ClasspathResourceLoader
21:12:58.589 [main] DEBUG org.apache.velocity - Velocimacro : added VM includeTags: source=/templates/macros/json/tags.vm
21:12:58.589 [main] DEBUG org.apache.velocity - ResourceManager : found /templates/macros/json/tags.vm with loader org.apache.velocity.runtime.resource.loader.ClasspathResourceLoader
21:12:58.589 [main] DEBUG org.apache.velocity - VM #includeNavigation: too few arguments to macro. Wanted 1 got 0
21:12:58.589 [main] DEBUG org.apache.velocity - Left side ($active_tab) of '==' operation has null value. If it is a reference, it may not be in the context or its toString() returned null. /templates/macros/page/navigation.vm[line 14, column 51]
21:12:58.589 [main] DEBUG org.apache.velocity - Left side ($active_tab) of '==' operation has null value. If it is a reference, it may not be in the context or its toString() returned null. /templates/macros/page/navigation.vm[line 15, column 51]
21:12:58.589 [main] DEBUG org.apache.velocity - Left side ($active_tab) of '==' operation has null value. If it is a reference, it may not be in the context or its toString() returned null. /templates/macros/page/navigation.vm[line 16, column 51]
21:12:58.589 [main] DEBUG org.apache.velocity - Left side ($active_tab) of '==' operation has null value. If it is a reference, it may not be in the context or its toString() returned null. /templates/macros/page/navigation.vm[line 20, column 51]
21:12:58.589 [main] DEBUG org.apache.velocity - VM #includeLead: too few arguments to macro. Wanted 2 got 1
21:12:58.591 [main] DEBUG org.apache.velocity - VM #includeBrief: too few arguments to macro. Wanted 5 got 4
21:12:58.591 [main] DEBUG org.apache.velocity - VM #includeBrief: too few arguments to macro. Wanted 5 got 4
21:12:58.593 [main] DEBUG org.apache.velocity - VM #includeBrief: too few arguments to macro. Wanted 5 got 4
21:12:58.593 [main] DEBUG org.apache.velocity - VM #includeBrief: too few arguments to macro. Wanted 5 got 4
21:12:58.596 [main] DEBUG org.apache.velocity - VM #includeBrief: too few arguments to macro. Wanted 5 got 4
21:12:58.596 [main] DEBUG org.apache.velocity - VM #includeBrief: too few arguments to macro. Wanted 5 got 4
21:12:58.600 [main] DEBUG org.apache.velocity - ResourceManager : found /templates/footer.vm with loader org.apache.velocity.runtime.resource.loader.ClasspathResourceLoader
21:12:58.602 [main] DEBUG org.apache.velocity - ResourceManager : found templates/generators/overviewSteps.vm with loader org.apache.velocity.runtime.resource.loader.ClasspathResourceLoader
21:12:58.605 [main] DEBUG org.apache.velocity - ResourceManager : found /templates/headers.vm with loader org.apache.velocity.runtime.resource.loader.ClasspathResourceLoader
21:12:58.606 [main] DEBUG org.apache.velocity - ResourceManager : found /templates/head.vm with loader org.apache.velocity.runtime.resource.loader.ClasspathResourceLoader
21:12:58.608 [main] DEBUG org.apache.velocity - Velocimacro : added VM stringArray: source=/templates/macros/array.js.vm
21:12:58.608 [main] DEBUG org.apache.velocity - Velocimacro : added VM numberArray: source=/templates/macros/array.js.vm
21:12:58.608 [main] DEBUG org.apache.velocity - ResourceManager : found /templates/macros/array.js.vm with loader org.apache.velocity.runtime.resource.loader.ClasspathResourceLoader
21:12:58.609 [main] DEBUG org.apache.velocity - Velocimacro : added VM includeBuildInfo: source=/templates/macros/page/buildinfo.vm
21:12:58.609 [main] DEBUG org.apache.velocity - ResourceManager : found /templates/macros/page/buildinfo.vm with loader org.apache.velocity.runtime.resource.loader.ClasspathResourceLoader
21:12:58.611 [main] DEBUG org.apache.velocity - Velocimacro : added VM includeClassifications: source=/templates/macros/page/classifications.vm
21:12:58.611 [main] DEBUG org.apache.velocity - ResourceManager : found /templates/macros/page/classifications.vm with loader org.apache.velocity.runtime.resource.loader.ClasspathResourceLoader
21:12:58.611 [main] DEBUG org.apache.velocity - Velocimacro : added VM includeLead: source=/templates/macros/page/lead.vm
21:12:58.611 [main] DEBUG org.apache.velocity - ResourceManager : found /templates/macros/page/lead.vm with loader org.apache.velocity.runtime.resource.loader.ClasspathResourceLoader
21:12:58.613 [main] DEBUG org.apache.velocity - Velocimacro : added VM includeNavigation: source=/templates/macros/page/navigation.vm
21:12:58.613 [main] DEBUG org.apache.velocity - ResourceManager : found /templates/macros/page/navigation.vm with loader org.apache.velocity.runtime.resource.loader.ClasspathResourceLoader
21:12:58.613 [main] DEBUG org.apache.velocity - Velocimacro : added VM includeReportInfo: source=/templates/macros/page/reportInfo.vm
21:12:58.613 [main] DEBUG org.apache.velocity - ResourceManager : found /templates/macros/page/reportInfo.vm with loader org.apache.velocity.runtime.resource.loader.ClasspathResourceLoader
21:12:58.614 [main] DEBUG org.apache.velocity - Velocimacro : added VM includeTitle: source=/templates/macros/page/title.vm
21:12:58.614 [main] DEBUG org.apache.velocity - ResourceManager : found /templates/macros/page/title.vm with loader org.apache.velocity.runtime.resource.loader.ClasspathResourceLoader
21:12:58.616 [main] DEBUG org.apache.velocity - Velocimacro : added VM includeExpandingButtons: source=/templates/macros/report/expandAllButtons.vm
21:12:58.616 [main] DEBUG org.apache.velocity - ResourceManager : found /templates/macros/report/expandAllButtons.vm with loader org.apache.velocity.runtime.resource.loader.ClasspathResourceLoader
21:12:58.616 [main] DEBUG org.apache.velocity - Velocimacro : added VM includeReportTable: source=/templates/macros/report/reportTable.vm
21:12:58.616 [main] DEBUG org.apache.velocity - ResourceManager : found /templates/macros/report/reportTable.vm with loader org.apache.velocity.runtime.resource.loader.ClasspathResourceLoader
21:12:58.617 [main] DEBUG org.apache.velocity - Velocimacro : added VM includeReportHeader: source=/templates/macros/report/reportHeader.vm
21:12:58.617 [main] DEBUG org.apache.velocity - ResourceManager : found /templates/macros/report/reportHeader.vm with loader org.apache.velocity.runtime.resource.loader.ClasspathResourceLoader
21:12:58.620 [main] DEBUG org.apache.velocity - Velocimacro : added VM includeStatsTable: source=/templates/macros/report/statsTable.vm
21:12:58.620 [main] DEBUG org.apache.velocity - ResourceManager : found /templates/macros/report/statsTable.vm with loader org.apache.velocity.runtime.resource.loader.ClasspathResourceLoader
21:12:58.621 [main] DEBUG org.apache.velocity - Velocimacro : added VM includeBrief: source=/templates/macros/json/brief.vm
21:12:58.621 [main] DEBUG org.apache.velocity - ResourceManager : found /templates/macros/json/brief.vm with loader org.apache.velocity.runtime.resource.loader.ClasspathResourceLoader
21:12:58.622 [main] DEBUG org.apache.velocity - Velocimacro : added VM includeDocString: source=/templates/macros/json/docstring.vm
21:12:58.622 [main] DEBUG org.apache.velocity - ResourceManager : found /templates/macros/json/docstring.vm with loader org.apache.velocity.runtime.resource.loader.ClasspathResourceLoader
21:12:58.623 [main] DEBUG org.apache.velocity - Velocimacro : added VM includeDuration: source=/templates/macros/json/duration.vm
21:12:58.624 [main] DEBUG org.apache.velocity - ResourceManager : found /templates/macros/json/duration.vm with loader org.apache.velocity.runtime.resource.loader.ClasspathResourceLoader
21:12:58.626 [main] DEBUG org.apache.velocity - Velocimacro : added VM includeElement: source=/templates/macros/json/element.vm
21:12:58.626 [main] DEBUG org.apache.velocity - ResourceManager : found /templates/macros/json/element.vm with loader org.apache.velocity.runtime.resource.loader.ClasspathResourceLoader
21:12:58.628 [main] DEBUG org.apache.velocity - Velocimacro : added VM includeEmbeddings: source=/templates/macros/json/embeddings.vm
21:12:58.629 [main] DEBUG org.apache.velocity - Velocimacro : added VM includeHtmlEmbedding: source=/templates/macros/json/embeddings.vm
21:12:58.629 [main] DEBUG org.apache.velocity - Velocimacro : added VM includeImageEmbedding: source=/templates/macros/json/embeddings.vm
21:12:58.629 [main] DEBUG org.apache.velocity - Velocimacro : added VM includeImageReferenceEmbedding: source=/templates/macros/json/embeddings.vm
21:12:58.629 [main] DEBUG org.apache.velocity - Velocimacro : added VM includeTextEmbedding: source=/templates/macros/json/embeddings.vm
21:12:58.629 [main] DEBUG org.apache.velocity - Velocimacro : added VM includeUnknownEmbedding: source=/templates/macros/json/embeddings.vm
21:12:58.629 [main] DEBUG org.apache.velocity - ResourceManager : found /templates/macros/json/embeddings.vm with loader org.apache.velocity.runtime.resource.loader.ClasspathResourceLoader
21:12:58.630 [main] DEBUG org.apache.velocity - Velocimacro : added VM includeHooks: source=/templates/macros/json/hooks.vm
21:12:58.630 [main] DEBUG org.apache.velocity - ResourceManager : found /templates/macros/json/hooks.vm with loader org.apache.velocity.runtime.resource.loader.ClasspathResourceLoader
21:12:58.633 [main] DEBUG org.apache.velocity - Velocimacro : added VM includeOutput: source=/templates/macros/json/output.vm
21:12:58.633 [main] DEBUG org.apache.velocity - ResourceManager : found /templates/macros/json/output.vm with loader org.apache.velocity.runtime.resource.loader.ClasspathResourceLoader
21:12:58.634 [main] DEBUG org.apache.velocity - Velocimacro : added VM includeMessage: source=/templates/macros/json/message.vm
21:12:58.634 [main] DEBUG org.apache.velocity - ResourceManager : found /templates/macros/json/message.vm with loader org.apache.velocity.runtime.resource.loader.ClasspathResourceLoader
21:12:58.636 [main] DEBUG org.apache.velocity - Velocimacro : added VM includeSteps: source=/templates/macros/json/steps.vm
21:12:58.636 [main] DEBUG org.apache.velocity - ResourceManager : found /templates/macros/json/steps.vm with loader org.apache.velocity.runtime.resource.loader.ClasspathResourceLoader
21:12:58.637 [main] DEBUG org.apache.velocity - Velocimacro : added VM includeTags: source=/templates/macros/json/tags.vm
21:12:58.637 [main] DEBUG org.apache.velocity - ResourceManager : found /templates/macros/json/tags.vm with loader org.apache.velocity.runtime.resource.loader.ClasspathResourceLoader
21:12:58.639 [main] DEBUG org.apache.velocity - ResourceManager : found /templates/footer.vm with loader org.apache.velocity.runtime.resource.loader.ClasspathResourceLoader
21:12:58.642 [main] DEBUG org.apache.velocity - ResourceManager : found templates/generators/overviewFailures.vm with loader org.apache.velocity.runtime.resource.loader.ClasspathResourceLoader
21:12:58.646 [main] DEBUG org.apache.velocity - ResourceManager : found /templates/headers.vm with loader org.apache.velocity.runtime.resource.loader.ClasspathResourceLoader
21:12:58.646 [main] DEBUG org.apache.velocity - ResourceManager : found /templates/head.vm with loader org.apache.velocity.runtime.resource.loader.ClasspathResourceLoader
21:12:58.647 [main] DEBUG org.apache.velocity - Velocimacro : added VM stringArray: source=/templates/macros/array.js.vm
21:12:58.648 [main] DEBUG org.apache.velocity - Velocimacro : added VM numberArray: source=/templates/macros/array.js.vm
21:12:58.648 [main] DEBUG org.apache.velocity - ResourceManager : found /templates/macros/array.js.vm with loader org.apache.velocity.runtime.resource.loader.ClasspathResourceLoader
21:12:58.648 [main] DEBUG org.apache.velocity - Velocimacro : added VM includeBuildInfo: source=/templates/macros/page/buildinfo.vm
21:12:58.648 [main] DEBUG org.apache.velocity - ResourceManager : found /templates/macros/page/buildinfo.vm with loader org.apache.velocity.runtime.resource.loader.ClasspathResourceLoader
21:12:58.649 [main] DEBUG org.apache.velocity - Velocimacro : added VM includeClassifications: source=/templates/macros/page/classifications.vm
21:12:58.649 [main] DEBUG org.apache.velocity - ResourceManager : found /templates/macros/page/classifications.vm with loader org.apache.velocity.runtime.resource.loader.ClasspathResourceLoader
21:12:58.650 [main] DEBUG org.apache.velocity - Velocimacro : added VM includeLead: source=/templates/macros/page/lead.vm
21:12:58.650 [main] DEBUG org.apache.velocity - ResourceManager : found /templates/macros/page/lead.vm with loader org.apache.velocity.runtime.resource.loader.ClasspathResourceLoader
21:12:58.651 [main] DEBUG org.apache.velocity - Velocimacro : added VM includeNavigation: source=/templates/macros/page/navigation.vm
21:12:58.651 [main] DEBUG org.apache.velocity - ResourceManager : found /templates/macros/page/navigation.vm with loader org.apache.velocity.runtime.resource.loader.ClasspathResourceLoader
21:12:58.652 [main] DEBUG org.apache.velocity - Velocimacro : added VM includeReportInfo: source=/templates/macros/page/reportInfo.vm
21:12:58.652 [main] DEBUG org.apache.velocity - ResourceManager : found /templates/macros/page/reportInfo.vm with loader org.apache.velocity.runtime.resource.loader.ClasspathResourceLoader
21:12:58.652 [main] DEBUG org.apache.velocity - Velocimacro : added VM includeTitle: source=/templates/macros/page/title.vm
21:12:58.653 [main] DEBUG org.apache.velocity - ResourceManager : found /templates/macros/page/title.vm with loader org.apache.velocity.runtime.resource.loader.ClasspathResourceLoader
21:12:58.653 [main] DEBUG org.apache.velocity - Velocimacro : added VM includeExpandingButtons: source=/templates/macros/report/expandAllButtons.vm
21:12:58.653 [main] DEBUG org.apache.velocity - ResourceManager : found /templates/macros/report/expandAllButtons.vm with loader org.apache.velocity.runtime.resource.loader.ClasspathResourceLoader
21:12:58.655 [main] DEBUG org.apache.velocity - Velocimacro : added VM includeReportTable: source=/templates/macros/report/reportTable.vm
21:12:58.655 [main] DEBUG org.apache.velocity - ResourceManager : found /templates/macros/report/reportTable.vm with loader org.apache.velocity.runtime.resource.loader.ClasspathResourceLoader
21:12:58.656 [main] DEBUG org.apache.velocity - Velocimacro : added VM includeReportHeader: source=/templates/macros/report/reportHeader.vm
21:12:58.656 [main] DEBUG org.apache.velocity - ResourceManager : found /templates/macros/report/reportHeader.vm with loader org.apache.velocity.runtime.resource.loader.ClasspathResourceLoader
21:12:58.660 [main] DEBUG org.apache.velocity - Velocimacro : added VM includeStatsTable: source=/templates/macros/report/statsTable.vm
21:12:58.660 [main] DEBUG org.apache.velocity - ResourceManager : found /templates/macros/report/statsTable.vm with loader org.apache.velocity.runtime.resource.loader.ClasspathResourceLoader
21:12:58.661 [main] DEBUG org.apache.velocity - Velocimacro : added VM includeBrief: source=/templates/macros/json/brief.vm
21:12:58.661 [main] DEBUG org.apache.velocity - ResourceManager : found /templates/macros/json/brief.vm with loader org.apache.velocity.runtime.resource.loader.ClasspathResourceLoader
21:12:58.662 [main] DEBUG org.apache.velocity - Velocimacro : added VM includeDocString: source=/templates/macros/json/docstring.vm
21:12:58.662 [main] DEBUG org.apache.velocity - ResourceManager : found /templates/macros/json/docstring.vm with loader org.apache.velocity.runtime.resource.loader.ClasspathResourceLoader
21:12:58.663 [main] DEBUG org.apache.velocity - Velocimacro : added VM includeDuration: source=/templates/macros/json/duration.vm
21:12:58.663 [main] DEBUG org.apache.velocity - ResourceManager : found /templates/macros/json/duration.vm with loader org.apache.velocity.runtime.resource.loader.ClasspathResourceLoader
21:12:58.664 [main] DEBUG org.apache.velocity - Velocimacro : added VM includeElement: source=/templates/macros/json/element.vm
21:12:58.664 [main] DEBUG org.apache.velocity - ResourceManager : found /templates/macros/json/element.vm with loader org.apache.velocity.runtime.resource.loader.ClasspathResourceLoader
21:12:58.667 [main] DEBUG org.apache.velocity - Velocimacro : added VM includeEmbeddings: source=/templates/macros/json/embeddings.vm
21:12:58.667 [main] DEBUG org.apache.velocity - Velocimacro : added VM includeHtmlEmbedding: source=/templates/macros/json/embeddings.vm
21:12:58.667 [main] DEBUG org.apache.velocity - Velocimacro : added VM includeImageEmbedding: source=/templates/macros/json/embeddings.vm
21:12:58.667 [main] DEBUG org.apache.velocity - Velocimacro : added VM includeImageReferenceEmbedding: source=/templates/macros/json/embeddings.vm
21:12:58.667 [main] DEBUG org.apache.velocity - Velocimacro : added VM includeTextEmbedding: source=/templates/macros/json/embeddings.vm
21:12:58.667 [main] DEBUG org.apache.velocity - Velocimacro : added VM includeUnknownEmbedding: source=/templates/macros/json/embeddings.vm
21:12:58.667 [main] DEBUG org.apache.velocity - ResourceManager : found /templates/macros/json/embeddings.vm with loader org.apache.velocity.runtime.resource.loader.ClasspathResourceLoader
21:12:58.669 [main] DEBUG org.apache.velocity - Velocimacro : added VM includeHooks: source=/templates/macros/json/hooks.vm
21:12:58.669 [main] DEBUG org.apache.velocity - ResourceManager : found /templates/macros/json/hooks.vm with loader org.apache.velocity.runtime.resource.loader.ClasspathResourceLoader
21:12:58.671 [main] DEBUG org.apache.velocity - Velocimacro : added VM includeOutput: source=/templates/macros/json/output.vm
21:12:58.671 [main] DEBUG org.apache.velocity - ResourceManager : found /templates/macros/json/output.vm with loader org.apache.velocity.runtime.resource.loader.ClasspathResourceLoader
21:12:58.672 [main] DEBUG org.apache.velocity - Velocimacro : added VM includeMessage: source=/templates/macros/json/message.vm
21:12:58.673 [main] DEBUG org.apache.velocity - ResourceManager : found /templates/macros/json/message.vm with loader org.apache.velocity.runtime.resource.loader.ClasspathResourceLoader
21:12:58.674 [main] DEBUG org.apache.velocity - Velocimacro : added VM includeSteps: source=/templates/macros/json/steps.vm
21:12:58.674 [main] DEBUG org.apache.velocity - ResourceManager : found /templates/macros/json/steps.vm with loader org.apache.velocity.runtime.resource.loader.ClasspathResourceLoader
21:12:58.677 [main] DEBUG org.apache.velocity - Velocimacro : added VM includeTags: source=/templates/macros/json/tags.vm
21:12:58.677 [main] DEBUG org.apache.velocity - ResourceManager : found /templates/macros/json/tags.vm with loader org.apache.velocity.runtime.resource.loader.ClasspathResourceLoader
21:12:58.679 [main] DEBUG org.apache.velocity - VM #includeBrief: too few arguments to macro. Wanted 5 got 4
21:12:58.680 [main] DEBUG org.apache.velocity - VM #includeBrief: too few arguments to macro. Wanted 5 got 4
21:12:58.683 [main] DEBUG org.apache.velocity - VM #includeBrief: too few arguments to macro. Wanted 5 got 4
21:12:58.683 [main] DEBUG org.apache.velocity - VM #includeBrief: too few arguments to macro. Wanted 5 got 4
21:12:58.688 [main] DEBUG org.apache.velocity - ResourceManager : found /templates/footer.vm with loader org.apache.velocity.runtime.resource.loader.ClasspathResourceLoader
]]></system-out>
    <system-err><![CDATA[ERROR StatusLogger No log4j2 configuration file found. Using default configuration: logging only errors to the console.
]]></system-err>
  </testcase>
  <testcase name="shouldAnswerWithTrue on shouldAnswerWithTrue(Karate.KarateScripts.AppTest)" classname="Karate.KarateScripts.AppTest" time="0"/>
</testsuite>