<?xml version="1.0" encoding="UTF-8"?>
<testsuite xmlns:xsi="http://www.w3.org/2001/XMLSchema-instance" xsi:noNamespaceSchemaLocation="https://maven.apache.org/surefire/maven-surefire-plugin/xsd/surefire-test-report-3.0.xsd" version="3.0" name="Karate.KarateScripts.APIRunnerTest" time="11.094" tests="1" errors="0" skipped="0" failures="1">
  <properties>
    <property name="sun.desktop" value="windows"/>
    <property name="awt.toolkit" value="sun.awt.windows.WToolkit"/>
    <property name="file.encoding.pkg" value="sun.io"/>
    <property name="java.specification.version" value="1.8"/>
    <property name="sun.cpu.isalist" value="amd64"/>
    <property name="sun.jnu.encoding" value="Cp1252"/>
    <property name="java.class.path" value="D:\test selinum projects\KarateScripts\target\test-classes;D:\test selinum projects\KarateScripts\target\classes;C:\Users\irgigt\.m2\repository\com\intuit\karate\karate-apache\0.9.5\karate-apache-0.9.5.jar;C:\Users\irgigt\.m2\repository\com\intuit\karate\karate-core\0.9.5\karate-core-0.9.5.jar;C:\Users\irgigt\.m2\repository\com\jayway\jsonpath\json-path\2.4.0\json-path-2.4.0.jar;C:\Users\irgigt\.m2\repository\net\minidev\json-smart\2.3\json-smart-2.3.jar;C:\Users\irgigt\.m2\repository\net\minidev\accessors-smart\1.2\accessors-smart-1.2.jar;C:\Users\irgigt\.m2\repository\org\ow2\asm\asm\5.0.4\asm-5.0.4.jar;C:\Users\irgigt\.m2\repository\info\cukes\cucumber-java\1.2.5\cucumber-java-1.2.5.jar;C:\Users\irgigt\.m2\repository\info\cukes\cucumber-core\1.2.5\cucumber-core-1.2.5.jar;C:\Users\irgigt\.m2\repository\org\yaml\snakeyaml\1.24\snakeyaml-1.24.jar;C:\Users\irgigt\.m2\repository\de\siegmar\fastcsv\1.0.3\fastcsv-1.0.3.jar;C:\Users\irgigt\.m2\repository\info\picocli\picocli\4.0.3\picocli-4.0.3.jar;C:\Users\irgigt\.m2\repository\org\apache\httpcomponents\httpclient\4.5.11\httpclient-4.5.11.jar;C:\Users\irgigt\.m2\repository\org\apache\httpcomponents\httpcore\4.4.13\httpcore-4.4.13.jar;C:\Users\irgigt\.m2\repository\commons-codec\commons-codec\1.11\commons-codec-1.11.jar;C:\Users\irgigt\.m2\repository\org\apache\httpcomponents\httpmime\4.5.11\httpmime-4.5.11.jar;C:\Users\irgigt\.m2\repository\org\slf4j\jcl-over-slf4j\1.7.25\jcl-over-slf4j-1.7.25.jar;C:\Users\irgigt\.m2\repository\org\slf4j\slf4j-api\1.7.25\slf4j-api-1.7.25.jar;C:\Users\irgigt\.m2\repository\ch\qos\logback\logback-classic\1.2.3\logback-classic-1.2.3.jar;C:\Users\irgigt\.m2\repository\ch\qos\logback\logback-core\1.2.3\logback-core-1.2.3.jar;C:\Users\irgigt\.m2\repository\com\intuit\karate\karate-junit4\0.9.5\karate-junit4-0.9.5.jar;C:\Users\irgigt\.m2\repository\junit\junit\4.12\junit-4.12.jar;C:\Users\irgigt\.m2\repository\org\hamcrest\hamcrest-core\1.3\hamcrest-core-1.3.jar;C:\Users\irgigt\.m2\repository\net\masterthought\cucumber-reporting\3.8.0\cucumber-reporting-3.8.0.jar;C:\Users\irgigt\.m2\repository\org\apache\logging\log4j\log4j-api\2.6\log4j-api-2.6.jar;C:\Users\irgigt\.m2\repository\org\apache\logging\log4j\log4j-core\2.6\log4j-core-2.6.jar;C:\Users\irgigt\.m2\repository\com\fasterxml\jackson\core\jackson-databind\2.8.5\jackson-databind-2.8.5.jar;C:\Users\irgigt\.m2\repository\com\fasterxml\jackson\core\jackson-annotations\2.8.0\jackson-annotations-2.8.0.jar;C:\Users\irgigt\.m2\repository\com\fasterxml\jackson\core\jackson-core\2.8.5\jackson-core-2.8.5.jar;C:\Users\irgigt\.m2\repository\org\apache\velocity\velocity\1.7\velocity-1.7.jar;C:\Users\irgigt\.m2\repository\commons-collections\commons-collections\3.2.1\commons-collections-3.2.1.jar;C:\Users\irgigt\.m2\repository\commons-lang\commons-lang\2.4\commons-lang-2.4.jar;C:\Users\irgigt\.m2\repository\velocity-tools\velocity-tools\1.4\velocity-tools-1.4.jar;C:\Users\irgigt\.m2\repository\joda-time\joda-time\2.9.6\joda-time-2.9.6.jar;C:\Users\irgigt\.m2\repository\org\apache\commons\commons-lang3\3.5\commons-lang3-3.5.jar;C:\Users\irgigt\.m2\repository\commons-io\commons-io\2.5\commons-io-2.5.jar;C:\Users\irgigt\.m2\repository\net\lingala\zip4j\zip4j\1.3.2\zip4j-1.3.2.jar;C:\Users\irgigt\.m2\repository\org\codehaus\plexus\plexus-utils\3.0.24\plexus-utils-3.0.24.jar;C:\Users\irgigt\.m2\repository\org\jsoup\jsoup\1.10.1\jsoup-1.10.1.jar;C:\Users\irgigt\.m2\repository\com\googlecode\owasp-java-html-sanitizer\owasp-java-html-sanitizer\20160924.1\owasp-java-html-sanitizer-20160924.1.jar;C:\Users\irgigt\.m2\repository\com\google\guava\guava\20.0\guava-20.0.jar;C:\Users\irgigt\.m2\repository\org\testng\testng\7.4.0\testng-7.4.0.jar;C:\Users\irgigt\.m2\repository\com\beust\jcommander\1.78\jcommander-1.78.jar;C:\Users\irgigt\.m2\repository\org\webjars\jquery\3.5.1\jquery-3.5.1.jar;"/>
    <property name="java.vm.vendor" value="Oracle Corporation"/>
    <property name="sun.arch.data.model" value="64"/>
    <property name="user.variant" value=""/>
    <property name="java.vendor.url" value="http://java.oracle.com/"/>
    <property name="user.timezone" value="Asia/Calcutta"/>
    <property name="java.vm.specification.version" value="1.8"/>
    <property name="os.name" value="Windows 10"/>
    <property name="user.country" value="US"/>
    <property name="sun.java.launcher" value="SUN_STANDARD"/>
    <property name="sun.boot.library.path" value="C:\Program Files\Java\jdk1.8.0_121\jre\bin"/>
    <property name="sun.java.command" value="C:\Users\irgigt\AppData\Local\Temp\surefire5374394656268162897\surefirebooter7979104716905331586.jar C:\Users\irgigt\AppData\Local\Temp\surefire5374394656268162897 2021-09-13T21-33-37_391-jvmRun1 surefire2766148981514425124tmp surefire_04059738853788864419tmp"/>
    <property name="test" value="APIRunnerTest"/>
    <property name="surefire.test.class.path" value="D:\test selinum projects\KarateScripts\target\test-classes;D:\test selinum projects\KarateScripts\target\classes;C:\Users\irgigt\.m2\repository\com\intuit\karate\karate-apache\0.9.5\karate-apache-0.9.5.jar;C:\Users\irgigt\.m2\repository\com\intuit\karate\karate-core\0.9.5\karate-core-0.9.5.jar;C:\Users\irgigt\.m2\repository\com\jayway\jsonpath\json-path\2.4.0\json-path-2.4.0.jar;C:\Users\irgigt\.m2\repository\net\minidev\json-smart\2.3\json-smart-2.3.jar;C:\Users\irgigt\.m2\repository\net\minidev\accessors-smart\1.2\accessors-smart-1.2.jar;C:\Users\irgigt\.m2\repository\org\ow2\asm\asm\5.0.4\asm-5.0.4.jar;C:\Users\irgigt\.m2\repository\info\cukes\cucumber-java\1.2.5\cucumber-java-1.2.5.jar;C:\Users\irgigt\.m2\repository\info\cukes\cucumber-core\1.2.5\cucumber-core-1.2.5.jar;C:\Users\irgigt\.m2\repository\org\yaml\snakeyaml\1.24\snakeyaml-1.24.jar;C:\Users\irgigt\.m2\repository\de\siegmar\fastcsv\1.0.3\fastcsv-1.0.3.jar;C:\Users\irgigt\.m2\repository\info\picocli\picocli\4.0.3\picocli-4.0.3.jar;C:\Users\irgigt\.m2\repository\org\apache\httpcomponents\httpclient\4.5.11\httpclient-4.5.11.jar;C:\Users\irgigt\.m2\repository\org\apache\httpcomponents\httpcore\4.4.13\httpcore-4.4.13.jar;C:\Users\irgigt\.m2\repository\commons-codec\commons-codec\1.11\commons-codec-1.11.jar;C:\Users\irgigt\.m2\repository\org\apache\httpcomponents\httpmime\4.5.11\httpmime-4.5.11.jar;C:\Users\irgigt\.m2\repository\org\slf4j\jcl-over-slf4j\1.7.25\jcl-over-slf4j-1.7.25.jar;C:\Users\irgigt\.m2\repository\org\slf4j\slf4j-api\1.7.25\slf4j-api-1.7.25.jar;C:\Users\irgigt\.m2\repository\ch\qos\logback\logback-classic\1.2.3\logback-classic-1.2.3.jar;C:\Users\irgigt\.m2\repository\ch\qos\logback\logback-core\1.2.3\logback-core-1.2.3.jar;C:\Users\irgigt\.m2\repository\com\intuit\karate\karate-junit4\0.9.5\karate-junit4-0.9.5.jar;C:\Users\irgigt\.m2\repository\junit\junit\4.12\junit-4.12.jar;C:\Users\irgigt\.m2\repository\org\hamcrest\hamcrest-core\1.3\hamcrest-core-1.3.jar;C:\Users\irgigt\.m2\repository\net\masterthought\cucumber-reporting\3.8.0\cucumber-reporting-3.8.0.jar;C:\Users\irgigt\.m2\repository\org\apache\logging\log4j\log4j-api\2.6\log4j-api-2.6.jar;C:\Users\irgigt\.m2\repository\org\apache\logging\log4j\log4j-core\2.6\log4j-core-2.6.jar;C:\Users\irgigt\.m2\repository\com\fasterxml\jackson\core\jackson-databind\2.8.5\jackson-databind-2.8.5.jar;C:\Users\irgigt\.m2\repository\com\fasterxml\jackson\core\jackson-annotations\2.8.0\jackson-annotations-2.8.0.jar;C:\Users\irgigt\.m2\repository\com\fasterxml\jackson\core\jackson-core\2.8.5\jackson-core-2.8.5.jar;C:\Users\irgigt\.m2\repository\org\apache\velocity\velocity\1.7\velocity-1.7.jar;C:\Users\irgigt\.m2\repository\commons-collections\commons-collections\3.2.1\commons-collections-3.2.1.jar;C:\Users\irgigt\.m2\repository\commons-lang\commons-lang\2.4\commons-lang-2.4.jar;C:\Users\irgigt\.m2\repository\velocity-tools\velocity-tools\1.4\velocity-tools-1.4.jar;C:\Users\irgigt\.m2\repository\joda-time\joda-time\2.9.6\joda-time-2.9.6.jar;C:\Users\irgigt\.m2\repository\org\apache\commons\commons-lang3\3.5\commons-lang3-3.5.jar;C:\Users\irgigt\.m2\repository\commons-io\commons-io\2.5\commons-io-2.5.jar;C:\Users\irgigt\.m2\repository\net\lingala\zip4j\zip4j\1.3.2\zip4j-1.3.2.jar;C:\Users\irgigt\.m2\repository\org\codehaus\plexus\plexus-utils\3.0.24\plexus-utils-3.0.24.jar;C:\Users\irgigt\.m2\repository\org\jsoup\jsoup\1.10.1\jsoup-1.10.1.jar;C:\Users\irgigt\.m2\repository\com\googlecode\owasp-java-html-sanitizer\owasp-java-html-sanitizer\20160924.1\owasp-java-html-sanitizer-20160924.1.jar;C:\Users\irgigt\.m2\repository\com\google\guava\guava\20.0\guava-20.0.jar;C:\Users\irgigt\.m2\repository\org\testng\testng\7.4.0\testng-7.4.0.jar;C:\Users\irgigt\.m2\repository\com\beust\jcommander\1.78\jcommander-1.78.jar;C:\Users\irgigt\.m2\repository\org\webjars\jquery\3.5.1\jquery-3.5.1.jar;"/>
    <property name="sun.cpu.endian" value="little"/>
    <property name="user.home" value="C:\Users\irgigt"/>
    <property name="user.language" value="en"/>
    <property name="java.specification.vendor" value="Oracle Corporation"/>
    <property name="java.home" value="C:\Program Files\Java\jdk1.8.0_121\jre"/>
    <property name="basedir" value="D:\test selinum projects\KarateScripts"/>
    <property name="file.separator" value="\"/>
    <property name="line.separator" value="&#10;"/>
    <property name="java.vm.specification.vendor" value="Oracle Corporation"/>
    <property name="java.specification.name" value="Java Platform API Specification"/>
    <property name="java.awt.graphicsenv" value="sun.awt.Win32GraphicsEnvironment"/>
    <property name="karate.options" value="--tags @Two_Way_Commands,@Fridgio classpath:resources"/>
    <property name="surefire.real.class.path" value="C:\Users\irgigt\AppData\Local\Temp\surefire5374394656268162897\surefirebooter7979104716905331586.jar"/>
    <property name="sun.boot.class.path" value="C:\Program Files\Java\jdk1.8.0_121\jre\lib\resources.jar;C:\Program Files\Java\jdk1.8.0_121\jre\lib\rt.jar;C:\Program Files\Java\jdk1.8.0_121\jre\lib\sunrsasign.jar;C:\Program Files\Java\jdk1.8.0_121\jre\lib\jsse.jar;C:\Program Files\Java\jdk1.8.0_121\jre\lib\jce.jar;C:\Program Files\Java\jdk1.8.0_121\jre\lib\charsets.jar;C:\Program Files\Java\jdk1.8.0_121\jre\lib\jfr.jar;C:\Program Files\Java\jdk1.8.0_121\jre\classes"/>
    <property name="user.script" value=""/>
    <property name="sun.management.compiler" value="HotSpot 64-Bit Tiered Compilers"/>
    <property name="java.runtime.version" value="1.8.0_121-b13"/>
    <property name="user.name" value="irgigt"/>
    <property name="path.separator" value=";"/>
    <property name="os.version" value="10.0"/>
    <property name="java.endorsed.dirs" value="C:\Program Files\Java\jdk1.8.0_121\jre\lib\endorsed"/>
    <property name="java.runtime.name" value="Java(TM) SE Runtime Environment"/>
    <property name="file.encoding" value="Cp1252"/>
    <property name="java.vm.name" value="Java HotSpot(TM) 64-Bit Server VM"/>
    <property name="localRepository" value="C:\Users\irgigt\.m2\repository"/>
    <property name="java.vendor.url.bug" value="http://bugreport.sun.com/bugreport/"/>
    <property name="java.io.tmpdir" value="C:\Users\irgigt\AppData\Local\Temp\"/>
    <property name="java.version" value="1.8.0_121"/>
    <property name="user.dir" value="D:\test selinum projects\KarateScripts"/>
    <property name="os.arch" value="amd64"/>
    <property name="java.vm.specification.name" value="Java Virtual Machine Specification"/>
    <property name="java.awt.printerjob" value="sun.awt.windows.WPrinterJob"/>
    <property name="sun.os.patch.level" value=""/>
    <property name="java.library.path" value="C:\Program Files\Java\jdk1.8.0_121\jre\bin;C:\WINDOWS\Sun\Java\bin;C:\WINDOWS\system32;C:\WINDOWS;C:\Python3_8\Scripts\;C:\Python3_8\;C:\ProgramData\Oracle\Java\javapath;C:\WINDOWS\system32;C:\WINDOWS;C:\WINDOWS\System32\Wbem;C:\WINDOWS\System32\WindowsPowerShell\v1.0\;C:\WINDOWS\System32\OpenSSH\;C:\Users\irgigt\AppData\Local\Programs\Python\Python38-32;C:\Program Files\Microsoft SQL Server\130\Tools\Binn\;C:\Program Files\TortoiseGit\bin;C:\Program Files\Git\cmd;C:\Program Files\TortoiseSVN\bin;C:\Program Files\nodejs\;C:\Program Files (x86)\Microsoft SQL Server\150\DTS\Binn\;C:\Program Files\Azure Data Studio\bin;C:\Users\irgigt\AppData\Local\Android\Sdk\tools\bin;C:\Users\irgigt\AppData\Local\Android\Sdk\tools;C:\Users\irgigt\AppData\Local\Android\Sdk\platform-tools;C:\Program Files\nodejs\node_modules\npm\bin;C:\Users\irgigt\apache-maven-3.8.1-bin\apache-maven-3.8.1\bin;C:\Program Files\MySQL\MySQL Shell 8.0\bin\;C:\Users\irgigt\AppData\Local\Microsoft\WindowsApps;C:\Users\irgigt\AppData\Local\Programs\Microsoft VS Code\bin;C:\Users\irgigt\AppData\Roaming\npm;C:\Program Files\Azure Data Studio\bin;;."/>
    <property name="java.vm.info" value="mixed mode"/>
    <property name="java.vendor" value="Oracle Corporation"/>
    <property name="java.vm.version" value="25.121-b13"/>
    <property name="java.ext.dirs" value="C:\Program Files\Java\jdk1.8.0_121\jre\lib\ext;C:\WINDOWS\Sun\Java\lib\ext"/>
    <property name="sun.io.unicode.encoding" value="UnicodeLittle"/>
    <property name="java.class.version" value="52.0"/>
  </properties>
  <testcase name="parallelRun" classname="Karate.KarateScripts.APIRunnerTest" time="10.075">
    <failure message="failed features:&#10;resources.DetailsPost: DetailsPost.feature:44 - status code was: 401, expected: 200, response time: 995, url: https://restdev1.tracking.thermoking.com/connected-solutions/GetCarrierVehicleList/?externalCarrierId=52D0B083-E9B7-47F6-9BAA-D22951DD1E50, response: {&quot;path&quot;:&quot;/connected-solutions/GetCarrierVehicleList/&quot;,&quot;error&quot;:&quot;Unauthorized&quot;,&quot;message&quot;:&quot;Invalid Carrier External Id&quot;,&quot;timestamp&quot;:&quot;2021-09-13T16:03:43.870+0000&quot;,&quot;status&quot;:401}&#10;DetailsPost.feature:62 - status code was: 401, expected: 200, response time: 1041, url: https://restdev1.tracking.thermoking.com/connected-solutions/StartTrip/?externalCarrierId=52D0B083-E9B7-47F6-9BAA-D22951DD1E50&amp;vehicleExtId=1100295&amp;scheduledStartTime=2021-05-19+09%3A00%3A00&amp;scheduledDeliveryTime=2021-05-19+09%3A00%3A00&amp;commodity=, response: {&quot;path&quot;:&quot;/connected-solutions/StartTrip/&quot;,&quot;error&quot;:&quot;Unauthorized&quot;,&quot;message&quot;:&quot;Invalid Carrier External Id&quot;,&quot;timestamp&quot;:&quot;2021-09-13T16:03:44.897+0000&quot;,&quot;status&quot;:401}&#10;resources.TwoWAyCommands: -unknown-:40 - &#10;TokenTwoWay.feature:21 - status code was: 429, expected: 200, response time: 1050, url: https://restdev1.tracking.thermoking.com/connected-solutions/obtainToken/, response: {&quot;path&quot;:&quot;/connected-solutions/obtainToken/&quot;,&quot;error&quot;:&quot;Too Many Requests&quot;,&quot;message&quot;:&quot;This client has been exceeded the allowance of requests for this API&quot;,&quot;timestamp&quot;:&quot;2021-09-13T16:03:42.842+0000&quot;,&quot;status&quot;:429}&#10;" type="java.lang.AssertionError"><![CDATA[java.lang.AssertionError: 
failed features:
resources.DetailsPost: DetailsPost.feature:44 - status code was: 401, expected: 200, response time: 995, url: https://restdev1.tracking.thermoking.com/connected-solutions/GetCarrierVehicleList/?externalCarrierId=52D0B083-E9B7-47F6-9BAA-D22951DD1E50, response: {"path":"/connected-solutions/GetCarrierVehicleList/","error":"Unauthorized","message":"Invalid Carrier External Id","timestamp":"2021-09-13T16:03:43.870+0000","status":401}
DetailsPost.feature:62 - status code was: 401, expected: 200, response time: 1041, url: https://restdev1.tracking.thermoking.com/connected-solutions/StartTrip/?externalCarrierId=52D0B083-E9B7-47F6-9BAA-D22951DD1E50&vehicleExtId=1100295&scheduledStartTime=2021-05-19+09%3A00%3A00&scheduledDeliveryTime=2021-05-19+09%3A00%3A00&commodity=, response: {"path":"/connected-solutions/StartTrip/","error":"Unauthorized","message":"Invalid Carrier External Id","timestamp":"2021-09-13T16:03:44.897+0000","status":401}
resources.TwoWAyCommands: -unknown-:40 - 
TokenTwoWay.feature:21 - status code was: 429, expected: 200, response time: 1050, url: https://restdev1.tracking.thermoking.com/connected-solutions/obtainToken/, response: {"path":"/connected-solutions/obtainToken/","error":"Too Many Requests","message":"This client has been exceeded the allowance of requests for this API","timestamp":"2021-09-13T16:03:42.842+0000","status":429}

	at Karate.KarateScripts.APIRunnerTest.parallelRun(APIRunnerTest.java:54)
]]></failure>
    <system-out><![CDATA[This is before suite
D:\test selinum projects\KarateScripts\target\surefire-reports\new5
D:\test selinum projects\KarateScripts\target\surefire-reports\results-json.txt
D:\test selinum projects\KarateScripts\target\surefire-reports\timeline.html
21:33:40.002 [main] INFO com.intuit.karate.RunnerOptions - found system property 'karate.options': --tags @Two_Way_Commands,@Fridgio classpath:resources
21:33:40.593 [main] INFO com.intuit.karate.Runner - waiting for parallel features to complete ...
21:33:40.699 [pool-2-thread-5] WARN com.intuit.karate - skipping bootstrap configuration: could not find or read file: classpath:karate-config.js
21:33:40.699 [pool-2-thread-3] WARN com.intuit.karate - skipping bootstrap configuration: could not find or read file: classpath:karate-config.js
21:33:40.899 [pool-2-thread-5] DEBUG com.jayway.jsonpath.internal.path.CompiledPath - Evaluating path: $
21:33:41.736 [pool-2-thread-3] DEBUG com.jayway.jsonpath.internal.path.CompiledPath - Evaluating path: $
21:33:41.736 [pool-2-thread-3] INFO com.intuit.karate - >> lock acquired, begin callonce: read('FridgioAuthToken.feature')
21:33:41.753 [pool-2-thread-5] DEBUG com.jayway.jsonpath.internal.path.CompiledPath - Evaluating path: $
21:33:41.756 [pool-2-thread-5] DEBUG com.jayway.jsonpath.internal.path.CompiledPath - Evaluating path: $['X-External-ID']
21:33:41.757 [pool-2-thread-5] DEBUG com.jayway.jsonpath.internal.JsonContext - Set path $['X-External-ID'] new value 0C7FFB8E-BE9D-4B51-8D61-CA10BF4503C4
21:33:41.757 [pool-2-thread-5] DEBUG com.jayway.jsonpath.internal.path.CompiledPath - Evaluating path: $
21:33:41.761 [pool-2-thread-5] DEBUG com.jayway.jsonpath.internal.path.CompiledPath - Evaluating path: $['userName']
21:33:41.761 [pool-2-thread-5] DEBUG com.jayway.jsonpath.internal.JsonContext - Set path $['userName'] new value webservice.user214@MISSING.COM
21:33:41.767 [pool-2-thread-5] DEBUG com.jayway.jsonpath.internal.path.CompiledPath - Evaluating path: $['password']
21:33:41.767 [pool-2-thread-5] DEBUG com.jayway.jsonpath.internal.JsonContext - Set path $['password'] new value Pass@1234
21:33:41.767 [pool-2-thread-5] DEBUG com.jayway.jsonpath.internal.path.CompiledPath - Evaluating path: $
21:33:41.768 [pool-2-thread-3] DEBUG com.jayway.jsonpath.internal.path.CompiledPath - Evaluating path: $
21:33:41.770 [pool-2-thread-5] DEBUG com.jayway.jsonpath.internal.path.CompiledPath - Evaluating path: $['vehicles']
21:33:41.770 [pool-2-thread-5] DEBUG com.jayway.jsonpath.internal.JsonContext - Set path $['vehicles'] new value Test Vehicle 1
21:33:41.770 [pool-2-thread-5] DEBUG com.jayway.jsonpath.internal.path.CompiledPath - Evaluating path: $
21:33:41.771 [pool-2-thread-5] INFO com.intuit.karate - >> lock acquired, begin callonce: read('TokenTwoWay.feature')
21:33:41.771 [pool-2-thread-5] DEBUG com.jayway.jsonpath.internal.path.CompiledPath - Evaluating path: $
21:33:41.772 [pool-2-thread-3] DEBUG com.jayway.jsonpath.internal.path.CompiledPath - Evaluating path: $
21:33:41.774 [pool-2-thread-5] DEBUG com.jayway.jsonpath.internal.path.CompiledPath - Evaluating path: $['APIurl']
21:33:41.774 [pool-2-thread-5] DEBUG com.jayway.jsonpath.internal.JsonContext - Set path $['APIurl'] new value https://restdev1.tracking.thermoking.com/
21:33:41.775 [pool-2-thread-5] DEBUG com.jayway.jsonpath.internal.path.CompiledPath - Evaluating path: $['userName']
21:33:41.775 [pool-2-thread-5] DEBUG com.jayway.jsonpath.internal.JsonContext - Set path $['userName'] new value webservice.user214@MISSING.COM
21:33:41.775 [pool-2-thread-5] DEBUG com.jayway.jsonpath.internal.path.CompiledPath - Evaluating path: $['password']
21:33:41.776 [pool-2-thread-5] DEBUG com.jayway.jsonpath.internal.JsonContext - Set path $['password'] new value Pass@1234
21:33:41.776 [pool-2-thread-5] DEBUG com.jayway.jsonpath.internal.path.CompiledPath - Evaluating path: $['customerId']
21:33:41.776 [pool-2-thread-5] DEBUG com.jayway.jsonpath.internal.JsonContext - Set path $['customerId'] new value 0C7FFB8E-BE9D-4B51-8D61-CA10BF4503C4
21:33:41.781 [pool-2-thread-5] DEBUG com.jayway.jsonpath.internal.path.CompiledPath - Evaluating path: $
21:33:41.782 [pool-2-thread-3] DEBUG com.jayway.jsonpath.internal.path.CompiledPath - Evaluating path: $
21:33:41.790 [pool-2-thread-5] DEBUG com.jayway.jsonpath.internal.path.CompiledPath - Evaluating path: $
21:33:41.793 [pool-2-thread-5] DEBUG com.jayway.jsonpath.internal.path.CompiledPath - Evaluating path: $['APIurl']
21:33:41.793 [pool-2-thread-5] DEBUG com.jayway.jsonpath.internal.JsonContext - Set path $['APIurl'] new value https://restdev1.tracking.thermoking.com/
21:33:41.793 [pool-2-thread-5] DEBUG com.jayway.jsonpath.internal.path.CompiledPath - Evaluating path: $['userName']
21:33:41.794 [pool-2-thread-5] DEBUG com.jayway.jsonpath.internal.JsonContext - Set path $['userName'] new value webservice.user214@MISSING.COM
21:33:41.794 [pool-2-thread-5] DEBUG com.jayway.jsonpath.internal.path.CompiledPath - Evaluating path: $['password']
21:33:41.794 [pool-2-thread-5] DEBUG com.jayway.jsonpath.internal.JsonContext - Set path $['password'] new value Pass@1234
21:33:41.794 [pool-2-thread-5] DEBUG com.jayway.jsonpath.internal.path.CompiledPath - Evaluating path: $['customerId']
21:33:41.795 [pool-2-thread-5] DEBUG com.jayway.jsonpath.internal.JsonContext - Set path $['customerId'] new value 0C7FFB8E-BE9D-4B51-8D61-CA10BF4503C4
21:33:41.795 [pool-2-thread-5] DEBUG com.jayway.jsonpath.internal.path.CompiledPath - Evaluating path: $
21:33:41.795 [pool-2-thread-5] INFO com.intuit.karate - [print] {
  "APIurl": "https://restdev1.tracking.thermoking.com/",
  "userName": "webservice.user214@MISSING.COM",
  "password": "Pass@1234",
  "customerId": "0C7FFB8E-BE9D-4B51-8D61-CA10BF4503C4"
}

21:33:41.802 [pool-2-thread-5] DEBUG com.jayway.jsonpath.internal.path.CompiledPath - Evaluating path: $
21:33:41.802 [pool-2-thread-5] DEBUG com.jayway.jsonpath.internal.path.CompiledPath - Evaluating path: $
21:33:41.803 [pool-2-thread-5] DEBUG com.jayway.jsonpath.internal.path.CompiledPath - Evaluating path: $
21:33:41.881 [pool-2-thread-3] DEBUG org.apache.http.client.protocol.RequestAddCookies - CookieSpec selected: karate
21:33:41.881 [pool-2-thread-5] DEBUG org.apache.http.client.protocol.RequestAddCookies - CookieSpec selected: karate
21:33:41.889 [pool-2-thread-3] DEBUG org.apache.http.client.protocol.RequestAuthCache - Auth cache not set in the context
21:33:41.889 [pool-2-thread-5] DEBUG org.apache.http.client.protocol.RequestAuthCache - Auth cache not set in the context
21:33:41.891 [pool-2-thread-5] DEBUG com.intuit.karate - request:
1 > POST https://restdev1.tracking.thermoking.com/connected-solutions/obtainToken/
1 > Accept-Encoding: gzip,deflate
1 > Connection: Keep-Alive
1 > Content-Length: 68
1 > Content-Type: application/json; charset=UTF-8
1 > Host: restdev1.tracking.thermoking.com
1 > User-Agent: Apache-HttpClient/4.5.11 (Java/1.8.0_121)
1 > X-External-ID: 0C7FFB8E-BE9D-4B51-8D61-CA10BF4503C4
{"userName":"webservice.user214@MISSING.COM","password":"Pass@1234"}

21:33:41.895 [pool-2-thread-3] DEBUG com.intuit.karate - request:
1 > POST https://restdev1.tracking.thermoking.com/connected-solutions/GetAuthToken/
1 > Accept-Encoding: gzip,deflate
1 > Connection: Keep-Alive
1 > Content-Length: 72
1 > Content-Type: application/json; charset=UTF-8
1 > Host: restdev1.tracking.thermoking.com
1 > User-Agent: Apache-HttpClient/4.5.11 (Java/1.8.0_121)
1 > X-External-ID: 5-UUvQsTkfI
{"userName":"webservice.usertp01@demosystem.com","password":"Pass@1234"}

21:33:41.897 [pool-2-thread-5] DEBUG org.apache.http.impl.conn.PoolingHttpClientConnectionManager - Connection request: [route: {s}->https://restdev1.tracking.thermoking.com:443][total available: 0; route allocated: 0 of 5; total allocated: 0 of 10]
21:33:41.897 [pool-2-thread-3] DEBUG org.apache.http.impl.conn.PoolingHttpClientConnectionManager - Connection request: [route: {s}->https://restdev1.tracking.thermoking.com:443][total available: 0; route allocated: 0 of 5; total allocated: 0 of 10]
21:33:41.909 [pool-2-thread-5] DEBUG org.apache.http.impl.conn.PoolingHttpClientConnectionManager - Connection leased: [id: 1][route: {s}->https://restdev1.tracking.thermoking.com:443][total available: 0; route allocated: 1 of 5; total allocated: 1 of 10]
21:33:41.909 [pool-2-thread-3] DEBUG org.apache.http.impl.conn.PoolingHttpClientConnectionManager - Connection leased: [id: 0][route: {s}->https://restdev1.tracking.thermoking.com:443][total available: 0; route allocated: 1 of 5; total allocated: 1 of 10]
21:33:41.910 [pool-2-thread-5] DEBUG org.apache.http.impl.execchain.MainClientExec - Opening connection {s}->https://restdev1.tracking.thermoking.com:443
21:33:41.910 [pool-2-thread-3] DEBUG org.apache.http.impl.execchain.MainClientExec - Opening connection {s}->https://restdev1.tracking.thermoking.com:443
21:33:41.923 [pool-2-thread-3] DEBUG org.apache.http.impl.conn.DefaultHttpClientConnectionOperator - Connecting to restdev1.tracking.thermoking.com/34.199.242.204:443
21:33:41.923 [pool-2-thread-5] DEBUG org.apache.http.impl.conn.DefaultHttpClientConnectionOperator - Connecting to restdev1.tracking.thermoking.com/34.199.242.204:443
21:33:41.924 [pool-2-thread-5] DEBUG org.apache.http.conn.ssl.LenientSslConnectionSocketFactory - Connecting socket to restdev1.tracking.thermoking.com/34.199.242.204:443 with timeout 30000
21:33:41.924 [pool-2-thread-3] DEBUG org.apache.http.conn.ssl.LenientSslConnectionSocketFactory - Connecting socket to restdev1.tracking.thermoking.com/34.199.242.204:443 with timeout 30000
21:33:42.157 [pool-2-thread-3] DEBUG org.apache.http.conn.ssl.LenientSslConnectionSocketFactory - Enabled protocols: [TLSv1, TLSv1.1, TLSv1.2]
21:33:42.157 [pool-2-thread-3] DEBUG org.apache.http.conn.ssl.LenientSslConnectionSocketFactory - Enabled cipher suites:[TLS_ECDHE_ECDSA_WITH_AES_128_CBC_SHA256, TLS_ECDHE_RSA_WITH_AES_128_CBC_SHA256, TLS_RSA_WITH_AES_128_CBC_SHA256, TLS_ECDH_ECDSA_WITH_AES_128_CBC_SHA256, TLS_ECDH_RSA_WITH_AES_128_CBC_SHA256, TLS_DHE_RSA_WITH_AES_128_CBC_SHA256, TLS_DHE_DSS_WITH_AES_128_CBC_SHA256, TLS_ECDHE_ECDSA_WITH_AES_128_CBC_SHA, TLS_ECDHE_RSA_WITH_AES_128_CBC_SHA, TLS_RSA_WITH_AES_128_CBC_SHA, TLS_ECDH_ECDSA_WITH_AES_128_CBC_SHA, TLS_ECDH_RSA_WITH_AES_128_CBC_SHA, TLS_DHE_RSA_WITH_AES_128_CBC_SHA, TLS_DHE_DSS_WITH_AES_128_CBC_SHA, TLS_ECDHE_ECDSA_WITH_AES_128_GCM_SHA256, TLS_ECDHE_RSA_WITH_AES_128_GCM_SHA256, TLS_RSA_WITH_AES_128_GCM_SHA256, TLS_ECDH_ECDSA_WITH_AES_128_GCM_SHA256, TLS_ECDH_RSA_WITH_AES_128_GCM_SHA256, TLS_DHE_RSA_WITH_AES_128_GCM_SHA256, TLS_DHE_DSS_WITH_AES_128_GCM_SHA256, TLS_EMPTY_RENEGOTIATION_INFO_SCSV]
21:33:42.157 [pool-2-thread-3] DEBUG org.apache.http.conn.ssl.LenientSslConnectionSocketFactory - Starting handshake
21:33:42.161 [pool-2-thread-5] DEBUG org.apache.http.conn.ssl.LenientSslConnectionSocketFactory - Enabled protocols: [TLSv1, TLSv1.1, TLSv1.2]
21:33:42.161 [pool-2-thread-5] DEBUG org.apache.http.conn.ssl.LenientSslConnectionSocketFactory - Enabled cipher suites:[TLS_ECDHE_ECDSA_WITH_AES_128_CBC_SHA256, TLS_ECDHE_RSA_WITH_AES_128_CBC_SHA256, TLS_RSA_WITH_AES_128_CBC_SHA256, TLS_ECDH_ECDSA_WITH_AES_128_CBC_SHA256, TLS_ECDH_RSA_WITH_AES_128_CBC_SHA256, TLS_DHE_RSA_WITH_AES_128_CBC_SHA256, TLS_DHE_DSS_WITH_AES_128_CBC_SHA256, TLS_ECDHE_ECDSA_WITH_AES_128_CBC_SHA, TLS_ECDHE_RSA_WITH_AES_128_CBC_SHA, TLS_RSA_WITH_AES_128_CBC_SHA, TLS_ECDH_ECDSA_WITH_AES_128_CBC_SHA, TLS_ECDH_RSA_WITH_AES_128_CBC_SHA, TLS_DHE_RSA_WITH_AES_128_CBC_SHA, TLS_DHE_DSS_WITH_AES_128_CBC_SHA, TLS_ECDHE_ECDSA_WITH_AES_128_GCM_SHA256, TLS_ECDHE_RSA_WITH_AES_128_GCM_SHA256, TLS_RSA_WITH_AES_128_GCM_SHA256, TLS_ECDH_ECDSA_WITH_AES_128_GCM_SHA256, TLS_ECDH_RSA_WITH_AES_128_GCM_SHA256, TLS_DHE_RSA_WITH_AES_128_GCM_SHA256, TLS_DHE_DSS_WITH_AES_128_GCM_SHA256, TLS_EMPTY_RENEGOTIATION_INFO_SCSV]
21:33:42.161 [pool-2-thread-5] DEBUG org.apache.http.conn.ssl.LenientSslConnectionSocketFactory - Starting handshake
21:33:42.655 [pool-2-thread-3] DEBUG org.apache.http.conn.ssl.LenientSslConnectionSocketFactory - Secure session established
21:33:42.655 [pool-2-thread-3] DEBUG org.apache.http.conn.ssl.LenientSslConnectionSocketFactory -  negotiated protocol: TLSv1.2
21:33:42.655 [pool-2-thread-3] DEBUG org.apache.http.conn.ssl.LenientSslConnectionSocketFactory -  negotiated cipher suite: TLS_ECDHE_RSA_WITH_AES_128_GCM_SHA256
21:33:42.655 [pool-2-thread-3] DEBUG org.apache.http.conn.ssl.LenientSslConnectionSocketFactory -  peer principal: CN=*.tracking.thermoking.com
21:33:42.656 [pool-2-thread-3] DEBUG org.apache.http.conn.ssl.LenientSslConnectionSocketFactory -  peer alternative names: [*.tracking.thermoking.com]
21:33:42.656 [pool-2-thread-3] DEBUG org.apache.http.conn.ssl.LenientSslConnectionSocketFactory -  issuer principal: CN=Amazon, OU=Server CA 1B, O=Amazon, C=US
21:33:42.656 [pool-2-thread-3] DEBUG org.apache.http.impl.conn.DefaultHttpClientConnectionOperator - Connection established 192.168.0.187:55920<->34.199.242.204:443
21:33:42.656 [pool-2-thread-3] DEBUG org.apache.http.impl.conn.DefaultManagedHttpClientConnection - http-outgoing-0: set socket timeout to 30000
21:33:42.657 [pool-2-thread-3] DEBUG org.apache.http.impl.execchain.MainClientExec - Executing request POST /connected-solutions/GetAuthToken/ HTTP/1.1
21:33:42.657 [pool-2-thread-3] DEBUG org.apache.http.impl.execchain.MainClientExec - Target auth state: UNCHALLENGED
21:33:42.657 [pool-2-thread-3] DEBUG org.apache.http.impl.execchain.MainClientExec - Proxy auth state: UNCHALLENGED
21:33:42.657 [pool-2-thread-3] DEBUG org.apache.http.headers - http-outgoing-0 >> POST /connected-solutions/GetAuthToken/ HTTP/1.1
21:33:42.658 [pool-2-thread-3] DEBUG org.apache.http.headers - http-outgoing-0 >> X-External-ID: 5-UUvQsTkfI
21:33:42.658 [pool-2-thread-3] DEBUG org.apache.http.headers - http-outgoing-0 >> Content-Type: application/json; charset=UTF-8
21:33:42.658 [pool-2-thread-3] DEBUG org.apache.http.headers - http-outgoing-0 >> Content-Length: 72
21:33:42.658 [pool-2-thread-3] DEBUG org.apache.http.headers - http-outgoing-0 >> Host: restdev1.tracking.thermoking.com
21:33:42.658 [pool-2-thread-3] DEBUG org.apache.http.headers - http-outgoing-0 >> Connection: Keep-Alive
21:33:42.658 [pool-2-thread-3] DEBUG org.apache.http.headers - http-outgoing-0 >> User-Agent: Apache-HttpClient/4.5.11 (Java/1.8.0_121)
21:33:42.658 [pool-2-thread-3] DEBUG org.apache.http.headers - http-outgoing-0 >> Accept-Encoding: gzip,deflate
21:33:42.658 [pool-2-thread-3] DEBUG org.apache.http.wire - http-outgoing-0 >> "POST /connected-solutions/GetAuthToken/ HTTP/1.1[\r][\n]"
21:33:42.658 [pool-2-thread-3] DEBUG org.apache.http.wire - http-outgoing-0 >> "X-External-ID: 5-UUvQsTkfI[\r][\n]"
21:33:42.658 [pool-2-thread-3] DEBUG org.apache.http.wire - http-outgoing-0 >> "Content-Type: application/json; charset=UTF-8[\r][\n]"
21:33:42.658 [pool-2-thread-3] DEBUG org.apache.http.wire - http-outgoing-0 >> "Content-Length: 72[\r][\n]"
21:33:42.658 [pool-2-thread-3] DEBUG org.apache.http.wire - http-outgoing-0 >> "Host: restdev1.tracking.thermoking.com[\r][\n]"
21:33:42.658 [pool-2-thread-3] DEBUG org.apache.http.wire - http-outgoing-0 >> "Connection: Keep-Alive[\r][\n]"
21:33:42.658 [pool-2-thread-3] DEBUG org.apache.http.wire - http-outgoing-0 >> "User-Agent: Apache-HttpClient/4.5.11 (Java/1.8.0_121)[\r][\n]"
21:33:42.658 [pool-2-thread-3] DEBUG org.apache.http.wire - http-outgoing-0 >> "Accept-Encoding: gzip,deflate[\r][\n]"
21:33:42.658 [pool-2-thread-3] DEBUG org.apache.http.wire - http-outgoing-0 >> "[\r][\n]"
21:33:42.658 [pool-2-thread-3] DEBUG org.apache.http.wire - http-outgoing-0 >> "{"userName":"webservice.usertp01@demosystem.com","password":"Pass@1234"}"
21:33:42.679 [pool-2-thread-5] DEBUG org.apache.http.conn.ssl.LenientSslConnectionSocketFactory - Secure session established
21:33:42.679 [pool-2-thread-5] DEBUG org.apache.http.conn.ssl.LenientSslConnectionSocketFactory -  negotiated protocol: TLSv1.2
21:33:42.679 [pool-2-thread-5] DEBUG org.apache.http.conn.ssl.LenientSslConnectionSocketFactory -  negotiated cipher suite: TLS_ECDHE_RSA_WITH_AES_128_GCM_SHA256
21:33:42.680 [pool-2-thread-5] DEBUG org.apache.http.conn.ssl.LenientSslConnectionSocketFactory -  peer principal: CN=*.tracking.thermoking.com
21:33:42.680 [pool-2-thread-5] DEBUG org.apache.http.conn.ssl.LenientSslConnectionSocketFactory -  peer alternative names: [*.tracking.thermoking.com]
21:33:42.680 [pool-2-thread-5] DEBUG org.apache.http.conn.ssl.LenientSslConnectionSocketFactory -  issuer principal: CN=Amazon, OU=Server CA 1B, O=Amazon, C=US
21:33:42.680 [pool-2-thread-5] DEBUG org.apache.http.impl.conn.DefaultHttpClientConnectionOperator - Connection established 192.168.0.187:55919<->34.199.242.204:443
21:33:42.680 [pool-2-thread-5] DEBUG org.apache.http.impl.conn.DefaultManagedHttpClientConnection - http-outgoing-1: set socket timeout to 30000
21:33:42.680 [pool-2-thread-5] DEBUG org.apache.http.impl.execchain.MainClientExec - Executing request POST /connected-solutions/obtainToken/ HTTP/1.1
21:33:42.680 [pool-2-thread-5] DEBUG org.apache.http.impl.execchain.MainClientExec - Target auth state: UNCHALLENGED
21:33:42.680 [pool-2-thread-5] DEBUG org.apache.http.impl.execchain.MainClientExec - Proxy auth state: UNCHALLENGED
21:33:42.680 [pool-2-thread-5] DEBUG org.apache.http.headers - http-outgoing-1 >> POST /connected-solutions/obtainToken/ HTTP/1.1
21:33:42.680 [pool-2-thread-5] DEBUG org.apache.http.headers - http-outgoing-1 >> X-External-ID: 0C7FFB8E-BE9D-4B51-8D61-CA10BF4503C4
21:33:42.680 [pool-2-thread-5] DEBUG org.apache.http.headers - http-outgoing-1 >> Content-Type: application/json; charset=UTF-8
21:33:42.680 [pool-2-thread-5] DEBUG org.apache.http.headers - http-outgoing-1 >> Content-Length: 68
21:33:42.680 [pool-2-thread-5] DEBUG org.apache.http.headers - http-outgoing-1 >> Host: restdev1.tracking.thermoking.com
21:33:42.680 [pool-2-thread-5] DEBUG org.apache.http.headers - http-outgoing-1 >> Connection: Keep-Alive
21:33:42.680 [pool-2-thread-5] DEBUG org.apache.http.headers - http-outgoing-1 >> User-Agent: Apache-HttpClient/4.5.11 (Java/1.8.0_121)
21:33:42.680 [pool-2-thread-5] DEBUG org.apache.http.headers - http-outgoing-1 >> Accept-Encoding: gzip,deflate
21:33:42.680 [pool-2-thread-5] DEBUG org.apache.http.wire - http-outgoing-1 >> "POST /connected-solutions/obtainToken/ HTTP/1.1[\r][\n]"
21:33:42.680 [pool-2-thread-5] DEBUG org.apache.http.wire - http-outgoing-1 >> "X-External-ID: 0C7FFB8E-BE9D-4B51-8D61-CA10BF4503C4[\r][\n]"
21:33:42.681 [pool-2-thread-5] DEBUG org.apache.http.wire - http-outgoing-1 >> "Content-Type: application/json; charset=UTF-8[\r][\n]"
21:33:42.681 [pool-2-thread-5] DEBUG org.apache.http.wire - http-outgoing-1 >> "Content-Length: 68[\r][\n]"
21:33:42.681 [pool-2-thread-5] DEBUG org.apache.http.wire - http-outgoing-1 >> "Host: restdev1.tracking.thermoking.com[\r][\n]"
21:33:42.681 [pool-2-thread-5] DEBUG org.apache.http.wire - http-outgoing-1 >> "Connection: Keep-Alive[\r][\n]"
21:33:42.681 [pool-2-thread-5] DEBUG org.apache.http.wire - http-outgoing-1 >> "User-Agent: Apache-HttpClient/4.5.11 (Java/1.8.0_121)[\r][\n]"
21:33:42.681 [pool-2-thread-5] DEBUG org.apache.http.wire - http-outgoing-1 >> "Accept-Encoding: gzip,deflate[\r][\n]"
21:33:42.681 [pool-2-thread-5] DEBUG org.apache.http.wire - http-outgoing-1 >> "[\r][\n]"
21:33:42.681 [pool-2-thread-5] DEBUG org.apache.http.wire - http-outgoing-1 >> "{"userName":"webservice.user214@MISSING.COM","password":"Pass@1234"}"
21:33:42.912 [pool-2-thread-3] DEBUG org.apache.http.wire - http-outgoing-0 << "HTTP/1.1 200 [\r][\n]"
21:33:42.912 [pool-2-thread-3] DEBUG org.apache.http.wire - http-outgoing-0 << "Date: Mon, 13 Sep 2021 16:03:42 GMT[\r][\n]"
21:33:42.913 [pool-2-thread-3] DEBUG org.apache.http.wire - http-outgoing-0 << "Content-Type: application/json;charset=UTF-8[\r][\n]"
21:33:42.913 [pool-2-thread-3] DEBUG org.apache.http.wire - http-outgoing-0 << "Transfer-Encoding: chunked[\r][\n]"
21:33:42.913 [pool-2-thread-3] DEBUG org.apache.http.wire - http-outgoing-0 << "Connection: keep-alive[\r][\n]"
21:33:42.913 [pool-2-thread-3] DEBUG org.apache.http.wire - http-outgoing-0 << "Set-Cookie: AWSALB=sCnJgNEdpPTKE4d/Fm2WmLVoPjuMzqRuDy44Gm5qPP9jOvWvLbDgsBxilkPuThryixrHivF7cm17FV5mnhXMo7mwdo/Nhf8A3DshrlRyucK/OBzq7IuQT2DU8yhp; Expires=Mon, 20 Sep 2021 16:03:42 GMT; Path=/[\r][\n]"
21:33:42.913 [pool-2-thread-3] DEBUG org.apache.http.wire - http-outgoing-0 << "Set-Cookie: AWSALBCORS=sCnJgNEdpPTKE4d/Fm2WmLVoPjuMzqRuDy44Gm5qPP9jOvWvLbDgsBxilkPuThryixrHivF7cm17FV5mnhXMo7mwdo/Nhf8A3DshrlRyucK/OBzq7IuQT2DU8yhp; Expires=Mon, 20 Sep 2021 16:03:42 GMT; Path=/; SameSite=None; Secure[\r][\n]"
21:33:42.913 [pool-2-thread-3] DEBUG org.apache.http.wire - http-outgoing-0 << "X-Content-Type-Options: nosniff[\r][\n]"
21:33:42.913 [pool-2-thread-3] DEBUG org.apache.http.wire - http-outgoing-0 << "X-XSS-Protection: 1; mode=block[\r][\n]"
21:33:42.913 [pool-2-thread-3] DEBUG org.apache.http.wire - http-outgoing-0 << "Cache-Control: no-cache, no-store, max-age=0, must-revalidate[\r][\n]"
21:33:42.913 [pool-2-thread-3] DEBUG org.apache.http.wire - http-outgoing-0 << "Pragma: no-cache[\r][\n]"
21:33:42.913 [pool-2-thread-3] DEBUG org.apache.http.wire - http-outgoing-0 << "Expires: 0[\r][\n]"
21:33:42.913 [pool-2-thread-3] DEBUG org.apache.http.wire - http-outgoing-0 << "X-Frame-Options: DENY[\r][\n]"
21:33:42.913 [pool-2-thread-3] DEBUG org.apache.http.wire - http-outgoing-0 << "[\r][\n]"
21:33:42.913 [pool-2-thread-3] DEBUG org.apache.http.wire - http-outgoing-0 << "19a[\r][\n]"
21:33:42.913 [pool-2-thread-3] DEBUG org.apache.http.wire - http-outgoing-0 << "{"id":"5-UUvQsTkfI","accessToken":"eyJhbGciOiJIUzUxMiJ9.eyJpc3MiOiJDb25uZWN0ZWQgU29sdXRpb25zIiwiZXhwIjoxNjMxNzAyODY0LCJqdGkiOiI1LVVVdlFzVGtmSSJ9.Fr5QHK5TnCtpbpuOAYRCtkH_DgKqu4wrVWfsE-v8gyP3rcYCmiIrNpbIaLTsIqFUgkORgs704zjqpz3F4Z0UNg","accessRefreshToken":"1d65924186b24177ba7654621b85c0f6","expiresIn":431630,"_links":{"self":{"href":"http://restdev1.tracking.thermoking.com/connected-solutions/GetAuthToken"}}}[\r][\n]"
21:33:42.915 [pool-2-thread-3] DEBUG org.apache.http.headers - http-outgoing-0 << HTTP/1.1 200 
21:33:42.915 [pool-2-thread-3] DEBUG org.apache.http.headers - http-outgoing-0 << Date: Mon, 13 Sep 2021 16:03:42 GMT
21:33:42.915 [pool-2-thread-3] DEBUG org.apache.http.headers - http-outgoing-0 << Content-Type: application/json;charset=UTF-8
21:33:42.915 [pool-2-thread-3] DEBUG org.apache.http.headers - http-outgoing-0 << Transfer-Encoding: chunked
21:33:42.915 [pool-2-thread-3] DEBUG org.apache.http.headers - http-outgoing-0 << Connection: keep-alive
21:33:42.915 [pool-2-thread-3] DEBUG org.apache.http.headers - http-outgoing-0 << Set-Cookie: AWSALB=sCnJgNEdpPTKE4d/Fm2WmLVoPjuMzqRuDy44Gm5qPP9jOvWvLbDgsBxilkPuThryixrHivF7cm17FV5mnhXMo7mwdo/Nhf8A3DshrlRyucK/OBzq7IuQT2DU8yhp; Expires=Mon, 20 Sep 2021 16:03:42 GMT; Path=/
21:33:42.915 [pool-2-thread-3] DEBUG org.apache.http.headers - http-outgoing-0 << Set-Cookie: AWSALBCORS=sCnJgNEdpPTKE4d/Fm2WmLVoPjuMzqRuDy44Gm5qPP9jOvWvLbDgsBxilkPuThryixrHivF7cm17FV5mnhXMo7mwdo/Nhf8A3DshrlRyucK/OBzq7IuQT2DU8yhp; Expires=Mon, 20 Sep 2021 16:03:42 GMT; Path=/; SameSite=None; Secure
21:33:42.915 [pool-2-thread-3] DEBUG org.apache.http.headers - http-outgoing-0 << X-Content-Type-Options: nosniff
21:33:42.915 [pool-2-thread-3] DEBUG org.apache.http.headers - http-outgoing-0 << X-XSS-Protection: 1; mode=block
21:33:42.915 [pool-2-thread-3] DEBUG org.apache.http.headers - http-outgoing-0 << Cache-Control: no-cache, no-store, max-age=0, must-revalidate
21:33:42.915 [pool-2-thread-3] DEBUG org.apache.http.headers - http-outgoing-0 << Pragma: no-cache
21:33:42.915 [pool-2-thread-3] DEBUG org.apache.http.headers - http-outgoing-0 << Expires: 0
21:33:42.915 [pool-2-thread-3] DEBUG org.apache.http.headers - http-outgoing-0 << X-Frame-Options: DENY
21:33:42.917 [pool-2-thread-3] DEBUG org.apache.http.impl.execchain.MainClientExec - Connection can be kept alive indefinitely
21:33:42.923 [pool-2-thread-3] DEBUG org.apache.http.client.protocol.ResponseProcessCookies - Cookie accepted [AWSALB="sCnJgNEdpPTKE4d/Fm2WmLVoPjuMzqRuDy44Gm5qPP9jOvWvLbDgsBxilkPuThryixrHivF7cm17FV5mnhXMo7mwdo/Nhf8A3Dsh...", version:0, domain:restdev1.tracking.thermoking.com, path:/, expiry:Mon Sep 20 21:33:42 IST 2021]
21:33:42.924 [pool-2-thread-3] DEBUG org.apache.http.client.protocol.ResponseProcessCookies - Cookie accepted [AWSALBCORS="sCnJgNEdpPTKE4d/Fm2WmLVoPjuMzqRuDy44Gm5qPP9jOvWvLbDgsBxilkPuThryixrHivF7cm17FV5mnhXMo7mwdo/Nhf8A3Dsh...", version:0, domain:restdev1.tracking.thermoking.com, path:/, expiry:Mon Sep 20 21:33:42 IST 2021]
21:33:42.925 [pool-2-thread-3] DEBUG org.apache.http.wire - http-outgoing-0 << "0[\r][\n]"
21:33:42.925 [pool-2-thread-3] DEBUG org.apache.http.wire - http-outgoing-0 << "[\r][\n]"
21:33:42.925 [pool-2-thread-3] DEBUG org.apache.http.impl.conn.PoolingHttpClientConnectionManager - Connection [id: 0][route: {s}->https://restdev1.tracking.thermoking.com:443] can be kept alive indefinitely
21:33:42.925 [pool-2-thread-3] DEBUG org.apache.http.impl.conn.DefaultManagedHttpClientConnection - http-outgoing-0: set socket timeout to 0
21:33:42.925 [pool-2-thread-3] DEBUG org.apache.http.impl.conn.PoolingHttpClientConnectionManager - Connection released: [id: 0][route: {s}->https://restdev1.tracking.thermoking.com:443][total available: 1; route allocated: 1 of 5; total allocated: 1 of 10]
21:33:42.925 [pool-2-thread-3] DEBUG com.intuit.karate - response time in milliseconds: 1028.09
1 < 200
1 < Cache-Control: no-cache, no-store, max-age=0, must-revalidate
1 < Connection: keep-alive
1 < Content-Type: application/json;charset=UTF-8
1 < Date: Mon, 13 Sep 2021 16:03:42 GMT
1 < Expires: 0
1 < Pragma: no-cache
1 < Set-Cookie: [AWSALB=sCnJgNEdpPTKE4d/Fm2WmLVoPjuMzqRuDy44Gm5qPP9jOvWvLbDgsBxilkPuThryixrHivF7cm17FV5mnhXMo7mwdo/Nhf8A3DshrlRyucK/OBzq7IuQT2DU8yhp; Expires=Mon, 20 Sep 2021 16:03:42 GMT; Path=/, AWSALBCORS=sCnJgNEdpPTKE4d/Fm2WmLVoPjuMzqRuDy44Gm5qPP9jOvWvLbDgsBxilkPuThryixrHivF7cm17FV5mnhXMo7mwdo/Nhf8A3DshrlRyucK/OBzq7IuQT2DU8yhp; Expires=Mon, 20 Sep 2021 16:03:42 GMT; Path=/; SameSite=None; Secure]
1 < Transfer-Encoding: chunked
1 < X-Content-Type-Options: nosniff
1 < X-Frame-Options: DENY
1 < X-XSS-Protection: 1; mode=block
{"id":"5-UUvQsTkfI","accessToken":"eyJhbGciOiJIUzUxMiJ9.eyJpc3MiOiJDb25uZWN0ZWQgU29sdXRpb25zIiwiZXhwIjoxNjMxNzAyODY0LCJqdGkiOiI1LVVVdlFzVGtmSSJ9.Fr5QHK5TnCtpbpuOAYRCtkH_DgKqu4wrVWfsE-v8gyP3rcYCmiIrNpbIaLTsIqFUgkORgs704zjqpz3F4Z0UNg","accessRefreshToken":"1d65924186b24177ba7654621b85c0f6","expiresIn":431630,"_links":{"self":{"href":"http://restdev1.tracking.thermoking.com/connected-solutions/GetAuthToken"}}}

21:33:42.928 [pool-2-thread-3] DEBUG com.jayway.jsonpath.internal.path.CompiledPath - Evaluating path: $
21:33:42.931 [pool-2-thread-3] INFO com.intuit.karate - [print] eyJhbGciOiJIUzUxMiJ9.eyJpc3MiOiJDb25uZWN0ZWQgU29sdXRpb25zIiwiZXhwIjoxNjMxNzAyODY0LCJqdGkiOiI1LVVVdlFzVGtmSSJ9.Fr5QHK5TnCtpbpuOAYRCtkH_DgKqu4wrVWfsE-v8gyP3rcYCmiIrNpbIaLTsIqFUgkORgs704zjqpz3F4Z0UNg
21:33:42.933 [pool-2-thread-3] DEBUG com.jayway.jsonpath.internal.path.CompiledPath - Evaluating path: $
21:33:42.933 [pool-2-thread-3] INFO com.intuit.karate - << lock released, cached callonce: read('FridgioAuthToken.feature')
21:33:42.936 [pool-2-thread-3] DEBUG com.jayway.jsonpath.internal.path.CompiledPath - Evaluating path: $
21:33:42.936 [pool-2-thread-3] INFO com.intuit.karate - [print] eyJhbGciOiJIUzUxMiJ9.eyJpc3MiOiJDb25uZWN0ZWQgU29sdXRpb25zIiwiZXhwIjoxNjMxNzAyODY0LCJqdGkiOiI1LVVVdlFzVGtmSSJ9.Fr5QHK5TnCtpbpuOAYRCtkH_DgKqu4wrVWfsE-v8gyP3rcYCmiIrNpbIaLTsIqFUgkORgs704zjqpz3F4Z0UNg
21:33:42.938 [pool-2-thread-3] INFO com.intuit.karate - [print] data
21:33:42.943 [pool-2-thread-3] WARN com.intuit.karate - skipping bootstrap configuration: could not find or read file: classpath:karate-config.js
21:33:42.943 [pool-2-thread-5] DEBUG org.apache.http.wire - http-outgoing-1 << "HTTP/1.1 429 [\r][\n]"
21:33:42.943 [pool-2-thread-5] DEBUG org.apache.http.wire - http-outgoing-1 << "Date: Mon, 13 Sep 2021 16:03:42 GMT[\r][\n]"
21:33:42.943 [pool-2-thread-5] DEBUG org.apache.http.wire - http-outgoing-1 << "Content-Type: application/json;charset=UTF-8[\r][\n]"
21:33:42.943 [pool-2-thread-5] DEBUG org.apache.http.wire - http-outgoing-1 << "Transfer-Encoding: chunked[\r][\n]"
21:33:42.943 [pool-2-thread-5] DEBUG org.apache.http.wire - http-outgoing-1 << "Connection: keep-alive[\r][\n]"
21:33:42.943 [pool-2-thread-5] DEBUG org.apache.http.wire - http-outgoing-1 << "Set-Cookie: AWSALB=aq2Hj6/xl/ykVGkBB4rQawnqLx/WC9aY8ZduY12ptXEg7+6aVVsnjO8L7BmSR2lEcOmX+4Aq+lClICjAaBLrCvD7KTTVTCDFoVrueet0KR0z2P+6c6XDBc8Cfb2/; Expires=Mon, 20 Sep 2021 16:03:42 GMT; Path=/[\r][\n]"
21:33:42.944 [pool-2-thread-5] DEBUG org.apache.http.wire - http-outgoing-1 << "Set-Cookie: AWSALBCORS=aq2Hj6/xl/ykVGkBB4rQawnqLx/WC9aY8ZduY12ptXEg7+6aVVsnjO8L7BmSR2lEcOmX+4Aq+lClICjAaBLrCvD7KTTVTCDFoVrueet0KR0z2P+6c6XDBc8Cfb2/; Expires=Mon, 20 Sep 2021 16:03:42 GMT; Path=/; SameSite=None; Secure[\r][\n]"
21:33:42.944 [pool-2-thread-5] DEBUG org.apache.http.wire - http-outgoing-1 << "X-Content-Type-Options: nosniff[\r][\n]"
21:33:42.944 [pool-2-thread-5] DEBUG org.apache.http.wire - http-outgoing-1 << "X-XSS-Protection: 1; mode=block[\r][\n]"
21:33:42.944 [pool-2-thread-5] DEBUG org.apache.http.wire - http-outgoing-1 << "Cache-Control: no-cache, no-store, max-age=0, must-revalidate[\r][\n]"
21:33:42.944 [pool-2-thread-5] DEBUG org.apache.http.wire - http-outgoing-1 << "Pragma: no-cache[\r][\n]"
21:33:42.944 [pool-2-thread-5] DEBUG org.apache.http.wire - http-outgoing-1 << "Expires: 0[\r][\n]"
21:33:42.944 [pool-2-thread-5] DEBUG org.apache.http.wire - http-outgoing-1 << "X-Frame-Options: DENY[\r][\n]"
21:33:42.944 [pool-2-thread-5] DEBUG org.apache.http.wire - http-outgoing-1 << "[\r][\n]"
21:33:42.944 [pool-2-thread-5] DEBUG org.apache.http.wire - http-outgoing-1 << "d1[\r][\n]"
21:33:42.944 [pool-2-thread-5] DEBUG org.apache.http.wire - http-outgoing-1 << "{"timestamp":"2021-09-13T16:03:42.842+0000","status":429,"error":"Too Many Requests","message":"This client has been exceeded the allowance of requests for this API","path":"/connected-solutions/obtainToken/"}[\r][\n]"
21:33:42.944 [pool-2-thread-5] DEBUG org.apache.http.headers - http-outgoing-1 << HTTP/1.1 429 
21:33:42.944 [pool-2-thread-5] DEBUG org.apache.http.headers - http-outgoing-1 << Date: Mon, 13 Sep 2021 16:03:42 GMT
21:33:42.944 [pool-2-thread-5] DEBUG org.apache.http.headers - http-outgoing-1 << Content-Type: application/json;charset=UTF-8
21:33:42.944 [pool-2-thread-5] DEBUG org.apache.http.headers - http-outgoing-1 << Transfer-Encoding: chunked
21:33:42.944 [pool-2-thread-5] DEBUG org.apache.http.headers - http-outgoing-1 << Connection: keep-alive
21:33:42.944 [pool-2-thread-5] DEBUG org.apache.http.headers - http-outgoing-1 << Set-Cookie: AWSALB=aq2Hj6/xl/ykVGkBB4rQawnqLx/WC9aY8ZduY12ptXEg7+6aVVsnjO8L7BmSR2lEcOmX+4Aq+lClICjAaBLrCvD7KTTVTCDFoVrueet0KR0z2P+6c6XDBc8Cfb2/; Expires=Mon, 20 Sep 2021 16:03:42 GMT; Path=/
21:33:42.944 [pool-2-thread-5] DEBUG org.apache.http.headers - http-outgoing-1 << Set-Cookie: AWSALBCORS=aq2Hj6/xl/ykVGkBB4rQawnqLx/WC9aY8ZduY12ptXEg7+6aVVsnjO8L7BmSR2lEcOmX+4Aq+lClICjAaBLrCvD7KTTVTCDFoVrueet0KR0z2P+6c6XDBc8Cfb2/; Expires=Mon, 20 Sep 2021 16:03:42 GMT; Path=/; SameSite=None; Secure
21:33:42.944 [pool-2-thread-5] DEBUG org.apache.http.headers - http-outgoing-1 << X-Content-Type-Options: nosniff
21:33:42.944 [pool-2-thread-5] DEBUG org.apache.http.headers - http-outgoing-1 << X-XSS-Protection: 1; mode=block
21:33:42.944 [pool-2-thread-5] DEBUG org.apache.http.headers - http-outgoing-1 << Cache-Control: no-cache, no-store, max-age=0, must-revalidate
21:33:42.944 [pool-2-thread-5] DEBUG org.apache.http.headers - http-outgoing-1 << Pragma: no-cache
21:33:42.944 [pool-2-thread-5] DEBUG org.apache.http.headers - http-outgoing-1 << Expires: 0
21:33:42.944 [pool-2-thread-5] DEBUG org.apache.http.headers - http-outgoing-1 << X-Frame-Options: DENY
21:33:42.945 [pool-2-thread-5] DEBUG org.apache.http.impl.execchain.MainClientExec - Connection can be kept alive indefinitely
21:33:42.945 [pool-2-thread-5] DEBUG org.apache.http.client.protocol.ResponseProcessCookies - Cookie accepted [AWSALB="aq2Hj6/xl/ykVGkBB4rQawnqLx/WC9aY8ZduY12ptXEg7+6aVVsnjO8L7BmSR2lEcOmX+4Aq+lClICjAaBLrCvD7KTTVTCDFoVru...", version:0, domain:restdev1.tracking.thermoking.com, path:/, expiry:Mon Sep 20 21:33:42 IST 2021]
21:33:42.946 [pool-2-thread-5] DEBUG org.apache.http.client.protocol.ResponseProcessCookies - Cookie accepted [AWSALBCORS="aq2Hj6/xl/ykVGkBB4rQawnqLx/WC9aY8ZduY12ptXEg7+6aVVsnjO8L7BmSR2lEcOmX+4Aq+lClICjAaBLrCvD7KTTVTCDFoVru...", version:0, domain:restdev1.tracking.thermoking.com, path:/, expiry:Mon Sep 20 21:33:42 IST 2021]
21:33:42.946 [pool-2-thread-5] DEBUG org.apache.http.wire - http-outgoing-1 << "0[\r][\n]"
21:33:42.946 [pool-2-thread-5] DEBUG org.apache.http.wire - http-outgoing-1 << "[\r][\n]"
21:33:42.946 [pool-2-thread-5] DEBUG org.apache.http.impl.conn.PoolingHttpClientConnectionManager - Connection [id: 1][route: {s}->https://restdev1.tracking.thermoking.com:443] can be kept alive indefinitely
21:33:42.946 [pool-2-thread-5] DEBUG org.apache.http.impl.conn.DefaultManagedHttpClientConnection - http-outgoing-1: set socket timeout to 0
21:33:42.946 [pool-2-thread-5] DEBUG org.apache.http.impl.conn.PoolingHttpClientConnectionManager - Connection released: [id: 1][route: {s}->https://restdev1.tracking.thermoking.com:443][total available: 1; route allocated: 1 of 5; total allocated: 1 of 10]
21:33:42.946 [pool-2-thread-5] DEBUG com.intuit.karate - response time in milliseconds: 1050.16
1 < 429
1 < Cache-Control: no-cache, no-store, max-age=0, must-revalidate
1 < Connection: keep-alive
1 < Content-Type: application/json;charset=UTF-8
1 < Date: Mon, 13 Sep 2021 16:03:42 GMT
1 < Expires: 0
1 < Pragma: no-cache
1 < Set-Cookie: [AWSALB=aq2Hj6/xl/ykVGkBB4rQawnqLx/WC9aY8ZduY12ptXEg7+6aVVsnjO8L7BmSR2lEcOmX+4Aq+lClICjAaBLrCvD7KTTVTCDFoVrueet0KR0z2P+6c6XDBc8Cfb2/; Expires=Mon, 20 Sep 2021 16:03:42 GMT; Path=/, AWSALBCORS=aq2Hj6/xl/ykVGkBB4rQawnqLx/WC9aY8ZduY12ptXEg7+6aVVsnjO8L7BmSR2lEcOmX+4Aq+lClICjAaBLrCvD7KTTVTCDFoVrueet0KR0z2P+6c6XDBc8Cfb2/; Expires=Mon, 20 Sep 2021 16:03:42 GMT; Path=/; SameSite=None; Secure]
1 < Transfer-Encoding: chunked
1 < X-Content-Type-Options: nosniff
1 < X-Frame-Options: DENY
1 < X-XSS-Protection: 1; mode=block
{"timestamp":"2021-09-13T16:03:42.842+0000","status":429,"error":"Too Many Requests","message":"This client has been exceeded the allowance of requests for this API","path":"/connected-solutions/obtainToken/"}

21:33:42.947 [pool-2-thread-3] DEBUG com.jayway.jsonpath.internal.path.CompiledPath - Evaluating path: $
21:33:42.947 [pool-2-thread-5] ERROR com.intuit.karate - status code was: 429, expected: 200, response time: 1050, url: https://restdev1.tracking.thermoking.com/connected-solutions/obtainToken/, response: {"path":"/connected-solutions/obtainToken/","error":"Too Many Requests","message":"This client has been exceeded the allowance of requests for this API","timestamp":"2021-09-13T16:03:42.842+0000","status":429}
21:33:42.948 [pool-2-thread-5] ERROR com.intuit.karate - feature call failed: classpath:resources/TokenTwoWay.feature
arg: {"APIurl":"https://restdev1.tracking.thermoking.com/","userName":"webservice.user214@MISSING.COM","password":"Pass@1234","customerId":"0C7FFB8E-BE9D-4B51-8D61-CA10BF4503C4"}
TokenTwoWay.feature:21 - status code was: 429, expected: 200, response time: 1050, url: https://restdev1.tracking.thermoking.com/connected-solutions/obtainToken/, response: {"path":"/connected-solutions/obtainToken/","error":"Too Many Requests","message":"This client has been exceeded the allowance of requests for this API","timestamp":"2021-09-13T16:03:42.842+0000","status":429}
21:33:42.948 [pool-2-thread-3] INFO com.intuit.karate - [print] eyJhbGciOiJIUzUxMiJ9.eyJpc3MiOiJDb25uZWN0ZWQgU29sdXRpb25zIiwiZXhwIjoxNjMxNzAyODY0LCJqdGkiOiI1LVVVdlFzVGtmSSJ9.Fr5QHK5TnCtpbpuOAYRCtkH_DgKqu4wrVWfsE-v8gyP3rcYCmiIrNpbIaLTsIqFUgkORgs704zjqpz3F4Z0UNg
21:33:42.948 [pool-2-thread-3] INFO com.intuit.karate - [print] eyJhbGciOiJIUzUxMiJ9.eyJpc3MiOiJDb25uZWN0ZWQgU29sdXRpb25zIiwiZXhwIjoxNjMxNzAyODY0LCJqdGkiOiI1LVVVdlFzVGtmSSJ9.Fr5QHK5TnCtpbpuOAYRCtkH_DgKqu4wrVWfsE-v8gyP3rcYCmiIrNpbIaLTsIqFUgkORgs704zjqpz3F4Z0UNg
21:33:42.949 [pool-2-thread-5] DEBUG com.jayway.jsonpath.internal.path.CompiledPath - Evaluating path: $
21:33:42.968 [pool-2-thread-3] INFO com.intuit.karate - [print] 
21:33:42.971 [pool-2-thread-3] DEBUG com.jayway.jsonpath.internal.path.CompiledPath - Evaluating path: $
21:33:42.971 [pool-2-thread-3] DEBUG com.jayway.jsonpath.internal.path.CompiledPath - Evaluating path: $
21:33:42.972 [pool-2-thread-3] DEBUG com.jayway.jsonpath.internal.path.CompiledPath - Evaluating path: $
21:33:42.972 [pool-2-thread-3] DEBUG org.apache.http.client.protocol.RequestAddCookies - CookieSpec selected: karate
21:33:42.973 [pool-2-thread-3] DEBUG org.apache.http.client.protocol.RequestAuthCache - Auth cache not set in the context
21:33:42.973 [pool-2-thread-3] DEBUG com.intuit.karate - request:
1 > POST https://restdev1.tracking.thermoking.com/connected-solutions/GetCarrierVehicleList/?externalCarrierId=52D0B083-E9B7-47F6-9BAA-D22951DD1E50
1 > Accept-Encoding: gzip,deflate
1 > Connection: Keep-Alive
1 > Content-Length: 72
1 > Content-Type: application/json; charset=UTF-8
1 > Host: restdev1.tracking.thermoking.com
1 > User-Agent: Apache-HttpClient/4.5.11 (Java/1.8.0_121)
1 > X-External-ID: 5-UUvQsTkfI
1 > X-OAUTH2-Token: eyJhbGciOiJIUzUxMiJ9.eyJpc3MiOiJDb25uZWN0ZWQgU29sdXRpb25zIiwiZXhwIjoxNjMxNzAyODY0LCJqdGkiOiI1LVVVdlFzVGtmSSJ9.Fr5QHK5TnCtpbpuOAYRCtkH_DgKqu4wrVWfsE-v8gyP3rcYCmiIrNpbIaLTsIqFUgkORgs704zjqpz3F4Z0UNg
{"userName":"webservice.usertp01@demosystem.com","password":"Pass@1234"}

21:33:42.973 [pool-2-thread-3] DEBUG org.apache.http.impl.conn.PoolingHttpClientConnectionManager - Connection request: [route: {s}->https://restdev1.tracking.thermoking.com:443][total available: 0; route allocated: 0 of 5; total allocated: 0 of 10]
21:33:42.973 [pool-2-thread-3] DEBUG org.apache.http.impl.conn.PoolingHttpClientConnectionManager - Connection leased: [id: 2][route: {s}->https://restdev1.tracking.thermoking.com:443][total available: 0; route allocated: 1 of 5; total allocated: 1 of 10]
21:33:42.973 [pool-2-thread-3] DEBUG org.apache.http.impl.execchain.MainClientExec - Opening connection {s}->https://restdev1.tracking.thermoking.com:443
21:33:42.973 [pool-2-thread-3] DEBUG org.apache.http.impl.conn.DefaultHttpClientConnectionOperator - Connecting to restdev1.tracking.thermoking.com/34.199.242.204:443
21:33:42.973 [pool-2-thread-3] DEBUG org.apache.http.conn.ssl.LenientSslConnectionSocketFactory - Connecting socket to restdev1.tracking.thermoking.com/34.199.242.204:443 with timeout 30000
21:33:43.012 [pool-2-thread-5] INFO com.intuit.karate.Runner - <<fail>> feature 8 of 8: classpath:resources/TwoWAyCommands.feature
---------------------------------------------------------
feature: classpath:resources/TwoWAyCommands.feature
report: target\surefire-reports\resources.TwoWAyCommands.json
scenarios:  1 | passed:  0 | failed:  1 | time: 2.2001
---------------------------------------------------------
21:33:43.195 [pool-2-thread-3] DEBUG org.apache.http.conn.ssl.LenientSslConnectionSocketFactory - Enabled protocols: [TLSv1, TLSv1.1, TLSv1.2]
21:33:43.195 [pool-2-thread-3] DEBUG org.apache.http.conn.ssl.LenientSslConnectionSocketFactory - Enabled cipher suites:[TLS_ECDHE_ECDSA_WITH_AES_128_CBC_SHA256, TLS_ECDHE_RSA_WITH_AES_128_CBC_SHA256, TLS_RSA_WITH_AES_128_CBC_SHA256, TLS_ECDH_ECDSA_WITH_AES_128_CBC_SHA256, TLS_ECDH_RSA_WITH_AES_128_CBC_SHA256, TLS_DHE_RSA_WITH_AES_128_CBC_SHA256, TLS_DHE_DSS_WITH_AES_128_CBC_SHA256, TLS_ECDHE_ECDSA_WITH_AES_128_CBC_SHA, TLS_ECDHE_RSA_WITH_AES_128_CBC_SHA, TLS_RSA_WITH_AES_128_CBC_SHA, TLS_ECDH_ECDSA_WITH_AES_128_CBC_SHA, TLS_ECDH_RSA_WITH_AES_128_CBC_SHA, TLS_DHE_RSA_WITH_AES_128_CBC_SHA, TLS_DHE_DSS_WITH_AES_128_CBC_SHA, TLS_ECDHE_ECDSA_WITH_AES_128_GCM_SHA256, TLS_ECDHE_RSA_WITH_AES_128_GCM_SHA256, TLS_RSA_WITH_AES_128_GCM_SHA256, TLS_ECDH_ECDSA_WITH_AES_128_GCM_SHA256, TLS_ECDH_RSA_WITH_AES_128_GCM_SHA256, TLS_DHE_RSA_WITH_AES_128_GCM_SHA256, TLS_DHE_DSS_WITH_AES_128_GCM_SHA256, TLS_EMPTY_RENEGOTIATION_INFO_SCSV]
21:33:43.195 [pool-2-thread-3] DEBUG org.apache.http.conn.ssl.LenientSslConnectionSocketFactory - Starting handshake
21:33:43.693 [pool-2-thread-3] DEBUG org.apache.http.conn.ssl.LenientSslConnectionSocketFactory - Secure session established
21:33:43.693 [pool-2-thread-3] DEBUG org.apache.http.conn.ssl.LenientSslConnectionSocketFactory -  negotiated protocol: TLSv1.2
21:33:43.693 [pool-2-thread-3] DEBUG org.apache.http.conn.ssl.LenientSslConnectionSocketFactory -  negotiated cipher suite: TLS_ECDHE_RSA_WITH_AES_128_GCM_SHA256
21:33:43.694 [pool-2-thread-3] DEBUG org.apache.http.conn.ssl.LenientSslConnectionSocketFactory -  peer principal: CN=*.tracking.thermoking.com
21:33:43.694 [pool-2-thread-3] DEBUG org.apache.http.conn.ssl.LenientSslConnectionSocketFactory -  peer alternative names: [*.tracking.thermoking.com]
21:33:43.694 [pool-2-thread-3] DEBUG org.apache.http.conn.ssl.LenientSslConnectionSocketFactory -  issuer principal: CN=Amazon, OU=Server CA 1B, O=Amazon, C=US
21:33:43.694 [pool-2-thread-3] DEBUG org.apache.http.impl.conn.DefaultHttpClientConnectionOperator - Connection established 192.168.0.187:55922<->34.199.242.204:443
21:33:43.694 [pool-2-thread-3] DEBUG org.apache.http.impl.conn.DefaultManagedHttpClientConnection - http-outgoing-2: set socket timeout to 30000
21:33:43.694 [pool-2-thread-3] DEBUG org.apache.http.impl.execchain.MainClientExec - Executing request POST /connected-solutions/GetCarrierVehicleList/?externalCarrierId=52D0B083-E9B7-47F6-9BAA-D22951DD1E50 HTTP/1.1
21:33:43.694 [pool-2-thread-3] DEBUG org.apache.http.impl.execchain.MainClientExec - Target auth state: UNCHALLENGED
21:33:43.694 [pool-2-thread-3] DEBUG org.apache.http.impl.execchain.MainClientExec - Proxy auth state: UNCHALLENGED
21:33:43.694 [pool-2-thread-3] DEBUG org.apache.http.headers - http-outgoing-2 >> POST /connected-solutions/GetCarrierVehicleList/?externalCarrierId=52D0B083-E9B7-47F6-9BAA-D22951DD1E50 HTTP/1.1
21:33:43.694 [pool-2-thread-3] DEBUG org.apache.http.headers - http-outgoing-2 >> X-OAUTH2-Token: eyJhbGciOiJIUzUxMiJ9.eyJpc3MiOiJDb25uZWN0ZWQgU29sdXRpb25zIiwiZXhwIjoxNjMxNzAyODY0LCJqdGkiOiI1LVVVdlFzVGtmSSJ9.Fr5QHK5TnCtpbpuOAYRCtkH_DgKqu4wrVWfsE-v8gyP3rcYCmiIrNpbIaLTsIqFUgkORgs704zjqpz3F4Z0UNg
21:33:43.694 [pool-2-thread-3] DEBUG org.apache.http.headers - http-outgoing-2 >> X-External-ID: 5-UUvQsTkfI
21:33:43.694 [pool-2-thread-3] DEBUG org.apache.http.headers - http-outgoing-2 >> Content-Type: application/json; charset=UTF-8
21:33:43.694 [pool-2-thread-3] DEBUG org.apache.http.headers - http-outgoing-2 >> Content-Length: 72
21:33:43.694 [pool-2-thread-3] DEBUG org.apache.http.headers - http-outgoing-2 >> Host: restdev1.tracking.thermoking.com
21:33:43.694 [pool-2-thread-3] DEBUG org.apache.http.headers - http-outgoing-2 >> Connection: Keep-Alive
21:33:43.694 [pool-2-thread-3] DEBUG org.apache.http.headers - http-outgoing-2 >> User-Agent: Apache-HttpClient/4.5.11 (Java/1.8.0_121)
21:33:43.695 [pool-2-thread-3] DEBUG org.apache.http.headers - http-outgoing-2 >> Accept-Encoding: gzip,deflate
21:33:43.695 [pool-2-thread-3] DEBUG org.apache.http.wire - http-outgoing-2 >> "POST /connected-solutions/GetCarrierVehicleList/?externalCarrierId=52D0B083-E9B7-47F6-9BAA-D22951DD1E50 HTTP/1.1[\r][\n]"
21:33:43.695 [pool-2-thread-3] DEBUG org.apache.http.wire - http-outgoing-2 >> "X-OAUTH2-Token: eyJhbGciOiJIUzUxMiJ9.eyJpc3MiOiJDb25uZWN0ZWQgU29sdXRpb25zIiwiZXhwIjoxNjMxNzAyODY0LCJqdGkiOiI1LVVVdlFzVGtmSSJ9.Fr5QHK5TnCtpbpuOAYRCtkH_DgKqu4wrVWfsE-v8gyP3rcYCmiIrNpbIaLTsIqFUgkORgs704zjqpz3F4Z0UNg[\r][\n]"
21:33:43.695 [pool-2-thread-3] DEBUG org.apache.http.wire - http-outgoing-2 >> "X-External-ID: 5-UUvQsTkfI[\r][\n]"
21:33:43.695 [pool-2-thread-3] DEBUG org.apache.http.wire - http-outgoing-2 >> "Content-Type: application/json; charset=UTF-8[\r][\n]"
21:33:43.695 [pool-2-thread-3] DEBUG org.apache.http.wire - http-outgoing-2 >> "Content-Length: 72[\r][\n]"
21:33:43.695 [pool-2-thread-3] DEBUG org.apache.http.wire - http-outgoing-2 >> "Host: restdev1.tracking.thermoking.com[\r][\n]"
21:33:43.695 [pool-2-thread-3] DEBUG org.apache.http.wire - http-outgoing-2 >> "Connection: Keep-Alive[\r][\n]"
21:33:43.695 [pool-2-thread-3] DEBUG org.apache.http.wire - http-outgoing-2 >> "User-Agent: Apache-HttpClient/4.5.11 (Java/1.8.0_121)[\r][\n]"
21:33:43.695 [pool-2-thread-3] DEBUG org.apache.http.wire - http-outgoing-2 >> "Accept-Encoding: gzip,deflate[\r][\n]"
21:33:43.695 [pool-2-thread-3] DEBUG org.apache.http.wire - http-outgoing-2 >> "[\r][\n]"
21:33:43.695 [pool-2-thread-3] DEBUG org.apache.http.wire - http-outgoing-2 >> "{"userName":"webservice.usertp01@demosystem.com","password":"Pass@1234"}"
21:33:43.966 [pool-2-thread-3] DEBUG org.apache.http.wire - http-outgoing-2 << "HTTP/1.1 401 [\r][\n]"
21:33:43.966 [pool-2-thread-3] DEBUG org.apache.http.wire - http-outgoing-2 << "Date: Mon, 13 Sep 2021 16:03:43 GMT[\r][\n]"
21:33:43.966 [pool-2-thread-3] DEBUG org.apache.http.wire - http-outgoing-2 << "Content-Type: application/json;charset=UTF-8[\r][\n]"
21:33:43.966 [pool-2-thread-3] DEBUG org.apache.http.wire - http-outgoing-2 << "Transfer-Encoding: chunked[\r][\n]"
21:33:43.966 [pool-2-thread-3] DEBUG org.apache.http.wire - http-outgoing-2 << "Connection: keep-alive[\r][\n]"
21:33:43.966 [pool-2-thread-3] DEBUG org.apache.http.wire - http-outgoing-2 << "Set-Cookie: AWSALB=VM0kL60jBFomt5ky5UDH9o6860CHiBp3ucj2aThU/1crZD3XqrjpnyxeK2mtJUJQvxZAR0RP1SiOo1UObaKLjWNcYpteVe3E7TMzG8OkSnvY7eh5NE5D8cTMlMHk; Expires=Mon, 20 Sep 2021 16:03:43 GMT; Path=/[\r][\n]"
21:33:43.966 [pool-2-thread-3] DEBUG org.apache.http.wire - http-outgoing-2 << "Set-Cookie: AWSALBCORS=VM0kL60jBFomt5ky5UDH9o6860CHiBp3ucj2aThU/1crZD3XqrjpnyxeK2mtJUJQvxZAR0RP1SiOo1UObaKLjWNcYpteVe3E7TMzG8OkSnvY7eh5NE5D8cTMlMHk; Expires=Mon, 20 Sep 2021 16:03:43 GMT; Path=/; SameSite=None; Secure[\r][\n]"
21:33:43.966 [pool-2-thread-3] DEBUG org.apache.http.wire - http-outgoing-2 << "X-Content-Type-Options: nosniff[\r][\n]"
21:33:43.966 [pool-2-thread-3] DEBUG org.apache.http.wire - http-outgoing-2 << "X-XSS-Protection: 1; mode=block[\r][\n]"
21:33:43.966 [pool-2-thread-3] DEBUG org.apache.http.wire - http-outgoing-2 << "Cache-Control: no-cache, no-store, max-age=0, must-revalidate[\r][\n]"
21:33:43.966 [pool-2-thread-3] DEBUG org.apache.http.wire - http-outgoing-2 << "Pragma: no-cache[\r][\n]"
21:33:43.966 [pool-2-thread-3] DEBUG org.apache.http.wire - http-outgoing-2 << "Expires: 0[\r][\n]"
21:33:43.966 [pool-2-thread-3] DEBUG org.apache.http.wire - http-outgoing-2 << "X-Frame-Options: DENY[\r][\n]"
21:33:43.966 [pool-2-thread-3] DEBUG org.apache.http.wire - http-outgoing-2 << "[\r][\n]"
21:33:43.966 [pool-2-thread-3] DEBUG org.apache.http.wire - http-outgoing-2 << "ad[\r][\n]"
21:33:43.966 [pool-2-thread-3] DEBUG org.apache.http.wire - http-outgoing-2 << "{"timestamp":"2021-09-13T16:03:43.870+0000","status":401,"error":"Unauthorized","message":"Invalid Carrier External Id","path":"/connected-solutions/GetCarrierVehicleList/"}[\r][\n]"
21:33:43.967 [pool-2-thread-3] DEBUG org.apache.http.headers - http-outgoing-2 << HTTP/1.1 401 
21:33:43.967 [pool-2-thread-3] DEBUG org.apache.http.headers - http-outgoing-2 << Date: Mon, 13 Sep 2021 16:03:43 GMT
21:33:43.967 [pool-2-thread-3] DEBUG org.apache.http.headers - http-outgoing-2 << Content-Type: application/json;charset=UTF-8
21:33:43.967 [pool-2-thread-3] DEBUG org.apache.http.headers - http-outgoing-2 << Transfer-Encoding: chunked
21:33:43.967 [pool-2-thread-3] DEBUG org.apache.http.headers - http-outgoing-2 << Connection: keep-alive
21:33:43.967 [pool-2-thread-3] DEBUG org.apache.http.headers - http-outgoing-2 << Set-Cookie: AWSALB=VM0kL60jBFomt5ky5UDH9o6860CHiBp3ucj2aThU/1crZD3XqrjpnyxeK2mtJUJQvxZAR0RP1SiOo1UObaKLjWNcYpteVe3E7TMzG8OkSnvY7eh5NE5D8cTMlMHk; Expires=Mon, 20 Sep 2021 16:03:43 GMT; Path=/
21:33:43.967 [pool-2-thread-3] DEBUG org.apache.http.headers - http-outgoing-2 << Set-Cookie: AWSALBCORS=VM0kL60jBFomt5ky5UDH9o6860CHiBp3ucj2aThU/1crZD3XqrjpnyxeK2mtJUJQvxZAR0RP1SiOo1UObaKLjWNcYpteVe3E7TMzG8OkSnvY7eh5NE5D8cTMlMHk; Expires=Mon, 20 Sep 2021 16:03:43 GMT; Path=/; SameSite=None; Secure
21:33:43.967 [pool-2-thread-3] DEBUG org.apache.http.headers - http-outgoing-2 << X-Content-Type-Options: nosniff
21:33:43.967 [pool-2-thread-3] DEBUG org.apache.http.headers - http-outgoing-2 << X-XSS-Protection: 1; mode=block
21:33:43.967 [pool-2-thread-3] DEBUG org.apache.http.headers - http-outgoing-2 << Cache-Control: no-cache, no-store, max-age=0, must-revalidate
21:33:43.967 [pool-2-thread-3] DEBUG org.apache.http.headers - http-outgoing-2 << Pragma: no-cache
21:33:43.967 [pool-2-thread-3] DEBUG org.apache.http.headers - http-outgoing-2 << Expires: 0
21:33:43.967 [pool-2-thread-3] DEBUG org.apache.http.headers - http-outgoing-2 << X-Frame-Options: DENY
21:33:43.967 [pool-2-thread-3] DEBUG org.apache.http.impl.execchain.MainClientExec - Connection can be kept alive indefinitely
21:33:43.967 [pool-2-thread-3] DEBUG org.apache.http.impl.auth.HttpAuthenticator - Authentication required
21:33:43.967 [pool-2-thread-3] DEBUG org.apache.http.impl.auth.HttpAuthenticator - restdev1.tracking.thermoking.com:443 requested authentication
21:33:43.967 [pool-2-thread-3] DEBUG org.apache.http.impl.auth.HttpAuthenticator - Response contains no authentication challenges
21:33:43.968 [pool-2-thread-3] DEBUG org.apache.http.client.protocol.ResponseProcessCookies - Cookie accepted [AWSALB="VM0kL60jBFomt5ky5UDH9o6860CHiBp3ucj2aThU/1crZD3XqrjpnyxeK2mtJUJQvxZAR0RP1SiOo1UObaKLjWNcYpteVe3E7TMz...", version:0, domain:restdev1.tracking.thermoking.com, path:/, expiry:Mon Sep 20 21:33:43 IST 2021]
21:33:43.968 [pool-2-thread-3] DEBUG org.apache.http.client.protocol.ResponseProcessCookies - Cookie accepted [AWSALBCORS="VM0kL60jBFomt5ky5UDH9o6860CHiBp3ucj2aThU/1crZD3XqrjpnyxeK2mtJUJQvxZAR0RP1SiOo1UObaKLjWNcYpteVe3E7TMz...", version:0, domain:restdev1.tracking.thermoking.com, path:/, expiry:Mon Sep 20 21:33:43 IST 2021]
21:33:43.969 [pool-2-thread-3] DEBUG org.apache.http.wire - http-outgoing-2 << "0[\r][\n]"
21:33:43.969 [pool-2-thread-3] DEBUG org.apache.http.wire - http-outgoing-2 << "[\r][\n]"
21:33:43.969 [pool-2-thread-3] DEBUG org.apache.http.impl.conn.PoolingHttpClientConnectionManager - Connection [id: 2][route: {s}->https://restdev1.tracking.thermoking.com:443] can be kept alive indefinitely
21:33:43.969 [pool-2-thread-3] DEBUG org.apache.http.impl.conn.DefaultManagedHttpClientConnection - http-outgoing-2: set socket timeout to 0
21:33:43.969 [pool-2-thread-3] DEBUG org.apache.http.impl.conn.PoolingHttpClientConnectionManager - Connection released: [id: 2][route: {s}->https://restdev1.tracking.thermoking.com:443][total available: 1; route allocated: 1 of 5; total allocated: 1 of 10]
21:33:43.969 [pool-2-thread-3] DEBUG com.intuit.karate - response time in milliseconds: 995.33
1 < 401
1 < Cache-Control: no-cache, no-store, max-age=0, must-revalidate
1 < Connection: keep-alive
1 < Content-Type: application/json;charset=UTF-8
1 < Date: Mon, 13 Sep 2021 16:03:43 GMT
1 < Expires: 0
1 < Pragma: no-cache
1 < Set-Cookie: [AWSALB=VM0kL60jBFomt5ky5UDH9o6860CHiBp3ucj2aThU/1crZD3XqrjpnyxeK2mtJUJQvxZAR0RP1SiOo1UObaKLjWNcYpteVe3E7TMzG8OkSnvY7eh5NE5D8cTMlMHk; Expires=Mon, 20 Sep 2021 16:03:43 GMT; Path=/, AWSALBCORS=VM0kL60jBFomt5ky5UDH9o6860CHiBp3ucj2aThU/1crZD3XqrjpnyxeK2mtJUJQvxZAR0RP1SiOo1UObaKLjWNcYpteVe3E7TMzG8OkSnvY7eh5NE5D8cTMlMHk; Expires=Mon, 20 Sep 2021 16:03:43 GMT; Path=/; SameSite=None; Secure]
1 < Transfer-Encoding: chunked
1 < X-Content-Type-Options: nosniff
1 < X-Frame-Options: DENY
1 < X-XSS-Protection: 1; mode=block
{"timestamp":"2021-09-13T16:03:43.870+0000","status":401,"error":"Unauthorized","message":"Invalid Carrier External Id","path":"/connected-solutions/GetCarrierVehicleList/"}

21:33:43.970 [pool-2-thread-3] ERROR com.intuit.karate - status code was: 401, expected: 200, response time: 995, url: https://restdev1.tracking.thermoking.com/connected-solutions/GetCarrierVehicleList/?externalCarrierId=52D0B083-E9B7-47F6-9BAA-D22951DD1E50, response: {"path":"/connected-solutions/GetCarrierVehicleList/","error":"Unauthorized","message":"Invalid Carrier External Id","timestamp":"2021-09-13T16:03:43.870+0000","status":401}
21:33:43.977 [pool-2-thread-3] WARN com.intuit.karate - skipping bootstrap configuration: could not find or read file: classpath:karate-config.js
21:33:43.979 [pool-2-thread-3] DEBUG com.jayway.jsonpath.internal.path.CompiledPath - Evaluating path: $
21:33:43.980 [pool-2-thread-3] INFO com.intuit.karate - [print] eyJhbGciOiJIUzUxMiJ9.eyJpc3MiOiJDb25uZWN0ZWQgU29sdXRpb25zIiwiZXhwIjoxNjMxNzAyODY0LCJqdGkiOiI1LVVVdlFzVGtmSSJ9.Fr5QHK5TnCtpbpuOAYRCtkH_DgKqu4wrVWfsE-v8gyP3rcYCmiIrNpbIaLTsIqFUgkORgs704zjqpz3F4Z0UNg
21:33:43.980 [pool-2-thread-3] INFO com.intuit.karate - [print] eyJhbGciOiJIUzUxMiJ9.eyJpc3MiOiJDb25uZWN0ZWQgU29sdXRpb25zIiwiZXhwIjoxNjMxNzAyODY0LCJqdGkiOiI1LVVVdlFzVGtmSSJ9.Fr5QHK5TnCtpbpuOAYRCtkH_DgKqu4wrVWfsE-v8gyP3rcYCmiIrNpbIaLTsIqFUgkORgs704zjqpz3F4Z0UNg
21:33:43.986 [pool-2-thread-3] DEBUG com.jayway.jsonpath.internal.path.CompiledPath - Evaluating path: $
21:33:43.986 [pool-2-thread-3] DEBUG com.jayway.jsonpath.internal.path.CompiledPath - Evaluating path: $
21:33:43.987 [pool-2-thread-3] DEBUG com.jayway.jsonpath.internal.path.CompiledPath - Evaluating path: $
21:33:43.988 [pool-2-thread-3] DEBUG org.apache.http.client.protocol.RequestAddCookies - CookieSpec selected: karate
21:33:43.988 [pool-2-thread-3] DEBUG org.apache.http.client.protocol.RequestAuthCache - Auth cache not set in the context
21:33:43.988 [pool-2-thread-3] DEBUG com.intuit.karate - request:
1 > POST https://restdev1.tracking.thermoking.com/connected-solutions/StartTrip/?externalCarrierId=52D0B083-E9B7-47F6-9BAA-D22951DD1E50&vehicleExtId=1100295&scheduledStartTime=2021-05-19+09%3A00%3A00&scheduledDeliveryTime=2021-05-19+09%3A00%3A00&commodity=
1 > Accept-Encoding: gzip,deflate
1 > Connection: Keep-Alive
1 > Content-Length: 72
1 > Content-Type: application/json; charset=UTF-8
1 > Host: restdev1.tracking.thermoking.com
1 > User-Agent: Apache-HttpClient/4.5.11 (Java/1.8.0_121)
1 > X-External-ID: 5-UUvQsTkfI
1 > X-OAUTH2-Token: eyJhbGciOiJIUzUxMiJ9.eyJpc3MiOiJDb25uZWN0ZWQgU29sdXRpb25zIiwiZXhwIjoxNjMxNzAyODY0LCJqdGkiOiI1LVVVdlFzVGtmSSJ9.Fr5QHK5TnCtpbpuOAYRCtkH_DgKqu4wrVWfsE-v8gyP3rcYCmiIrNpbIaLTsIqFUgkORgs704zjqpz3F4Z0UNg
{"userName":"webservice.usertp01@demosystem.com","password":"Pass@1234"}

21:33:43.988 [pool-2-thread-3] DEBUG org.apache.http.impl.conn.PoolingHttpClientConnectionManager - Connection request: [route: {s}->https://restdev1.tracking.thermoking.com:443][total available: 0; route allocated: 0 of 5; total allocated: 0 of 10]
21:33:43.989 [pool-2-thread-3] DEBUG org.apache.http.impl.conn.PoolingHttpClientConnectionManager - Connection leased: [id: 3][route: {s}->https://restdev1.tracking.thermoking.com:443][total available: 0; route allocated: 1 of 5; total allocated: 1 of 10]
21:33:43.989 [pool-2-thread-3] DEBUG org.apache.http.impl.execchain.MainClientExec - Opening connection {s}->https://restdev1.tracking.thermoking.com:443
21:33:43.989 [pool-2-thread-3] DEBUG org.apache.http.impl.conn.DefaultHttpClientConnectionOperator - Connecting to restdev1.tracking.thermoking.com/34.199.242.204:443
21:33:43.989 [pool-2-thread-3] DEBUG org.apache.http.conn.ssl.LenientSslConnectionSocketFactory - Connecting socket to restdev1.tracking.thermoking.com/34.199.242.204:443 with timeout 30000
21:33:44.222 [pool-2-thread-3] DEBUG org.apache.http.conn.ssl.LenientSslConnectionSocketFactory - Enabled protocols: [TLSv1, TLSv1.1, TLSv1.2]
21:33:44.223 [pool-2-thread-3] DEBUG org.apache.http.conn.ssl.LenientSslConnectionSocketFactory - Enabled cipher suites:[TLS_ECDHE_ECDSA_WITH_AES_128_CBC_SHA256, TLS_ECDHE_RSA_WITH_AES_128_CBC_SHA256, TLS_RSA_WITH_AES_128_CBC_SHA256, TLS_ECDH_ECDSA_WITH_AES_128_CBC_SHA256, TLS_ECDH_RSA_WITH_AES_128_CBC_SHA256, TLS_DHE_RSA_WITH_AES_128_CBC_SHA256, TLS_DHE_DSS_WITH_AES_128_CBC_SHA256, TLS_ECDHE_ECDSA_WITH_AES_128_CBC_SHA, TLS_ECDHE_RSA_WITH_AES_128_CBC_SHA, TLS_RSA_WITH_AES_128_CBC_SHA, TLS_ECDH_ECDSA_WITH_AES_128_CBC_SHA, TLS_ECDH_RSA_WITH_AES_128_CBC_SHA, TLS_DHE_RSA_WITH_AES_128_CBC_SHA, TLS_DHE_DSS_WITH_AES_128_CBC_SHA, TLS_ECDHE_ECDSA_WITH_AES_128_GCM_SHA256, TLS_ECDHE_RSA_WITH_AES_128_GCM_SHA256, TLS_RSA_WITH_AES_128_GCM_SHA256, TLS_ECDH_ECDSA_WITH_AES_128_GCM_SHA256, TLS_ECDH_RSA_WITH_AES_128_GCM_SHA256, TLS_DHE_RSA_WITH_AES_128_GCM_SHA256, TLS_DHE_DSS_WITH_AES_128_GCM_SHA256, TLS_EMPTY_RENEGOTIATION_INFO_SCSV]
21:33:44.223 [pool-2-thread-3] DEBUG org.apache.http.conn.ssl.LenientSslConnectionSocketFactory - Starting handshake
21:33:44.725 [pool-2-thread-3] DEBUG org.apache.http.conn.ssl.LenientSslConnectionSocketFactory - Secure session established
21:33:44.725 [pool-2-thread-3] DEBUG org.apache.http.conn.ssl.LenientSslConnectionSocketFactory -  negotiated protocol: TLSv1.2
21:33:44.725 [pool-2-thread-3] DEBUG org.apache.http.conn.ssl.LenientSslConnectionSocketFactory -  negotiated cipher suite: TLS_ECDHE_RSA_WITH_AES_128_GCM_SHA256
21:33:44.725 [pool-2-thread-3] DEBUG org.apache.http.conn.ssl.LenientSslConnectionSocketFactory -  peer principal: CN=*.tracking.thermoking.com
21:33:44.726 [pool-2-thread-3] DEBUG org.apache.http.conn.ssl.LenientSslConnectionSocketFactory -  peer alternative names: [*.tracking.thermoking.com]
21:33:44.726 [pool-2-thread-3] DEBUG org.apache.http.conn.ssl.LenientSslConnectionSocketFactory -  issuer principal: CN=Amazon, OU=Server CA 1B, O=Amazon, C=US
21:33:44.726 [pool-2-thread-3] DEBUG org.apache.http.impl.conn.DefaultHttpClientConnectionOperator - Connection established 192.168.0.187:55923<->34.199.242.204:443
21:33:44.726 [pool-2-thread-3] DEBUG org.apache.http.impl.conn.DefaultManagedHttpClientConnection - http-outgoing-3: set socket timeout to 30000
21:33:44.726 [pool-2-thread-3] DEBUG org.apache.http.impl.execchain.MainClientExec - Executing request POST /connected-solutions/StartTrip/?externalCarrierId=52D0B083-E9B7-47F6-9BAA-D22951DD1E50&vehicleExtId=1100295&scheduledStartTime=2021-05-19+09%3A00%3A00&scheduledDeliveryTime=2021-05-19+09%3A00%3A00&commodity= HTTP/1.1
21:33:44.726 [pool-2-thread-3] DEBUG org.apache.http.impl.execchain.MainClientExec - Target auth state: UNCHALLENGED
21:33:44.726 [pool-2-thread-3] DEBUG org.apache.http.impl.execchain.MainClientExec - Proxy auth state: UNCHALLENGED
21:33:44.726 [pool-2-thread-3] DEBUG org.apache.http.headers - http-outgoing-3 >> POST /connected-solutions/StartTrip/?externalCarrierId=52D0B083-E9B7-47F6-9BAA-D22951DD1E50&vehicleExtId=1100295&scheduledStartTime=2021-05-19+09%3A00%3A00&scheduledDeliveryTime=2021-05-19+09%3A00%3A00&commodity= HTTP/1.1
21:33:44.726 [pool-2-thread-3] DEBUG org.apache.http.headers - http-outgoing-3 >> X-OAUTH2-Token: eyJhbGciOiJIUzUxMiJ9.eyJpc3MiOiJDb25uZWN0ZWQgU29sdXRpb25zIiwiZXhwIjoxNjMxNzAyODY0LCJqdGkiOiI1LVVVdlFzVGtmSSJ9.Fr5QHK5TnCtpbpuOAYRCtkH_DgKqu4wrVWfsE-v8gyP3rcYCmiIrNpbIaLTsIqFUgkORgs704zjqpz3F4Z0UNg
21:33:44.726 [pool-2-thread-3] DEBUG org.apache.http.headers - http-outgoing-3 >> X-External-ID: 5-UUvQsTkfI
21:33:44.726 [pool-2-thread-3] DEBUG org.apache.http.headers - http-outgoing-3 >> Content-Type: application/json; charset=UTF-8
21:33:44.726 [pool-2-thread-3] DEBUG org.apache.http.headers - http-outgoing-3 >> Content-Length: 72
21:33:44.726 [pool-2-thread-3] DEBUG org.apache.http.headers - http-outgoing-3 >> Host: restdev1.tracking.thermoking.com
21:33:44.726 [pool-2-thread-3] DEBUG org.apache.http.headers - http-outgoing-3 >> Connection: Keep-Alive
21:33:44.726 [pool-2-thread-3] DEBUG org.apache.http.headers - http-outgoing-3 >> User-Agent: Apache-HttpClient/4.5.11 (Java/1.8.0_121)
21:33:44.726 [pool-2-thread-3] DEBUG org.apache.http.headers - http-outgoing-3 >> Accept-Encoding: gzip,deflate
21:33:44.726 [pool-2-thread-3] DEBUG org.apache.http.wire - http-outgoing-3 >> "POST /connected-solutions/StartTrip/?externalCarrierId=52D0B083-E9B7-47F6-9BAA-D22951DD1E50&vehicleExtId=1100295&scheduledStartTime=2021-05-19+09%3A00%3A00&scheduledDeliveryTime=2021-05-19+09%3A00%3A00&commodity= HTTP/1.1[\r][\n]"
21:33:44.726 [pool-2-thread-3] DEBUG org.apache.http.wire - http-outgoing-3 >> "X-OAUTH2-Token: eyJhbGciOiJIUzUxMiJ9.eyJpc3MiOiJDb25uZWN0ZWQgU29sdXRpb25zIiwiZXhwIjoxNjMxNzAyODY0LCJqdGkiOiI1LVVVdlFzVGtmSSJ9.Fr5QHK5TnCtpbpuOAYRCtkH_DgKqu4wrVWfsE-v8gyP3rcYCmiIrNpbIaLTsIqFUgkORgs704zjqpz3F4Z0UNg[\r][\n]"
21:33:44.726 [pool-2-thread-3] DEBUG org.apache.http.wire - http-outgoing-3 >> "X-External-ID: 5-UUvQsTkfI[\r][\n]"
21:33:44.726 [pool-2-thread-3] DEBUG org.apache.http.wire - http-outgoing-3 >> "Content-Type: application/json; charset=UTF-8[\r][\n]"
21:33:44.726 [pool-2-thread-3] DEBUG org.apache.http.wire - http-outgoing-3 >> "Content-Length: 72[\r][\n]"
21:33:44.726 [pool-2-thread-3] DEBUG org.apache.http.wire - http-outgoing-3 >> "Host: restdev1.tracking.thermoking.com[\r][\n]"
21:33:44.726 [pool-2-thread-3] DEBUG org.apache.http.wire - http-outgoing-3 >> "Connection: Keep-Alive[\r][\n]"
21:33:44.726 [pool-2-thread-3] DEBUG org.apache.http.wire - http-outgoing-3 >> "User-Agent: Apache-HttpClient/4.5.11 (Java/1.8.0_121)[\r][\n]"
21:33:44.726 [pool-2-thread-3] DEBUG org.apache.http.wire - http-outgoing-3 >> "Accept-Encoding: gzip,deflate[\r][\n]"
21:33:44.727 [pool-2-thread-3] DEBUG org.apache.http.wire - http-outgoing-3 >> "[\r][\n]"
21:33:44.727 [pool-2-thread-3] DEBUG org.apache.http.wire - http-outgoing-3 >> "{"userName":"webservice.usertp01@demosystem.com","password":"Pass@1234"}"
21:33:45.027 [pool-2-thread-3] DEBUG org.apache.http.wire - http-outgoing-3 << "HTTP/1.1 401 [\r][\n]"
21:33:45.027 [pool-2-thread-3] DEBUG org.apache.http.wire - http-outgoing-3 << "Date: Mon, 13 Sep 2021 16:03:44 GMT[\r][\n]"
21:33:45.027 [pool-2-thread-3] DEBUG org.apache.http.wire - http-outgoing-3 << "Content-Type: application/json;charset=UTF-8[\r][\n]"
21:33:45.027 [pool-2-thread-3] DEBUG org.apache.http.wire - http-outgoing-3 << "Transfer-Encoding: chunked[\r][\n]"
21:33:45.027 [pool-2-thread-3] DEBUG org.apache.http.wire - http-outgoing-3 << "Connection: keep-alive[\r][\n]"
21:33:45.027 [pool-2-thread-3] DEBUG org.apache.http.wire - http-outgoing-3 << "Set-Cookie: AWSALB=NY3wqO6VM4IjeWRevS0MFERtvaJICcP2TCzMi7k2snG1KayiOQwvqmVvSxCpQOP1JMZ/XGZP13k203pg+oZk74hjoOLOuEG+38GdCoJ/PlsP7xGx2/gwO5Qfvvs+; Expires=Mon, 20 Sep 2021 16:03:44 GMT; Path=/[\r][\n]"
21:33:45.028 [pool-2-thread-3] DEBUG org.apache.http.wire - http-outgoing-3 << "Set-Cookie: AWSALBCORS=NY3wqO6VM4IjeWRevS0MFERtvaJICcP2TCzMi7k2snG1KayiOQwvqmVvSxCpQOP1JMZ/XGZP13k203pg+oZk74hjoOLOuEG+38GdCoJ/PlsP7xGx2/gwO5Qfvvs+; Expires=Mon, 20 Sep 2021 16:03:44 GMT; Path=/; SameSite=None; Secure[\r][\n]"
21:33:45.028 [pool-2-thread-3] DEBUG org.apache.http.wire - http-outgoing-3 << "X-Content-Type-Options: nosniff[\r][\n]"
21:33:45.028 [pool-2-thread-3] DEBUG org.apache.http.wire - http-outgoing-3 << "X-XSS-Protection: 1; mode=block[\r][\n]"
21:33:45.028 [pool-2-thread-3] DEBUG org.apache.http.wire - http-outgoing-3 << "Cache-Control: no-cache, no-store, max-age=0, must-revalidate[\r][\n]"
21:33:45.028 [pool-2-thread-3] DEBUG org.apache.http.wire - http-outgoing-3 << "Pragma: no-cache[\r][\n]"
21:33:45.028 [pool-2-thread-3] DEBUG org.apache.http.wire - http-outgoing-3 << "Expires: 0[\r][\n]"
21:33:45.028 [pool-2-thread-3] DEBUG org.apache.http.wire - http-outgoing-3 << "X-Frame-Options: DENY[\r][\n]"
21:33:45.028 [pool-2-thread-3] DEBUG org.apache.http.wire - http-outgoing-3 << "[\r][\n]"
21:33:45.028 [pool-2-thread-3] DEBUG org.apache.http.wire - http-outgoing-3 << "a1[\r][\n]"
21:33:45.028 [pool-2-thread-3] DEBUG org.apache.http.wire - http-outgoing-3 << "{"timestamp":"2021-09-13T16:03:44.897+0000","status":401,"error":"Unauthorized","message":"Invalid Carrier External Id","path":"/connected-solutions/StartTrip/"}[\r][\n]"
21:33:45.029 [pool-2-thread-3] DEBUG org.apache.http.headers - http-outgoing-3 << HTTP/1.1 401 
21:33:45.029 [pool-2-thread-3] DEBUG org.apache.http.headers - http-outgoing-3 << Date: Mon, 13 Sep 2021 16:03:44 GMT
21:33:45.029 [pool-2-thread-3] DEBUG org.apache.http.headers - http-outgoing-3 << Content-Type: application/json;charset=UTF-8
21:33:45.029 [pool-2-thread-3] DEBUG org.apache.http.headers - http-outgoing-3 << Transfer-Encoding: chunked
21:33:45.029 [pool-2-thread-3] DEBUG org.apache.http.headers - http-outgoing-3 << Connection: keep-alive
21:33:45.029 [pool-2-thread-3] DEBUG org.apache.http.headers - http-outgoing-3 << Set-Cookie: AWSALB=NY3wqO6VM4IjeWRevS0MFERtvaJICcP2TCzMi7k2snG1KayiOQwvqmVvSxCpQOP1JMZ/XGZP13k203pg+oZk74hjoOLOuEG+38GdCoJ/PlsP7xGx2/gwO5Qfvvs+; Expires=Mon, 20 Sep 2021 16:03:44 GMT; Path=/
21:33:45.029 [pool-2-thread-3] DEBUG org.apache.http.headers - http-outgoing-3 << Set-Cookie: AWSALBCORS=NY3wqO6VM4IjeWRevS0MFERtvaJICcP2TCzMi7k2snG1KayiOQwvqmVvSxCpQOP1JMZ/XGZP13k203pg+oZk74hjoOLOuEG+38GdCoJ/PlsP7xGx2/gwO5Qfvvs+; Expires=Mon, 20 Sep 2021 16:03:44 GMT; Path=/; SameSite=None; Secure
21:33:45.029 [pool-2-thread-3] DEBUG org.apache.http.headers - http-outgoing-3 << X-Content-Type-Options: nosniff
21:33:45.029 [pool-2-thread-3] DEBUG org.apache.http.headers - http-outgoing-3 << X-XSS-Protection: 1; mode=block
21:33:45.029 [pool-2-thread-3] DEBUG org.apache.http.headers - http-outgoing-3 << Cache-Control: no-cache, no-store, max-age=0, must-revalidate
21:33:45.029 [pool-2-thread-3] DEBUG org.apache.http.headers - http-outgoing-3 << Pragma: no-cache
21:33:45.029 [pool-2-thread-3] DEBUG org.apache.http.headers - http-outgoing-3 << Expires: 0
21:33:45.029 [pool-2-thread-3] DEBUG org.apache.http.headers - http-outgoing-3 << X-Frame-Options: DENY
21:33:45.029 [pool-2-thread-3] DEBUG org.apache.http.impl.execchain.MainClientExec - Connection can be kept alive indefinitely
21:33:45.029 [pool-2-thread-3] DEBUG org.apache.http.impl.auth.HttpAuthenticator - Authentication required
21:33:45.029 [pool-2-thread-3] DEBUG org.apache.http.impl.auth.HttpAuthenticator - restdev1.tracking.thermoking.com:443 requested authentication
21:33:45.029 [pool-2-thread-3] DEBUG org.apache.http.impl.auth.HttpAuthenticator - Response contains no authentication challenges
21:33:45.030 [pool-2-thread-3] DEBUG org.apache.http.client.protocol.ResponseProcessCookies - Cookie accepted [AWSALB="NY3wqO6VM4IjeWRevS0MFERtvaJICcP2TCzMi7k2snG1KayiOQwvqmVvSxCpQOP1JMZ/XGZP13k203pg+oZk74hjoOLOuEG+38Gd...", version:0, domain:restdev1.tracking.thermoking.com, path:/, expiry:Mon Sep 20 21:33:44 IST 2021]
21:33:45.030 [pool-2-thread-3] DEBUG org.apache.http.client.protocol.ResponseProcessCookies - Cookie accepted [AWSALBCORS="NY3wqO6VM4IjeWRevS0MFERtvaJICcP2TCzMi7k2snG1KayiOQwvqmVvSxCpQOP1JMZ/XGZP13k203pg+oZk74hjoOLOuEG+38Gd...", version:0, domain:restdev1.tracking.thermoking.com, path:/, expiry:Mon Sep 20 21:33:44 IST 2021]
21:33:45.030 [pool-2-thread-3] DEBUG org.apache.http.wire - http-outgoing-3 << "0[\r][\n]"
21:33:45.030 [pool-2-thread-3] DEBUG org.apache.http.wire - http-outgoing-3 << "[\r][\n]"
21:33:45.030 [pool-2-thread-3] DEBUG org.apache.http.impl.conn.PoolingHttpClientConnectionManager - Connection [id: 3][route: {s}->https://restdev1.tracking.thermoking.com:443] can be kept alive indefinitely
21:33:45.030 [pool-2-thread-3] DEBUG org.apache.http.impl.conn.DefaultManagedHttpClientConnection - http-outgoing-3: set socket timeout to 0
21:33:45.030 [pool-2-thread-3] DEBUG org.apache.http.impl.conn.PoolingHttpClientConnectionManager - Connection released: [id: 3][route: {s}->https://restdev1.tracking.thermoking.com:443][total available: 1; route allocated: 1 of 5; total allocated: 1 of 10]
21:33:45.030 [pool-2-thread-3] DEBUG com.intuit.karate - response time in milliseconds: 1041.50
1 < 401
1 < Cache-Control: no-cache, no-store, max-age=0, must-revalidate
1 < Connection: keep-alive
1 < Content-Type: application/json;charset=UTF-8
1 < Date: Mon, 13 Sep 2021 16:03:44 GMT
1 < Expires: 0
1 < Pragma: no-cache
1 < Set-Cookie: [AWSALB=NY3wqO6VM4IjeWRevS0MFERtvaJICcP2TCzMi7k2snG1KayiOQwvqmVvSxCpQOP1JMZ/XGZP13k203pg+oZk74hjoOLOuEG+38GdCoJ/PlsP7xGx2/gwO5Qfvvs+; Expires=Mon, 20 Sep 2021 16:03:44 GMT; Path=/, AWSALBCORS=NY3wqO6VM4IjeWRevS0MFERtvaJICcP2TCzMi7k2snG1KayiOQwvqmVvSxCpQOP1JMZ/XGZP13k203pg+oZk74hjoOLOuEG+38GdCoJ/PlsP7xGx2/gwO5Qfvvs+; Expires=Mon, 20 Sep 2021 16:03:44 GMT; Path=/; SameSite=None; Secure]
1 < Transfer-Encoding: chunked
1 < X-Content-Type-Options: nosniff
1 < X-Frame-Options: DENY
1 < X-XSS-Protection: 1; mode=block
{"timestamp":"2021-09-13T16:03:44.897+0000","status":401,"error":"Unauthorized","message":"Invalid Carrier External Id","path":"/connected-solutions/StartTrip/"}

21:33:45.031 [pool-2-thread-3] ERROR com.intuit.karate - status code was: 401, expected: 200, response time: 1041, url: https://restdev1.tracking.thermoking.com/connected-solutions/StartTrip/?externalCarrierId=52D0B083-E9B7-47F6-9BAA-D22951DD1E50&vehicleExtId=1100295&scheduledStartTime=2021-05-19+09%3A00%3A00&scheduledDeliveryTime=2021-05-19+09%3A00%3A00&commodity=, response: {"path":"/connected-solutions/StartTrip/","error":"Unauthorized","message":"Invalid Carrier External Id","timestamp":"2021-09-13T16:03:44.897+0000","status":401}
21:33:45.037 [pool-2-thread-3] INFO com.intuit.karate.Runner - <<fail>> feature 3 of 8: classpath:resources/DetailsPost.feature
---------------------------------------------------------
feature: classpath:resources/DetailsPost.feature
report: target\surefire-reports\resources.DetailsPost.json
scenarios:  3 | passed:  1 | failed:  2 | time: 4.2678
---------------------------------------------------------
Karate version: 0.9.5
======================================================
elapsed:   4.93 | threads:    5 | thread time: 6.47 
features:     2 | ignored:    5 | efficiency: 0.26
scenarios:    4 | passed:     1 | failed: 3
======================================================
failed features:
resources.DetailsPost: DetailsPost.feature:44 - status code was: 401, expected: 200, response time: 995, url: https://restdev1.tracking.thermoking.com/connected-solutions/GetCarrierVehicleList/?externalCarrierId=52D0B083-E9B7-47F6-9BAA-D22951DD1E50, response: {"path":"/connected-solutions/GetCarrierVehicleList/","error":"Unauthorized","message":"Invalid Carrier External Id","timestamp":"2021-09-13T16:03:43.870+0000","status":401}
DetailsPost.feature:62 - status code was: 401, expected: 200, response time: 1041, url: https://restdev1.tracking.thermoking.com/connected-solutions/StartTrip/?externalCarrierId=52D0B083-E9B7-47F6-9BAA-D22951DD1E50&vehicleExtId=1100295&scheduledStartTime=2021-05-19+09%3A00%3A00&scheduledDeliveryTime=2021-05-19+09%3A00%3A00&commodity=, response: {"path":"/connected-solutions/StartTrip/","error":"Unauthorized","message":"Invalid Carrier External Id","timestamp":"2021-09-13T16:03:44.897+0000","status":401}
resources.TwoWAyCommands: -unknown-:40 - 
TokenTwoWay.feature:21 - status code was: 429, expected: 200, response time: 1050, url: https://restdev1.tracking.thermoking.com/connected-solutions/obtainToken/, response: {"path":"/connected-solutions/obtainToken/","error":"Too Many Requests","message":"This client has been exceeded the allowance of requests for this API","timestamp":"2021-09-13T16:03:42.842+0000","status":429}

21:33:45.286 [Finalizer] DEBUG org.apache.http.impl.conn.PoolingHttpClientConnectionManager - Connection manager is shutting down
21:33:45.287 [Finalizer] DEBUG org.apache.http.impl.conn.DefaultManagedHttpClientConnection - http-outgoing-1: Close connection
21:33:45.288 [Finalizer] DEBUG org.apache.http.impl.conn.PoolingHttpClientConnectionManager - Connection manager shut down
21:33:45.309 [Finalizer] DEBUG org.apache.http.impl.conn.PoolingHttpClientConnectionManager - Connection manager is shutting down
21:33:45.309 [Finalizer] DEBUG org.apache.http.impl.conn.DefaultManagedHttpClientConnection - http-outgoing-2: Close connection
21:33:45.311 [Finalizer] DEBUG org.apache.http.impl.conn.PoolingHttpClientConnectionManager - Connection manager shut down
21:33:45.311 [Finalizer] DEBUG org.apache.http.impl.conn.PoolingHttpClientConnectionManager - Connection manager is shutting down
21:33:45.311 [Finalizer] DEBUG org.apache.http.impl.conn.DefaultManagedHttpClientConnection - http-outgoing-3: Close connection
21:33:45.312 [Finalizer] DEBUG org.apache.http.impl.conn.PoolingHttpClientConnectionManager - Connection manager shut down
21:33:45.313 [Finalizer] DEBUG org.apache.http.impl.conn.PoolingHttpClientConnectionManager - Connection manager is shutting down
21:33:45.313 [Finalizer] DEBUG org.apache.http.impl.conn.DefaultManagedHttpClientConnection - http-outgoing-0: Close connection
21:33:45.314 [Finalizer] DEBUG org.apache.http.impl.conn.PoolingHttpClientConnectionManager - Connection manager shut down
21:33:45.678 [main] DEBUG org.apache.velocity - CommonsLogLogChute name is 'org.apache.velocity'
21:33:45.678 [main] DEBUG org.apache.velocity - Initializing Velocity, Calling init()...
21:33:45.678 [main] DEBUG org.apache.velocity - Starting Apache Velocity v1.7 (compiled: 2010-11-19 12:14:37)
21:33:45.678 [main] DEBUG org.apache.velocity - Default Properties File: org\apache\velocity\runtime\defaults\velocity.properties
21:33:45.678 [main] DEBUG org.apache.velocity - Trying to use logger class org.apache.velocity.runtime.log.AvalonLogChute
21:33:45.678 [main] DEBUG org.apache.velocity - Target log system for org.apache.velocity.runtime.log.AvalonLogChute is not available (java.lang.NoClassDefFoundError: org/apache/log/format/Formatter).  Falling back to next log system...
21:33:45.678 [main] DEBUG org.apache.velocity - Trying to use logger class org.apache.velocity.runtime.log.Log4JLogChute
21:33:45.678 [main] DEBUG org.apache.velocity - Target log system for org.apache.velocity.runtime.log.Log4JLogChute is not available (java.lang.NoClassDefFoundError: org/apache/log4j/Layout).  Falling back to next log system...
21:33:45.678 [main] DEBUG org.apache.velocity - Trying to use logger class org.apache.velocity.runtime.log.CommonsLogLogChute
21:33:45.678 [main] DEBUG org.apache.velocity - Using logger class org.apache.velocity.runtime.log.CommonsLogLogChute
21:33:45.680 [main] DEBUG org.apache.velocity - ResourceLoader instantiated: org.apache.velocity.runtime.resource.loader.ClasspathResourceLoader
21:33:45.685 [main] DEBUG org.apache.velocity - ResourceCache: initialized (class org.apache.velocity.runtime.resource.ResourceCacheImpl) with class java.util.Collections$SynchronizedMap cache map.
21:33:45.685 [main] DEBUG org.apache.velocity - Loaded System Directive: org.apache.velocity.runtime.directive.Stop
21:33:45.686 [main] DEBUG org.apache.velocity - Loaded System Directive: org.apache.velocity.runtime.directive.Define
21:33:45.686 [main] DEBUG org.apache.velocity - Loaded System Directive: org.apache.velocity.runtime.directive.Break
21:33:45.687 [main] DEBUG org.apache.velocity - Loaded System Directive: org.apache.velocity.runtime.directive.Evaluate
21:33:45.687 [main] DEBUG org.apache.velocity - Loaded System Directive: org.apache.velocity.runtime.directive.Literal
21:33:45.688 [main] DEBUG org.apache.velocity - Loaded System Directive: org.apache.velocity.runtime.directive.Macro
21:33:45.689 [main] DEBUG org.apache.velocity - Loaded System Directive: org.apache.velocity.runtime.directive.Parse
21:33:45.689 [main] DEBUG org.apache.velocity - Loaded System Directive: org.apache.velocity.runtime.directive.Include
21:33:45.690 [main] DEBUG org.apache.velocity - Loaded System Directive: org.apache.velocity.runtime.directive.Foreach
21:33:45.708 [main] DEBUG org.apache.velocity - Created '20' parsers.
21:33:45.711 [main] DEBUG org.apache.velocity - Velocimacro : "velocimacro.library" is not set.  Trying default library: VM_global_library.vm
21:33:45.711 [main] DEBUG org.apache.velocity - Could not load resource 'VM_global_library.vm' from ResourceLoader org.apache.velocity.runtime.resource.loader.ClasspathResourceLoader: ClasspathResourceLoader Error: cannot find resource VM_global_library.vm
21:33:45.711 [main] DEBUG org.apache.velocity - Velocimacro : Default library not found.
21:33:45.711 [main] DEBUG org.apache.velocity - Velocimacro : allowInline = true : VMs can be defined inline in templates
21:33:45.711 [main] DEBUG org.apache.velocity - Velocimacro : allowInlineToOverride = false : VMs defined inline may NOT replace previous VM definitions
21:33:45.711 [main] DEBUG org.apache.velocity - Velocimacro : allowInlineLocal = false : VMs defined inline will be global in scope if allowed.
21:33:45.711 [main] DEBUG org.apache.velocity - Velocimacro : autoload off : VM system will not automatically reload global library macros
21:33:45.763 [main] DEBUG org.apache.velocity - CommonsLogLogChute name is 'org.apache.velocity'
21:33:45.763 [main] DEBUG org.apache.velocity - Initializing Velocity, Calling init()...
21:33:45.763 [main] DEBUG org.apache.velocity - Starting Apache Velocity v1.7 (compiled: 2010-11-19 12:14:37)
21:33:45.763 [main] DEBUG org.apache.velocity - Default Properties File: org\apache\velocity\runtime\defaults\velocity.properties
21:33:45.763 [main] DEBUG org.apache.velocity - Trying to use logger class org.apache.velocity.runtime.log.AvalonLogChute
21:33:45.763 [main] DEBUG org.apache.velocity - Target log system for org.apache.velocity.runtime.log.AvalonLogChute is not available (java.lang.NoClassDefFoundError: org/apache/log/format/Formatter).  Falling back to next log system...
21:33:45.763 [main] DEBUG org.apache.velocity - Trying to use logger class org.apache.velocity.runtime.log.Log4JLogChute
21:33:45.763 [main] DEBUG org.apache.velocity - Target log system for org.apache.velocity.runtime.log.Log4JLogChute is not available (java.lang.NoClassDefFoundError: org/apache/log4j/Layout).  Falling back to next log system...
21:33:45.763 [main] DEBUG org.apache.velocity - Trying to use logger class org.apache.velocity.runtime.log.CommonsLogLogChute
21:33:45.763 [main] DEBUG org.apache.velocity - Using logger class org.apache.velocity.runtime.log.CommonsLogLogChute
21:33:45.763 [main] DEBUG org.apache.velocity - ResourceLoader instantiated: org.apache.velocity.runtime.resource.loader.ClasspathResourceLoader
21:33:45.763 [main] DEBUG org.apache.velocity - ResourceCache: initialized (class org.apache.velocity.runtime.resource.ResourceCacheImpl) with class java.util.Collections$SynchronizedMap cache map.
21:33:45.764 [main] DEBUG org.apache.velocity - Loaded System Directive: org.apache.velocity.runtime.directive.Stop
21:33:45.764 [main] DEBUG org.apache.velocity - Loaded System Directive: org.apache.velocity.runtime.directive.Define
21:33:45.764 [main] DEBUG org.apache.velocity - Loaded System Directive: org.apache.velocity.runtime.directive.Break
21:33:45.764 [main] DEBUG org.apache.velocity - Loaded System Directive: org.apache.velocity.runtime.directive.Evaluate
21:33:45.764 [main] DEBUG org.apache.velocity - Loaded System Directive: org.apache.velocity.runtime.directive.Literal
21:33:45.764 [main] DEBUG org.apache.velocity - Loaded System Directive: org.apache.velocity.runtime.directive.Macro
21:33:45.764 [main] DEBUG org.apache.velocity - Loaded System Directive: org.apache.velocity.runtime.directive.Parse
21:33:45.764 [main] DEBUG org.apache.velocity - Loaded System Directive: org.apache.velocity.runtime.directive.Include
21:33:45.764 [main] DEBUG org.apache.velocity - Loaded System Directive: org.apache.velocity.runtime.directive.Foreach
21:33:45.765 [main] DEBUG org.apache.velocity - Created '20' parsers.
21:33:45.765 [main] DEBUG org.apache.velocity - Velocimacro : "velocimacro.library" is not set.  Trying default library: VM_global_library.vm
21:33:45.766 [main] DEBUG org.apache.velocity - Could not load resource 'VM_global_library.vm' from ResourceLoader org.apache.velocity.runtime.resource.loader.ClasspathResourceLoader: ClasspathResourceLoader Error: cannot find resource VM_global_library.vm
21:33:45.766 [main] DEBUG org.apache.velocity - Velocimacro : Default library not found.
21:33:45.766 [main] DEBUG org.apache.velocity - Velocimacro : allowInline = true : VMs can be defined inline in templates
21:33:45.766 [main] DEBUG org.apache.velocity - Velocimacro : allowInlineToOverride = false : VMs defined inline may NOT replace previous VM definitions
21:33:45.766 [main] DEBUG org.apache.velocity - Velocimacro : allowInlineLocal = false : VMs defined inline will be global in scope if allowed.
21:33:45.766 [main] DEBUG org.apache.velocity - Velocimacro : autoload off : VM system will not automatically reload global library macros
21:33:45.769 [main] DEBUG org.apache.velocity - CommonsLogLogChute name is 'org.apache.velocity'
21:33:45.769 [main] DEBUG org.apache.velocity - Initializing Velocity, Calling init()...
21:33:45.769 [main] DEBUG org.apache.velocity - Starting Apache Velocity v1.7 (compiled: 2010-11-19 12:14:37)
21:33:45.769 [main] DEBUG org.apache.velocity - Default Properties File: org\apache\velocity\runtime\defaults\velocity.properties
21:33:45.769 [main] DEBUG org.apache.velocity - Trying to use logger class org.apache.velocity.runtime.log.AvalonLogChute
21:33:45.769 [main] DEBUG org.apache.velocity - Target log system for org.apache.velocity.runtime.log.AvalonLogChute is not available (java.lang.NoClassDefFoundError: org/apache/log/format/Formatter).  Falling back to next log system...
21:33:45.769 [main] DEBUG org.apache.velocity - Trying to use logger class org.apache.velocity.runtime.log.Log4JLogChute
21:33:45.769 [main] DEBUG org.apache.velocity - Target log system for org.apache.velocity.runtime.log.Log4JLogChute is not available (java.lang.NoClassDefFoundError: org/apache/log4j/Layout).  Falling back to next log system...
21:33:45.769 [main] DEBUG org.apache.velocity - Trying to use logger class org.apache.velocity.runtime.log.CommonsLogLogChute
21:33:45.769 [main] DEBUG org.apache.velocity - Using logger class org.apache.velocity.runtime.log.CommonsLogLogChute
21:33:45.770 [main] DEBUG org.apache.velocity - ResourceLoader instantiated: org.apache.velocity.runtime.resource.loader.ClasspathResourceLoader
21:33:45.770 [main] DEBUG org.apache.velocity - ResourceCache: initialized (class org.apache.velocity.runtime.resource.ResourceCacheImpl) with class java.util.Collections$SynchronizedMap cache map.
21:33:45.772 [main] DEBUG org.apache.velocity - Loaded System Directive: org.apache.velocity.runtime.directive.Stop
21:33:45.772 [main] DEBUG org.apache.velocity - Loaded System Directive: org.apache.velocity.runtime.directive.Define
21:33:45.772 [main] DEBUG org.apache.velocity - Loaded System Directive: org.apache.velocity.runtime.directive.Break
21:33:45.772 [main] DEBUG org.apache.velocity - Loaded System Directive: org.apache.velocity.runtime.directive.Evaluate
21:33:45.773 [main] DEBUG org.apache.velocity - Loaded System Directive: org.apache.velocity.runtime.directive.Literal
21:33:45.773 [main] DEBUG org.apache.velocity - Loaded System Directive: org.apache.velocity.runtime.directive.Macro
21:33:45.773 [main] DEBUG org.apache.velocity - Loaded System Directive: org.apache.velocity.runtime.directive.Parse
21:33:45.773 [main] DEBUG org.apache.velocity - Loaded System Directive: org.apache.velocity.runtime.directive.Include
21:33:45.773 [main] DEBUG org.apache.velocity - Loaded System Directive: org.apache.velocity.runtime.directive.Foreach
21:33:45.775 [main] DEBUG org.apache.velocity - Created '20' parsers.
21:33:45.775 [main] DEBUG org.apache.velocity - Velocimacro : "velocimacro.library" is not set.  Trying default library: VM_global_library.vm
21:33:45.775 [main] DEBUG org.apache.velocity - Could not load resource 'VM_global_library.vm' from ResourceLoader org.apache.velocity.runtime.resource.loader.ClasspathResourceLoader: ClasspathResourceLoader Error: cannot find resource VM_global_library.vm
21:33:45.775 [main] DEBUG org.apache.velocity - Velocimacro : Default library not found.
21:33:45.775 [main] DEBUG org.apache.velocity - Velocimacro : allowInline = true : VMs can be defined inline in templates
21:33:45.775 [main] DEBUG org.apache.velocity - Velocimacro : allowInlineToOverride = false : VMs defined inline may NOT replace previous VM definitions
21:33:45.775 [main] DEBUG org.apache.velocity - Velocimacro : allowInlineLocal = false : VMs defined inline will be global in scope if allowed.
21:33:45.775 [main] DEBUG org.apache.velocity - Velocimacro : autoload off : VM system will not automatically reload global library macros
21:33:45.778 [main] DEBUG org.apache.velocity - CommonsLogLogChute name is 'org.apache.velocity'
21:33:45.778 [main] DEBUG org.apache.velocity - Initializing Velocity, Calling init()...
21:33:45.779 [main] DEBUG org.apache.velocity - Starting Apache Velocity v1.7 (compiled: 2010-11-19 12:14:37)
21:33:45.779 [main] DEBUG org.apache.velocity - Default Properties File: org\apache\velocity\runtime\defaults\velocity.properties
21:33:45.779 [main] DEBUG org.apache.velocity - Trying to use logger class org.apache.velocity.runtime.log.AvalonLogChute
21:33:45.779 [main] DEBUG org.apache.velocity - Target log system for org.apache.velocity.runtime.log.AvalonLogChute is not available (java.lang.NoClassDefFoundError: org/apache/log/format/Formatter).  Falling back to next log system...
21:33:45.779 [main] DEBUG org.apache.velocity - Trying to use logger class org.apache.velocity.runtime.log.Log4JLogChute
21:33:45.779 [main] DEBUG org.apache.velocity - Target log system for org.apache.velocity.runtime.log.Log4JLogChute is not available (java.lang.NoClassDefFoundError: org/apache/log4j/Layout).  Falling back to next log system...
21:33:45.779 [main] DEBUG org.apache.velocity - Trying to use logger class org.apache.velocity.runtime.log.CommonsLogLogChute
21:33:45.779 [main] DEBUG org.apache.velocity - Using logger class org.apache.velocity.runtime.log.CommonsLogLogChute
21:33:45.779 [main] DEBUG org.apache.velocity - ResourceLoader instantiated: org.apache.velocity.runtime.resource.loader.ClasspathResourceLoader
21:33:45.779 [main] DEBUG org.apache.velocity - ResourceCache: initialized (class org.apache.velocity.runtime.resource.ResourceCacheImpl) with class java.util.Collections$SynchronizedMap cache map.
21:33:45.779 [main] DEBUG org.apache.velocity - Loaded System Directive: org.apache.velocity.runtime.directive.Stop
21:33:45.779 [main] DEBUG org.apache.velocity - Loaded System Directive: org.apache.velocity.runtime.directive.Define
21:33:45.779 [main] DEBUG org.apache.velocity - Loaded System Directive: org.apache.velocity.runtime.directive.Break
21:33:45.780 [main] DEBUG org.apache.velocity - Loaded System Directive: org.apache.velocity.runtime.directive.Evaluate
21:33:45.780 [main] DEBUG org.apache.velocity - Loaded System Directive: org.apache.velocity.runtime.directive.Literal
21:33:45.780 [main] DEBUG org.apache.velocity - Loaded System Directive: org.apache.velocity.runtime.directive.Macro
21:33:45.780 [main] DEBUG org.apache.velocity - Loaded System Directive: org.apache.velocity.runtime.directive.Parse
21:33:45.780 [main] DEBUG org.apache.velocity - Loaded System Directive: org.apache.velocity.runtime.directive.Include
21:33:45.780 [main] DEBUG org.apache.velocity - Loaded System Directive: org.apache.velocity.runtime.directive.Foreach
21:33:45.781 [main] DEBUG org.apache.velocity - Created '20' parsers.
21:33:45.781 [main] DEBUG org.apache.velocity - Velocimacro : "velocimacro.library" is not set.  Trying default library: VM_global_library.vm
21:33:45.781 [main] DEBUG org.apache.velocity - Could not load resource 'VM_global_library.vm' from ResourceLoader org.apache.velocity.runtime.resource.loader.ClasspathResourceLoader: ClasspathResourceLoader Error: cannot find resource VM_global_library.vm
21:33:45.781 [main] DEBUG org.apache.velocity - Velocimacro : Default library not found.
21:33:45.781 [main] DEBUG org.apache.velocity - Velocimacro : allowInline = true : VMs can be defined inline in templates
21:33:45.781 [main] DEBUG org.apache.velocity - Velocimacro : allowInlineToOverride = false : VMs defined inline may NOT replace previous VM definitions
21:33:45.781 [main] DEBUG org.apache.velocity - Velocimacro : allowInlineLocal = false : VMs defined inline will be global in scope if allowed.
21:33:45.782 [main] DEBUG org.apache.velocity - Velocimacro : autoload off : VM system will not automatically reload global library macros
21:33:45.785 [main] DEBUG org.apache.velocity - CommonsLogLogChute name is 'org.apache.velocity'
21:33:45.785 [main] DEBUG org.apache.velocity - Initializing Velocity, Calling init()...
21:33:45.785 [main] DEBUG org.apache.velocity - Starting Apache Velocity v1.7 (compiled: 2010-11-19 12:14:37)
21:33:45.785 [main] DEBUG org.apache.velocity - Default Properties File: org\apache\velocity\runtime\defaults\velocity.properties
21:33:45.785 [main] DEBUG org.apache.velocity - Trying to use logger class org.apache.velocity.runtime.log.AvalonLogChute
21:33:45.785 [main] DEBUG org.apache.velocity - Target log system for org.apache.velocity.runtime.log.AvalonLogChute is not available (java.lang.NoClassDefFoundError: org/apache/log/format/Formatter).  Falling back to next log system...
21:33:45.785 [main] DEBUG org.apache.velocity - Trying to use logger class org.apache.velocity.runtime.log.Log4JLogChute
21:33:45.785 [main] DEBUG org.apache.velocity - Target log system for org.apache.velocity.runtime.log.Log4JLogChute is not available (java.lang.NoClassDefFoundError: org/apache/log4j/Layout).  Falling back to next log system...
21:33:45.785 [main] DEBUG org.apache.velocity - Trying to use logger class org.apache.velocity.runtime.log.CommonsLogLogChute
21:33:45.785 [main] DEBUG org.apache.velocity - Using logger class org.apache.velocity.runtime.log.CommonsLogLogChute
21:33:45.785 [main] DEBUG org.apache.velocity - ResourceLoader instantiated: org.apache.velocity.runtime.resource.loader.ClasspathResourceLoader
21:33:45.786 [main] DEBUG org.apache.velocity - ResourceCache: initialized (class org.apache.velocity.runtime.resource.ResourceCacheImpl) with class java.util.Collections$SynchronizedMap cache map.
21:33:45.786 [main] DEBUG org.apache.velocity - Loaded System Directive: org.apache.velocity.runtime.directive.Stop
21:33:45.786 [main] DEBUG org.apache.velocity - Loaded System Directive: org.apache.velocity.runtime.directive.Define
21:33:45.786 [main] DEBUG org.apache.velocity - Loaded System Directive: org.apache.velocity.runtime.directive.Break
21:33:45.786 [main] DEBUG org.apache.velocity - Loaded System Directive: org.apache.velocity.runtime.directive.Evaluate
21:33:45.786 [main] DEBUG org.apache.velocity - Loaded System Directive: org.apache.velocity.runtime.directive.Literal
21:33:45.786 [main] DEBUG org.apache.velocity - Loaded System Directive: org.apache.velocity.runtime.directive.Macro
21:33:45.786 [main] DEBUG org.apache.velocity - Loaded System Directive: org.apache.velocity.runtime.directive.Parse
21:33:45.786 [main] DEBUG org.apache.velocity - Loaded System Directive: org.apache.velocity.runtime.directive.Include
21:33:45.786 [main] DEBUG org.apache.velocity - Loaded System Directive: org.apache.velocity.runtime.directive.Foreach
21:33:45.787 [main] DEBUG org.apache.velocity - Created '20' parsers.
21:33:45.787 [main] DEBUG org.apache.velocity - Velocimacro : "velocimacro.library" is not set.  Trying default library: VM_global_library.vm
21:33:45.787 [main] DEBUG org.apache.velocity - Could not load resource 'VM_global_library.vm' from ResourceLoader org.apache.velocity.runtime.resource.loader.ClasspathResourceLoader: ClasspathResourceLoader Error: cannot find resource VM_global_library.vm
21:33:45.787 [main] DEBUG org.apache.velocity - Velocimacro : Default library not found.
21:33:45.787 [main] DEBUG org.apache.velocity - Velocimacro : allowInline = true : VMs can be defined inline in templates
21:33:45.787 [main] DEBUG org.apache.velocity - Velocimacro : allowInlineToOverride = false : VMs defined inline may NOT replace previous VM definitions
21:33:45.787 [main] DEBUG org.apache.velocity - Velocimacro : allowInlineLocal = false : VMs defined inline will be global in scope if allowed.
21:33:45.787 [main] DEBUG org.apache.velocity - Velocimacro : autoload off : VM system will not automatically reload global library macros
21:33:45.790 [main] DEBUG org.apache.velocity - CommonsLogLogChute name is 'org.apache.velocity'
21:33:45.790 [main] DEBUG org.apache.velocity - Initializing Velocity, Calling init()...
21:33:45.790 [main] DEBUG org.apache.velocity - Starting Apache Velocity v1.7 (compiled: 2010-11-19 12:14:37)
21:33:45.790 [main] DEBUG org.apache.velocity - Default Properties File: org\apache\velocity\runtime\defaults\velocity.properties
21:33:45.790 [main] DEBUG org.apache.velocity - Trying to use logger class org.apache.velocity.runtime.log.AvalonLogChute
21:33:45.790 [main] DEBUG org.apache.velocity - Target log system for org.apache.velocity.runtime.log.AvalonLogChute is not available (java.lang.NoClassDefFoundError: org/apache/log/format/Formatter).  Falling back to next log system...
21:33:45.790 [main] DEBUG org.apache.velocity - Trying to use logger class org.apache.velocity.runtime.log.Log4JLogChute
21:33:45.790 [main] DEBUG org.apache.velocity - Target log system for org.apache.velocity.runtime.log.Log4JLogChute is not available (java.lang.NoClassDefFoundError: org/apache/log4j/Layout).  Falling back to next log system...
21:33:45.790 [main] DEBUG org.apache.velocity - Trying to use logger class org.apache.velocity.runtime.log.CommonsLogLogChute
21:33:45.790 [main] DEBUG org.apache.velocity - Using logger class org.apache.velocity.runtime.log.CommonsLogLogChute
21:33:45.791 [main] DEBUG org.apache.velocity - ResourceLoader instantiated: org.apache.velocity.runtime.resource.loader.ClasspathResourceLoader
21:33:45.791 [main] DEBUG org.apache.velocity - ResourceCache: initialized (class org.apache.velocity.runtime.resource.ResourceCacheImpl) with class java.util.Collections$SynchronizedMap cache map.
21:33:45.791 [main] DEBUG org.apache.velocity - Loaded System Directive: org.apache.velocity.runtime.directive.Stop
21:33:45.791 [main] DEBUG org.apache.velocity - Loaded System Directive: org.apache.velocity.runtime.directive.Define
21:33:45.791 [main] DEBUG org.apache.velocity - Loaded System Directive: org.apache.velocity.runtime.directive.Break
21:33:45.791 [main] DEBUG org.apache.velocity - Loaded System Directive: org.apache.velocity.runtime.directive.Evaluate
21:33:45.791 [main] DEBUG org.apache.velocity - Loaded System Directive: org.apache.velocity.runtime.directive.Literal
21:33:45.791 [main] DEBUG org.apache.velocity - Loaded System Directive: org.apache.velocity.runtime.directive.Macro
21:33:45.791 [main] DEBUG org.apache.velocity - Loaded System Directive: org.apache.velocity.runtime.directive.Parse
21:33:45.791 [main] DEBUG org.apache.velocity - Loaded System Directive: org.apache.velocity.runtime.directive.Include
21:33:45.791 [main] DEBUG org.apache.velocity - Loaded System Directive: org.apache.velocity.runtime.directive.Foreach
21:33:45.792 [main] DEBUG org.apache.velocity - Created '20' parsers.
21:33:45.792 [main] DEBUG org.apache.velocity - Velocimacro : "velocimacro.library" is not set.  Trying default library: VM_global_library.vm
21:33:45.792 [main] DEBUG org.apache.velocity - Could not load resource 'VM_global_library.vm' from ResourceLoader org.apache.velocity.runtime.resource.loader.ClasspathResourceLoader: ClasspathResourceLoader Error: cannot find resource VM_global_library.vm
21:33:45.792 [main] DEBUG org.apache.velocity - Velocimacro : Default library not found.
21:33:45.793 [main] DEBUG org.apache.velocity - Velocimacro : allowInline = true : VMs can be defined inline in templates
21:33:45.793 [main] DEBUG org.apache.velocity - Velocimacro : allowInlineToOverride = false : VMs defined inline may NOT replace previous VM definitions
21:33:45.793 [main] DEBUG org.apache.velocity - Velocimacro : allowInlineLocal = false : VMs defined inline will be global in scope if allowed.
21:33:45.793 [main] DEBUG org.apache.velocity - Velocimacro : autoload off : VM system will not automatically reload global library macros
21:33:45.794 [main] DEBUG org.apache.velocity - CommonsLogLogChute name is 'org.apache.velocity'
21:33:45.794 [main] DEBUG org.apache.velocity - Initializing Velocity, Calling init()...
21:33:45.794 [main] DEBUG org.apache.velocity - Starting Apache Velocity v1.7 (compiled: 2010-11-19 12:14:37)
21:33:45.794 [main] DEBUG org.apache.velocity - Default Properties File: org\apache\velocity\runtime\defaults\velocity.properties
21:33:45.794 [main] DEBUG org.apache.velocity - Trying to use logger class org.apache.velocity.runtime.log.AvalonLogChute
21:33:45.794 [main] DEBUG org.apache.velocity - Target log system for org.apache.velocity.runtime.log.AvalonLogChute is not available (java.lang.NoClassDefFoundError: org/apache/log/format/Formatter).  Falling back to next log system...
21:33:45.794 [main] DEBUG org.apache.velocity - Trying to use logger class org.apache.velocity.runtime.log.Log4JLogChute
21:33:45.794 [main] DEBUG org.apache.velocity - Target log system for org.apache.velocity.runtime.log.Log4JLogChute is not available (java.lang.NoClassDefFoundError: org/apache/log4j/Layout).  Falling back to next log system...
21:33:45.794 [main] DEBUG org.apache.velocity - Trying to use logger class org.apache.velocity.runtime.log.CommonsLogLogChute
21:33:45.794 [main] DEBUG org.apache.velocity - Using logger class org.apache.velocity.runtime.log.CommonsLogLogChute
21:33:45.795 [main] DEBUG org.apache.velocity - ResourceLoader instantiated: org.apache.velocity.runtime.resource.loader.ClasspathResourceLoader
21:33:45.795 [main] DEBUG org.apache.velocity - ResourceCache: initialized (class org.apache.velocity.runtime.resource.ResourceCacheImpl) with class java.util.Collections$SynchronizedMap cache map.
21:33:45.795 [main] DEBUG org.apache.velocity - Loaded System Directive: org.apache.velocity.runtime.directive.Stop
21:33:45.795 [main] DEBUG org.apache.velocity - Loaded System Directive: org.apache.velocity.runtime.directive.Define
21:33:45.795 [main] DEBUG org.apache.velocity - Loaded System Directive: org.apache.velocity.runtime.directive.Break
21:33:45.795 [main] DEBUG org.apache.velocity - Loaded System Directive: org.apache.velocity.runtime.directive.Evaluate
21:33:45.795 [main] DEBUG org.apache.velocity - Loaded System Directive: org.apache.velocity.runtime.directive.Literal
21:33:45.795 [main] DEBUG org.apache.velocity - Loaded System Directive: org.apache.velocity.runtime.directive.Macro
21:33:45.795 [main] DEBUG org.apache.velocity - Loaded System Directive: org.apache.velocity.runtime.directive.Parse
21:33:45.795 [main] DEBUG org.apache.velocity - Loaded System Directive: org.apache.velocity.runtime.directive.Include
21:33:45.795 [main] DEBUG org.apache.velocity - Loaded System Directive: org.apache.velocity.runtime.directive.Foreach
21:33:45.796 [main] DEBUG org.apache.velocity - Created '20' parsers.
21:33:45.796 [main] DEBUG org.apache.velocity - Velocimacro : "velocimacro.library" is not set.  Trying default library: VM_global_library.vm
21:33:45.796 [main] DEBUG org.apache.velocity - Could not load resource 'VM_global_library.vm' from ResourceLoader org.apache.velocity.runtime.resource.loader.ClasspathResourceLoader: ClasspathResourceLoader Error: cannot find resource VM_global_library.vm
21:33:45.796 [main] DEBUG org.apache.velocity - Velocimacro : Default library not found.
21:33:45.796 [main] DEBUG org.apache.velocity - Velocimacro : allowInline = true : VMs can be defined inline in templates
21:33:45.796 [main] DEBUG org.apache.velocity - Velocimacro : allowInlineToOverride = false : VMs defined inline may NOT replace previous VM definitions
21:33:45.796 [main] DEBUG org.apache.velocity - Velocimacro : allowInlineLocal = false : VMs defined inline will be global in scope if allowed.
21:33:45.796 [main] DEBUG org.apache.velocity - Velocimacro : autoload off : VM system will not automatically reload global library macros
21:33:45.798 [main] DEBUG org.apache.velocity - CommonsLogLogChute name is 'org.apache.velocity'
21:33:45.798 [main] DEBUG org.apache.velocity - Initializing Velocity, Calling init()...
21:33:45.798 [main] DEBUG org.apache.velocity - Starting Apache Velocity v1.7 (compiled: 2010-11-19 12:14:37)
21:33:45.798 [main] DEBUG org.apache.velocity - Default Properties File: org\apache\velocity\runtime\defaults\velocity.properties
21:33:45.798 [main] DEBUG org.apache.velocity - Trying to use logger class org.apache.velocity.runtime.log.AvalonLogChute
21:33:45.798 [main] DEBUG org.apache.velocity - Target log system for org.apache.velocity.runtime.log.AvalonLogChute is not available (java.lang.NoClassDefFoundError: org/apache/log/format/Formatter).  Falling back to next log system...
21:33:45.798 [main] DEBUG org.apache.velocity - Trying to use logger class org.apache.velocity.runtime.log.Log4JLogChute
21:33:45.798 [main] DEBUG org.apache.velocity - Target log system for org.apache.velocity.runtime.log.Log4JLogChute is not available (java.lang.NoClassDefFoundError: org/apache/log4j/Layout).  Falling back to next log system...
21:33:45.798 [main] DEBUG org.apache.velocity - Trying to use logger class org.apache.velocity.runtime.log.CommonsLogLogChute
21:33:45.798 [main] DEBUG org.apache.velocity - Using logger class org.apache.velocity.runtime.log.CommonsLogLogChute
21:33:45.798 [main] DEBUG org.apache.velocity - ResourceLoader instantiated: org.apache.velocity.runtime.resource.loader.ClasspathResourceLoader
21:33:45.798 [main] DEBUG org.apache.velocity - ResourceCache: initialized (class org.apache.velocity.runtime.resource.ResourceCacheImpl) with class java.util.Collections$SynchronizedMap cache map.
21:33:45.799 [main] DEBUG org.apache.velocity - Loaded System Directive: org.apache.velocity.runtime.directive.Stop
21:33:45.799 [main] DEBUG org.apache.velocity - Loaded System Directive: org.apache.velocity.runtime.directive.Define
21:33:45.799 [main] DEBUG org.apache.velocity - Loaded System Directive: org.apache.velocity.runtime.directive.Break
21:33:45.799 [main] DEBUG org.apache.velocity - Loaded System Directive: org.apache.velocity.runtime.directive.Evaluate
21:33:45.799 [main] DEBUG org.apache.velocity - Loaded System Directive: org.apache.velocity.runtime.directive.Literal
21:33:45.799 [main] DEBUG org.apache.velocity - Loaded System Directive: org.apache.velocity.runtime.directive.Macro
21:33:45.799 [main] DEBUG org.apache.velocity - Loaded System Directive: org.apache.velocity.runtime.directive.Parse
21:33:45.799 [main] DEBUG org.apache.velocity - Loaded System Directive: org.apache.velocity.runtime.directive.Include
21:33:45.799 [main] DEBUG org.apache.velocity - Loaded System Directive: org.apache.velocity.runtime.directive.Foreach
21:33:45.800 [main] DEBUG org.apache.velocity - Created '20' parsers.
21:33:45.800 [main] DEBUG org.apache.velocity - Velocimacro : "velocimacro.library" is not set.  Trying default library: VM_global_library.vm
21:33:45.800 [main] DEBUG org.apache.velocity - Could not load resource 'VM_global_library.vm' from ResourceLoader org.apache.velocity.runtime.resource.loader.ClasspathResourceLoader: ClasspathResourceLoader Error: cannot find resource VM_global_library.vm
21:33:45.800 [main] DEBUG org.apache.velocity - Velocimacro : Default library not found.
21:33:45.800 [main] DEBUG org.apache.velocity - Velocimacro : allowInline = true : VMs can be defined inline in templates
21:33:45.800 [main] DEBUG org.apache.velocity - Velocimacro : allowInlineToOverride = false : VMs defined inline may NOT replace previous VM definitions
21:33:45.800 [main] DEBUG org.apache.velocity - Velocimacro : allowInlineLocal = false : VMs defined inline will be global in scope if allowed.
21:33:45.801 [main] DEBUG org.apache.velocity - Velocimacro : autoload off : VM system will not automatically reload global library macros
21:33:45.802 [main] DEBUG org.apache.velocity - CommonsLogLogChute name is 'org.apache.velocity'
21:33:45.803 [main] DEBUG org.apache.velocity - Initializing Velocity, Calling init()...
21:33:45.803 [main] DEBUG org.apache.velocity - Starting Apache Velocity v1.7 (compiled: 2010-11-19 12:14:37)
21:33:45.803 [main] DEBUG org.apache.velocity - Default Properties File: org\apache\velocity\runtime\defaults\velocity.properties
21:33:45.803 [main] DEBUG org.apache.velocity - Trying to use logger class org.apache.velocity.runtime.log.AvalonLogChute
21:33:45.803 [main] DEBUG org.apache.velocity - Target log system for org.apache.velocity.runtime.log.AvalonLogChute is not available (java.lang.NoClassDefFoundError: org/apache/log/format/Formatter).  Falling back to next log system...
21:33:45.803 [main] DEBUG org.apache.velocity - Trying to use logger class org.apache.velocity.runtime.log.Log4JLogChute
21:33:45.803 [main] DEBUG org.apache.velocity - Target log system for org.apache.velocity.runtime.log.Log4JLogChute is not available (java.lang.NoClassDefFoundError: org/apache/log4j/Layout).  Falling back to next log system...
21:33:45.803 [main] DEBUG org.apache.velocity - Trying to use logger class org.apache.velocity.runtime.log.CommonsLogLogChute
21:33:45.803 [main] DEBUG org.apache.velocity - Using logger class org.apache.velocity.runtime.log.CommonsLogLogChute
21:33:45.803 [main] DEBUG org.apache.velocity - ResourceLoader instantiated: org.apache.velocity.runtime.resource.loader.ClasspathResourceLoader
21:33:45.803 [main] DEBUG org.apache.velocity - ResourceCache: initialized (class org.apache.velocity.runtime.resource.ResourceCacheImpl) with class java.util.Collections$SynchronizedMap cache map.
21:33:45.803 [main] DEBUG org.apache.velocity - Loaded System Directive: org.apache.velocity.runtime.directive.Stop
21:33:45.804 [main] DEBUG org.apache.velocity - Loaded System Directive: org.apache.velocity.runtime.directive.Define
21:33:45.804 [main] DEBUG org.apache.velocity - Loaded System Directive: org.apache.velocity.runtime.directive.Break
21:33:45.804 [main] DEBUG org.apache.velocity - Loaded System Directive: org.apache.velocity.runtime.directive.Evaluate
21:33:45.804 [main] DEBUG org.apache.velocity - Loaded System Directive: org.apache.velocity.runtime.directive.Literal
21:33:45.804 [main] DEBUG org.apache.velocity - Loaded System Directive: org.apache.velocity.runtime.directive.Macro
21:33:45.804 [main] DEBUG org.apache.velocity - Loaded System Directive: org.apache.velocity.runtime.directive.Parse
21:33:45.804 [main] DEBUG org.apache.velocity - Loaded System Directive: org.apache.velocity.runtime.directive.Include
21:33:45.804 [main] DEBUG org.apache.velocity - Loaded System Directive: org.apache.velocity.runtime.directive.Foreach
21:33:45.805 [main] DEBUG org.apache.velocity - Created '20' parsers.
21:33:45.806 [main] DEBUG org.apache.velocity - Velocimacro : "velocimacro.library" is not set.  Trying default library: VM_global_library.vm
21:33:45.806 [main] DEBUG org.apache.velocity - Could not load resource 'VM_global_library.vm' from ResourceLoader org.apache.velocity.runtime.resource.loader.ClasspathResourceLoader: ClasspathResourceLoader Error: cannot find resource VM_global_library.vm
21:33:45.806 [main] DEBUG org.apache.velocity - Velocimacro : Default library not found.
21:33:45.806 [main] DEBUG org.apache.velocity - Velocimacro : allowInline = true : VMs can be defined inline in templates
21:33:45.807 [main] DEBUG org.apache.velocity - Velocimacro : allowInlineToOverride = false : VMs defined inline may NOT replace previous VM definitions
21:33:45.807 [main] DEBUG org.apache.velocity - Velocimacro : allowInlineLocal = false : VMs defined inline will be global in scope if allowed.
21:33:45.807 [main] DEBUG org.apache.velocity - Velocimacro : autoload off : VM system will not automatically reload global library macros
21:33:45.809 [main] DEBUG org.apache.velocity - CommonsLogLogChute name is 'org.apache.velocity'
21:33:45.809 [main] DEBUG org.apache.velocity - Initializing Velocity, Calling init()...
21:33:45.809 [main] DEBUG org.apache.velocity - Starting Apache Velocity v1.7 (compiled: 2010-11-19 12:14:37)
21:33:45.809 [main] DEBUG org.apache.velocity - Default Properties File: org\apache\velocity\runtime\defaults\velocity.properties
21:33:45.809 [main] DEBUG org.apache.velocity - Trying to use logger class org.apache.velocity.runtime.log.AvalonLogChute
21:33:45.809 [main] DEBUG org.apache.velocity - Target log system for org.apache.velocity.runtime.log.AvalonLogChute is not available (java.lang.NoClassDefFoundError: org/apache/log/format/Formatter).  Falling back to next log system...
21:33:45.809 [main] DEBUG org.apache.velocity - Trying to use logger class org.apache.velocity.runtime.log.Log4JLogChute
21:33:45.809 [main] DEBUG org.apache.velocity - Target log system for org.apache.velocity.runtime.log.Log4JLogChute is not available (java.lang.NoClassDefFoundError: org/apache/log4j/Layout).  Falling back to next log system...
21:33:45.809 [main] DEBUG org.apache.velocity - Trying to use logger class org.apache.velocity.runtime.log.CommonsLogLogChute
21:33:45.809 [main] DEBUG org.apache.velocity - Using logger class org.apache.velocity.runtime.log.CommonsLogLogChute
21:33:45.809 [main] DEBUG org.apache.velocity - ResourceLoader instantiated: org.apache.velocity.runtime.resource.loader.ClasspathResourceLoader
21:33:45.809 [main] DEBUG org.apache.velocity - ResourceCache: initialized (class org.apache.velocity.runtime.resource.ResourceCacheImpl) with class java.util.Collections$SynchronizedMap cache map.
21:33:45.810 [main] DEBUG org.apache.velocity - Loaded System Directive: org.apache.velocity.runtime.directive.Stop
21:33:45.810 [main] DEBUG org.apache.velocity - Loaded System Directive: org.apache.velocity.runtime.directive.Define
21:33:45.810 [main] DEBUG org.apache.velocity - Loaded System Directive: org.apache.velocity.runtime.directive.Break
21:33:45.810 [main] DEBUG org.apache.velocity - Loaded System Directive: org.apache.velocity.runtime.directive.Evaluate
21:33:45.810 [main] DEBUG org.apache.velocity - Loaded System Directive: org.apache.velocity.runtime.directive.Literal
21:33:45.810 [main] DEBUG org.apache.velocity - Loaded System Directive: org.apache.velocity.runtime.directive.Macro
21:33:45.810 [main] DEBUG org.apache.velocity - Loaded System Directive: org.apache.velocity.runtime.directive.Parse
21:33:45.810 [main] DEBUG org.apache.velocity - Loaded System Directive: org.apache.velocity.runtime.directive.Include
21:33:45.810 [main] DEBUG org.apache.velocity - Loaded System Directive: org.apache.velocity.runtime.directive.Foreach
21:33:45.810 [main] DEBUG org.apache.velocity - Created '20' parsers.
21:33:45.810 [main] DEBUG org.apache.velocity - Velocimacro : "velocimacro.library" is not set.  Trying default library: VM_global_library.vm
21:33:45.811 [main] DEBUG org.apache.velocity - Could not load resource 'VM_global_library.vm' from ResourceLoader org.apache.velocity.runtime.resource.loader.ClasspathResourceLoader: ClasspathResourceLoader Error: cannot find resource VM_global_library.vm
21:33:45.811 [main] DEBUG org.apache.velocity - Velocimacro : Default library not found.
21:33:45.811 [main] DEBUG org.apache.velocity - Velocimacro : allowInline = true : VMs can be defined inline in templates
21:33:45.811 [main] DEBUG org.apache.velocity - Velocimacro : allowInlineToOverride = false : VMs defined inline may NOT replace previous VM definitions
21:33:45.811 [main] DEBUG org.apache.velocity - Velocimacro : allowInlineLocal = false : VMs defined inline will be global in scope if allowed.
21:33:45.811 [main] DEBUG org.apache.velocity - Velocimacro : autoload off : VM system will not automatically reload global library macros
21:33:45.813 [main] DEBUG org.apache.velocity - CommonsLogLogChute name is 'org.apache.velocity'
21:33:45.813 [main] DEBUG org.apache.velocity - Initializing Velocity, Calling init()...
21:33:45.813 [main] DEBUG org.apache.velocity - Starting Apache Velocity v1.7 (compiled: 2010-11-19 12:14:37)
21:33:45.813 [main] DEBUG org.apache.velocity - Default Properties File: org\apache\velocity\runtime\defaults\velocity.properties
21:33:45.813 [main] DEBUG org.apache.velocity - Trying to use logger class org.apache.velocity.runtime.log.AvalonLogChute
21:33:45.813 [main] DEBUG org.apache.velocity - Target log system for org.apache.velocity.runtime.log.AvalonLogChute is not available (java.lang.NoClassDefFoundError: org/apache/log/format/Formatter).  Falling back to next log system...
21:33:45.813 [main] DEBUG org.apache.velocity - Trying to use logger class org.apache.velocity.runtime.log.Log4JLogChute
21:33:45.813 [main] DEBUG org.apache.velocity - Target log system for org.apache.velocity.runtime.log.Log4JLogChute is not available (java.lang.NoClassDefFoundError: org/apache/log4j/Layout).  Falling back to next log system...
21:33:45.813 [main] DEBUG org.apache.velocity - Trying to use logger class org.apache.velocity.runtime.log.CommonsLogLogChute
21:33:45.813 [main] DEBUG org.apache.velocity - Using logger class org.apache.velocity.runtime.log.CommonsLogLogChute
21:33:45.813 [main] DEBUG org.apache.velocity - ResourceLoader instantiated: org.apache.velocity.runtime.resource.loader.ClasspathResourceLoader
21:33:45.813 [main] DEBUG org.apache.velocity - ResourceCache: initialized (class org.apache.velocity.runtime.resource.ResourceCacheImpl) with class java.util.Collections$SynchronizedMap cache map.
21:33:45.814 [main] DEBUG org.apache.velocity - Loaded System Directive: org.apache.velocity.runtime.directive.Stop
21:33:45.814 [main] DEBUG org.apache.velocity - Loaded System Directive: org.apache.velocity.runtime.directive.Define
21:33:45.814 [main] DEBUG org.apache.velocity - Loaded System Directive: org.apache.velocity.runtime.directive.Break
21:33:45.814 [main] DEBUG org.apache.velocity - Loaded System Directive: org.apache.velocity.runtime.directive.Evaluate
21:33:45.814 [main] DEBUG org.apache.velocity - Loaded System Directive: org.apache.velocity.runtime.directive.Literal
21:33:45.814 [main] DEBUG org.apache.velocity - Loaded System Directive: org.apache.velocity.runtime.directive.Macro
21:33:45.814 [main] DEBUG org.apache.velocity - Loaded System Directive: org.apache.velocity.runtime.directive.Parse
21:33:45.814 [main] DEBUG org.apache.velocity - Loaded System Directive: org.apache.velocity.runtime.directive.Include
21:33:45.814 [main] DEBUG org.apache.velocity - Loaded System Directive: org.apache.velocity.runtime.directive.Foreach
21:33:45.814 [main] DEBUG org.apache.velocity - Created '20' parsers.
21:33:45.814 [main] DEBUG org.apache.velocity - Velocimacro : "velocimacro.library" is not set.  Trying default library: VM_global_library.vm
21:33:45.815 [main] DEBUG org.apache.velocity - Could not load resource 'VM_global_library.vm' from ResourceLoader org.apache.velocity.runtime.resource.loader.ClasspathResourceLoader: ClasspathResourceLoader Error: cannot find resource VM_global_library.vm
21:33:45.815 [main] DEBUG org.apache.velocity - Velocimacro : Default library not found.
21:33:45.816 [main] DEBUG org.apache.velocity - Velocimacro : allowInline = true : VMs can be defined inline in templates
21:33:45.816 [main] DEBUG org.apache.velocity - Velocimacro : allowInlineToOverride = false : VMs defined inline may NOT replace previous VM definitions
21:33:45.816 [main] DEBUG org.apache.velocity - Velocimacro : allowInlineLocal = false : VMs defined inline will be global in scope if allowed.
21:33:45.816 [main] DEBUG org.apache.velocity - Velocimacro : autoload off : VM system will not automatically reload global library macros
21:33:45.835 [main] DEBUG org.apache.velocity - ResourceManager : found templates/generators/overviewFeatures.vm with loader org.apache.velocity.runtime.resource.loader.ClasspathResourceLoader
21:33:45.841 [main] DEBUG org.apache.velocity - ResourceManager : found /templates/headers.vm with loader org.apache.velocity.runtime.resource.loader.ClasspathResourceLoader
21:33:45.842 [main] DEBUG org.apache.velocity - ResourceManager : found /templates/head.vm with loader org.apache.velocity.runtime.resource.loader.ClasspathResourceLoader
21:33:45.845 [main] DEBUG org.apache.velocity - Velocimacro : added VM stringArray: source=/templates/macros/array.js.vm
21:33:45.845 [main] DEBUG org.apache.velocity - Velocimacro : added VM numberArray: source=/templates/macros/array.js.vm
21:33:45.845 [main] DEBUG org.apache.velocity - ResourceManager : found /templates/macros/array.js.vm with loader org.apache.velocity.runtime.resource.loader.ClasspathResourceLoader
21:33:45.847 [main] DEBUG org.apache.velocity - Velocimacro : added VM includeBuildInfo: source=/templates/macros/page/buildinfo.vm
21:33:45.847 [main] DEBUG org.apache.velocity - ResourceManager : found /templates/macros/page/buildinfo.vm with loader org.apache.velocity.runtime.resource.loader.ClasspathResourceLoader
21:33:45.849 [main] DEBUG org.apache.velocity - Velocimacro : added VM includeClassifications: source=/templates/macros/page/classifications.vm
21:33:45.849 [main] DEBUG org.apache.velocity - ResourceManager : found /templates/macros/page/classifications.vm with loader org.apache.velocity.runtime.resource.loader.ClasspathResourceLoader
21:33:45.850 [main] DEBUG org.apache.velocity - Velocimacro : added VM includeLead: source=/templates/macros/page/lead.vm
21:33:45.850 [main] DEBUG org.apache.velocity - ResourceManager : found /templates/macros/page/lead.vm with loader org.apache.velocity.runtime.resource.loader.ClasspathResourceLoader
21:33:45.852 [main] DEBUG org.apache.velocity - Velocimacro : added VM includeNavigation: source=/templates/macros/page/navigation.vm
21:33:45.852 [main] DEBUG org.apache.velocity - ResourceManager : found /templates/macros/page/navigation.vm with loader org.apache.velocity.runtime.resource.loader.ClasspathResourceLoader
21:33:45.855 [main] DEBUG org.apache.velocity - Velocimacro : added VM includeReportInfo: source=/templates/macros/page/reportInfo.vm
21:33:45.855 [main] DEBUG org.apache.velocity - ResourceManager : found /templates/macros/page/reportInfo.vm with loader org.apache.velocity.runtime.resource.loader.ClasspathResourceLoader
21:33:45.857 [main] DEBUG org.apache.velocity - Velocimacro : added VM includeTitle: source=/templates/macros/page/title.vm
21:33:45.858 [main] DEBUG org.apache.velocity - ResourceManager : found /templates/macros/page/title.vm with loader org.apache.velocity.runtime.resource.loader.ClasspathResourceLoader
21:33:45.859 [main] DEBUG org.apache.velocity - Velocimacro : added VM includeExpandingButtons: source=/templates/macros/report/expandAllButtons.vm
21:33:45.859 [main] DEBUG org.apache.velocity - ResourceManager : found /templates/macros/report/expandAllButtons.vm with loader org.apache.velocity.runtime.resource.loader.ClasspathResourceLoader
21:33:45.863 [main] DEBUG org.apache.velocity - Velocimacro : added VM includeReportTable: source=/templates/macros/report/reportTable.vm
21:33:45.864 [main] DEBUG org.apache.velocity - ResourceManager : found /templates/macros/report/reportTable.vm with loader org.apache.velocity.runtime.resource.loader.ClasspathResourceLoader
21:33:45.865 [main] DEBUG org.apache.velocity - Velocimacro : added VM includeReportHeader: source=/templates/macros/report/reportHeader.vm
21:33:45.865 [main] DEBUG org.apache.velocity - ResourceManager : found /templates/macros/report/reportHeader.vm with loader org.apache.velocity.runtime.resource.loader.ClasspathResourceLoader
21:33:45.869 [main] DEBUG org.apache.velocity - Velocimacro : added VM includeStatsTable: source=/templates/macros/report/statsTable.vm
21:33:45.869 [main] DEBUG org.apache.velocity - ResourceManager : found /templates/macros/report/statsTable.vm with loader org.apache.velocity.runtime.resource.loader.ClasspathResourceLoader
21:33:45.871 [main] DEBUG org.apache.velocity - Velocimacro : added VM includeBrief: source=/templates/macros/json/brief.vm
21:33:45.871 [main] DEBUG org.apache.velocity - ResourceManager : found /templates/macros/json/brief.vm with loader org.apache.velocity.runtime.resource.loader.ClasspathResourceLoader
21:33:45.873 [main] DEBUG org.apache.velocity - Velocimacro : added VM includeDocString: source=/templates/macros/json/docstring.vm
21:33:45.873 [main] DEBUG org.apache.velocity - ResourceManager : found /templates/macros/json/docstring.vm with loader org.apache.velocity.runtime.resource.loader.ClasspathResourceLoader
21:33:45.875 [main] DEBUG org.apache.velocity - Velocimacro : added VM includeDuration: source=/templates/macros/json/duration.vm
21:33:45.875 [main] DEBUG org.apache.velocity - ResourceManager : found /templates/macros/json/duration.vm with loader org.apache.velocity.runtime.resource.loader.ClasspathResourceLoader
21:33:45.877 [main] DEBUG org.apache.velocity - Velocimacro : added VM includeElement: source=/templates/macros/json/element.vm
21:33:45.877 [main] DEBUG org.apache.velocity - ResourceManager : found /templates/macros/json/element.vm with loader org.apache.velocity.runtime.resource.loader.ClasspathResourceLoader
21:33:45.885 [main] DEBUG org.apache.velocity - Velocimacro : added VM includeEmbeddings: source=/templates/macros/json/embeddings.vm
21:33:45.885 [main] DEBUG org.apache.velocity - Velocimacro : added VM includeHtmlEmbedding: source=/templates/macros/json/embeddings.vm
21:33:45.885 [main] DEBUG org.apache.velocity - Velocimacro : added VM includeImageEmbedding: source=/templates/macros/json/embeddings.vm
21:33:45.886 [main] DEBUG org.apache.velocity - Velocimacro : added VM includeImageReferenceEmbedding: source=/templates/macros/json/embeddings.vm
21:33:45.886 [main] DEBUG org.apache.velocity - Velocimacro : added VM includeTextEmbedding: source=/templates/macros/json/embeddings.vm
21:33:45.886 [main] DEBUG org.apache.velocity - Velocimacro : added VM includeUnknownEmbedding: source=/templates/macros/json/embeddings.vm
21:33:45.886 [main] DEBUG org.apache.velocity - ResourceManager : found /templates/macros/json/embeddings.vm with loader org.apache.velocity.runtime.resource.loader.ClasspathResourceLoader
21:33:45.888 [main] DEBUG org.apache.velocity - Velocimacro : added VM includeHooks: source=/templates/macros/json/hooks.vm
21:33:45.888 [main] DEBUG org.apache.velocity - ResourceManager : found /templates/macros/json/hooks.vm with loader org.apache.velocity.runtime.resource.loader.ClasspathResourceLoader
21:33:45.891 [main] DEBUG org.apache.velocity - Velocimacro : added VM includeOutput: source=/templates/macros/json/output.vm
21:33:45.891 [main] DEBUG org.apache.velocity - ResourceManager : found /templates/macros/json/output.vm with loader org.apache.velocity.runtime.resource.loader.ClasspathResourceLoader
21:33:45.893 [main] DEBUG org.apache.velocity - Velocimacro : added VM includeMessage: source=/templates/macros/json/message.vm
21:33:45.893 [main] DEBUG org.apache.velocity - ResourceManager : found /templates/macros/json/message.vm with loader org.apache.velocity.runtime.resource.loader.ClasspathResourceLoader
21:33:45.895 [main] DEBUG org.apache.velocity - Velocimacro : added VM includeSteps: source=/templates/macros/json/steps.vm
21:33:45.896 [main] DEBUG org.apache.velocity - ResourceManager : found /templates/macros/json/steps.vm with loader org.apache.velocity.runtime.resource.loader.ClasspathResourceLoader
21:33:45.896 [main] DEBUG org.apache.velocity - Velocimacro : added VM includeTags: source=/templates/macros/json/tags.vm
21:33:45.896 [main] DEBUG org.apache.velocity - ResourceManager : found /templates/macros/json/tags.vm with loader org.apache.velocity.runtime.resource.loader.ClasspathResourceLoader
21:33:45.907 [main] DEBUG org.apache.velocity - ResourceManager : found /templates/js/steps-chart.js.vm with loader org.apache.velocity.runtime.resource.loader.ClasspathResourceLoader
21:33:45.916 [main] DEBUG org.apache.velocity - ResourceManager : found /templates/js/scenarios-chart.js.vm with loader org.apache.velocity.runtime.resource.loader.ClasspathResourceLoader
21:33:45.917 [main] DEBUG org.apache.velocity - ResourceManager : found /templates/js/features-chart.js.vm with loader org.apache.velocity.runtime.resource.loader.ClasspathResourceLoader
21:33:45.918 [main] DEBUG org.apache.velocity - VM #includeReportInfo: too many arguments to macro. Wanted 0 got 1
21:33:45.980 [main] DEBUG org.apache.velocity - ResourceManager : found /templates/footer.vm with loader org.apache.velocity.runtime.resource.loader.ClasspathResourceLoader
21:33:45.983 [main] DEBUG org.apache.velocity - ResourceManager : found templates/generators/reportFeature.vm with loader org.apache.velocity.runtime.resource.loader.ClasspathResourceLoader
21:33:45.985 [main] DEBUG org.apache.velocity - ResourceManager : found /templates/headers.vm with loader org.apache.velocity.runtime.resource.loader.ClasspathResourceLoader
21:33:45.985 [main] DEBUG org.apache.velocity - ResourceManager : found /templates/head.vm with loader org.apache.velocity.runtime.resource.loader.ClasspathResourceLoader
21:33:45.986 [main] DEBUG org.apache.velocity - Velocimacro : added VM stringArray: source=/templates/macros/array.js.vm
21:33:45.986 [main] DEBUG org.apache.velocity - Velocimacro : added VM numberArray: source=/templates/macros/array.js.vm
21:33:45.986 [main] DEBUG org.apache.velocity - ResourceManager : found /templates/macros/array.js.vm with loader org.apache.velocity.runtime.resource.loader.ClasspathResourceLoader
21:33:45.988 [main] DEBUG org.apache.velocity - Velocimacro : added VM includeBuildInfo: source=/templates/macros/page/buildinfo.vm
21:33:45.989 [main] DEBUG org.apache.velocity - ResourceManager : found /templates/macros/page/buildinfo.vm with loader org.apache.velocity.runtime.resource.loader.ClasspathResourceLoader
21:33:45.991 [main] DEBUG org.apache.velocity - Velocimacro : added VM includeClassifications: source=/templates/macros/page/classifications.vm
21:33:45.991 [main] DEBUG org.apache.velocity - ResourceManager : found /templates/macros/page/classifications.vm with loader org.apache.velocity.runtime.resource.loader.ClasspathResourceLoader
21:33:45.992 [main] DEBUG org.apache.velocity - Velocimacro : added VM includeLead: source=/templates/macros/page/lead.vm
21:33:45.992 [main] DEBUG org.apache.velocity - ResourceManager : found /templates/macros/page/lead.vm with loader org.apache.velocity.runtime.resource.loader.ClasspathResourceLoader
21:33:45.993 [main] DEBUG org.apache.velocity - Velocimacro : added VM includeNavigation: source=/templates/macros/page/navigation.vm
21:33:45.993 [main] DEBUG org.apache.velocity - ResourceManager : found /templates/macros/page/navigation.vm with loader org.apache.velocity.runtime.resource.loader.ClasspathResourceLoader
21:33:45.993 [main] DEBUG org.apache.velocity - Velocimacro : added VM includeReportInfo: source=/templates/macros/page/reportInfo.vm
21:33:45.993 [main] DEBUG org.apache.velocity - ResourceManager : found /templates/macros/page/reportInfo.vm with loader org.apache.velocity.runtime.resource.loader.ClasspathResourceLoader
21:33:45.994 [main] DEBUG org.apache.velocity - Velocimacro : added VM includeTitle: source=/templates/macros/page/title.vm
21:33:45.994 [main] DEBUG org.apache.velocity - ResourceManager : found /templates/macros/page/title.vm with loader org.apache.velocity.runtime.resource.loader.ClasspathResourceLoader
21:33:45.995 [main] DEBUG org.apache.velocity - Velocimacro : added VM includeExpandingButtons: source=/templates/macros/report/expandAllButtons.vm
21:33:45.995 [main] DEBUG org.apache.velocity - ResourceManager : found /templates/macros/report/expandAllButtons.vm with loader org.apache.velocity.runtime.resource.loader.ClasspathResourceLoader
21:33:45.996 [main] DEBUG org.apache.velocity - Velocimacro : added VM includeReportTable: source=/templates/macros/report/reportTable.vm
21:33:45.996 [main] DEBUG org.apache.velocity - ResourceManager : found /templates/macros/report/reportTable.vm with loader org.apache.velocity.runtime.resource.loader.ClasspathResourceLoader
21:33:45.997 [main] DEBUG org.apache.velocity - Velocimacro : added VM includeReportHeader: source=/templates/macros/report/reportHeader.vm
21:33:45.997 [main] DEBUG org.apache.velocity - ResourceManager : found /templates/macros/report/reportHeader.vm with loader org.apache.velocity.runtime.resource.loader.ClasspathResourceLoader
21:33:46.000 [main] DEBUG org.apache.velocity - Velocimacro : added VM includeStatsTable: source=/templates/macros/report/statsTable.vm
21:33:46.000 [main] DEBUG org.apache.velocity - ResourceManager : found /templates/macros/report/statsTable.vm with loader org.apache.velocity.runtime.resource.loader.ClasspathResourceLoader
21:33:46.001 [main] DEBUG org.apache.velocity - Velocimacro : added VM includeBrief: source=/templates/macros/json/brief.vm
21:33:46.001 [main] DEBUG org.apache.velocity - ResourceManager : found /templates/macros/json/brief.vm with loader org.apache.velocity.runtime.resource.loader.ClasspathResourceLoader
21:33:46.002 [main] DEBUG org.apache.velocity - Velocimacro : added VM includeDocString: source=/templates/macros/json/docstring.vm
21:33:46.002 [main] DEBUG org.apache.velocity - ResourceManager : found /templates/macros/json/docstring.vm with loader org.apache.velocity.runtime.resource.loader.ClasspathResourceLoader
21:33:46.002 [main] DEBUG org.apache.velocity - Velocimacro : added VM includeDuration: source=/templates/macros/json/duration.vm
21:33:46.002 [main] DEBUG org.apache.velocity - ResourceManager : found /templates/macros/json/duration.vm with loader org.apache.velocity.runtime.resource.loader.ClasspathResourceLoader
21:33:46.004 [main] DEBUG org.apache.velocity - Velocimacro : added VM includeElement: source=/templates/macros/json/element.vm
21:33:46.004 [main] DEBUG org.apache.velocity - ResourceManager : found /templates/macros/json/element.vm with loader org.apache.velocity.runtime.resource.loader.ClasspathResourceLoader
21:33:46.009 [main] DEBUG org.apache.velocity - Velocimacro : added VM includeEmbeddings: source=/templates/macros/json/embeddings.vm
21:33:46.009 [main] DEBUG org.apache.velocity - Velocimacro : added VM includeHtmlEmbedding: source=/templates/macros/json/embeddings.vm
21:33:46.009 [main] DEBUG org.apache.velocity - Velocimacro : added VM includeImageEmbedding: source=/templates/macros/json/embeddings.vm
21:33:46.010 [main] DEBUG org.apache.velocity - Velocimacro : added VM includeImageReferenceEmbedding: source=/templates/macros/json/embeddings.vm
21:33:46.010 [main] DEBUG org.apache.velocity - Velocimacro : added VM includeTextEmbedding: source=/templates/macros/json/embeddings.vm
21:33:46.010 [main] DEBUG org.apache.velocity - Velocimacro : added VM includeUnknownEmbedding: source=/templates/macros/json/embeddings.vm
21:33:46.010 [main] DEBUG org.apache.velocity - ResourceManager : found /templates/macros/json/embeddings.vm with loader org.apache.velocity.runtime.resource.loader.ClasspathResourceLoader
21:33:46.011 [main] DEBUG org.apache.velocity - Velocimacro : added VM includeHooks: source=/templates/macros/json/hooks.vm
21:33:46.012 [main] DEBUG org.apache.velocity - ResourceManager : found /templates/macros/json/hooks.vm with loader org.apache.velocity.runtime.resource.loader.ClasspathResourceLoader
21:33:46.013 [main] DEBUG org.apache.velocity - Velocimacro : added VM includeOutput: source=/templates/macros/json/output.vm
21:33:46.013 [main] DEBUG org.apache.velocity - ResourceManager : found /templates/macros/json/output.vm with loader org.apache.velocity.runtime.resource.loader.ClasspathResourceLoader
21:33:46.014 [main] DEBUG org.apache.velocity - Velocimacro : added VM includeMessage: source=/templates/macros/json/message.vm
21:33:46.014 [main] DEBUG org.apache.velocity - ResourceManager : found /templates/macros/json/message.vm with loader org.apache.velocity.runtime.resource.loader.ClasspathResourceLoader
21:33:46.016 [main] DEBUG org.apache.velocity - Velocimacro : added VM includeSteps: source=/templates/macros/json/steps.vm
21:33:46.016 [main] DEBUG org.apache.velocity - ResourceManager : found /templates/macros/json/steps.vm with loader org.apache.velocity.runtime.resource.loader.ClasspathResourceLoader
21:33:46.017 [main] DEBUG org.apache.velocity - Velocimacro : added VM includeTags: source=/templates/macros/json/tags.vm
21:33:46.017 [main] DEBUG org.apache.velocity - ResourceManager : found /templates/macros/json/tags.vm with loader org.apache.velocity.runtime.resource.loader.ClasspathResourceLoader
21:33:46.017 [main] DEBUG org.apache.velocity - VM #includeNavigation: too few arguments to macro. Wanted 1 got 0
21:33:46.017 [main] DEBUG org.apache.velocity - Left side ($active_tab) of '==' operation has null value. If it is a reference, it may not be in the context or its toString() returned null. /templates/macros/page/navigation.vm[line 14, column 51]
21:33:46.017 [main] DEBUG org.apache.velocity - Left side ($active_tab) of '==' operation has null value. If it is a reference, it may not be in the context or its toString() returned null. /templates/macros/page/navigation.vm[line 15, column 51]
21:33:46.017 [main] DEBUG org.apache.velocity - Left side ($active_tab) of '==' operation has null value. If it is a reference, it may not be in the context or its toString() returned null. /templates/macros/page/navigation.vm[line 16, column 51]
21:33:46.018 [main] DEBUG org.apache.velocity - Left side ($active_tab) of '==' operation has null value. If it is a reference, it may not be in the context or its toString() returned null. /templates/macros/page/navigation.vm[line 20, column 51]
21:33:46.018 [main] DEBUG org.apache.velocity - VM #includeLead: too few arguments to macro. Wanted 2 got 1
21:33:46.025 [main] DEBUG org.apache.velocity - VM #includeBrief: too few arguments to macro. Wanted 5 got 3
21:33:46.026 [main] DEBUG org.apache.velocity - VM #includeBrief: too few arguments to macro. Wanted 5 got 4
21:33:46.027 [main] DEBUG org.apache.velocity - VM #includeBrief: too few arguments to macro. Wanted 5 got 4
21:33:46.044 [main] DEBUG org.apache.velocity - VM #includeBrief: too few arguments to macro. Wanted 5 got 4
21:33:46.045 [main] DEBUG org.apache.velocity - VM #includeBrief: too few arguments to macro. Wanted 5 got 4
21:33:46.046 [main] DEBUG org.apache.velocity - VM #includeBrief: too few arguments to macro. Wanted 5 got 4
21:33:46.047 [main] DEBUG org.apache.velocity - VM #includeBrief: too few arguments to macro. Wanted 5 got 4
21:33:46.051 [main] DEBUG org.apache.velocity - VM #includeBrief: too few arguments to macro. Wanted 5 got 4
21:33:46.052 [main] DEBUG org.apache.velocity - VM #includeBrief: too few arguments to macro. Wanted 5 got 4
21:33:46.060 [main] DEBUG org.apache.velocity - VM #includeBrief: too few arguments to macro. Wanted 5 got 4
21:33:46.060 [main] DEBUG org.apache.velocity - VM #includeBrief: too few arguments to macro. Wanted 5 got 4
21:33:46.063 [main] DEBUG org.apache.velocity - VM #includeBrief: too few arguments to macro. Wanted 5 got 4
21:33:46.063 [main] DEBUG org.apache.velocity - VM #includeBrief: too few arguments to macro. Wanted 5 got 4
21:33:46.071 [main] DEBUG org.apache.velocity - ResourceManager : found /templates/footer.vm with loader org.apache.velocity.runtime.resource.loader.ClasspathResourceLoader
21:33:46.075 [main] DEBUG org.apache.velocity - ResourceManager : found templates/generators/reportFeature.vm with loader org.apache.velocity.runtime.resource.loader.ClasspathResourceLoader
21:33:46.077 [main] DEBUG org.apache.velocity - ResourceManager : found /templates/headers.vm with loader org.apache.velocity.runtime.resource.loader.ClasspathResourceLoader
21:33:46.078 [main] DEBUG org.apache.velocity - ResourceManager : found /templates/head.vm with loader org.apache.velocity.runtime.resource.loader.ClasspathResourceLoader
21:33:46.079 [main] DEBUG org.apache.velocity - Velocimacro : added VM stringArray: source=/templates/macros/array.js.vm
21:33:46.079 [main] DEBUG org.apache.velocity - Velocimacro : added VM numberArray: source=/templates/macros/array.js.vm
21:33:46.079 [main] DEBUG org.apache.velocity - ResourceManager : found /templates/macros/array.js.vm with loader org.apache.velocity.runtime.resource.loader.ClasspathResourceLoader
21:33:46.080 [main] DEBUG org.apache.velocity - Velocimacro : added VM includeBuildInfo: source=/templates/macros/page/buildinfo.vm
21:33:46.080 [main] DEBUG org.apache.velocity - ResourceManager : found /templates/macros/page/buildinfo.vm with loader org.apache.velocity.runtime.resource.loader.ClasspathResourceLoader
21:33:46.081 [main] DEBUG org.apache.velocity - Velocimacro : added VM includeClassifications: source=/templates/macros/page/classifications.vm
21:33:46.081 [main] DEBUG org.apache.velocity - ResourceManager : found /templates/macros/page/classifications.vm with loader org.apache.velocity.runtime.resource.loader.ClasspathResourceLoader
21:33:46.082 [main] DEBUG org.apache.velocity - Velocimacro : added VM includeLead: source=/templates/macros/page/lead.vm
21:33:46.083 [main] DEBUG org.apache.velocity - ResourceManager : found /templates/macros/page/lead.vm with loader org.apache.velocity.runtime.resource.loader.ClasspathResourceLoader
21:33:46.084 [main] DEBUG org.apache.velocity - Velocimacro : added VM includeNavigation: source=/templates/macros/page/navigation.vm
21:33:46.084 [main] DEBUG org.apache.velocity - ResourceManager : found /templates/macros/page/navigation.vm with loader org.apache.velocity.runtime.resource.loader.ClasspathResourceLoader
21:33:46.085 [main] DEBUG org.apache.velocity - Velocimacro : added VM includeReportInfo: source=/templates/macros/page/reportInfo.vm
21:33:46.085 [main] DEBUG org.apache.velocity - ResourceManager : found /templates/macros/page/reportInfo.vm with loader org.apache.velocity.runtime.resource.loader.ClasspathResourceLoader
21:33:46.086 [main] DEBUG org.apache.velocity - Velocimacro : added VM includeTitle: source=/templates/macros/page/title.vm
21:33:46.086 [main] DEBUG org.apache.velocity - ResourceManager : found /templates/macros/page/title.vm with loader org.apache.velocity.runtime.resource.loader.ClasspathResourceLoader
21:33:46.087 [main] DEBUG org.apache.velocity - Velocimacro : added VM includeExpandingButtons: source=/templates/macros/report/expandAllButtons.vm
21:33:46.087 [main] DEBUG org.apache.velocity - ResourceManager : found /templates/macros/report/expandAllButtons.vm with loader org.apache.velocity.runtime.resource.loader.ClasspathResourceLoader
21:33:46.090 [main] DEBUG org.apache.velocity - Velocimacro : added VM includeReportTable: source=/templates/macros/report/reportTable.vm
21:33:46.090 [main] DEBUG org.apache.velocity - ResourceManager : found /templates/macros/report/reportTable.vm with loader org.apache.velocity.runtime.resource.loader.ClasspathResourceLoader
21:33:46.091 [main] DEBUG org.apache.velocity - Velocimacro : added VM includeReportHeader: source=/templates/macros/report/reportHeader.vm
21:33:46.091 [main] DEBUG org.apache.velocity - ResourceManager : found /templates/macros/report/reportHeader.vm with loader org.apache.velocity.runtime.resource.loader.ClasspathResourceLoader
21:33:46.094 [main] DEBUG org.apache.velocity - Velocimacro : added VM includeStatsTable: source=/templates/macros/report/statsTable.vm
21:33:46.094 [main] DEBUG org.apache.velocity - ResourceManager : found /templates/macros/report/statsTable.vm with loader org.apache.velocity.runtime.resource.loader.ClasspathResourceLoader
21:33:46.095 [main] DEBUG org.apache.velocity - Velocimacro : added VM includeBrief: source=/templates/macros/json/brief.vm
21:33:46.095 [main] DEBUG org.apache.velocity - ResourceManager : found /templates/macros/json/brief.vm with loader org.apache.velocity.runtime.resource.loader.ClasspathResourceLoader
21:33:46.096 [main] DEBUG org.apache.velocity - Velocimacro : added VM includeDocString: source=/templates/macros/json/docstring.vm
21:33:46.097 [main] DEBUG org.apache.velocity - ResourceManager : found /templates/macros/json/docstring.vm with loader org.apache.velocity.runtime.resource.loader.ClasspathResourceLoader
21:33:46.099 [main] DEBUG org.apache.velocity - Velocimacro : added VM includeDuration: source=/templates/macros/json/duration.vm
21:33:46.099 [main] DEBUG org.apache.velocity - ResourceManager : found /templates/macros/json/duration.vm with loader org.apache.velocity.runtime.resource.loader.ClasspathResourceLoader
21:33:46.101 [main] DEBUG org.apache.velocity - Velocimacro : added VM includeElement: source=/templates/macros/json/element.vm
21:33:46.101 [main] DEBUG org.apache.velocity - ResourceManager : found /templates/macros/json/element.vm with loader org.apache.velocity.runtime.resource.loader.ClasspathResourceLoader
21:33:46.104 [main] DEBUG org.apache.velocity - Velocimacro : added VM includeEmbeddings: source=/templates/macros/json/embeddings.vm
21:33:46.104 [main] DEBUG org.apache.velocity - Velocimacro : added VM includeHtmlEmbedding: source=/templates/macros/json/embeddings.vm
21:33:46.104 [main] DEBUG org.apache.velocity - Velocimacro : added VM includeImageEmbedding: source=/templates/macros/json/embeddings.vm
21:33:46.104 [main] DEBUG org.apache.velocity - Velocimacro : added VM includeImageReferenceEmbedding: source=/templates/macros/json/embeddings.vm
21:33:46.105 [main] DEBUG org.apache.velocity - Velocimacro : added VM includeTextEmbedding: source=/templates/macros/json/embeddings.vm
21:33:46.105 [main] DEBUG org.apache.velocity - Velocimacro : added VM includeUnknownEmbedding: source=/templates/macros/json/embeddings.vm
21:33:46.105 [main] DEBUG org.apache.velocity - ResourceManager : found /templates/macros/json/embeddings.vm with loader org.apache.velocity.runtime.resource.loader.ClasspathResourceLoader
21:33:46.108 [main] DEBUG org.apache.velocity - Velocimacro : added VM includeHooks: source=/templates/macros/json/hooks.vm
21:33:46.108 [main] DEBUG org.apache.velocity - ResourceManager : found /templates/macros/json/hooks.vm with loader org.apache.velocity.runtime.resource.loader.ClasspathResourceLoader
21:33:46.109 [main] DEBUG org.apache.velocity - Velocimacro : added VM includeOutput: source=/templates/macros/json/output.vm
21:33:46.109 [main] DEBUG org.apache.velocity - ResourceManager : found /templates/macros/json/output.vm with loader org.apache.velocity.runtime.resource.loader.ClasspathResourceLoader
21:33:46.111 [main] DEBUG org.apache.velocity - Velocimacro : added VM includeMessage: source=/templates/macros/json/message.vm
21:33:46.111 [main] DEBUG org.apache.velocity - ResourceManager : found /templates/macros/json/message.vm with loader org.apache.velocity.runtime.resource.loader.ClasspathResourceLoader
21:33:46.112 [main] DEBUG org.apache.velocity - Velocimacro : added VM includeSteps: source=/templates/macros/json/steps.vm
21:33:46.113 [main] DEBUG org.apache.velocity - ResourceManager : found /templates/macros/json/steps.vm with loader org.apache.velocity.runtime.resource.loader.ClasspathResourceLoader
21:33:46.114 [main] DEBUG org.apache.velocity - Velocimacro : added VM includeTags: source=/templates/macros/json/tags.vm
21:33:46.114 [main] DEBUG org.apache.velocity - ResourceManager : found /templates/macros/json/tags.vm with loader org.apache.velocity.runtime.resource.loader.ClasspathResourceLoader
21:33:46.115 [main] DEBUG org.apache.velocity - VM #includeNavigation: too few arguments to macro. Wanted 1 got 0
21:33:46.115 [main] DEBUG org.apache.velocity - Left side ($active_tab) of '==' operation has null value. If it is a reference, it may not be in the context or its toString() returned null. /templates/macros/page/navigation.vm[line 14, column 51]
21:33:46.115 [main] DEBUG org.apache.velocity - Left side ($active_tab) of '==' operation has null value. If it is a reference, it may not be in the context or its toString() returned null. /templates/macros/page/navigation.vm[line 15, column 51]
21:33:46.115 [main] DEBUG org.apache.velocity - Left side ($active_tab) of '==' operation has null value. If it is a reference, it may not be in the context or its toString() returned null. /templates/macros/page/navigation.vm[line 16, column 51]
21:33:46.115 [main] DEBUG org.apache.velocity - Left side ($active_tab) of '==' operation has null value. If it is a reference, it may not be in the context or its toString() returned null. /templates/macros/page/navigation.vm[line 20, column 51]
21:33:46.115 [main] DEBUG org.apache.velocity - VM #includeLead: too few arguments to macro. Wanted 2 got 1
21:33:46.116 [main] DEBUG org.apache.velocity - VM #includeBrief: too few arguments to macro. Wanted 5 got 3
21:33:46.117 [main] DEBUG org.apache.velocity - VM #includeBrief: too few arguments to macro. Wanted 5 got 4
21:33:46.118 [main] DEBUG org.apache.velocity - VM #includeBrief: too few arguments to macro. Wanted 5 got 4
21:33:46.129 [main] DEBUG org.apache.velocity - VM #includeBrief: too few arguments to macro. Wanted 5 got 4
21:33:46.129 [main] DEBUG org.apache.velocity - VM #includeBrief: too few arguments to macro. Wanted 5 got 4
21:33:46.135 [main] DEBUG org.apache.velocity - ResourceManager : found /templates/footer.vm with loader org.apache.velocity.runtime.resource.loader.ClasspathResourceLoader
21:33:46.139 [main] DEBUG org.apache.velocity - ResourceManager : found templates/generators/overviewTags.vm with loader org.apache.velocity.runtime.resource.loader.ClasspathResourceLoader
21:33:46.142 [main] DEBUG org.apache.velocity - ResourceManager : found /templates/headers.vm with loader org.apache.velocity.runtime.resource.loader.ClasspathResourceLoader
21:33:46.143 [main] DEBUG org.apache.velocity - ResourceManager : found /templates/head.vm with loader org.apache.velocity.runtime.resource.loader.ClasspathResourceLoader
21:33:46.144 [main] DEBUG org.apache.velocity - Velocimacro : added VM stringArray: source=/templates/macros/array.js.vm
21:33:46.144 [main] DEBUG org.apache.velocity - Velocimacro : added VM numberArray: source=/templates/macros/array.js.vm
21:33:46.144 [main] DEBUG org.apache.velocity - ResourceManager : found /templates/macros/array.js.vm with loader org.apache.velocity.runtime.resource.loader.ClasspathResourceLoader
21:33:46.145 [main] DEBUG org.apache.velocity - Velocimacro : added VM includeBuildInfo: source=/templates/macros/page/buildinfo.vm
21:33:46.145 [main] DEBUG org.apache.velocity - ResourceManager : found /templates/macros/page/buildinfo.vm with loader org.apache.velocity.runtime.resource.loader.ClasspathResourceLoader
21:33:46.147 [main] DEBUG org.apache.velocity - Velocimacro : added VM includeClassifications: source=/templates/macros/page/classifications.vm
21:33:46.147 [main] DEBUG org.apache.velocity - ResourceManager : found /templates/macros/page/classifications.vm with loader org.apache.velocity.runtime.resource.loader.ClasspathResourceLoader
21:33:46.148 [main] DEBUG org.apache.velocity - Velocimacro : added VM includeLead: source=/templates/macros/page/lead.vm
21:33:46.148 [main] DEBUG org.apache.velocity - ResourceManager : found /templates/macros/page/lead.vm with loader org.apache.velocity.runtime.resource.loader.ClasspathResourceLoader
21:33:46.149 [main] DEBUG org.apache.velocity - Velocimacro : added VM includeNavigation: source=/templates/macros/page/navigation.vm
21:33:46.149 [main] DEBUG org.apache.velocity - ResourceManager : found /templates/macros/page/navigation.vm with loader org.apache.velocity.runtime.resource.loader.ClasspathResourceLoader
21:33:46.150 [main] DEBUG org.apache.velocity - Velocimacro : added VM includeReportInfo: source=/templates/macros/page/reportInfo.vm
21:33:46.150 [main] DEBUG org.apache.velocity - ResourceManager : found /templates/macros/page/reportInfo.vm with loader org.apache.velocity.runtime.resource.loader.ClasspathResourceLoader
21:33:46.151 [main] DEBUG org.apache.velocity - Velocimacro : added VM includeTitle: source=/templates/macros/page/title.vm
21:33:46.151 [main] DEBUG org.apache.velocity - ResourceManager : found /templates/macros/page/title.vm with loader org.apache.velocity.runtime.resource.loader.ClasspathResourceLoader
21:33:46.152 [main] DEBUG org.apache.velocity - Velocimacro : added VM includeExpandingButtons: source=/templates/macros/report/expandAllButtons.vm
21:33:46.152 [main] DEBUG org.apache.velocity - ResourceManager : found /templates/macros/report/expandAllButtons.vm with loader org.apache.velocity.runtime.resource.loader.ClasspathResourceLoader
21:33:46.153 [main] DEBUG org.apache.velocity - Velocimacro : added VM includeReportTable: source=/templates/macros/report/reportTable.vm
21:33:46.153 [main] DEBUG org.apache.velocity - ResourceManager : found /templates/macros/report/reportTable.vm with loader org.apache.velocity.runtime.resource.loader.ClasspathResourceLoader
21:33:46.155 [main] DEBUG org.apache.velocity - Velocimacro : added VM includeReportHeader: source=/templates/macros/report/reportHeader.vm
21:33:46.155 [main] DEBUG org.apache.velocity - ResourceManager : found /templates/macros/report/reportHeader.vm with loader org.apache.velocity.runtime.resource.loader.ClasspathResourceLoader
21:33:46.158 [main] DEBUG org.apache.velocity - Velocimacro : added VM includeStatsTable: source=/templates/macros/report/statsTable.vm
21:33:46.158 [main] DEBUG org.apache.velocity - ResourceManager : found /templates/macros/report/statsTable.vm with loader org.apache.velocity.runtime.resource.loader.ClasspathResourceLoader
21:33:46.159 [main] DEBUG org.apache.velocity - Velocimacro : added VM includeBrief: source=/templates/macros/json/brief.vm
21:33:46.159 [main] DEBUG org.apache.velocity - ResourceManager : found /templates/macros/json/brief.vm with loader org.apache.velocity.runtime.resource.loader.ClasspathResourceLoader
21:33:46.160 [main] DEBUG org.apache.velocity - Velocimacro : added VM includeDocString: source=/templates/macros/json/docstring.vm
21:33:46.160 [main] DEBUG org.apache.velocity - ResourceManager : found /templates/macros/json/docstring.vm with loader org.apache.velocity.runtime.resource.loader.ClasspathResourceLoader
21:33:46.160 [main] DEBUG org.apache.velocity - Velocimacro : added VM includeDuration: source=/templates/macros/json/duration.vm
21:33:46.160 [main] DEBUG org.apache.velocity - ResourceManager : found /templates/macros/json/duration.vm with loader org.apache.velocity.runtime.resource.loader.ClasspathResourceLoader
21:33:46.163 [main] DEBUG org.apache.velocity - Velocimacro : added VM includeElement: source=/templates/macros/json/element.vm
21:33:46.163 [main] DEBUG org.apache.velocity - ResourceManager : found /templates/macros/json/element.vm with loader org.apache.velocity.runtime.resource.loader.ClasspathResourceLoader
21:33:46.166 [main] DEBUG org.apache.velocity - Velocimacro : added VM includeEmbeddings: source=/templates/macros/json/embeddings.vm
21:33:46.166 [main] DEBUG org.apache.velocity - Velocimacro : added VM includeHtmlEmbedding: source=/templates/macros/json/embeddings.vm
21:33:46.167 [main] DEBUG org.apache.velocity - Velocimacro : added VM includeImageEmbedding: source=/templates/macros/json/embeddings.vm
21:33:46.167 [main] DEBUG org.apache.velocity - Velocimacro : added VM includeImageReferenceEmbedding: source=/templates/macros/json/embeddings.vm
21:33:46.167 [main] DEBUG org.apache.velocity - Velocimacro : added VM includeTextEmbedding: source=/templates/macros/json/embeddings.vm
21:33:46.167 [main] DEBUG org.apache.velocity - Velocimacro : added VM includeUnknownEmbedding: source=/templates/macros/json/embeddings.vm
21:33:46.167 [main] DEBUG org.apache.velocity - ResourceManager : found /templates/macros/json/embeddings.vm with loader org.apache.velocity.runtime.resource.loader.ClasspathResourceLoader
21:33:46.169 [main] DEBUG org.apache.velocity - Velocimacro : added VM includeHooks: source=/templates/macros/json/hooks.vm
21:33:46.169 [main] DEBUG org.apache.velocity - ResourceManager : found /templates/macros/json/hooks.vm with loader org.apache.velocity.runtime.resource.loader.ClasspathResourceLoader
21:33:46.171 [main] DEBUG org.apache.velocity - Velocimacro : added VM includeOutput: source=/templates/macros/json/output.vm
21:33:46.171 [main] DEBUG org.apache.velocity - ResourceManager : found /templates/macros/json/output.vm with loader org.apache.velocity.runtime.resource.loader.ClasspathResourceLoader
21:33:46.174 [main] DEBUG org.apache.velocity - Velocimacro : added VM includeMessage: source=/templates/macros/json/message.vm
21:33:46.174 [main] DEBUG org.apache.velocity - ResourceManager : found /templates/macros/json/message.vm with loader org.apache.velocity.runtime.resource.loader.ClasspathResourceLoader
21:33:46.176 [main] DEBUG org.apache.velocity - Velocimacro : added VM includeSteps: source=/templates/macros/json/steps.vm
21:33:46.176 [main] DEBUG org.apache.velocity - ResourceManager : found /templates/macros/json/steps.vm with loader org.apache.velocity.runtime.resource.loader.ClasspathResourceLoader
21:33:46.178 [main] DEBUG org.apache.velocity - Velocimacro : added VM includeTags: source=/templates/macros/json/tags.vm
21:33:46.178 [main] DEBUG org.apache.velocity - ResourceManager : found /templates/macros/json/tags.vm with loader org.apache.velocity.runtime.resource.loader.ClasspathResourceLoader
21:33:46.180 [main] DEBUG org.apache.velocity - ResourceManager : found /templates/js/tags-chart.js.vm with loader org.apache.velocity.runtime.resource.loader.ClasspathResourceLoader
21:33:46.198 [main] DEBUG org.apache.velocity - ResourceManager : found /templates/footer.vm with loader org.apache.velocity.runtime.resource.loader.ClasspathResourceLoader
21:33:46.201 [main] DEBUG org.apache.velocity - ResourceManager : found templates/generators/reportTag.vm with loader org.apache.velocity.runtime.resource.loader.ClasspathResourceLoader
21:33:46.205 [main] DEBUG org.apache.velocity - ResourceManager : found /templates/headers.vm with loader org.apache.velocity.runtime.resource.loader.ClasspathResourceLoader
21:33:46.206 [main] DEBUG org.apache.velocity - ResourceManager : found /templates/head.vm with loader org.apache.velocity.runtime.resource.loader.ClasspathResourceLoader
21:33:46.208 [main] DEBUG org.apache.velocity - Velocimacro : added VM stringArray: source=/templates/macros/array.js.vm
21:33:46.208 [main] DEBUG org.apache.velocity - Velocimacro : added VM numberArray: source=/templates/macros/array.js.vm
21:33:46.208 [main] DEBUG org.apache.velocity - ResourceManager : found /templates/macros/array.js.vm with loader org.apache.velocity.runtime.resource.loader.ClasspathResourceLoader
21:33:46.210 [main] DEBUG org.apache.velocity - Velocimacro : added VM includeBuildInfo: source=/templates/macros/page/buildinfo.vm
21:33:46.210 [main] DEBUG org.apache.velocity - ResourceManager : found /templates/macros/page/buildinfo.vm with loader org.apache.velocity.runtime.resource.loader.ClasspathResourceLoader
21:33:46.211 [main] DEBUG org.apache.velocity - Velocimacro : added VM includeClassifications: source=/templates/macros/page/classifications.vm
21:33:46.211 [main] DEBUG org.apache.velocity - ResourceManager : found /templates/macros/page/classifications.vm with loader org.apache.velocity.runtime.resource.loader.ClasspathResourceLoader
21:33:46.212 [main] DEBUG org.apache.velocity - Velocimacro : added VM includeLead: source=/templates/macros/page/lead.vm
21:33:46.212 [main] DEBUG org.apache.velocity - ResourceManager : found /templates/macros/page/lead.vm with loader org.apache.velocity.runtime.resource.loader.ClasspathResourceLoader
21:33:46.213 [main] DEBUG org.apache.velocity - Velocimacro : added VM includeNavigation: source=/templates/macros/page/navigation.vm
21:33:46.214 [main] DEBUG org.apache.velocity - ResourceManager : found /templates/macros/page/navigation.vm with loader org.apache.velocity.runtime.resource.loader.ClasspathResourceLoader
21:33:46.214 [main] DEBUG org.apache.velocity - Velocimacro : added VM includeReportInfo: source=/templates/macros/page/reportInfo.vm
21:33:46.214 [main] DEBUG org.apache.velocity - ResourceManager : found /templates/macros/page/reportInfo.vm with loader org.apache.velocity.runtime.resource.loader.ClasspathResourceLoader
21:33:46.215 [main] DEBUG org.apache.velocity - Velocimacro : added VM includeTitle: source=/templates/macros/page/title.vm
21:33:46.215 [main] DEBUG org.apache.velocity - ResourceManager : found /templates/macros/page/title.vm with loader org.apache.velocity.runtime.resource.loader.ClasspathResourceLoader
21:33:46.216 [main] DEBUG org.apache.velocity - Velocimacro : added VM includeExpandingButtons: source=/templates/macros/report/expandAllButtons.vm
21:33:46.216 [main] DEBUG org.apache.velocity - ResourceManager : found /templates/macros/report/expandAllButtons.vm with loader org.apache.velocity.runtime.resource.loader.ClasspathResourceLoader
21:33:46.218 [main] DEBUG org.apache.velocity - Velocimacro : added VM includeReportTable: source=/templates/macros/report/reportTable.vm
21:33:46.218 [main] DEBUG org.apache.velocity - ResourceManager : found /templates/macros/report/reportTable.vm with loader org.apache.velocity.runtime.resource.loader.ClasspathResourceLoader
21:33:46.219 [main] DEBUG org.apache.velocity - Velocimacro : added VM includeReportHeader: source=/templates/macros/report/reportHeader.vm
21:33:46.219 [main] DEBUG org.apache.velocity - ResourceManager : found /templates/macros/report/reportHeader.vm with loader org.apache.velocity.runtime.resource.loader.ClasspathResourceLoader
21:33:46.221 [main] DEBUG org.apache.velocity - Velocimacro : added VM includeStatsTable: source=/templates/macros/report/statsTable.vm
21:33:46.221 [main] DEBUG org.apache.velocity - ResourceManager : found /templates/macros/report/statsTable.vm with loader org.apache.velocity.runtime.resource.loader.ClasspathResourceLoader
21:33:46.223 [main] DEBUG org.apache.velocity - Velocimacro : added VM includeBrief: source=/templates/macros/json/brief.vm
21:33:46.224 [main] DEBUG org.apache.velocity - ResourceManager : found /templates/macros/json/brief.vm with loader org.apache.velocity.runtime.resource.loader.ClasspathResourceLoader
21:33:46.225 [main] DEBUG org.apache.velocity - Velocimacro : added VM includeDocString: source=/templates/macros/json/docstring.vm
21:33:46.225 [main] DEBUG org.apache.velocity - ResourceManager : found /templates/macros/json/docstring.vm with loader org.apache.velocity.runtime.resource.loader.ClasspathResourceLoader
21:33:46.226 [main] DEBUG org.apache.velocity - Velocimacro : added VM includeDuration: source=/templates/macros/json/duration.vm
21:33:46.226 [main] DEBUG org.apache.velocity - ResourceManager : found /templates/macros/json/duration.vm with loader org.apache.velocity.runtime.resource.loader.ClasspathResourceLoader
21:33:46.227 [main] DEBUG org.apache.velocity - Velocimacro : added VM includeElement: source=/templates/macros/json/element.vm
21:33:46.227 [main] DEBUG org.apache.velocity - ResourceManager : found /templates/macros/json/element.vm with loader org.apache.velocity.runtime.resource.loader.ClasspathResourceLoader
21:33:46.229 [main] DEBUG org.apache.velocity - Velocimacro : added VM includeEmbeddings: source=/templates/macros/json/embeddings.vm
21:33:46.229 [main] DEBUG org.apache.velocity - Velocimacro : added VM includeHtmlEmbedding: source=/templates/macros/json/embeddings.vm
21:33:46.230 [main] DEBUG org.apache.velocity - Velocimacro : added VM includeImageEmbedding: source=/templates/macros/json/embeddings.vm
21:33:46.230 [main] DEBUG org.apache.velocity - Velocimacro : added VM includeImageReferenceEmbedding: source=/templates/macros/json/embeddings.vm
21:33:46.230 [main] DEBUG org.apache.velocity - Velocimacro : added VM includeTextEmbedding: source=/templates/macros/json/embeddings.vm
21:33:46.230 [main] DEBUG org.apache.velocity - Velocimacro : added VM includeUnknownEmbedding: source=/templates/macros/json/embeddings.vm
21:33:46.230 [main] DEBUG org.apache.velocity - ResourceManager : found /templates/macros/json/embeddings.vm with loader org.apache.velocity.runtime.resource.loader.ClasspathResourceLoader
21:33:46.231 [main] DEBUG org.apache.velocity - Velocimacro : added VM includeHooks: source=/templates/macros/json/hooks.vm
21:33:46.231 [main] DEBUG org.apache.velocity - ResourceManager : found /templates/macros/json/hooks.vm with loader org.apache.velocity.runtime.resource.loader.ClasspathResourceLoader
21:33:46.232 [main] DEBUG org.apache.velocity - Velocimacro : added VM includeOutput: source=/templates/macros/json/output.vm
21:33:46.232 [main] DEBUG org.apache.velocity - ResourceManager : found /templates/macros/json/output.vm with loader org.apache.velocity.runtime.resource.loader.ClasspathResourceLoader
21:33:46.232 [main] DEBUG org.apache.velocity - Velocimacro : added VM includeMessage: source=/templates/macros/json/message.vm
21:33:46.232 [main] DEBUG org.apache.velocity - ResourceManager : found /templates/macros/json/message.vm with loader org.apache.velocity.runtime.resource.loader.ClasspathResourceLoader
21:33:46.234 [main] DEBUG org.apache.velocity - Velocimacro : added VM includeSteps: source=/templates/macros/json/steps.vm
21:33:46.234 [main] DEBUG org.apache.velocity - ResourceManager : found /templates/macros/json/steps.vm with loader org.apache.velocity.runtime.resource.loader.ClasspathResourceLoader
21:33:46.235 [main] DEBUG org.apache.velocity - Velocimacro : added VM includeTags: source=/templates/macros/json/tags.vm
21:33:46.235 [main] DEBUG org.apache.velocity - ResourceManager : found /templates/macros/json/tags.vm with loader org.apache.velocity.runtime.resource.loader.ClasspathResourceLoader
21:33:46.235 [main] DEBUG org.apache.velocity - VM #includeNavigation: too few arguments to macro. Wanted 1 got 0
21:33:46.235 [main] DEBUG org.apache.velocity - Left side ($active_tab) of '==' operation has null value. If it is a reference, it may not be in the context or its toString() returned null. /templates/macros/page/navigation.vm[line 14, column 51]
21:33:46.235 [main] DEBUG org.apache.velocity - Left side ($active_tab) of '==' operation has null value. If it is a reference, it may not be in the context or its toString() returned null. /templates/macros/page/navigation.vm[line 15, column 51]
21:33:46.235 [main] DEBUG org.apache.velocity - Left side ($active_tab) of '==' operation has null value. If it is a reference, it may not be in the context or its toString() returned null. /templates/macros/page/navigation.vm[line 16, column 51]
21:33:46.235 [main] DEBUG org.apache.velocity - Left side ($active_tab) of '==' operation has null value. If it is a reference, it may not be in the context or its toString() returned null. /templates/macros/page/navigation.vm[line 20, column 51]
21:33:46.235 [main] DEBUG org.apache.velocity - VM #includeLead: too few arguments to macro. Wanted 2 got 1
21:33:46.237 [main] DEBUG org.apache.velocity - VM #includeBrief: too few arguments to macro. Wanted 5 got 4
21:33:46.237 [main] DEBUG org.apache.velocity - VM #includeBrief: too few arguments to macro. Wanted 5 got 4
21:33:46.241 [main] DEBUG org.apache.velocity - VM #includeBrief: too few arguments to macro. Wanted 5 got 4
21:33:46.242 [main] DEBUG org.apache.velocity - VM #includeBrief: too few arguments to macro. Wanted 5 got 4
21:33:46.245 [main] DEBUG org.apache.velocity - VM #includeBrief: too few arguments to macro. Wanted 5 got 4
21:33:46.245 [main] DEBUG org.apache.velocity - VM #includeBrief: too few arguments to macro. Wanted 5 got 4
21:33:46.249 [main] DEBUG org.apache.velocity - ResourceManager : found /templates/footer.vm with loader org.apache.velocity.runtime.resource.loader.ClasspathResourceLoader
21:33:46.251 [main] DEBUG org.apache.velocity - ResourceManager : found templates/generators/reportTag.vm with loader org.apache.velocity.runtime.resource.loader.ClasspathResourceLoader
21:33:46.254 [main] DEBUG org.apache.velocity - ResourceManager : found /templates/headers.vm with loader org.apache.velocity.runtime.resource.loader.ClasspathResourceLoader
21:33:46.257 [main] DEBUG org.apache.velocity - ResourceManager : found /templates/head.vm with loader org.apache.velocity.runtime.resource.loader.ClasspathResourceLoader
21:33:46.258 [main] DEBUG org.apache.velocity - Velocimacro : added VM stringArray: source=/templates/macros/array.js.vm
21:33:46.259 [main] DEBUG org.apache.velocity - Velocimacro : added VM numberArray: source=/templates/macros/array.js.vm
21:33:46.259 [main] DEBUG org.apache.velocity - ResourceManager : found /templates/macros/array.js.vm with loader org.apache.velocity.runtime.resource.loader.ClasspathResourceLoader
21:33:46.260 [main] DEBUG org.apache.velocity - Velocimacro : added VM includeBuildInfo: source=/templates/macros/page/buildinfo.vm
21:33:46.260 [main] DEBUG org.apache.velocity - ResourceManager : found /templates/macros/page/buildinfo.vm with loader org.apache.velocity.runtime.resource.loader.ClasspathResourceLoader
21:33:46.261 [main] DEBUG org.apache.velocity - Velocimacro : added VM includeClassifications: source=/templates/macros/page/classifications.vm
21:33:46.261 [main] DEBUG org.apache.velocity - ResourceManager : found /templates/macros/page/classifications.vm with loader org.apache.velocity.runtime.resource.loader.ClasspathResourceLoader
21:33:46.262 [main] DEBUG org.apache.velocity - Velocimacro : added VM includeLead: source=/templates/macros/page/lead.vm
21:33:46.262 [main] DEBUG org.apache.velocity - ResourceManager : found /templates/macros/page/lead.vm with loader org.apache.velocity.runtime.resource.loader.ClasspathResourceLoader
21:33:46.263 [main] DEBUG org.apache.velocity - Velocimacro : added VM includeNavigation: source=/templates/macros/page/navigation.vm
21:33:46.263 [main] DEBUG org.apache.velocity - ResourceManager : found /templates/macros/page/navigation.vm with loader org.apache.velocity.runtime.resource.loader.ClasspathResourceLoader
21:33:46.264 [main] DEBUG org.apache.velocity - Velocimacro : added VM includeReportInfo: source=/templates/macros/page/reportInfo.vm
21:33:46.264 [main] DEBUG org.apache.velocity - ResourceManager : found /templates/macros/page/reportInfo.vm with loader org.apache.velocity.runtime.resource.loader.ClasspathResourceLoader
21:33:46.265 [main] DEBUG org.apache.velocity - Velocimacro : added VM includeTitle: source=/templates/macros/page/title.vm
21:33:46.265 [main] DEBUG org.apache.velocity - ResourceManager : found /templates/macros/page/title.vm with loader org.apache.velocity.runtime.resource.loader.ClasspathResourceLoader
21:33:46.266 [main] DEBUG org.apache.velocity - Velocimacro : added VM includeExpandingButtons: source=/templates/macros/report/expandAllButtons.vm
21:33:46.266 [main] DEBUG org.apache.velocity - ResourceManager : found /templates/macros/report/expandAllButtons.vm with loader org.apache.velocity.runtime.resource.loader.ClasspathResourceLoader
21:33:46.268 [main] DEBUG org.apache.velocity - Velocimacro : added VM includeReportTable: source=/templates/macros/report/reportTable.vm
21:33:46.268 [main] DEBUG org.apache.velocity - ResourceManager : found /templates/macros/report/reportTable.vm with loader org.apache.velocity.runtime.resource.loader.ClasspathResourceLoader
21:33:46.269 [main] DEBUG org.apache.velocity - Velocimacro : added VM includeReportHeader: source=/templates/macros/report/reportHeader.vm
21:33:46.269 [main] DEBUG org.apache.velocity - ResourceManager : found /templates/macros/report/reportHeader.vm with loader org.apache.velocity.runtime.resource.loader.ClasspathResourceLoader
21:33:46.271 [main] DEBUG org.apache.velocity - Velocimacro : added VM includeStatsTable: source=/templates/macros/report/statsTable.vm
21:33:46.271 [main] DEBUG org.apache.velocity - ResourceManager : found /templates/macros/report/statsTable.vm with loader org.apache.velocity.runtime.resource.loader.ClasspathResourceLoader
21:33:46.274 [main] DEBUG org.apache.velocity - Velocimacro : added VM includeBrief: source=/templates/macros/json/brief.vm
21:33:46.274 [main] DEBUG org.apache.velocity - ResourceManager : found /templates/macros/json/brief.vm with loader org.apache.velocity.runtime.resource.loader.ClasspathResourceLoader
21:33:46.275 [main] DEBUG org.apache.velocity - Velocimacro : added VM includeDocString: source=/templates/macros/json/docstring.vm
21:33:46.275 [main] DEBUG org.apache.velocity - ResourceManager : found /templates/macros/json/docstring.vm with loader org.apache.velocity.runtime.resource.loader.ClasspathResourceLoader
21:33:46.277 [main] DEBUG org.apache.velocity - Velocimacro : added VM includeDuration: source=/templates/macros/json/duration.vm
21:33:46.277 [main] DEBUG org.apache.velocity - ResourceManager : found /templates/macros/json/duration.vm with loader org.apache.velocity.runtime.resource.loader.ClasspathResourceLoader
21:33:46.278 [main] DEBUG org.apache.velocity - Velocimacro : added VM includeElement: source=/templates/macros/json/element.vm
21:33:46.278 [main] DEBUG org.apache.velocity - ResourceManager : found /templates/macros/json/element.vm with loader org.apache.velocity.runtime.resource.loader.ClasspathResourceLoader
21:33:46.280 [main] DEBUG org.apache.velocity - Velocimacro : added VM includeEmbeddings: source=/templates/macros/json/embeddings.vm
21:33:46.280 [main] DEBUG org.apache.velocity - Velocimacro : added VM includeHtmlEmbedding: source=/templates/macros/json/embeddings.vm
21:33:46.280 [main] DEBUG org.apache.velocity - Velocimacro : added VM includeImageEmbedding: source=/templates/macros/json/embeddings.vm
21:33:46.280 [main] DEBUG org.apache.velocity - Velocimacro : added VM includeImageReferenceEmbedding: source=/templates/macros/json/embeddings.vm
21:33:46.281 [main] DEBUG org.apache.velocity - Velocimacro : added VM includeTextEmbedding: source=/templates/macros/json/embeddings.vm
21:33:46.281 [main] DEBUG org.apache.velocity - Velocimacro : added VM includeUnknownEmbedding: source=/templates/macros/json/embeddings.vm
21:33:46.281 [main] DEBUG org.apache.velocity - ResourceManager : found /templates/macros/json/embeddings.vm with loader org.apache.velocity.runtime.resource.loader.ClasspathResourceLoader
21:33:46.282 [main] DEBUG org.apache.velocity - Velocimacro : added VM includeHooks: source=/templates/macros/json/hooks.vm
21:33:46.282 [main] DEBUG org.apache.velocity - ResourceManager : found /templates/macros/json/hooks.vm with loader org.apache.velocity.runtime.resource.loader.ClasspathResourceLoader
21:33:46.283 [main] DEBUG org.apache.velocity - Velocimacro : added VM includeOutput: source=/templates/macros/json/output.vm
21:33:46.283 [main] DEBUG org.apache.velocity - ResourceManager : found /templates/macros/json/output.vm with loader org.apache.velocity.runtime.resource.loader.ClasspathResourceLoader
21:33:46.284 [main] DEBUG org.apache.velocity - Velocimacro : added VM includeMessage: source=/templates/macros/json/message.vm
21:33:46.284 [main] DEBUG org.apache.velocity - ResourceManager : found /templates/macros/json/message.vm with loader org.apache.velocity.runtime.resource.loader.ClasspathResourceLoader
21:33:46.285 [main] DEBUG org.apache.velocity - Velocimacro : added VM includeSteps: source=/templates/macros/json/steps.vm
21:33:46.285 [main] DEBUG org.apache.velocity - ResourceManager : found /templates/macros/json/steps.vm with loader org.apache.velocity.runtime.resource.loader.ClasspathResourceLoader
21:33:46.286 [main] DEBUG org.apache.velocity - Velocimacro : added VM includeTags: source=/templates/macros/json/tags.vm
21:33:46.287 [main] DEBUG org.apache.velocity - ResourceManager : found /templates/macros/json/tags.vm with loader org.apache.velocity.runtime.resource.loader.ClasspathResourceLoader
21:33:46.288 [main] DEBUG org.apache.velocity - VM #includeNavigation: too few arguments to macro. Wanted 1 got 0
21:33:46.288 [main] DEBUG org.apache.velocity - Left side ($active_tab) of '==' operation has null value. If it is a reference, it may not be in the context or its toString() returned null. /templates/macros/page/navigation.vm[line 14, column 51]
21:33:46.288 [main] DEBUG org.apache.velocity - Left side ($active_tab) of '==' operation has null value. If it is a reference, it may not be in the context or its toString() returned null. /templates/macros/page/navigation.vm[line 15, column 51]
21:33:46.289 [main] DEBUG org.apache.velocity - Left side ($active_tab) of '==' operation has null value. If it is a reference, it may not be in the context or its toString() returned null. /templates/macros/page/navigation.vm[line 16, column 51]
21:33:46.289 [main] DEBUG org.apache.velocity - Left side ($active_tab) of '==' operation has null value. If it is a reference, it may not be in the context or its toString() returned null. /templates/macros/page/navigation.vm[line 20, column 51]
21:33:46.289 [main] DEBUG org.apache.velocity - VM #includeLead: too few arguments to macro. Wanted 2 got 1
21:33:46.292 [main] DEBUG org.apache.velocity - VM #includeBrief: too few arguments to macro. Wanted 5 got 4
21:33:46.292 [main] DEBUG org.apache.velocity - VM #includeBrief: too few arguments to macro. Wanted 5 got 4
21:33:46.297 [main] DEBUG org.apache.velocity - ResourceManager : found /templates/footer.vm with loader org.apache.velocity.runtime.resource.loader.ClasspathResourceLoader
21:33:46.300 [main] DEBUG org.apache.velocity - ResourceManager : found templates/generators/reportTag.vm with loader org.apache.velocity.runtime.resource.loader.ClasspathResourceLoader
21:33:46.302 [main] DEBUG org.apache.velocity - ResourceManager : found /templates/headers.vm with loader org.apache.velocity.runtime.resource.loader.ClasspathResourceLoader
21:33:46.303 [main] DEBUG org.apache.velocity - ResourceManager : found /templates/head.vm with loader org.apache.velocity.runtime.resource.loader.ClasspathResourceLoader
21:33:46.304 [main] DEBUG org.apache.velocity - Velocimacro : added VM stringArray: source=/templates/macros/array.js.vm
21:33:46.304 [main] DEBUG org.apache.velocity - Velocimacro : added VM numberArray: source=/templates/macros/array.js.vm
21:33:46.305 [main] DEBUG org.apache.velocity - ResourceManager : found /templates/macros/array.js.vm with loader org.apache.velocity.runtime.resource.loader.ClasspathResourceLoader
21:33:46.306 [main] DEBUG org.apache.velocity - Velocimacro : added VM includeBuildInfo: source=/templates/macros/page/buildinfo.vm
21:33:46.306 [main] DEBUG org.apache.velocity - ResourceManager : found /templates/macros/page/buildinfo.vm with loader org.apache.velocity.runtime.resource.loader.ClasspathResourceLoader
21:33:46.308 [main] DEBUG org.apache.velocity - Velocimacro : added VM includeClassifications: source=/templates/macros/page/classifications.vm
21:33:46.308 [main] DEBUG org.apache.velocity - ResourceManager : found /templates/macros/page/classifications.vm with loader org.apache.velocity.runtime.resource.loader.ClasspathResourceLoader
21:33:46.309 [main] DEBUG org.apache.velocity - Velocimacro : added VM includeLead: source=/templates/macros/page/lead.vm
21:33:46.309 [main] DEBUG org.apache.velocity - ResourceManager : found /templates/macros/page/lead.vm with loader org.apache.velocity.runtime.resource.loader.ClasspathResourceLoader
21:33:46.310 [main] DEBUG org.apache.velocity - Velocimacro : added VM includeNavigation: source=/templates/macros/page/navigation.vm
21:33:46.310 [main] DEBUG org.apache.velocity - ResourceManager : found /templates/macros/page/navigation.vm with loader org.apache.velocity.runtime.resource.loader.ClasspathResourceLoader
21:33:46.311 [main] DEBUG org.apache.velocity - Velocimacro : added VM includeReportInfo: source=/templates/macros/page/reportInfo.vm
21:33:46.311 [main] DEBUG org.apache.velocity - ResourceManager : found /templates/macros/page/reportInfo.vm with loader org.apache.velocity.runtime.resource.loader.ClasspathResourceLoader
21:33:46.312 [main] DEBUG org.apache.velocity - Velocimacro : added VM includeTitle: source=/templates/macros/page/title.vm
21:33:46.312 [main] DEBUG org.apache.velocity - ResourceManager : found /templates/macros/page/title.vm with loader org.apache.velocity.runtime.resource.loader.ClasspathResourceLoader
21:33:46.313 [main] DEBUG org.apache.velocity - Velocimacro : added VM includeExpandingButtons: source=/templates/macros/report/expandAllButtons.vm
21:33:46.313 [main] DEBUG org.apache.velocity - ResourceManager : found /templates/macros/report/expandAllButtons.vm with loader org.apache.velocity.runtime.resource.loader.ClasspathResourceLoader
21:33:46.314 [main] DEBUG org.apache.velocity - Velocimacro : added VM includeReportTable: source=/templates/macros/report/reportTable.vm
21:33:46.314 [main] DEBUG org.apache.velocity - ResourceManager : found /templates/macros/report/reportTable.vm with loader org.apache.velocity.runtime.resource.loader.ClasspathResourceLoader
21:33:46.314 [main] DEBUG org.apache.velocity - Velocimacro : added VM includeReportHeader: source=/templates/macros/report/reportHeader.vm
21:33:46.314 [main] DEBUG org.apache.velocity - ResourceManager : found /templates/macros/report/reportHeader.vm with loader org.apache.velocity.runtime.resource.loader.ClasspathResourceLoader
21:33:46.315 [main] DEBUG org.apache.velocity - Velocimacro : added VM includeStatsTable: source=/templates/macros/report/statsTable.vm
21:33:46.315 [main] DEBUG org.apache.velocity - ResourceManager : found /templates/macros/report/statsTable.vm with loader org.apache.velocity.runtime.resource.loader.ClasspathResourceLoader
21:33:46.316 [main] DEBUG org.apache.velocity - Velocimacro : added VM includeBrief: source=/templates/macros/json/brief.vm
21:33:46.316 [main] DEBUG org.apache.velocity - ResourceManager : found /templates/macros/json/brief.vm with loader org.apache.velocity.runtime.resource.loader.ClasspathResourceLoader
21:33:46.316 [main] DEBUG org.apache.velocity - Velocimacro : added VM includeDocString: source=/templates/macros/json/docstring.vm
21:33:46.317 [main] DEBUG org.apache.velocity - ResourceManager : found /templates/macros/json/docstring.vm with loader org.apache.velocity.runtime.resource.loader.ClasspathResourceLoader
21:33:46.317 [main] DEBUG org.apache.velocity - Velocimacro : added VM includeDuration: source=/templates/macros/json/duration.vm
21:33:46.317 [main] DEBUG org.apache.velocity - ResourceManager : found /templates/macros/json/duration.vm with loader org.apache.velocity.runtime.resource.loader.ClasspathResourceLoader
21:33:46.318 [main] DEBUG org.apache.velocity - Velocimacro : added VM includeElement: source=/templates/macros/json/element.vm
21:33:46.318 [main] DEBUG org.apache.velocity - ResourceManager : found /templates/macros/json/element.vm with loader org.apache.velocity.runtime.resource.loader.ClasspathResourceLoader
21:33:46.321 [main] DEBUG org.apache.velocity - Velocimacro : added VM includeEmbeddings: source=/templates/macros/json/embeddings.vm
21:33:46.321 [main] DEBUG org.apache.velocity - Velocimacro : added VM includeHtmlEmbedding: source=/templates/macros/json/embeddings.vm
21:33:46.321 [main] DEBUG org.apache.velocity - Velocimacro : added VM includeImageEmbedding: source=/templates/macros/json/embeddings.vm
21:33:46.321 [main] DEBUG org.apache.velocity - Velocimacro : added VM includeImageReferenceEmbedding: source=/templates/macros/json/embeddings.vm
21:33:46.321 [main] DEBUG org.apache.velocity - Velocimacro : added VM includeTextEmbedding: source=/templates/macros/json/embeddings.vm
21:33:46.321 [main] DEBUG org.apache.velocity - Velocimacro : added VM includeUnknownEmbedding: source=/templates/macros/json/embeddings.vm
21:33:46.321 [main] DEBUG org.apache.velocity - ResourceManager : found /templates/macros/json/embeddings.vm with loader org.apache.velocity.runtime.resource.loader.ClasspathResourceLoader
21:33:46.324 [main] DEBUG org.apache.velocity - Velocimacro : added VM includeHooks: source=/templates/macros/json/hooks.vm
21:33:46.325 [main] DEBUG org.apache.velocity - ResourceManager : found /templates/macros/json/hooks.vm with loader org.apache.velocity.runtime.resource.loader.ClasspathResourceLoader
21:33:46.326 [main] DEBUG org.apache.velocity - Velocimacro : added VM includeOutput: source=/templates/macros/json/output.vm
21:33:46.326 [main] DEBUG org.apache.velocity - ResourceManager : found /templates/macros/json/output.vm with loader org.apache.velocity.runtime.resource.loader.ClasspathResourceLoader
21:33:46.327 [main] DEBUG org.apache.velocity - Velocimacro : added VM includeMessage: source=/templates/macros/json/message.vm
21:33:46.327 [main] DEBUG org.apache.velocity - ResourceManager : found /templates/macros/json/message.vm with loader org.apache.velocity.runtime.resource.loader.ClasspathResourceLoader
21:33:46.328 [main] DEBUG org.apache.velocity - Velocimacro : added VM includeSteps: source=/templates/macros/json/steps.vm
21:33:46.328 [main] DEBUG org.apache.velocity - ResourceManager : found /templates/macros/json/steps.vm with loader org.apache.velocity.runtime.resource.loader.ClasspathResourceLoader
21:33:46.329 [main] DEBUG org.apache.velocity - Velocimacro : added VM includeTags: source=/templates/macros/json/tags.vm
21:33:46.329 [main] DEBUG org.apache.velocity - ResourceManager : found /templates/macros/json/tags.vm with loader org.apache.velocity.runtime.resource.loader.ClasspathResourceLoader
21:33:46.330 [main] DEBUG org.apache.velocity - VM #includeNavigation: too few arguments to macro. Wanted 1 got 0
21:33:46.330 [main] DEBUG org.apache.velocity - Left side ($active_tab) of '==' operation has null value. If it is a reference, it may not be in the context or its toString() returned null. /templates/macros/page/navigation.vm[line 14, column 51]
21:33:46.330 [main] DEBUG org.apache.velocity - Left side ($active_tab) of '==' operation has null value. If it is a reference, it may not be in the context or its toString() returned null. /templates/macros/page/navigation.vm[line 15, column 51]
21:33:46.330 [main] DEBUG org.apache.velocity - Left side ($active_tab) of '==' operation has null value. If it is a reference, it may not be in the context or its toString() returned null. /templates/macros/page/navigation.vm[line 16, column 51]
21:33:46.330 [main] DEBUG org.apache.velocity - Left side ($active_tab) of '==' operation has null value. If it is a reference, it may not be in the context or its toString() returned null. /templates/macros/page/navigation.vm[line 20, column 51]
21:33:46.330 [main] DEBUG org.apache.velocity - VM #includeLead: too few arguments to macro. Wanted 2 got 1
21:33:46.335 [main] DEBUG org.apache.velocity - VM #includeBrief: too few arguments to macro. Wanted 5 got 4
21:33:46.336 [main] DEBUG org.apache.velocity - VM #includeBrief: too few arguments to macro. Wanted 5 got 4
21:33:46.340 [main] DEBUG org.apache.velocity - ResourceManager : found /templates/footer.vm with loader org.apache.velocity.runtime.resource.loader.ClasspathResourceLoader
21:33:46.343 [main] DEBUG org.apache.velocity - ResourceManager : found templates/generators/reportTag.vm with loader org.apache.velocity.runtime.resource.loader.ClasspathResourceLoader
21:33:46.344 [main] DEBUG org.apache.velocity - ResourceManager : found /templates/headers.vm with loader org.apache.velocity.runtime.resource.loader.ClasspathResourceLoader
21:33:46.345 [main] DEBUG org.apache.velocity - ResourceManager : found /templates/head.vm with loader org.apache.velocity.runtime.resource.loader.ClasspathResourceLoader
21:33:46.346 [main] DEBUG org.apache.velocity - Velocimacro : added VM stringArray: source=/templates/macros/array.js.vm
21:33:46.346 [main] DEBUG org.apache.velocity - Velocimacro : added VM numberArray: source=/templates/macros/array.js.vm
21:33:46.346 [main] DEBUG org.apache.velocity - ResourceManager : found /templates/macros/array.js.vm with loader org.apache.velocity.runtime.resource.loader.ClasspathResourceLoader
21:33:46.347 [main] DEBUG org.apache.velocity - Velocimacro : added VM includeBuildInfo: source=/templates/macros/page/buildinfo.vm
21:33:46.347 [main] DEBUG org.apache.velocity - ResourceManager : found /templates/macros/page/buildinfo.vm with loader org.apache.velocity.runtime.resource.loader.ClasspathResourceLoader
21:33:46.347 [main] DEBUG org.apache.velocity - Velocimacro : added VM includeClassifications: source=/templates/macros/page/classifications.vm
21:33:46.347 [main] DEBUG org.apache.velocity - ResourceManager : found /templates/macros/page/classifications.vm with loader org.apache.velocity.runtime.resource.loader.ClasspathResourceLoader
21:33:46.348 [main] DEBUG org.apache.velocity - Velocimacro : added VM includeLead: source=/templates/macros/page/lead.vm
21:33:46.348 [main] DEBUG org.apache.velocity - ResourceManager : found /templates/macros/page/lead.vm with loader org.apache.velocity.runtime.resource.loader.ClasspathResourceLoader
21:33:46.349 [main] DEBUG org.apache.velocity - Velocimacro : added VM includeNavigation: source=/templates/macros/page/navigation.vm
21:33:46.349 [main] DEBUG org.apache.velocity - ResourceManager : found /templates/macros/page/navigation.vm with loader org.apache.velocity.runtime.resource.loader.ClasspathResourceLoader
21:33:46.349 [main] DEBUG org.apache.velocity - Velocimacro : added VM includeReportInfo: source=/templates/macros/page/reportInfo.vm
21:33:46.349 [main] DEBUG org.apache.velocity - ResourceManager : found /templates/macros/page/reportInfo.vm with loader org.apache.velocity.runtime.resource.loader.ClasspathResourceLoader
21:33:46.351 [main] DEBUG org.apache.velocity - Velocimacro : added VM includeTitle: source=/templates/macros/page/title.vm
21:33:46.351 [main] DEBUG org.apache.velocity - ResourceManager : found /templates/macros/page/title.vm with loader org.apache.velocity.runtime.resource.loader.ClasspathResourceLoader
21:33:46.351 [main] DEBUG org.apache.velocity - Velocimacro : added VM includeExpandingButtons: source=/templates/macros/report/expandAllButtons.vm
21:33:46.352 [main] DEBUG org.apache.velocity - ResourceManager : found /templates/macros/report/expandAllButtons.vm with loader org.apache.velocity.runtime.resource.loader.ClasspathResourceLoader
21:33:46.353 [main] DEBUG org.apache.velocity - Velocimacro : added VM includeReportTable: source=/templates/macros/report/reportTable.vm
21:33:46.353 [main] DEBUG org.apache.velocity - ResourceManager : found /templates/macros/report/reportTable.vm with loader org.apache.velocity.runtime.resource.loader.ClasspathResourceLoader
21:33:46.354 [main] DEBUG org.apache.velocity - Velocimacro : added VM includeReportHeader: source=/templates/macros/report/reportHeader.vm
21:33:46.354 [main] DEBUG org.apache.velocity - ResourceManager : found /templates/macros/report/reportHeader.vm with loader org.apache.velocity.runtime.resource.loader.ClasspathResourceLoader
21:33:46.357 [main] DEBUG org.apache.velocity - Velocimacro : added VM includeStatsTable: source=/templates/macros/report/statsTable.vm
21:33:46.357 [main] DEBUG org.apache.velocity - ResourceManager : found /templates/macros/report/statsTable.vm with loader org.apache.velocity.runtime.resource.loader.ClasspathResourceLoader
21:33:46.358 [main] DEBUG org.apache.velocity - Velocimacro : added VM includeBrief: source=/templates/macros/json/brief.vm
21:33:46.358 [main] DEBUG org.apache.velocity - ResourceManager : found /templates/macros/json/brief.vm with loader org.apache.velocity.runtime.resource.loader.ClasspathResourceLoader
21:33:46.359 [main] DEBUG org.apache.velocity - Velocimacro : added VM includeDocString: source=/templates/macros/json/docstring.vm
21:33:46.359 [main] DEBUG org.apache.velocity - ResourceManager : found /templates/macros/json/docstring.vm with loader org.apache.velocity.runtime.resource.loader.ClasspathResourceLoader
21:33:46.360 [main] DEBUG org.apache.velocity - Velocimacro : added VM includeDuration: source=/templates/macros/json/duration.vm
21:33:46.360 [main] DEBUG org.apache.velocity - ResourceManager : found /templates/macros/json/duration.vm with loader org.apache.velocity.runtime.resource.loader.ClasspathResourceLoader
21:33:46.361 [main] DEBUG org.apache.velocity - Velocimacro : added VM includeElement: source=/templates/macros/json/element.vm
21:33:46.361 [main] DEBUG org.apache.velocity - ResourceManager : found /templates/macros/json/element.vm with loader org.apache.velocity.runtime.resource.loader.ClasspathResourceLoader
21:33:46.363 [main] DEBUG org.apache.velocity - Velocimacro : added VM includeEmbeddings: source=/templates/macros/json/embeddings.vm
21:33:46.363 [main] DEBUG org.apache.velocity - Velocimacro : added VM includeHtmlEmbedding: source=/templates/macros/json/embeddings.vm
21:33:46.363 [main] DEBUG org.apache.velocity - Velocimacro : added VM includeImageEmbedding: source=/templates/macros/json/embeddings.vm
21:33:46.363 [main] DEBUG org.apache.velocity - Velocimacro : added VM includeImageReferenceEmbedding: source=/templates/macros/json/embeddings.vm
21:33:46.363 [main] DEBUG org.apache.velocity - Velocimacro : added VM includeTextEmbedding: source=/templates/macros/json/embeddings.vm
21:33:46.363 [main] DEBUG org.apache.velocity - Velocimacro : added VM includeUnknownEmbedding: source=/templates/macros/json/embeddings.vm
21:33:46.363 [main] DEBUG org.apache.velocity - ResourceManager : found /templates/macros/json/embeddings.vm with loader org.apache.velocity.runtime.resource.loader.ClasspathResourceLoader
21:33:46.364 [main] DEBUG org.apache.velocity - Velocimacro : added VM includeHooks: source=/templates/macros/json/hooks.vm
21:33:46.365 [main] DEBUG org.apache.velocity - ResourceManager : found /templates/macros/json/hooks.vm with loader org.apache.velocity.runtime.resource.loader.ClasspathResourceLoader
21:33:46.366 [main] DEBUG org.apache.velocity - Velocimacro : added VM includeOutput: source=/templates/macros/json/output.vm
21:33:46.366 [main] DEBUG org.apache.velocity - ResourceManager : found /templates/macros/json/output.vm with loader org.apache.velocity.runtime.resource.loader.ClasspathResourceLoader
21:33:46.367 [main] DEBUG org.apache.velocity - Velocimacro : added VM includeMessage: source=/templates/macros/json/message.vm
21:33:46.367 [main] DEBUG org.apache.velocity - ResourceManager : found /templates/macros/json/message.vm with loader org.apache.velocity.runtime.resource.loader.ClasspathResourceLoader
21:33:46.368 [main] DEBUG org.apache.velocity - Velocimacro : added VM includeSteps: source=/templates/macros/json/steps.vm
21:33:46.368 [main] DEBUG org.apache.velocity - ResourceManager : found /templates/macros/json/steps.vm with loader org.apache.velocity.runtime.resource.loader.ClasspathResourceLoader
21:33:46.369 [main] DEBUG org.apache.velocity - Velocimacro : added VM includeTags: source=/templates/macros/json/tags.vm
21:33:46.369 [main] DEBUG org.apache.velocity - ResourceManager : found /templates/macros/json/tags.vm with loader org.apache.velocity.runtime.resource.loader.ClasspathResourceLoader
21:33:46.369 [main] DEBUG org.apache.velocity - VM #includeNavigation: too few arguments to macro. Wanted 1 got 0
21:33:46.369 [main] DEBUG org.apache.velocity - Left side ($active_tab) of '==' operation has null value. If it is a reference, it may not be in the context or its toString() returned null. /templates/macros/page/navigation.vm[line 14, column 51]
21:33:46.369 [main] DEBUG org.apache.velocity - Left side ($active_tab) of '==' operation has null value. If it is a reference, it may not be in the context or its toString() returned null. /templates/macros/page/navigation.vm[line 15, column 51]
21:33:46.369 [main] DEBUG org.apache.velocity - Left side ($active_tab) of '==' operation has null value. If it is a reference, it may not be in the context or its toString() returned null. /templates/macros/page/navigation.vm[line 16, column 51]
21:33:46.369 [main] DEBUG org.apache.velocity - Left side ($active_tab) of '==' operation has null value. If it is a reference, it may not be in the context or its toString() returned null. /templates/macros/page/navigation.vm[line 20, column 51]
21:33:46.370 [main] DEBUG org.apache.velocity - VM #includeLead: too few arguments to macro. Wanted 2 got 1
21:33:46.371 [main] DEBUG org.apache.velocity - VM #includeBrief: too few arguments to macro. Wanted 5 got 4
21:33:46.372 [main] DEBUG org.apache.velocity - VM #includeBrief: too few arguments to macro. Wanted 5 got 4
21:33:46.374 [main] DEBUG org.apache.velocity - VM #includeBrief: too few arguments to macro. Wanted 5 got 4
21:33:46.375 [main] DEBUG org.apache.velocity - VM #includeBrief: too few arguments to macro. Wanted 5 got 4
21:33:46.379 [main] DEBUG org.apache.velocity - VM #includeBrief: too few arguments to macro. Wanted 5 got 4
21:33:46.380 [main] DEBUG org.apache.velocity - VM #includeBrief: too few arguments to macro. Wanted 5 got 4
21:33:46.385 [main] DEBUG org.apache.velocity - VM #includeBrief: too few arguments to macro. Wanted 5 got 4
21:33:46.385 [main] DEBUG org.apache.velocity - VM #includeBrief: too few arguments to macro. Wanted 5 got 4
21:33:46.389 [main] DEBUG org.apache.velocity - ResourceManager : found /templates/footer.vm with loader org.apache.velocity.runtime.resource.loader.ClasspathResourceLoader
21:33:46.429 [main] DEBUG org.apache.velocity - ResourceManager : found templates/generators/reportTag.vm with loader org.apache.velocity.runtime.resource.loader.ClasspathResourceLoader
21:33:46.432 [main] DEBUG org.apache.velocity - ResourceManager : found /templates/headers.vm with loader org.apache.velocity.runtime.resource.loader.ClasspathResourceLoader
21:33:46.433 [main] DEBUG org.apache.velocity - ResourceManager : found /templates/head.vm with loader org.apache.velocity.runtime.resource.loader.ClasspathResourceLoader
21:33:46.434 [main] DEBUG org.apache.velocity - Velocimacro : added VM stringArray: source=/templates/macros/array.js.vm
21:33:46.434 [main] DEBUG org.apache.velocity - Velocimacro : added VM numberArray: source=/templates/macros/array.js.vm
21:33:46.434 [main] DEBUG org.apache.velocity - ResourceManager : found /templates/macros/array.js.vm with loader org.apache.velocity.runtime.resource.loader.ClasspathResourceLoader
21:33:46.435 [main] DEBUG org.apache.velocity - Velocimacro : added VM includeBuildInfo: source=/templates/macros/page/buildinfo.vm
21:33:46.435 [main] DEBUG org.apache.velocity - ResourceManager : found /templates/macros/page/buildinfo.vm with loader org.apache.velocity.runtime.resource.loader.ClasspathResourceLoader
21:33:46.436 [main] DEBUG org.apache.velocity - Velocimacro : added VM includeClassifications: source=/templates/macros/page/classifications.vm
21:33:46.436 [main] DEBUG org.apache.velocity - ResourceManager : found /templates/macros/page/classifications.vm with loader org.apache.velocity.runtime.resource.loader.ClasspathResourceLoader
21:33:46.436 [main] DEBUG org.apache.velocity - Velocimacro : added VM includeLead: source=/templates/macros/page/lead.vm
21:33:46.436 [main] DEBUG org.apache.velocity - ResourceManager : found /templates/macros/page/lead.vm with loader org.apache.velocity.runtime.resource.loader.ClasspathResourceLoader
21:33:46.437 [main] DEBUG org.apache.velocity - Velocimacro : added VM includeNavigation: source=/templates/macros/page/navigation.vm
21:33:46.438 [main] DEBUG org.apache.velocity - ResourceManager : found /templates/macros/page/navigation.vm with loader org.apache.velocity.runtime.resource.loader.ClasspathResourceLoader
21:33:46.439 [main] DEBUG org.apache.velocity - Velocimacro : added VM includeReportInfo: source=/templates/macros/page/reportInfo.vm
21:33:46.439 [main] DEBUG org.apache.velocity - ResourceManager : found /templates/macros/page/reportInfo.vm with loader org.apache.velocity.runtime.resource.loader.ClasspathResourceLoader
21:33:46.440 [main] DEBUG org.apache.velocity - Velocimacro : added VM includeTitle: source=/templates/macros/page/title.vm
21:33:46.440 [main] DEBUG org.apache.velocity - ResourceManager : found /templates/macros/page/title.vm with loader org.apache.velocity.runtime.resource.loader.ClasspathResourceLoader
21:33:46.440 [main] DEBUG org.apache.velocity - Velocimacro : added VM includeExpandingButtons: source=/templates/macros/report/expandAllButtons.vm
21:33:46.440 [main] DEBUG org.apache.velocity - ResourceManager : found /templates/macros/report/expandAllButtons.vm with loader org.apache.velocity.runtime.resource.loader.ClasspathResourceLoader
21:33:46.441 [main] DEBUG org.apache.velocity - Velocimacro : added VM includeReportTable: source=/templates/macros/report/reportTable.vm
21:33:46.441 [main] DEBUG org.apache.velocity - ResourceManager : found /templates/macros/report/reportTable.vm with loader org.apache.velocity.runtime.resource.loader.ClasspathResourceLoader
21:33:46.442 [main] DEBUG org.apache.velocity - Velocimacro : added VM includeReportHeader: source=/templates/macros/report/reportHeader.vm
21:33:46.442 [main] DEBUG org.apache.velocity - ResourceManager : found /templates/macros/report/reportHeader.vm with loader org.apache.velocity.runtime.resource.loader.ClasspathResourceLoader
21:33:46.444 [main] DEBUG org.apache.velocity - Velocimacro : added VM includeStatsTable: source=/templates/macros/report/statsTable.vm
21:33:46.444 [main] DEBUG org.apache.velocity - ResourceManager : found /templates/macros/report/statsTable.vm with loader org.apache.velocity.runtime.resource.loader.ClasspathResourceLoader
21:33:46.444 [main] DEBUG org.apache.velocity - Velocimacro : added VM includeBrief: source=/templates/macros/json/brief.vm
21:33:46.444 [main] DEBUG org.apache.velocity - ResourceManager : found /templates/macros/json/brief.vm with loader org.apache.velocity.runtime.resource.loader.ClasspathResourceLoader
21:33:46.445 [main] DEBUG org.apache.velocity - Velocimacro : added VM includeDocString: source=/templates/macros/json/docstring.vm
21:33:46.446 [main] DEBUG org.apache.velocity - ResourceManager : found /templates/macros/json/docstring.vm with loader org.apache.velocity.runtime.resource.loader.ClasspathResourceLoader
21:33:46.446 [main] DEBUG org.apache.velocity - Velocimacro : added VM includeDuration: source=/templates/macros/json/duration.vm
21:33:46.446 [main] DEBUG org.apache.velocity - ResourceManager : found /templates/macros/json/duration.vm with loader org.apache.velocity.runtime.resource.loader.ClasspathResourceLoader
21:33:46.447 [main] DEBUG org.apache.velocity - Velocimacro : added VM includeElement: source=/templates/macros/json/element.vm
21:33:46.447 [main] DEBUG org.apache.velocity - ResourceManager : found /templates/macros/json/element.vm with loader org.apache.velocity.runtime.resource.loader.ClasspathResourceLoader
21:33:46.449 [main] DEBUG org.apache.velocity - Velocimacro : added VM includeEmbeddings: source=/templates/macros/json/embeddings.vm
21:33:46.450 [main] DEBUG org.apache.velocity - Velocimacro : added VM includeHtmlEmbedding: source=/templates/macros/json/embeddings.vm
21:33:46.450 [main] DEBUG org.apache.velocity - Velocimacro : added VM includeImageEmbedding: source=/templates/macros/json/embeddings.vm
21:33:46.450 [main] DEBUG org.apache.velocity - Velocimacro : added VM includeImageReferenceEmbedding: source=/templates/macros/json/embeddings.vm
21:33:46.450 [main] DEBUG org.apache.velocity - Velocimacro : added VM includeTextEmbedding: source=/templates/macros/json/embeddings.vm
21:33:46.450 [main] DEBUG org.apache.velocity - Velocimacro : added VM includeUnknownEmbedding: source=/templates/macros/json/embeddings.vm
21:33:46.450 [main] DEBUG org.apache.velocity - ResourceManager : found /templates/macros/json/embeddings.vm with loader org.apache.velocity.runtime.resource.loader.ClasspathResourceLoader
21:33:46.451 [main] DEBUG org.apache.velocity - Velocimacro : added VM includeHooks: source=/templates/macros/json/hooks.vm
21:33:46.451 [main] DEBUG org.apache.velocity - ResourceManager : found /templates/macros/json/hooks.vm with loader org.apache.velocity.runtime.resource.loader.ClasspathResourceLoader
21:33:46.452 [main] DEBUG org.apache.velocity - Velocimacro : added VM includeOutput: source=/templates/macros/json/output.vm
21:33:46.452 [main] DEBUG org.apache.velocity - ResourceManager : found /templates/macros/json/output.vm with loader org.apache.velocity.runtime.resource.loader.ClasspathResourceLoader
21:33:46.453 [main] DEBUG org.apache.velocity - Velocimacro : added VM includeMessage: source=/templates/macros/json/message.vm
21:33:46.453 [main] DEBUG org.apache.velocity - ResourceManager : found /templates/macros/json/message.vm with loader org.apache.velocity.runtime.resource.loader.ClasspathResourceLoader
21:33:46.455 [main] DEBUG org.apache.velocity - Velocimacro : added VM includeSteps: source=/templates/macros/json/steps.vm
21:33:46.456 [main] DEBUG org.apache.velocity - ResourceManager : found /templates/macros/json/steps.vm with loader org.apache.velocity.runtime.resource.loader.ClasspathResourceLoader
21:33:46.457 [main] DEBUG org.apache.velocity - Velocimacro : added VM includeTags: source=/templates/macros/json/tags.vm
21:33:46.457 [main] DEBUG org.apache.velocity - ResourceManager : found /templates/macros/json/tags.vm with loader org.apache.velocity.runtime.resource.loader.ClasspathResourceLoader
21:33:46.457 [main] DEBUG org.apache.velocity - VM #includeNavigation: too few arguments to macro. Wanted 1 got 0
21:33:46.457 [main] DEBUG org.apache.velocity - Left side ($active_tab) of '==' operation has null value. If it is a reference, it may not be in the context or its toString() returned null. /templates/macros/page/navigation.vm[line 14, column 51]
21:33:46.457 [main] DEBUG org.apache.velocity - Left side ($active_tab) of '==' operation has null value. If it is a reference, it may not be in the context or its toString() returned null. /templates/macros/page/navigation.vm[line 15, column 51]
21:33:46.457 [main] DEBUG org.apache.velocity - Left side ($active_tab) of '==' operation has null value. If it is a reference, it may not be in the context or its toString() returned null. /templates/macros/page/navigation.vm[line 16, column 51]
21:33:46.457 [main] DEBUG org.apache.velocity - Left side ($active_tab) of '==' operation has null value. If it is a reference, it may not be in the context or its toString() returned null. /templates/macros/page/navigation.vm[line 20, column 51]
21:33:46.457 [main] DEBUG org.apache.velocity - VM #includeLead: too few arguments to macro. Wanted 2 got 1
21:33:46.458 [main] DEBUG org.apache.velocity - VM #includeBrief: too few arguments to macro. Wanted 5 got 4
21:33:46.459 [main] DEBUG org.apache.velocity - VM #includeBrief: too few arguments to macro. Wanted 5 got 4
21:33:46.459 [main] DEBUG org.apache.velocity - VM #includeBrief: too few arguments to macro. Wanted 5 got 4
21:33:46.460 [main] DEBUG org.apache.velocity - VM #includeBrief: too few arguments to macro. Wanted 5 got 4
21:33:46.464 [main] DEBUG org.apache.velocity - VM #includeBrief: too few arguments to macro. Wanted 5 got 4
21:33:46.464 [main] DEBUG org.apache.velocity - VM #includeBrief: too few arguments to macro. Wanted 5 got 4
21:33:46.467 [main] DEBUG org.apache.velocity - ResourceManager : found /templates/footer.vm with loader org.apache.velocity.runtime.resource.loader.ClasspathResourceLoader
21:33:46.469 [main] DEBUG org.apache.velocity - ResourceManager : found templates/generators/overviewSteps.vm with loader org.apache.velocity.runtime.resource.loader.ClasspathResourceLoader
21:33:46.472 [main] DEBUG org.apache.velocity - ResourceManager : found /templates/headers.vm with loader org.apache.velocity.runtime.resource.loader.ClasspathResourceLoader
21:33:46.473 [main] DEBUG org.apache.velocity - ResourceManager : found /templates/head.vm with loader org.apache.velocity.runtime.resource.loader.ClasspathResourceLoader
21:33:46.474 [main] DEBUG org.apache.velocity - Velocimacro : added VM stringArray: source=/templates/macros/array.js.vm
21:33:46.475 [main] DEBUG org.apache.velocity - Velocimacro : added VM numberArray: source=/templates/macros/array.js.vm
21:33:46.475 [main] DEBUG org.apache.velocity - ResourceManager : found /templates/macros/array.js.vm with loader org.apache.velocity.runtime.resource.loader.ClasspathResourceLoader
21:33:46.475 [main] DEBUG org.apache.velocity - Velocimacro : added VM includeBuildInfo: source=/templates/macros/page/buildinfo.vm
21:33:46.475 [main] DEBUG org.apache.velocity - ResourceManager : found /templates/macros/page/buildinfo.vm with loader org.apache.velocity.runtime.resource.loader.ClasspathResourceLoader
21:33:46.476 [main] DEBUG org.apache.velocity - Velocimacro : added VM includeClassifications: source=/templates/macros/page/classifications.vm
21:33:46.476 [main] DEBUG org.apache.velocity - ResourceManager : found /templates/macros/page/classifications.vm with loader org.apache.velocity.runtime.resource.loader.ClasspathResourceLoader
21:33:46.477 [main] DEBUG org.apache.velocity - Velocimacro : added VM includeLead: source=/templates/macros/page/lead.vm
21:33:46.477 [main] DEBUG org.apache.velocity - ResourceManager : found /templates/macros/page/lead.vm with loader org.apache.velocity.runtime.resource.loader.ClasspathResourceLoader
21:33:46.478 [main] DEBUG org.apache.velocity - Velocimacro : added VM includeNavigation: source=/templates/macros/page/navigation.vm
21:33:46.478 [main] DEBUG org.apache.velocity - ResourceManager : found /templates/macros/page/navigation.vm with loader org.apache.velocity.runtime.resource.loader.ClasspathResourceLoader
21:33:46.479 [main] DEBUG org.apache.velocity - Velocimacro : added VM includeReportInfo: source=/templates/macros/page/reportInfo.vm
21:33:46.479 [main] DEBUG org.apache.velocity - ResourceManager : found /templates/macros/page/reportInfo.vm with loader org.apache.velocity.runtime.resource.loader.ClasspathResourceLoader
21:33:46.480 [main] DEBUG org.apache.velocity - Velocimacro : added VM includeTitle: source=/templates/macros/page/title.vm
21:33:46.480 [main] DEBUG org.apache.velocity - ResourceManager : found /templates/macros/page/title.vm with loader org.apache.velocity.runtime.resource.loader.ClasspathResourceLoader
21:33:46.480 [main] DEBUG org.apache.velocity - Velocimacro : added VM includeExpandingButtons: source=/templates/macros/report/expandAllButtons.vm
21:33:46.480 [main] DEBUG org.apache.velocity - ResourceManager : found /templates/macros/report/expandAllButtons.vm with loader org.apache.velocity.runtime.resource.loader.ClasspathResourceLoader
21:33:46.481 [main] DEBUG org.apache.velocity - Velocimacro : added VM includeReportTable: source=/templates/macros/report/reportTable.vm
21:33:46.481 [main] DEBUG org.apache.velocity - ResourceManager : found /templates/macros/report/reportTable.vm with loader org.apache.velocity.runtime.resource.loader.ClasspathResourceLoader
21:33:46.482 [main] DEBUG org.apache.velocity - Velocimacro : added VM includeReportHeader: source=/templates/macros/report/reportHeader.vm
21:33:46.482 [main] DEBUG org.apache.velocity - ResourceManager : found /templates/macros/report/reportHeader.vm with loader org.apache.velocity.runtime.resource.loader.ClasspathResourceLoader
21:33:46.483 [main] DEBUG org.apache.velocity - Velocimacro : added VM includeStatsTable: source=/templates/macros/report/statsTable.vm
21:33:46.483 [main] DEBUG org.apache.velocity - ResourceManager : found /templates/macros/report/statsTable.vm with loader org.apache.velocity.runtime.resource.loader.ClasspathResourceLoader
21:33:46.483 [main] DEBUG org.apache.velocity - Velocimacro : added VM includeBrief: source=/templates/macros/json/brief.vm
21:33:46.483 [main] DEBUG org.apache.velocity - ResourceManager : found /templates/macros/json/brief.vm with loader org.apache.velocity.runtime.resource.loader.ClasspathResourceLoader
21:33:46.484 [main] DEBUG org.apache.velocity - Velocimacro : added VM includeDocString: source=/templates/macros/json/docstring.vm
21:33:46.484 [main] DEBUG org.apache.velocity - ResourceManager : found /templates/macros/json/docstring.vm with loader org.apache.velocity.runtime.resource.loader.ClasspathResourceLoader
21:33:46.484 [main] DEBUG org.apache.velocity - Velocimacro : added VM includeDuration: source=/templates/macros/json/duration.vm
21:33:46.484 [main] DEBUG org.apache.velocity - ResourceManager : found /templates/macros/json/duration.vm with loader org.apache.velocity.runtime.resource.loader.ClasspathResourceLoader
21:33:46.485 [main] DEBUG org.apache.velocity - Velocimacro : added VM includeElement: source=/templates/macros/json/element.vm
21:33:46.486 [main] DEBUG org.apache.velocity - ResourceManager : found /templates/macros/json/element.vm with loader org.apache.velocity.runtime.resource.loader.ClasspathResourceLoader
21:33:46.488 [main] DEBUG org.apache.velocity - Velocimacro : added VM includeEmbeddings: source=/templates/macros/json/embeddings.vm
21:33:46.488 [main] DEBUG org.apache.velocity - Velocimacro : added VM includeHtmlEmbedding: source=/templates/macros/json/embeddings.vm
21:33:46.488 [main] DEBUG org.apache.velocity - Velocimacro : added VM includeImageEmbedding: source=/templates/macros/json/embeddings.vm
21:33:46.488 [main] DEBUG org.apache.velocity - Velocimacro : added VM includeImageReferenceEmbedding: source=/templates/macros/json/embeddings.vm
21:33:46.488 [main] DEBUG org.apache.velocity - Velocimacro : added VM includeTextEmbedding: source=/templates/macros/json/embeddings.vm
21:33:46.488 [main] DEBUG org.apache.velocity - Velocimacro : added VM includeUnknownEmbedding: source=/templates/macros/json/embeddings.vm
21:33:46.488 [main] DEBUG org.apache.velocity - ResourceManager : found /templates/macros/json/embeddings.vm with loader org.apache.velocity.runtime.resource.loader.ClasspathResourceLoader
21:33:46.490 [main] DEBUG org.apache.velocity - Velocimacro : added VM includeHooks: source=/templates/macros/json/hooks.vm
21:33:46.491 [main] DEBUG org.apache.velocity - ResourceManager : found /templates/macros/json/hooks.vm with loader org.apache.velocity.runtime.resource.loader.ClasspathResourceLoader
21:33:46.492 [main] DEBUG org.apache.velocity - Velocimacro : added VM includeOutput: source=/templates/macros/json/output.vm
21:33:46.493 [main] DEBUG org.apache.velocity - ResourceManager : found /templates/macros/json/output.vm with loader org.apache.velocity.runtime.resource.loader.ClasspathResourceLoader
21:33:46.494 [main] DEBUG org.apache.velocity - Velocimacro : added VM includeMessage: source=/templates/macros/json/message.vm
21:33:46.494 [main] DEBUG org.apache.velocity - ResourceManager : found /templates/macros/json/message.vm with loader org.apache.velocity.runtime.resource.loader.ClasspathResourceLoader
21:33:46.495 [main] DEBUG org.apache.velocity - Velocimacro : added VM includeSteps: source=/templates/macros/json/steps.vm
21:33:46.495 [main] DEBUG org.apache.velocity - ResourceManager : found /templates/macros/json/steps.vm with loader org.apache.velocity.runtime.resource.loader.ClasspathResourceLoader
21:33:46.496 [main] DEBUG org.apache.velocity - Velocimacro : added VM includeTags: source=/templates/macros/json/tags.vm
21:33:46.496 [main] DEBUG org.apache.velocity - ResourceManager : found /templates/macros/json/tags.vm with loader org.apache.velocity.runtime.resource.loader.ClasspathResourceLoader
21:33:46.498 [main] DEBUG org.apache.velocity - ResourceManager : found /templates/footer.vm with loader org.apache.velocity.runtime.resource.loader.ClasspathResourceLoader
21:33:46.500 [main] DEBUG org.apache.velocity - ResourceManager : found templates/generators/overviewFailures.vm with loader org.apache.velocity.runtime.resource.loader.ClasspathResourceLoader
21:33:46.502 [main] DEBUG org.apache.velocity - ResourceManager : found /templates/headers.vm with loader org.apache.velocity.runtime.resource.loader.ClasspathResourceLoader
21:33:46.502 [main] DEBUG org.apache.velocity - ResourceManager : found /templates/head.vm with loader org.apache.velocity.runtime.resource.loader.ClasspathResourceLoader
21:33:46.503 [main] DEBUG org.apache.velocity - Velocimacro : added VM stringArray: source=/templates/macros/array.js.vm
21:33:46.503 [main] DEBUG org.apache.velocity - Velocimacro : added VM numberArray: source=/templates/macros/array.js.vm
21:33:46.503 [main] DEBUG org.apache.velocity - ResourceManager : found /templates/macros/array.js.vm with loader org.apache.velocity.runtime.resource.loader.ClasspathResourceLoader
21:33:46.504 [main] DEBUG org.apache.velocity - Velocimacro : added VM includeBuildInfo: source=/templates/macros/page/buildinfo.vm
21:33:46.505 [main] DEBUG org.apache.velocity - ResourceManager : found /templates/macros/page/buildinfo.vm with loader org.apache.velocity.runtime.resource.loader.ClasspathResourceLoader
21:33:46.506 [main] DEBUG org.apache.velocity - Velocimacro : added VM includeClassifications: source=/templates/macros/page/classifications.vm
21:33:46.506 [main] DEBUG org.apache.velocity - ResourceManager : found /templates/macros/page/classifications.vm with loader org.apache.velocity.runtime.resource.loader.ClasspathResourceLoader
21:33:46.507 [main] DEBUG org.apache.velocity - Velocimacro : added VM includeLead: source=/templates/macros/page/lead.vm
21:33:46.507 [main] DEBUG org.apache.velocity - ResourceManager : found /templates/macros/page/lead.vm with loader org.apache.velocity.runtime.resource.loader.ClasspathResourceLoader
21:33:46.509 [main] DEBUG org.apache.velocity - Velocimacro : added VM includeNavigation: source=/templates/macros/page/navigation.vm
21:33:46.509 [main] DEBUG org.apache.velocity - ResourceManager : found /templates/macros/page/navigation.vm with loader org.apache.velocity.runtime.resource.loader.ClasspathResourceLoader
21:33:46.510 [main] DEBUG org.apache.velocity - Velocimacro : added VM includeReportInfo: source=/templates/macros/page/reportInfo.vm
21:33:46.510 [main] DEBUG org.apache.velocity - ResourceManager : found /templates/macros/page/reportInfo.vm with loader org.apache.velocity.runtime.resource.loader.ClasspathResourceLoader
21:33:46.511 [main] DEBUG org.apache.velocity - Velocimacro : added VM includeTitle: source=/templates/macros/page/title.vm
21:33:46.511 [main] DEBUG org.apache.velocity - ResourceManager : found /templates/macros/page/title.vm with loader org.apache.velocity.runtime.resource.loader.ClasspathResourceLoader
21:33:46.511 [main] DEBUG org.apache.velocity - Velocimacro : added VM includeExpandingButtons: source=/templates/macros/report/expandAllButtons.vm
21:33:46.511 [main] DEBUG org.apache.velocity - ResourceManager : found /templates/macros/report/expandAllButtons.vm with loader org.apache.velocity.runtime.resource.loader.ClasspathResourceLoader
21:33:46.513 [main] DEBUG org.apache.velocity - Velocimacro : added VM includeReportTable: source=/templates/macros/report/reportTable.vm
21:33:46.513 [main] DEBUG org.apache.velocity - ResourceManager : found /templates/macros/report/reportTable.vm with loader org.apache.velocity.runtime.resource.loader.ClasspathResourceLoader
21:33:46.513 [main] DEBUG org.apache.velocity - Velocimacro : added VM includeReportHeader: source=/templates/macros/report/reportHeader.vm
21:33:46.514 [main] DEBUG org.apache.velocity - ResourceManager : found /templates/macros/report/reportHeader.vm with loader org.apache.velocity.runtime.resource.loader.ClasspathResourceLoader
21:33:46.515 [main] DEBUG org.apache.velocity - Velocimacro : added VM includeStatsTable: source=/templates/macros/report/statsTable.vm
21:33:46.515 [main] DEBUG org.apache.velocity - ResourceManager : found /templates/macros/report/statsTable.vm with loader org.apache.velocity.runtime.resource.loader.ClasspathResourceLoader
21:33:46.516 [main] DEBUG org.apache.velocity - Velocimacro : added VM includeBrief: source=/templates/macros/json/brief.vm
21:33:46.516 [main] DEBUG org.apache.velocity - ResourceManager : found /templates/macros/json/brief.vm with loader org.apache.velocity.runtime.resource.loader.ClasspathResourceLoader
21:33:46.517 [main] DEBUG org.apache.velocity - Velocimacro : added VM includeDocString: source=/templates/macros/json/docstring.vm
21:33:46.517 [main] DEBUG org.apache.velocity - ResourceManager : found /templates/macros/json/docstring.vm with loader org.apache.velocity.runtime.resource.loader.ClasspathResourceLoader
21:33:46.518 [main] DEBUG org.apache.velocity - Velocimacro : added VM includeDuration: source=/templates/macros/json/duration.vm
21:33:46.518 [main] DEBUG org.apache.velocity - ResourceManager : found /templates/macros/json/duration.vm with loader org.apache.velocity.runtime.resource.loader.ClasspathResourceLoader
21:33:46.519 [main] DEBUG org.apache.velocity - Velocimacro : added VM includeElement: source=/templates/macros/json/element.vm
21:33:46.519 [main] DEBUG org.apache.velocity - ResourceManager : found /templates/macros/json/element.vm with loader org.apache.velocity.runtime.resource.loader.ClasspathResourceLoader
21:33:46.521 [main] DEBUG org.apache.velocity - Velocimacro : added VM includeEmbeddings: source=/templates/macros/json/embeddings.vm
21:33:46.521 [main] DEBUG org.apache.velocity - Velocimacro : added VM includeHtmlEmbedding: source=/templates/macros/json/embeddings.vm
21:33:46.521 [main] DEBUG org.apache.velocity - Velocimacro : added VM includeImageEmbedding: source=/templates/macros/json/embeddings.vm
21:33:46.521 [main] DEBUG org.apache.velocity - Velocimacro : added VM includeImageReferenceEmbedding: source=/templates/macros/json/embeddings.vm
21:33:46.521 [main] DEBUG org.apache.velocity - Velocimacro : added VM includeTextEmbedding: source=/templates/macros/json/embeddings.vm
21:33:46.521 [main] DEBUG org.apache.velocity - Velocimacro : added VM includeUnknownEmbedding: source=/templates/macros/json/embeddings.vm
21:33:46.521 [main] DEBUG org.apache.velocity - ResourceManager : found /templates/macros/json/embeddings.vm with loader org.apache.velocity.runtime.resource.loader.ClasspathResourceLoader
21:33:46.523 [main] DEBUG org.apache.velocity - Velocimacro : added VM includeHooks: source=/templates/macros/json/hooks.vm
21:33:46.524 [main] DEBUG org.apache.velocity - ResourceManager : found /templates/macros/json/hooks.vm with loader org.apache.velocity.runtime.resource.loader.ClasspathResourceLoader
21:33:46.525 [main] DEBUG org.apache.velocity - Velocimacro : added VM includeOutput: source=/templates/macros/json/output.vm
21:33:46.525 [main] DEBUG org.apache.velocity - ResourceManager : found /templates/macros/json/output.vm with loader org.apache.velocity.runtime.resource.loader.ClasspathResourceLoader
21:33:46.526 [main] DEBUG org.apache.velocity - Velocimacro : added VM includeMessage: source=/templates/macros/json/message.vm
21:33:46.526 [main] DEBUG org.apache.velocity - ResourceManager : found /templates/macros/json/message.vm with loader org.apache.velocity.runtime.resource.loader.ClasspathResourceLoader
21:33:46.527 [main] DEBUG org.apache.velocity - Velocimacro : added VM includeSteps: source=/templates/macros/json/steps.vm
21:33:46.527 [main] DEBUG org.apache.velocity - ResourceManager : found /templates/macros/json/steps.vm with loader org.apache.velocity.runtime.resource.loader.ClasspathResourceLoader
21:33:46.528 [main] DEBUG org.apache.velocity - Velocimacro : added VM includeTags: source=/templates/macros/json/tags.vm
21:33:46.528 [main] DEBUG org.apache.velocity - ResourceManager : found /templates/macros/json/tags.vm with loader org.apache.velocity.runtime.resource.loader.ClasspathResourceLoader
21:33:46.529 [main] DEBUG org.apache.velocity - VM #includeBrief: too few arguments to macro. Wanted 5 got 4
21:33:46.530 [main] DEBUG org.apache.velocity - VM #includeBrief: too few arguments to macro. Wanted 5 got 4
21:33:46.533 [main] DEBUG org.apache.velocity - VM #includeBrief: too few arguments to macro. Wanted 5 got 4
21:33:46.533 [main] DEBUG org.apache.velocity - VM #includeBrief: too few arguments to macro. Wanted 5 got 4
21:33:46.537 [main] DEBUG org.apache.velocity - VM #includeBrief: too few arguments to macro. Wanted 5 got 4
21:33:46.537 [main] DEBUG org.apache.velocity - VM #includeBrief: too few arguments to macro. Wanted 5 got 4
21:33:46.544 [main] DEBUG org.apache.velocity - VM #includeBrief: too few arguments to macro. Wanted 5 got 4
21:33:46.544 [main] DEBUG org.apache.velocity - VM #includeBrief: too few arguments to macro. Wanted 5 got 4
21:33:46.546 [main] DEBUG org.apache.velocity - ResourceManager : found /templates/footer.vm with loader org.apache.velocity.runtime.resource.loader.ClasspathResourceLoader
]]></system-out>
    <system-err><![CDATA[ERROR StatusLogger No log4j2 configuration file found. Using default configuration: logging only errors to the console.
]]></system-err>
  </testcase>
</testsuite>