<?xml version="1.0" encoding="UTF-8"?>
<testsuite xmlns:xsi="http://www.w3.org/2001/XMLSchema-instance" xsi:noNamespaceSchemaLocation="https://maven.apache.org/surefire/maven-surefire-plugin/xsd/surefire-test-report-3.0.xsd" version="3.0" name="TestSuite" time="58.242" tests="1" errors="0" skipped="0" failures="0">
  <properties>
    <property name="sun.desktop" value="windows"/>
    <property name="awt.toolkit" value="sun.awt.windows.WToolkit"/>
    <property name="file.encoding.pkg" value="sun.io"/>
    <property name="java.specification.version" value="1.8"/>
    <property name="sun.cpu.isalist" value="amd64"/>
    <property name="sun.jnu.encoding" value="Cp1252"/>
    <property name="java.class.path" value="D:\test selinum projects\KarateScripts\target\test-classes;D:\test selinum projects\KarateScripts\target\classes;C:\Users\irgigt\.m2\repository\com\intuit\karate\karate-apache\0.9.5\karate-apache-0.9.5.jar;C:\Users\irgigt\.m2\repository\com\intuit\karate\karate-core\0.9.5\karate-core-0.9.5.jar;C:\Users\irgigt\.m2\repository\com\jayway\jsonpath\json-path\2.4.0\json-path-2.4.0.jar;C:\Users\irgigt\.m2\repository\net\minidev\json-smart\2.3\json-smart-2.3.jar;C:\Users\irgigt\.m2\repository\net\minidev\accessors-smart\1.2\accessors-smart-1.2.jar;C:\Users\irgigt\.m2\repository\org\ow2\asm\asm\5.0.4\asm-5.0.4.jar;C:\Users\irgigt\.m2\repository\info\cukes\cucumber-java\1.2.5\cucumber-java-1.2.5.jar;C:\Users\irgigt\.m2\repository\info\cukes\cucumber-core\1.2.5\cucumber-core-1.2.5.jar;C:\Users\irgigt\.m2\repository\org\yaml\snakeyaml\1.24\snakeyaml-1.24.jar;C:\Users\irgigt\.m2\repository\de\siegmar\fastcsv\1.0.3\fastcsv-1.0.3.jar;C:\Users\irgigt\.m2\repository\info\picocli\picocli\4.0.3\picocli-4.0.3.jar;C:\Users\irgigt\.m2\repository\org\apache\httpcomponents\httpclient\4.5.11\httpclient-4.5.11.jar;C:\Users\irgigt\.m2\repository\org\apache\httpcomponents\httpcore\4.4.13\httpcore-4.4.13.jar;C:\Users\irgigt\.m2\repository\commons-codec\commons-codec\1.11\commons-codec-1.11.jar;C:\Users\irgigt\.m2\repository\org\apache\httpcomponents\httpmime\4.5.11\httpmime-4.5.11.jar;C:\Users\irgigt\.m2\repository\org\slf4j\jcl-over-slf4j\1.7.25\jcl-over-slf4j-1.7.25.jar;C:\Users\irgigt\.m2\repository\org\slf4j\slf4j-api\1.7.25\slf4j-api-1.7.25.jar;C:\Users\irgigt\.m2\repository\ch\qos\logback\logback-classic\1.2.3\logback-classic-1.2.3.jar;C:\Users\irgigt\.m2\repository\ch\qos\logback\logback-core\1.2.3\logback-core-1.2.3.jar;C:\Users\irgigt\.m2\repository\com\intuit\karate\karate-junit4\0.9.5\karate-junit4-0.9.5.jar;C:\Users\irgigt\.m2\repository\junit\junit\4.12\junit-4.12.jar;C:\Users\irgigt\.m2\repository\org\hamcrest\hamcrest-core\1.3\hamcrest-core-1.3.jar;C:\Users\irgigt\.m2\repository\net\masterthought\cucumber-reporting\3.8.0\cucumber-reporting-3.8.0.jar;C:\Users\irgigt\.m2\repository\org\apache\logging\log4j\log4j-api\2.6\log4j-api-2.6.jar;C:\Users\irgigt\.m2\repository\org\apache\logging\log4j\log4j-core\2.6\log4j-core-2.6.jar;C:\Users\irgigt\.m2\repository\com\fasterxml\jackson\core\jackson-databind\2.8.5\jackson-databind-2.8.5.jar;C:\Users\irgigt\.m2\repository\com\fasterxml\jackson\core\jackson-annotations\2.8.0\jackson-annotations-2.8.0.jar;C:\Users\irgigt\.m2\repository\com\fasterxml\jackson\core\jackson-core\2.8.5\jackson-core-2.8.5.jar;C:\Users\irgigt\.m2\repository\org\apache\velocity\velocity\1.7\velocity-1.7.jar;C:\Users\irgigt\.m2\repository\commons-collections\commons-collections\3.2.1\commons-collections-3.2.1.jar;C:\Users\irgigt\.m2\repository\commons-lang\commons-lang\2.4\commons-lang-2.4.jar;C:\Users\irgigt\.m2\repository\velocity-tools\velocity-tools\1.4\velocity-tools-1.4.jar;C:\Users\irgigt\.m2\repository\joda-time\joda-time\2.9.6\joda-time-2.9.6.jar;C:\Users\irgigt\.m2\repository\org\apache\commons\commons-lang3\3.5\commons-lang3-3.5.jar;C:\Users\irgigt\.m2\repository\commons-io\commons-io\2.5\commons-io-2.5.jar;C:\Users\irgigt\.m2\repository\net\lingala\zip4j\zip4j\1.3.2\zip4j-1.3.2.jar;C:\Users\irgigt\.m2\repository\org\codehaus\plexus\plexus-utils\3.0.24\plexus-utils-3.0.24.jar;C:\Users\irgigt\.m2\repository\org\jsoup\jsoup\1.10.1\jsoup-1.10.1.jar;C:\Users\irgigt\.m2\repository\com\googlecode\owasp-java-html-sanitizer\owasp-java-html-sanitizer\20160924.1\owasp-java-html-sanitizer-20160924.1.jar;C:\Users\irgigt\.m2\repository\com\google\guava\guava\20.0\guava-20.0.jar;C:\Users\irgigt\.m2\repository\org\testng\testng\7.4.0\testng-7.4.0.jar;C:\Users\irgigt\.m2\repository\com\beust\jcommander\1.78\jcommander-1.78.jar;C:\Users\irgigt\.m2\repository\org\webjars\jquery\3.5.1\jquery-3.5.1.jar;"/>
    <property name="java.vm.vendor" value="Oracle Corporation"/>
    <property name="sun.arch.data.model" value="64"/>
    <property name="user.variant" value=""/>
    <property name="java.vendor.url" value="http://java.oracle.com/"/>
    <property name="user.timezone" value="Asia/Calcutta"/>
    <property name="java.vm.specification.version" value="1.8"/>
    <property name="os.name" value="Windows 10"/>
    <property name="user.country" value="US"/>
    <property name="sun.java.launcher" value="SUN_STANDARD"/>
    <property name="sun.boot.library.path" value="C:\Program Files\Java\jdk1.8.0_121\jre\bin"/>
    <property name="sun.java.command" value="C:\Users\irgigt\AppData\Local\Temp\surefire2596451385608400313\surefirebooter6351626180819890622.jar C:\Users\irgigt\AppData\Local\Temp\surefire2596451385608400313 2021-10-07T20-47-45_987-jvmRun1 surefire3066757896794980465tmp surefire_03258995165872847729tmp"/>
    <property name="surefire.test.class.path" value="D:\test selinum projects\KarateScripts\target\test-classes;D:\test selinum projects\KarateScripts\target\classes;C:\Users\irgigt\.m2\repository\com\intuit\karate\karate-apache\0.9.5\karate-apache-0.9.5.jar;C:\Users\irgigt\.m2\repository\com\intuit\karate\karate-core\0.9.5\karate-core-0.9.5.jar;C:\Users\irgigt\.m2\repository\com\jayway\jsonpath\json-path\2.4.0\json-path-2.4.0.jar;C:\Users\irgigt\.m2\repository\net\minidev\json-smart\2.3\json-smart-2.3.jar;C:\Users\irgigt\.m2\repository\net\minidev\accessors-smart\1.2\accessors-smart-1.2.jar;C:\Users\irgigt\.m2\repository\org\ow2\asm\asm\5.0.4\asm-5.0.4.jar;C:\Users\irgigt\.m2\repository\info\cukes\cucumber-java\1.2.5\cucumber-java-1.2.5.jar;C:\Users\irgigt\.m2\repository\info\cukes\cucumber-core\1.2.5\cucumber-core-1.2.5.jar;C:\Users\irgigt\.m2\repository\org\yaml\snakeyaml\1.24\snakeyaml-1.24.jar;C:\Users\irgigt\.m2\repository\de\siegmar\fastcsv\1.0.3\fastcsv-1.0.3.jar;C:\Users\irgigt\.m2\repository\info\picocli\picocli\4.0.3\picocli-4.0.3.jar;C:\Users\irgigt\.m2\repository\org\apache\httpcomponents\httpclient\4.5.11\httpclient-4.5.11.jar;C:\Users\irgigt\.m2\repository\org\apache\httpcomponents\httpcore\4.4.13\httpcore-4.4.13.jar;C:\Users\irgigt\.m2\repository\commons-codec\commons-codec\1.11\commons-codec-1.11.jar;C:\Users\irgigt\.m2\repository\org\apache\httpcomponents\httpmime\4.5.11\httpmime-4.5.11.jar;C:\Users\irgigt\.m2\repository\org\slf4j\jcl-over-slf4j\1.7.25\jcl-over-slf4j-1.7.25.jar;C:\Users\irgigt\.m2\repository\org\slf4j\slf4j-api\1.7.25\slf4j-api-1.7.25.jar;C:\Users\irgigt\.m2\repository\ch\qos\logback\logback-classic\1.2.3\logback-classic-1.2.3.jar;C:\Users\irgigt\.m2\repository\ch\qos\logback\logback-core\1.2.3\logback-core-1.2.3.jar;C:\Users\irgigt\.m2\repository\com\intuit\karate\karate-junit4\0.9.5\karate-junit4-0.9.5.jar;C:\Users\irgigt\.m2\repository\junit\junit\4.12\junit-4.12.jar;C:\Users\irgigt\.m2\repository\org\hamcrest\hamcrest-core\1.3\hamcrest-core-1.3.jar;C:\Users\irgigt\.m2\repository\net\masterthought\cucumber-reporting\3.8.0\cucumber-reporting-3.8.0.jar;C:\Users\irgigt\.m2\repository\org\apache\logging\log4j\log4j-api\2.6\log4j-api-2.6.jar;C:\Users\irgigt\.m2\repository\org\apache\logging\log4j\log4j-core\2.6\log4j-core-2.6.jar;C:\Users\irgigt\.m2\repository\com\fasterxml\jackson\core\jackson-databind\2.8.5\jackson-databind-2.8.5.jar;C:\Users\irgigt\.m2\repository\com\fasterxml\jackson\core\jackson-annotations\2.8.0\jackson-annotations-2.8.0.jar;C:\Users\irgigt\.m2\repository\com\fasterxml\jackson\core\jackson-core\2.8.5\jackson-core-2.8.5.jar;C:\Users\irgigt\.m2\repository\org\apache\velocity\velocity\1.7\velocity-1.7.jar;C:\Users\irgigt\.m2\repository\commons-collections\commons-collections\3.2.1\commons-collections-3.2.1.jar;C:\Users\irgigt\.m2\repository\commons-lang\commons-lang\2.4\commons-lang-2.4.jar;C:\Users\irgigt\.m2\repository\velocity-tools\velocity-tools\1.4\velocity-tools-1.4.jar;C:\Users\irgigt\.m2\repository\joda-time\joda-time\2.9.6\joda-time-2.9.6.jar;C:\Users\irgigt\.m2\repository\org\apache\commons\commons-lang3\3.5\commons-lang3-3.5.jar;C:\Users\irgigt\.m2\repository\commons-io\commons-io\2.5\commons-io-2.5.jar;C:\Users\irgigt\.m2\repository\net\lingala\zip4j\zip4j\1.3.2\zip4j-1.3.2.jar;C:\Users\irgigt\.m2\repository\org\codehaus\plexus\plexus-utils\3.0.24\plexus-utils-3.0.24.jar;C:\Users\irgigt\.m2\repository\org\jsoup\jsoup\1.10.1\jsoup-1.10.1.jar;C:\Users\irgigt\.m2\repository\com\googlecode\owasp-java-html-sanitizer\owasp-java-html-sanitizer\20160924.1\owasp-java-html-sanitizer-20160924.1.jar;C:\Users\irgigt\.m2\repository\com\google\guava\guava\20.0\guava-20.0.jar;C:\Users\irgigt\.m2\repository\org\testng\testng\7.4.0\testng-7.4.0.jar;C:\Users\irgigt\.m2\repository\com\beust\jcommander\1.78\jcommander-1.78.jar;C:\Users\irgigt\.m2\repository\org\webjars\jquery\3.5.1\jquery-3.5.1.jar;"/>
    <property name="sun.cpu.endian" value="little"/>
    <property name="user.home" value="C:\Users\irgigt"/>
    <property name="user.language" value="en"/>
    <property name="java.specification.vendor" value="Oracle Corporation"/>
    <property name="java.home" value="C:\Program Files\Java\jdk1.8.0_121\jre"/>
    <property name="basedir" value="D:\test selinum projects\KarateScripts"/>
    <property name="file.separator" value="\"/>
    <property name="line.separator" value="&#10;"/>
    <property name="java.vm.specification.vendor" value="Oracle Corporation"/>
    <property name="java.specification.name" value="Java Platform API Specification"/>
    <property name="karateoptions" value="--tags ~@Soap"/>
    <property name="java.awt.graphicsenv" value="sun.awt.Win32GraphicsEnvironment"/>
    <property name="surefire.real.class.path" value="C:\Users\irgigt\AppData\Local\Temp\surefire2596451385608400313\surefirebooter6351626180819890622.jar"/>
    <property name="sun.boot.class.path" value="C:\Program Files\Java\jdk1.8.0_121\jre\lib\resources.jar;C:\Program Files\Java\jdk1.8.0_121\jre\lib\rt.jar;C:\Program Files\Java\jdk1.8.0_121\jre\lib\sunrsasign.jar;C:\Program Files\Java\jdk1.8.0_121\jre\lib\jsse.jar;C:\Program Files\Java\jdk1.8.0_121\jre\lib\jce.jar;C:\Program Files\Java\jdk1.8.0_121\jre\lib\charsets.jar;C:\Program Files\Java\jdk1.8.0_121\jre\lib\jfr.jar;C:\Program Files\Java\jdk1.8.0_121\jre\classes"/>
    <property name="user.script" value=""/>
    <property name="sun.management.compiler" value="HotSpot 64-Bit Tiered Compilers"/>
    <property name="java.runtime.version" value="1.8.0_121-b13"/>
    <property name="user.name" value="irgigt"/>
    <property name="path.separator" value=";"/>
    <property name="os.version" value="10.0"/>
    <property name="java.endorsed.dirs" value="C:\Program Files\Java\jdk1.8.0_121\jre\lib\endorsed"/>
    <property name="java.runtime.name" value="Java(TM) SE Runtime Environment"/>
    <property name="file.encoding" value="Cp1252"/>
    <property name="java.vm.name" value="Java HotSpot(TM) 64-Bit Server VM"/>
    <property name="localRepository" value="C:\Users\irgigt\.m2\repository"/>
    <property name="java.vendor.url.bug" value="http://bugreport.sun.com/bugreport/"/>
    <property name="java.io.tmpdir" value="C:\Users\irgigt\AppData\Local\Temp\"/>
    <property name="java.version" value="1.8.0_121"/>
    <property name="user.dir" value="D:\test selinum projects\KarateScripts"/>
    <property name="os.arch" value="amd64"/>
    <property name="java.vm.specification.name" value="Java Virtual Machine Specification"/>
    <property name="java.awt.printerjob" value="sun.awt.windows.WPrinterJob"/>
    <property name="sun.os.patch.level" value=""/>
    <property name="java.library.path" value="C:\Program Files\Java\jdk1.8.0_121\jre\bin;C:\WINDOWS\Sun\Java\bin;C:\WINDOWS\system32;C:\WINDOWS;C:\Python3_8\Scripts\;C:\Python3_8\;C:\ProgramData\Oracle\Java\javapath;C:\WINDOWS\system32;C:\WINDOWS;C:\WINDOWS\System32\Wbem;C:\WINDOWS\System32\WindowsPowerShell\v1.0\;C:\WINDOWS\System32\OpenSSH\;C:\Users\irgigt\AppData\Local\Programs\Python\Python38-32;C:\Program Files\Microsoft SQL Server\130\Tools\Binn\;C:\Program Files\TortoiseGit\bin;C:\Program Files\Git\cmd;C:\Program Files\TortoiseSVN\bin;C:\Program Files\nodejs\;C:\Program Files (x86)\Microsoft SQL Server\150\DTS\Binn\;C:\Program Files\Azure Data Studio\bin;C:\Users\irgigt\AppData\Local\Android\Sdk\tools\bin;C:\Users\irgigt\AppData\Local\Android\Sdk\tools;C:\Users\irgigt\AppData\Local\Android\Sdk\platform-tools;C:\Program Files\nodejs\node_modules\npm\bin;C:\Users\irgigt\apache-maven-3.8.1-bin\apache-maven-3.8.1\bin;C:\Program Files\MySQL\MySQL Shell 8.0\bin\;C:\Users\irgigt\AppData\Local\Microsoft\WindowsApps;C:\Users\irgigt\AppData\Local\Programs\Microsoft VS Code\bin;C:\Users\irgigt\AppData\Roaming\npm;C:\Program Files\Azure Data Studio\bin;;."/>
    <property name="java.vm.info" value="mixed mode"/>
    <property name="java.vendor" value="Oracle Corporation"/>
    <property name="java.vm.version" value="25.121-b13"/>
    <property name="java.ext.dirs" value="C:\Program Files\Java\jdk1.8.0_121\jre\lib\ext;C:\WINDOWS\Sun\Java\lib\ext"/>
    <property name="sun.io.unicode.encoding" value="UnicodeLittle"/>
    <property name="java.class.version" value="52.0"/>
  </properties>
  <testcase name="parallelRun" classname="Karate.KarateScripts.APIRunnerTest1" time="55.044">
    <system-out><![CDATA[This is before suite
D:\test selinum projects\KarateScripts\target\surefire-reports\new5
D:\test selinum projects\KarateScripts\target\surefire-reports\resources.Soap.json
D:\test selinum projects\KarateScripts\target\surefire-reports\resources.Soap.xml
D:\test selinum projects\KarateScripts\target\surefire-reports\results-json.txt
D:\test selinum projects\KarateScripts\target\surefire-reports\timeline.html
20:47:54.630 [main] INFO com.intuit.karate.Runner - waiting for parallel features to complete ...
20:47:54.970 [pool-2-thread-4] WARN com.intuit.karate - skipping bootstrap configuration: could not find or read file: classpath:karate-config.js
20:47:55.247 [pool-2-thread-4] DEBUG com.jayway.jsonpath.internal.path.CompiledPath - Evaluating path: $
20:47:55.277 [pool-2-thread-4] DEBUG com.jayway.jsonpath.internal.path.CompiledPath - Evaluating path: $
20:47:55.344 [pool-2-thread-4] DEBUG com.jayway.jsonpath.internal.path.CompiledPath - Evaluating path: $
20:47:57.515 [pool-2-thread-4] DEBUG com.jayway.jsonpath.internal.path.CompiledPath - Evaluating path: $
20:47:57.516 [pool-2-thread-4] DEBUG com.jayway.jsonpath.internal.path.CompiledPath - Evaluating path: $
20:47:57.520 [pool-2-thread-4] DEBUG com.jayway.jsonpath.internal.path.CompiledPath - Evaluating path: $['username']
20:47:57.521 [pool-2-thread-4] DEBUG com.jayway.jsonpath.internal.JsonContext - Set path $['username'] new value webservice.user.all.214@MISSING.COM
20:47:57.524 [pool-2-thread-4] DEBUG com.jayway.jsonpath.internal.path.CompiledPath - Evaluating path: $['password']
20:47:57.524 [pool-2-thread-4] DEBUG com.jayway.jsonpath.internal.JsonContext - Set path $['password'] new value gh62jAI>uLPuvlp
20:47:57.535 [pool-2-thread-4] DEBUG com.jayway.jsonpath.internal.path.CompiledPath - Evaluating path: $
20:47:57.622 [pool-2-thread-4] DEBUG com.jayway.jsonpath.internal.path.CompiledPath - Evaluating path: $
20:47:57.854 [pool-2-thread-4] DEBUG org.apache.http.client.protocol.RequestAddCookies - CookieSpec selected: karate
20:47:57.868 [pool-2-thread-4] DEBUG org.apache.http.client.protocol.RequestAuthCache - Auth cache not set in the context
20:47:57.871 [pool-2-thread-4] DEBUG com.intuit.karate - request:
1 > POST https://soap.tracking.thermoking.com/tk-webservices/Command
1 > Accept-Encoding: gzip,deflate
1 > Authorization: Basic d2Vic2VydmljZS51c2VyLmFsbC4yMTRATUlTU0lORy5DT006Z2g2MmpBST51TFB1dmxw
1 > Connection: Keep-Alive
1 > Content-Length: 655
1 > Content-Type: application/xml; charset=UTF-8
1 > Host: soap.tracking.thermoking.com
1 > SOAPAction: 
1 > User-Agent: Apache-HttpClient/4.5.11 (Java/1.8.0_121)
<soapenv:Envelope xmlns:soapenv="http://schemas.xmlsoap.org/soap/envelope/" xmlns:ser="http://service.jbossws.webservices.celtrak.com/">
    <soapenv:Header/>
    <soapenv:Body>
        <ser:updateSetPoint>
            <!--1 or more repetitions:-->
            <customerVehicles>
                <customerid>4560BD5E-BD7B-42B0-8DCB-627EB8454C72</customerid>
                <!--1 or more repetitions:-->
                <vehicles>Bluebox India 2 PROD1</vehicles>
            </customerVehicles>
            <zoneId>1</zoneId>
            <setPointValue>-2</setPointValue>
        </ser:updateSetPoint>
    </soapenv:Body>
</soapenv:Envelope>

20:47:57.874 [pool-2-thread-4] DEBUG org.apache.http.impl.conn.PoolingHttpClientConnectionManager - Connection request: [route: {s}->https://soap.tracking.thermoking.com:443][total available: 0; route allocated: 0 of 5; total allocated: 0 of 10]
20:47:57.896 [pool-2-thread-4] DEBUG org.apache.http.impl.conn.PoolingHttpClientConnectionManager - Connection leased: [id: 0][route: {s}->https://soap.tracking.thermoking.com:443][total available: 0; route allocated: 1 of 5; total allocated: 1 of 10]
20:47:57.901 [pool-2-thread-4] DEBUG org.apache.http.impl.execchain.MainClientExec - Opening connection {s}->https://soap.tracking.thermoking.com:443
20:47:58.080 [pool-2-thread-4] DEBUG org.apache.http.impl.conn.DefaultHttpClientConnectionOperator - Connecting to soap.tracking.thermoking.com/3.212.162.73:443
20:47:58.081 [pool-2-thread-4] DEBUG org.apache.http.conn.ssl.LenientSslConnectionSocketFactory - Connecting socket to soap.tracking.thermoking.com/3.212.162.73:443 with timeout 30000
20:47:58.453 [pool-2-thread-4] DEBUG org.apache.http.conn.ssl.LenientSslConnectionSocketFactory - Enabled protocols: [TLSv1, TLSv1.1, TLSv1.2]
20:47:58.454 [pool-2-thread-4] DEBUG org.apache.http.conn.ssl.LenientSslConnectionSocketFactory - Enabled cipher suites:[TLS_ECDHE_ECDSA_WITH_AES_128_CBC_SHA256, TLS_ECDHE_RSA_WITH_AES_128_CBC_SHA256, TLS_RSA_WITH_AES_128_CBC_SHA256, TLS_ECDH_ECDSA_WITH_AES_128_CBC_SHA256, TLS_ECDH_RSA_WITH_AES_128_CBC_SHA256, TLS_DHE_RSA_WITH_AES_128_CBC_SHA256, TLS_DHE_DSS_WITH_AES_128_CBC_SHA256, TLS_ECDHE_ECDSA_WITH_AES_128_CBC_SHA, TLS_ECDHE_RSA_WITH_AES_128_CBC_SHA, TLS_RSA_WITH_AES_128_CBC_SHA, TLS_ECDH_ECDSA_WITH_AES_128_CBC_SHA, TLS_ECDH_RSA_WITH_AES_128_CBC_SHA, TLS_DHE_RSA_WITH_AES_128_CBC_SHA, TLS_DHE_DSS_WITH_AES_128_CBC_SHA, TLS_ECDHE_ECDSA_WITH_AES_128_GCM_SHA256, TLS_ECDHE_RSA_WITH_AES_128_GCM_SHA256, TLS_RSA_WITH_AES_128_GCM_SHA256, TLS_ECDH_ECDSA_WITH_AES_128_GCM_SHA256, TLS_ECDH_RSA_WITH_AES_128_GCM_SHA256, TLS_DHE_RSA_WITH_AES_128_GCM_SHA256, TLS_DHE_DSS_WITH_AES_128_GCM_SHA256, TLS_EMPTY_RENEGOTIATION_INFO_SCSV]
20:47:58.455 [pool-2-thread-4] DEBUG org.apache.http.conn.ssl.LenientSslConnectionSocketFactory - Starting handshake
20:47:59.345 [pool-2-thread-4] DEBUG org.apache.http.conn.ssl.LenientSslConnectionSocketFactory - Secure session established
20:47:59.346 [pool-2-thread-4] DEBUG org.apache.http.conn.ssl.LenientSslConnectionSocketFactory -  negotiated protocol: TLSv1.2
20:47:59.346 [pool-2-thread-4] DEBUG org.apache.http.conn.ssl.LenientSslConnectionSocketFactory -  negotiated cipher suite: TLS_ECDHE_RSA_WITH_AES_128_GCM_SHA256
20:47:59.347 [pool-2-thread-4] DEBUG org.apache.http.conn.ssl.LenientSslConnectionSocketFactory -  peer principal: CN=*.tracking.thermoking.com
20:47:59.347 [pool-2-thread-4] DEBUG org.apache.http.conn.ssl.LenientSslConnectionSocketFactory -  peer alternative names: [*.tracking.thermoking.com]
20:47:59.348 [pool-2-thread-4] DEBUG org.apache.http.conn.ssl.LenientSslConnectionSocketFactory -  issuer principal: CN=Amazon, OU=Server CA 1B, O=Amazon, C=US
20:47:59.351 [pool-2-thread-4] DEBUG org.apache.http.impl.conn.DefaultHttpClientConnectionOperator - Connection established 10.200.54.214:51858<->3.212.162.73:443
20:47:59.351 [pool-2-thread-4] DEBUG org.apache.http.impl.conn.DefaultManagedHttpClientConnection - http-outgoing-0: set socket timeout to 30000
20:47:59.352 [pool-2-thread-4] DEBUG org.apache.http.impl.execchain.MainClientExec - Executing request POST /tk-webservices/Command HTTP/1.1
20:47:59.352 [pool-2-thread-4] DEBUG org.apache.http.impl.execchain.MainClientExec - Proxy auth state: UNCHALLENGED
20:47:59.355 [pool-2-thread-4] DEBUG org.apache.http.headers - http-outgoing-0 >> POST /tk-webservices/Command HTTP/1.1
20:47:59.356 [pool-2-thread-4] DEBUG org.apache.http.headers - http-outgoing-0 >> Authorization: Basic d2Vic2VydmljZS51c2VyLmFsbC4yMTRATUlTU0lORy5DT006Z2g2MmpBST51TFB1dmxw
20:47:59.356 [pool-2-thread-4] DEBUG org.apache.http.headers - http-outgoing-0 >> SOAPAction: 
20:47:59.356 [pool-2-thread-4] DEBUG org.apache.http.headers - http-outgoing-0 >> Content-Type: application/xml; charset=UTF-8
20:47:59.356 [pool-2-thread-4] DEBUG org.apache.http.headers - http-outgoing-0 >> Content-Length: 655
20:47:59.356 [pool-2-thread-4] DEBUG org.apache.http.headers - http-outgoing-0 >> Host: soap.tracking.thermoking.com
20:47:59.356 [pool-2-thread-4] DEBUG org.apache.http.headers - http-outgoing-0 >> Connection: Keep-Alive
20:47:59.356 [pool-2-thread-4] DEBUG org.apache.http.headers - http-outgoing-0 >> User-Agent: Apache-HttpClient/4.5.11 (Java/1.8.0_121)
20:47:59.357 [pool-2-thread-4] DEBUG org.apache.http.headers - http-outgoing-0 >> Accept-Encoding: gzip,deflate
20:47:59.357 [pool-2-thread-4] DEBUG org.apache.http.wire - http-outgoing-0 >> "POST /tk-webservices/Command HTTP/1.1[\r][\n]"
20:47:59.359 [pool-2-thread-4] DEBUG org.apache.http.wire - http-outgoing-0 >> "Authorization: Basic d2Vic2VydmljZS51c2VyLmFsbC4yMTRATUlTU0lORy5DT006Z2g2MmpBST51TFB1dmxw[\r][\n]"
20:47:59.359 [pool-2-thread-4] DEBUG org.apache.http.wire - http-outgoing-0 >> "SOAPAction: [\r][\n]"
20:47:59.359 [pool-2-thread-4] DEBUG org.apache.http.wire - http-outgoing-0 >> "Content-Type: application/xml; charset=UTF-8[\r][\n]"
20:47:59.359 [pool-2-thread-4] DEBUG org.apache.http.wire - http-outgoing-0 >> "Content-Length: 655[\r][\n]"
20:47:59.359 [pool-2-thread-4] DEBUG org.apache.http.wire - http-outgoing-0 >> "Host: soap.tracking.thermoking.com[\r][\n]"
20:47:59.359 [pool-2-thread-4] DEBUG org.apache.http.wire - http-outgoing-0 >> "Connection: Keep-Alive[\r][\n]"
20:47:59.359 [pool-2-thread-4] DEBUG org.apache.http.wire - http-outgoing-0 >> "User-Agent: Apache-HttpClient/4.5.11 (Java/1.8.0_121)[\r][\n]"
20:47:59.360 [pool-2-thread-4] DEBUG org.apache.http.wire - http-outgoing-0 >> "Accept-Encoding: gzip,deflate[\r][\n]"
20:47:59.360 [pool-2-thread-4] DEBUG org.apache.http.wire - http-outgoing-0 >> "[\r][\n]"
20:47:59.360 [pool-2-thread-4] DEBUG org.apache.http.wire - http-outgoing-0 >> "<soapenv:Envelope xmlns:soapenv="http://schemas.xmlsoap.org/soap/envelope/" xmlns:ser="http://service.jbossws.webservices.celtrak.com/">[\r][\n]"
20:47:59.360 [pool-2-thread-4] DEBUG org.apache.http.wire - http-outgoing-0 >> "    <soapenv:Header/>[\r][\n]"
20:47:59.361 [pool-2-thread-4] DEBUG org.apache.http.wire - http-outgoing-0 >> "    <soapenv:Body>[\r][\n]"
20:47:59.362 [pool-2-thread-4] DEBUG org.apache.http.wire - http-outgoing-0 >> "        <ser:updateSetPoint>[\r][\n]"
20:47:59.362 [pool-2-thread-4] DEBUG org.apache.http.wire - http-outgoing-0 >> "            <!--1 or more repetitions:-->[\r][\n]"
20:47:59.362 [pool-2-thread-4] DEBUG org.apache.http.wire - http-outgoing-0 >> "            <customerVehicles>[\r][\n]"
20:47:59.362 [pool-2-thread-4] DEBUG org.apache.http.wire - http-outgoing-0 >> "                <customerid>4560BD5E-BD7B-42B0-8DCB-627EB8454C72</customerid>[\r][\n]"
20:47:59.363 [pool-2-thread-4] DEBUG org.apache.http.wire - http-outgoing-0 >> "                <!--1 or more repetitions:-->[\r][\n]"
20:47:59.363 [pool-2-thread-4] DEBUG org.apache.http.wire - http-outgoing-0 >> "                <vehicles>Bluebox India 2 PROD1</vehicles>[\r][\n]"
20:47:59.363 [pool-2-thread-4] DEBUG org.apache.http.wire - http-outgoing-0 >> "            </customerVehicles>[\r][\n]"
20:47:59.365 [pool-2-thread-4] DEBUG org.apache.http.wire - http-outgoing-0 >> "            <zoneId>1</zoneId>[\r][\n]"
20:47:59.365 [pool-2-thread-4] DEBUG org.apache.http.wire - http-outgoing-0 >> "            <setPointValue>-2</setPointValue>[\r][\n]"
20:47:59.365 [pool-2-thread-4] DEBUG org.apache.http.wire - http-outgoing-0 >> "        </ser:updateSetPoint>[\r][\n]"
20:47:59.366 [pool-2-thread-4] DEBUG org.apache.http.wire - http-outgoing-0 >> "    </soapenv:Body>[\r][\n]"
20:47:59.366 [pool-2-thread-4] DEBUG org.apache.http.wire - http-outgoing-0 >> "</soapenv:Envelope>"
20:47:59.833 [pool-2-thread-4] DEBUG org.apache.http.wire - http-outgoing-0 << "HTTP/1.1 200 OK[\r][\n]"
20:47:59.834 [pool-2-thread-4] DEBUG org.apache.http.wire - http-outgoing-0 << "Date: Thu, 07 Oct 2021 15:17:59 GMT[\r][\n]"
20:47:59.834 [pool-2-thread-4] DEBUG org.apache.http.wire - http-outgoing-0 << "Content-Type: text/xml;charset=UTF-8[\r][\n]"
20:47:59.844 [pool-2-thread-4] DEBUG org.apache.http.wire - http-outgoing-0 << "Content-Length: 492[\r][\n]"
20:47:59.845 [pool-2-thread-4] DEBUG org.apache.http.wire - http-outgoing-0 << "Connection: keep-alive[\r][\n]"
20:47:59.845 [pool-2-thread-4] DEBUG org.apache.http.wire - http-outgoing-0 << "Set-Cookie: AWSALBTG=G0n/oUGaSGqROgl8e05xAv1UzbYnFCEC9cVJmvrUxhOCmSeSAmo12gsoSRYK5x8tjO9dCEQ8WOptW3DI0YSHDBivz0rt9roADl1Y5XcS6rkXM4lRJlkIc8XdhMCIXVep3zS1cF3SgxVxfneJrSuwXGity1apkKQUpr9TDfF6erD8; Expires=Thu, 14 Oct 2021 15:17:59 GMT; Path=/[\r][\n]"
20:47:59.845 [pool-2-thread-4] DEBUG org.apache.http.wire - http-outgoing-0 << "Set-Cookie: AWSALBTGCORS=G0n/oUGaSGqROgl8e05xAv1UzbYnFCEC9cVJmvrUxhOCmSeSAmo12gsoSRYK5x8tjO9dCEQ8WOptW3DI0YSHDBivz0rt9roADl1Y5XcS6rkXM4lRJlkIc8XdhMCIXVep3zS1cF3SgxVxfneJrSuwXGity1apkKQUpr9TDfF6erD8; Expires=Thu, 14 Oct 2021 15:17:59 GMT; Path=/; SameSite=None; Secure[\r][\n]"
20:47:59.846 [pool-2-thread-4] DEBUG org.apache.http.wire - http-outgoing-0 << "Expires: 0[\r][\n]"
20:47:59.846 [pool-2-thread-4] DEBUG org.apache.http.wire - http-outgoing-0 << "Cache-Control: no-cache, no-store, must-revalidate[\r][\n]"
20:47:59.846 [pool-2-thread-4] DEBUG org.apache.http.wire - http-outgoing-0 << "X-Powered-By: Undertow/1[\r][\n]"
20:47:59.846 [pool-2-thread-4] DEBUG org.apache.http.wire - http-outgoing-0 << "Server: WildFly/10[\r][\n]"
20:47:59.847 [pool-2-thread-4] DEBUG org.apache.http.wire - http-outgoing-0 << "Pragma: no-cache[\r][\n]"
20:47:59.847 [pool-2-thread-4] DEBUG org.apache.http.wire - http-outgoing-0 << "[\r][\n]"
20:47:59.847 [pool-2-thread-4] DEBUG org.apache.http.wire - http-outgoing-0 << "<soap:Envelope xmlns:soap="http://schemas.xmlsoap.org/soap/envelope/"><SOAP-ENV:Header xmlns:SOAP-ENV="http://schemas.xmlsoap.org/soap/envelope/"/><soap:Body><ns2:updateSetPointResponse xmlns:ns2="http://service.jbossws.webservices.celtrak.com/"><requestReference><customerId>4560BD5E-BD7B-42B0-8DCB-627EB8454C72</customerId><requestIdentifier>q3526075</requestIdentifier><vehicleId>Bluebox India 2 PROD1</vehicleId></requestReference></ns2:updateSetPointResponse></soap:Body></soap:Envelope>"
20:47:59.853 [pool-2-thread-4] DEBUG org.apache.http.headers - http-outgoing-0 << HTTP/1.1 200 OK
20:47:59.853 [pool-2-thread-4] DEBUG org.apache.http.headers - http-outgoing-0 << Date: Thu, 07 Oct 2021 15:17:59 GMT
20:47:59.854 [pool-2-thread-4] DEBUG org.apache.http.headers - http-outgoing-0 << Content-Type: text/xml;charset=UTF-8
20:47:59.854 [pool-2-thread-4] DEBUG org.apache.http.headers - http-outgoing-0 << Content-Length: 492
20:47:59.854 [pool-2-thread-4] DEBUG org.apache.http.headers - http-outgoing-0 << Connection: keep-alive
20:47:59.855 [pool-2-thread-4] DEBUG org.apache.http.headers - http-outgoing-0 << Set-Cookie: AWSALBTG=G0n/oUGaSGqROgl8e05xAv1UzbYnFCEC9cVJmvrUxhOCmSeSAmo12gsoSRYK5x8tjO9dCEQ8WOptW3DI0YSHDBivz0rt9roADl1Y5XcS6rkXM4lRJlkIc8XdhMCIXVep3zS1cF3SgxVxfneJrSuwXGity1apkKQUpr9TDfF6erD8; Expires=Thu, 14 Oct 2021 15:17:59 GMT; Path=/
20:47:59.855 [pool-2-thread-4] DEBUG org.apache.http.headers - http-outgoing-0 << Set-Cookie: AWSALBTGCORS=G0n/oUGaSGqROgl8e05xAv1UzbYnFCEC9cVJmvrUxhOCmSeSAmo12gsoSRYK5x8tjO9dCEQ8WOptW3DI0YSHDBivz0rt9roADl1Y5XcS6rkXM4lRJlkIc8XdhMCIXVep3zS1cF3SgxVxfneJrSuwXGity1apkKQUpr9TDfF6erD8; Expires=Thu, 14 Oct 2021 15:17:59 GMT; Path=/; SameSite=None; Secure
20:47:59.855 [pool-2-thread-4] DEBUG org.apache.http.headers - http-outgoing-0 << Expires: 0
20:47:59.855 [pool-2-thread-4] DEBUG org.apache.http.headers - http-outgoing-0 << Cache-Control: no-cache, no-store, must-revalidate
20:47:59.855 [pool-2-thread-4] DEBUG org.apache.http.headers - http-outgoing-0 << X-Powered-By: Undertow/1
20:47:59.855 [pool-2-thread-4] DEBUG org.apache.http.headers - http-outgoing-0 << Server: WildFly/10
20:47:59.855 [pool-2-thread-4] DEBUG org.apache.http.headers - http-outgoing-0 << Pragma: no-cache
20:47:59.861 [pool-2-thread-4] DEBUG org.apache.http.impl.execchain.MainClientExec - Connection can be kept alive indefinitely
20:47:59.890 [pool-2-thread-4] DEBUG org.apache.http.client.protocol.ResponseProcessCookies - Cookie accepted [AWSALBTG="G0n/oUGaSGqROgl8e05xAv1UzbYnFCEC9cVJmvrUxhOCmSeSAmo12gsoSRYK5x8tjO9dCEQ8WOptW3DI0YSHDBivz0rt9roADl1Y...", version:0, domain:soap.tracking.thermoking.com, path:/, expiry:Thu Oct 14 20:47:59 IST 2021]
20:47:59.891 [pool-2-thread-4] DEBUG org.apache.http.client.protocol.ResponseProcessCookies - Cookie accepted [AWSALBTGCORS="G0n/oUGaSGqROgl8e05xAv1UzbYnFCEC9cVJmvrUxhOCmSeSAmo12gsoSRYK5x8tjO9dCEQ8WOptW3DI0YSHDBivz0rt9roADl1Y...", version:0, domain:soap.tracking.thermoking.com, path:/, expiry:Thu Oct 14 20:47:59 IST 2021]
20:47:59.895 [pool-2-thread-4] DEBUG org.apache.http.impl.conn.PoolingHttpClientConnectionManager - Connection [id: 0][route: {s}->https://soap.tracking.thermoking.com:443] can be kept alive indefinitely
20:47:59.895 [pool-2-thread-4] DEBUG org.apache.http.impl.conn.DefaultManagedHttpClientConnection - http-outgoing-0: set socket timeout to 0
20:47:59.895 [pool-2-thread-4] DEBUG org.apache.http.impl.conn.PoolingHttpClientConnectionManager - Connection released: [id: 0][route: {s}->https://soap.tracking.thermoking.com:443][total available: 1; route allocated: 1 of 5; total allocated: 1 of 10]
20:47:59.896 [pool-2-thread-4] DEBUG com.intuit.karate - response time in milliseconds: 2020.34
1 < 200
1 < Cache-Control: no-cache, no-store, must-revalidate
1 < Connection: keep-alive
1 < Content-Length: 492
1 < Content-Type: text/xml;charset=UTF-8
1 < Date: Thu, 07 Oct 2021 15:17:59 GMT
1 < Expires: 0
1 < Pragma: no-cache
1 < Server: WildFly/10
1 < Set-Cookie: [AWSALBTG=G0n/oUGaSGqROgl8e05xAv1UzbYnFCEC9cVJmvrUxhOCmSeSAmo12gsoSRYK5x8tjO9dCEQ8WOptW3DI0YSHDBivz0rt9roADl1Y5XcS6rkXM4lRJlkIc8XdhMCIXVep3zS1cF3SgxVxfneJrSuwXGity1apkKQUpr9TDfF6erD8; Expires=Thu, 14 Oct 2021 15:17:59 GMT; Path=/, AWSALBTGCORS=G0n/oUGaSGqROgl8e05xAv1UzbYnFCEC9cVJmvrUxhOCmSeSAmo12gsoSRYK5x8tjO9dCEQ8WOptW3DI0YSHDBivz0rt9roADl1Y5XcS6rkXM4lRJlkIc8XdhMCIXVep3zS1cF3SgxVxfneJrSuwXGity1apkKQUpr9TDfF6erD8; Expires=Thu, 14 Oct 2021 15:17:59 GMT; Path=/; SameSite=None; Secure]
1 < X-Powered-By: Undertow/1
<soap:Envelope xmlns:soap="http://schemas.xmlsoap.org/soap/envelope/"><SOAP-ENV:Header xmlns:SOAP-ENV="http://schemas.xmlsoap.org/soap/envelope/"/><soap:Body><ns2:updateSetPointResponse xmlns:ns2="http://service.jbossws.webservices.celtrak.com/"><requestReference><customerId>4560BD5E-BD7B-42B0-8DCB-627EB8454C72</customerId><requestIdentifier>q3526075</requestIdentifier><vehicleId>Bluebox India 2 PROD1</vehicleId></requestReference></ns2:updateSetPointResponse></soap:Body></soap:Envelope>

20:47:59.905 [pool-2-thread-4] INFO com.intuit.karate - [print] <soap:Envelope xmlns:soap="http://schemas.xmlsoap.org/soap/envelope/">
  <SOAP-ENV:Header xmlns:SOAP-ENV="http://schemas.xmlsoap.org/soap/envelope/"/>
  <soap:Body>
    <ns2:updateSetPointResponse xmlns:ns2="http://service.jbossws.webservices.celtrak.com/">
      <requestReference>
        <customerId>4560BD5E-BD7B-42B0-8DCB-627EB8454C72</customerId>
        <requestIdentifier>q3526075</requestIdentifier>
        <vehicleId>Bluebox India 2 PROD1</vehicleId>
      </requestReference>
    </ns2:updateSetPointResponse>
  </soap:Body>
</soap:Envelope>

20:48:00.007 [pool-2-thread-4] INFO com.intuit.karate - [print] q3526075
20:48:00.009 [pool-2-thread-4] DEBUG com.jayway.jsonpath.internal.path.CompiledPath - Evaluating path: $
20:48:00.020 [pool-2-thread-4] DEBUG com.jayway.jsonpath.internal.path.CompiledPath - Evaluating path: $['requestIdentifier']
20:48:00.021 [pool-2-thread-4] DEBUG com.jayway.jsonpath.internal.JsonContext - Set path $['requestIdentifier'] new value q3526075
20:48:00.046 [pool-2-thread-4] DEBUG com.jayway.jsonpath.internal.path.CompiledPath - Evaluating path: $
20:48:00.058 [pool-2-thread-4] INFO com.intuit.karate - scenario called at line: 31 by tag: @requestStatus
20:48:00.074 [pool-2-thread-4] DEBUG com.jayway.jsonpath.internal.path.CompiledPath - Evaluating path: $
20:48:00.087 [pool-2-thread-4] DEBUG com.jayway.jsonpath.internal.path.CompiledPath - Evaluating path: $
20:48:00.096 [pool-2-thread-4] DEBUG com.jayway.jsonpath.internal.path.CompiledPath - Evaluating path: $
20:48:00.117 [pool-2-thread-4] DEBUG com.jayway.jsonpath.internal.path.CompiledPath - Evaluating path: $
20:48:00.118 [pool-2-thread-4] DEBUG com.jayway.jsonpath.internal.path.CompiledPath - Evaluating path: $
20:48:00.119 [pool-2-thread-4] DEBUG com.jayway.jsonpath.internal.path.CompiledPath - Evaluating path: $['username']
20:48:00.120 [pool-2-thread-4] DEBUG com.jayway.jsonpath.internal.JsonContext - Set path $['username'] new value webservice.user.all.214@MISSING.COM
20:48:00.121 [pool-2-thread-4] DEBUG com.jayway.jsonpath.internal.path.CompiledPath - Evaluating path: $['password']
20:48:00.122 [pool-2-thread-4] DEBUG com.jayway.jsonpath.internal.JsonContext - Set path $['password'] new value gh62jAI>uLPuvlp
20:48:00.125 [pool-2-thread-4] DEBUG com.jayway.jsonpath.internal.path.CompiledPath - Evaluating path: $
20:48:32.159 [pool-2-thread-4] DEBUG com.jayway.jsonpath.internal.path.CompiledPath - Evaluating path: $
20:48:32.161 [pool-2-thread-4] DEBUG com.jayway.jsonpath.internal.path.CompiledPath - Evaluating path: $['requestIdentifier']
20:48:32.162 [pool-2-thread-4] DEBUG com.jayway.jsonpath.internal.JsonContext - Set path $['requestIdentifier'] new value q3526075
20:48:32.169 [pool-2-thread-4] DEBUG com.jayway.jsonpath.internal.path.CompiledPath - Evaluating path: $
20:48:32.177 [pool-2-thread-4] DEBUG org.apache.http.client.protocol.RequestAddCookies - CookieSpec selected: karate
20:48:32.177 [pool-2-thread-4] DEBUG org.apache.http.client.protocol.RequestAuthCache - Auth cache not set in the context
20:48:32.177 [pool-2-thread-4] DEBUG com.intuit.karate - request:
1 > POST https://soap.tracking.thermoking.com/tk-webservices/Command
1 > Accept-Encoding: gzip,deflate
1 > Authorization: Basic d2Vic2VydmljZS51c2VyLmFsbC4yMTRATUlTU0lORy5DT006Z2g2MmpBST51TFB1dmxw
1 > Connection: Keep-Alive
1 > Content-Length: 640
1 > Content-Type: application/xml; charset=UTF-8
1 > Host: soap.tracking.thermoking.com
1 > SOAPAction: 
1 > User-Agent: Apache-HttpClient/4.5.11 (Java/1.8.0_121)
<soapenv:Envelope xmlns:soapenv="http://schemas.xmlsoap.org/soap/envelope/" xmlns:ser="http://service.jbossws.webservices.celtrak.com/">
    <soapenv:Header/>
    <soapenv:Body>
        <ser:getRequestStatus>
            <!--1 or more repetitions:-->
            <RequestStatuses>
                <customerId>4560BD5E-BD7B-42B0-8DCB-627EB8454C72</customerId>
                <requestReference>q3526075</requestReference>
                <vehicleId>Bluebox India 2 PROD1</vehicleId>
            </RequestStatuses>
            <operatorName>?</operatorName>
        </ser:getRequestStatus>
    </soapenv:Body>
</soapenv:Envelope>

20:48:32.178 [pool-2-thread-4] DEBUG org.apache.http.impl.conn.PoolingHttpClientConnectionManager - Connection request: [route: {s}->https://soap.tracking.thermoking.com:443][total available: 0; route allocated: 0 of 5; total allocated: 0 of 10]
20:48:32.179 [pool-2-thread-4] DEBUG org.apache.http.impl.conn.PoolingHttpClientConnectionManager - Connection leased: [id: 1][route: {s}->https://soap.tracking.thermoking.com:443][total available: 0; route allocated: 1 of 5; total allocated: 1 of 10]
20:48:32.179 [pool-2-thread-4] DEBUG org.apache.http.impl.execchain.MainClientExec - Opening connection {s}->https://soap.tracking.thermoking.com:443
20:48:32.231 [pool-2-thread-4] DEBUG org.apache.http.impl.conn.DefaultHttpClientConnectionOperator - Connecting to soap.tracking.thermoking.com/3.212.162.73:443
20:48:32.231 [pool-2-thread-4] DEBUG org.apache.http.conn.ssl.LenientSslConnectionSocketFactory - Connecting socket to soap.tracking.thermoking.com/3.212.162.73:443 with timeout 30000
20:48:32.589 [pool-2-thread-4] DEBUG org.apache.http.conn.ssl.LenientSslConnectionSocketFactory - Enabled protocols: [TLSv1, TLSv1.1, TLSv1.2]
20:48:32.589 [pool-2-thread-4] DEBUG org.apache.http.conn.ssl.LenientSslConnectionSocketFactory - Enabled cipher suites:[TLS_ECDHE_ECDSA_WITH_AES_128_CBC_SHA256, TLS_ECDHE_RSA_WITH_AES_128_CBC_SHA256, TLS_RSA_WITH_AES_128_CBC_SHA256, TLS_ECDH_ECDSA_WITH_AES_128_CBC_SHA256, TLS_ECDH_RSA_WITH_AES_128_CBC_SHA256, TLS_DHE_RSA_WITH_AES_128_CBC_SHA256, TLS_DHE_DSS_WITH_AES_128_CBC_SHA256, TLS_ECDHE_ECDSA_WITH_AES_128_CBC_SHA, TLS_ECDHE_RSA_WITH_AES_128_CBC_SHA, TLS_RSA_WITH_AES_128_CBC_SHA, TLS_ECDH_ECDSA_WITH_AES_128_CBC_SHA, TLS_ECDH_RSA_WITH_AES_128_CBC_SHA, TLS_DHE_RSA_WITH_AES_128_CBC_SHA, TLS_DHE_DSS_WITH_AES_128_CBC_SHA, TLS_ECDHE_ECDSA_WITH_AES_128_GCM_SHA256, TLS_ECDHE_RSA_WITH_AES_128_GCM_SHA256, TLS_RSA_WITH_AES_128_GCM_SHA256, TLS_ECDH_ECDSA_WITH_AES_128_GCM_SHA256, TLS_ECDH_RSA_WITH_AES_128_GCM_SHA256, TLS_DHE_RSA_WITH_AES_128_GCM_SHA256, TLS_DHE_DSS_WITH_AES_128_GCM_SHA256, TLS_EMPTY_RENEGOTIATION_INFO_SCSV]
20:48:32.589 [pool-2-thread-4] DEBUG org.apache.http.conn.ssl.LenientSslConnectionSocketFactory - Starting handshake
20:48:33.407 [pool-2-thread-4] DEBUG org.apache.http.conn.ssl.LenientSslConnectionSocketFactory - Secure session established
20:48:33.407 [pool-2-thread-4] DEBUG org.apache.http.conn.ssl.LenientSslConnectionSocketFactory -  negotiated protocol: TLSv1.2
20:48:33.408 [pool-2-thread-4] DEBUG org.apache.http.conn.ssl.LenientSslConnectionSocketFactory -  negotiated cipher suite: TLS_ECDHE_RSA_WITH_AES_128_GCM_SHA256
20:48:33.408 [pool-2-thread-4] DEBUG org.apache.http.conn.ssl.LenientSslConnectionSocketFactory -  peer principal: CN=*.tracking.thermoking.com
20:48:33.408 [pool-2-thread-4] DEBUG org.apache.http.conn.ssl.LenientSslConnectionSocketFactory -  peer alternative names: [*.tracking.thermoking.com]
20:48:33.408 [pool-2-thread-4] DEBUG org.apache.http.conn.ssl.LenientSslConnectionSocketFactory -  issuer principal: CN=Amazon, OU=Server CA 1B, O=Amazon, C=US
20:48:33.409 [pool-2-thread-4] DEBUG org.apache.http.impl.conn.DefaultHttpClientConnectionOperator - Connection established 10.200.54.214:51831<->3.212.162.73:443
20:48:33.409 [pool-2-thread-4] DEBUG org.apache.http.impl.conn.DefaultManagedHttpClientConnection - http-outgoing-1: set socket timeout to 30000
20:48:33.410 [pool-2-thread-4] DEBUG org.apache.http.impl.execchain.MainClientExec - Executing request POST /tk-webservices/Command HTTP/1.1
20:48:33.410 [pool-2-thread-4] DEBUG org.apache.http.impl.execchain.MainClientExec - Proxy auth state: UNCHALLENGED
20:48:33.410 [pool-2-thread-4] DEBUG org.apache.http.headers - http-outgoing-1 >> POST /tk-webservices/Command HTTP/1.1
20:48:33.411 [pool-2-thread-4] DEBUG org.apache.http.headers - http-outgoing-1 >> Authorization: Basic d2Vic2VydmljZS51c2VyLmFsbC4yMTRATUlTU0lORy5DT006Z2g2MmpBST51TFB1dmxw
20:48:33.411 [pool-2-thread-4] DEBUG org.apache.http.headers - http-outgoing-1 >> SOAPAction: 
20:48:33.411 [pool-2-thread-4] DEBUG org.apache.http.headers - http-outgoing-1 >> Content-Type: application/xml; charset=UTF-8
20:48:33.411 [pool-2-thread-4] DEBUG org.apache.http.headers - http-outgoing-1 >> Content-Length: 640
20:48:33.411 [pool-2-thread-4] DEBUG org.apache.http.headers - http-outgoing-1 >> Host: soap.tracking.thermoking.com
20:48:33.411 [pool-2-thread-4] DEBUG org.apache.http.headers - http-outgoing-1 >> Connection: Keep-Alive
20:48:33.412 [pool-2-thread-4] DEBUG org.apache.http.headers - http-outgoing-1 >> User-Agent: Apache-HttpClient/4.5.11 (Java/1.8.0_121)
20:48:33.412 [pool-2-thread-4] DEBUG org.apache.http.headers - http-outgoing-1 >> Accept-Encoding: gzip,deflate
20:48:33.412 [pool-2-thread-4] DEBUG org.apache.http.wire - http-outgoing-1 >> "POST /tk-webservices/Command HTTP/1.1[\r][\n]"
20:48:33.412 [pool-2-thread-4] DEBUG org.apache.http.wire - http-outgoing-1 >> "Authorization: Basic d2Vic2VydmljZS51c2VyLmFsbC4yMTRATUlTU0lORy5DT006Z2g2MmpBST51TFB1dmxw[\r][\n]"
20:48:33.412 [pool-2-thread-4] DEBUG org.apache.http.wire - http-outgoing-1 >> "SOAPAction: [\r][\n]"
20:48:33.412 [pool-2-thread-4] DEBUG org.apache.http.wire - http-outgoing-1 >> "Content-Type: application/xml; charset=UTF-8[\r][\n]"
20:48:33.412 [pool-2-thread-4] DEBUG org.apache.http.wire - http-outgoing-1 >> "Content-Length: 640[\r][\n]"
20:48:33.412 [pool-2-thread-4] DEBUG org.apache.http.wire - http-outgoing-1 >> "Host: soap.tracking.thermoking.com[\r][\n]"
20:48:33.413 [pool-2-thread-4] DEBUG org.apache.http.wire - http-outgoing-1 >> "Connection: Keep-Alive[\r][\n]"
20:48:33.413 [pool-2-thread-4] DEBUG org.apache.http.wire - http-outgoing-1 >> "User-Agent: Apache-HttpClient/4.5.11 (Java/1.8.0_121)[\r][\n]"
20:48:33.413 [pool-2-thread-4] DEBUG org.apache.http.wire - http-outgoing-1 >> "Accept-Encoding: gzip,deflate[\r][\n]"
20:48:33.413 [pool-2-thread-4] DEBUG org.apache.http.wire - http-outgoing-1 >> "[\r][\n]"
20:48:33.413 [pool-2-thread-4] DEBUG org.apache.http.wire - http-outgoing-1 >> "<soapenv:Envelope xmlns:soapenv="http://schemas.xmlsoap.org/soap/envelope/" xmlns:ser="http://service.jbossws.webservices.celtrak.com/">[\r][\n]"
20:48:33.413 [pool-2-thread-4] DEBUG org.apache.http.wire - http-outgoing-1 >> "    <soapenv:Header/>[\r][\n]"
20:48:33.413 [pool-2-thread-4] DEBUG org.apache.http.wire - http-outgoing-1 >> "    <soapenv:Body>[\r][\n]"
20:48:33.414 [pool-2-thread-4] DEBUG org.apache.http.wire - http-outgoing-1 >> "        <ser:getRequestStatus>[\r][\n]"
20:48:33.414 [pool-2-thread-4] DEBUG org.apache.http.wire - http-outgoing-1 >> "            <!--1 or more repetitions:-->[\r][\n]"
20:48:33.414 [pool-2-thread-4] DEBUG org.apache.http.wire - http-outgoing-1 >> "            <RequestStatuses>[\r][\n]"
20:48:33.414 [pool-2-thread-4] DEBUG org.apache.http.wire - http-outgoing-1 >> "                <customerId>4560BD5E-BD7B-42B0-8DCB-627EB8454C72</customerId>[\r][\n]"
20:48:33.414 [pool-2-thread-4] DEBUG org.apache.http.wire - http-outgoing-1 >> "                <requestReference>q3526075</requestReference>[\r][\n]"
20:48:33.414 [pool-2-thread-4] DEBUG org.apache.http.wire - http-outgoing-1 >> "                <vehicleId>Bluebox India 2 PROD1</vehicleId>[\r][\n]"
20:48:33.414 [pool-2-thread-4] DEBUG org.apache.http.wire - http-outgoing-1 >> "            </RequestStatuses>[\r][\n]"
20:48:33.415 [pool-2-thread-4] DEBUG org.apache.http.wire - http-outgoing-1 >> "            <operatorName>?</operatorName>[\r][\n]"
20:48:33.415 [pool-2-thread-4] DEBUG org.apache.http.wire - http-outgoing-1 >> "        </ser:getRequestStatus>[\r][\n]"
20:48:33.415 [pool-2-thread-4] DEBUG org.apache.http.wire - http-outgoing-1 >> "    </soapenv:Body>[\r][\n]"
20:48:33.415 [pool-2-thread-4] DEBUG org.apache.http.wire - http-outgoing-1 >> "</soapenv:Envelope>"
20:48:36.723 [pool-2-thread-4] DEBUG org.apache.http.wire - http-outgoing-1 << "HTTP/1.1 200 OK[\r][\n]"
20:48:36.724 [pool-2-thread-4] DEBUG org.apache.http.wire - http-outgoing-1 << "Date: Thu, 07 Oct 2021 15:18:36 GMT[\r][\n]"
20:48:36.724 [pool-2-thread-4] DEBUG org.apache.http.wire - http-outgoing-1 << "Content-Type: text/xml;charset=UTF-8[\r][\n]"
20:48:36.724 [pool-2-thread-4] DEBUG org.apache.http.wire - http-outgoing-1 << "Content-Length: 999[\r][\n]"
20:48:36.724 [pool-2-thread-4] DEBUG org.apache.http.wire - http-outgoing-1 << "Connection: keep-alive[\r][\n]"
20:48:36.724 [pool-2-thread-4] DEBUG org.apache.http.wire - http-outgoing-1 << "Set-Cookie: AWSALBTG=uVuE6MrJqcPu+R0gwq7ZXt1ZIk6IAJSGpQBTSxock5Wi+UYWlq3PJyXPDLN2cKC9/tsOBJ6Gu8rPuAtGB1AEdDYHmW1yURJ5eHpEkRknzidhZ7IEQyaEmq0goaIAW6fa9J3q/vcJPBN/yTJXOQz2X9CFS1b/CsyhyjRxE2dZYU0x; Expires=Thu, 14 Oct 2021 15:18:33 GMT; Path=/[\r][\n]"
20:48:36.724 [pool-2-thread-4] DEBUG org.apache.http.wire - http-outgoing-1 << "Set-Cookie: AWSALBTGCORS=uVuE6MrJqcPu+R0gwq7ZXt1ZIk6IAJSGpQBTSxock5Wi+UYWlq3PJyXPDLN2cKC9/tsOBJ6Gu8rPuAtGB1AEdDYHmW1yURJ5eHpEkRknzidhZ7IEQyaEmq0goaIAW6fa9J3q/vcJPBN/yTJXOQz2X9CFS1b/CsyhyjRxE2dZYU0x; Expires=Thu, 14 Oct 2021 15:18:33 GMT; Path=/; SameSite=None; Secure[\r][\n]"
20:48:36.724 [pool-2-thread-4] DEBUG org.apache.http.wire - http-outgoing-1 << "Expires: 0[\r][\n]"
20:48:36.725 [pool-2-thread-4] DEBUG org.apache.http.wire - http-outgoing-1 << "Cache-Control: no-cache, no-store, must-revalidate[\r][\n]"
20:48:36.725 [pool-2-thread-4] DEBUG org.apache.http.wire - http-outgoing-1 << "X-Powered-By: Undertow/1[\r][\n]"
20:48:36.725 [pool-2-thread-4] DEBUG org.apache.http.wire - http-outgoing-1 << "Server: WildFly/10[\r][\n]"
20:48:36.726 [pool-2-thread-4] DEBUG org.apache.http.wire - http-outgoing-1 << "Pragma: no-cache[\r][\n]"
20:48:36.726 [pool-2-thread-4] DEBUG org.apache.http.wire - http-outgoing-1 << "[\r][\n]"
20:48:36.726 [pool-2-thread-4] DEBUG org.apache.http.wire - http-outgoing-1 << "<soap:Envelope xmlns:soap="http://schemas.xmlsoap.org/soap/envelope/"><SOAP-ENV:Header xmlns:SOAP-ENV="http://schemas.xmlsoap.org/soap/envelope/"/><soap:Body><ns2:getRequestStatusResponse xmlns:ns2="http://service.jbossws.webservices.celtrak.com/"><RequestStatus xmlns:xsi="http://www.w3.org/2001/XMLSchema-instance" xsi:type="ns2:mqRequestStatus"><commandValue>-2.0</commandValue><communicationType>SMS</communicationType><dateRequestSent>2021-10-07T15:17:59.637Z</dateRequestSent><errorType></errorType><externalCustomerId>4560BD5E-BD7B-42B0-8DCB-627EB8454C72</externalCustomerId><externalVehicleid>Bluebox India 2 PROD1</externalVehicleid><messageType>Two Way New Set Point Zone 1</messageType><requestMessageTypeId>7</requestMessageTypeId><requestStatusId>4</requestStatusId><sourceIndicator>0</sourceIndicator><statusType>Scheduled</statusType><unitStateType></unitStateType><vehicleRequestId>3612332</vehicleRequestId></RequestStatus></ns2:getRequestStatusResponse></soap:Body></soap:Envelope>"
20:48:36.726 [pool-2-thread-4] DEBUG org.apache.http.headers - http-outgoing-1 << HTTP/1.1 200 OK
20:48:36.726 [pool-2-thread-4] DEBUG org.apache.http.headers - http-outgoing-1 << Date: Thu, 07 Oct 2021 15:18:36 GMT
20:48:36.726 [pool-2-thread-4] DEBUG org.apache.http.headers - http-outgoing-1 << Content-Type: text/xml;charset=UTF-8
20:48:36.726 [pool-2-thread-4] DEBUG org.apache.http.headers - http-outgoing-1 << Content-Length: 999
20:48:36.727 [pool-2-thread-4] DEBUG org.apache.http.headers - http-outgoing-1 << Connection: keep-alive
20:48:36.727 [pool-2-thread-4] DEBUG org.apache.http.headers - http-outgoing-1 << Set-Cookie: AWSALBTG=uVuE6MrJqcPu+R0gwq7ZXt1ZIk6IAJSGpQBTSxock5Wi+UYWlq3PJyXPDLN2cKC9/tsOBJ6Gu8rPuAtGB1AEdDYHmW1yURJ5eHpEkRknzidhZ7IEQyaEmq0goaIAW6fa9J3q/vcJPBN/yTJXOQz2X9CFS1b/CsyhyjRxE2dZYU0x; Expires=Thu, 14 Oct 2021 15:18:33 GMT; Path=/
20:48:36.727 [pool-2-thread-4] DEBUG org.apache.http.headers - http-outgoing-1 << Set-Cookie: AWSALBTGCORS=uVuE6MrJqcPu+R0gwq7ZXt1ZIk6IAJSGpQBTSxock5Wi+UYWlq3PJyXPDLN2cKC9/tsOBJ6Gu8rPuAtGB1AEdDYHmW1yURJ5eHpEkRknzidhZ7IEQyaEmq0goaIAW6fa9J3q/vcJPBN/yTJXOQz2X9CFS1b/CsyhyjRxE2dZYU0x; Expires=Thu, 14 Oct 2021 15:18:33 GMT; Path=/; SameSite=None; Secure
20:48:36.727 [pool-2-thread-4] DEBUG org.apache.http.headers - http-outgoing-1 << Expires: 0
20:48:36.727 [pool-2-thread-4] DEBUG org.apache.http.headers - http-outgoing-1 << Cache-Control: no-cache, no-store, must-revalidate
20:48:36.727 [pool-2-thread-4] DEBUG org.apache.http.headers - http-outgoing-1 << X-Powered-By: Undertow/1
20:48:36.727 [pool-2-thread-4] DEBUG org.apache.http.headers - http-outgoing-1 << Server: WildFly/10
20:48:36.727 [pool-2-thread-4] DEBUG org.apache.http.headers - http-outgoing-1 << Pragma: no-cache
20:48:36.729 [pool-2-thread-4] DEBUG org.apache.http.impl.execchain.MainClientExec - Connection can be kept alive indefinitely
20:48:36.730 [pool-2-thread-4] DEBUG org.apache.http.client.protocol.ResponseProcessCookies - Cookie accepted [AWSALBTG="uVuE6MrJqcPu+R0gwq7ZXt1ZIk6IAJSGpQBTSxock5Wi+UYWlq3PJyXPDLN2cKC9/tsOBJ6Gu8rPuAtGB1AEdDYHmW1yURJ5eHpE...", version:0, domain:soap.tracking.thermoking.com, path:/, expiry:Thu Oct 14 20:48:33 IST 2021]
20:48:36.731 [pool-2-thread-4] DEBUG org.apache.http.client.protocol.ResponseProcessCookies - Cookie accepted [AWSALBTGCORS="uVuE6MrJqcPu+R0gwq7ZXt1ZIk6IAJSGpQBTSxock5Wi+UYWlq3PJyXPDLN2cKC9/tsOBJ6Gu8rPuAtGB1AEdDYHmW1yURJ5eHpE...", version:0, domain:soap.tracking.thermoking.com, path:/, expiry:Thu Oct 14 20:48:33 IST 2021]
20:48:36.733 [pool-2-thread-4] DEBUG org.apache.http.impl.conn.PoolingHttpClientConnectionManager - Connection [id: 1][route: {s}->https://soap.tracking.thermoking.com:443] can be kept alive indefinitely
20:48:36.733 [pool-2-thread-4] DEBUG org.apache.http.impl.conn.DefaultManagedHttpClientConnection - http-outgoing-1: set socket timeout to 0
20:48:36.733 [pool-2-thread-4] DEBUG org.apache.http.impl.conn.PoolingHttpClientConnectionManager - Connection released: [id: 1][route: {s}->https://soap.tracking.thermoking.com:443][total available: 1; route allocated: 1 of 5; total allocated: 1 of 10]
20:48:36.733 [pool-2-thread-4] DEBUG com.intuit.karate - response time in milliseconds: 4554.01
1 < 200
1 < Cache-Control: no-cache, no-store, must-revalidate
1 < Connection: keep-alive
1 < Content-Length: 999
1 < Content-Type: text/xml;charset=UTF-8
1 < Date: Thu, 07 Oct 2021 15:18:36 GMT
1 < Expires: 0
1 < Pragma: no-cache
1 < Server: WildFly/10
1 < Set-Cookie: [AWSALBTG=uVuE6MrJqcPu+R0gwq7ZXt1ZIk6IAJSGpQBTSxock5Wi+UYWlq3PJyXPDLN2cKC9/tsOBJ6Gu8rPuAtGB1AEdDYHmW1yURJ5eHpEkRknzidhZ7IEQyaEmq0goaIAW6fa9J3q/vcJPBN/yTJXOQz2X9CFS1b/CsyhyjRxE2dZYU0x; Expires=Thu, 14 Oct 2021 15:18:33 GMT; Path=/, AWSALBTGCORS=uVuE6MrJqcPu+R0gwq7ZXt1ZIk6IAJSGpQBTSxock5Wi+UYWlq3PJyXPDLN2cKC9/tsOBJ6Gu8rPuAtGB1AEdDYHmW1yURJ5eHpEkRknzidhZ7IEQyaEmq0goaIAW6fa9J3q/vcJPBN/yTJXOQz2X9CFS1b/CsyhyjRxE2dZYU0x; Expires=Thu, 14 Oct 2021 15:18:33 GMT; Path=/; SameSite=None; Secure]
1 < X-Powered-By: Undertow/1
<soap:Envelope xmlns:soap="http://schemas.xmlsoap.org/soap/envelope/"><SOAP-ENV:Header xmlns:SOAP-ENV="http://schemas.xmlsoap.org/soap/envelope/"/><soap:Body><ns2:getRequestStatusResponse xmlns:ns2="http://service.jbossws.webservices.celtrak.com/"><RequestStatus xmlns:xsi="http://www.w3.org/2001/XMLSchema-instance" xsi:type="ns2:mqRequestStatus"><commandValue>-2.0</commandValue><communicationType>SMS</communicationType><dateRequestSent>2021-10-07T15:17:59.637Z</dateRequestSent><errorType></errorType><externalCustomerId>4560BD5E-BD7B-42B0-8DCB-627EB8454C72</externalCustomerId><externalVehicleid>Bluebox India 2 PROD1</externalVehicleid><messageType>Two Way New Set Point Zone 1</messageType><requestMessageTypeId>7</requestMessageTypeId><requestStatusId>4</requestStatusId><sourceIndicator>0</sourceIndicator><statusType>Scheduled</statusType><unitStateType></unitStateType><vehicleRequestId>3612332</vehicleRequestId></RequestStatus></ns2:getRequestStatusResponse></soap:Body></soap:Envelope>

20:48:36.742 [pool-2-thread-4] INFO com.intuit.karate - [print] <soap:Envelope xmlns:soap="http://schemas.xmlsoap.org/soap/envelope/">
  <SOAP-ENV:Header xmlns:SOAP-ENV="http://schemas.xmlsoap.org/soap/envelope/"/>
  <soap:Body>
    <ns2:getRequestStatusResponse xmlns:ns2="http://service.jbossws.webservices.celtrak.com/">
      <RequestStatus xmlns:xsi="http://www.w3.org/2001/XMLSchema-instance" xsi:type="ns2:mqRequestStatus">
        <commandValue>-2.0</commandValue>
        <communicationType>SMS</communicationType>
        <dateRequestSent>2021-10-07T15:17:59.637Z</dateRequestSent>
        <errorType/>
        <externalCustomerId>4560BD5E-BD7B-42B0-8DCB-627EB8454C72</externalCustomerId>
        <externalVehicleid>Bluebox India 2 PROD1</externalVehicleid>
        <messageType>Two Way New Set Point Zone 1</messageType>
        <requestMessageTypeId>7</requestMessageTypeId>
        <requestStatusId>4</requestStatusId>
        <sourceIndicator>0</sourceIndicator>
        <statusType>Scheduled</statusType>
        <unitStateType/>
        <vehicleRequestId>3612332</vehicleRequestId>
      </RequestStatus>
    </ns2:getRequestStatusResponse>
  </soap:Body>
</soap:Envelope>

20:48:36.756 [pool-2-thread-4] DEBUG com.jayway.jsonpath.internal.path.CompiledPath - Evaluating path: $
20:48:36.779 [pool-2-thread-4] INFO com.intuit.karate.Runner - <<pass>> feature 6 of 8: classpath:resources/Soap.feature
---------------------------------------------------------
feature: classpath:resources/Soap.feature
report: target\surefire-reports\resources.Soap.json
scenarios:  1 | passed:  1 | failed:  0 | time: 41.7398
---------------------------------------------------------
Karate version: 0.9.5
======================================================
elapsed:  43.34 | threads:    5 | thread time: 41.74 
features:     1 | ignored:    6 | efficiency: 0.19
scenarios:    1 | passed:     1 | failed: 0
======================================================

20:48:37.710 [Finalizer] DEBUG org.apache.http.impl.conn.PoolingHttpClientConnectionManager - Connection manager is shutting down
20:48:37.712 [Finalizer] DEBUG org.apache.http.impl.conn.DefaultManagedHttpClientConnection - http-outgoing-0: Close connection
20:48:37.714 [Finalizer] DEBUG org.apache.http.impl.conn.PoolingHttpClientConnectionManager - Connection manager shut down
20:48:37.716 [Finalizer] DEBUG org.apache.http.impl.conn.PoolingHttpClientConnectionManager - Connection manager is shutting down
20:48:37.716 [Finalizer] DEBUG org.apache.http.impl.conn.DefaultManagedHttpClientConnection - http-outgoing-1: Close connection
20:48:37.716 [Finalizer] DEBUG org.apache.http.impl.conn.PoolingHttpClientConnectionManager - Connection manager shut down
20:48:38.230 [main] DEBUG org.apache.velocity - CommonsLogLogChute name is 'org.apache.velocity'
20:48:38.230 [main] DEBUG org.apache.velocity - Initializing Velocity, Calling init()...
20:48:38.230 [main] DEBUG org.apache.velocity - Starting Apache Velocity v1.7 (compiled: 2010-11-19 12:14:37)
20:48:38.230 [main] DEBUG org.apache.velocity - Default Properties File: org\apache\velocity\runtime\defaults\velocity.properties
20:48:38.230 [main] DEBUG org.apache.velocity - Trying to use logger class org.apache.velocity.runtime.log.AvalonLogChute
20:48:38.230 [main] DEBUG org.apache.velocity - Target log system for org.apache.velocity.runtime.log.AvalonLogChute is not available (java.lang.NoClassDefFoundError: org/apache/log/format/Formatter).  Falling back to next log system...
20:48:38.230 [main] DEBUG org.apache.velocity - Trying to use logger class org.apache.velocity.runtime.log.Log4JLogChute
20:48:38.230 [main] DEBUG org.apache.velocity - Target log system for org.apache.velocity.runtime.log.Log4JLogChute is not available (java.lang.NoClassDefFoundError: org/apache/log4j/Layout).  Falling back to next log system...
20:48:38.230 [main] DEBUG org.apache.velocity - Trying to use logger class org.apache.velocity.runtime.log.CommonsLogLogChute
20:48:38.230 [main] DEBUG org.apache.velocity - Using logger class org.apache.velocity.runtime.log.CommonsLogLogChute
20:48:38.236 [main] DEBUG org.apache.velocity - ResourceLoader instantiated: org.apache.velocity.runtime.resource.loader.ClasspathResourceLoader
20:48:38.248 [main] DEBUG org.apache.velocity - ResourceCache: initialized (class org.apache.velocity.runtime.resource.ResourceCacheImpl) with class java.util.Collections$SynchronizedMap cache map.
20:48:38.250 [main] DEBUG org.apache.velocity - Loaded System Directive: org.apache.velocity.runtime.directive.Stop
20:48:38.251 [main] DEBUG org.apache.velocity - Loaded System Directive: org.apache.velocity.runtime.directive.Define
20:48:38.252 [main] DEBUG org.apache.velocity - Loaded System Directive: org.apache.velocity.runtime.directive.Break
20:48:38.253 [main] DEBUG org.apache.velocity - Loaded System Directive: org.apache.velocity.runtime.directive.Evaluate
20:48:38.254 [main] DEBUG org.apache.velocity - Loaded System Directive: org.apache.velocity.runtime.directive.Literal
20:48:38.255 [main] DEBUG org.apache.velocity - Loaded System Directive: org.apache.velocity.runtime.directive.Macro
20:48:38.257 [main] DEBUG org.apache.velocity - Loaded System Directive: org.apache.velocity.runtime.directive.Parse
20:48:38.261 [main] DEBUG org.apache.velocity - Loaded System Directive: org.apache.velocity.runtime.directive.Include
20:48:38.262 [main] DEBUG org.apache.velocity - Loaded System Directive: org.apache.velocity.runtime.directive.Foreach
20:48:38.402 [main] DEBUG org.apache.velocity - Created '20' parsers.
20:48:38.412 [main] DEBUG org.apache.velocity - Velocimacro : "velocimacro.library" is not set.  Trying default library: VM_global_library.vm
20:48:38.412 [main] DEBUG org.apache.velocity - Could not load resource 'VM_global_library.vm' from ResourceLoader org.apache.velocity.runtime.resource.loader.ClasspathResourceLoader: ClasspathResourceLoader Error: cannot find resource VM_global_library.vm
20:48:38.412 [main] DEBUG org.apache.velocity - Velocimacro : Default library not found.
20:48:38.413 [main] DEBUG org.apache.velocity - Velocimacro : allowInline = true : VMs can be defined inline in templates
20:48:38.413 [main] DEBUG org.apache.velocity - Velocimacro : allowInlineToOverride = false : VMs defined inline may NOT replace previous VM definitions
20:48:38.413 [main] DEBUG org.apache.velocity - Velocimacro : allowInlineLocal = false : VMs defined inline will be global in scope if allowed.
20:48:38.413 [main] DEBUG org.apache.velocity - Velocimacro : autoload off : VM system will not automatically reload global library macros
20:48:38.549 [main] DEBUG org.apache.velocity - CommonsLogLogChute name is 'org.apache.velocity'
20:48:38.549 [main] DEBUG org.apache.velocity - Initializing Velocity, Calling init()...
20:48:38.549 [main] DEBUG org.apache.velocity - Starting Apache Velocity v1.7 (compiled: 2010-11-19 12:14:37)
20:48:38.549 [main] DEBUG org.apache.velocity - Default Properties File: org\apache\velocity\runtime\defaults\velocity.properties
20:48:38.550 [main] DEBUG org.apache.velocity - Trying to use logger class org.apache.velocity.runtime.log.AvalonLogChute
20:48:38.550 [main] DEBUG org.apache.velocity - Target log system for org.apache.velocity.runtime.log.AvalonLogChute is not available (java.lang.NoClassDefFoundError: org/apache/log/format/Formatter).  Falling back to next log system...
20:48:38.550 [main] DEBUG org.apache.velocity - Trying to use logger class org.apache.velocity.runtime.log.Log4JLogChute
20:48:38.550 [main] DEBUG org.apache.velocity - Target log system for org.apache.velocity.runtime.log.Log4JLogChute is not available (java.lang.NoClassDefFoundError: org/apache/log4j/Layout).  Falling back to next log system...
20:48:38.550 [main] DEBUG org.apache.velocity - Trying to use logger class org.apache.velocity.runtime.log.CommonsLogLogChute
20:48:38.550 [main] DEBUG org.apache.velocity - Using logger class org.apache.velocity.runtime.log.CommonsLogLogChute
20:48:38.551 [main] DEBUG org.apache.velocity - ResourceLoader instantiated: org.apache.velocity.runtime.resource.loader.ClasspathResourceLoader
20:48:38.551 [main] DEBUG org.apache.velocity - ResourceCache: initialized (class org.apache.velocity.runtime.resource.ResourceCacheImpl) with class java.util.Collections$SynchronizedMap cache map.
20:48:38.553 [main] DEBUG org.apache.velocity - Loaded System Directive: org.apache.velocity.runtime.directive.Stop
20:48:38.553 [main] DEBUG org.apache.velocity - Loaded System Directive: org.apache.velocity.runtime.directive.Define
20:48:38.553 [main] DEBUG org.apache.velocity - Loaded System Directive: org.apache.velocity.runtime.directive.Break
20:48:38.553 [main] DEBUG org.apache.velocity - Loaded System Directive: org.apache.velocity.runtime.directive.Evaluate
20:48:38.553 [main] DEBUG org.apache.velocity - Loaded System Directive: org.apache.velocity.runtime.directive.Literal
20:48:38.553 [main] DEBUG org.apache.velocity - Loaded System Directive: org.apache.velocity.runtime.directive.Macro
20:48:38.553 [main] DEBUG org.apache.velocity - Loaded System Directive: org.apache.velocity.runtime.directive.Parse
20:48:38.554 [main] DEBUG org.apache.velocity - Loaded System Directive: org.apache.velocity.runtime.directive.Include
20:48:38.554 [main] DEBUG org.apache.velocity - Loaded System Directive: org.apache.velocity.runtime.directive.Foreach
20:48:38.556 [main] DEBUG org.apache.velocity - Created '20' parsers.
20:48:38.556 [main] DEBUG org.apache.velocity - Velocimacro : "velocimacro.library" is not set.  Trying default library: VM_global_library.vm
20:48:38.557 [main] DEBUG org.apache.velocity - Could not load resource 'VM_global_library.vm' from ResourceLoader org.apache.velocity.runtime.resource.loader.ClasspathResourceLoader: ClasspathResourceLoader Error: cannot find resource VM_global_library.vm
20:48:38.557 [main] DEBUG org.apache.velocity - Velocimacro : Default library not found.
20:48:38.557 [main] DEBUG org.apache.velocity - Velocimacro : allowInline = true : VMs can be defined inline in templates
20:48:38.558 [main] DEBUG org.apache.velocity - Velocimacro : allowInlineToOverride = false : VMs defined inline may NOT replace previous VM definitions
20:48:38.559 [main] DEBUG org.apache.velocity - Velocimacro : allowInlineLocal = false : VMs defined inline will be global in scope if allowed.
20:48:38.559 [main] DEBUG org.apache.velocity - Velocimacro : autoload off : VM system will not automatically reload global library macros
20:48:38.565 [main] DEBUG org.apache.velocity - CommonsLogLogChute name is 'org.apache.velocity'
20:48:38.565 [main] DEBUG org.apache.velocity - Initializing Velocity, Calling init()...
20:48:38.565 [main] DEBUG org.apache.velocity - Starting Apache Velocity v1.7 (compiled: 2010-11-19 12:14:37)
20:48:38.565 [main] DEBUG org.apache.velocity - Default Properties File: org\apache\velocity\runtime\defaults\velocity.properties
20:48:38.565 [main] DEBUG org.apache.velocity - Trying to use logger class org.apache.velocity.runtime.log.AvalonLogChute
20:48:38.565 [main] DEBUG org.apache.velocity - Target log system for org.apache.velocity.runtime.log.AvalonLogChute is not available (java.lang.NoClassDefFoundError: org/apache/log/format/Formatter).  Falling back to next log system...
20:48:38.565 [main] DEBUG org.apache.velocity - Trying to use logger class org.apache.velocity.runtime.log.Log4JLogChute
20:48:38.565 [main] DEBUG org.apache.velocity - Target log system for org.apache.velocity.runtime.log.Log4JLogChute is not available (java.lang.NoClassDefFoundError: org/apache/log4j/Layout).  Falling back to next log system...
20:48:38.566 [main] DEBUG org.apache.velocity - Trying to use logger class org.apache.velocity.runtime.log.CommonsLogLogChute
20:48:38.566 [main] DEBUG org.apache.velocity - Using logger class org.apache.velocity.runtime.log.CommonsLogLogChute
20:48:38.566 [main] DEBUG org.apache.velocity - ResourceLoader instantiated: org.apache.velocity.runtime.resource.loader.ClasspathResourceLoader
20:48:38.566 [main] DEBUG org.apache.velocity - ResourceCache: initialized (class org.apache.velocity.runtime.resource.ResourceCacheImpl) with class java.util.Collections$SynchronizedMap cache map.
20:48:38.568 [main] DEBUG org.apache.velocity - Loaded System Directive: org.apache.velocity.runtime.directive.Stop
20:48:38.568 [main] DEBUG org.apache.velocity - Loaded System Directive: org.apache.velocity.runtime.directive.Define
20:48:38.568 [main] DEBUG org.apache.velocity - Loaded System Directive: org.apache.velocity.runtime.directive.Break
20:48:38.568 [main] DEBUG org.apache.velocity - Loaded System Directive: org.apache.velocity.runtime.directive.Evaluate
20:48:38.568 [main] DEBUG org.apache.velocity - Loaded System Directive: org.apache.velocity.runtime.directive.Literal
20:48:38.568 [main] DEBUG org.apache.velocity - Loaded System Directive: org.apache.velocity.runtime.directive.Macro
20:48:38.568 [main] DEBUG org.apache.velocity - Loaded System Directive: org.apache.velocity.runtime.directive.Parse
20:48:38.568 [main] DEBUG org.apache.velocity - Loaded System Directive: org.apache.velocity.runtime.directive.Include
20:48:38.568 [main] DEBUG org.apache.velocity - Loaded System Directive: org.apache.velocity.runtime.directive.Foreach
20:48:38.570 [main] DEBUG org.apache.velocity - Created '20' parsers.
20:48:38.570 [main] DEBUG org.apache.velocity - Velocimacro : "velocimacro.library" is not set.  Trying default library: VM_global_library.vm
20:48:38.571 [main] DEBUG org.apache.velocity - Could not load resource 'VM_global_library.vm' from ResourceLoader org.apache.velocity.runtime.resource.loader.ClasspathResourceLoader: ClasspathResourceLoader Error: cannot find resource VM_global_library.vm
20:48:38.572 [main] DEBUG org.apache.velocity - Velocimacro : Default library not found.
20:48:38.572 [main] DEBUG org.apache.velocity - Velocimacro : allowInline = true : VMs can be defined inline in templates
20:48:38.572 [main] DEBUG org.apache.velocity - Velocimacro : allowInlineToOverride = false : VMs defined inline may NOT replace previous VM definitions
20:48:38.572 [main] DEBUG org.apache.velocity - Velocimacro : allowInlineLocal = false : VMs defined inline will be global in scope if allowed.
20:48:38.572 [main] DEBUG org.apache.velocity - Velocimacro : autoload off : VM system will not automatically reload global library macros
20:48:38.578 [main] DEBUG org.apache.velocity - CommonsLogLogChute name is 'org.apache.velocity'
20:48:38.578 [main] DEBUG org.apache.velocity - Initializing Velocity, Calling init()...
20:48:38.578 [main] DEBUG org.apache.velocity - Starting Apache Velocity v1.7 (compiled: 2010-11-19 12:14:37)
20:48:38.578 [main] DEBUG org.apache.velocity - Default Properties File: org\apache\velocity\runtime\defaults\velocity.properties
20:48:38.578 [main] DEBUG org.apache.velocity - Trying to use logger class org.apache.velocity.runtime.log.AvalonLogChute
20:48:38.578 [main] DEBUG org.apache.velocity - Target log system for org.apache.velocity.runtime.log.AvalonLogChute is not available (java.lang.NoClassDefFoundError: org/apache/log/format/Formatter).  Falling back to next log system...
20:48:38.578 [main] DEBUG org.apache.velocity - Trying to use logger class org.apache.velocity.runtime.log.Log4JLogChute
20:48:38.578 [main] DEBUG org.apache.velocity - Target log system for org.apache.velocity.runtime.log.Log4JLogChute is not available (java.lang.NoClassDefFoundError: org/apache/log4j/Layout).  Falling back to next log system...
20:48:38.578 [main] DEBUG org.apache.velocity - Trying to use logger class org.apache.velocity.runtime.log.CommonsLogLogChute
20:48:38.578 [main] DEBUG org.apache.velocity - Using logger class org.apache.velocity.runtime.log.CommonsLogLogChute
20:48:38.578 [main] DEBUG org.apache.velocity - ResourceLoader instantiated: org.apache.velocity.runtime.resource.loader.ClasspathResourceLoader
20:48:38.578 [main] DEBUG org.apache.velocity - ResourceCache: initialized (class org.apache.velocity.runtime.resource.ResourceCacheImpl) with class java.util.Collections$SynchronizedMap cache map.
20:48:38.579 [main] DEBUG org.apache.velocity - Loaded System Directive: org.apache.velocity.runtime.directive.Stop
20:48:38.579 [main] DEBUG org.apache.velocity - Loaded System Directive: org.apache.velocity.runtime.directive.Define
20:48:38.579 [main] DEBUG org.apache.velocity - Loaded System Directive: org.apache.velocity.runtime.directive.Break
20:48:38.579 [main] DEBUG org.apache.velocity - Loaded System Directive: org.apache.velocity.runtime.directive.Evaluate
20:48:38.579 [main] DEBUG org.apache.velocity - Loaded System Directive: org.apache.velocity.runtime.directive.Literal
20:48:38.579 [main] DEBUG org.apache.velocity - Loaded System Directive: org.apache.velocity.runtime.directive.Macro
20:48:38.579 [main] DEBUG org.apache.velocity - Loaded System Directive: org.apache.velocity.runtime.directive.Parse
20:48:38.579 [main] DEBUG org.apache.velocity - Loaded System Directive: org.apache.velocity.runtime.directive.Include
20:48:38.579 [main] DEBUG org.apache.velocity - Loaded System Directive: org.apache.velocity.runtime.directive.Foreach
20:48:38.580 [main] DEBUG org.apache.velocity - Created '20' parsers.
20:48:38.580 [main] DEBUG org.apache.velocity - Velocimacro : "velocimacro.library" is not set.  Trying default library: VM_global_library.vm
20:48:38.580 [main] DEBUG org.apache.velocity - Could not load resource 'VM_global_library.vm' from ResourceLoader org.apache.velocity.runtime.resource.loader.ClasspathResourceLoader: ClasspathResourceLoader Error: cannot find resource VM_global_library.vm
20:48:38.581 [main] DEBUG org.apache.velocity - Velocimacro : Default library not found.
20:48:38.581 [main] DEBUG org.apache.velocity - Velocimacro : allowInline = true : VMs can be defined inline in templates
20:48:38.581 [main] DEBUG org.apache.velocity - Velocimacro : allowInlineToOverride = false : VMs defined inline may NOT replace previous VM definitions
20:48:38.581 [main] DEBUG org.apache.velocity - Velocimacro : allowInlineLocal = false : VMs defined inline will be global in scope if allowed.
20:48:38.581 [main] DEBUG org.apache.velocity - Velocimacro : autoload off : VM system will not automatically reload global library macros
20:48:38.584 [main] DEBUG org.apache.velocity - CommonsLogLogChute name is 'org.apache.velocity'
20:48:38.585 [main] DEBUG org.apache.velocity - Initializing Velocity, Calling init()...
20:48:38.585 [main] DEBUG org.apache.velocity - Starting Apache Velocity v1.7 (compiled: 2010-11-19 12:14:37)
20:48:38.585 [main] DEBUG org.apache.velocity - Default Properties File: org\apache\velocity\runtime\defaults\velocity.properties
20:48:38.585 [main] DEBUG org.apache.velocity - Trying to use logger class org.apache.velocity.runtime.log.AvalonLogChute
20:48:38.585 [main] DEBUG org.apache.velocity - Target log system for org.apache.velocity.runtime.log.AvalonLogChute is not available (java.lang.NoClassDefFoundError: org/apache/log/format/Formatter).  Falling back to next log system...
20:48:38.585 [main] DEBUG org.apache.velocity - Trying to use logger class org.apache.velocity.runtime.log.Log4JLogChute
20:48:38.585 [main] DEBUG org.apache.velocity - Target log system for org.apache.velocity.runtime.log.Log4JLogChute is not available (java.lang.NoClassDefFoundError: org/apache/log4j/Layout).  Falling back to next log system...
20:48:38.585 [main] DEBUG org.apache.velocity - Trying to use logger class org.apache.velocity.runtime.log.CommonsLogLogChute
20:48:38.585 [main] DEBUG org.apache.velocity - Using logger class org.apache.velocity.runtime.log.CommonsLogLogChute
20:48:38.585 [main] DEBUG org.apache.velocity - ResourceLoader instantiated: org.apache.velocity.runtime.resource.loader.ClasspathResourceLoader
20:48:38.586 [main] DEBUG org.apache.velocity - ResourceCache: initialized (class org.apache.velocity.runtime.resource.ResourceCacheImpl) with class java.util.Collections$SynchronizedMap cache map.
20:48:38.586 [main] DEBUG org.apache.velocity - Loaded System Directive: org.apache.velocity.runtime.directive.Stop
20:48:38.586 [main] DEBUG org.apache.velocity - Loaded System Directive: org.apache.velocity.runtime.directive.Define
20:48:38.586 [main] DEBUG org.apache.velocity - Loaded System Directive: org.apache.velocity.runtime.directive.Break
20:48:38.587 [main] DEBUG org.apache.velocity - Loaded System Directive: org.apache.velocity.runtime.directive.Evaluate
20:48:38.587 [main] DEBUG org.apache.velocity - Loaded System Directive: org.apache.velocity.runtime.directive.Literal
20:48:38.587 [main] DEBUG org.apache.velocity - Loaded System Directive: org.apache.velocity.runtime.directive.Macro
20:48:38.587 [main] DEBUG org.apache.velocity - Loaded System Directive: org.apache.velocity.runtime.directive.Parse
20:48:38.587 [main] DEBUG org.apache.velocity - Loaded System Directive: org.apache.velocity.runtime.directive.Include
20:48:38.587 [main] DEBUG org.apache.velocity - Loaded System Directive: org.apache.velocity.runtime.directive.Foreach
20:48:38.588 [main] DEBUG org.apache.velocity - Created '20' parsers.
20:48:38.588 [main] DEBUG org.apache.velocity - Velocimacro : "velocimacro.library" is not set.  Trying default library: VM_global_library.vm
20:48:38.588 [main] DEBUG org.apache.velocity - Could not load resource 'VM_global_library.vm' from ResourceLoader org.apache.velocity.runtime.resource.loader.ClasspathResourceLoader: ClasspathResourceLoader Error: cannot find resource VM_global_library.vm
20:48:38.588 [main] DEBUG org.apache.velocity - Velocimacro : Default library not found.
20:48:38.588 [main] DEBUG org.apache.velocity - Velocimacro : allowInline = true : VMs can be defined inline in templates
20:48:38.589 [main] DEBUG org.apache.velocity - Velocimacro : allowInlineToOverride = false : VMs defined inline may NOT replace previous VM definitions
20:48:38.589 [main] DEBUG org.apache.velocity - Velocimacro : allowInlineLocal = false : VMs defined inline will be global in scope if allowed.
20:48:38.589 [main] DEBUG org.apache.velocity - Velocimacro : autoload off : VM system will not automatically reload global library macros
20:48:38.595 [main] DEBUG org.apache.velocity - CommonsLogLogChute name is 'org.apache.velocity'
20:48:38.596 [main] DEBUG org.apache.velocity - Initializing Velocity, Calling init()...
20:48:38.596 [main] DEBUG org.apache.velocity - Starting Apache Velocity v1.7 (compiled: 2010-11-19 12:14:37)
20:48:38.596 [main] DEBUG org.apache.velocity - Default Properties File: org\apache\velocity\runtime\defaults\velocity.properties
20:48:38.596 [main] DEBUG org.apache.velocity - Trying to use logger class org.apache.velocity.runtime.log.AvalonLogChute
20:48:38.596 [main] DEBUG org.apache.velocity - Target log system for org.apache.velocity.runtime.log.AvalonLogChute is not available (java.lang.NoClassDefFoundError: org/apache/log/format/Formatter).  Falling back to next log system...
20:48:38.596 [main] DEBUG org.apache.velocity - Trying to use logger class org.apache.velocity.runtime.log.Log4JLogChute
20:48:38.597 [main] DEBUG org.apache.velocity - Target log system for org.apache.velocity.runtime.log.Log4JLogChute is not available (java.lang.NoClassDefFoundError: org/apache/log4j/Layout).  Falling back to next log system...
20:48:38.597 [main] DEBUG org.apache.velocity - Trying to use logger class org.apache.velocity.runtime.log.CommonsLogLogChute
20:48:38.597 [main] DEBUG org.apache.velocity - Using logger class org.apache.velocity.runtime.log.CommonsLogLogChute
20:48:38.597 [main] DEBUG org.apache.velocity - ResourceLoader instantiated: org.apache.velocity.runtime.resource.loader.ClasspathResourceLoader
20:48:38.597 [main] DEBUG org.apache.velocity - ResourceCache: initialized (class org.apache.velocity.runtime.resource.ResourceCacheImpl) with class java.util.Collections$SynchronizedMap cache map.
20:48:38.598 [main] DEBUG org.apache.velocity - Loaded System Directive: org.apache.velocity.runtime.directive.Stop
20:48:38.598 [main] DEBUG org.apache.velocity - Loaded System Directive: org.apache.velocity.runtime.directive.Define
20:48:38.598 [main] DEBUG org.apache.velocity - Loaded System Directive: org.apache.velocity.runtime.directive.Break
20:48:38.598 [main] DEBUG org.apache.velocity - Loaded System Directive: org.apache.velocity.runtime.directive.Evaluate
20:48:38.598 [main] DEBUG org.apache.velocity - Loaded System Directive: org.apache.velocity.runtime.directive.Literal
20:48:38.598 [main] DEBUG org.apache.velocity - Loaded System Directive: org.apache.velocity.runtime.directive.Macro
20:48:38.598 [main] DEBUG org.apache.velocity - Loaded System Directive: org.apache.velocity.runtime.directive.Parse
20:48:38.598 [main] DEBUG org.apache.velocity - Loaded System Directive: org.apache.velocity.runtime.directive.Include
20:48:38.599 [main] DEBUG org.apache.velocity - Loaded System Directive: org.apache.velocity.runtime.directive.Foreach
20:48:38.600 [main] DEBUG org.apache.velocity - Created '20' parsers.
20:48:38.600 [main] DEBUG org.apache.velocity - Velocimacro : "velocimacro.library" is not set.  Trying default library: VM_global_library.vm
20:48:38.600 [main] DEBUG org.apache.velocity - Could not load resource 'VM_global_library.vm' from ResourceLoader org.apache.velocity.runtime.resource.loader.ClasspathResourceLoader: ClasspathResourceLoader Error: cannot find resource VM_global_library.vm
20:48:38.600 [main] DEBUG org.apache.velocity - Velocimacro : Default library not found.
20:48:38.600 [main] DEBUG org.apache.velocity - Velocimacro : allowInline = true : VMs can be defined inline in templates
20:48:38.600 [main] DEBUG org.apache.velocity - Velocimacro : allowInlineToOverride = false : VMs defined inline may NOT replace previous VM definitions
20:48:38.600 [main] DEBUG org.apache.velocity - Velocimacro : allowInlineLocal = false : VMs defined inline will be global in scope if allowed.
20:48:38.600 [main] DEBUG org.apache.velocity - Velocimacro : autoload off : VM system will not automatically reload global library macros
20:48:38.604 [main] DEBUG org.apache.velocity - CommonsLogLogChute name is 'org.apache.velocity'
20:48:38.604 [main] DEBUG org.apache.velocity - Initializing Velocity, Calling init()...
20:48:38.604 [main] DEBUG org.apache.velocity - Starting Apache Velocity v1.7 (compiled: 2010-11-19 12:14:37)
20:48:38.604 [main] DEBUG org.apache.velocity - Default Properties File: org\apache\velocity\runtime\defaults\velocity.properties
20:48:38.604 [main] DEBUG org.apache.velocity - Trying to use logger class org.apache.velocity.runtime.log.AvalonLogChute
20:48:38.604 [main] DEBUG org.apache.velocity - Target log system for org.apache.velocity.runtime.log.AvalonLogChute is not available (java.lang.NoClassDefFoundError: org/apache/log/format/Formatter).  Falling back to next log system...
20:48:38.604 [main] DEBUG org.apache.velocity - Trying to use logger class org.apache.velocity.runtime.log.Log4JLogChute
20:48:38.604 [main] DEBUG org.apache.velocity - Target log system for org.apache.velocity.runtime.log.Log4JLogChute is not available (java.lang.NoClassDefFoundError: org/apache/log4j/Layout).  Falling back to next log system...
20:48:38.604 [main] DEBUG org.apache.velocity - Trying to use logger class org.apache.velocity.runtime.log.CommonsLogLogChute
20:48:38.604 [main] DEBUG org.apache.velocity - Using logger class org.apache.velocity.runtime.log.CommonsLogLogChute
20:48:38.605 [main] DEBUG org.apache.velocity - ResourceLoader instantiated: org.apache.velocity.runtime.resource.loader.ClasspathResourceLoader
20:48:38.605 [main] DEBUG org.apache.velocity - ResourceCache: initialized (class org.apache.velocity.runtime.resource.ResourceCacheImpl) with class java.util.Collections$SynchronizedMap cache map.
20:48:38.606 [main] DEBUG org.apache.velocity - Loaded System Directive: org.apache.velocity.runtime.directive.Stop
20:48:38.607 [main] DEBUG org.apache.velocity - Loaded System Directive: org.apache.velocity.runtime.directive.Define
20:48:38.607 [main] DEBUG org.apache.velocity - Loaded System Directive: org.apache.velocity.runtime.directive.Break
20:48:38.608 [main] DEBUG org.apache.velocity - Loaded System Directive: org.apache.velocity.runtime.directive.Evaluate
20:48:38.608 [main] DEBUG org.apache.velocity - Loaded System Directive: org.apache.velocity.runtime.directive.Literal
20:48:38.609 [main] DEBUG org.apache.velocity - Loaded System Directive: org.apache.velocity.runtime.directive.Macro
20:48:38.609 [main] DEBUG org.apache.velocity - Loaded System Directive: org.apache.velocity.runtime.directive.Parse
20:48:38.609 [main] DEBUG org.apache.velocity - Loaded System Directive: org.apache.velocity.runtime.directive.Include
20:48:38.609 [main] DEBUG org.apache.velocity - Loaded System Directive: org.apache.velocity.runtime.directive.Foreach
20:48:38.611 [main] DEBUG org.apache.velocity - Created '20' parsers.
20:48:38.611 [main] DEBUG org.apache.velocity - Velocimacro : "velocimacro.library" is not set.  Trying default library: VM_global_library.vm
20:48:38.611 [main] DEBUG org.apache.velocity - Could not load resource 'VM_global_library.vm' from ResourceLoader org.apache.velocity.runtime.resource.loader.ClasspathResourceLoader: ClasspathResourceLoader Error: cannot find resource VM_global_library.vm
20:48:38.611 [main] DEBUG org.apache.velocity - Velocimacro : Default library not found.
20:48:38.611 [main] DEBUG org.apache.velocity - Velocimacro : allowInline = true : VMs can be defined inline in templates
20:48:38.611 [main] DEBUG org.apache.velocity - Velocimacro : allowInlineToOverride = false : VMs defined inline may NOT replace previous VM definitions
20:48:38.611 [main] DEBUG org.apache.velocity - Velocimacro : allowInlineLocal = false : VMs defined inline will be global in scope if allowed.
20:48:38.612 [main] DEBUG org.apache.velocity - Velocimacro : autoload off : VM system will not automatically reload global library macros
20:48:38.643 [main] DEBUG org.apache.velocity - ResourceManager : found templates/generators/overviewFeatures.vm with loader org.apache.velocity.runtime.resource.loader.ClasspathResourceLoader
20:48:38.650 [main] DEBUG org.apache.velocity - ResourceManager : found /templates/headers.vm with loader org.apache.velocity.runtime.resource.loader.ClasspathResourceLoader
20:48:38.651 [main] DEBUG org.apache.velocity - ResourceManager : found /templates/head.vm with loader org.apache.velocity.runtime.resource.loader.ClasspathResourceLoader
20:48:38.655 [main] DEBUG org.apache.velocity - Velocimacro : added VM stringArray: source=/templates/macros/array.js.vm
20:48:38.655 [main] DEBUG org.apache.velocity - Velocimacro : added VM numberArray: source=/templates/macros/array.js.vm
20:48:38.655 [main] DEBUG org.apache.velocity - ResourceManager : found /templates/macros/array.js.vm with loader org.apache.velocity.runtime.resource.loader.ClasspathResourceLoader
20:48:38.657 [main] DEBUG org.apache.velocity - Velocimacro : added VM includeBuildInfo: source=/templates/macros/page/buildinfo.vm
20:48:38.657 [main] DEBUG org.apache.velocity - ResourceManager : found /templates/macros/page/buildinfo.vm with loader org.apache.velocity.runtime.resource.loader.ClasspathResourceLoader
20:48:38.662 [main] DEBUG org.apache.velocity - Velocimacro : added VM includeClassifications: source=/templates/macros/page/classifications.vm
20:48:38.662 [main] DEBUG org.apache.velocity - ResourceManager : found /templates/macros/page/classifications.vm with loader org.apache.velocity.runtime.resource.loader.ClasspathResourceLoader
20:48:38.663 [main] DEBUG org.apache.velocity - Velocimacro : added VM includeLead: source=/templates/macros/page/lead.vm
20:48:38.663 [main] DEBUG org.apache.velocity - ResourceManager : found /templates/macros/page/lead.vm with loader org.apache.velocity.runtime.resource.loader.ClasspathResourceLoader
20:48:38.668 [main] DEBUG org.apache.velocity - Velocimacro : added VM includeNavigation: source=/templates/macros/page/navigation.vm
20:48:38.668 [main] DEBUG org.apache.velocity - ResourceManager : found /templates/macros/page/navigation.vm with loader org.apache.velocity.runtime.resource.loader.ClasspathResourceLoader
20:48:38.671 [main] DEBUG org.apache.velocity - Velocimacro : added VM includeReportInfo: source=/templates/macros/page/reportInfo.vm
20:48:38.672 [main] DEBUG org.apache.velocity - ResourceManager : found /templates/macros/page/reportInfo.vm with loader org.apache.velocity.runtime.resource.loader.ClasspathResourceLoader
20:48:38.674 [main] DEBUG org.apache.velocity - Velocimacro : added VM includeTitle: source=/templates/macros/page/title.vm
20:48:38.674 [main] DEBUG org.apache.velocity - ResourceManager : found /templates/macros/page/title.vm with loader org.apache.velocity.runtime.resource.loader.ClasspathResourceLoader
20:48:38.677 [main] DEBUG org.apache.velocity - Velocimacro : added VM includeExpandingButtons: source=/templates/macros/report/expandAllButtons.vm
20:48:38.677 [main] DEBUG org.apache.velocity - ResourceManager : found /templates/macros/report/expandAllButtons.vm with loader org.apache.velocity.runtime.resource.loader.ClasspathResourceLoader
20:48:38.682 [main] DEBUG org.apache.velocity - Velocimacro : added VM includeReportTable: source=/templates/macros/report/reportTable.vm
20:48:38.682 [main] DEBUG org.apache.velocity - ResourceManager : found /templates/macros/report/reportTable.vm with loader org.apache.velocity.runtime.resource.loader.ClasspathResourceLoader
20:48:38.683 [main] DEBUG org.apache.velocity - Velocimacro : added VM includeReportHeader: source=/templates/macros/report/reportHeader.vm
20:48:38.684 [main] DEBUG org.apache.velocity - ResourceManager : found /templates/macros/report/reportHeader.vm with loader org.apache.velocity.runtime.resource.loader.ClasspathResourceLoader
20:48:38.692 [main] DEBUG org.apache.velocity - Velocimacro : added VM includeStatsTable: source=/templates/macros/report/statsTable.vm
20:48:38.692 [main] DEBUG org.apache.velocity - ResourceManager : found /templates/macros/report/statsTable.vm with loader org.apache.velocity.runtime.resource.loader.ClasspathResourceLoader
20:48:38.694 [main] DEBUG org.apache.velocity - Velocimacro : added VM includeBrief: source=/templates/macros/json/brief.vm
20:48:38.695 [main] DEBUG org.apache.velocity - ResourceManager : found /templates/macros/json/brief.vm with loader org.apache.velocity.runtime.resource.loader.ClasspathResourceLoader
20:48:38.697 [main] DEBUG org.apache.velocity - Velocimacro : added VM includeDocString: source=/templates/macros/json/docstring.vm
20:48:38.697 [main] DEBUG org.apache.velocity - ResourceManager : found /templates/macros/json/docstring.vm with loader org.apache.velocity.runtime.resource.loader.ClasspathResourceLoader
20:48:38.698 [main] DEBUG org.apache.velocity - Velocimacro : added VM includeDuration: source=/templates/macros/json/duration.vm
20:48:38.698 [main] DEBUG org.apache.velocity - ResourceManager : found /templates/macros/json/duration.vm with loader org.apache.velocity.runtime.resource.loader.ClasspathResourceLoader
20:48:38.701 [main] DEBUG org.apache.velocity - Velocimacro : added VM includeElement: source=/templates/macros/json/element.vm
20:48:38.701 [main] DEBUG org.apache.velocity - ResourceManager : found /templates/macros/json/element.vm with loader org.apache.velocity.runtime.resource.loader.ClasspathResourceLoader
20:48:38.715 [main] DEBUG org.apache.velocity - Velocimacro : added VM includeEmbeddings: source=/templates/macros/json/embeddings.vm
20:48:38.715 [main] DEBUG org.apache.velocity - Velocimacro : added VM includeHtmlEmbedding: source=/templates/macros/json/embeddings.vm
20:48:38.716 [main] DEBUG org.apache.velocity - Velocimacro : added VM includeImageEmbedding: source=/templates/macros/json/embeddings.vm
20:48:38.716 [main] DEBUG org.apache.velocity - Velocimacro : added VM includeImageReferenceEmbedding: source=/templates/macros/json/embeddings.vm
20:48:38.716 [main] DEBUG org.apache.velocity - Velocimacro : added VM includeTextEmbedding: source=/templates/macros/json/embeddings.vm
20:48:38.716 [main] DEBUG org.apache.velocity - Velocimacro : added VM includeUnknownEmbedding: source=/templates/macros/json/embeddings.vm
20:48:38.716 [main] DEBUG org.apache.velocity - ResourceManager : found /templates/macros/json/embeddings.vm with loader org.apache.velocity.runtime.resource.loader.ClasspathResourceLoader
20:48:38.719 [main] DEBUG org.apache.velocity - Velocimacro : added VM includeHooks: source=/templates/macros/json/hooks.vm
20:48:38.719 [main] DEBUG org.apache.velocity - ResourceManager : found /templates/macros/json/hooks.vm with loader org.apache.velocity.runtime.resource.loader.ClasspathResourceLoader
20:48:38.722 [main] DEBUG org.apache.velocity - Velocimacro : added VM includeOutput: source=/templates/macros/json/output.vm
20:48:38.722 [main] DEBUG org.apache.velocity - ResourceManager : found /templates/macros/json/output.vm with loader org.apache.velocity.runtime.resource.loader.ClasspathResourceLoader
20:48:38.724 [main] DEBUG org.apache.velocity - Velocimacro : added VM includeMessage: source=/templates/macros/json/message.vm
20:48:38.724 [main] DEBUG org.apache.velocity - ResourceManager : found /templates/macros/json/message.vm with loader org.apache.velocity.runtime.resource.loader.ClasspathResourceLoader
20:48:38.731 [main] DEBUG org.apache.velocity - Velocimacro : added VM includeSteps: source=/templates/macros/json/steps.vm
20:48:38.731 [main] DEBUG org.apache.velocity - ResourceManager : found /templates/macros/json/steps.vm with loader org.apache.velocity.runtime.resource.loader.ClasspathResourceLoader
20:48:38.733 [main] DEBUG org.apache.velocity - Velocimacro : added VM includeTags: source=/templates/macros/json/tags.vm
20:48:38.733 [main] DEBUG org.apache.velocity - ResourceManager : found /templates/macros/json/tags.vm with loader org.apache.velocity.runtime.resource.loader.ClasspathResourceLoader
20:48:38.754 [main] DEBUG org.apache.velocity - ResourceManager : found /templates/js/steps-chart.js.vm with loader org.apache.velocity.runtime.resource.loader.ClasspathResourceLoader
20:48:38.770 [main] DEBUG org.apache.velocity - ResourceManager : found /templates/js/scenarios-chart.js.vm with loader org.apache.velocity.runtime.resource.loader.ClasspathResourceLoader
20:48:38.771 [main] DEBUG org.apache.velocity - ResourceManager : found /templates/js/features-chart.js.vm with loader org.apache.velocity.runtime.resource.loader.ClasspathResourceLoader
20:48:38.774 [main] DEBUG org.apache.velocity - VM #includeReportInfo: too many arguments to macro. Wanted 0 got 1
20:48:38.865 [main] DEBUG org.apache.velocity - ResourceManager : found /templates/footer.vm with loader org.apache.velocity.runtime.resource.loader.ClasspathResourceLoader
20:48:38.869 [main] DEBUG org.apache.velocity - ResourceManager : found templates/generators/reportFeature.vm with loader org.apache.velocity.runtime.resource.loader.ClasspathResourceLoader
20:48:38.874 [main] DEBUG org.apache.velocity - ResourceManager : found /templates/headers.vm with loader org.apache.velocity.runtime.resource.loader.ClasspathResourceLoader
20:48:38.877 [main] DEBUG org.apache.velocity - ResourceManager : found /templates/head.vm with loader org.apache.velocity.runtime.resource.loader.ClasspathResourceLoader
20:48:38.881 [main] DEBUG org.apache.velocity - Velocimacro : added VM stringArray: source=/templates/macros/array.js.vm
20:48:38.881 [main] DEBUG org.apache.velocity - Velocimacro : added VM numberArray: source=/templates/macros/array.js.vm
20:48:38.881 [main] DEBUG org.apache.velocity - ResourceManager : found /templates/macros/array.js.vm with loader org.apache.velocity.runtime.resource.loader.ClasspathResourceLoader
20:48:38.883 [main] DEBUG org.apache.velocity - Velocimacro : added VM includeBuildInfo: source=/templates/macros/page/buildinfo.vm
20:48:38.883 [main] DEBUG org.apache.velocity - ResourceManager : found /templates/macros/page/buildinfo.vm with loader org.apache.velocity.runtime.resource.loader.ClasspathResourceLoader
20:48:38.884 [main] DEBUG org.apache.velocity - Velocimacro : added VM includeClassifications: source=/templates/macros/page/classifications.vm
20:48:38.885 [main] DEBUG org.apache.velocity - ResourceManager : found /templates/macros/page/classifications.vm with loader org.apache.velocity.runtime.resource.loader.ClasspathResourceLoader
20:48:38.886 [main] DEBUG org.apache.velocity - Velocimacro : added VM includeLead: source=/templates/macros/page/lead.vm
20:48:38.886 [main] DEBUG org.apache.velocity - ResourceManager : found /templates/macros/page/lead.vm with loader org.apache.velocity.runtime.resource.loader.ClasspathResourceLoader
20:48:38.887 [main] DEBUG org.apache.velocity - Velocimacro : added VM includeNavigation: source=/templates/macros/page/navigation.vm
20:48:38.888 [main] DEBUG org.apache.velocity - ResourceManager : found /templates/macros/page/navigation.vm with loader org.apache.velocity.runtime.resource.loader.ClasspathResourceLoader
20:48:38.889 [main] DEBUG org.apache.velocity - Velocimacro : added VM includeReportInfo: source=/templates/macros/page/reportInfo.vm
20:48:38.889 [main] DEBUG org.apache.velocity - ResourceManager : found /templates/macros/page/reportInfo.vm with loader org.apache.velocity.runtime.resource.loader.ClasspathResourceLoader
20:48:38.891 [main] DEBUG org.apache.velocity - Velocimacro : added VM includeTitle: source=/templates/macros/page/title.vm
20:48:38.892 [main] DEBUG org.apache.velocity - ResourceManager : found /templates/macros/page/title.vm with loader org.apache.velocity.runtime.resource.loader.ClasspathResourceLoader
20:48:38.895 [main] DEBUG org.apache.velocity - Velocimacro : added VM includeExpandingButtons: source=/templates/macros/report/expandAllButtons.vm
20:48:38.895 [main] DEBUG org.apache.velocity - ResourceManager : found /templates/macros/report/expandAllButtons.vm with loader org.apache.velocity.runtime.resource.loader.ClasspathResourceLoader
20:48:38.898 [main] DEBUG org.apache.velocity - Velocimacro : added VM includeReportTable: source=/templates/macros/report/reportTable.vm
20:48:38.898 [main] DEBUG org.apache.velocity - ResourceManager : found /templates/macros/report/reportTable.vm with loader org.apache.velocity.runtime.resource.loader.ClasspathResourceLoader
20:48:38.899 [main] DEBUG org.apache.velocity - Velocimacro : added VM includeReportHeader: source=/templates/macros/report/reportHeader.vm
20:48:38.900 [main] DEBUG org.apache.velocity - ResourceManager : found /templates/macros/report/reportHeader.vm with loader org.apache.velocity.runtime.resource.loader.ClasspathResourceLoader
20:48:38.904 [main] DEBUG org.apache.velocity - Velocimacro : added VM includeStatsTable: source=/templates/macros/report/statsTable.vm
20:48:38.904 [main] DEBUG org.apache.velocity - ResourceManager : found /templates/macros/report/statsTable.vm with loader org.apache.velocity.runtime.resource.loader.ClasspathResourceLoader
20:48:38.905 [main] DEBUG org.apache.velocity - Velocimacro : added VM includeBrief: source=/templates/macros/json/brief.vm
20:48:38.906 [main] DEBUG org.apache.velocity - ResourceManager : found /templates/macros/json/brief.vm with loader org.apache.velocity.runtime.resource.loader.ClasspathResourceLoader
20:48:38.907 [main] DEBUG org.apache.velocity - Velocimacro : added VM includeDocString: source=/templates/macros/json/docstring.vm
20:48:38.907 [main] DEBUG org.apache.velocity - ResourceManager : found /templates/macros/json/docstring.vm with loader org.apache.velocity.runtime.resource.loader.ClasspathResourceLoader
20:48:38.910 [main] DEBUG org.apache.velocity - Velocimacro : added VM includeDuration: source=/templates/macros/json/duration.vm
20:48:38.910 [main] DEBUG org.apache.velocity - ResourceManager : found /templates/macros/json/duration.vm with loader org.apache.velocity.runtime.resource.loader.ClasspathResourceLoader
20:48:38.912 [main] DEBUG org.apache.velocity - Velocimacro : added VM includeElement: source=/templates/macros/json/element.vm
20:48:38.912 [main] DEBUG org.apache.velocity - ResourceManager : found /templates/macros/json/element.vm with loader org.apache.velocity.runtime.resource.loader.ClasspathResourceLoader
20:48:38.916 [main] DEBUG org.apache.velocity - Velocimacro : added VM includeEmbeddings: source=/templates/macros/json/embeddings.vm
20:48:38.916 [main] DEBUG org.apache.velocity - Velocimacro : added VM includeHtmlEmbedding: source=/templates/macros/json/embeddings.vm
20:48:38.916 [main] DEBUG org.apache.velocity - Velocimacro : added VM includeImageEmbedding: source=/templates/macros/json/embeddings.vm
20:48:38.916 [main] DEBUG org.apache.velocity - Velocimacro : added VM includeImageReferenceEmbedding: source=/templates/macros/json/embeddings.vm
20:48:38.917 [main] DEBUG org.apache.velocity - Velocimacro : added VM includeTextEmbedding: source=/templates/macros/json/embeddings.vm
20:48:38.917 [main] DEBUG org.apache.velocity - Velocimacro : added VM includeUnknownEmbedding: source=/templates/macros/json/embeddings.vm
20:48:38.917 [main] DEBUG org.apache.velocity - ResourceManager : found /templates/macros/json/embeddings.vm with loader org.apache.velocity.runtime.resource.loader.ClasspathResourceLoader
20:48:38.919 [main] DEBUG org.apache.velocity - Velocimacro : added VM includeHooks: source=/templates/macros/json/hooks.vm
20:48:38.919 [main] DEBUG org.apache.velocity - ResourceManager : found /templates/macros/json/hooks.vm with loader org.apache.velocity.runtime.resource.loader.ClasspathResourceLoader
20:48:38.921 [main] DEBUG org.apache.velocity - Velocimacro : added VM includeOutput: source=/templates/macros/json/output.vm
20:48:38.921 [main] DEBUG org.apache.velocity - ResourceManager : found /templates/macros/json/output.vm with loader org.apache.velocity.runtime.resource.loader.ClasspathResourceLoader
20:48:38.923 [main] DEBUG org.apache.velocity - Velocimacro : added VM includeMessage: source=/templates/macros/json/message.vm
20:48:38.923 [main] DEBUG org.apache.velocity - ResourceManager : found /templates/macros/json/message.vm with loader org.apache.velocity.runtime.resource.loader.ClasspathResourceLoader
20:48:38.930 [main] DEBUG org.apache.velocity - Velocimacro : added VM includeSteps: source=/templates/macros/json/steps.vm
20:48:38.930 [main] DEBUG org.apache.velocity - ResourceManager : found /templates/macros/json/steps.vm with loader org.apache.velocity.runtime.resource.loader.ClasspathResourceLoader
20:48:38.932 [main] DEBUG org.apache.velocity - Velocimacro : added VM includeTags: source=/templates/macros/json/tags.vm
20:48:38.933 [main] DEBUG org.apache.velocity - ResourceManager : found /templates/macros/json/tags.vm with loader org.apache.velocity.runtime.resource.loader.ClasspathResourceLoader
20:48:38.933 [main] DEBUG org.apache.velocity - VM #includeNavigation: too few arguments to macro. Wanted 1 got 0
20:48:38.933 [main] DEBUG org.apache.velocity - Left side ($active_tab) of '==' operation has null value. If it is a reference, it may not be in the context or its toString() returned null. /templates/macros/page/navigation.vm[line 14, column 51]
20:48:38.934 [main] DEBUG org.apache.velocity - Left side ($active_tab) of '==' operation has null value. If it is a reference, it may not be in the context or its toString() returned null. /templates/macros/page/navigation.vm[line 15, column 51]
20:48:38.934 [main] DEBUG org.apache.velocity - Left side ($active_tab) of '==' operation has null value. If it is a reference, it may not be in the context or its toString() returned null. /templates/macros/page/navigation.vm[line 16, column 51]
20:48:38.934 [main] DEBUG org.apache.velocity - Left side ($active_tab) of '==' operation has null value. If it is a reference, it may not be in the context or its toString() returned null. /templates/macros/page/navigation.vm[line 20, column 51]
20:48:38.934 [main] DEBUG org.apache.velocity - VM #includeLead: too few arguments to macro. Wanted 2 got 1
20:48:38.939 [main] DEBUG org.apache.velocity - VM #includeBrief: too few arguments to macro. Wanted 5 got 3
20:48:38.945 [main] DEBUG org.apache.velocity - VM #includeBrief: too few arguments to macro. Wanted 5 got 4
20:48:38.946 [main] DEBUG org.apache.velocity - VM #includeBrief: too few arguments to macro. Wanted 5 got 4
20:48:38.964 [main] DEBUG org.apache.velocity - VM #includeBrief: too few arguments to macro. Wanted 5 got 4
20:48:38.964 [main] DEBUG org.apache.velocity - VM #includeBrief: too few arguments to macro. Wanted 5 got 4
20:48:38.997 [main] DEBUG org.apache.velocity - ResourceManager : found /templates/footer.vm with loader org.apache.velocity.runtime.resource.loader.ClasspathResourceLoader
20:48:39.000 [main] DEBUG org.apache.velocity - ResourceManager : found templates/generators/overviewTags.vm with loader org.apache.velocity.runtime.resource.loader.ClasspathResourceLoader
20:48:39.005 [main] DEBUG org.apache.velocity - ResourceManager : found /templates/headers.vm with loader org.apache.velocity.runtime.resource.loader.ClasspathResourceLoader
20:48:39.006 [main] DEBUG org.apache.velocity - ResourceManager : found /templates/head.vm with loader org.apache.velocity.runtime.resource.loader.ClasspathResourceLoader
20:48:39.008 [main] DEBUG org.apache.velocity - Velocimacro : added VM stringArray: source=/templates/macros/array.js.vm
20:48:39.008 [main] DEBUG org.apache.velocity - Velocimacro : added VM numberArray: source=/templates/macros/array.js.vm
20:48:39.008 [main] DEBUG org.apache.velocity - ResourceManager : found /templates/macros/array.js.vm with loader org.apache.velocity.runtime.resource.loader.ClasspathResourceLoader
20:48:39.011 [main] DEBUG org.apache.velocity - Velocimacro : added VM includeBuildInfo: source=/templates/macros/page/buildinfo.vm
20:48:39.011 [main] DEBUG org.apache.velocity - ResourceManager : found /templates/macros/page/buildinfo.vm with loader org.apache.velocity.runtime.resource.loader.ClasspathResourceLoader
20:48:39.013 [main] DEBUG org.apache.velocity - Velocimacro : added VM includeClassifications: source=/templates/macros/page/classifications.vm
20:48:39.013 [main] DEBUG org.apache.velocity - ResourceManager : found /templates/macros/page/classifications.vm with loader org.apache.velocity.runtime.resource.loader.ClasspathResourceLoader
20:48:39.015 [main] DEBUG org.apache.velocity - Velocimacro : added VM includeLead: source=/templates/macros/page/lead.vm
20:48:39.015 [main] DEBUG org.apache.velocity - ResourceManager : found /templates/macros/page/lead.vm with loader org.apache.velocity.runtime.resource.loader.ClasspathResourceLoader
20:48:39.016 [main] DEBUG org.apache.velocity - Velocimacro : added VM includeNavigation: source=/templates/macros/page/navigation.vm
20:48:39.016 [main] DEBUG org.apache.velocity - ResourceManager : found /templates/macros/page/navigation.vm with loader org.apache.velocity.runtime.resource.loader.ClasspathResourceLoader
20:48:39.019 [main] DEBUG org.apache.velocity - Velocimacro : added VM includeReportInfo: source=/templates/macros/page/reportInfo.vm
20:48:39.019 [main] DEBUG org.apache.velocity - ResourceManager : found /templates/macros/page/reportInfo.vm with loader org.apache.velocity.runtime.resource.loader.ClasspathResourceLoader
20:48:39.020 [main] DEBUG org.apache.velocity - Velocimacro : added VM includeTitle: source=/templates/macros/page/title.vm
20:48:39.020 [main] DEBUG org.apache.velocity - ResourceManager : found /templates/macros/page/title.vm with loader org.apache.velocity.runtime.resource.loader.ClasspathResourceLoader
20:48:39.021 [main] DEBUG org.apache.velocity - Velocimacro : added VM includeExpandingButtons: source=/templates/macros/report/expandAllButtons.vm
20:48:39.021 [main] DEBUG org.apache.velocity - ResourceManager : found /templates/macros/report/expandAllButtons.vm with loader org.apache.velocity.runtime.resource.loader.ClasspathResourceLoader
20:48:39.024 [main] DEBUG org.apache.velocity - Velocimacro : added VM includeReportTable: source=/templates/macros/report/reportTable.vm
20:48:39.025 [main] DEBUG org.apache.velocity - ResourceManager : found /templates/macros/report/reportTable.vm with loader org.apache.velocity.runtime.resource.loader.ClasspathResourceLoader
20:48:39.028 [main] DEBUG org.apache.velocity - Velocimacro : added VM includeReportHeader: source=/templates/macros/report/reportHeader.vm
20:48:39.028 [main] DEBUG org.apache.velocity - ResourceManager : found /templates/macros/report/reportHeader.vm with loader org.apache.velocity.runtime.resource.loader.ClasspathResourceLoader
20:48:39.032 [main] DEBUG org.apache.velocity - Velocimacro : added VM includeStatsTable: source=/templates/macros/report/statsTable.vm
20:48:39.032 [main] DEBUG org.apache.velocity - ResourceManager : found /templates/macros/report/statsTable.vm with loader org.apache.velocity.runtime.resource.loader.ClasspathResourceLoader
20:48:39.035 [main] DEBUG org.apache.velocity - Velocimacro : added VM includeBrief: source=/templates/macros/json/brief.vm
20:48:39.035 [main] DEBUG org.apache.velocity - ResourceManager : found /templates/macros/json/brief.vm with loader org.apache.velocity.runtime.resource.loader.ClasspathResourceLoader
20:48:39.036 [main] DEBUG org.apache.velocity - Velocimacro : added VM includeDocString: source=/templates/macros/json/docstring.vm
20:48:39.036 [main] DEBUG org.apache.velocity - ResourceManager : found /templates/macros/json/docstring.vm with loader org.apache.velocity.runtime.resource.loader.ClasspathResourceLoader
20:48:39.038 [main] DEBUG org.apache.velocity - Velocimacro : added VM includeDuration: source=/templates/macros/json/duration.vm
20:48:39.038 [main] DEBUG org.apache.velocity - ResourceManager : found /templates/macros/json/duration.vm with loader org.apache.velocity.runtime.resource.loader.ClasspathResourceLoader
20:48:39.040 [main] DEBUG org.apache.velocity - Velocimacro : added VM includeElement: source=/templates/macros/json/element.vm
20:48:39.040 [main] DEBUG org.apache.velocity - ResourceManager : found /templates/macros/json/element.vm with loader org.apache.velocity.runtime.resource.loader.ClasspathResourceLoader
20:48:39.045 [main] DEBUG org.apache.velocity - Velocimacro : added VM includeEmbeddings: source=/templates/macros/json/embeddings.vm
20:48:39.045 [main] DEBUG org.apache.velocity - Velocimacro : added VM includeHtmlEmbedding: source=/templates/macros/json/embeddings.vm
20:48:39.045 [main] DEBUG org.apache.velocity - Velocimacro : added VM includeImageEmbedding: source=/templates/macros/json/embeddings.vm
20:48:39.045 [main] DEBUG org.apache.velocity - Velocimacro : added VM includeImageReferenceEmbedding: source=/templates/macros/json/embeddings.vm
20:48:39.045 [main] DEBUG org.apache.velocity - Velocimacro : added VM includeTextEmbedding: source=/templates/macros/json/embeddings.vm
20:48:39.046 [main] DEBUG org.apache.velocity - Velocimacro : added VM includeUnknownEmbedding: source=/templates/macros/json/embeddings.vm
20:48:39.046 [main] DEBUG org.apache.velocity - ResourceManager : found /templates/macros/json/embeddings.vm with loader org.apache.velocity.runtime.resource.loader.ClasspathResourceLoader
20:48:39.047 [main] DEBUG org.apache.velocity - Velocimacro : added VM includeHooks: source=/templates/macros/json/hooks.vm
20:48:39.047 [main] DEBUG org.apache.velocity - ResourceManager : found /templates/macros/json/hooks.vm with loader org.apache.velocity.runtime.resource.loader.ClasspathResourceLoader
20:48:39.050 [main] DEBUG org.apache.velocity - Velocimacro : added VM includeOutput: source=/templates/macros/json/output.vm
20:48:39.050 [main] DEBUG org.apache.velocity - ResourceManager : found /templates/macros/json/output.vm with loader org.apache.velocity.runtime.resource.loader.ClasspathResourceLoader
20:48:39.053 [main] DEBUG org.apache.velocity - Velocimacro : added VM includeMessage: source=/templates/macros/json/message.vm
20:48:39.053 [main] DEBUG org.apache.velocity - ResourceManager : found /templates/macros/json/message.vm with loader org.apache.velocity.runtime.resource.loader.ClasspathResourceLoader
20:48:39.055 [main] DEBUG org.apache.velocity - Velocimacro : added VM includeSteps: source=/templates/macros/json/steps.vm
20:48:39.056 [main] DEBUG org.apache.velocity - ResourceManager : found /templates/macros/json/steps.vm with loader org.apache.velocity.runtime.resource.loader.ClasspathResourceLoader
20:48:39.057 [main] DEBUG org.apache.velocity - Velocimacro : added VM includeTags: source=/templates/macros/json/tags.vm
20:48:39.058 [main] DEBUG org.apache.velocity - ResourceManager : found /templates/macros/json/tags.vm with loader org.apache.velocity.runtime.resource.loader.ClasspathResourceLoader
20:48:39.060 [main] DEBUG org.apache.velocity - ResourceManager : found /templates/js/tags-chart.js.vm with loader org.apache.velocity.runtime.resource.loader.ClasspathResourceLoader
20:48:39.066 [main] DEBUG org.apache.velocity - ResourceManager : found /templates/footer.vm with loader org.apache.velocity.runtime.resource.loader.ClasspathResourceLoader
20:48:39.068 [main] DEBUG org.apache.velocity - ResourceManager : found templates/generators/reportTag.vm with loader org.apache.velocity.runtime.resource.loader.ClasspathResourceLoader
20:48:39.071 [main] DEBUG org.apache.velocity - ResourceManager : found /templates/headers.vm with loader org.apache.velocity.runtime.resource.loader.ClasspathResourceLoader
20:48:39.072 [main] DEBUG org.apache.velocity - ResourceManager : found /templates/head.vm with loader org.apache.velocity.runtime.resource.loader.ClasspathResourceLoader
20:48:39.073 [main] DEBUG org.apache.velocity - Velocimacro : added VM stringArray: source=/templates/macros/array.js.vm
20:48:39.074 [main] DEBUG org.apache.velocity - Velocimacro : added VM numberArray: source=/templates/macros/array.js.vm
20:48:39.074 [main] DEBUG org.apache.velocity - ResourceManager : found /templates/macros/array.js.vm with loader org.apache.velocity.runtime.resource.loader.ClasspathResourceLoader
20:48:39.076 [main] DEBUG org.apache.velocity - Velocimacro : added VM includeBuildInfo: source=/templates/macros/page/buildinfo.vm
20:48:39.076 [main] DEBUG org.apache.velocity - ResourceManager : found /templates/macros/page/buildinfo.vm with loader org.apache.velocity.runtime.resource.loader.ClasspathResourceLoader
20:48:39.077 [main] DEBUG org.apache.velocity - Velocimacro : added VM includeClassifications: source=/templates/macros/page/classifications.vm
20:48:39.077 [main] DEBUG org.apache.velocity - ResourceManager : found /templates/macros/page/classifications.vm with loader org.apache.velocity.runtime.resource.loader.ClasspathResourceLoader
20:48:39.078 [main] DEBUG org.apache.velocity - Velocimacro : added VM includeLead: source=/templates/macros/page/lead.vm
20:48:39.078 [main] DEBUG org.apache.velocity - ResourceManager : found /templates/macros/page/lead.vm with loader org.apache.velocity.runtime.resource.loader.ClasspathResourceLoader
20:48:39.079 [main] DEBUG org.apache.velocity - Velocimacro : added VM includeNavigation: source=/templates/macros/page/navigation.vm
20:48:39.079 [main] DEBUG org.apache.velocity - ResourceManager : found /templates/macros/page/navigation.vm with loader org.apache.velocity.runtime.resource.loader.ClasspathResourceLoader
20:48:39.080 [main] DEBUG org.apache.velocity - Velocimacro : added VM includeReportInfo: source=/templates/macros/page/reportInfo.vm
20:48:39.081 [main] DEBUG org.apache.velocity - ResourceManager : found /templates/macros/page/reportInfo.vm with loader org.apache.velocity.runtime.resource.loader.ClasspathResourceLoader
20:48:39.082 [main] DEBUG org.apache.velocity - Velocimacro : added VM includeTitle: source=/templates/macros/page/title.vm
20:48:39.082 [main] DEBUG org.apache.velocity - ResourceManager : found /templates/macros/page/title.vm with loader org.apache.velocity.runtime.resource.loader.ClasspathResourceLoader
20:48:39.083 [main] DEBUG org.apache.velocity - Velocimacro : added VM includeExpandingButtons: source=/templates/macros/report/expandAllButtons.vm
20:48:39.083 [main] DEBUG org.apache.velocity - ResourceManager : found /templates/macros/report/expandAllButtons.vm with loader org.apache.velocity.runtime.resource.loader.ClasspathResourceLoader
20:48:39.085 [main] DEBUG org.apache.velocity - Velocimacro : added VM includeReportTable: source=/templates/macros/report/reportTable.vm
20:48:39.085 [main] DEBUG org.apache.velocity - ResourceManager : found /templates/macros/report/reportTable.vm with loader org.apache.velocity.runtime.resource.loader.ClasspathResourceLoader
20:48:39.086 [main] DEBUG org.apache.velocity - Velocimacro : added VM includeReportHeader: source=/templates/macros/report/reportHeader.vm
20:48:39.086 [main] DEBUG org.apache.velocity - ResourceManager : found /templates/macros/report/reportHeader.vm with loader org.apache.velocity.runtime.resource.loader.ClasspathResourceLoader
20:48:39.089 [main] DEBUG org.apache.velocity - Velocimacro : added VM includeStatsTable: source=/templates/macros/report/statsTable.vm
20:48:39.091 [main] DEBUG org.apache.velocity - ResourceManager : found /templates/macros/report/statsTable.vm with loader org.apache.velocity.runtime.resource.loader.ClasspathResourceLoader
20:48:39.092 [main] DEBUG org.apache.velocity - Velocimacro : added VM includeBrief: source=/templates/macros/json/brief.vm
20:48:39.093 [main] DEBUG org.apache.velocity - ResourceManager : found /templates/macros/json/brief.vm with loader org.apache.velocity.runtime.resource.loader.ClasspathResourceLoader
20:48:39.095 [main] DEBUG org.apache.velocity - Velocimacro : added VM includeDocString: source=/templates/macros/json/docstring.vm
20:48:39.095 [main] DEBUG org.apache.velocity - ResourceManager : found /templates/macros/json/docstring.vm with loader org.apache.velocity.runtime.resource.loader.ClasspathResourceLoader
20:48:39.095 [main] DEBUG org.apache.velocity - Velocimacro : added VM includeDuration: source=/templates/macros/json/duration.vm
20:48:39.095 [main] DEBUG org.apache.velocity - ResourceManager : found /templates/macros/json/duration.vm with loader org.apache.velocity.runtime.resource.loader.ClasspathResourceLoader
20:48:39.098 [main] DEBUG org.apache.velocity - Velocimacro : added VM includeElement: source=/templates/macros/json/element.vm
20:48:39.098 [main] DEBUG org.apache.velocity - ResourceManager : found /templates/macros/json/element.vm with loader org.apache.velocity.runtime.resource.loader.ClasspathResourceLoader
20:48:39.101 [main] DEBUG org.apache.velocity - Velocimacro : added VM includeEmbeddings: source=/templates/macros/json/embeddings.vm
20:48:39.102 [main] DEBUG org.apache.velocity - Velocimacro : added VM includeHtmlEmbedding: source=/templates/macros/json/embeddings.vm
20:48:39.102 [main] DEBUG org.apache.velocity - Velocimacro : added VM includeImageEmbedding: source=/templates/macros/json/embeddings.vm
20:48:39.102 [main] DEBUG org.apache.velocity - Velocimacro : added VM includeImageReferenceEmbedding: source=/templates/macros/json/embeddings.vm
20:48:39.102 [main] DEBUG org.apache.velocity - Velocimacro : added VM includeTextEmbedding: source=/templates/macros/json/embeddings.vm
20:48:39.102 [main] DEBUG org.apache.velocity - Velocimacro : added VM includeUnknownEmbedding: source=/templates/macros/json/embeddings.vm
20:48:39.102 [main] DEBUG org.apache.velocity - ResourceManager : found /templates/macros/json/embeddings.vm with loader org.apache.velocity.runtime.resource.loader.ClasspathResourceLoader
20:48:39.104 [main] DEBUG org.apache.velocity - Velocimacro : added VM includeHooks: source=/templates/macros/json/hooks.vm
20:48:39.104 [main] DEBUG org.apache.velocity - ResourceManager : found /templates/macros/json/hooks.vm with loader org.apache.velocity.runtime.resource.loader.ClasspathResourceLoader
20:48:39.106 [main] DEBUG org.apache.velocity - Velocimacro : added VM includeOutput: source=/templates/macros/json/output.vm
20:48:39.108 [main] DEBUG org.apache.velocity - ResourceManager : found /templates/macros/json/output.vm with loader org.apache.velocity.runtime.resource.loader.ClasspathResourceLoader
20:48:39.111 [main] DEBUG org.apache.velocity - Velocimacro : added VM includeMessage: source=/templates/macros/json/message.vm
20:48:39.111 [main] DEBUG org.apache.velocity - ResourceManager : found /templates/macros/json/message.vm with loader org.apache.velocity.runtime.resource.loader.ClasspathResourceLoader
20:48:39.114 [main] DEBUG org.apache.velocity - Velocimacro : added VM includeSteps: source=/templates/macros/json/steps.vm
20:48:39.115 [main] DEBUG org.apache.velocity - ResourceManager : found /templates/macros/json/steps.vm with loader org.apache.velocity.runtime.resource.loader.ClasspathResourceLoader
20:48:39.116 [main] DEBUG org.apache.velocity - Velocimacro : added VM includeTags: source=/templates/macros/json/tags.vm
20:48:39.116 [main] DEBUG org.apache.velocity - ResourceManager : found /templates/macros/json/tags.vm with loader org.apache.velocity.runtime.resource.loader.ClasspathResourceLoader
20:48:39.117 [main] DEBUG org.apache.velocity - VM #includeNavigation: too few arguments to macro. Wanted 1 got 0
20:48:39.117 [main] DEBUG org.apache.velocity - Left side ($active_tab) of '==' operation has null value. If it is a reference, it may not be in the context or its toString() returned null. /templates/macros/page/navigation.vm[line 14, column 51]
20:48:39.117 [main] DEBUG org.apache.velocity - Left side ($active_tab) of '==' operation has null value. If it is a reference, it may not be in the context or its toString() returned null. /templates/macros/page/navigation.vm[line 15, column 51]
20:48:39.117 [main] DEBUG org.apache.velocity - Left side ($active_tab) of '==' operation has null value. If it is a reference, it may not be in the context or its toString() returned null. /templates/macros/page/navigation.vm[line 16, column 51]
20:48:39.117 [main] DEBUG org.apache.velocity - Left side ($active_tab) of '==' operation has null value. If it is a reference, it may not be in the context or its toString() returned null. /templates/macros/page/navigation.vm[line 20, column 51]
20:48:39.117 [main] DEBUG org.apache.velocity - VM #includeLead: too few arguments to macro. Wanted 2 got 1
20:48:39.120 [main] DEBUG org.apache.velocity - VM #includeBrief: too few arguments to macro. Wanted 5 got 4
20:48:39.120 [main] DEBUG org.apache.velocity - VM #includeBrief: too few arguments to macro. Wanted 5 got 4
20:48:39.136 [main] DEBUG org.apache.velocity - ResourceManager : found /templates/footer.vm with loader org.apache.velocity.runtime.resource.loader.ClasspathResourceLoader
20:48:39.139 [main] DEBUG org.apache.velocity - ResourceManager : found templates/generators/reportTag.vm with loader org.apache.velocity.runtime.resource.loader.ClasspathResourceLoader
20:48:39.144 [main] DEBUG org.apache.velocity - ResourceManager : found /templates/headers.vm with loader org.apache.velocity.runtime.resource.loader.ClasspathResourceLoader
20:48:39.145 [main] DEBUG org.apache.velocity - ResourceManager : found /templates/head.vm with loader org.apache.velocity.runtime.resource.loader.ClasspathResourceLoader
20:48:39.147 [main] DEBUG org.apache.velocity - Velocimacro : added VM stringArray: source=/templates/macros/array.js.vm
20:48:39.147 [main] DEBUG org.apache.velocity - Velocimacro : added VM numberArray: source=/templates/macros/array.js.vm
20:48:39.147 [main] DEBUG org.apache.velocity - ResourceManager : found /templates/macros/array.js.vm with loader org.apache.velocity.runtime.resource.loader.ClasspathResourceLoader
20:48:39.148 [main] DEBUG org.apache.velocity - Velocimacro : added VM includeBuildInfo: source=/templates/macros/page/buildinfo.vm
20:48:39.148 [main] DEBUG org.apache.velocity - ResourceManager : found /templates/macros/page/buildinfo.vm with loader org.apache.velocity.runtime.resource.loader.ClasspathResourceLoader
20:48:39.151 [main] DEBUG org.apache.velocity - Velocimacro : added VM includeClassifications: source=/templates/macros/page/classifications.vm
20:48:39.151 [main] DEBUG org.apache.velocity - ResourceManager : found /templates/macros/page/classifications.vm with loader org.apache.velocity.runtime.resource.loader.ClasspathResourceLoader
20:48:39.152 [main] DEBUG org.apache.velocity - Velocimacro : added VM includeLead: source=/templates/macros/page/lead.vm
20:48:39.152 [main] DEBUG org.apache.velocity - ResourceManager : found /templates/macros/page/lead.vm with loader org.apache.velocity.runtime.resource.loader.ClasspathResourceLoader
20:48:39.153 [main] DEBUG org.apache.velocity - Velocimacro : added VM includeNavigation: source=/templates/macros/page/navigation.vm
20:48:39.153 [main] DEBUG org.apache.velocity - ResourceManager : found /templates/macros/page/navigation.vm with loader org.apache.velocity.runtime.resource.loader.ClasspathResourceLoader
20:48:39.154 [main] DEBUG org.apache.velocity - Velocimacro : added VM includeReportInfo: source=/templates/macros/page/reportInfo.vm
20:48:39.154 [main] DEBUG org.apache.velocity - ResourceManager : found /templates/macros/page/reportInfo.vm with loader org.apache.velocity.runtime.resource.loader.ClasspathResourceLoader
20:48:39.155 [main] DEBUG org.apache.velocity - Velocimacro : added VM includeTitle: source=/templates/macros/page/title.vm
20:48:39.155 [main] DEBUG org.apache.velocity - ResourceManager : found /templates/macros/page/title.vm with loader org.apache.velocity.runtime.resource.loader.ClasspathResourceLoader
20:48:39.157 [main] DEBUG org.apache.velocity - Velocimacro : added VM includeExpandingButtons: source=/templates/macros/report/expandAllButtons.vm
20:48:39.157 [main] DEBUG org.apache.velocity - ResourceManager : found /templates/macros/report/expandAllButtons.vm with loader org.apache.velocity.runtime.resource.loader.ClasspathResourceLoader
20:48:39.159 [main] DEBUG org.apache.velocity - Velocimacro : added VM includeReportTable: source=/templates/macros/report/reportTable.vm
20:48:39.159 [main] DEBUG org.apache.velocity - ResourceManager : found /templates/macros/report/reportTable.vm with loader org.apache.velocity.runtime.resource.loader.ClasspathResourceLoader
20:48:39.161 [main] DEBUG org.apache.velocity - Velocimacro : added VM includeReportHeader: source=/templates/macros/report/reportHeader.vm
20:48:39.161 [main] DEBUG org.apache.velocity - ResourceManager : found /templates/macros/report/reportHeader.vm with loader org.apache.velocity.runtime.resource.loader.ClasspathResourceLoader
20:48:39.163 [main] DEBUG org.apache.velocity - Velocimacro : added VM includeStatsTable: source=/templates/macros/report/statsTable.vm
20:48:39.163 [main] DEBUG org.apache.velocity - ResourceManager : found /templates/macros/report/statsTable.vm with loader org.apache.velocity.runtime.resource.loader.ClasspathResourceLoader
20:48:39.164 [main] DEBUG org.apache.velocity - Velocimacro : added VM includeBrief: source=/templates/macros/json/brief.vm
20:48:39.164 [main] DEBUG org.apache.velocity - ResourceManager : found /templates/macros/json/brief.vm with loader org.apache.velocity.runtime.resource.loader.ClasspathResourceLoader
20:48:39.165 [main] DEBUG org.apache.velocity - Velocimacro : added VM includeDocString: source=/templates/macros/json/docstring.vm
20:48:39.165 [main] DEBUG org.apache.velocity - ResourceManager : found /templates/macros/json/docstring.vm with loader org.apache.velocity.runtime.resource.loader.ClasspathResourceLoader
20:48:39.166 [main] DEBUG org.apache.velocity - Velocimacro : added VM includeDuration: source=/templates/macros/json/duration.vm
20:48:39.166 [main] DEBUG org.apache.velocity - ResourceManager : found /templates/macros/json/duration.vm with loader org.apache.velocity.runtime.resource.loader.ClasspathResourceLoader
20:48:39.167 [main] DEBUG org.apache.velocity - Velocimacro : added VM includeElement: source=/templates/macros/json/element.vm
20:48:39.167 [main] DEBUG org.apache.velocity - ResourceManager : found /templates/macros/json/element.vm with loader org.apache.velocity.runtime.resource.loader.ClasspathResourceLoader
20:48:39.170 [main] DEBUG org.apache.velocity - Velocimacro : added VM includeEmbeddings: source=/templates/macros/json/embeddings.vm
20:48:39.170 [main] DEBUG org.apache.velocity - Velocimacro : added VM includeHtmlEmbedding: source=/templates/macros/json/embeddings.vm
20:48:39.170 [main] DEBUG org.apache.velocity - Velocimacro : added VM includeImageEmbedding: source=/templates/macros/json/embeddings.vm
20:48:39.170 [main] DEBUG org.apache.velocity - Velocimacro : added VM includeImageReferenceEmbedding: source=/templates/macros/json/embeddings.vm
20:48:39.170 [main] DEBUG org.apache.velocity - Velocimacro : added VM includeTextEmbedding: source=/templates/macros/json/embeddings.vm
20:48:39.170 [main] DEBUG org.apache.velocity - Velocimacro : added VM includeUnknownEmbedding: source=/templates/macros/json/embeddings.vm
20:48:39.170 [main] DEBUG org.apache.velocity - ResourceManager : found /templates/macros/json/embeddings.vm with loader org.apache.velocity.runtime.resource.loader.ClasspathResourceLoader
20:48:39.172 [main] DEBUG org.apache.velocity - Velocimacro : added VM includeHooks: source=/templates/macros/json/hooks.vm
20:48:39.172 [main] DEBUG org.apache.velocity - ResourceManager : found /templates/macros/json/hooks.vm with loader org.apache.velocity.runtime.resource.loader.ClasspathResourceLoader
20:48:39.175 [main] DEBUG org.apache.velocity - Velocimacro : added VM includeOutput: source=/templates/macros/json/output.vm
20:48:39.175 [main] DEBUG org.apache.velocity - ResourceManager : found /templates/macros/json/output.vm with loader org.apache.velocity.runtime.resource.loader.ClasspathResourceLoader
20:48:39.178 [main] DEBUG org.apache.velocity - Velocimacro : added VM includeMessage: source=/templates/macros/json/message.vm
20:48:39.178 [main] DEBUG org.apache.velocity - ResourceManager : found /templates/macros/json/message.vm with loader org.apache.velocity.runtime.resource.loader.ClasspathResourceLoader
20:48:39.180 [main] DEBUG org.apache.velocity - Velocimacro : added VM includeSteps: source=/templates/macros/json/steps.vm
20:48:39.180 [main] DEBUG org.apache.velocity - ResourceManager : found /templates/macros/json/steps.vm with loader org.apache.velocity.runtime.resource.loader.ClasspathResourceLoader
20:48:39.181 [main] DEBUG org.apache.velocity - Velocimacro : added VM includeTags: source=/templates/macros/json/tags.vm
20:48:39.181 [main] DEBUG org.apache.velocity - ResourceManager : found /templates/macros/json/tags.vm with loader org.apache.velocity.runtime.resource.loader.ClasspathResourceLoader
20:48:39.182 [main] DEBUG org.apache.velocity - VM #includeNavigation: too few arguments to macro. Wanted 1 got 0
20:48:39.182 [main] DEBUG org.apache.velocity - Left side ($active_tab) of '==' operation has null value. If it is a reference, it may not be in the context or its toString() returned null. /templates/macros/page/navigation.vm[line 14, column 51]
20:48:39.182 [main] DEBUG org.apache.velocity - Left side ($active_tab) of '==' operation has null value. If it is a reference, it may not be in the context or its toString() returned null. /templates/macros/page/navigation.vm[line 15, column 51]
20:48:39.182 [main] DEBUG org.apache.velocity - Left side ($active_tab) of '==' operation has null value. If it is a reference, it may not be in the context or its toString() returned null. /templates/macros/page/navigation.vm[line 16, column 51]
20:48:39.182 [main] DEBUG org.apache.velocity - Left side ($active_tab) of '==' operation has null value. If it is a reference, it may not be in the context or its toString() returned null. /templates/macros/page/navigation.vm[line 20, column 51]
20:48:39.182 [main] DEBUG org.apache.velocity - VM #includeLead: too few arguments to macro. Wanted 2 got 1
20:48:39.186 [main] DEBUG org.apache.velocity - VM #includeBrief: too few arguments to macro. Wanted 5 got 4
20:48:39.187 [main] DEBUG org.apache.velocity - VM #includeBrief: too few arguments to macro. Wanted 5 got 4
20:48:39.203 [main] DEBUG org.apache.velocity - ResourceManager : found /templates/footer.vm with loader org.apache.velocity.runtime.resource.loader.ClasspathResourceLoader
20:48:39.206 [main] DEBUG org.apache.velocity - ResourceManager : found templates/generators/overviewSteps.vm with loader org.apache.velocity.runtime.resource.loader.ClasspathResourceLoader
20:48:39.211 [main] DEBUG org.apache.velocity - ResourceManager : found /templates/headers.vm with loader org.apache.velocity.runtime.resource.loader.ClasspathResourceLoader
20:48:39.212 [main] DEBUG org.apache.velocity - ResourceManager : found /templates/head.vm with loader org.apache.velocity.runtime.resource.loader.ClasspathResourceLoader
20:48:39.213 [main] DEBUG org.apache.velocity - Velocimacro : added VM stringArray: source=/templates/macros/array.js.vm
20:48:39.213 [main] DEBUG org.apache.velocity - Velocimacro : added VM numberArray: source=/templates/macros/array.js.vm
20:48:39.213 [main] DEBUG org.apache.velocity - ResourceManager : found /templates/macros/array.js.vm with loader org.apache.velocity.runtime.resource.loader.ClasspathResourceLoader
20:48:39.215 [main] DEBUG org.apache.velocity - Velocimacro : added VM includeBuildInfo: source=/templates/macros/page/buildinfo.vm
20:48:39.215 [main] DEBUG org.apache.velocity - ResourceManager : found /templates/macros/page/buildinfo.vm with loader org.apache.velocity.runtime.resource.loader.ClasspathResourceLoader
20:48:39.216 [main] DEBUG org.apache.velocity - Velocimacro : added VM includeClassifications: source=/templates/macros/page/classifications.vm
20:48:39.216 [main] DEBUG org.apache.velocity - ResourceManager : found /templates/macros/page/classifications.vm with loader org.apache.velocity.runtime.resource.loader.ClasspathResourceLoader
20:48:39.218 [main] DEBUG org.apache.velocity - Velocimacro : added VM includeLead: source=/templates/macros/page/lead.vm
20:48:39.218 [main] DEBUG org.apache.velocity - ResourceManager : found /templates/macros/page/lead.vm with loader org.apache.velocity.runtime.resource.loader.ClasspathResourceLoader
20:48:39.220 [main] DEBUG org.apache.velocity - Velocimacro : added VM includeNavigation: source=/templates/macros/page/navigation.vm
20:48:39.220 [main] DEBUG org.apache.velocity - ResourceManager : found /templates/macros/page/navigation.vm with loader org.apache.velocity.runtime.resource.loader.ClasspathResourceLoader
20:48:39.221 [main] DEBUG org.apache.velocity - Velocimacro : added VM includeReportInfo: source=/templates/macros/page/reportInfo.vm
20:48:39.221 [main] DEBUG org.apache.velocity - ResourceManager : found /templates/macros/page/reportInfo.vm with loader org.apache.velocity.runtime.resource.loader.ClasspathResourceLoader
20:48:39.222 [main] DEBUG org.apache.velocity - Velocimacro : added VM includeTitle: source=/templates/macros/page/title.vm
20:48:39.222 [main] DEBUG org.apache.velocity - ResourceManager : found /templates/macros/page/title.vm with loader org.apache.velocity.runtime.resource.loader.ClasspathResourceLoader
20:48:39.224 [main] DEBUG org.apache.velocity - Velocimacro : added VM includeExpandingButtons: source=/templates/macros/report/expandAllButtons.vm
20:48:39.226 [main] DEBUG org.apache.velocity - ResourceManager : found /templates/macros/report/expandAllButtons.vm with loader org.apache.velocity.runtime.resource.loader.ClasspathResourceLoader
20:48:39.229 [main] DEBUG org.apache.velocity - Velocimacro : added VM includeReportTable: source=/templates/macros/report/reportTable.vm
20:48:39.229 [main] DEBUG org.apache.velocity - ResourceManager : found /templates/macros/report/reportTable.vm with loader org.apache.velocity.runtime.resource.loader.ClasspathResourceLoader
20:48:39.230 [main] DEBUG org.apache.velocity - Velocimacro : added VM includeReportHeader: source=/templates/macros/report/reportHeader.vm
20:48:39.230 [main] DEBUG org.apache.velocity - ResourceManager : found /templates/macros/report/reportHeader.vm with loader org.apache.velocity.runtime.resource.loader.ClasspathResourceLoader
20:48:39.232 [main] DEBUG org.apache.velocity - Velocimacro : added VM includeStatsTable: source=/templates/macros/report/statsTable.vm
20:48:39.233 [main] DEBUG org.apache.velocity - ResourceManager : found /templates/macros/report/statsTable.vm with loader org.apache.velocity.runtime.resource.loader.ClasspathResourceLoader
20:48:39.234 [main] DEBUG org.apache.velocity - Velocimacro : added VM includeBrief: source=/templates/macros/json/brief.vm
20:48:39.234 [main] DEBUG org.apache.velocity - ResourceManager : found /templates/macros/json/brief.vm with loader org.apache.velocity.runtime.resource.loader.ClasspathResourceLoader
20:48:39.235 [main] DEBUG org.apache.velocity - Velocimacro : added VM includeDocString: source=/templates/macros/json/docstring.vm
20:48:39.235 [main] DEBUG org.apache.velocity - ResourceManager : found /templates/macros/json/docstring.vm with loader org.apache.velocity.runtime.resource.loader.ClasspathResourceLoader
20:48:39.236 [main] DEBUG org.apache.velocity - Velocimacro : added VM includeDuration: source=/templates/macros/json/duration.vm
20:48:39.236 [main] DEBUG org.apache.velocity - ResourceManager : found /templates/macros/json/duration.vm with loader org.apache.velocity.runtime.resource.loader.ClasspathResourceLoader
20:48:39.237 [main] DEBUG org.apache.velocity - Velocimacro : added VM includeElement: source=/templates/macros/json/element.vm
20:48:39.237 [main] DEBUG org.apache.velocity - ResourceManager : found /templates/macros/json/element.vm with loader org.apache.velocity.runtime.resource.loader.ClasspathResourceLoader
20:48:39.239 [main] DEBUG org.apache.velocity - Velocimacro : added VM includeEmbeddings: source=/templates/macros/json/embeddings.vm
20:48:39.241 [main] DEBUG org.apache.velocity - Velocimacro : added VM includeHtmlEmbedding: source=/templates/macros/json/embeddings.vm
20:48:39.242 [main] DEBUG org.apache.velocity - Velocimacro : added VM includeImageEmbedding: source=/templates/macros/json/embeddings.vm
20:48:39.242 [main] DEBUG org.apache.velocity - Velocimacro : added VM includeImageReferenceEmbedding: source=/templates/macros/json/embeddings.vm
20:48:39.243 [main] DEBUG org.apache.velocity - Velocimacro : added VM includeTextEmbedding: source=/templates/macros/json/embeddings.vm
20:48:39.243 [main] DEBUG org.apache.velocity - Velocimacro : added VM includeUnknownEmbedding: source=/templates/macros/json/embeddings.vm
20:48:39.243 [main] DEBUG org.apache.velocity - ResourceManager : found /templates/macros/json/embeddings.vm with loader org.apache.velocity.runtime.resource.loader.ClasspathResourceLoader
20:48:39.245 [main] DEBUG org.apache.velocity - Velocimacro : added VM includeHooks: source=/templates/macros/json/hooks.vm
20:48:39.246 [main] DEBUG org.apache.velocity - ResourceManager : found /templates/macros/json/hooks.vm with loader org.apache.velocity.runtime.resource.loader.ClasspathResourceLoader
20:48:39.247 [main] DEBUG org.apache.velocity - Velocimacro : added VM includeOutput: source=/templates/macros/json/output.vm
20:48:39.247 [main] DEBUG org.apache.velocity - ResourceManager : found /templates/macros/json/output.vm with loader org.apache.velocity.runtime.resource.loader.ClasspathResourceLoader
20:48:39.248 [main] DEBUG org.apache.velocity - Velocimacro : added VM includeMessage: source=/templates/macros/json/message.vm
20:48:39.248 [main] DEBUG org.apache.velocity - ResourceManager : found /templates/macros/json/message.vm with loader org.apache.velocity.runtime.resource.loader.ClasspathResourceLoader
20:48:39.250 [main] DEBUG org.apache.velocity - Velocimacro : added VM includeSteps: source=/templates/macros/json/steps.vm
20:48:39.250 [main] DEBUG org.apache.velocity - ResourceManager : found /templates/macros/json/steps.vm with loader org.apache.velocity.runtime.resource.loader.ClasspathResourceLoader
20:48:39.251 [main] DEBUG org.apache.velocity - Velocimacro : added VM includeTags: source=/templates/macros/json/tags.vm
20:48:39.251 [main] DEBUG org.apache.velocity - ResourceManager : found /templates/macros/json/tags.vm with loader org.apache.velocity.runtime.resource.loader.ClasspathResourceLoader
20:48:39.255 [main] DEBUG org.apache.velocity - ResourceManager : found /templates/footer.vm with loader org.apache.velocity.runtime.resource.loader.ClasspathResourceLoader
20:48:39.260 [main] DEBUG org.apache.velocity - ResourceManager : found templates/generators/overviewFailures.vm with loader org.apache.velocity.runtime.resource.loader.ClasspathResourceLoader
20:48:39.263 [main] DEBUG org.apache.velocity - ResourceManager : found /templates/headers.vm with loader org.apache.velocity.runtime.resource.loader.ClasspathResourceLoader
20:48:39.264 [main] DEBUG org.apache.velocity - ResourceManager : found /templates/head.vm with loader org.apache.velocity.runtime.resource.loader.ClasspathResourceLoader
20:48:39.265 [main] DEBUG org.apache.velocity - Velocimacro : added VM stringArray: source=/templates/macros/array.js.vm
20:48:39.265 [main] DEBUG org.apache.velocity - Velocimacro : added VM numberArray: source=/templates/macros/array.js.vm
20:48:39.266 [main] DEBUG org.apache.velocity - ResourceManager : found /templates/macros/array.js.vm with loader org.apache.velocity.runtime.resource.loader.ClasspathResourceLoader
20:48:39.267 [main] DEBUG org.apache.velocity - Velocimacro : added VM includeBuildInfo: source=/templates/macros/page/buildinfo.vm
20:48:39.267 [main] DEBUG org.apache.velocity - ResourceManager : found /templates/macros/page/buildinfo.vm with loader org.apache.velocity.runtime.resource.loader.ClasspathResourceLoader
20:48:39.268 [main] DEBUG org.apache.velocity - Velocimacro : added VM includeClassifications: source=/templates/macros/page/classifications.vm
20:48:39.268 [main] DEBUG org.apache.velocity - ResourceManager : found /templates/macros/page/classifications.vm with loader org.apache.velocity.runtime.resource.loader.ClasspathResourceLoader
20:48:39.269 [main] DEBUG org.apache.velocity - Velocimacro : added VM includeLead: source=/templates/macros/page/lead.vm
20:48:39.269 [main] DEBUG org.apache.velocity - ResourceManager : found /templates/macros/page/lead.vm with loader org.apache.velocity.runtime.resource.loader.ClasspathResourceLoader
20:48:39.271 [main] DEBUG org.apache.velocity - Velocimacro : added VM includeNavigation: source=/templates/macros/page/navigation.vm
20:48:39.271 [main] DEBUG org.apache.velocity - ResourceManager : found /templates/macros/page/navigation.vm with loader org.apache.velocity.runtime.resource.loader.ClasspathResourceLoader
20:48:39.273 [main] DEBUG org.apache.velocity - Velocimacro : added VM includeReportInfo: source=/templates/macros/page/reportInfo.vm
20:48:39.274 [main] DEBUG org.apache.velocity - ResourceManager : found /templates/macros/page/reportInfo.vm with loader org.apache.velocity.runtime.resource.loader.ClasspathResourceLoader
20:48:39.277 [main] DEBUG org.apache.velocity - Velocimacro : added VM includeTitle: source=/templates/macros/page/title.vm
20:48:39.277 [main] DEBUG org.apache.velocity - ResourceManager : found /templates/macros/page/title.vm with loader org.apache.velocity.runtime.resource.loader.ClasspathResourceLoader
20:48:39.278 [main] DEBUG org.apache.velocity - Velocimacro : added VM includeExpandingButtons: source=/templates/macros/report/expandAllButtons.vm
20:48:39.278 [main] DEBUG org.apache.velocity - ResourceManager : found /templates/macros/report/expandAllButtons.vm with loader org.apache.velocity.runtime.resource.loader.ClasspathResourceLoader
20:48:39.280 [main] DEBUG org.apache.velocity - Velocimacro : added VM includeReportTable: source=/templates/macros/report/reportTable.vm
20:48:39.280 [main] DEBUG org.apache.velocity - ResourceManager : found /templates/macros/report/reportTable.vm with loader org.apache.velocity.runtime.resource.loader.ClasspathResourceLoader
20:48:39.282 [main] DEBUG org.apache.velocity - Velocimacro : added VM includeReportHeader: source=/templates/macros/report/reportHeader.vm
20:48:39.282 [main] DEBUG org.apache.velocity - ResourceManager : found /templates/macros/report/reportHeader.vm with loader org.apache.velocity.runtime.resource.loader.ClasspathResourceLoader
20:48:39.285 [main] DEBUG org.apache.velocity - Velocimacro : added VM includeStatsTable: source=/templates/macros/report/statsTable.vm
20:48:39.285 [main] DEBUG org.apache.velocity - ResourceManager : found /templates/macros/report/statsTable.vm with loader org.apache.velocity.runtime.resource.loader.ClasspathResourceLoader
20:48:39.286 [main] DEBUG org.apache.velocity - Velocimacro : added VM includeBrief: source=/templates/macros/json/brief.vm
20:48:39.286 [main] DEBUG org.apache.velocity - ResourceManager : found /templates/macros/json/brief.vm with loader org.apache.velocity.runtime.resource.loader.ClasspathResourceLoader
20:48:39.288 [main] DEBUG org.apache.velocity - Velocimacro : added VM includeDocString: source=/templates/macros/json/docstring.vm
20:48:39.288 [main] DEBUG org.apache.velocity - ResourceManager : found /templates/macros/json/docstring.vm with loader org.apache.velocity.runtime.resource.loader.ClasspathResourceLoader
20:48:39.289 [main] DEBUG org.apache.velocity - Velocimacro : added VM includeDuration: source=/templates/macros/json/duration.vm
20:48:39.289 [main] DEBUG org.apache.velocity - ResourceManager : found /templates/macros/json/duration.vm with loader org.apache.velocity.runtime.resource.loader.ClasspathResourceLoader
20:48:39.292 [main] DEBUG org.apache.velocity - Velocimacro : added VM includeElement: source=/templates/macros/json/element.vm
20:48:39.292 [main] DEBUG org.apache.velocity - ResourceManager : found /templates/macros/json/element.vm with loader org.apache.velocity.runtime.resource.loader.ClasspathResourceLoader
20:48:39.296 [main] DEBUG org.apache.velocity - Velocimacro : added VM includeEmbeddings: source=/templates/macros/json/embeddings.vm
20:48:39.296 [main] DEBUG org.apache.velocity - Velocimacro : added VM includeHtmlEmbedding: source=/templates/macros/json/embeddings.vm
20:48:39.296 [main] DEBUG org.apache.velocity - Velocimacro : added VM includeImageEmbedding: source=/templates/macros/json/embeddings.vm
20:48:39.296 [main] DEBUG org.apache.velocity - Velocimacro : added VM includeImageReferenceEmbedding: source=/templates/macros/json/embeddings.vm
20:48:39.296 [main] DEBUG org.apache.velocity - Velocimacro : added VM includeTextEmbedding: source=/templates/macros/json/embeddings.vm
20:48:39.296 [main] DEBUG org.apache.velocity - Velocimacro : added VM includeUnknownEmbedding: source=/templates/macros/json/embeddings.vm
20:48:39.296 [main] DEBUG org.apache.velocity - ResourceManager : found /templates/macros/json/embeddings.vm with loader org.apache.velocity.runtime.resource.loader.ClasspathResourceLoader
20:48:39.298 [main] DEBUG org.apache.velocity - Velocimacro : added VM includeHooks: source=/templates/macros/json/hooks.vm
20:48:39.298 [main] DEBUG org.apache.velocity - ResourceManager : found /templates/macros/json/hooks.vm with loader org.apache.velocity.runtime.resource.loader.ClasspathResourceLoader
20:48:39.300 [main] DEBUG org.apache.velocity - Velocimacro : added VM includeOutput: source=/templates/macros/json/output.vm
20:48:39.300 [main] DEBUG org.apache.velocity - ResourceManager : found /templates/macros/json/output.vm with loader org.apache.velocity.runtime.resource.loader.ClasspathResourceLoader
20:48:39.301 [main] DEBUG org.apache.velocity - Velocimacro : added VM includeMessage: source=/templates/macros/json/message.vm
20:48:39.301 [main] DEBUG org.apache.velocity - ResourceManager : found /templates/macros/json/message.vm with loader org.apache.velocity.runtime.resource.loader.ClasspathResourceLoader
20:48:39.304 [main] DEBUG org.apache.velocity - Velocimacro : added VM includeSteps: source=/templates/macros/json/steps.vm
20:48:39.304 [main] DEBUG org.apache.velocity - ResourceManager : found /templates/macros/json/steps.vm with loader org.apache.velocity.runtime.resource.loader.ClasspathResourceLoader
20:48:39.305 [main] DEBUG org.apache.velocity - Velocimacro : added VM includeTags: source=/templates/macros/json/tags.vm
20:48:39.305 [main] DEBUG org.apache.velocity - ResourceManager : found /templates/macros/json/tags.vm with loader org.apache.velocity.runtime.resource.loader.ClasspathResourceLoader
20:48:39.308 [main] DEBUG org.apache.velocity - ResourceManager : found /templates/footer.vm with loader org.apache.velocity.runtime.resource.loader.ClasspathResourceLoader
Parallel Run
]]></system-out>
    <system-err><![CDATA[ERROR StatusLogger No log4j2 configuration file found. Using default configuration: logging only errors to the console.
]]></system-err>
  </testcase>
</testsuite>