<?xml version="1.0" encoding="UTF-8"?>
<testsuite xmlns:xsi="http://www.w3.org/2001/XMLSchema-instance" xsi:noNamespaceSchemaLocation="https://maven.apache.org/surefire/maven-surefire-plugin/xsd/surefire-test-report-3.0.xsd" version="3.0" name="Karate.KarateScripts.APIRunnerTest" time="56.492" tests="1" errors="0" skipped="0" failures="1">
  <properties>
    <property name="sun.desktop" value="windows"/>
    <property name="awt.toolkit" value="sun.awt.windows.WToolkit"/>
    <property name="file.encoding.pkg" value="sun.io"/>
    <property name="java.specification.version" value="1.8"/>
    <property name="sun.cpu.isalist" value="amd64"/>
    <property name="sun.jnu.encoding" value="Cp1252"/>
    <property name="java.class.path" value="D:\test selinum projects\KarateScripts\target\test-classes;D:\test selinum projects\KarateScripts\target\classes;C:\Users\irgigt\.m2\repository\com\intuit\karate\karate-apache\0.9.5\karate-apache-0.9.5.jar;C:\Users\irgigt\.m2\repository\com\intuit\karate\karate-core\0.9.5\karate-core-0.9.5.jar;C:\Users\irgigt\.m2\repository\com\jayway\jsonpath\json-path\2.4.0\json-path-2.4.0.jar;C:\Users\irgigt\.m2\repository\net\minidev\json-smart\2.3\json-smart-2.3.jar;C:\Users\irgigt\.m2\repository\net\minidev\accessors-smart\1.2\accessors-smart-1.2.jar;C:\Users\irgigt\.m2\repository\org\ow2\asm\asm\5.0.4\asm-5.0.4.jar;C:\Users\irgigt\.m2\repository\info\cukes\cucumber-java\1.2.5\cucumber-java-1.2.5.jar;C:\Users\irgigt\.m2\repository\info\cukes\cucumber-core\1.2.5\cucumber-core-1.2.5.jar;C:\Users\irgigt\.m2\repository\org\yaml\snakeyaml\1.24\snakeyaml-1.24.jar;C:\Users\irgigt\.m2\repository\de\siegmar\fastcsv\1.0.3\fastcsv-1.0.3.jar;C:\Users\irgigt\.m2\repository\info\picocli\picocli\4.0.3\picocli-4.0.3.jar;C:\Users\irgigt\.m2\repository\org\apache\httpcomponents\httpclient\4.5.11\httpclient-4.5.11.jar;C:\Users\irgigt\.m2\repository\org\apache\httpcomponents\httpcore\4.4.13\httpcore-4.4.13.jar;C:\Users\irgigt\.m2\repository\commons-codec\commons-codec\1.11\commons-codec-1.11.jar;C:\Users\irgigt\.m2\repository\org\apache\httpcomponents\httpmime\4.5.11\httpmime-4.5.11.jar;C:\Users\irgigt\.m2\repository\org\slf4j\jcl-over-slf4j\1.7.25\jcl-over-slf4j-1.7.25.jar;C:\Users\irgigt\.m2\repository\org\slf4j\slf4j-api\1.7.25\slf4j-api-1.7.25.jar;C:\Users\irgigt\.m2\repository\ch\qos\logback\logback-classic\1.2.3\logback-classic-1.2.3.jar;C:\Users\irgigt\.m2\repository\ch\qos\logback\logback-core\1.2.3\logback-core-1.2.3.jar;C:\Users\irgigt\.m2\repository\com\intuit\karate\karate-junit4\0.9.5\karate-junit4-0.9.5.jar;C:\Users\irgigt\.m2\repository\junit\junit\4.12\junit-4.12.jar;C:\Users\irgigt\.m2\repository\org\hamcrest\hamcrest-core\1.3\hamcrest-core-1.3.jar;C:\Users\irgigt\.m2\repository\net\masterthought\cucumber-reporting\3.8.0\cucumber-reporting-3.8.0.jar;C:\Users\irgigt\.m2\repository\org\apache\logging\log4j\log4j-api\2.6\log4j-api-2.6.jar;C:\Users\irgigt\.m2\repository\org\apache\logging\log4j\log4j-core\2.6\log4j-core-2.6.jar;C:\Users\irgigt\.m2\repository\com\fasterxml\jackson\core\jackson-databind\2.8.5\jackson-databind-2.8.5.jar;C:\Users\irgigt\.m2\repository\com\fasterxml\jackson\core\jackson-annotations\2.8.0\jackson-annotations-2.8.0.jar;C:\Users\irgigt\.m2\repository\com\fasterxml\jackson\core\jackson-core\2.8.5\jackson-core-2.8.5.jar;C:\Users\irgigt\.m2\repository\org\apache\velocity\velocity\1.7\velocity-1.7.jar;C:\Users\irgigt\.m2\repository\commons-collections\commons-collections\3.2.1\commons-collections-3.2.1.jar;C:\Users\irgigt\.m2\repository\commons-lang\commons-lang\2.4\commons-lang-2.4.jar;C:\Users\irgigt\.m2\repository\velocity-tools\velocity-tools\1.4\velocity-tools-1.4.jar;C:\Users\irgigt\.m2\repository\joda-time\joda-time\2.9.6\joda-time-2.9.6.jar;C:\Users\irgigt\.m2\repository\org\apache\commons\commons-lang3\3.5\commons-lang3-3.5.jar;C:\Users\irgigt\.m2\repository\commons-io\commons-io\2.5\commons-io-2.5.jar;C:\Users\irgigt\.m2\repository\net\lingala\zip4j\zip4j\1.3.2\zip4j-1.3.2.jar;C:\Users\irgigt\.m2\repository\org\codehaus\plexus\plexus-utils\3.0.24\plexus-utils-3.0.24.jar;C:\Users\irgigt\.m2\repository\org\jsoup\jsoup\1.10.1\jsoup-1.10.1.jar;C:\Users\irgigt\.m2\repository\com\googlecode\owasp-java-html-sanitizer\owasp-java-html-sanitizer\20160924.1\owasp-java-html-sanitizer-20160924.1.jar;C:\Users\irgigt\.m2\repository\com\google\guava\guava\20.0\guava-20.0.jar;C:\Users\irgigt\.m2\repository\org\testng\testng\7.4.0\testng-7.4.0.jar;C:\Users\irgigt\.m2\repository\com\beust\jcommander\1.78\jcommander-1.78.jar;C:\Users\irgigt\.m2\repository\org\webjars\jquery\3.5.1\jquery-3.5.1.jar;"/>
    <property name="java.vm.vendor" value="Oracle Corporation"/>
    <property name="sun.arch.data.model" value="64"/>
    <property name="user.variant" value=""/>
    <property name="java.vendor.url" value="http://java.oracle.com/"/>
    <property name="user.timezone" value="Asia/Calcutta"/>
    <property name="java.vm.specification.version" value="1.8"/>
    <property name="os.name" value="Windows 10"/>
    <property name="user.country" value="US"/>
    <property name="sun.java.launcher" value="SUN_STANDARD"/>
    <property name="sun.boot.library.path" value="C:\Program Files\Java\jdk1.8.0_121\jre\bin"/>
    <property name="sun.java.command" value="C:\Users\irgigt\AppData\Local\Temp\surefire2689232134469269312\surefirebooter7244581751993738530.jar C:\Users\irgigt\AppData\Local\Temp\surefire2689232134469269312 2021-09-13T21-17-15_473-jvmRun1 surefire3299867974824117338tmp surefire_07251178455396544598tmp"/>
    <property name="test" value="APIRunnerTest"/>
    <property name="surefire.test.class.path" value="D:\test selinum projects\KarateScripts\target\test-classes;D:\test selinum projects\KarateScripts\target\classes;C:\Users\irgigt\.m2\repository\com\intuit\karate\karate-apache\0.9.5\karate-apache-0.9.5.jar;C:\Users\irgigt\.m2\repository\com\intuit\karate\karate-core\0.9.5\karate-core-0.9.5.jar;C:\Users\irgigt\.m2\repository\com\jayway\jsonpath\json-path\2.4.0\json-path-2.4.0.jar;C:\Users\irgigt\.m2\repository\net\minidev\json-smart\2.3\json-smart-2.3.jar;C:\Users\irgigt\.m2\repository\net\minidev\accessors-smart\1.2\accessors-smart-1.2.jar;C:\Users\irgigt\.m2\repository\org\ow2\asm\asm\5.0.4\asm-5.0.4.jar;C:\Users\irgigt\.m2\repository\info\cukes\cucumber-java\1.2.5\cucumber-java-1.2.5.jar;C:\Users\irgigt\.m2\repository\info\cukes\cucumber-core\1.2.5\cucumber-core-1.2.5.jar;C:\Users\irgigt\.m2\repository\org\yaml\snakeyaml\1.24\snakeyaml-1.24.jar;C:\Users\irgigt\.m2\repository\de\siegmar\fastcsv\1.0.3\fastcsv-1.0.3.jar;C:\Users\irgigt\.m2\repository\info\picocli\picocli\4.0.3\picocli-4.0.3.jar;C:\Users\irgigt\.m2\repository\org\apache\httpcomponents\httpclient\4.5.11\httpclient-4.5.11.jar;C:\Users\irgigt\.m2\repository\org\apache\httpcomponents\httpcore\4.4.13\httpcore-4.4.13.jar;C:\Users\irgigt\.m2\repository\commons-codec\commons-codec\1.11\commons-codec-1.11.jar;C:\Users\irgigt\.m2\repository\org\apache\httpcomponents\httpmime\4.5.11\httpmime-4.5.11.jar;C:\Users\irgigt\.m2\repository\org\slf4j\jcl-over-slf4j\1.7.25\jcl-over-slf4j-1.7.25.jar;C:\Users\irgigt\.m2\repository\org\slf4j\slf4j-api\1.7.25\slf4j-api-1.7.25.jar;C:\Users\irgigt\.m2\repository\ch\qos\logback\logback-classic\1.2.3\logback-classic-1.2.3.jar;C:\Users\irgigt\.m2\repository\ch\qos\logback\logback-core\1.2.3\logback-core-1.2.3.jar;C:\Users\irgigt\.m2\repository\com\intuit\karate\karate-junit4\0.9.5\karate-junit4-0.9.5.jar;C:\Users\irgigt\.m2\repository\junit\junit\4.12\junit-4.12.jar;C:\Users\irgigt\.m2\repository\org\hamcrest\hamcrest-core\1.3\hamcrest-core-1.3.jar;C:\Users\irgigt\.m2\repository\net\masterthought\cucumber-reporting\3.8.0\cucumber-reporting-3.8.0.jar;C:\Users\irgigt\.m2\repository\org\apache\logging\log4j\log4j-api\2.6\log4j-api-2.6.jar;C:\Users\irgigt\.m2\repository\org\apache\logging\log4j\log4j-core\2.6\log4j-core-2.6.jar;C:\Users\irgigt\.m2\repository\com\fasterxml\jackson\core\jackson-databind\2.8.5\jackson-databind-2.8.5.jar;C:\Users\irgigt\.m2\repository\com\fasterxml\jackson\core\jackson-annotations\2.8.0\jackson-annotations-2.8.0.jar;C:\Users\irgigt\.m2\repository\com\fasterxml\jackson\core\jackson-core\2.8.5\jackson-core-2.8.5.jar;C:\Users\irgigt\.m2\repository\org\apache\velocity\velocity\1.7\velocity-1.7.jar;C:\Users\irgigt\.m2\repository\commons-collections\commons-collections\3.2.1\commons-collections-3.2.1.jar;C:\Users\irgigt\.m2\repository\commons-lang\commons-lang\2.4\commons-lang-2.4.jar;C:\Users\irgigt\.m2\repository\velocity-tools\velocity-tools\1.4\velocity-tools-1.4.jar;C:\Users\irgigt\.m2\repository\joda-time\joda-time\2.9.6\joda-time-2.9.6.jar;C:\Users\irgigt\.m2\repository\org\apache\commons\commons-lang3\3.5\commons-lang3-3.5.jar;C:\Users\irgigt\.m2\repository\commons-io\commons-io\2.5\commons-io-2.5.jar;C:\Users\irgigt\.m2\repository\net\lingala\zip4j\zip4j\1.3.2\zip4j-1.3.2.jar;C:\Users\irgigt\.m2\repository\org\codehaus\plexus\plexus-utils\3.0.24\plexus-utils-3.0.24.jar;C:\Users\irgigt\.m2\repository\org\jsoup\jsoup\1.10.1\jsoup-1.10.1.jar;C:\Users\irgigt\.m2\repository\com\googlecode\owasp-java-html-sanitizer\owasp-java-html-sanitizer\20160924.1\owasp-java-html-sanitizer-20160924.1.jar;C:\Users\irgigt\.m2\repository\com\google\guava\guava\20.0\guava-20.0.jar;C:\Users\irgigt\.m2\repository\org\testng\testng\7.4.0\testng-7.4.0.jar;C:\Users\irgigt\.m2\repository\com\beust\jcommander\1.78\jcommander-1.78.jar;C:\Users\irgigt\.m2\repository\org\webjars\jquery\3.5.1\jquery-3.5.1.jar;"/>
    <property name="sun.cpu.endian" value="little"/>
    <property name="user.home" value="C:\Users\irgigt"/>
    <property name="user.language" value="en"/>
    <property name="java.specification.vendor" value="Oracle Corporation"/>
    <property name="java.home" value="C:\Program Files\Java\jdk1.8.0_121\jre"/>
    <property name="basedir" value="D:\test selinum projects\KarateScripts"/>
    <property name="file.separator" value="\"/>
    <property name="line.separator" value="&#10;"/>
    <property name="java.vm.specification.vendor" value="Oracle Corporation"/>
    <property name="java.specification.name" value="Java Platform API Specification"/>
    <property name="java.awt.graphicsenv" value="sun.awt.Win32GraphicsEnvironment"/>
    <property name="surefire.real.class.path" value="C:\Users\irgigt\AppData\Local\Temp\surefire2689232134469269312\surefirebooter7244581751993738530.jar"/>
    <property name="sun.boot.class.path" value="C:\Program Files\Java\jdk1.8.0_121\jre\lib\resources.jar;C:\Program Files\Java\jdk1.8.0_121\jre\lib\rt.jar;C:\Program Files\Java\jdk1.8.0_121\jre\lib\sunrsasign.jar;C:\Program Files\Java\jdk1.8.0_121\jre\lib\jsse.jar;C:\Program Files\Java\jdk1.8.0_121\jre\lib\jce.jar;C:\Program Files\Java\jdk1.8.0_121\jre\lib\charsets.jar;C:\Program Files\Java\jdk1.8.0_121\jre\lib\jfr.jar;C:\Program Files\Java\jdk1.8.0_121\jre\classes"/>
    <property name="user.script" value=""/>
    <property name="sun.management.compiler" value="HotSpot 64-Bit Tiered Compilers"/>
    <property name="java.runtime.version" value="1.8.0_121-b13"/>
    <property name="user.name" value="irgigt"/>
    <property name="path.separator" value=";"/>
    <property name="os.version" value="10.0"/>
    <property name="java.endorsed.dirs" value="C:\Program Files\Java\jdk1.8.0_121\jre\lib\endorsed"/>
    <property name="java.runtime.name" value="Java(TM) SE Runtime Environment"/>
    <property name="file.encoding" value="Cp1252"/>
    <property name="java.vm.name" value="Java HotSpot(TM) 64-Bit Server VM"/>
    <property name="localRepository" value="C:\Users\irgigt\.m2\repository"/>
    <property name="java.vendor.url.bug" value="http://bugreport.sun.com/bugreport/"/>
    <property name="java.io.tmpdir" value="C:\Users\irgigt\AppData\Local\Temp\"/>
    <property name="java.version" value="1.8.0_121"/>
    <property name="user.dir" value="D:\test selinum projects\KarateScripts"/>
    <property name="os.arch" value="amd64"/>
    <property name="java.vm.specification.name" value="Java Virtual Machine Specification"/>
    <property name="java.awt.printerjob" value="sun.awt.windows.WPrinterJob"/>
    <property name="sun.os.patch.level" value=""/>
    <property name="java.library.path" value="C:\Program Files\Java\jdk1.8.0_121\jre\bin;C:\WINDOWS\Sun\Java\bin;C:\WINDOWS\system32;C:\WINDOWS;C:\Python3_8\Scripts\;C:\Python3_8\;C:\ProgramData\Oracle\Java\javapath;C:\WINDOWS\system32;C:\WINDOWS;C:\WINDOWS\System32\Wbem;C:\WINDOWS\System32\WindowsPowerShell\v1.0\;C:\WINDOWS\System32\OpenSSH\;C:\Users\irgigt\AppData\Local\Programs\Python\Python38-32;C:\Program Files\Microsoft SQL Server\130\Tools\Binn\;C:\Program Files\TortoiseGit\bin;C:\Program Files\Git\cmd;C:\Program Files\TortoiseSVN\bin;C:\Program Files\nodejs\;C:\Program Files (x86)\Microsoft SQL Server\150\DTS\Binn\;C:\Program Files\Azure Data Studio\bin;C:\Users\irgigt\AppData\Local\Android\Sdk\tools\bin;C:\Users\irgigt\AppData\Local\Android\Sdk\tools;C:\Users\irgigt\AppData\Local\Android\Sdk\platform-tools;C:\Program Files\nodejs\node_modules\npm\bin;C:\Users\irgigt\apache-maven-3.8.1-bin\apache-maven-3.8.1\bin;C:\Program Files\MySQL\MySQL Shell 8.0\bin\;C:\Users\irgigt\AppData\Local\Microsoft\WindowsApps;C:\Users\irgigt\AppData\Local\Programs\Microsoft VS Code\bin;C:\Users\irgigt\AppData\Roaming\npm;C:\Program Files\Azure Data Studio\bin;;."/>
    <property name="java.vm.info" value="mixed mode"/>
    <property name="java.vendor" value="Oracle Corporation"/>
    <property name="java.vm.version" value="25.121-b13"/>
    <property name="java.ext.dirs" value="C:\Program Files\Java\jdk1.8.0_121\jre\lib\ext;C:\WINDOWS\Sun\Java\lib\ext"/>
    <property name="sun.io.unicode.encoding" value="UnicodeLittle"/>
    <property name="java.class.version" value="52.0"/>
  </properties>
  <testcase name="parallelRun" classname="Karate.KarateScripts.APIRunnerTest" time="53.523">
    <failure message="failed features:&#10;resources.DetailsPost: DetailsPost.feature:44 - status code was: 401, expected: 200, response time: 1250, url: https://restdev1.tracking.thermoking.com/connected-solutions/GetCarrierVehicleList/?externalCarrierId=52D0B083-E9B7-47F6-9BAA-D22951DD1E50, response: {&quot;path&quot;:&quot;/connected-solutions/GetCarrierVehicleList/&quot;,&quot;error&quot;:&quot;Unauthorized&quot;,&quot;message&quot;:&quot;Invalid Carrier External Id&quot;,&quot;timestamp&quot;:&quot;2021-09-13T15:47:30.904+0000&quot;,&quot;status&quot;:401}&#10;DetailsPost.feature:62 - status code was: 401, expected: 200, response time: 1252, url: https://restdev1.tracking.thermoking.com/connected-solutions/StartTrip/?externalCarrierId=52D0B083-E9B7-47F6-9BAA-D22951DD1E50&amp;vehicleExtId=1100295&amp;scheduledStartTime=2021-05-19+09%3A00%3A00&amp;scheduledDeliveryTime=2021-05-19+09%3A00%3A00&amp;commodity=, response: {&quot;path&quot;:&quot;/connected-solutions/StartTrip/&quot;,&quot;error&quot;:&quot;Unauthorized&quot;,&quot;message&quot;:&quot;Invalid Carrier External Id&quot;,&quot;timestamp&quot;:&quot;2021-09-13T15:47:32.316+0000&quot;,&quot;status&quot;:401}&#10;" type="java.lang.AssertionError"><![CDATA[java.lang.AssertionError: 
failed features:
resources.DetailsPost: DetailsPost.feature:44 - status code was: 401, expected: 200, response time: 1250, url: https://restdev1.tracking.thermoking.com/connected-solutions/GetCarrierVehicleList/?externalCarrierId=52D0B083-E9B7-47F6-9BAA-D22951DD1E50, response: {"path":"/connected-solutions/GetCarrierVehicleList/","error":"Unauthorized","message":"Invalid Carrier External Id","timestamp":"2021-09-13T15:47:30.904+0000","status":401}
DetailsPost.feature:62 - status code was: 401, expected: 200, response time: 1252, url: https://restdev1.tracking.thermoking.com/connected-solutions/StartTrip/?externalCarrierId=52D0B083-E9B7-47F6-9BAA-D22951DD1E50&vehicleExtId=1100295&scheduledStartTime=2021-05-19+09%3A00%3A00&scheduledDeliveryTime=2021-05-19+09%3A00%3A00&commodity=, response: {"path":"/connected-solutions/StartTrip/","error":"Unauthorized","message":"Invalid Carrier External Id","timestamp":"2021-09-13T15:47:32.316+0000","status":401}

	at Karate.KarateScripts.APIRunnerTest.parallelRun(APIRunnerTest.java:54)
]]></failure>
    <system-out><![CDATA[This is before suite
D:\test selinum projects\KarateScripts\target\surefire-reports\new5
D:\test selinum projects\KarateScripts\target\surefire-reports\resources.DetailsPost.json
D:\test selinum projects\KarateScripts\target\surefire-reports\resources.DetailsPost.xml
D:\test selinum projects\KarateScripts\target\surefire-reports\resources.Soap.json
D:\test selinum projects\KarateScripts\target\surefire-reports\resources.Soap.xml
D:\test selinum projects\KarateScripts\target\surefire-reports\resources.TwoWAyCommands.json
D:\test selinum projects\KarateScripts\target\surefire-reports\resources.TwoWAyCommands.xml
D:\test selinum projects\KarateScripts\target\surefire-reports\results-json.txt
D:\test selinum projects\KarateScripts\target\surefire-reports\timeline.html
21:17:24.201 [main] INFO com.intuit.karate.Runner - waiting for parallel features to complete ...
21:17:24.642 [pool-2-thread-3] WARN com.intuit.karate - skipping bootstrap configuration: could not find or read file: classpath:karate-config.js
21:17:24.642 [pool-2-thread-5] WARN com.intuit.karate - skipping bootstrap configuration: could not find or read file: classpath:karate-config.js
21:17:24.642 [pool-2-thread-2] WARN com.intuit.karate - skipping bootstrap configuration: could not find or read file: classpath:karate-config.js
21:17:24.973 [pool-2-thread-5] DEBUG com.jayway.jsonpath.internal.path.CompiledPath - Evaluating path: $
21:17:24.974 [pool-2-thread-2] DEBUG com.jayway.jsonpath.internal.path.CompiledPath - Evaluating path: $
21:17:24.992 [pool-2-thread-5] DEBUG com.jayway.jsonpath.internal.path.CompiledPath - Evaluating path: $
21:17:25.033 [pool-2-thread-5] DEBUG com.jayway.jsonpath.internal.path.CompiledPath - Evaluating path: $
21:17:25.284 [pool-2-thread-5] DEBUG com.jayway.jsonpath.internal.path.CompiledPath - Evaluating path: $
21:17:27.584 [pool-2-thread-3] DEBUG com.jayway.jsonpath.internal.path.CompiledPath - Evaluating path: $
21:17:27.584 [pool-2-thread-3] INFO com.intuit.karate - >> lock acquired, begin callonce: read('FridgioAuthToken.feature')
21:17:27.621 [pool-2-thread-2] DEBUG com.jayway.jsonpath.internal.path.CompiledPath - Evaluating path: $
21:17:27.624 [pool-2-thread-2] DEBUG com.jayway.jsonpath.internal.path.CompiledPath - Evaluating path: $['X-External-ID']
21:17:27.625 [pool-2-thread-2] DEBUG com.jayway.jsonpath.internal.JsonContext - Set path $['X-External-ID'] new value 0C7FFB8E-BE9D-4B51-8D61-CA10BF4503C4
21:17:27.626 [pool-2-thread-2] DEBUG com.jayway.jsonpath.internal.path.CompiledPath - Evaluating path: $
21:17:27.629 [pool-2-thread-2] DEBUG com.jayway.jsonpath.internal.path.CompiledPath - Evaluating path: $['userName']
21:17:27.630 [pool-2-thread-2] DEBUG com.jayway.jsonpath.internal.JsonContext - Set path $['userName'] new value webservice.user214@MISSING.COM
21:17:27.634 [pool-2-thread-2] DEBUG com.jayway.jsonpath.internal.path.CompiledPath - Evaluating path: $['password']
21:17:27.635 [pool-2-thread-2] DEBUG com.jayway.jsonpath.internal.JsonContext - Set path $['password'] new value Pass@1234
21:17:27.635 [pool-2-thread-2] DEBUG com.jayway.jsonpath.internal.path.CompiledPath - Evaluating path: $
21:17:27.638 [pool-2-thread-2] DEBUG com.jayway.jsonpath.internal.path.CompiledPath - Evaluating path: $['vehicles']
21:17:27.639 [pool-2-thread-2] DEBUG com.jayway.jsonpath.internal.JsonContext - Set path $['vehicles'] new value Test Vehicle 1
21:17:27.639 [pool-2-thread-2] DEBUG com.jayway.jsonpath.internal.path.CompiledPath - Evaluating path: $
21:17:27.640 [pool-2-thread-2] INFO com.intuit.karate - >> lock acquired, begin callonce: read('TokenTwoWay.feature')
21:17:27.641 [pool-2-thread-2] DEBUG com.jayway.jsonpath.internal.path.CompiledPath - Evaluating path: $
21:17:27.647 [pool-2-thread-2] DEBUG com.jayway.jsonpath.internal.path.CompiledPath - Evaluating path: $['APIurl']
21:17:27.648 [pool-2-thread-2] DEBUG com.jayway.jsonpath.internal.JsonContext - Set path $['APIurl'] new value https://restdev1.tracking.thermoking.com/
21:17:27.656 [pool-2-thread-2] DEBUG com.jayway.jsonpath.internal.path.CompiledPath - Evaluating path: $['userName']
21:17:27.657 [pool-2-thread-2] DEBUG com.jayway.jsonpath.internal.JsonContext - Set path $['userName'] new value webservice.user214@MISSING.COM
21:17:27.657 [pool-2-thread-2] DEBUG com.jayway.jsonpath.internal.path.CompiledPath - Evaluating path: $['password']
21:17:27.658 [pool-2-thread-2] DEBUG com.jayway.jsonpath.internal.JsonContext - Set path $['password'] new value Pass@1234
21:17:27.658 [pool-2-thread-2] DEBUG com.jayway.jsonpath.internal.path.CompiledPath - Evaluating path: $['customerId']
21:17:27.659 [pool-2-thread-2] DEBUG com.jayway.jsonpath.internal.JsonContext - Set path $['customerId'] new value 0C7FFB8E-BE9D-4B51-8D61-CA10BF4503C4
21:17:27.663 [pool-2-thread-3] DEBUG com.jayway.jsonpath.internal.path.CompiledPath - Evaluating path: $
21:17:27.669 [pool-2-thread-2] DEBUG com.jayway.jsonpath.internal.path.CompiledPath - Evaluating path: $
21:17:27.669 [pool-2-thread-3] DEBUG com.jayway.jsonpath.internal.path.CompiledPath - Evaluating path: $
21:17:27.671 [pool-2-thread-3] DEBUG com.jayway.jsonpath.internal.path.CompiledPath - Evaluating path: $
21:17:27.692 [pool-2-thread-2] DEBUG com.jayway.jsonpath.internal.path.CompiledPath - Evaluating path: $
21:17:27.698 [pool-2-thread-2] DEBUG com.jayway.jsonpath.internal.path.CompiledPath - Evaluating path: $['APIurl']
21:17:27.698 [pool-2-thread-2] DEBUG com.jayway.jsonpath.internal.JsonContext - Set path $['APIurl'] new value https://restdev1.tracking.thermoking.com/
21:17:27.700 [pool-2-thread-2] DEBUG com.jayway.jsonpath.internal.path.CompiledPath - Evaluating path: $['userName']
21:17:27.700 [pool-2-thread-2] DEBUG com.jayway.jsonpath.internal.JsonContext - Set path $['userName'] new value webservice.user214@MISSING.COM
21:17:27.702 [pool-2-thread-2] DEBUG com.jayway.jsonpath.internal.path.CompiledPath - Evaluating path: $['password']
21:17:27.702 [pool-2-thread-2] DEBUG com.jayway.jsonpath.internal.JsonContext - Set path $['password'] new value Pass@1234
21:17:27.702 [pool-2-thread-2] DEBUG com.jayway.jsonpath.internal.path.CompiledPath - Evaluating path: $['customerId']
21:17:27.702 [pool-2-thread-2] DEBUG com.jayway.jsonpath.internal.JsonContext - Set path $['customerId'] new value 0C7FFB8E-BE9D-4B51-8D61-CA10BF4503C4
21:17:27.703 [pool-2-thread-2] DEBUG com.jayway.jsonpath.internal.path.CompiledPath - Evaluating path: $
21:17:27.703 [pool-2-thread-2] INFO com.intuit.karate - [print] {
  "APIurl": "https://restdev1.tracking.thermoking.com/",
  "userName": "webservice.user214@MISSING.COM",
  "password": "Pass@1234",
  "customerId": "0C7FFB8E-BE9D-4B51-8D61-CA10BF4503C4"
}

21:17:27.715 [pool-2-thread-2] DEBUG com.jayway.jsonpath.internal.path.CompiledPath - Evaluating path: $
21:17:27.715 [pool-2-thread-2] DEBUG com.jayway.jsonpath.internal.path.CompiledPath - Evaluating path: $
21:17:27.716 [pool-2-thread-2] DEBUG com.jayway.jsonpath.internal.path.CompiledPath - Evaluating path: $
21:17:27.747 [pool-2-thread-5] DEBUG org.apache.http.client.protocol.RequestAddCookies - CookieSpec selected: karate
21:17:27.747 [pool-2-thread-2] DEBUG org.apache.http.client.protocol.RequestAddCookies - CookieSpec selected: karate
21:17:27.747 [pool-2-thread-3] DEBUG org.apache.http.client.protocol.RequestAddCookies - CookieSpec selected: karate
21:17:27.766 [pool-2-thread-2] DEBUG org.apache.http.client.protocol.RequestAuthCache - Auth cache not set in the context
21:17:27.766 [pool-2-thread-3] DEBUG org.apache.http.client.protocol.RequestAuthCache - Auth cache not set in the context
21:17:27.766 [pool-2-thread-5] DEBUG org.apache.http.client.protocol.RequestAuthCache - Auth cache not set in the context
21:17:27.770 [pool-2-thread-3] DEBUG com.intuit.karate - request:
1 > POST https://restdev1.tracking.thermoking.com/connected-solutions/GetAuthToken/
1 > Accept-Encoding: gzip,deflate
1 > Connection: Keep-Alive
1 > Content-Length: 72
1 > Content-Type: application/json; charset=UTF-8
1 > Host: restdev1.tracking.thermoking.com
1 > User-Agent: Apache-HttpClient/4.5.11 (Java/1.8.0_121)
1 > X-External-ID: 5-UUvQsTkfI
{"userName":"webservice.usertp01@demosystem.com","password":"Pass@1234"}

21:17:27.770 [pool-2-thread-2] DEBUG com.intuit.karate - request:
1 > POST https://restdev1.tracking.thermoking.com/connected-solutions/obtainToken/
1 > Accept-Encoding: gzip,deflate
1 > Connection: Keep-Alive
1 > Content-Length: 68
1 > Content-Type: application/json; charset=UTF-8
1 > Host: restdev1.tracking.thermoking.com
1 > User-Agent: Apache-HttpClient/4.5.11 (Java/1.8.0_121)
1 > X-External-ID: 0C7FFB8E-BE9D-4B51-8D61-CA10BF4503C4
{"userName":"webservice.user214@MISSING.COM","password":"Pass@1234"}

21:17:27.770 [pool-2-thread-5] DEBUG com.intuit.karate - request:
1 > POST https://soap.tracking.thermoking.com/tk-webservices/Command
1 > Accept-Encoding: gzip,deflate
1 > Authorization: Basic d2Vic2VydmljZS51c2VyLmFsbC4yMTRATUlTU0lORy5DT006Z2g2MmpBST51TFB1dmxw
1 > Connection: Keep-Alive
1 > Content-Length: 649
1 > Content-Type: application/xml; charset=UTF-8
1 > Host: soap.tracking.thermoking.com
1 > SOAPAction: 
1 > User-Agent: Apache-HttpClient/4.5.11 (Java/1.8.0_121)
<soapenv:Envelope xmlns:soapenv="http://schemas.xmlsoap.org/soap/envelope/" xmlns:ser="http://service.jbossws.webservices.celtrak.com/">
    <soapenv:Header/>
    <soapenv:Body>
        <ser:updateSetPoint>
            <!--1 or more repetitions:-->
            <customerVehicles>
                <customerid>4560BD5E-BD7B-42B0-8DCB-627EB8454C72</customerid>
                <!--1 or more repetitions:-->
                <vehicles>Bluebox India 2</vehicles>
            </customerVehicles>
            <zoneId>1</zoneId>
            <setPointValue>-2</setPointValue>
        </ser:updateSetPoint>
    </soapenv:Body>
</soapenv:Envelope>

21:17:27.774 [pool-2-thread-3] DEBUG org.apache.http.impl.conn.PoolingHttpClientConnectionManager - Connection request: [route: {s}->https://restdev1.tracking.thermoking.com:443][total available: 0; route allocated: 0 of 5; total allocated: 0 of 10]
21:17:27.774 [pool-2-thread-2] DEBUG org.apache.http.impl.conn.PoolingHttpClientConnectionManager - Connection request: [route: {s}->https://restdev1.tracking.thermoking.com:443][total available: 0; route allocated: 0 of 5; total allocated: 0 of 10]
21:17:27.774 [pool-2-thread-5] DEBUG org.apache.http.impl.conn.PoolingHttpClientConnectionManager - Connection request: [route: {s}->https://soap.tracking.thermoking.com:443][total available: 0; route allocated: 0 of 5; total allocated: 0 of 10]
21:17:27.803 [pool-2-thread-3] DEBUG org.apache.http.impl.conn.PoolingHttpClientConnectionManager - Connection leased: [id: 0][route: {s}->https://restdev1.tracking.thermoking.com:443][total available: 0; route allocated: 1 of 5; total allocated: 1 of 10]
21:17:27.803 [pool-2-thread-2] DEBUG org.apache.http.impl.conn.PoolingHttpClientConnectionManager - Connection leased: [id: 1][route: {s}->https://restdev1.tracking.thermoking.com:443][total available: 0; route allocated: 1 of 5; total allocated: 1 of 10]
21:17:27.803 [pool-2-thread-5] DEBUG org.apache.http.impl.conn.PoolingHttpClientConnectionManager - Connection leased: [id: 2][route: {s}->https://soap.tracking.thermoking.com:443][total available: 0; route allocated: 1 of 5; total allocated: 1 of 10]
21:17:27.807 [pool-2-thread-3] DEBUG org.apache.http.impl.execchain.MainClientExec - Opening connection {s}->https://restdev1.tracking.thermoking.com:443
21:17:27.807 [pool-2-thread-5] DEBUG org.apache.http.impl.execchain.MainClientExec - Opening connection {s}->https://soap.tracking.thermoking.com:443
21:17:27.807 [pool-2-thread-2] DEBUG org.apache.http.impl.execchain.MainClientExec - Opening connection {s}->https://restdev1.tracking.thermoking.com:443
21:17:28.014 [pool-2-thread-5] DEBUG org.apache.http.impl.conn.DefaultHttpClientConnectionOperator - Connecting to soap.tracking.thermoking.com/3.212.162.73:443
21:17:28.014 [pool-2-thread-2] DEBUG org.apache.http.impl.conn.DefaultHttpClientConnectionOperator - Connecting to restdev1.tracking.thermoking.com/34.238.21.160:443
21:17:28.014 [pool-2-thread-3] DEBUG org.apache.http.impl.conn.DefaultHttpClientConnectionOperator - Connecting to restdev1.tracking.thermoking.com/34.238.21.160:443
21:17:28.014 [pool-2-thread-5] DEBUG org.apache.http.conn.ssl.SSLConnectionSocketFactory - Connecting socket to soap.tracking.thermoking.com/3.212.162.73:443 with timeout 30000
21:17:28.015 [pool-2-thread-2] DEBUG org.apache.http.conn.ssl.LenientSslConnectionSocketFactory - Connecting socket to restdev1.tracking.thermoking.com/34.238.21.160:443 with timeout 30000
21:17:28.015 [pool-2-thread-3] DEBUG org.apache.http.conn.ssl.LenientSslConnectionSocketFactory - Connecting socket to restdev1.tracking.thermoking.com/34.238.21.160:443 with timeout 30000
21:17:28.456 [pool-2-thread-3] DEBUG org.apache.http.conn.ssl.LenientSslConnectionSocketFactory - Enabled protocols: [TLSv1, TLSv1.1, TLSv1.2]
21:17:28.456 [pool-2-thread-5] DEBUG org.apache.http.conn.ssl.SSLConnectionSocketFactory - Enabled protocols: [TLSv1, TLSv1.1, TLSv1.2]
21:17:28.456 [pool-2-thread-2] DEBUG org.apache.http.conn.ssl.LenientSslConnectionSocketFactory - Enabled protocols: [TLSv1, TLSv1.1, TLSv1.2]
21:17:28.458 [pool-2-thread-3] DEBUG org.apache.http.conn.ssl.LenientSslConnectionSocketFactory - Enabled cipher suites:[TLS_ECDHE_ECDSA_WITH_AES_128_CBC_SHA256, TLS_ECDHE_RSA_WITH_AES_128_CBC_SHA256, TLS_RSA_WITH_AES_128_CBC_SHA256, TLS_ECDH_ECDSA_WITH_AES_128_CBC_SHA256, TLS_ECDH_RSA_WITH_AES_128_CBC_SHA256, TLS_DHE_RSA_WITH_AES_128_CBC_SHA256, TLS_DHE_DSS_WITH_AES_128_CBC_SHA256, TLS_ECDHE_ECDSA_WITH_AES_128_CBC_SHA, TLS_ECDHE_RSA_WITH_AES_128_CBC_SHA, TLS_RSA_WITH_AES_128_CBC_SHA, TLS_ECDH_ECDSA_WITH_AES_128_CBC_SHA, TLS_ECDH_RSA_WITH_AES_128_CBC_SHA, TLS_DHE_RSA_WITH_AES_128_CBC_SHA, TLS_DHE_DSS_WITH_AES_128_CBC_SHA, TLS_ECDHE_ECDSA_WITH_AES_128_GCM_SHA256, TLS_ECDHE_RSA_WITH_AES_128_GCM_SHA256, TLS_RSA_WITH_AES_128_GCM_SHA256, TLS_ECDH_ECDSA_WITH_AES_128_GCM_SHA256, TLS_ECDH_RSA_WITH_AES_128_GCM_SHA256, TLS_DHE_RSA_WITH_AES_128_GCM_SHA256, TLS_DHE_DSS_WITH_AES_128_GCM_SHA256, TLS_EMPTY_RENEGOTIATION_INFO_SCSV]
21:17:28.458 [pool-2-thread-5] DEBUG org.apache.http.conn.ssl.SSLConnectionSocketFactory - Enabled cipher suites:[TLS_ECDHE_ECDSA_WITH_AES_128_CBC_SHA256, TLS_ECDHE_RSA_WITH_AES_128_CBC_SHA256, TLS_RSA_WITH_AES_128_CBC_SHA256, TLS_ECDH_ECDSA_WITH_AES_128_CBC_SHA256, TLS_ECDH_RSA_WITH_AES_128_CBC_SHA256, TLS_DHE_RSA_WITH_AES_128_CBC_SHA256, TLS_DHE_DSS_WITH_AES_128_CBC_SHA256, TLS_ECDHE_ECDSA_WITH_AES_128_CBC_SHA, TLS_ECDHE_RSA_WITH_AES_128_CBC_SHA, TLS_RSA_WITH_AES_128_CBC_SHA, TLS_ECDH_ECDSA_WITH_AES_128_CBC_SHA, TLS_ECDH_RSA_WITH_AES_128_CBC_SHA, TLS_DHE_RSA_WITH_AES_128_CBC_SHA, TLS_DHE_DSS_WITH_AES_128_CBC_SHA, TLS_ECDHE_ECDSA_WITH_AES_128_GCM_SHA256, TLS_ECDHE_RSA_WITH_AES_128_GCM_SHA256, TLS_RSA_WITH_AES_128_GCM_SHA256, TLS_ECDH_ECDSA_WITH_AES_128_GCM_SHA256, TLS_ECDH_RSA_WITH_AES_128_GCM_SHA256, TLS_DHE_RSA_WITH_AES_128_GCM_SHA256, TLS_DHE_DSS_WITH_AES_128_GCM_SHA256, TLS_EMPTY_RENEGOTIATION_INFO_SCSV]
21:17:28.458 [pool-2-thread-2] DEBUG org.apache.http.conn.ssl.LenientSslConnectionSocketFactory - Enabled cipher suites:[TLS_ECDHE_ECDSA_WITH_AES_128_CBC_SHA256, TLS_ECDHE_RSA_WITH_AES_128_CBC_SHA256, TLS_RSA_WITH_AES_128_CBC_SHA256, TLS_ECDH_ECDSA_WITH_AES_128_CBC_SHA256, TLS_ECDH_RSA_WITH_AES_128_CBC_SHA256, TLS_DHE_RSA_WITH_AES_128_CBC_SHA256, TLS_DHE_DSS_WITH_AES_128_CBC_SHA256, TLS_ECDHE_ECDSA_WITH_AES_128_CBC_SHA, TLS_ECDHE_RSA_WITH_AES_128_CBC_SHA, TLS_RSA_WITH_AES_128_CBC_SHA, TLS_ECDH_ECDSA_WITH_AES_128_CBC_SHA, TLS_ECDH_RSA_WITH_AES_128_CBC_SHA, TLS_DHE_RSA_WITH_AES_128_CBC_SHA, TLS_DHE_DSS_WITH_AES_128_CBC_SHA, TLS_ECDHE_ECDSA_WITH_AES_128_GCM_SHA256, TLS_ECDHE_RSA_WITH_AES_128_GCM_SHA256, TLS_RSA_WITH_AES_128_GCM_SHA256, TLS_ECDH_ECDSA_WITH_AES_128_GCM_SHA256, TLS_ECDH_RSA_WITH_AES_128_GCM_SHA256, TLS_DHE_RSA_WITH_AES_128_GCM_SHA256, TLS_DHE_DSS_WITH_AES_128_GCM_SHA256, TLS_EMPTY_RENEGOTIATION_INFO_SCSV]
21:17:28.459 [pool-2-thread-3] DEBUG org.apache.http.conn.ssl.LenientSslConnectionSocketFactory - Starting handshake
21:17:28.459 [pool-2-thread-5] DEBUG org.apache.http.conn.ssl.SSLConnectionSocketFactory - Starting handshake
21:17:28.459 [pool-2-thread-2] DEBUG org.apache.http.conn.ssl.LenientSslConnectionSocketFactory - Starting handshake
21:17:29.271 [pool-2-thread-2] DEBUG org.apache.http.conn.ssl.LenientSslConnectionSocketFactory - Secure session established
21:17:29.271 [pool-2-thread-2] DEBUG org.apache.http.conn.ssl.LenientSslConnectionSocketFactory -  negotiated protocol: TLSv1.2
21:17:29.271 [pool-2-thread-2] DEBUG org.apache.http.conn.ssl.LenientSslConnectionSocketFactory -  negotiated cipher suite: TLS_ECDHE_RSA_WITH_AES_128_GCM_SHA256
21:17:29.272 [pool-2-thread-2] DEBUG org.apache.http.conn.ssl.LenientSslConnectionSocketFactory -  peer principal: CN=*.tracking.thermoking.com
21:17:29.273 [pool-2-thread-2] DEBUG org.apache.http.conn.ssl.LenientSslConnectionSocketFactory -  peer alternative names: [*.tracking.thermoking.com]
21:17:29.273 [pool-2-thread-2] DEBUG org.apache.http.conn.ssl.LenientSslConnectionSocketFactory -  issuer principal: CN=Amazon, OU=Server CA 1B, O=Amazon, C=US
21:17:29.276 [pool-2-thread-3] DEBUG org.apache.http.conn.ssl.LenientSslConnectionSocketFactory - Secure session established
21:17:29.276 [pool-2-thread-3] DEBUG org.apache.http.conn.ssl.LenientSslConnectionSocketFactory -  negotiated protocol: TLSv1.2
21:17:29.276 [pool-2-thread-2] DEBUG org.apache.http.impl.conn.DefaultHttpClientConnectionOperator - Connection established 10.200.54.16:54549<->34.238.21.160:443
21:17:29.277 [pool-2-thread-3] DEBUG org.apache.http.conn.ssl.LenientSslConnectionSocketFactory -  negotiated cipher suite: TLS_ECDHE_RSA_WITH_AES_128_GCM_SHA256
21:17:29.277 [pool-2-thread-2] DEBUG org.apache.http.impl.conn.DefaultManagedHttpClientConnection - http-outgoing-0: set socket timeout to 30000
21:17:29.277 [pool-2-thread-3] DEBUG org.apache.http.conn.ssl.LenientSslConnectionSocketFactory -  peer principal: CN=*.tracking.thermoking.com
21:17:29.277 [pool-2-thread-2] DEBUG org.apache.http.impl.execchain.MainClientExec - Executing request POST /connected-solutions/obtainToken/ HTTP/1.1
21:17:29.278 [pool-2-thread-3] DEBUG org.apache.http.conn.ssl.LenientSslConnectionSocketFactory -  peer alternative names: [*.tracking.thermoking.com]
21:17:29.278 [pool-2-thread-3] DEBUG org.apache.http.conn.ssl.LenientSslConnectionSocketFactory -  issuer principal: CN=Amazon, OU=Server CA 1B, O=Amazon, C=US
21:17:29.278 [pool-2-thread-2] DEBUG org.apache.http.impl.execchain.MainClientExec - Target auth state: UNCHALLENGED
21:17:29.279 [pool-2-thread-3] DEBUG org.apache.http.impl.conn.DefaultHttpClientConnectionOperator - Connection established 10.200.54.16:54548<->34.238.21.160:443
21:17:29.279 [pool-2-thread-3] DEBUG org.apache.http.impl.conn.DefaultManagedHttpClientConnection - http-outgoing-2: set socket timeout to 30000
21:17:29.279 [pool-2-thread-3] DEBUG org.apache.http.impl.execchain.MainClientExec - Executing request POST /connected-solutions/GetAuthToken/ HTTP/1.1
21:17:29.280 [pool-2-thread-3] DEBUG org.apache.http.impl.execchain.MainClientExec - Target auth state: UNCHALLENGED
21:17:29.280 [pool-2-thread-3] DEBUG org.apache.http.impl.execchain.MainClientExec - Proxy auth state: UNCHALLENGED
21:17:29.280 [pool-2-thread-2] DEBUG org.apache.http.impl.execchain.MainClientExec - Proxy auth state: UNCHALLENGED
21:17:29.283 [pool-2-thread-2] DEBUG org.apache.http.headers - http-outgoing-0 >> POST /connected-solutions/obtainToken/ HTTP/1.1
21:17:29.283 [pool-2-thread-3] DEBUG org.apache.http.headers - http-outgoing-2 >> POST /connected-solutions/GetAuthToken/ HTTP/1.1
21:17:29.283 [pool-2-thread-2] DEBUG org.apache.http.headers - http-outgoing-0 >> X-External-ID: 0C7FFB8E-BE9D-4B51-8D61-CA10BF4503C4
21:17:29.283 [pool-2-thread-3] DEBUG org.apache.http.headers - http-outgoing-2 >> X-External-ID: 5-UUvQsTkfI
21:17:29.284 [pool-2-thread-2] DEBUG org.apache.http.headers - http-outgoing-0 >> Content-Type: application/json; charset=UTF-8
21:17:29.284 [pool-2-thread-3] DEBUG org.apache.http.headers - http-outgoing-2 >> Content-Type: application/json; charset=UTF-8
21:17:29.284 [pool-2-thread-2] DEBUG org.apache.http.headers - http-outgoing-0 >> Content-Length: 68
21:17:29.284 [pool-2-thread-2] DEBUG org.apache.http.headers - http-outgoing-0 >> Host: restdev1.tracking.thermoking.com
21:17:29.284 [pool-2-thread-2] DEBUG org.apache.http.headers - http-outgoing-0 >> Connection: Keep-Alive
21:17:29.284 [pool-2-thread-3] DEBUG org.apache.http.headers - http-outgoing-2 >> Content-Length: 72
21:17:29.285 [pool-2-thread-2] DEBUG org.apache.http.headers - http-outgoing-0 >> User-Agent: Apache-HttpClient/4.5.11 (Java/1.8.0_121)
21:17:29.285 [pool-2-thread-2] DEBUG org.apache.http.headers - http-outgoing-0 >> Accept-Encoding: gzip,deflate
21:17:29.285 [pool-2-thread-3] DEBUG org.apache.http.headers - http-outgoing-2 >> Host: restdev1.tracking.thermoking.com
21:17:29.285 [pool-2-thread-3] DEBUG org.apache.http.headers - http-outgoing-2 >> Connection: Keep-Alive
21:17:29.285 [pool-2-thread-3] DEBUG org.apache.http.headers - http-outgoing-2 >> User-Agent: Apache-HttpClient/4.5.11 (Java/1.8.0_121)
21:17:29.286 [pool-2-thread-3] DEBUG org.apache.http.headers - http-outgoing-2 >> Accept-Encoding: gzip,deflate
21:17:29.286 [pool-2-thread-2] DEBUG org.apache.http.wire - http-outgoing-0 >> "POST /connected-solutions/obtainToken/ HTTP/1.1[\r][\n]"
21:17:29.286 [pool-2-thread-2] DEBUG org.apache.http.wire - http-outgoing-0 >> "X-External-ID: 0C7FFB8E-BE9D-4B51-8D61-CA10BF4503C4[\r][\n]"
21:17:29.286 [pool-2-thread-2] DEBUG org.apache.http.wire - http-outgoing-0 >> "Content-Type: application/json; charset=UTF-8[\r][\n]"
21:17:29.286 [pool-2-thread-3] DEBUG org.apache.http.wire - http-outgoing-2 >> "POST /connected-solutions/GetAuthToken/ HTTP/1.1[\r][\n]"
21:17:29.286 [pool-2-thread-2] DEBUG org.apache.http.wire - http-outgoing-0 >> "Content-Length: 68[\r][\n]"
21:17:29.287 [pool-2-thread-3] DEBUG org.apache.http.wire - http-outgoing-2 >> "X-External-ID: 5-UUvQsTkfI[\r][\n]"
21:17:29.287 [pool-2-thread-2] DEBUG org.apache.http.wire - http-outgoing-0 >> "Host: restdev1.tracking.thermoking.com[\r][\n]"
21:17:29.287 [pool-2-thread-3] DEBUG org.apache.http.wire - http-outgoing-2 >> "Content-Type: application/json; charset=UTF-8[\r][\n]"
21:17:29.287 [pool-2-thread-3] DEBUG org.apache.http.wire - http-outgoing-2 >> "Content-Length: 72[\r][\n]"
21:17:29.287 [pool-2-thread-2] DEBUG org.apache.http.wire - http-outgoing-0 >> "Connection: Keep-Alive[\r][\n]"
21:17:29.287 [pool-2-thread-3] DEBUG org.apache.http.wire - http-outgoing-2 >> "Host: restdev1.tracking.thermoking.com[\r][\n]"
21:17:29.288 [pool-2-thread-2] DEBUG org.apache.http.wire - http-outgoing-0 >> "User-Agent: Apache-HttpClient/4.5.11 (Java/1.8.0_121)[\r][\n]"
21:17:29.288 [pool-2-thread-3] DEBUG org.apache.http.wire - http-outgoing-2 >> "Connection: Keep-Alive[\r][\n]"
21:17:29.288 [pool-2-thread-2] DEBUG org.apache.http.wire - http-outgoing-0 >> "Accept-Encoding: gzip,deflate[\r][\n]"
21:17:29.288 [pool-2-thread-2] DEBUG org.apache.http.wire - http-outgoing-0 >> "[\r][\n]"
21:17:29.288 [pool-2-thread-3] DEBUG org.apache.http.wire - http-outgoing-2 >> "User-Agent: Apache-HttpClient/4.5.11 (Java/1.8.0_121)[\r][\n]"
21:17:29.289 [pool-2-thread-2] DEBUG org.apache.http.wire - http-outgoing-0 >> "{"userName":"webservice.user214@MISSING.COM","password":"Pass@1234"}"
21:17:29.289 [pool-2-thread-3] DEBUG org.apache.http.wire - http-outgoing-2 >> "Accept-Encoding: gzip,deflate[\r][\n]"
21:17:29.289 [pool-2-thread-3] DEBUG org.apache.http.wire - http-outgoing-2 >> "[\r][\n]"
21:17:29.289 [pool-2-thread-3] DEBUG org.apache.http.wire - http-outgoing-2 >> "{"userName":"webservice.usertp01@demosystem.com","password":"Pass@1234"}"
21:17:29.304 [pool-2-thread-5] DEBUG org.apache.http.conn.ssl.SSLConnectionSocketFactory - Secure session established
21:17:29.304 [pool-2-thread-5] DEBUG org.apache.http.conn.ssl.SSLConnectionSocketFactory -  negotiated protocol: TLSv1.2
21:17:29.305 [pool-2-thread-5] DEBUG org.apache.http.conn.ssl.SSLConnectionSocketFactory -  negotiated cipher suite: TLS_ECDHE_RSA_WITH_AES_128_GCM_SHA256
21:17:29.305 [pool-2-thread-5] DEBUG org.apache.http.conn.ssl.SSLConnectionSocketFactory -  peer principal: CN=*.tracking.thermoking.com
21:17:29.305 [pool-2-thread-5] DEBUG org.apache.http.conn.ssl.SSLConnectionSocketFactory -  peer alternative names: [*.tracking.thermoking.com]
21:17:29.305 [pool-2-thread-5] DEBUG org.apache.http.conn.ssl.SSLConnectionSocketFactory -  issuer principal: CN=Amazon, OU=Server CA 1B, O=Amazon, C=US
21:17:29.314 [pool-2-thread-5] DEBUG org.apache.http.impl.conn.DefaultHttpClientConnectionOperator - Connection established 10.200.54.16:54547<->3.212.162.73:443
21:17:29.315 [pool-2-thread-5] DEBUG org.apache.http.impl.conn.DefaultManagedHttpClientConnection - http-outgoing-1: set socket timeout to 30000
21:17:29.315 [pool-2-thread-5] DEBUG org.apache.http.impl.execchain.MainClientExec - Executing request POST /tk-webservices/Command HTTP/1.1
21:17:29.315 [pool-2-thread-5] DEBUG org.apache.http.impl.execchain.MainClientExec - Proxy auth state: UNCHALLENGED
21:17:29.316 [pool-2-thread-5] DEBUG org.apache.http.headers - http-outgoing-1 >> POST /tk-webservices/Command HTTP/1.1
21:17:29.316 [pool-2-thread-5] DEBUG org.apache.http.headers - http-outgoing-1 >> Authorization: Basic d2Vic2VydmljZS51c2VyLmFsbC4yMTRATUlTU0lORy5DT006Z2g2MmpBST51TFB1dmxw
21:17:29.316 [pool-2-thread-5] DEBUG org.apache.http.headers - http-outgoing-1 >> SOAPAction: 
21:17:29.316 [pool-2-thread-5] DEBUG org.apache.http.headers - http-outgoing-1 >> Content-Type: application/xml; charset=UTF-8
21:17:29.316 [pool-2-thread-5] DEBUG org.apache.http.headers - http-outgoing-1 >> Content-Length: 649
21:17:29.316 [pool-2-thread-5] DEBUG org.apache.http.headers - http-outgoing-1 >> Host: soap.tracking.thermoking.com
21:17:29.316 [pool-2-thread-5] DEBUG org.apache.http.headers - http-outgoing-1 >> Connection: Keep-Alive
21:17:29.317 [pool-2-thread-5] DEBUG org.apache.http.headers - http-outgoing-1 >> User-Agent: Apache-HttpClient/4.5.11 (Java/1.8.0_121)
21:17:29.317 [pool-2-thread-5] DEBUG org.apache.http.headers - http-outgoing-1 >> Accept-Encoding: gzip,deflate
21:17:29.317 [pool-2-thread-5] DEBUG org.apache.http.wire - http-outgoing-1 >> "POST /tk-webservices/Command HTTP/1.1[\r][\n]"
21:17:29.317 [pool-2-thread-5] DEBUG org.apache.http.wire - http-outgoing-1 >> "Authorization: Basic d2Vic2VydmljZS51c2VyLmFsbC4yMTRATUlTU0lORy5DT006Z2g2MmpBST51TFB1dmxw[\r][\n]"
21:17:29.317 [pool-2-thread-5] DEBUG org.apache.http.wire - http-outgoing-1 >> "SOAPAction: [\r][\n]"
21:17:29.317 [pool-2-thread-5] DEBUG org.apache.http.wire - http-outgoing-1 >> "Content-Type: application/xml; charset=UTF-8[\r][\n]"
21:17:29.317 [pool-2-thread-5] DEBUG org.apache.http.wire - http-outgoing-1 >> "Content-Length: 649[\r][\n]"
21:17:29.318 [pool-2-thread-5] DEBUG org.apache.http.wire - http-outgoing-1 >> "Host: soap.tracking.thermoking.com[\r][\n]"
21:17:29.318 [pool-2-thread-5] DEBUG org.apache.http.wire - http-outgoing-1 >> "Connection: Keep-Alive[\r][\n]"
21:17:29.318 [pool-2-thread-5] DEBUG org.apache.http.wire - http-outgoing-1 >> "User-Agent: Apache-HttpClient/4.5.11 (Java/1.8.0_121)[\r][\n]"
21:17:29.318 [pool-2-thread-5] DEBUG org.apache.http.wire - http-outgoing-1 >> "Accept-Encoding: gzip,deflate[\r][\n]"
21:17:29.318 [pool-2-thread-5] DEBUG org.apache.http.wire - http-outgoing-1 >> "[\r][\n]"
21:17:29.319 [pool-2-thread-5] DEBUG org.apache.http.wire - http-outgoing-1 >> "<soapenv:Envelope xmlns:soapenv="http://schemas.xmlsoap.org/soap/envelope/" xmlns:ser="http://service.jbossws.webservices.celtrak.com/">[\r][\n]"
21:17:29.319 [pool-2-thread-5] DEBUG org.apache.http.wire - http-outgoing-1 >> "    <soapenv:Header/>[\r][\n]"
21:17:29.319 [pool-2-thread-5] DEBUG org.apache.http.wire - http-outgoing-1 >> "    <soapenv:Body>[\r][\n]"
21:17:29.319 [pool-2-thread-5] DEBUG org.apache.http.wire - http-outgoing-1 >> "        <ser:updateSetPoint>[\r][\n]"
21:17:29.319 [pool-2-thread-5] DEBUG org.apache.http.wire - http-outgoing-1 >> "            <!--1 or more repetitions:-->[\r][\n]"
21:17:29.319 [pool-2-thread-5] DEBUG org.apache.http.wire - http-outgoing-1 >> "            <customerVehicles>[\r][\n]"
21:17:29.319 [pool-2-thread-5] DEBUG org.apache.http.wire - http-outgoing-1 >> "                <customerid>4560BD5E-BD7B-42B0-8DCB-627EB8454C72</customerid>[\r][\n]"
21:17:29.319 [pool-2-thread-5] DEBUG org.apache.http.wire - http-outgoing-1 >> "                <!--1 or more repetitions:-->[\r][\n]"
21:17:29.319 [pool-2-thread-5] DEBUG org.apache.http.wire - http-outgoing-1 >> "                <vehicles>Bluebox India 2</vehicles>[\r][\n]"
21:17:29.319 [pool-2-thread-5] DEBUG org.apache.http.wire - http-outgoing-1 >> "            </customerVehicles>[\r][\n]"
21:17:29.319 [pool-2-thread-5] DEBUG org.apache.http.wire - http-outgoing-1 >> "            <zoneId>1</zoneId>[\r][\n]"
21:17:29.320 [pool-2-thread-5] DEBUG org.apache.http.wire - http-outgoing-1 >> "            <setPointValue>-2</setPointValue>[\r][\n]"
21:17:29.320 [pool-2-thread-5] DEBUG org.apache.http.wire - http-outgoing-1 >> "        </ser:updateSetPoint>[\r][\n]"
21:17:29.320 [pool-2-thread-5] DEBUG org.apache.http.wire - http-outgoing-1 >> "    </soapenv:Body>[\r][\n]"
21:17:29.320 [pool-2-thread-5] DEBUG org.apache.http.wire - http-outgoing-1 >> "</soapenv:Envelope>"
21:17:29.596 [pool-2-thread-3] DEBUG org.apache.http.wire - http-outgoing-2 << "HTTP/1.1 200 [\r][\n]"
21:17:29.596 [pool-2-thread-3] DEBUG org.apache.http.wire - http-outgoing-2 << "Date: Mon, 13 Sep 2021 15:47:29 GMT[\r][\n]"
21:17:29.597 [pool-2-thread-3] DEBUG org.apache.http.wire - http-outgoing-2 << "Content-Type: application/json;charset=UTF-8[\r][\n]"
21:17:29.597 [pool-2-thread-3] DEBUG org.apache.http.wire - http-outgoing-2 << "Transfer-Encoding: chunked[\r][\n]"
21:17:29.597 [pool-2-thread-3] DEBUG org.apache.http.wire - http-outgoing-2 << "Connection: keep-alive[\r][\n]"
21:17:29.597 [pool-2-thread-2] DEBUG org.apache.http.wire - http-outgoing-0 << "HTTP/1.1 200 [\r][\n]"
21:17:29.597 [pool-2-thread-3] DEBUG org.apache.http.wire - http-outgoing-2 << "Set-Cookie: AWSALB=Ky0eXs8PKrmVD7JBP4ZxM535Bs+VTXV01biHw25Z8A/6oXJ4pU1pv4xZdGzjhz5qeOqKQUQhhQ3Bt82fo7KsUVjHYG0Mols8AENV41NON9e0wYqwB+5trN+JTY1B; Expires=Mon, 20 Sep 2021 15:47:29 GMT; Path=/[\r][\n]"
21:17:29.597 [pool-2-thread-2] DEBUG org.apache.http.wire - http-outgoing-0 << "Date: Mon, 13 Sep 2021 15:47:29 GMT[\r][\n]"
21:17:29.598 [pool-2-thread-2] DEBUG org.apache.http.wire - http-outgoing-0 << "Content-Type: application/json;charset=UTF-8[\r][\n]"
21:17:29.598 [pool-2-thread-2] DEBUG org.apache.http.wire - http-outgoing-0 << "Transfer-Encoding: chunked[\r][\n]"
21:17:29.598 [pool-2-thread-3] DEBUG org.apache.http.wire - http-outgoing-2 << "Set-Cookie: AWSALBCORS=Ky0eXs8PKrmVD7JBP4ZxM535Bs+VTXV01biHw25Z8A/6oXJ4pU1pv4xZdGzjhz5qeOqKQUQhhQ3Bt82fo7KsUVjHYG0Mols8AENV41NON9e0wYqwB+5trN+JTY1B; Expires=Mon, 20 Sep 2021 15:47:29 GMT; Path=/; SameSite=None; Secure[\r][\n]"
21:17:29.598 [pool-2-thread-2] DEBUG org.apache.http.wire - http-outgoing-0 << "Connection: keep-alive[\r][\n]"
21:17:29.598 [pool-2-thread-3] DEBUG org.apache.http.wire - http-outgoing-2 << "X-Content-Type-Options: nosniff[\r][\n]"
21:17:29.598 [pool-2-thread-2] DEBUG org.apache.http.wire - http-outgoing-0 << "Set-Cookie: AWSALB=u4x+w8I5SN+ASDQCP+XgQ6ucosPDd8BxcrqGnN9EstyFdEumVhpiZaO8/78SnJecTY4sjeuBK/fZBL0E60ak75O+vKFJ/ImFFHUgauhYzupHKixp2VflyGa+MvxA; Expires=Mon, 20 Sep 2021 15:47:29 GMT; Path=/[\r][\n]"
21:17:29.599 [pool-2-thread-3] DEBUG org.apache.http.wire - http-outgoing-2 << "X-XSS-Protection: 1; mode=block[\r][\n]"
21:17:29.599 [pool-2-thread-2] DEBUG org.apache.http.wire - http-outgoing-0 << "Set-Cookie: AWSALBCORS=u4x+w8I5SN+ASDQCP+XgQ6ucosPDd8BxcrqGnN9EstyFdEumVhpiZaO8/78SnJecTY4sjeuBK/fZBL0E60ak75O+vKFJ/ImFFHUgauhYzupHKixp2VflyGa+MvxA; Expires=Mon, 20 Sep 2021 15:47:29 GMT; Path=/; SameSite=None; Secure[\r][\n]"
21:17:29.599 [pool-2-thread-3] DEBUG org.apache.http.wire - http-outgoing-2 << "Cache-Control: no-cache, no-store, max-age=0, must-revalidate[\r][\n]"
21:17:29.599 [pool-2-thread-2] DEBUG org.apache.http.wire - http-outgoing-0 << "X-Content-Type-Options: nosniff[\r][\n]"
21:17:29.599 [pool-2-thread-3] DEBUG org.apache.http.wire - http-outgoing-2 << "Pragma: no-cache[\r][\n]"
21:17:29.600 [pool-2-thread-2] DEBUG org.apache.http.wire - http-outgoing-0 << "X-XSS-Protection: 1; mode=block[\r][\n]"
21:17:29.600 [pool-2-thread-3] DEBUG org.apache.http.wire - http-outgoing-2 << "Expires: 0[\r][\n]"
21:17:29.600 [pool-2-thread-2] DEBUG org.apache.http.wire - http-outgoing-0 << "Cache-Control: no-cache, no-store, max-age=0, must-revalidate[\r][\n]"
21:17:29.600 [pool-2-thread-3] DEBUG org.apache.http.wire - http-outgoing-2 << "X-Frame-Options: DENY[\r][\n]"
21:17:29.600 [pool-2-thread-2] DEBUG org.apache.http.wire - http-outgoing-0 << "Pragma: no-cache[\r][\n]"
21:17:29.601 [pool-2-thread-3] DEBUG org.apache.http.wire - http-outgoing-2 << "[\r][\n]"
21:17:29.601 [pool-2-thread-2] DEBUG org.apache.http.wire - http-outgoing-0 << "Expires: 0[\r][\n]"
21:17:29.601 [pool-2-thread-3] DEBUG org.apache.http.wire - http-outgoing-2 << "19a[\r][\n]"
21:17:29.601 [pool-2-thread-2] DEBUG org.apache.http.wire - http-outgoing-0 << "X-Frame-Options: DENY[\r][\n]"
21:17:29.601 [pool-2-thread-3] DEBUG org.apache.http.wire - http-outgoing-2 << "{"id":"5-UUvQsTkfI","accessToken":"eyJhbGciOiJIUzUxMiJ9.eyJpc3MiOiJDb25uZWN0ZWQgU29sdXRpb25zIiwiZXhwIjoxNjMxNzE2MTgzLCJqdGkiOiI1LVVVdlFzVGtmSSJ9.erDSc-omH9mTT8IE1Ja3vjLmO0t8HiMqg6xG0Z00LFpSUHQzhf9Sc6ynuDPCcPK0U8rrwHF9zVPQibHhV-uOTw","accessRefreshToken":"2ba4743b7fcb4758b3fe5bfa17ddde8e","expiresIn":445922,"_links":{"self":{"href":"http://restdev1.tracking.thermoking.com/connected-solutions/GetAuthToken"}}}[\r][\n]"
21:17:29.601 [pool-2-thread-2] DEBUG org.apache.http.wire - http-outgoing-0 << "[\r][\n]"
21:17:29.601 [pool-2-thread-2] DEBUG org.apache.http.wire - http-outgoing-0 << "1d4[\r][\n]"
21:17:29.601 [pool-2-thread-2] DEBUG org.apache.http.wire - http-outgoing-0 << "{"id":"0C7FFB8E-BE9D-4B51-8D61-CA10BF4503C4","accessToken":"eyJhbGciOiJIUzUxMiJ9.eyJpc3MiOiJDb25uZWN0ZWQgU29sdXRpb25zIiwiZXhwIjoxNjMxNzE2NjAwLCJqdGkiOiIwQzdGRkI4RS1CRTlELTRCNTEtOEQ2MS1DQTEwQkY0NTAzQzQifQ.yFt02SzWCF0E47cq1Oug1tm767-L1wmWV0K3WaCKbTkbzN2y0QsucU8Cb9c6Z4WmEZh4x0jper3xbX9ImMWi9w","accessRefreshToken":"394c92937b064689afbd0779e6d6eaca","expiresIn":446339,"_links":{"self":{"href":"http://restdev1.tracking.thermoking.com/connected-solutions/obtainToken"}}}[\r][\n]"
21:17:29.609 [pool-2-thread-3] DEBUG org.apache.http.headers - http-outgoing-2 << HTTP/1.1 200 
21:17:29.609 [pool-2-thread-3] DEBUG org.apache.http.headers - http-outgoing-2 << Date: Mon, 13 Sep 2021 15:47:29 GMT
21:17:29.609 [pool-2-thread-3] DEBUG org.apache.http.headers - http-outgoing-2 << Content-Type: application/json;charset=UTF-8
21:17:29.609 [pool-2-thread-3] DEBUG org.apache.http.headers - http-outgoing-2 << Transfer-Encoding: chunked
21:17:29.609 [pool-2-thread-3] DEBUG org.apache.http.headers - http-outgoing-2 << Connection: keep-alive
21:17:29.609 [pool-2-thread-3] DEBUG org.apache.http.headers - http-outgoing-2 << Set-Cookie: AWSALB=Ky0eXs8PKrmVD7JBP4ZxM535Bs+VTXV01biHw25Z8A/6oXJ4pU1pv4xZdGzjhz5qeOqKQUQhhQ3Bt82fo7KsUVjHYG0Mols8AENV41NON9e0wYqwB+5trN+JTY1B; Expires=Mon, 20 Sep 2021 15:47:29 GMT; Path=/
21:17:29.609 [pool-2-thread-3] DEBUG org.apache.http.headers - http-outgoing-2 << Set-Cookie: AWSALBCORS=Ky0eXs8PKrmVD7JBP4ZxM535Bs+VTXV01biHw25Z8A/6oXJ4pU1pv4xZdGzjhz5qeOqKQUQhhQ3Bt82fo7KsUVjHYG0Mols8AENV41NON9e0wYqwB+5trN+JTY1B; Expires=Mon, 20 Sep 2021 15:47:29 GMT; Path=/; SameSite=None; Secure
21:17:29.609 [pool-2-thread-2] DEBUG org.apache.http.headers - http-outgoing-0 << HTTP/1.1 200 
21:17:29.609 [pool-2-thread-3] DEBUG org.apache.http.headers - http-outgoing-2 << X-Content-Type-Options: nosniff
21:17:29.610 [pool-2-thread-2] DEBUG org.apache.http.headers - http-outgoing-0 << Date: Mon, 13 Sep 2021 15:47:29 GMT
21:17:29.610 [pool-2-thread-2] DEBUG org.apache.http.headers - http-outgoing-0 << Content-Type: application/json;charset=UTF-8
21:17:29.610 [pool-2-thread-2] DEBUG org.apache.http.headers - http-outgoing-0 << Transfer-Encoding: chunked
21:17:29.610 [pool-2-thread-3] DEBUG org.apache.http.headers - http-outgoing-2 << X-XSS-Protection: 1; mode=block
21:17:29.610 [pool-2-thread-3] DEBUG org.apache.http.headers - http-outgoing-2 << Cache-Control: no-cache, no-store, max-age=0, must-revalidate
21:17:29.610 [pool-2-thread-2] DEBUG org.apache.http.headers - http-outgoing-0 << Connection: keep-alive
21:17:29.610 [pool-2-thread-3] DEBUG org.apache.http.headers - http-outgoing-2 << Pragma: no-cache
21:17:29.611 [pool-2-thread-2] DEBUG org.apache.http.headers - http-outgoing-0 << Set-Cookie: AWSALB=u4x+w8I5SN+ASDQCP+XgQ6ucosPDd8BxcrqGnN9EstyFdEumVhpiZaO8/78SnJecTY4sjeuBK/fZBL0E60ak75O+vKFJ/ImFFHUgauhYzupHKixp2VflyGa+MvxA; Expires=Mon, 20 Sep 2021 15:47:29 GMT; Path=/
21:17:29.611 [pool-2-thread-3] DEBUG org.apache.http.headers - http-outgoing-2 << Expires: 0
21:17:29.611 [pool-2-thread-3] DEBUG org.apache.http.headers - http-outgoing-2 << X-Frame-Options: DENY
21:17:29.611 [pool-2-thread-2] DEBUG org.apache.http.headers - http-outgoing-0 << Set-Cookie: AWSALBCORS=u4x+w8I5SN+ASDQCP+XgQ6ucosPDd8BxcrqGnN9EstyFdEumVhpiZaO8/78SnJecTY4sjeuBK/fZBL0E60ak75O+vKFJ/ImFFHUgauhYzupHKixp2VflyGa+MvxA; Expires=Mon, 20 Sep 2021 15:47:29 GMT; Path=/; SameSite=None; Secure
21:17:29.612 [pool-2-thread-2] DEBUG org.apache.http.headers - http-outgoing-0 << X-Content-Type-Options: nosniff
21:17:29.612 [pool-2-thread-2] DEBUG org.apache.http.headers - http-outgoing-0 << X-XSS-Protection: 1; mode=block
21:17:29.612 [pool-2-thread-2] DEBUG org.apache.http.headers - http-outgoing-0 << Cache-Control: no-cache, no-store, max-age=0, must-revalidate
21:17:29.612 [pool-2-thread-2] DEBUG org.apache.http.headers - http-outgoing-0 << Pragma: no-cache
21:17:29.612 [pool-2-thread-2] DEBUG org.apache.http.headers - http-outgoing-0 << Expires: 0
21:17:29.612 [pool-2-thread-2] DEBUG org.apache.http.headers - http-outgoing-0 << X-Frame-Options: DENY
21:17:29.620 [pool-2-thread-2] DEBUG org.apache.http.impl.execchain.MainClientExec - Connection can be kept alive indefinitely
21:17:29.620 [pool-2-thread-3] DEBUG org.apache.http.impl.execchain.MainClientExec - Connection can be kept alive indefinitely
21:17:29.656 [pool-2-thread-2] DEBUG org.apache.http.client.protocol.ResponseProcessCookies - Cookie accepted [AWSALB="u4x+w8I5SN+ASDQCP+XgQ6ucosPDd8BxcrqGnN9EstyFdEumVhpiZaO8/78SnJecTY4sjeuBK/fZBL0E60ak75O+vKFJ/ImFFHUg...", version:0, domain:restdev1.tracking.thermoking.com, path:/, expiry:Mon Sep 20 21:17:29 IST 2021]
21:17:29.656 [pool-2-thread-3] DEBUG org.apache.http.client.protocol.ResponseProcessCookies - Cookie accepted [AWSALB="Ky0eXs8PKrmVD7JBP4ZxM535Bs+VTXV01biHw25Z8A/6oXJ4pU1pv4xZdGzjhz5qeOqKQUQhhQ3Bt82fo7KsUVjHYG0Mols8AENV...", version:0, domain:restdev1.tracking.thermoking.com, path:/, expiry:Mon Sep 20 21:17:29 IST 2021]
21:17:29.658 [pool-2-thread-2] DEBUG org.apache.http.client.protocol.ResponseProcessCookies - Cookie accepted [AWSALBCORS="u4x+w8I5SN+ASDQCP+XgQ6ucosPDd8BxcrqGnN9EstyFdEumVhpiZaO8/78SnJecTY4sjeuBK/fZBL0E60ak75O+vKFJ/ImFFHUg...", version:0, domain:restdev1.tracking.thermoking.com, path:/, expiry:Mon Sep 20 21:17:29 IST 2021]
21:17:29.659 [pool-2-thread-3] DEBUG org.apache.http.client.protocol.ResponseProcessCookies - Cookie accepted [AWSALBCORS="Ky0eXs8PKrmVD7JBP4ZxM535Bs+VTXV01biHw25Z8A/6oXJ4pU1pv4xZdGzjhz5qeOqKQUQhhQ3Bt82fo7KsUVjHYG0Mols8AENV...", version:0, domain:restdev1.tracking.thermoking.com, path:/, expiry:Mon Sep 20 21:17:29 IST 2021]
21:17:29.664 [pool-2-thread-2] DEBUG org.apache.http.wire - http-outgoing-0 << "0[\r][\n]"
21:17:29.665 [pool-2-thread-3] DEBUG org.apache.http.wire - http-outgoing-2 << "0[\r][\n]"
21:17:29.665 [pool-2-thread-2] DEBUG org.apache.http.wire - http-outgoing-0 << "[\r][\n]"
21:17:29.665 [pool-2-thread-3] DEBUG org.apache.http.wire - http-outgoing-2 << "[\r][\n]"
21:17:29.666 [pool-2-thread-3] DEBUG org.apache.http.impl.conn.PoolingHttpClientConnectionManager - Connection [id: 0][route: {s}->https://restdev1.tracking.thermoking.com:443] can be kept alive indefinitely
21:17:29.666 [pool-2-thread-2] DEBUG org.apache.http.impl.conn.PoolingHttpClientConnectionManager - Connection [id: 1][route: {s}->https://restdev1.tracking.thermoking.com:443] can be kept alive indefinitely
21:17:29.666 [pool-2-thread-3] DEBUG org.apache.http.impl.conn.DefaultManagedHttpClientConnection - http-outgoing-2: set socket timeout to 0
21:17:29.666 [pool-2-thread-2] DEBUG org.apache.http.impl.conn.DefaultManagedHttpClientConnection - http-outgoing-0: set socket timeout to 0
21:17:29.667 [pool-2-thread-2] DEBUG org.apache.http.impl.conn.PoolingHttpClientConnectionManager - Connection released: [id: 1][route: {s}->https://restdev1.tracking.thermoking.com:443][total available: 1; route allocated: 1 of 5; total allocated: 1 of 10]
21:17:29.667 [pool-2-thread-3] DEBUG org.apache.http.impl.conn.PoolingHttpClientConnectionManager - Connection released: [id: 0][route: {s}->https://restdev1.tracking.thermoking.com:443][total available: 1; route allocated: 1 of 5; total allocated: 1 of 10]
21:17:29.667 [pool-2-thread-2] DEBUG com.intuit.karate - response time in milliseconds: 1886.89
1 < 200
1 < Cache-Control: no-cache, no-store, max-age=0, must-revalidate
1 < Connection: keep-alive
1 < Content-Type: application/json;charset=UTF-8
1 < Date: Mon, 13 Sep 2021 15:47:29 GMT
1 < Expires: 0
1 < Pragma: no-cache
1 < Set-Cookie: [AWSALB=u4x+w8I5SN+ASDQCP+XgQ6ucosPDd8BxcrqGnN9EstyFdEumVhpiZaO8/78SnJecTY4sjeuBK/fZBL0E60ak75O+vKFJ/ImFFHUgauhYzupHKixp2VflyGa+MvxA; Expires=Mon, 20 Sep 2021 15:47:29 GMT; Path=/, AWSALBCORS=u4x+w8I5SN+ASDQCP+XgQ6ucosPDd8BxcrqGnN9EstyFdEumVhpiZaO8/78SnJecTY4sjeuBK/fZBL0E60ak75O+vKFJ/ImFFHUgauhYzupHKixp2VflyGa+MvxA; Expires=Mon, 20 Sep 2021 15:47:29 GMT; Path=/; SameSite=None; Secure]
1 < Transfer-Encoding: chunked
1 < X-Content-Type-Options: nosniff
1 < X-Frame-Options: DENY
1 < X-XSS-Protection: 1; mode=block
{"id":"0C7FFB8E-BE9D-4B51-8D61-CA10BF4503C4","accessToken":"eyJhbGciOiJIUzUxMiJ9.eyJpc3MiOiJDb25uZWN0ZWQgU29sdXRpb25zIiwiZXhwIjoxNjMxNzE2NjAwLCJqdGkiOiIwQzdGRkI4RS1CRTlELTRCNTEtOEQ2MS1DQTEwQkY0NTAzQzQifQ.yFt02SzWCF0E47cq1Oug1tm767-L1wmWV0K3WaCKbTkbzN2y0QsucU8Cb9c6Z4WmEZh4x0jper3xbX9ImMWi9w","accessRefreshToken":"394c92937b064689afbd0779e6d6eaca","expiresIn":446339,"_links":{"self":{"href":"http://restdev1.tracking.thermoking.com/connected-solutions/obtainToken"}}}

21:17:29.667 [pool-2-thread-3] DEBUG com.intuit.karate - response time in milliseconds: 1888.46
1 < 200
1 < Cache-Control: no-cache, no-store, max-age=0, must-revalidate
1 < Connection: keep-alive
1 < Content-Type: application/json;charset=UTF-8
1 < Date: Mon, 13 Sep 2021 15:47:29 GMT
1 < Expires: 0
1 < Pragma: no-cache
1 < Set-Cookie: [AWSALB=Ky0eXs8PKrmVD7JBP4ZxM535Bs+VTXV01biHw25Z8A/6oXJ4pU1pv4xZdGzjhz5qeOqKQUQhhQ3Bt82fo7KsUVjHYG0Mols8AENV41NON9e0wYqwB+5trN+JTY1B; Expires=Mon, 20 Sep 2021 15:47:29 GMT; Path=/, AWSALBCORS=Ky0eXs8PKrmVD7JBP4ZxM535Bs+VTXV01biHw25Z8A/6oXJ4pU1pv4xZdGzjhz5qeOqKQUQhhQ3Bt82fo7KsUVjHYG0Mols8AENV41NON9e0wYqwB+5trN+JTY1B; Expires=Mon, 20 Sep 2021 15:47:29 GMT; Path=/; SameSite=None; Secure]
1 < Transfer-Encoding: chunked
1 < X-Content-Type-Options: nosniff
1 < X-Frame-Options: DENY
1 < X-XSS-Protection: 1; mode=block
{"id":"5-UUvQsTkfI","accessToken":"eyJhbGciOiJIUzUxMiJ9.eyJpc3MiOiJDb25uZWN0ZWQgU29sdXRpb25zIiwiZXhwIjoxNjMxNzE2MTgzLCJqdGkiOiI1LVVVdlFzVGtmSSJ9.erDSc-omH9mTT8IE1Ja3vjLmO0t8HiMqg6xG0Z00LFpSUHQzhf9Sc6ynuDPCcPK0U8rrwHF9zVPQibHhV-uOTw","accessRefreshToken":"2ba4743b7fcb4758b3fe5bfa17ddde8e","expiresIn":445922,"_links":{"self":{"href":"http://restdev1.tracking.thermoking.com/connected-solutions/GetAuthToken"}}}

21:17:29.684 [pool-2-thread-2] DEBUG com.jayway.jsonpath.internal.path.CompiledPath - Evaluating path: $
21:17:29.684 [pool-2-thread-3] DEBUG com.jayway.jsonpath.internal.path.CompiledPath - Evaluating path: $
21:17:29.708 [pool-2-thread-2] INFO com.intuit.karate - [print] eyJhbGciOiJIUzUxMiJ9.eyJpc3MiOiJDb25uZWN0ZWQgU29sdXRpb25zIiwiZXhwIjoxNjMxNzE2NjAwLCJqdGkiOiIwQzdGRkI4RS1CRTlELTRCNTEtOEQ2MS1DQTEwQkY0NTAzQzQifQ.yFt02SzWCF0E47cq1Oug1tm767-L1wmWV0K3WaCKbTkbzN2y0QsucU8Cb9c6Z4WmEZh4x0jper3xbX9ImMWi9w
21:17:29.710 [pool-2-thread-3] INFO com.intuit.karate - [print] eyJhbGciOiJIUzUxMiJ9.eyJpc3MiOiJDb25uZWN0ZWQgU29sdXRpb25zIiwiZXhwIjoxNjMxNzE2MTgzLCJqdGkiOiI1LVVVdlFzVGtmSSJ9.erDSc-omH9mTT8IE1Ja3vjLmO0t8HiMqg6xG0Z00LFpSUHQzhf9Sc6ynuDPCcPK0U8rrwHF9zVPQibHhV-uOTw
21:17:29.716 [pool-2-thread-3] DEBUG com.jayway.jsonpath.internal.path.CompiledPath - Evaluating path: $
21:17:29.716 [pool-2-thread-2] DEBUG com.jayway.jsonpath.internal.path.CompiledPath - Evaluating path: $
21:17:29.716 [pool-2-thread-3] INFO com.intuit.karate - << lock released, cached callonce: read('FridgioAuthToken.feature')
21:17:29.717 [pool-2-thread-2] DEBUG com.jayway.jsonpath.internal.path.CompiledPath - Evaluating path: $
21:17:29.717 [pool-2-thread-2] DEBUG com.jayway.jsonpath.internal.path.CompiledPath - Evaluating path: $
21:17:29.717 [pool-2-thread-2] INFO com.intuit.karate - << lock released, cached callonce: read('TokenTwoWay.feature')
21:17:29.739 [pool-2-thread-2] DEBUG com.jayway.jsonpath.internal.path.CompiledPath - Evaluating path: $
21:17:29.739 [pool-2-thread-3] DEBUG com.jayway.jsonpath.internal.path.CompiledPath - Evaluating path: $
21:17:29.741 [pool-2-thread-2] INFO com.intuit.karate - [print] eyJhbGciOiJIUzUxMiJ9.eyJpc3MiOiJDb25uZWN0ZWQgU29sdXRpb25zIiwiZXhwIjoxNjMxNzE2NjAwLCJqdGkiOiIwQzdGRkI4RS1CRTlELTRCNTEtOEQ2MS1DQTEwQkY0NTAzQzQifQ.yFt02SzWCF0E47cq1Oug1tm767-L1wmWV0K3WaCKbTkbzN2y0QsucU8Cb9c6Z4WmEZh4x0jper3xbX9ImMWi9w
21:17:29.741 [pool-2-thread-3] INFO com.intuit.karate - [print] eyJhbGciOiJIUzUxMiJ9.eyJpc3MiOiJDb25uZWN0ZWQgU29sdXRpb25zIiwiZXhwIjoxNjMxNzE2MTgzLCJqdGkiOiI1LVVVdlFzVGtmSSJ9.erDSc-omH9mTT8IE1Ja3vjLmO0t8HiMqg6xG0Z00LFpSUHQzhf9Sc6ynuDPCcPK0U8rrwHF9zVPQibHhV-uOTw
21:17:29.751 [pool-2-thread-3] INFO com.intuit.karate - [print] data
21:17:29.766 [pool-2-thread-5] DEBUG org.apache.http.wire - http-outgoing-1 << "HTTP/1.1 200 OK[\r][\n]"
21:17:29.767 [pool-2-thread-5] DEBUG org.apache.http.wire - http-outgoing-1 << "Date: Mon, 13 Sep 2021 15:47:29 GMT[\r][\n]"
21:17:29.767 [pool-2-thread-5] DEBUG org.apache.http.wire - http-outgoing-1 << "Content-Type: text/xml;charset=UTF-8[\r][\n]"
21:17:29.767 [pool-2-thread-5] DEBUG org.apache.http.wire - http-outgoing-1 << "Content-Length: 486[\r][\n]"
21:17:29.767 [pool-2-thread-5] DEBUG org.apache.http.wire - http-outgoing-1 << "Connection: keep-alive[\r][\n]"
21:17:29.767 [pool-2-thread-5] DEBUG org.apache.http.wire - http-outgoing-1 << "Set-Cookie: AWSALBTG=cbP91vnzKTC0KEroq6K9we6ywBIw2aONOW6NMA1o9oavx3hKHm9nmO22iDDZVG9C+RT1G6wsRGIGmhO8HK8AKO3+YWTceNjYH1L2rLOIUST2U2TfnZcvm242JoiTOxWyGn8Ni8tXTUtfqaF//SSgDoALC4dBri//QMQZhFsx0zKl; Expires=Mon, 20 Sep 2021 15:47:29 GMT; Path=/[\r][\n]"
21:17:29.768 [pool-2-thread-5] DEBUG org.apache.http.wire - http-outgoing-1 << "Set-Cookie: AWSALBTGCORS=cbP91vnzKTC0KEroq6K9we6ywBIw2aONOW6NMA1o9oavx3hKHm9nmO22iDDZVG9C+RT1G6wsRGIGmhO8HK8AKO3+YWTceNjYH1L2rLOIUST2U2TfnZcvm242JoiTOxWyGn8Ni8tXTUtfqaF//SSgDoALC4dBri//QMQZhFsx0zKl; Expires=Mon, 20 Sep 2021 15:47:29 GMT; Path=/; SameSite=None; Secure[\r][\n]"
21:17:29.768 [pool-2-thread-5] DEBUG org.apache.http.wire - http-outgoing-1 << "Expires: 0[\r][\n]"
21:17:29.768 [pool-2-thread-5] DEBUG org.apache.http.wire - http-outgoing-1 << "Cache-Control: no-cache, no-store, must-revalidate[\r][\n]"
21:17:29.768 [pool-2-thread-5] DEBUG org.apache.http.wire - http-outgoing-1 << "X-Powered-By: Undertow/1[\r][\n]"
21:17:29.768 [pool-2-thread-5] DEBUG org.apache.http.wire - http-outgoing-1 << "Server: WildFly/10[\r][\n]"
21:17:29.769 [pool-2-thread-5] DEBUG org.apache.http.wire - http-outgoing-1 << "Pragma: no-cache[\r][\n]"
21:17:29.769 [pool-2-thread-5] DEBUG org.apache.http.wire - http-outgoing-1 << "[\r][\n]"
21:17:29.769 [pool-2-thread-5] DEBUG org.apache.http.wire - http-outgoing-1 << "<soap:Envelope xmlns:soap="http://schemas.xmlsoap.org/soap/envelope/"><SOAP-ENV:Header xmlns:SOAP-ENV="http://schemas.xmlsoap.org/soap/envelope/"/><soap:Body><ns2:updateSetPointResponse xmlns:ns2="http://service.jbossws.webservices.celtrak.com/"><requestReference><customerId>4560BD5E-BD7B-42B0-8DCB-627EB8454C72</customerId><requestIdentifier>q3468091</requestIdentifier><vehicleId>Bluebox India 2</vehicleId></requestReference></ns2:updateSetPointResponse></soap:Body></soap:Envelope>"
21:17:29.770 [pool-2-thread-5] DEBUG org.apache.http.headers - http-outgoing-1 << HTTP/1.1 200 OK
21:17:29.770 [pool-2-thread-5] DEBUG org.apache.http.headers - http-outgoing-1 << Date: Mon, 13 Sep 2021 15:47:29 GMT
21:17:29.770 [pool-2-thread-5] DEBUG org.apache.http.headers - http-outgoing-1 << Content-Type: text/xml;charset=UTF-8
21:17:29.770 [pool-2-thread-5] DEBUG org.apache.http.headers - http-outgoing-1 << Content-Length: 486
21:17:29.770 [pool-2-thread-5] DEBUG org.apache.http.headers - http-outgoing-1 << Connection: keep-alive
21:17:29.771 [pool-2-thread-5] DEBUG org.apache.http.headers - http-outgoing-1 << Set-Cookie: AWSALBTG=cbP91vnzKTC0KEroq6K9we6ywBIw2aONOW6NMA1o9oavx3hKHm9nmO22iDDZVG9C+RT1G6wsRGIGmhO8HK8AKO3+YWTceNjYH1L2rLOIUST2U2TfnZcvm242JoiTOxWyGn8Ni8tXTUtfqaF//SSgDoALC4dBri//QMQZhFsx0zKl; Expires=Mon, 20 Sep 2021 15:47:29 GMT; Path=/
21:17:29.771 [pool-2-thread-5] DEBUG org.apache.http.headers - http-outgoing-1 << Set-Cookie: AWSALBTGCORS=cbP91vnzKTC0KEroq6K9we6ywBIw2aONOW6NMA1o9oavx3hKHm9nmO22iDDZVG9C+RT1G6wsRGIGmhO8HK8AKO3+YWTceNjYH1L2rLOIUST2U2TfnZcvm242JoiTOxWyGn8Ni8tXTUtfqaF//SSgDoALC4dBri//QMQZhFsx0zKl; Expires=Mon, 20 Sep 2021 15:47:29 GMT; Path=/; SameSite=None; Secure
21:17:29.771 [pool-2-thread-5] DEBUG org.apache.http.headers - http-outgoing-1 << Expires: 0
21:17:29.771 [pool-2-thread-5] DEBUG org.apache.http.headers - http-outgoing-1 << Cache-Control: no-cache, no-store, must-revalidate
21:17:29.772 [pool-2-thread-5] DEBUG org.apache.http.headers - http-outgoing-1 << X-Powered-By: Undertow/1
21:17:29.772 [pool-2-thread-5] DEBUG org.apache.http.headers - http-outgoing-1 << Server: WildFly/10
21:17:29.772 [pool-2-thread-5] DEBUG org.apache.http.headers - http-outgoing-1 << Pragma: no-cache
21:17:29.773 [pool-2-thread-5] DEBUG org.apache.http.impl.execchain.MainClientExec - Connection can be kept alive indefinitely
21:17:29.776 [pool-2-thread-5] DEBUG org.apache.http.client.protocol.ResponseProcessCookies - Cookie accepted [AWSALBTG="cbP91vnzKTC0KEroq6K9we6ywBIw2aONOW6NMA1o9oavx3hKHm9nmO22iDDZVG9C+RT1G6wsRGIGmhO8HK8AKO3+YWTceNjYH1L2...", version:0, domain:soap.tracking.thermoking.com, path:/, expiry:Mon Sep 20 21:17:29 IST 2021]
21:17:29.779 [pool-2-thread-5] DEBUG org.apache.http.client.protocol.ResponseProcessCookies - Cookie accepted [AWSALBTGCORS="cbP91vnzKTC0KEroq6K9we6ywBIw2aONOW6NMA1o9oavx3hKHm9nmO22iDDZVG9C+RT1G6wsRGIGmhO8HK8AKO3+YWTceNjYH1L2...", version:0, domain:soap.tracking.thermoking.com, path:/, expiry:Mon Sep 20 21:17:29 IST 2021]
21:17:29.780 [pool-2-thread-5] DEBUG org.apache.http.impl.conn.PoolingHttpClientConnectionManager - Connection [id: 2][route: {s}->https://soap.tracking.thermoking.com:443] can be kept alive indefinitely
21:17:29.780 [pool-2-thread-5] DEBUG org.apache.http.impl.conn.DefaultManagedHttpClientConnection - http-outgoing-1: set socket timeout to 0
21:17:29.780 [pool-2-thread-5] DEBUG org.apache.http.impl.conn.PoolingHttpClientConnectionManager - Connection released: [id: 2][route: {s}->https://soap.tracking.thermoking.com:443][total available: 1; route allocated: 1 of 5; total allocated: 1 of 10]
21:17:29.780 [pool-2-thread-5] DEBUG com.intuit.karate - response time in milliseconds: 2006.97
1 < 200
1 < Cache-Control: no-cache, no-store, must-revalidate
1 < Connection: keep-alive
1 < Content-Length: 486
1 < Content-Type: text/xml;charset=UTF-8
1 < Date: Mon, 13 Sep 2021 15:47:29 GMT
1 < Expires: 0
1 < Pragma: no-cache
1 < Server: WildFly/10
1 < Set-Cookie: [AWSALBTG=cbP91vnzKTC0KEroq6K9we6ywBIw2aONOW6NMA1o9oavx3hKHm9nmO22iDDZVG9C+RT1G6wsRGIGmhO8HK8AKO3+YWTceNjYH1L2rLOIUST2U2TfnZcvm242JoiTOxWyGn8Ni8tXTUtfqaF//SSgDoALC4dBri//QMQZhFsx0zKl; Expires=Mon, 20 Sep 2021 15:47:29 GMT; Path=/, AWSALBTGCORS=cbP91vnzKTC0KEroq6K9we6ywBIw2aONOW6NMA1o9oavx3hKHm9nmO22iDDZVG9C+RT1G6wsRGIGmhO8HK8AKO3+YWTceNjYH1L2rLOIUST2U2TfnZcvm242JoiTOxWyGn8Ni8tXTUtfqaF//SSgDoALC4dBri//QMQZhFsx0zKl; Expires=Mon, 20 Sep 2021 15:47:29 GMT; Path=/; SameSite=None; Secure]
1 < X-Powered-By: Undertow/1
<soap:Envelope xmlns:soap="http://schemas.xmlsoap.org/soap/envelope/"><SOAP-ENV:Header xmlns:SOAP-ENV="http://schemas.xmlsoap.org/soap/envelope/"/><soap:Body><ns2:updateSetPointResponse xmlns:ns2="http://service.jbossws.webservices.celtrak.com/"><requestReference><customerId>4560BD5E-BD7B-42B0-8DCB-627EB8454C72</customerId><requestIdentifier>q3468091</requestIdentifier><vehicleId>Bluebox India 2</vehicleId></requestReference></ns2:updateSetPointResponse></soap:Body></soap:Envelope>

21:17:29.783 [pool-2-thread-2] DEBUG com.jayway.jsonpath.internal.path.CompiledPath - Evaluating path: $
21:17:29.790 [pool-2-thread-5] INFO com.intuit.karate - [print] <soap:Envelope xmlns:soap="http://schemas.xmlsoap.org/soap/envelope/">
  <SOAP-ENV:Header xmlns:SOAP-ENV="http://schemas.xmlsoap.org/soap/envelope/"/>
  <soap:Body>
    <ns2:updateSetPointResponse xmlns:ns2="http://service.jbossws.webservices.celtrak.com/">
      <requestReference>
        <customerId>4560BD5E-BD7B-42B0-8DCB-627EB8454C72</customerId>
        <requestIdentifier>q3468091</requestIdentifier>
        <vehicleId>Bluebox India 2</vehicleId>
      </requestReference>
    </ns2:updateSetPointResponse>
  </soap:Body>
</soap:Envelope>

21:17:29.801 [pool-2-thread-2] DEBUG org.apache.http.client.protocol.RequestAddCookies - CookieSpec selected: karate
21:17:29.802 [pool-2-thread-2] DEBUG org.apache.http.client.protocol.RequestAuthCache - Auth cache not set in the context
21:17:29.802 [pool-2-thread-2] DEBUG com.intuit.karate - request:
1 > POST https://restdev1.tracking.thermoking.com/connected-solutions/updateSetPoint/?vehicles=Test+Vehicle+1&zone=1&setpoint=2
1 > Accept-Encoding: gzip,deflate
1 > Connection: Keep-Alive
1 > Content-Length: 68
1 > Content-Type: application/json; charset=UTF-8
1 > Host: restdev1.tracking.thermoking.com
1 > User-Agent: Apache-HttpClient/4.5.11 (Java/1.8.0_121)
1 > X-External-ID: 0C7FFB8E-BE9D-4B51-8D61-CA10BF4503C4
1 > X-OAUTH2-Token: eyJhbGciOiJIUzUxMiJ9.eyJpc3MiOiJDb25uZWN0ZWQgU29sdXRpb25zIiwiZXhwIjoxNjMxNzE2NjAwLCJqdGkiOiIwQzdGRkI4RS1CRTlELTRCNTEtOEQ2MS1DQTEwQkY0NTAzQzQifQ.yFt02SzWCF0E47cq1Oug1tm767-L1wmWV0K3WaCKbTkbzN2y0QsucU8Cb9c6Z4WmEZh4x0jper3xbX9ImMWi9w
{"userName":"webservice.user214@MISSING.COM","password":"Pass@1234"}

21:17:29.803 [pool-2-thread-2] DEBUG org.apache.http.impl.conn.PoolingHttpClientConnectionManager - Connection request: [route: {s}->https://restdev1.tracking.thermoking.com:443][total available: 0; route allocated: 0 of 5; total allocated: 0 of 10]
21:17:29.804 [pool-2-thread-2] DEBUG org.apache.http.impl.conn.PoolingHttpClientConnectionManager - Connection leased: [id: 3][route: {s}->https://restdev1.tracking.thermoking.com:443][total available: 0; route allocated: 1 of 5; total allocated: 1 of 10]
21:17:29.806 [pool-2-thread-3] WARN com.intuit.karate - skipping bootstrap configuration: could not find or read file: classpath:karate-config.js
21:17:29.810 [pool-2-thread-2] DEBUG org.apache.http.impl.execchain.MainClientExec - Opening connection {s}->https://restdev1.tracking.thermoking.com:443
21:17:29.812 [pool-2-thread-2] DEBUG org.apache.http.impl.conn.DefaultHttpClientConnectionOperator - Connecting to restdev1.tracking.thermoking.com/34.238.21.160:443
21:17:29.812 [pool-2-thread-2] DEBUG org.apache.http.conn.ssl.LenientSslConnectionSocketFactory - Connecting socket to restdev1.tracking.thermoking.com/34.238.21.160:443 with timeout 30000
21:17:29.823 [pool-2-thread-3] DEBUG com.jayway.jsonpath.internal.path.CompiledPath - Evaluating path: $
21:17:29.826 [pool-2-thread-3] INFO com.intuit.karate - [print] eyJhbGciOiJIUzUxMiJ9.eyJpc3MiOiJDb25uZWN0ZWQgU29sdXRpb25zIiwiZXhwIjoxNjMxNzE2MTgzLCJqdGkiOiI1LVVVdlFzVGtmSSJ9.erDSc-omH9mTT8IE1Ja3vjLmO0t8HiMqg6xG0Z00LFpSUHQzhf9Sc6ynuDPCcPK0U8rrwHF9zVPQibHhV-uOTw
21:17:29.826 [pool-2-thread-3] INFO com.intuit.karate - [print] eyJhbGciOiJIUzUxMiJ9.eyJpc3MiOiJDb25uZWN0ZWQgU29sdXRpb25zIiwiZXhwIjoxNjMxNzE2MTgzLCJqdGkiOiI1LVVVdlFzVGtmSSJ9.erDSc-omH9mTT8IE1Ja3vjLmO0t8HiMqg6xG0Z00LFpSUHQzhf9Sc6ynuDPCcPK0U8rrwHF9zVPQibHhV-uOTw
21:17:29.872 [pool-2-thread-3] INFO com.intuit.karate - [print] 
21:17:29.880 [pool-2-thread-3] DEBUG com.jayway.jsonpath.internal.path.CompiledPath - Evaluating path: $
21:17:29.880 [pool-2-thread-3] DEBUG com.jayway.jsonpath.internal.path.CompiledPath - Evaluating path: $
21:17:29.881 [pool-2-thread-3] DEBUG com.jayway.jsonpath.internal.path.CompiledPath - Evaluating path: $
21:17:29.883 [pool-2-thread-3] DEBUG org.apache.http.client.protocol.RequestAddCookies - CookieSpec selected: karate
21:17:29.883 [pool-2-thread-3] DEBUG org.apache.http.client.protocol.RequestAuthCache - Auth cache not set in the context
21:17:29.884 [pool-2-thread-3] DEBUG com.intuit.karate - request:
1 > POST https://restdev1.tracking.thermoking.com/connected-solutions/GetCarrierVehicleList/?externalCarrierId=52D0B083-E9B7-47F6-9BAA-D22951DD1E50
1 > Accept-Encoding: gzip,deflate
1 > Connection: Keep-Alive
1 > Content-Length: 72
1 > Content-Type: application/json; charset=UTF-8
1 > Host: restdev1.tracking.thermoking.com
1 > User-Agent: Apache-HttpClient/4.5.11 (Java/1.8.0_121)
1 > X-External-ID: 5-UUvQsTkfI
1 > X-OAUTH2-Token: eyJhbGciOiJIUzUxMiJ9.eyJpc3MiOiJDb25uZWN0ZWQgU29sdXRpb25zIiwiZXhwIjoxNjMxNzE2MTgzLCJqdGkiOiI1LVVVdlFzVGtmSSJ9.erDSc-omH9mTT8IE1Ja3vjLmO0t8HiMqg6xG0Z00LFpSUHQzhf9Sc6ynuDPCcPK0U8rrwHF9zVPQibHhV-uOTw
{"userName":"webservice.usertp01@demosystem.com","password":"Pass@1234"}

21:17:29.884 [pool-2-thread-3] DEBUG org.apache.http.impl.conn.PoolingHttpClientConnectionManager - Connection request: [route: {s}->https://restdev1.tracking.thermoking.com:443][total available: 0; route allocated: 0 of 5; total allocated: 0 of 10]
21:17:29.884 [pool-2-thread-3] DEBUG org.apache.http.impl.conn.PoolingHttpClientConnectionManager - Connection leased: [id: 4][route: {s}->https://restdev1.tracking.thermoking.com:443][total available: 0; route allocated: 1 of 5; total allocated: 1 of 10]
21:17:29.884 [pool-2-thread-3] DEBUG org.apache.http.impl.execchain.MainClientExec - Opening connection {s}->https://restdev1.tracking.thermoking.com:443
21:17:29.884 [pool-2-thread-3] DEBUG org.apache.http.impl.conn.DefaultHttpClientConnectionOperator - Connecting to restdev1.tracking.thermoking.com/34.238.21.160:443
21:17:29.885 [pool-2-thread-3] DEBUG org.apache.http.conn.ssl.LenientSslConnectionSocketFactory - Connecting socket to restdev1.tracking.thermoking.com/34.238.21.160:443 with timeout 30000
21:17:29.889 [pool-2-thread-5] INFO com.intuit.karate - [print] q3468091
21:17:29.890 [pool-2-thread-5] DEBUG com.jayway.jsonpath.internal.path.CompiledPath - Evaluating path: $
21:17:29.894 [pool-2-thread-5] DEBUG com.jayway.jsonpath.internal.path.CompiledPath - Evaluating path: $['requestIdentifier']
21:17:29.894 [pool-2-thread-5] DEBUG com.jayway.jsonpath.internal.JsonContext - Set path $['requestIdentifier'] new value q3468091
21:17:29.903 [pool-2-thread-5] DEBUG com.jayway.jsonpath.internal.path.CompiledPath - Evaluating path: $
21:17:29.909 [pool-2-thread-5] INFO com.intuit.karate - scenario called at line: 21 by tag: @requestStatus
21:17:29.916 [pool-2-thread-5] DEBUG com.jayway.jsonpath.internal.path.CompiledPath - Evaluating path: $
21:17:29.917 [pool-2-thread-5] DEBUG com.jayway.jsonpath.internal.path.CompiledPath - Evaluating path: $
21:17:29.919 [pool-2-thread-5] DEBUG com.jayway.jsonpath.internal.path.CompiledPath - Evaluating path: $
21:17:30.068 [pool-2-thread-2] DEBUG org.apache.http.conn.ssl.LenientSslConnectionSocketFactory - Enabled protocols: [TLSv1, TLSv1.1, TLSv1.2]
21:17:30.068 [pool-2-thread-2] DEBUG org.apache.http.conn.ssl.LenientSslConnectionSocketFactory - Enabled cipher suites:[TLS_ECDHE_ECDSA_WITH_AES_128_CBC_SHA256, TLS_ECDHE_RSA_WITH_AES_128_CBC_SHA256, TLS_RSA_WITH_AES_128_CBC_SHA256, TLS_ECDH_ECDSA_WITH_AES_128_CBC_SHA256, TLS_ECDH_RSA_WITH_AES_128_CBC_SHA256, TLS_DHE_RSA_WITH_AES_128_CBC_SHA256, TLS_DHE_DSS_WITH_AES_128_CBC_SHA256, TLS_ECDHE_ECDSA_WITH_AES_128_CBC_SHA, TLS_ECDHE_RSA_WITH_AES_128_CBC_SHA, TLS_RSA_WITH_AES_128_CBC_SHA, TLS_ECDH_ECDSA_WITH_AES_128_CBC_SHA, TLS_ECDH_RSA_WITH_AES_128_CBC_SHA, TLS_DHE_RSA_WITH_AES_128_CBC_SHA, TLS_DHE_DSS_WITH_AES_128_CBC_SHA, TLS_ECDHE_ECDSA_WITH_AES_128_GCM_SHA256, TLS_ECDHE_RSA_WITH_AES_128_GCM_SHA256, TLS_RSA_WITH_AES_128_GCM_SHA256, TLS_ECDH_ECDSA_WITH_AES_128_GCM_SHA256, TLS_ECDH_RSA_WITH_AES_128_GCM_SHA256, TLS_DHE_RSA_WITH_AES_128_GCM_SHA256, TLS_DHE_DSS_WITH_AES_128_GCM_SHA256, TLS_EMPTY_RENEGOTIATION_INFO_SCSV]
21:17:30.068 [pool-2-thread-2] DEBUG org.apache.http.conn.ssl.LenientSslConnectionSocketFactory - Starting handshake
21:17:30.139 [pool-2-thread-3] DEBUG org.apache.http.conn.ssl.LenientSslConnectionSocketFactory - Enabled protocols: [TLSv1, TLSv1.1, TLSv1.2]
21:17:30.140 [pool-2-thread-3] DEBUG org.apache.http.conn.ssl.LenientSslConnectionSocketFactory - Enabled cipher suites:[TLS_ECDHE_ECDSA_WITH_AES_128_CBC_SHA256, TLS_ECDHE_RSA_WITH_AES_128_CBC_SHA256, TLS_RSA_WITH_AES_128_CBC_SHA256, TLS_ECDH_ECDSA_WITH_AES_128_CBC_SHA256, TLS_ECDH_RSA_WITH_AES_128_CBC_SHA256, TLS_DHE_RSA_WITH_AES_128_CBC_SHA256, TLS_DHE_DSS_WITH_AES_128_CBC_SHA256, TLS_ECDHE_ECDSA_WITH_AES_128_CBC_SHA, TLS_ECDHE_RSA_WITH_AES_128_CBC_SHA, TLS_RSA_WITH_AES_128_CBC_SHA, TLS_ECDH_ECDSA_WITH_AES_128_CBC_SHA, TLS_ECDH_RSA_WITH_AES_128_CBC_SHA, TLS_DHE_RSA_WITH_AES_128_CBC_SHA, TLS_DHE_DSS_WITH_AES_128_CBC_SHA, TLS_ECDHE_ECDSA_WITH_AES_128_GCM_SHA256, TLS_ECDHE_RSA_WITH_AES_128_GCM_SHA256, TLS_RSA_WITH_AES_128_GCM_SHA256, TLS_ECDH_ECDSA_WITH_AES_128_GCM_SHA256, TLS_ECDH_RSA_WITH_AES_128_GCM_SHA256, TLS_DHE_RSA_WITH_AES_128_GCM_SHA256, TLS_DHE_DSS_WITH_AES_128_GCM_SHA256, TLS_EMPTY_RENEGOTIATION_INFO_SCSV]
21:17:30.140 [pool-2-thread-3] DEBUG org.apache.http.conn.ssl.LenientSslConnectionSocketFactory - Starting handshake
21:17:30.721 [pool-2-thread-2] DEBUG org.apache.http.conn.ssl.LenientSslConnectionSocketFactory - Secure session established
21:17:30.721 [pool-2-thread-2] DEBUG org.apache.http.conn.ssl.LenientSslConnectionSocketFactory -  negotiated protocol: TLSv1.2
21:17:30.721 [pool-2-thread-3] DEBUG org.apache.http.conn.ssl.LenientSslConnectionSocketFactory - Secure session established
21:17:30.721 [pool-2-thread-2] DEBUG org.apache.http.conn.ssl.LenientSslConnectionSocketFactory -  negotiated cipher suite: TLS_ECDHE_RSA_WITH_AES_128_GCM_SHA256
21:17:30.721 [pool-2-thread-3] DEBUG org.apache.http.conn.ssl.LenientSslConnectionSocketFactory -  negotiated protocol: TLSv1.2
21:17:30.721 [pool-2-thread-2] DEBUG org.apache.http.conn.ssl.LenientSslConnectionSocketFactory -  peer principal: CN=*.tracking.thermoking.com
21:17:30.721 [pool-2-thread-3] DEBUG org.apache.http.conn.ssl.LenientSslConnectionSocketFactory -  negotiated cipher suite: TLS_ECDHE_RSA_WITH_AES_128_GCM_SHA256
21:17:30.722 [pool-2-thread-2] DEBUG org.apache.http.conn.ssl.LenientSslConnectionSocketFactory -  peer alternative names: [*.tracking.thermoking.com]
21:17:30.722 [pool-2-thread-3] DEBUG org.apache.http.conn.ssl.LenientSslConnectionSocketFactory -  peer principal: CN=*.tracking.thermoking.com
21:17:30.722 [pool-2-thread-2] DEBUG org.apache.http.conn.ssl.LenientSslConnectionSocketFactory -  issuer principal: CN=Amazon, OU=Server CA 1B, O=Amazon, C=US
21:17:30.722 [pool-2-thread-3] DEBUG org.apache.http.conn.ssl.LenientSslConnectionSocketFactory -  peer alternative names: [*.tracking.thermoking.com]
21:17:30.722 [pool-2-thread-3] DEBUG org.apache.http.conn.ssl.LenientSslConnectionSocketFactory -  issuer principal: CN=Amazon, OU=Server CA 1B, O=Amazon, C=US
21:17:30.722 [pool-2-thread-3] DEBUG org.apache.http.impl.conn.DefaultHttpClientConnectionOperator - Connection established 10.200.54.16:62657<->34.238.21.160:443
21:17:30.722 [pool-2-thread-2] DEBUG org.apache.http.impl.conn.DefaultHttpClientConnectionOperator - Connection established 10.200.54.16:62656<->34.238.21.160:443
21:17:30.723 [pool-2-thread-3] DEBUG org.apache.http.impl.conn.DefaultManagedHttpClientConnection - http-outgoing-4: set socket timeout to 30000
21:17:30.723 [pool-2-thread-2] DEBUG org.apache.http.impl.conn.DefaultManagedHttpClientConnection - http-outgoing-3: set socket timeout to 30000
21:17:30.723 [pool-2-thread-3] DEBUG org.apache.http.impl.execchain.MainClientExec - Executing request POST /connected-solutions/GetCarrierVehicleList/?externalCarrierId=52D0B083-E9B7-47F6-9BAA-D22951DD1E50 HTTP/1.1
21:17:30.723 [pool-2-thread-2] DEBUG org.apache.http.impl.execchain.MainClientExec - Executing request POST /connected-solutions/updateSetPoint/?vehicles=Test+Vehicle+1&zone=1&setpoint=2 HTTP/1.1
21:17:30.723 [pool-2-thread-3] DEBUG org.apache.http.impl.execchain.MainClientExec - Target auth state: UNCHALLENGED
21:17:30.723 [pool-2-thread-2] DEBUG org.apache.http.impl.execchain.MainClientExec - Target auth state: UNCHALLENGED
21:17:30.723 [pool-2-thread-3] DEBUG org.apache.http.impl.execchain.MainClientExec - Proxy auth state: UNCHALLENGED
21:17:30.723 [pool-2-thread-2] DEBUG org.apache.http.impl.execchain.MainClientExec - Proxy auth state: UNCHALLENGED
21:17:30.723 [pool-2-thread-3] DEBUG org.apache.http.headers - http-outgoing-4 >> POST /connected-solutions/GetCarrierVehicleList/?externalCarrierId=52D0B083-E9B7-47F6-9BAA-D22951DD1E50 HTTP/1.1
21:17:30.724 [pool-2-thread-2] DEBUG org.apache.http.headers - http-outgoing-3 >> POST /connected-solutions/updateSetPoint/?vehicles=Test+Vehicle+1&zone=1&setpoint=2 HTTP/1.1
21:17:30.724 [pool-2-thread-3] DEBUG org.apache.http.headers - http-outgoing-4 >> X-OAUTH2-Token: eyJhbGciOiJIUzUxMiJ9.eyJpc3MiOiJDb25uZWN0ZWQgU29sdXRpb25zIiwiZXhwIjoxNjMxNzE2MTgzLCJqdGkiOiI1LVVVdlFzVGtmSSJ9.erDSc-omH9mTT8IE1Ja3vjLmO0t8HiMqg6xG0Z00LFpSUHQzhf9Sc6ynuDPCcPK0U8rrwHF9zVPQibHhV-uOTw
21:17:30.724 [pool-2-thread-3] DEBUG org.apache.http.headers - http-outgoing-4 >> X-External-ID: 5-UUvQsTkfI
21:17:30.724 [pool-2-thread-3] DEBUG org.apache.http.headers - http-outgoing-4 >> Content-Type: application/json; charset=UTF-8
21:17:30.724 [pool-2-thread-3] DEBUG org.apache.http.headers - http-outgoing-4 >> Content-Length: 72
21:17:30.724 [pool-2-thread-2] DEBUG org.apache.http.headers - http-outgoing-3 >> X-OAUTH2-Token: eyJhbGciOiJIUzUxMiJ9.eyJpc3MiOiJDb25uZWN0ZWQgU29sdXRpb25zIiwiZXhwIjoxNjMxNzE2NjAwLCJqdGkiOiIwQzdGRkI4RS1CRTlELTRCNTEtOEQ2MS1DQTEwQkY0NTAzQzQifQ.yFt02SzWCF0E47cq1Oug1tm767-L1wmWV0K3WaCKbTkbzN2y0QsucU8Cb9c6Z4WmEZh4x0jper3xbX9ImMWi9w
21:17:30.724 [pool-2-thread-3] DEBUG org.apache.http.headers - http-outgoing-4 >> Host: restdev1.tracking.thermoking.com
21:17:30.724 [pool-2-thread-2] DEBUG org.apache.http.headers - http-outgoing-3 >> X-External-ID: 0C7FFB8E-BE9D-4B51-8D61-CA10BF4503C4
21:17:30.724 [pool-2-thread-3] DEBUG org.apache.http.headers - http-outgoing-4 >> Connection: Keep-Alive
21:17:30.724 [pool-2-thread-3] DEBUG org.apache.http.headers - http-outgoing-4 >> User-Agent: Apache-HttpClient/4.5.11 (Java/1.8.0_121)
21:17:30.724 [pool-2-thread-3] DEBUG org.apache.http.headers - http-outgoing-4 >> Accept-Encoding: gzip,deflate
21:17:30.724 [pool-2-thread-2] DEBUG org.apache.http.headers - http-outgoing-3 >> Content-Type: application/json; charset=UTF-8
21:17:30.724 [pool-2-thread-3] DEBUG org.apache.http.wire - http-outgoing-4 >> "POST /connected-solutions/GetCarrierVehicleList/?externalCarrierId=52D0B083-E9B7-47F6-9BAA-D22951DD1E50 HTTP/1.1[\r][\n]"
21:17:30.724 [pool-2-thread-2] DEBUG org.apache.http.headers - http-outgoing-3 >> Content-Length: 68
21:17:30.725 [pool-2-thread-2] DEBUG org.apache.http.headers - http-outgoing-3 >> Host: restdev1.tracking.thermoking.com
21:17:30.725 [pool-2-thread-3] DEBUG org.apache.http.wire - http-outgoing-4 >> "X-OAUTH2-Token: eyJhbGciOiJIUzUxMiJ9.eyJpc3MiOiJDb25uZWN0ZWQgU29sdXRpb25zIiwiZXhwIjoxNjMxNzE2MTgzLCJqdGkiOiI1LVVVdlFzVGtmSSJ9.erDSc-omH9mTT8IE1Ja3vjLmO0t8HiMqg6xG0Z00LFpSUHQzhf9Sc6ynuDPCcPK0U8rrwHF9zVPQibHhV-uOTw[\r][\n]"
21:17:30.725 [pool-2-thread-3] DEBUG org.apache.http.wire - http-outgoing-4 >> "X-External-ID: 5-UUvQsTkfI[\r][\n]"
21:17:30.725 [pool-2-thread-2] DEBUG org.apache.http.headers - http-outgoing-3 >> Connection: Keep-Alive
21:17:30.725 [pool-2-thread-3] DEBUG org.apache.http.wire - http-outgoing-4 >> "Content-Type: application/json; charset=UTF-8[\r][\n]"
21:17:30.725 [pool-2-thread-2] DEBUG org.apache.http.headers - http-outgoing-3 >> User-Agent: Apache-HttpClient/4.5.11 (Java/1.8.0_121)
21:17:30.725 [pool-2-thread-3] DEBUG org.apache.http.wire - http-outgoing-4 >> "Content-Length: 72[\r][\n]"
21:17:30.725 [pool-2-thread-2] DEBUG org.apache.http.headers - http-outgoing-3 >> Accept-Encoding: gzip,deflate
21:17:30.725 [pool-2-thread-3] DEBUG org.apache.http.wire - http-outgoing-4 >> "Host: restdev1.tracking.thermoking.com[\r][\n]"
21:17:30.725 [pool-2-thread-3] DEBUG org.apache.http.wire - http-outgoing-4 >> "Connection: Keep-Alive[\r][\n]"
21:17:30.725 [pool-2-thread-3] DEBUG org.apache.http.wire - http-outgoing-4 >> "User-Agent: Apache-HttpClient/4.5.11 (Java/1.8.0_121)[\r][\n]"
21:17:30.725 [pool-2-thread-2] DEBUG org.apache.http.wire - http-outgoing-3 >> "POST /connected-solutions/updateSetPoint/?vehicles=Test+Vehicle+1&zone=1&setpoint=2 HTTP/1.1[\r][\n]"
21:17:30.725 [pool-2-thread-3] DEBUG org.apache.http.wire - http-outgoing-4 >> "Accept-Encoding: gzip,deflate[\r][\n]"
21:17:30.725 [pool-2-thread-3] DEBUG org.apache.http.wire - http-outgoing-4 >> "[\r][\n]"
21:17:30.725 [pool-2-thread-2] DEBUG org.apache.http.wire - http-outgoing-3 >> "X-OAUTH2-Token: eyJhbGciOiJIUzUxMiJ9.eyJpc3MiOiJDb25uZWN0ZWQgU29sdXRpb25zIiwiZXhwIjoxNjMxNzE2NjAwLCJqdGkiOiIwQzdGRkI4RS1CRTlELTRCNTEtOEQ2MS1DQTEwQkY0NTAzQzQifQ.yFt02SzWCF0E47cq1Oug1tm767-L1wmWV0K3WaCKbTkbzN2y0QsucU8Cb9c6Z4WmEZh4x0jper3xbX9ImMWi9w[\r][\n]"
21:17:30.725 [pool-2-thread-3] DEBUG org.apache.http.wire - http-outgoing-4 >> "{"userName":"webservice.usertp01@demosystem.com","password":"Pass@1234"}"
21:17:30.725 [pool-2-thread-2] DEBUG org.apache.http.wire - http-outgoing-3 >> "X-External-ID: 0C7FFB8E-BE9D-4B51-8D61-CA10BF4503C4[\r][\n]"
21:17:30.726 [pool-2-thread-2] DEBUG org.apache.http.wire - http-outgoing-3 >> "Content-Type: application/json; charset=UTF-8[\r][\n]"
21:17:30.726 [pool-2-thread-2] DEBUG org.apache.http.wire - http-outgoing-3 >> "Content-Length: 68[\r][\n]"
21:17:30.726 [pool-2-thread-2] DEBUG org.apache.http.wire - http-outgoing-3 >> "Host: restdev1.tracking.thermoking.com[\r][\n]"
21:17:30.726 [pool-2-thread-2] DEBUG org.apache.http.wire - http-outgoing-3 >> "Connection: Keep-Alive[\r][\n]"
21:17:30.726 [pool-2-thread-2] DEBUG org.apache.http.wire - http-outgoing-3 >> "User-Agent: Apache-HttpClient/4.5.11 (Java/1.8.0_121)[\r][\n]"
21:17:30.726 [pool-2-thread-2] DEBUG org.apache.http.wire - http-outgoing-3 >> "Accept-Encoding: gzip,deflate[\r][\n]"
21:17:30.726 [pool-2-thread-2] DEBUG org.apache.http.wire - http-outgoing-3 >> "[\r][\n]"
21:17:30.726 [pool-2-thread-2] DEBUG org.apache.http.wire - http-outgoing-3 >> "{"userName":"webservice.user214@MISSING.COM","password":"Pass@1234"}"
21:17:31.131 [pool-2-thread-3] DEBUG org.apache.http.wire - http-outgoing-4 << "HTTP/1.1 401 [\r][\n]"
21:17:31.131 [pool-2-thread-3] DEBUG org.apache.http.wire - http-outgoing-4 << "Date: Mon, 13 Sep 2021 15:47:30 GMT[\r][\n]"
21:17:31.131 [pool-2-thread-3] DEBUG org.apache.http.wire - http-outgoing-4 << "Content-Type: application/json;charset=UTF-8[\r][\n]"
21:17:31.131 [pool-2-thread-3] DEBUG org.apache.http.wire - http-outgoing-4 << "Transfer-Encoding: chunked[\r][\n]"
21:17:31.131 [pool-2-thread-3] DEBUG org.apache.http.wire - http-outgoing-4 << "Connection: keep-alive[\r][\n]"
21:17:31.131 [pool-2-thread-3] DEBUG org.apache.http.wire - http-outgoing-4 << "Set-Cookie: AWSALB=xdC1Q9ReAHA57jgyiLE4wg+iyYuHAUcWM4ADOwG6ZJ3NRfSBpW1NPToxo6jQPtYbhNepPL6JnFvP2q7g0mve33DLNdHcJimz/uCUfpAe/tzE5rHGe+HFzII4WE5a; Expires=Mon, 20 Sep 2021 15:47:30 GMT; Path=/[\r][\n]"
21:17:31.131 [pool-2-thread-3] DEBUG org.apache.http.wire - http-outgoing-4 << "Set-Cookie: AWSALBCORS=xdC1Q9ReAHA57jgyiLE4wg+iyYuHAUcWM4ADOwG6ZJ3NRfSBpW1NPToxo6jQPtYbhNepPL6JnFvP2q7g0mve33DLNdHcJimz/uCUfpAe/tzE5rHGe+HFzII4WE5a; Expires=Mon, 20 Sep 2021 15:47:30 GMT; Path=/; SameSite=None; Secure[\r][\n]"
21:17:31.131 [pool-2-thread-3] DEBUG org.apache.http.wire - http-outgoing-4 << "X-Content-Type-Options: nosniff[\r][\n]"
21:17:31.131 [pool-2-thread-3] DEBUG org.apache.http.wire - http-outgoing-4 << "X-XSS-Protection: 1; mode=block[\r][\n]"
21:17:31.131 [pool-2-thread-3] DEBUG org.apache.http.wire - http-outgoing-4 << "Cache-Control: no-cache, no-store, max-age=0, must-revalidate[\r][\n]"
21:17:31.131 [pool-2-thread-3] DEBUG org.apache.http.wire - http-outgoing-4 << "Pragma: no-cache[\r][\n]"
21:17:31.131 [pool-2-thread-3] DEBUG org.apache.http.wire - http-outgoing-4 << "Expires: 0[\r][\n]"
21:17:31.131 [pool-2-thread-3] DEBUG org.apache.http.wire - http-outgoing-4 << "X-Frame-Options: DENY[\r][\n]"
21:17:31.131 [pool-2-thread-3] DEBUG org.apache.http.wire - http-outgoing-4 << "[\r][\n]"
21:17:31.131 [pool-2-thread-3] DEBUG org.apache.http.wire - http-outgoing-4 << "ad[\r][\n]"
21:17:31.131 [pool-2-thread-3] DEBUG org.apache.http.wire - http-outgoing-4 << "{"timestamp":"2021-09-13T15:47:30.904+0000","status":401,"error":"Unauthorized","message":"Invalid Carrier External Id","path":"/connected-solutions/GetCarrierVehicleList/"}[\r][\n]"
21:17:31.131 [pool-2-thread-3] DEBUG org.apache.http.headers - http-outgoing-4 << HTTP/1.1 401 
21:17:31.131 [pool-2-thread-3] DEBUG org.apache.http.headers - http-outgoing-4 << Date: Mon, 13 Sep 2021 15:47:30 GMT
21:17:31.131 [pool-2-thread-3] DEBUG org.apache.http.headers - http-outgoing-4 << Content-Type: application/json;charset=UTF-8
21:17:31.131 [pool-2-thread-3] DEBUG org.apache.http.headers - http-outgoing-4 << Transfer-Encoding: chunked
21:17:31.132 [pool-2-thread-3] DEBUG org.apache.http.headers - http-outgoing-4 << Connection: keep-alive
21:17:31.132 [pool-2-thread-3] DEBUG org.apache.http.headers - http-outgoing-4 << Set-Cookie: AWSALB=xdC1Q9ReAHA57jgyiLE4wg+iyYuHAUcWM4ADOwG6ZJ3NRfSBpW1NPToxo6jQPtYbhNepPL6JnFvP2q7g0mve33DLNdHcJimz/uCUfpAe/tzE5rHGe+HFzII4WE5a; Expires=Mon, 20 Sep 2021 15:47:30 GMT; Path=/
21:17:31.132 [pool-2-thread-3] DEBUG org.apache.http.headers - http-outgoing-4 << Set-Cookie: AWSALBCORS=xdC1Q9ReAHA57jgyiLE4wg+iyYuHAUcWM4ADOwG6ZJ3NRfSBpW1NPToxo6jQPtYbhNepPL6JnFvP2q7g0mve33DLNdHcJimz/uCUfpAe/tzE5rHGe+HFzII4WE5a; Expires=Mon, 20 Sep 2021 15:47:30 GMT; Path=/; SameSite=None; Secure
21:17:31.132 [pool-2-thread-3] DEBUG org.apache.http.headers - http-outgoing-4 << X-Content-Type-Options: nosniff
21:17:31.132 [pool-2-thread-3] DEBUG org.apache.http.headers - http-outgoing-4 << X-XSS-Protection: 1; mode=block
21:17:31.132 [pool-2-thread-3] DEBUG org.apache.http.headers - http-outgoing-4 << Cache-Control: no-cache, no-store, max-age=0, must-revalidate
21:17:31.132 [pool-2-thread-3] DEBUG org.apache.http.headers - http-outgoing-4 << Pragma: no-cache
21:17:31.132 [pool-2-thread-3] DEBUG org.apache.http.headers - http-outgoing-4 << Expires: 0
21:17:31.132 [pool-2-thread-3] DEBUG org.apache.http.headers - http-outgoing-4 << X-Frame-Options: DENY
21:17:31.132 [pool-2-thread-3] DEBUG org.apache.http.impl.execchain.MainClientExec - Connection can be kept alive indefinitely
21:17:31.132 [pool-2-thread-3] DEBUG org.apache.http.impl.auth.HttpAuthenticator - Authentication required
21:17:31.132 [pool-2-thread-3] DEBUG org.apache.http.impl.auth.HttpAuthenticator - restdev1.tracking.thermoking.com:443 requested authentication
21:17:31.132 [pool-2-thread-3] DEBUG org.apache.http.impl.auth.HttpAuthenticator - Response contains no authentication challenges
21:17:31.133 [pool-2-thread-3] DEBUG org.apache.http.client.protocol.ResponseProcessCookies - Cookie accepted [AWSALB="xdC1Q9ReAHA57jgyiLE4wg+iyYuHAUcWM4ADOwG6ZJ3NRfSBpW1NPToxo6jQPtYbhNepPL6JnFvP2q7g0mve33DLNdHcJimz/uCU...", version:0, domain:restdev1.tracking.thermoking.com, path:/, expiry:Mon Sep 20 21:17:30 IST 2021]
21:17:31.134 [pool-2-thread-3] DEBUG org.apache.http.client.protocol.ResponseProcessCookies - Cookie accepted [AWSALBCORS="xdC1Q9ReAHA57jgyiLE4wg+iyYuHAUcWM4ADOwG6ZJ3NRfSBpW1NPToxo6jQPtYbhNepPL6JnFvP2q7g0mve33DLNdHcJimz/uCU...", version:0, domain:restdev1.tracking.thermoking.com, path:/, expiry:Mon Sep 20 21:17:30 IST 2021]
21:17:31.134 [pool-2-thread-3] DEBUG org.apache.http.wire - http-outgoing-4 << "0[\r][\n]"
21:17:31.134 [pool-2-thread-3] DEBUG org.apache.http.wire - http-outgoing-4 << "[\r][\n]"
21:17:31.134 [pool-2-thread-3] DEBUG org.apache.http.impl.conn.PoolingHttpClientConnectionManager - Connection [id: 4][route: {s}->https://restdev1.tracking.thermoking.com:443] can be kept alive indefinitely
21:17:31.134 [pool-2-thread-3] DEBUG org.apache.http.impl.conn.DefaultManagedHttpClientConnection - http-outgoing-4: set socket timeout to 0
21:17:31.134 [pool-2-thread-3] DEBUG org.apache.http.impl.conn.PoolingHttpClientConnectionManager - Connection released: [id: 4][route: {s}->https://restdev1.tracking.thermoking.com:443][total available: 1; route allocated: 1 of 5; total allocated: 1 of 10]
21:17:31.134 [pool-2-thread-3] DEBUG com.intuit.karate - response time in milliseconds: 1249.56
1 < 401
1 < Cache-Control: no-cache, no-store, max-age=0, must-revalidate
1 < Connection: keep-alive
1 < Content-Type: application/json;charset=UTF-8
1 < Date: Mon, 13 Sep 2021 15:47:30 GMT
1 < Expires: 0
1 < Pragma: no-cache
1 < Set-Cookie: [AWSALB=xdC1Q9ReAHA57jgyiLE4wg+iyYuHAUcWM4ADOwG6ZJ3NRfSBpW1NPToxo6jQPtYbhNepPL6JnFvP2q7g0mve33DLNdHcJimz/uCUfpAe/tzE5rHGe+HFzII4WE5a; Expires=Mon, 20 Sep 2021 15:47:30 GMT; Path=/, AWSALBCORS=xdC1Q9ReAHA57jgyiLE4wg+iyYuHAUcWM4ADOwG6ZJ3NRfSBpW1NPToxo6jQPtYbhNepPL6JnFvP2q7g0mve33DLNdHcJimz/uCUfpAe/tzE5rHGe+HFzII4WE5a; Expires=Mon, 20 Sep 2021 15:47:30 GMT; Path=/; SameSite=None; Secure]
1 < Transfer-Encoding: chunked
1 < X-Content-Type-Options: nosniff
1 < X-Frame-Options: DENY
1 < X-XSS-Protection: 1; mode=block
{"timestamp":"2021-09-13T15:47:30.904+0000","status":401,"error":"Unauthorized","message":"Invalid Carrier External Id","path":"/connected-solutions/GetCarrierVehicleList/"}

21:17:31.135 [pool-2-thread-3] ERROR com.intuit.karate - status code was: 401, expected: 200, response time: 1250, url: https://restdev1.tracking.thermoking.com/connected-solutions/GetCarrierVehicleList/?externalCarrierId=52D0B083-E9B7-47F6-9BAA-D22951DD1E50, response: {"path":"/connected-solutions/GetCarrierVehicleList/","error":"Unauthorized","message":"Invalid Carrier External Id","timestamp":"2021-09-13T15:47:30.904+0000","status":401}
21:17:31.159 [pool-2-thread-3] WARN com.intuit.karate - skipping bootstrap configuration: could not find or read file: classpath:karate-config.js
21:17:31.165 [pool-2-thread-3] DEBUG com.jayway.jsonpath.internal.path.CompiledPath - Evaluating path: $
21:17:31.166 [pool-2-thread-3] INFO com.intuit.karate - [print] eyJhbGciOiJIUzUxMiJ9.eyJpc3MiOiJDb25uZWN0ZWQgU29sdXRpb25zIiwiZXhwIjoxNjMxNzE2MTgzLCJqdGkiOiI1LVVVdlFzVGtmSSJ9.erDSc-omH9mTT8IE1Ja3vjLmO0t8HiMqg6xG0Z00LFpSUHQzhf9Sc6ynuDPCcPK0U8rrwHF9zVPQibHhV-uOTw
21:17:31.167 [pool-2-thread-3] INFO com.intuit.karate - [print] eyJhbGciOiJIUzUxMiJ9.eyJpc3MiOiJDb25uZWN0ZWQgU29sdXRpb25zIiwiZXhwIjoxNjMxNzE2MTgzLCJqdGkiOiI1LVVVdlFzVGtmSSJ9.erDSc-omH9mTT8IE1Ja3vjLmO0t8HiMqg6xG0Z00LFpSUHQzhf9Sc6ynuDPCcPK0U8rrwHF9zVPQibHhV-uOTw
21:17:31.181 [pool-2-thread-3] DEBUG com.jayway.jsonpath.internal.path.CompiledPath - Evaluating path: $
21:17:31.182 [pool-2-thread-3] DEBUG com.jayway.jsonpath.internal.path.CompiledPath - Evaluating path: $
21:17:31.183 [pool-2-thread-3] DEBUG com.jayway.jsonpath.internal.path.CompiledPath - Evaluating path: $
21:17:31.185 [pool-2-thread-3] DEBUG org.apache.http.client.protocol.RequestAddCookies - CookieSpec selected: karate
21:17:31.186 [pool-2-thread-3] DEBUG org.apache.http.client.protocol.RequestAuthCache - Auth cache not set in the context
21:17:31.186 [pool-2-thread-3] DEBUG com.intuit.karate - request:
1 > POST https://restdev1.tracking.thermoking.com/connected-solutions/StartTrip/?externalCarrierId=52D0B083-E9B7-47F6-9BAA-D22951DD1E50&vehicleExtId=1100295&scheduledStartTime=2021-05-19+09%3A00%3A00&scheduledDeliveryTime=2021-05-19+09%3A00%3A00&commodity=
1 > Accept-Encoding: gzip,deflate
1 > Connection: Keep-Alive
1 > Content-Length: 72
1 > Content-Type: application/json; charset=UTF-8
1 > Host: restdev1.tracking.thermoking.com
1 > User-Agent: Apache-HttpClient/4.5.11 (Java/1.8.0_121)
1 > X-External-ID: 5-UUvQsTkfI
1 > X-OAUTH2-Token: eyJhbGciOiJIUzUxMiJ9.eyJpc3MiOiJDb25uZWN0ZWQgU29sdXRpb25zIiwiZXhwIjoxNjMxNzE2MTgzLCJqdGkiOiI1LVVVdlFzVGtmSSJ9.erDSc-omH9mTT8IE1Ja3vjLmO0t8HiMqg6xG0Z00LFpSUHQzhf9Sc6ynuDPCcPK0U8rrwHF9zVPQibHhV-uOTw
{"userName":"webservice.usertp01@demosystem.com","password":"Pass@1234"}

21:17:31.186 [pool-2-thread-3] DEBUG org.apache.http.impl.conn.PoolingHttpClientConnectionManager - Connection request: [route: {s}->https://restdev1.tracking.thermoking.com:443][total available: 0; route allocated: 0 of 5; total allocated: 0 of 10]
21:17:31.186 [pool-2-thread-3] DEBUG org.apache.http.impl.conn.PoolingHttpClientConnectionManager - Connection leased: [id: 5][route: {s}->https://restdev1.tracking.thermoking.com:443][total available: 0; route allocated: 1 of 5; total allocated: 1 of 10]
21:17:31.186 [pool-2-thread-3] DEBUG org.apache.http.impl.execchain.MainClientExec - Opening connection {s}->https://restdev1.tracking.thermoking.com:443
21:17:31.187 [pool-2-thread-3] DEBUG org.apache.http.impl.conn.DefaultHttpClientConnectionOperator - Connecting to restdev1.tracking.thermoking.com/34.238.21.160:443
21:17:31.187 [pool-2-thread-3] DEBUG org.apache.http.conn.ssl.LenientSslConnectionSocketFactory - Connecting socket to restdev1.tracking.thermoking.com/34.238.21.160:443 with timeout 30000
21:17:31.540 [pool-2-thread-3] DEBUG org.apache.http.conn.ssl.LenientSslConnectionSocketFactory - Enabled protocols: [TLSv1, TLSv1.1, TLSv1.2]
21:17:31.540 [pool-2-thread-3] DEBUG org.apache.http.conn.ssl.LenientSslConnectionSocketFactory - Enabled cipher suites:[TLS_ECDHE_ECDSA_WITH_AES_128_CBC_SHA256, TLS_ECDHE_RSA_WITH_AES_128_CBC_SHA256, TLS_RSA_WITH_AES_128_CBC_SHA256, TLS_ECDH_ECDSA_WITH_AES_128_CBC_SHA256, TLS_ECDH_RSA_WITH_AES_128_CBC_SHA256, TLS_DHE_RSA_WITH_AES_128_CBC_SHA256, TLS_DHE_DSS_WITH_AES_128_CBC_SHA256, TLS_ECDHE_ECDSA_WITH_AES_128_CBC_SHA, TLS_ECDHE_RSA_WITH_AES_128_CBC_SHA, TLS_RSA_WITH_AES_128_CBC_SHA, TLS_ECDH_ECDSA_WITH_AES_128_CBC_SHA, TLS_ECDH_RSA_WITH_AES_128_CBC_SHA, TLS_DHE_RSA_WITH_AES_128_CBC_SHA, TLS_DHE_DSS_WITH_AES_128_CBC_SHA, TLS_ECDHE_ECDSA_WITH_AES_128_GCM_SHA256, TLS_ECDHE_RSA_WITH_AES_128_GCM_SHA256, TLS_RSA_WITH_AES_128_GCM_SHA256, TLS_ECDH_ECDSA_WITH_AES_128_GCM_SHA256, TLS_ECDH_RSA_WITH_AES_128_GCM_SHA256, TLS_DHE_RSA_WITH_AES_128_GCM_SHA256, TLS_DHE_DSS_WITH_AES_128_GCM_SHA256, TLS_EMPTY_RENEGOTIATION_INFO_SCSV]
21:17:31.540 [pool-2-thread-3] DEBUG org.apache.http.conn.ssl.LenientSslConnectionSocketFactory - Starting handshake
21:17:32.134 [pool-2-thread-3] DEBUG org.apache.http.conn.ssl.LenientSslConnectionSocketFactory - Secure session established
21:17:32.134 [pool-2-thread-3] DEBUG org.apache.http.conn.ssl.LenientSslConnectionSocketFactory -  negotiated protocol: TLSv1.2
21:17:32.134 [pool-2-thread-3] DEBUG org.apache.http.conn.ssl.LenientSslConnectionSocketFactory -  negotiated cipher suite: TLS_ECDHE_RSA_WITH_AES_128_GCM_SHA256
21:17:32.135 [pool-2-thread-3] DEBUG org.apache.http.conn.ssl.LenientSslConnectionSocketFactory -  peer principal: CN=*.tracking.thermoking.com
21:17:32.135 [pool-2-thread-3] DEBUG org.apache.http.conn.ssl.LenientSslConnectionSocketFactory -  peer alternative names: [*.tracking.thermoking.com]
21:17:32.135 [pool-2-thread-3] DEBUG org.apache.http.conn.ssl.LenientSslConnectionSocketFactory -  issuer principal: CN=Amazon, OU=Server CA 1B, O=Amazon, C=US
21:17:32.135 [pool-2-thread-3] DEBUG org.apache.http.impl.conn.DefaultHttpClientConnectionOperator - Connection established 10.200.54.16:62658<->34.238.21.160:443
21:17:32.135 [pool-2-thread-3] DEBUG org.apache.http.impl.conn.DefaultManagedHttpClientConnection - http-outgoing-5: set socket timeout to 30000
21:17:32.135 [pool-2-thread-3] DEBUG org.apache.http.impl.execchain.MainClientExec - Executing request POST /connected-solutions/StartTrip/?externalCarrierId=52D0B083-E9B7-47F6-9BAA-D22951DD1E50&vehicleExtId=1100295&scheduledStartTime=2021-05-19+09%3A00%3A00&scheduledDeliveryTime=2021-05-19+09%3A00%3A00&commodity= HTTP/1.1
21:17:32.135 [pool-2-thread-3] DEBUG org.apache.http.impl.execchain.MainClientExec - Target auth state: UNCHALLENGED
21:17:32.135 [pool-2-thread-3] DEBUG org.apache.http.impl.execchain.MainClientExec - Proxy auth state: UNCHALLENGED
21:17:32.135 [pool-2-thread-3] DEBUG org.apache.http.headers - http-outgoing-5 >> POST /connected-solutions/StartTrip/?externalCarrierId=52D0B083-E9B7-47F6-9BAA-D22951DD1E50&vehicleExtId=1100295&scheduledStartTime=2021-05-19+09%3A00%3A00&scheduledDeliveryTime=2021-05-19+09%3A00%3A00&commodity= HTTP/1.1
21:17:32.135 [pool-2-thread-3] DEBUG org.apache.http.headers - http-outgoing-5 >> X-OAUTH2-Token: eyJhbGciOiJIUzUxMiJ9.eyJpc3MiOiJDb25uZWN0ZWQgU29sdXRpb25zIiwiZXhwIjoxNjMxNzE2MTgzLCJqdGkiOiI1LVVVdlFzVGtmSSJ9.erDSc-omH9mTT8IE1Ja3vjLmO0t8HiMqg6xG0Z00LFpSUHQzhf9Sc6ynuDPCcPK0U8rrwHF9zVPQibHhV-uOTw
21:17:32.135 [pool-2-thread-3] DEBUG org.apache.http.headers - http-outgoing-5 >> X-External-ID: 5-UUvQsTkfI
21:17:32.135 [pool-2-thread-3] DEBUG org.apache.http.headers - http-outgoing-5 >> Content-Type: application/json; charset=UTF-8
21:17:32.135 [pool-2-thread-3] DEBUG org.apache.http.headers - http-outgoing-5 >> Content-Length: 72
21:17:32.135 [pool-2-thread-3] DEBUG org.apache.http.headers - http-outgoing-5 >> Host: restdev1.tracking.thermoking.com
21:17:32.135 [pool-2-thread-3] DEBUG org.apache.http.headers - http-outgoing-5 >> Connection: Keep-Alive
21:17:32.135 [pool-2-thread-3] DEBUG org.apache.http.headers - http-outgoing-5 >> User-Agent: Apache-HttpClient/4.5.11 (Java/1.8.0_121)
21:17:32.135 [pool-2-thread-3] DEBUG org.apache.http.headers - http-outgoing-5 >> Accept-Encoding: gzip,deflate
21:17:32.135 [pool-2-thread-3] DEBUG org.apache.http.wire - http-outgoing-5 >> "POST /connected-solutions/StartTrip/?externalCarrierId=52D0B083-E9B7-47F6-9BAA-D22951DD1E50&vehicleExtId=1100295&scheduledStartTime=2021-05-19+09%3A00%3A00&scheduledDeliveryTime=2021-05-19+09%3A00%3A00&commodity= HTTP/1.1[\r][\n]"
21:17:32.136 [pool-2-thread-3] DEBUG org.apache.http.wire - http-outgoing-5 >> "X-OAUTH2-Token: eyJhbGciOiJIUzUxMiJ9.eyJpc3MiOiJDb25uZWN0ZWQgU29sdXRpb25zIiwiZXhwIjoxNjMxNzE2MTgzLCJqdGkiOiI1LVVVdlFzVGtmSSJ9.erDSc-omH9mTT8IE1Ja3vjLmO0t8HiMqg6xG0Z00LFpSUHQzhf9Sc6ynuDPCcPK0U8rrwHF9zVPQibHhV-uOTw[\r][\n]"
21:17:32.136 [pool-2-thread-3] DEBUG org.apache.http.wire - http-outgoing-5 >> "X-External-ID: 5-UUvQsTkfI[\r][\n]"
21:17:32.136 [pool-2-thread-3] DEBUG org.apache.http.wire - http-outgoing-5 >> "Content-Type: application/json; charset=UTF-8[\r][\n]"
21:17:32.136 [pool-2-thread-3] DEBUG org.apache.http.wire - http-outgoing-5 >> "Content-Length: 72[\r][\n]"
21:17:32.136 [pool-2-thread-3] DEBUG org.apache.http.wire - http-outgoing-5 >> "Host: restdev1.tracking.thermoking.com[\r][\n]"
21:17:32.136 [pool-2-thread-3] DEBUG org.apache.http.wire - http-outgoing-5 >> "Connection: Keep-Alive[\r][\n]"
21:17:32.136 [pool-2-thread-3] DEBUG org.apache.http.wire - http-outgoing-5 >> "User-Agent: Apache-HttpClient/4.5.11 (Java/1.8.0_121)[\r][\n]"
21:17:32.136 [pool-2-thread-3] DEBUG org.apache.http.wire - http-outgoing-5 >> "Accept-Encoding: gzip,deflate[\r][\n]"
21:17:32.136 [pool-2-thread-3] DEBUG org.apache.http.wire - http-outgoing-5 >> "[\r][\n]"
21:17:32.136 [pool-2-thread-3] DEBUG org.apache.http.wire - http-outgoing-5 >> "{"userName":"webservice.usertp01@demosystem.com","password":"Pass@1234"}"
21:17:32.359 [pool-2-thread-2] DEBUG org.apache.http.wire - http-outgoing-3 << "HTTP/1.1 200 [\r][\n]"
21:17:32.360 [pool-2-thread-2] DEBUG org.apache.http.wire - http-outgoing-3 << "Date: Mon, 13 Sep 2021 15:47:32 GMT[\r][\n]"
21:17:32.360 [pool-2-thread-2] DEBUG org.apache.http.wire - http-outgoing-3 << "Content-Type: application/json;charset=UTF-8[\r][\n]"
21:17:32.360 [pool-2-thread-2] DEBUG org.apache.http.wire - http-outgoing-3 << "Transfer-Encoding: chunked[\r][\n]"
21:17:32.360 [pool-2-thread-2] DEBUG org.apache.http.wire - http-outgoing-3 << "Connection: keep-alive[\r][\n]"
21:17:32.360 [pool-2-thread-2] DEBUG org.apache.http.wire - http-outgoing-3 << "Set-Cookie: AWSALB=aJYa1x1hdOOk11N4d3b59SNVC52feOdciXcfoR+iTWHM0uqQzxdwkNyAm0NspdkyEzUY6AXD7BdD0h3AxVzKMqaoM/cddFBO5YfcMRFTzkA2tqXM31Q0zo+EAIaQ; Expires=Mon, 20 Sep 2021 15:47:30 GMT; Path=/[\r][\n]"
21:17:32.360 [pool-2-thread-2] DEBUG org.apache.http.wire - http-outgoing-3 << "Set-Cookie: AWSALBCORS=aJYa1x1hdOOk11N4d3b59SNVC52feOdciXcfoR+iTWHM0uqQzxdwkNyAm0NspdkyEzUY6AXD7BdD0h3AxVzKMqaoM/cddFBO5YfcMRFTzkA2tqXM31Q0zo+EAIaQ; Expires=Mon, 20 Sep 2021 15:47:30 GMT; Path=/; SameSite=None; Secure[\r][\n]"
21:17:32.360 [pool-2-thread-2] DEBUG org.apache.http.wire - http-outgoing-3 << "X-OAUTH2-Token: eyJhbGciOiJIUzUxMiJ9.eyJpc3MiOiJDb25uZWN0ZWQgU29sdXRpb25zIiwiZXhwIjoxNjMxNzE2NjAwLCJqdGkiOiIwQzdGRkI4RS1CRTlELTRCNTEtOEQ2MS1DQTEwQkY0NTAzQzQifQ.yFt02SzWCF0E47cq1Oug1tm767-L1wmWV0K3WaCKbTkbzN2y0QsucU8Cb9c6Z4WmEZh4x0jper3xbX9ImMWi9w[\r][\n]"
21:17:32.360 [pool-2-thread-2] DEBUG org.apache.http.wire - http-outgoing-3 << "X-Content-Type-Options: nosniff[\r][\n]"
21:17:32.360 [pool-2-thread-2] DEBUG org.apache.http.wire - http-outgoing-3 << "X-XSS-Protection: 1; mode=block[\r][\n]"
21:17:32.360 [pool-2-thread-2] DEBUG org.apache.http.wire - http-outgoing-3 << "Cache-Control: no-cache, no-store, max-age=0, must-revalidate[\r][\n]"
21:17:32.360 [pool-2-thread-2] DEBUG org.apache.http.wire - http-outgoing-3 << "Pragma: no-cache[\r][\n]"
21:17:32.360 [pool-2-thread-2] DEBUG org.apache.http.wire - http-outgoing-3 << "Expires: 0[\r][\n]"
21:17:32.360 [pool-2-thread-2] DEBUG org.apache.http.wire - http-outgoing-3 << "X-Frame-Options: DENY[\r][\n]"
21:17:32.360 [pool-2-thread-2] DEBUG org.apache.http.wire - http-outgoing-3 << "[\r][\n]"
21:17:32.360 [pool-2-thread-2] DEBUG org.apache.http.wire - http-outgoing-3 << "81[\r][\n]"
21:17:32.360 [pool-2-thread-2] DEBUG org.apache.http.wire - http-outgoing-3 << "[{"customerId":"0C7FFB8E-BE9D-4B51-8D61-CA10BF4503C4","vehicleId":"Test Vehicle 1","requestIdentifier":"q3260691","profiles":[]}][\r][\n]"
21:17:32.360 [pool-2-thread-2] DEBUG org.apache.http.headers - http-outgoing-3 << HTTP/1.1 200 
21:17:32.361 [pool-2-thread-2] DEBUG org.apache.http.headers - http-outgoing-3 << Date: Mon, 13 Sep 2021 15:47:32 GMT
21:17:32.361 [pool-2-thread-2] DEBUG org.apache.http.headers - http-outgoing-3 << Content-Type: application/json;charset=UTF-8
21:17:32.361 [pool-2-thread-2] DEBUG org.apache.http.headers - http-outgoing-3 << Transfer-Encoding: chunked
21:17:32.361 [pool-2-thread-2] DEBUG org.apache.http.headers - http-outgoing-3 << Connection: keep-alive
21:17:32.361 [pool-2-thread-2] DEBUG org.apache.http.headers - http-outgoing-3 << Set-Cookie: AWSALB=aJYa1x1hdOOk11N4d3b59SNVC52feOdciXcfoR+iTWHM0uqQzxdwkNyAm0NspdkyEzUY6AXD7BdD0h3AxVzKMqaoM/cddFBO5YfcMRFTzkA2tqXM31Q0zo+EAIaQ; Expires=Mon, 20 Sep 2021 15:47:30 GMT; Path=/
21:17:32.361 [pool-2-thread-2] DEBUG org.apache.http.headers - http-outgoing-3 << Set-Cookie: AWSALBCORS=aJYa1x1hdOOk11N4d3b59SNVC52feOdciXcfoR+iTWHM0uqQzxdwkNyAm0NspdkyEzUY6AXD7BdD0h3AxVzKMqaoM/cddFBO5YfcMRFTzkA2tqXM31Q0zo+EAIaQ; Expires=Mon, 20 Sep 2021 15:47:30 GMT; Path=/; SameSite=None; Secure
21:17:32.361 [pool-2-thread-2] DEBUG org.apache.http.headers - http-outgoing-3 << X-OAUTH2-Token: eyJhbGciOiJIUzUxMiJ9.eyJpc3MiOiJDb25uZWN0ZWQgU29sdXRpb25zIiwiZXhwIjoxNjMxNzE2NjAwLCJqdGkiOiIwQzdGRkI4RS1CRTlELTRCNTEtOEQ2MS1DQTEwQkY0NTAzQzQifQ.yFt02SzWCF0E47cq1Oug1tm767-L1wmWV0K3WaCKbTkbzN2y0QsucU8Cb9c6Z4WmEZh4x0jper3xbX9ImMWi9w
21:17:32.361 [pool-2-thread-2] DEBUG org.apache.http.headers - http-outgoing-3 << X-Content-Type-Options: nosniff
21:17:32.361 [pool-2-thread-2] DEBUG org.apache.http.headers - http-outgoing-3 << X-XSS-Protection: 1; mode=block
21:17:32.361 [pool-2-thread-2] DEBUG org.apache.http.headers - http-outgoing-3 << Cache-Control: no-cache, no-store, max-age=0, must-revalidate
21:17:32.361 [pool-2-thread-2] DEBUG org.apache.http.headers - http-outgoing-3 << Pragma: no-cache
21:17:32.361 [pool-2-thread-2] DEBUG org.apache.http.headers - http-outgoing-3 << Expires: 0
21:17:32.361 [pool-2-thread-2] DEBUG org.apache.http.headers - http-outgoing-3 << X-Frame-Options: DENY
21:17:32.361 [pool-2-thread-2] DEBUG org.apache.http.impl.execchain.MainClientExec - Connection can be kept alive indefinitely
21:17:32.362 [pool-2-thread-2] DEBUG org.apache.http.client.protocol.ResponseProcessCookies - Cookie accepted [AWSALB="aJYa1x1hdOOk11N4d3b59SNVC52feOdciXcfoR+iTWHM0uqQzxdwkNyAm0NspdkyEzUY6AXD7BdD0h3AxVzKMqaoM/cddFBO5Yfc...", version:0, domain:restdev1.tracking.thermoking.com, path:/, expiry:Mon Sep 20 21:17:30 IST 2021]
21:17:32.362 [pool-2-thread-2] DEBUG org.apache.http.client.protocol.ResponseProcessCookies - Cookie accepted [AWSALBCORS="aJYa1x1hdOOk11N4d3b59SNVC52feOdciXcfoR+iTWHM0uqQzxdwkNyAm0NspdkyEzUY6AXD7BdD0h3AxVzKMqaoM/cddFBO5Yfc...", version:0, domain:restdev1.tracking.thermoking.com, path:/, expiry:Mon Sep 20 21:17:30 IST 2021]
21:17:32.363 [pool-2-thread-2] DEBUG org.apache.http.wire - http-outgoing-3 << "0[\r][\n]"
21:17:32.363 [pool-2-thread-2] DEBUG org.apache.http.wire - http-outgoing-3 << "[\r][\n]"
21:17:32.363 [pool-2-thread-2] DEBUG org.apache.http.impl.conn.PoolingHttpClientConnectionManager - Connection [id: 3][route: {s}->https://restdev1.tracking.thermoking.com:443] can be kept alive indefinitely
21:17:32.363 [pool-2-thread-2] DEBUG org.apache.http.impl.conn.DefaultManagedHttpClientConnection - http-outgoing-3: set socket timeout to 0
21:17:32.363 [pool-2-thread-2] DEBUG org.apache.http.impl.conn.PoolingHttpClientConnectionManager - Connection released: [id: 3][route: {s}->https://restdev1.tracking.thermoking.com:443][total available: 1; route allocated: 1 of 5; total allocated: 1 of 10]
21:17:32.363 [pool-2-thread-2] DEBUG com.intuit.karate - response time in milliseconds: 2559.27
1 < 200
1 < Cache-Control: no-cache, no-store, max-age=0, must-revalidate
1 < Connection: keep-alive
1 < Content-Type: application/json;charset=UTF-8
1 < Date: Mon, 13 Sep 2021 15:47:32 GMT
1 < Expires: 0
1 < Pragma: no-cache
1 < Set-Cookie: [AWSALB=aJYa1x1hdOOk11N4d3b59SNVC52feOdciXcfoR+iTWHM0uqQzxdwkNyAm0NspdkyEzUY6AXD7BdD0h3AxVzKMqaoM/cddFBO5YfcMRFTzkA2tqXM31Q0zo+EAIaQ; Expires=Mon, 20 Sep 2021 15:47:30 GMT; Path=/, AWSALBCORS=aJYa1x1hdOOk11N4d3b59SNVC52feOdciXcfoR+iTWHM0uqQzxdwkNyAm0NspdkyEzUY6AXD7BdD0h3AxVzKMqaoM/cddFBO5YfcMRFTzkA2tqXM31Q0zo+EAIaQ; Expires=Mon, 20 Sep 2021 15:47:30 GMT; Path=/; SameSite=None; Secure]
1 < Transfer-Encoding: chunked
1 < X-Content-Type-Options: nosniff
1 < X-Frame-Options: DENY
1 < X-OAUTH2-Token: eyJhbGciOiJIUzUxMiJ9.eyJpc3MiOiJDb25uZWN0ZWQgU29sdXRpb25zIiwiZXhwIjoxNjMxNzE2NjAwLCJqdGkiOiIwQzdGRkI4RS1CRTlELTRCNTEtOEQ2MS1DQTEwQkY0NTAzQzQifQ.yFt02SzWCF0E47cq1Oug1tm767-L1wmWV0K3WaCKbTkbzN2y0QsucU8Cb9c6Z4WmEZh4x0jper3xbX9ImMWi9w
1 < X-XSS-Protection: 1; mode=block
[{"customerId":"0C7FFB8E-BE9D-4B51-8D61-CA10BF4503C4","vehicleId":"Test Vehicle 1","requestIdentifier":"q3260691","profiles":[]}]

21:17:32.364 [pool-2-thread-2] DEBUG com.jayway.jsonpath.internal.path.CompiledPath - Evaluating path: $
21:17:32.364 [pool-2-thread-2] INFO com.intuit.karate - [print] [
  {
    "customerId": "0C7FFB8E-BE9D-4B51-8D61-CA10BF4503C4",
    "profiles": [
    ],
    "requestIdentifier": "q3260691",
    "vehicleId": "Test Vehicle 1"
  }
]

21:17:32.366 [pool-2-thread-2] DEBUG com.jayway.jsonpath.internal.path.CompiledPath - Evaluating path: $[0]['customerId']
21:17:32.367 [pool-2-thread-2] DEBUG com.jayway.jsonpath.internal.path.CompiledPath - Evaluating path: $[0]['vehicleId']
21:17:32.370 [pool-2-thread-2] DEBUG com.jayway.jsonpath.internal.path.CompiledPath - Evaluating path: $
21:17:32.372 [pool-2-thread-2] INFO com.intuit.karate - [print] q3260691
21:17:32.373 [pool-2-thread-2] INFO com.intuit.karate - [print] eyJhbGciOiJIUzUxMiJ9.eyJpc3MiOiJDb25uZWN0ZWQgU29sdXRpb25zIiwiZXhwIjoxNjMxNzE2NjAwLCJqdGkiOiIwQzdGRkI4RS1CRTlELTRCNTEtOEQ2MS1DQTEwQkY0NTAzQzQifQ.yFt02SzWCF0E47cq1Oug1tm767-L1wmWV0K3WaCKbTkbzN2y0QsucU8Cb9c6Z4WmEZh4x0jper3xbX9ImMWi9w
21:17:32.376 [pool-2-thread-2] DEBUG com.jayway.jsonpath.internal.path.CompiledPath - Evaluating path: $
21:17:32.388 [pool-2-thread-2] INFO com.intuit.karate.Runner - <<pass>> feature 8 of 8: classpath:resources/TwoWAyCommands.feature
---------------------------------------------------------
feature: classpath:resources/TwoWAyCommands.feature
report: target\surefire-reports\resources.TwoWAyCommands.json
scenarios:  1 | passed:  1 | failed:  0 | time: 7.6693
---------------------------------------------------------
21:17:32.434 [pool-2-thread-3] DEBUG org.apache.http.wire - http-outgoing-5 << "HTTP/1.1 401 [\r][\n]"
21:17:32.434 [pool-2-thread-3] DEBUG org.apache.http.wire - http-outgoing-5 << "Date: Mon, 13 Sep 2021 15:47:32 GMT[\r][\n]"
21:17:32.434 [pool-2-thread-3] DEBUG org.apache.http.wire - http-outgoing-5 << "Content-Type: application/json;charset=UTF-8[\r][\n]"
21:17:32.434 [pool-2-thread-3] DEBUG org.apache.http.wire - http-outgoing-5 << "Transfer-Encoding: chunked[\r][\n]"
21:17:32.434 [pool-2-thread-3] DEBUG org.apache.http.wire - http-outgoing-5 << "Connection: keep-alive[\r][\n]"
21:17:32.434 [pool-2-thread-3] DEBUG org.apache.http.wire - http-outgoing-5 << "Set-Cookie: AWSALB=SLEZZGPtgEsV81za/KP4mEFxqRT1p+Z1y2OF2KspAKbYjfFoS+ZMlyRAFw7en+Jgu0GVJAMvSSDM8rVVoJzVLiRp6AXabtT6ABcc/5Nh9+yQlp08T4OwUVYJzIv+; Expires=Mon, 20 Sep 2021 15:47:32 GMT; Path=/[\r][\n]"
21:17:32.434 [pool-2-thread-3] DEBUG org.apache.http.wire - http-outgoing-5 << "Set-Cookie: AWSALBCORS=SLEZZGPtgEsV81za/KP4mEFxqRT1p+Z1y2OF2KspAKbYjfFoS+ZMlyRAFw7en+Jgu0GVJAMvSSDM8rVVoJzVLiRp6AXabtT6ABcc/5Nh9+yQlp08T4OwUVYJzIv+; Expires=Mon, 20 Sep 2021 15:47:32 GMT; Path=/; SameSite=None; Secure[\r][\n]"
21:17:32.434 [pool-2-thread-3] DEBUG org.apache.http.wire - http-outgoing-5 << "X-Content-Type-Options: nosniff[\r][\n]"
21:17:32.434 [pool-2-thread-3] DEBUG org.apache.http.wire - http-outgoing-5 << "X-XSS-Protection: 1; mode=block[\r][\n]"
21:17:32.434 [pool-2-thread-3] DEBUG org.apache.http.wire - http-outgoing-5 << "Cache-Control: no-cache, no-store, max-age=0, must-revalidate[\r][\n]"
21:17:32.434 [pool-2-thread-3] DEBUG org.apache.http.wire - http-outgoing-5 << "Pragma: no-cache[\r][\n]"
21:17:32.434 [pool-2-thread-3] DEBUG org.apache.http.wire - http-outgoing-5 << "Expires: 0[\r][\n]"
21:17:32.434 [pool-2-thread-3] DEBUG org.apache.http.wire - http-outgoing-5 << "X-Frame-Options: DENY[\r][\n]"
21:17:32.434 [pool-2-thread-3] DEBUG org.apache.http.wire - http-outgoing-5 << "[\r][\n]"
21:17:32.434 [pool-2-thread-3] DEBUG org.apache.http.wire - http-outgoing-5 << "a1[\r][\n]"
21:17:32.434 [pool-2-thread-3] DEBUG org.apache.http.wire - http-outgoing-5 << "{"timestamp":"2021-09-13T15:47:32.316+0000","status":401,"error":"Unauthorized","message":"Invalid Carrier External Id","path":"/connected-solutions/StartTrip/"}[\r][\n]"
21:17:32.435 [pool-2-thread-3] DEBUG org.apache.http.headers - http-outgoing-5 << HTTP/1.1 401 
21:17:32.435 [pool-2-thread-3] DEBUG org.apache.http.headers - http-outgoing-5 << Date: Mon, 13 Sep 2021 15:47:32 GMT
21:17:32.435 [pool-2-thread-3] DEBUG org.apache.http.headers - http-outgoing-5 << Content-Type: application/json;charset=UTF-8
21:17:32.435 [pool-2-thread-3] DEBUG org.apache.http.headers - http-outgoing-5 << Transfer-Encoding: chunked
21:17:32.435 [pool-2-thread-3] DEBUG org.apache.http.headers - http-outgoing-5 << Connection: keep-alive
21:17:32.435 [pool-2-thread-3] DEBUG org.apache.http.headers - http-outgoing-5 << Set-Cookie: AWSALB=SLEZZGPtgEsV81za/KP4mEFxqRT1p+Z1y2OF2KspAKbYjfFoS+ZMlyRAFw7en+Jgu0GVJAMvSSDM8rVVoJzVLiRp6AXabtT6ABcc/5Nh9+yQlp08T4OwUVYJzIv+; Expires=Mon, 20 Sep 2021 15:47:32 GMT; Path=/
21:17:32.435 [pool-2-thread-3] DEBUG org.apache.http.headers - http-outgoing-5 << Set-Cookie: AWSALBCORS=SLEZZGPtgEsV81za/KP4mEFxqRT1p+Z1y2OF2KspAKbYjfFoS+ZMlyRAFw7en+Jgu0GVJAMvSSDM8rVVoJzVLiRp6AXabtT6ABcc/5Nh9+yQlp08T4OwUVYJzIv+; Expires=Mon, 20 Sep 2021 15:47:32 GMT; Path=/; SameSite=None; Secure
21:17:32.435 [pool-2-thread-3] DEBUG org.apache.http.headers - http-outgoing-5 << X-Content-Type-Options: nosniff
21:17:32.435 [pool-2-thread-3] DEBUG org.apache.http.headers - http-outgoing-5 << X-XSS-Protection: 1; mode=block
21:17:32.435 [pool-2-thread-3] DEBUG org.apache.http.headers - http-outgoing-5 << Cache-Control: no-cache, no-store, max-age=0, must-revalidate
21:17:32.435 [pool-2-thread-3] DEBUG org.apache.http.headers - http-outgoing-5 << Pragma: no-cache
21:17:32.435 [pool-2-thread-3] DEBUG org.apache.http.headers - http-outgoing-5 << Expires: 0
21:17:32.435 [pool-2-thread-3] DEBUG org.apache.http.headers - http-outgoing-5 << X-Frame-Options: DENY
21:17:32.435 [pool-2-thread-3] DEBUG org.apache.http.impl.execchain.MainClientExec - Connection can be kept alive indefinitely
21:17:32.435 [pool-2-thread-3] DEBUG org.apache.http.impl.auth.HttpAuthenticator - Authentication required
21:17:32.435 [pool-2-thread-3] DEBUG org.apache.http.impl.auth.HttpAuthenticator - restdev1.tracking.thermoking.com:443 requested authentication
21:17:32.435 [pool-2-thread-3] DEBUG org.apache.http.impl.auth.HttpAuthenticator - Response contains no authentication challenges
21:17:32.436 [pool-2-thread-3] DEBUG org.apache.http.client.protocol.ResponseProcessCookies - Cookie accepted [AWSALB="SLEZZGPtgEsV81za/KP4mEFxqRT1p+Z1y2OF2KspAKbYjfFoS+ZMlyRAFw7en+Jgu0GVJAMvSSDM8rVVoJzVLiRp6AXabtT6ABcc...", version:0, domain:restdev1.tracking.thermoking.com, path:/, expiry:Mon Sep 20 21:17:32 IST 2021]
21:17:32.438 [pool-2-thread-3] DEBUG org.apache.http.client.protocol.ResponseProcessCookies - Cookie accepted [AWSALBCORS="SLEZZGPtgEsV81za/KP4mEFxqRT1p+Z1y2OF2KspAKbYjfFoS+ZMlyRAFw7en+Jgu0GVJAMvSSDM8rVVoJzVLiRp6AXabtT6ABcc...", version:0, domain:restdev1.tracking.thermoking.com, path:/, expiry:Mon Sep 20 21:17:32 IST 2021]
21:17:32.438 [pool-2-thread-3] DEBUG org.apache.http.wire - http-outgoing-5 << "0[\r][\n]"
21:17:32.438 [pool-2-thread-3] DEBUG org.apache.http.wire - http-outgoing-5 << "[\r][\n]"
21:17:32.438 [pool-2-thread-3] DEBUG org.apache.http.impl.conn.PoolingHttpClientConnectionManager - Connection [id: 5][route: {s}->https://restdev1.tracking.thermoking.com:443] can be kept alive indefinitely
21:17:32.438 [pool-2-thread-3] DEBUG org.apache.http.impl.conn.DefaultManagedHttpClientConnection - http-outgoing-5: set socket timeout to 0
21:17:32.439 [pool-2-thread-3] DEBUG org.apache.http.impl.conn.PoolingHttpClientConnectionManager - Connection released: [id: 5][route: {s}->https://restdev1.tracking.thermoking.com:443][total available: 1; route allocated: 1 of 5; total allocated: 1 of 10]
21:17:32.439 [pool-2-thread-3] DEBUG com.intuit.karate - response time in milliseconds: 1252.09
1 < 401
1 < Cache-Control: no-cache, no-store, max-age=0, must-revalidate
1 < Connection: keep-alive
1 < Content-Type: application/json;charset=UTF-8
1 < Date: Mon, 13 Sep 2021 15:47:32 GMT
1 < Expires: 0
1 < Pragma: no-cache
1 < Set-Cookie: [AWSALB=SLEZZGPtgEsV81za/KP4mEFxqRT1p+Z1y2OF2KspAKbYjfFoS+ZMlyRAFw7en+Jgu0GVJAMvSSDM8rVVoJzVLiRp6AXabtT6ABcc/5Nh9+yQlp08T4OwUVYJzIv+; Expires=Mon, 20 Sep 2021 15:47:32 GMT; Path=/, AWSALBCORS=SLEZZGPtgEsV81za/KP4mEFxqRT1p+Z1y2OF2KspAKbYjfFoS+ZMlyRAFw7en+Jgu0GVJAMvSSDM8rVVoJzVLiRp6AXabtT6ABcc/5Nh9+yQlp08T4OwUVYJzIv+; Expires=Mon, 20 Sep 2021 15:47:32 GMT; Path=/; SameSite=None; Secure]
1 < Transfer-Encoding: chunked
1 < X-Content-Type-Options: nosniff
1 < X-Frame-Options: DENY
1 < X-XSS-Protection: 1; mode=block
{"timestamp":"2021-09-13T15:47:32.316+0000","status":401,"error":"Unauthorized","message":"Invalid Carrier External Id","path":"/connected-solutions/StartTrip/"}

21:17:32.440 [pool-2-thread-3] ERROR com.intuit.karate - status code was: 401, expected: 200, response time: 1252, url: https://restdev1.tracking.thermoking.com/connected-solutions/StartTrip/?externalCarrierId=52D0B083-E9B7-47F6-9BAA-D22951DD1E50&vehicleExtId=1100295&scheduledStartTime=2021-05-19+09%3A00%3A00&scheduledDeliveryTime=2021-05-19+09%3A00%3A00&commodity=, response: {"path":"/connected-solutions/StartTrip/","error":"Unauthorized","message":"Invalid Carrier External Id","timestamp":"2021-09-13T15:47:32.316+0000","status":401}
21:17:32.451 [pool-2-thread-3] INFO com.intuit.karate.Runner - <<fail>> feature 3 of 8: classpath:resources/DetailsPost.feature
---------------------------------------------------------
feature: classpath:resources/DetailsPost.feature
report: target\surefire-reports\resources.DetailsPost.json
scenarios:  3 | passed:  1 | failed:  2 | time: 7.6518
---------------------------------------------------------
21:18:01.945 [pool-2-thread-5] DEBUG com.jayway.jsonpath.internal.path.CompiledPath - Evaluating path: $
21:18:01.947 [pool-2-thread-5] DEBUG com.jayway.jsonpath.internal.path.CompiledPath - Evaluating path: $['requestIdentifier']
21:18:01.948 [pool-2-thread-5] DEBUG com.jayway.jsonpath.internal.JsonContext - Set path $['requestIdentifier'] new value q3468091
21:18:01.954 [pool-2-thread-5] DEBUG com.jayway.jsonpath.internal.path.CompiledPath - Evaluating path: $
21:18:01.963 [pool-2-thread-5] DEBUG org.apache.http.client.protocol.RequestAddCookies - CookieSpec selected: karate
21:18:01.963 [pool-2-thread-5] DEBUG org.apache.http.client.protocol.RequestAddCookies - Cookie [version: 0][name: AWSALBTG][value: cbP91vnzKTC0KEroq6K9we6ywBIw2aONOW6NMA1o9oavx3hKHm9nmO22iDDZVG9C+RT1G6wsRGIGmhO8HK8AKO3+YWTceNjYH1L2rLOIUST2U2TfnZcvm242JoiTOxWyGn8Ni8tXTUtfqaF//SSgDoALC4dBri//QMQZhFsx0zKl][domain: soap.tracking.thermoking.com][path: /][expiry: null] match [(secure)soap.tracking.thermoking.com:443/tk-webservices/Command]
21:18:01.964 [pool-2-thread-5] DEBUG org.apache.http.client.protocol.RequestAddCookies - Cookie [version: 0][name: AWSALBTGCORS][value: cbP91vnzKTC0KEroq6K9we6ywBIw2aONOW6NMA1o9oavx3hKHm9nmO22iDDZVG9C+RT1G6wsRGIGmhO8HK8AKO3+YWTceNjYH1L2rLOIUST2U2TfnZcvm242JoiTOxWyGn8Ni8tXTUtfqaF//SSgDoALC4dBri//QMQZhFsx0zKl][domain: soap.tracking.thermoking.com][path: /][expiry: null] match [(secure)soap.tracking.thermoking.com:443/tk-webservices/Command]
21:18:01.965 [pool-2-thread-5] DEBUG org.apache.http.client.protocol.RequestAuthCache - Auth cache not set in the context
21:18:01.965 [pool-2-thread-5] DEBUG com.intuit.karate - request:
1 > POST https://soap.tracking.thermoking.com/tk-webservices/Command
1 > Accept-Encoding: gzip,deflate
1 > Authorization: Basic d2Vic2VydmljZS51c2VyLmFsbC4yMTRATUlTU0lORy5DT006Z2g2MmpBST51TFB1dmxw
1 > Connection: Keep-Alive
1 > Content-Length: 634
1 > Content-Type: application/xml; charset=UTF-8
1 > Cookie: AWSALBTG=cbP91vnzKTC0KEroq6K9we6ywBIw2aONOW6NMA1o9oavx3hKHm9nmO22iDDZVG9C+RT1G6wsRGIGmhO8HK8AKO3+YWTceNjYH1L2rLOIUST2U2TfnZcvm242JoiTOxWyGn8Ni8tXTUtfqaF//SSgDoALC4dBri//QMQZhFsx0zKl; AWSALBTGCORS=cbP91vnzKTC0KEroq6K9we6ywBIw2aONOW6NMA1o9oavx3hKHm9nmO22iDDZVG9C+RT1G6wsRGIGmhO8HK8AKO3+YWTceNjYH1L2rLOIUST2U2TfnZcvm242JoiTOxWyGn8Ni8tXTUtfqaF//SSgDoALC4dBri//QMQZhFsx0zKl
1 > Host: soap.tracking.thermoking.com
1 > SOAPAction: 
1 > User-Agent: Apache-HttpClient/4.5.11 (Java/1.8.0_121)
<soapenv:Envelope xmlns:soapenv="http://schemas.xmlsoap.org/soap/envelope/" xmlns:ser="http://service.jbossws.webservices.celtrak.com/">
    <soapenv:Header/>
    <soapenv:Body>
        <ser:getRequestStatus>
            <!--1 or more repetitions:-->
            <RequestStatuses>
                <customerId>4560BD5E-BD7B-42B0-8DCB-627EB8454C72</customerId>
                <requestReference>q3468091</requestReference>
                <vehicleId>Bluebox India 2</vehicleId>
            </RequestStatuses>
            <operatorName>?</operatorName>
        </ser:getRequestStatus>
    </soapenv:Body>
</soapenv:Envelope>

21:18:01.966 [pool-2-thread-5] DEBUG org.apache.http.impl.conn.PoolingHttpClientConnectionManager - Connection request: [route: {s}->https://soap.tracking.thermoking.com:443][total available: 0; route allocated: 0 of 5; total allocated: 0 of 10]
21:18:01.966 [pool-2-thread-5] DEBUG org.apache.http.impl.conn.PoolingHttpClientConnectionManager - Connection leased: [id: 6][route: {s}->https://soap.tracking.thermoking.com:443][total available: 0; route allocated: 1 of 5; total allocated: 1 of 10]
21:18:01.967 [pool-2-thread-5] DEBUG org.apache.http.impl.execchain.MainClientExec - Opening connection {s}->https://soap.tracking.thermoking.com:443
21:18:01.968 [pool-2-thread-5] DEBUG org.apache.http.impl.conn.DefaultHttpClientConnectionOperator - Connecting to soap.tracking.thermoking.com/3.212.162.73:443
21:18:01.968 [pool-2-thread-5] DEBUG org.apache.http.conn.ssl.SSLConnectionSocketFactory - Connecting socket to soap.tracking.thermoking.com/3.212.162.73:443 with timeout 30000
21:18:02.262 [pool-2-thread-5] DEBUG org.apache.http.conn.ssl.SSLConnectionSocketFactory - Enabled protocols: [TLSv1, TLSv1.1, TLSv1.2]
21:18:02.263 [pool-2-thread-5] DEBUG org.apache.http.conn.ssl.SSLConnectionSocketFactory - Enabled cipher suites:[TLS_ECDHE_ECDSA_WITH_AES_128_CBC_SHA256, TLS_ECDHE_RSA_WITH_AES_128_CBC_SHA256, TLS_RSA_WITH_AES_128_CBC_SHA256, TLS_ECDH_ECDSA_WITH_AES_128_CBC_SHA256, TLS_ECDH_RSA_WITH_AES_128_CBC_SHA256, TLS_DHE_RSA_WITH_AES_128_CBC_SHA256, TLS_DHE_DSS_WITH_AES_128_CBC_SHA256, TLS_ECDHE_ECDSA_WITH_AES_128_CBC_SHA, TLS_ECDHE_RSA_WITH_AES_128_CBC_SHA, TLS_RSA_WITH_AES_128_CBC_SHA, TLS_ECDH_ECDSA_WITH_AES_128_CBC_SHA, TLS_ECDH_RSA_WITH_AES_128_CBC_SHA, TLS_DHE_RSA_WITH_AES_128_CBC_SHA, TLS_DHE_DSS_WITH_AES_128_CBC_SHA, TLS_ECDHE_ECDSA_WITH_AES_128_GCM_SHA256, TLS_ECDHE_RSA_WITH_AES_128_GCM_SHA256, TLS_RSA_WITH_AES_128_GCM_SHA256, TLS_ECDH_ECDSA_WITH_AES_128_GCM_SHA256, TLS_ECDH_RSA_WITH_AES_128_GCM_SHA256, TLS_DHE_RSA_WITH_AES_128_GCM_SHA256, TLS_DHE_DSS_WITH_AES_128_GCM_SHA256, TLS_EMPTY_RENEGOTIATION_INFO_SCSV]
21:18:02.263 [pool-2-thread-5] DEBUG org.apache.http.conn.ssl.SSLConnectionSocketFactory - Starting handshake
21:18:02.613 [pool-2-thread-5] DEBUG org.apache.http.conn.ssl.SSLConnectionSocketFactory - Secure session established
21:18:02.613 [pool-2-thread-5] DEBUG org.apache.http.conn.ssl.SSLConnectionSocketFactory -  negotiated protocol: TLSv1.2
21:18:02.613 [pool-2-thread-5] DEBUG org.apache.http.conn.ssl.SSLConnectionSocketFactory -  negotiated cipher suite: TLS_ECDHE_RSA_WITH_AES_128_GCM_SHA256
21:18:02.613 [pool-2-thread-5] DEBUG org.apache.http.conn.ssl.SSLConnectionSocketFactory -  peer principal: CN=*.tracking.thermoking.com
21:18:02.613 [pool-2-thread-5] DEBUG org.apache.http.conn.ssl.SSLConnectionSocketFactory -  peer alternative names: [*.tracking.thermoking.com]
21:18:02.613 [pool-2-thread-5] DEBUG org.apache.http.conn.ssl.SSLConnectionSocketFactory -  issuer principal: CN=Amazon, OU=Server CA 1B, O=Amazon, C=US
21:18:02.614 [pool-2-thread-5] DEBUG org.apache.http.impl.conn.DefaultHttpClientConnectionOperator - Connection established 10.200.54.16:60219<->3.212.162.73:443
21:18:02.614 [pool-2-thread-5] DEBUG org.apache.http.impl.conn.DefaultManagedHttpClientConnection - http-outgoing-6: set socket timeout to 30000
21:18:02.614 [pool-2-thread-5] DEBUG org.apache.http.impl.execchain.MainClientExec - Executing request POST /tk-webservices/Command HTTP/1.1
21:18:02.614 [pool-2-thread-5] DEBUG org.apache.http.impl.execchain.MainClientExec - Proxy auth state: UNCHALLENGED
21:18:02.615 [pool-2-thread-5] DEBUG org.apache.http.headers - http-outgoing-6 >> POST /tk-webservices/Command HTTP/1.1
21:18:02.615 [pool-2-thread-5] DEBUG org.apache.http.headers - http-outgoing-6 >> Authorization: Basic d2Vic2VydmljZS51c2VyLmFsbC4yMTRATUlTU0lORy5DT006Z2g2MmpBST51TFB1dmxw
21:18:02.615 [pool-2-thread-5] DEBUG org.apache.http.headers - http-outgoing-6 >> SOAPAction: 
21:18:02.615 [pool-2-thread-5] DEBUG org.apache.http.headers - http-outgoing-6 >> Content-Type: application/xml; charset=UTF-8
21:18:02.615 [pool-2-thread-5] DEBUG org.apache.http.headers - http-outgoing-6 >> Content-Length: 634
21:18:02.615 [pool-2-thread-5] DEBUG org.apache.http.headers - http-outgoing-6 >> Host: soap.tracking.thermoking.com
21:18:02.615 [pool-2-thread-5] DEBUG org.apache.http.headers - http-outgoing-6 >> Connection: Keep-Alive
21:18:02.615 [pool-2-thread-5] DEBUG org.apache.http.headers - http-outgoing-6 >> User-Agent: Apache-HttpClient/4.5.11 (Java/1.8.0_121)
21:18:02.615 [pool-2-thread-5] DEBUG org.apache.http.headers - http-outgoing-6 >> Cookie: AWSALBTG=cbP91vnzKTC0KEroq6K9we6ywBIw2aONOW6NMA1o9oavx3hKHm9nmO22iDDZVG9C+RT1G6wsRGIGmhO8HK8AKO3+YWTceNjYH1L2rLOIUST2U2TfnZcvm242JoiTOxWyGn8Ni8tXTUtfqaF//SSgDoALC4dBri//QMQZhFsx0zKl; AWSALBTGCORS=cbP91vnzKTC0KEroq6K9we6ywBIw2aONOW6NMA1o9oavx3hKHm9nmO22iDDZVG9C+RT1G6wsRGIGmhO8HK8AKO3+YWTceNjYH1L2rLOIUST2U2TfnZcvm242JoiTOxWyGn8Ni8tXTUtfqaF//SSgDoALC4dBri//QMQZhFsx0zKl
21:18:02.615 [pool-2-thread-5] DEBUG org.apache.http.headers - http-outgoing-6 >> Accept-Encoding: gzip,deflate
21:18:02.615 [pool-2-thread-5] DEBUG org.apache.http.wire - http-outgoing-6 >> "POST /tk-webservices/Command HTTP/1.1[\r][\n]"
21:18:02.616 [pool-2-thread-5] DEBUG org.apache.http.wire - http-outgoing-6 >> "Authorization: Basic d2Vic2VydmljZS51c2VyLmFsbC4yMTRATUlTU0lORy5DT006Z2g2MmpBST51TFB1dmxw[\r][\n]"
21:18:02.616 [pool-2-thread-5] DEBUG org.apache.http.wire - http-outgoing-6 >> "SOAPAction: [\r][\n]"
21:18:02.616 [pool-2-thread-5] DEBUG org.apache.http.wire - http-outgoing-6 >> "Content-Type: application/xml; charset=UTF-8[\r][\n]"
21:18:02.616 [pool-2-thread-5] DEBUG org.apache.http.wire - http-outgoing-6 >> "Content-Length: 634[\r][\n]"
21:18:02.616 [pool-2-thread-5] DEBUG org.apache.http.wire - http-outgoing-6 >> "Host: soap.tracking.thermoking.com[\r][\n]"
21:18:02.616 [pool-2-thread-5] DEBUG org.apache.http.wire - http-outgoing-6 >> "Connection: Keep-Alive[\r][\n]"
21:18:02.616 [pool-2-thread-5] DEBUG org.apache.http.wire - http-outgoing-6 >> "User-Agent: Apache-HttpClient/4.5.11 (Java/1.8.0_121)[\r][\n]"
21:18:02.616 [pool-2-thread-5] DEBUG org.apache.http.wire - http-outgoing-6 >> "Cookie: AWSALBTG=cbP91vnzKTC0KEroq6K9we6ywBIw2aONOW6NMA1o9oavx3hKHm9nmO22iDDZVG9C+RT1G6wsRGIGmhO8HK8AKO3+YWTceNjYH1L2rLOIUST2U2TfnZcvm242JoiTOxWyGn8Ni8tXTUtfqaF//SSgDoALC4dBri//QMQZhFsx0zKl; AWSALBTGCORS=cbP91vnzKTC0KEroq6K9we6ywBIw2aONOW6NMA1o9oavx3hKHm9nmO22iDDZVG9C+RT1G6wsRGIGmhO8HK8AKO3+YWTceNjYH1L2rLOIUST2U2TfnZcvm242JoiTOxWyGn8Ni8tXTUtfqaF//SSgDoALC4dBri//QMQZhFsx0zKl[\r][\n]"
21:18:02.616 [pool-2-thread-5] DEBUG org.apache.http.wire - http-outgoing-6 >> "Accept-Encoding: gzip,deflate[\r][\n]"
21:18:02.616 [pool-2-thread-5] DEBUG org.apache.http.wire - http-outgoing-6 >> "[\r][\n]"
21:18:02.616 [pool-2-thread-5] DEBUG org.apache.http.wire - http-outgoing-6 >> "<soapenv:Envelope xmlns:soapenv="http://schemas.xmlsoap.org/soap/envelope/" xmlns:ser="http://service.jbossws.webservices.celtrak.com/">[\r][\n]"
21:18:02.617 [pool-2-thread-5] DEBUG org.apache.http.wire - http-outgoing-6 >> "    <soapenv:Header/>[\r][\n]"
21:18:02.617 [pool-2-thread-5] DEBUG org.apache.http.wire - http-outgoing-6 >> "    <soapenv:Body>[\r][\n]"
21:18:02.617 [pool-2-thread-5] DEBUG org.apache.http.wire - http-outgoing-6 >> "        <ser:getRequestStatus>[\r][\n]"
21:18:02.617 [pool-2-thread-5] DEBUG org.apache.http.wire - http-outgoing-6 >> "            <!--1 or more repetitions:-->[\r][\n]"
21:18:02.617 [pool-2-thread-5] DEBUG org.apache.http.wire - http-outgoing-6 >> "            <RequestStatuses>[\r][\n]"
21:18:02.617 [pool-2-thread-5] DEBUG org.apache.http.wire - http-outgoing-6 >> "                <customerId>4560BD5E-BD7B-42B0-8DCB-627EB8454C72</customerId>[\r][\n]"
21:18:02.617 [pool-2-thread-5] DEBUG org.apache.http.wire - http-outgoing-6 >> "                <requestReference>q3468091</requestReference>[\r][\n]"
21:18:02.617 [pool-2-thread-5] DEBUG org.apache.http.wire - http-outgoing-6 >> "                <vehicleId>Bluebox India 2</vehicleId>[\r][\n]"
21:18:02.617 [pool-2-thread-5] DEBUG org.apache.http.wire - http-outgoing-6 >> "            </RequestStatuses>[\r][\n]"
21:18:02.617 [pool-2-thread-5] DEBUG org.apache.http.wire - http-outgoing-6 >> "            <operatorName>?</operatorName>[\r][\n]"
21:18:02.617 [pool-2-thread-5] DEBUG org.apache.http.wire - http-outgoing-6 >> "        </ser:getRequestStatus>[\r][\n]"
21:18:02.617 [pool-2-thread-5] DEBUG org.apache.http.wire - http-outgoing-6 >> "    </soapenv:Body>[\r][\n]"
21:18:02.617 [pool-2-thread-5] DEBUG org.apache.http.wire - http-outgoing-6 >> "</soapenv:Envelope>"
21:18:05.939 [pool-2-thread-5] DEBUG org.apache.http.wire - http-outgoing-6 << "HTTP/1.1 200 OK[\r][\n]"
21:18:05.940 [pool-2-thread-5] DEBUG org.apache.http.wire - http-outgoing-6 << "Date: Mon, 13 Sep 2021 15:48:05 GMT[\r][\n]"
21:18:05.940 [pool-2-thread-5] DEBUG org.apache.http.wire - http-outgoing-6 << "Content-Type: text/xml;charset=UTF-8[\r][\n]"
21:18:05.940 [pool-2-thread-5] DEBUG org.apache.http.wire - http-outgoing-6 << "Content-Length: 993[\r][\n]"
21:18:05.940 [pool-2-thread-5] DEBUG org.apache.http.wire - http-outgoing-6 << "Connection: keep-alive[\r][\n]"
21:18:05.940 [pool-2-thread-5] DEBUG org.apache.http.wire - http-outgoing-6 << "Set-Cookie: AWSALBTG=18SMrs3zv+bleP+VptCwqknrWZkRN2TbE4gEHrRF5XlCVt/+Z37Pcz6z3yrK/oOBWirZan9M8+vdoehZI26iGKlese70KQbOJHzCHIqqApwkFr9qgEj8ZN1PyHiyeGJ4doiqMfgg+j5UVVJ3XNrDwPNmfcZhT0PTObYWBfqYhT8G; Expires=Mon, 20 Sep 2021 15:48:02 GMT; Path=/[\r][\n]"
21:18:05.941 [pool-2-thread-5] DEBUG org.apache.http.wire - http-outgoing-6 << "Set-Cookie: AWSALBTGCORS=18SMrs3zv+bleP+VptCwqknrWZkRN2TbE4gEHrRF5XlCVt/+Z37Pcz6z3yrK/oOBWirZan9M8+vdoehZI26iGKlese70KQbOJHzCHIqqApwkFr9qgEj8ZN1PyHiyeGJ4doiqMfgg+j5UVVJ3XNrDwPNmfcZhT0PTObYWBfqYhT8G; Expires=Mon, 20 Sep 2021 15:48:02 GMT; Path=/; SameSite=None; Secure[\r][\n]"
21:18:05.941 [pool-2-thread-5] DEBUG org.apache.http.wire - http-outgoing-6 << "Expires: 0[\r][\n]"
21:18:05.941 [pool-2-thread-5] DEBUG org.apache.http.wire - http-outgoing-6 << "Cache-Control: no-cache, no-store, must-revalidate[\r][\n]"
21:18:05.941 [pool-2-thread-5] DEBUG org.apache.http.wire - http-outgoing-6 << "X-Powered-By: Undertow/1[\r][\n]"
21:18:05.941 [pool-2-thread-5] DEBUG org.apache.http.wire - http-outgoing-6 << "Server: WildFly/10[\r][\n]"
21:18:05.941 [pool-2-thread-5] DEBUG org.apache.http.wire - http-outgoing-6 << "Pragma: no-cache[\r][\n]"
21:18:05.941 [pool-2-thread-5] DEBUG org.apache.http.wire - http-outgoing-6 << "[\r][\n]"
21:18:05.942 [pool-2-thread-5] DEBUG org.apache.http.wire - http-outgoing-6 << "<soap:Envelope xmlns:soap="http://schemas.xmlsoap.org/soap/envelope/"><SOAP-ENV:Header xmlns:SOAP-ENV="http://schemas.xmlsoap.org/soap/envelope/"/><soap:Body><ns2:getRequestStatusResponse xmlns:ns2="http://service.jbossws.webservices.celtrak.com/"><RequestStatus xmlns:xsi="http://www.w3.org/2001/XMLSchema-instance" xsi:type="ns2:mqRequestStatus"><commandValue>-2.0</commandValue><communicationType>SMS</communicationType><dateRequestSent>2021-09-13T15:47:29.563Z</dateRequestSent><errorType></errorType><externalCustomerId>4560BD5E-BD7B-42B0-8DCB-627EB8454C72</externalCustomerId><externalVehicleid>Bluebox India 2</externalVehicleid><messageType>Two Way New Set Point Zone 1</messageType><requestMessageTypeId>7</requestMessageTypeId><requestStatusId>4</requestStatusId><sourceIndicator>0</sourceIndicator><statusType>Scheduled</statusType><unitStateType></unitStateType><vehicleRequestId>3553347</vehicleRequestId></RequestStatus></ns2:getRequestStatusResponse></soap:Body></soap:Envelope>"
21:18:05.942 [pool-2-thread-5] DEBUG org.apache.http.headers - http-outgoing-6 << HTTP/1.1 200 OK
21:18:05.943 [pool-2-thread-5] DEBUG org.apache.http.headers - http-outgoing-6 << Date: Mon, 13 Sep 2021 15:48:05 GMT
21:18:05.943 [pool-2-thread-5] DEBUG org.apache.http.headers - http-outgoing-6 << Content-Type: text/xml;charset=UTF-8
21:18:05.943 [pool-2-thread-5] DEBUG org.apache.http.headers - http-outgoing-6 << Content-Length: 993
21:18:05.943 [pool-2-thread-5] DEBUG org.apache.http.headers - http-outgoing-6 << Connection: keep-alive
21:18:05.943 [pool-2-thread-5] DEBUG org.apache.http.headers - http-outgoing-6 << Set-Cookie: AWSALBTG=18SMrs3zv+bleP+VptCwqknrWZkRN2TbE4gEHrRF5XlCVt/+Z37Pcz6z3yrK/oOBWirZan9M8+vdoehZI26iGKlese70KQbOJHzCHIqqApwkFr9qgEj8ZN1PyHiyeGJ4doiqMfgg+j5UVVJ3XNrDwPNmfcZhT0PTObYWBfqYhT8G; Expires=Mon, 20 Sep 2021 15:48:02 GMT; Path=/
21:18:05.943 [pool-2-thread-5] DEBUG org.apache.http.headers - http-outgoing-6 << Set-Cookie: AWSALBTGCORS=18SMrs3zv+bleP+VptCwqknrWZkRN2TbE4gEHrRF5XlCVt/+Z37Pcz6z3yrK/oOBWirZan9M8+vdoehZI26iGKlese70KQbOJHzCHIqqApwkFr9qgEj8ZN1PyHiyeGJ4doiqMfgg+j5UVVJ3XNrDwPNmfcZhT0PTObYWBfqYhT8G; Expires=Mon, 20 Sep 2021 15:48:02 GMT; Path=/; SameSite=None; Secure
21:18:05.943 [pool-2-thread-5] DEBUG org.apache.http.headers - http-outgoing-6 << Expires: 0
21:18:05.943 [pool-2-thread-5] DEBUG org.apache.http.headers - http-outgoing-6 << Cache-Control: no-cache, no-store, must-revalidate
21:18:05.943 [pool-2-thread-5] DEBUG org.apache.http.headers - http-outgoing-6 << X-Powered-By: Undertow/1
21:18:05.943 [pool-2-thread-5] DEBUG org.apache.http.headers - http-outgoing-6 << Server: WildFly/10
21:18:05.943 [pool-2-thread-5] DEBUG org.apache.http.headers - http-outgoing-6 << Pragma: no-cache
21:18:05.943 [pool-2-thread-5] DEBUG org.apache.http.impl.execchain.MainClientExec - Connection can be kept alive indefinitely
21:18:05.945 [pool-2-thread-5] DEBUG org.apache.http.client.protocol.ResponseProcessCookies - Cookie accepted [AWSALBTG="18SMrs3zv+bleP+VptCwqknrWZkRN2TbE4gEHrRF5XlCVt/+Z37Pcz6z3yrK/oOBWirZan9M8+vdoehZI26iGKlese70KQbOJHzC...", version:0, domain:soap.tracking.thermoking.com, path:/, expiry:Mon Sep 20 21:18:02 IST 2021]
21:18:05.948 [pool-2-thread-5] DEBUG org.apache.http.client.protocol.ResponseProcessCookies - Cookie accepted [AWSALBTGCORS="18SMrs3zv+bleP+VptCwqknrWZkRN2TbE4gEHrRF5XlCVt/+Z37Pcz6z3yrK/oOBWirZan9M8+vdoehZI26iGKlese70KQbOJHzC...", version:0, domain:soap.tracking.thermoking.com, path:/, expiry:Mon Sep 20 21:18:02 IST 2021]
21:18:05.948 [pool-2-thread-5] DEBUG org.apache.http.impl.conn.PoolingHttpClientConnectionManager - Connection [id: 6][route: {s}->https://soap.tracking.thermoking.com:443] can be kept alive indefinitely
21:18:05.949 [pool-2-thread-5] DEBUG org.apache.http.impl.conn.DefaultManagedHttpClientConnection - http-outgoing-6: set socket timeout to 0
21:18:05.949 [pool-2-thread-5] DEBUG org.apache.http.impl.conn.PoolingHttpClientConnectionManager - Connection released: [id: 6][route: {s}->https://soap.tracking.thermoking.com:443][total available: 1; route allocated: 1 of 5; total allocated: 1 of 10]
21:18:05.950 [pool-2-thread-5] DEBUG com.intuit.karate - response time in milliseconds: 3981.95
1 < 200
1 < Cache-Control: no-cache, no-store, must-revalidate
1 < Connection: keep-alive
1 < Content-Length: 993
1 < Content-Type: text/xml;charset=UTF-8
1 < Date: Mon, 13 Sep 2021 15:48:05 GMT
1 < Expires: 0
1 < Pragma: no-cache
1 < Server: WildFly/10
1 < Set-Cookie: [AWSALBTG=18SMrs3zv+bleP+VptCwqknrWZkRN2TbE4gEHrRF5XlCVt/+Z37Pcz6z3yrK/oOBWirZan9M8+vdoehZI26iGKlese70KQbOJHzCHIqqApwkFr9qgEj8ZN1PyHiyeGJ4doiqMfgg+j5UVVJ3XNrDwPNmfcZhT0PTObYWBfqYhT8G; Expires=Mon, 20 Sep 2021 15:48:02 GMT; Path=/, AWSALBTGCORS=18SMrs3zv+bleP+VptCwqknrWZkRN2TbE4gEHrRF5XlCVt/+Z37Pcz6z3yrK/oOBWirZan9M8+vdoehZI26iGKlese70KQbOJHzCHIqqApwkFr9qgEj8ZN1PyHiyeGJ4doiqMfgg+j5UVVJ3XNrDwPNmfcZhT0PTObYWBfqYhT8G; Expires=Mon, 20 Sep 2021 15:48:02 GMT; Path=/; SameSite=None; Secure]
1 < X-Powered-By: Undertow/1
<soap:Envelope xmlns:soap="http://schemas.xmlsoap.org/soap/envelope/"><SOAP-ENV:Header xmlns:SOAP-ENV="http://schemas.xmlsoap.org/soap/envelope/"/><soap:Body><ns2:getRequestStatusResponse xmlns:ns2="http://service.jbossws.webservices.celtrak.com/"><RequestStatus xmlns:xsi="http://www.w3.org/2001/XMLSchema-instance" xsi:type="ns2:mqRequestStatus"><commandValue>-2.0</commandValue><communicationType>SMS</communicationType><dateRequestSent>2021-09-13T15:47:29.563Z</dateRequestSent><errorType></errorType><externalCustomerId>4560BD5E-BD7B-42B0-8DCB-627EB8454C72</externalCustomerId><externalVehicleid>Bluebox India 2</externalVehicleid><messageType>Two Way New Set Point Zone 1</messageType><requestMessageTypeId>7</requestMessageTypeId><requestStatusId>4</requestStatusId><sourceIndicator>0</sourceIndicator><statusType>Scheduled</statusType><unitStateType></unitStateType><vehicleRequestId>3553347</vehicleRequestId></RequestStatus></ns2:getRequestStatusResponse></soap:Body></soap:Envelope>

21:18:05.962 [pool-2-thread-5] INFO com.intuit.karate - [print] <soap:Envelope xmlns:soap="http://schemas.xmlsoap.org/soap/envelope/">
  <SOAP-ENV:Header xmlns:SOAP-ENV="http://schemas.xmlsoap.org/soap/envelope/"/>
  <soap:Body>
    <ns2:getRequestStatusResponse xmlns:ns2="http://service.jbossws.webservices.celtrak.com/">
      <RequestStatus xmlns:xsi="http://www.w3.org/2001/XMLSchema-instance" xsi:type="ns2:mqRequestStatus">
        <commandValue>-2.0</commandValue>
        <communicationType>SMS</communicationType>
        <dateRequestSent>2021-09-13T15:47:29.563Z</dateRequestSent>
        <errorType/>
        <externalCustomerId>4560BD5E-BD7B-42B0-8DCB-627EB8454C72</externalCustomerId>
        <externalVehicleid>Bluebox India 2</externalVehicleid>
        <messageType>Two Way New Set Point Zone 1</messageType>
        <requestMessageTypeId>7</requestMessageTypeId>
        <requestStatusId>4</requestStatusId>
        <sourceIndicator>0</sourceIndicator>
        <statusType>Scheduled</statusType>
        <unitStateType/>
        <vehicleRequestId>3553347</vehicleRequestId>
      </RequestStatus>
    </ns2:getRequestStatusResponse>
  </soap:Body>
</soap:Envelope>

21:18:05.976 [pool-2-thread-5] DEBUG com.jayway.jsonpath.internal.path.CompiledPath - Evaluating path: $
21:18:05.994 [pool-2-thread-5] INFO com.intuit.karate.Runner - <<pass>> feature 6 of 8: classpath:resources/Soap.feature
---------------------------------------------------------
feature: classpath:resources/Soap.feature
report: target\surefire-reports\resources.Soap.json
scenarios:  1 | passed:  1 | failed:  0 | time: 41.2666
---------------------------------------------------------
Karate version: 0.9.5
======================================================
elapsed:  43.30 | threads:    5 | thread time: 56.59 
features:     3 | ignored:    4 | efficiency: 0.26
scenarios:    5 | passed:     3 | failed: 2
======================================================
failed features:
resources.DetailsPost: DetailsPost.feature:44 - status code was: 401, expected: 200, response time: 1250, url: https://restdev1.tracking.thermoking.com/connected-solutions/GetCarrierVehicleList/?externalCarrierId=52D0B083-E9B7-47F6-9BAA-D22951DD1E50, response: {"path":"/connected-solutions/GetCarrierVehicleList/","error":"Unauthorized","message":"Invalid Carrier External Id","timestamp":"2021-09-13T15:47:30.904+0000","status":401}
DetailsPost.feature:62 - status code was: 401, expected: 200, response time: 1252, url: https://restdev1.tracking.thermoking.com/connected-solutions/StartTrip/?externalCarrierId=52D0B083-E9B7-47F6-9BAA-D22951DD1E50&vehicleExtId=1100295&scheduledStartTime=2021-05-19+09%3A00%3A00&scheduledDeliveryTime=2021-05-19+09%3A00%3A00&commodity=, response: {"path":"/connected-solutions/StartTrip/","error":"Unauthorized","message":"Invalid Carrier External Id","timestamp":"2021-09-13T15:47:32.316+0000","status":401}

21:18:06.310 [Finalizer] DEBUG org.apache.http.impl.conn.PoolingHttpClientConnectionManager - Connection manager is shutting down
21:18:06.312 [Finalizer] DEBUG org.apache.http.impl.conn.DefaultManagedHttpClientConnection - http-outgoing-0: Close connection
21:18:06.314 [Finalizer] DEBUG org.apache.http.impl.conn.PoolingHttpClientConnectionManager - Connection manager shut down
21:18:06.316 [Finalizer] DEBUG org.apache.http.impl.conn.PoolingHttpClientConnectionManager - Connection manager is shutting down
21:18:06.317 [Finalizer] DEBUG org.apache.http.impl.conn.DefaultManagedHttpClientConnection - http-outgoing-1: Close connection
21:18:06.317 [Finalizer] DEBUG org.apache.http.impl.conn.PoolingHttpClientConnectionManager - Connection manager shut down
21:18:06.318 [Finalizer] DEBUG org.apache.http.impl.conn.PoolingHttpClientConnectionManager - Connection manager is shutting down
21:18:06.318 [Finalizer] DEBUG org.apache.http.impl.conn.DefaultManagedHttpClientConnection - http-outgoing-2: Close connection
21:18:06.318 [Finalizer] DEBUG org.apache.http.impl.conn.PoolingHttpClientConnectionManager - Connection manager shut down
21:18:06.321 [Finalizer] DEBUG org.apache.http.impl.conn.PoolingHttpClientConnectionManager - Connection manager is shutting down
21:18:06.321 [Finalizer] DEBUG org.apache.http.impl.conn.DefaultManagedHttpClientConnection - http-outgoing-6: Close connection
21:18:06.321 [Finalizer] DEBUG org.apache.http.impl.conn.PoolingHttpClientConnectionManager - Connection manager shut down
21:18:06.322 [Finalizer] DEBUG org.apache.http.impl.conn.PoolingHttpClientConnectionManager - Connection manager is shutting down
21:18:06.322 [Finalizer] DEBUG org.apache.http.impl.conn.DefaultManagedHttpClientConnection - http-outgoing-5: Close connection
21:18:06.322 [Finalizer] DEBUG org.apache.http.impl.conn.PoolingHttpClientConnectionManager - Connection manager shut down
21:18:06.325 [Finalizer] DEBUG org.apache.http.impl.conn.PoolingHttpClientConnectionManager - Connection manager is shutting down
21:18:06.325 [Finalizer] DEBUG org.apache.http.impl.conn.DefaultManagedHttpClientConnection - http-outgoing-4: Close connection
21:18:06.326 [Finalizer] DEBUG org.apache.http.impl.conn.PoolingHttpClientConnectionManager - Connection manager shut down
21:18:06.326 [Finalizer] DEBUG org.apache.http.impl.conn.PoolingHttpClientConnectionManager - Connection manager is shutting down
21:18:06.326 [Finalizer] DEBUG org.apache.http.impl.conn.DefaultManagedHttpClientConnection - http-outgoing-3: Close connection
21:18:06.326 [Finalizer] DEBUG org.apache.http.impl.conn.PoolingHttpClientConnectionManager - Connection manager shut down
21:18:07.362 [main] DEBUG org.apache.velocity - CommonsLogLogChute name is 'org.apache.velocity'
21:18:07.362 [main] DEBUG org.apache.velocity - Initializing Velocity, Calling init()...
21:18:07.362 [main] DEBUG org.apache.velocity - Starting Apache Velocity v1.7 (compiled: 2010-11-19 12:14:37)
21:18:07.362 [main] DEBUG org.apache.velocity - Default Properties File: org\apache\velocity\runtime\defaults\velocity.properties
21:18:07.362 [main] DEBUG org.apache.velocity - Trying to use logger class org.apache.velocity.runtime.log.AvalonLogChute
21:18:07.362 [main] DEBUG org.apache.velocity - Target log system for org.apache.velocity.runtime.log.AvalonLogChute is not available (java.lang.NoClassDefFoundError: org/apache/log/format/Formatter).  Falling back to next log system...
21:18:07.362 [main] DEBUG org.apache.velocity - Trying to use logger class org.apache.velocity.runtime.log.Log4JLogChute
21:18:07.362 [main] DEBUG org.apache.velocity - Target log system for org.apache.velocity.runtime.log.Log4JLogChute is not available (java.lang.NoClassDefFoundError: org/apache/log4j/Layout).  Falling back to next log system...
21:18:07.362 [main] DEBUG org.apache.velocity - Trying to use logger class org.apache.velocity.runtime.log.CommonsLogLogChute
21:18:07.362 [main] DEBUG org.apache.velocity - Using logger class org.apache.velocity.runtime.log.CommonsLogLogChute
21:18:07.367 [main] DEBUG org.apache.velocity - ResourceLoader instantiated: org.apache.velocity.runtime.resource.loader.ClasspathResourceLoader
21:18:07.377 [main] DEBUG org.apache.velocity - ResourceCache: initialized (class org.apache.velocity.runtime.resource.ResourceCacheImpl) with class java.util.Collections$SynchronizedMap cache map.
21:18:07.378 [main] DEBUG org.apache.velocity - Loaded System Directive: org.apache.velocity.runtime.directive.Stop
21:18:07.379 [main] DEBUG org.apache.velocity - Loaded System Directive: org.apache.velocity.runtime.directive.Define
21:18:07.380 [main] DEBUG org.apache.velocity - Loaded System Directive: org.apache.velocity.runtime.directive.Break
21:18:07.381 [main] DEBUG org.apache.velocity - Loaded System Directive: org.apache.velocity.runtime.directive.Evaluate
21:18:07.382 [main] DEBUG org.apache.velocity - Loaded System Directive: org.apache.velocity.runtime.directive.Literal
21:18:07.385 [main] DEBUG org.apache.velocity - Loaded System Directive: org.apache.velocity.runtime.directive.Macro
21:18:07.388 [main] DEBUG org.apache.velocity - Loaded System Directive: org.apache.velocity.runtime.directive.Parse
21:18:07.390 [main] DEBUG org.apache.velocity - Loaded System Directive: org.apache.velocity.runtime.directive.Include
21:18:07.391 [main] DEBUG org.apache.velocity - Loaded System Directive: org.apache.velocity.runtime.directive.Foreach
21:18:07.431 [main] DEBUG org.apache.velocity - Created '20' parsers.
21:18:07.439 [main] DEBUG org.apache.velocity - Velocimacro : "velocimacro.library" is not set.  Trying default library: VM_global_library.vm
21:18:07.439 [main] DEBUG org.apache.velocity - Could not load resource 'VM_global_library.vm' from ResourceLoader org.apache.velocity.runtime.resource.loader.ClasspathResourceLoader: ClasspathResourceLoader Error: cannot find resource VM_global_library.vm
21:18:07.439 [main] DEBUG org.apache.velocity - Velocimacro : Default library not found.
21:18:07.439 [main] DEBUG org.apache.velocity - Velocimacro : allowInline = true : VMs can be defined inline in templates
21:18:07.439 [main] DEBUG org.apache.velocity - Velocimacro : allowInlineToOverride = false : VMs defined inline may NOT replace previous VM definitions
21:18:07.439 [main] DEBUG org.apache.velocity - Velocimacro : allowInlineLocal = false : VMs defined inline will be global in scope if allowed.
21:18:07.439 [main] DEBUG org.apache.velocity - Velocimacro : autoload off : VM system will not automatically reload global library macros
21:18:07.544 [main] DEBUG org.apache.velocity - CommonsLogLogChute name is 'org.apache.velocity'
21:18:07.544 [main] DEBUG org.apache.velocity - Initializing Velocity, Calling init()...
21:18:07.544 [main] DEBUG org.apache.velocity - Starting Apache Velocity v1.7 (compiled: 2010-11-19 12:14:37)
21:18:07.544 [main] DEBUG org.apache.velocity - Default Properties File: org\apache\velocity\runtime\defaults\velocity.properties
21:18:07.544 [main] DEBUG org.apache.velocity - Trying to use logger class org.apache.velocity.runtime.log.AvalonLogChute
21:18:07.544 [main] DEBUG org.apache.velocity - Target log system for org.apache.velocity.runtime.log.AvalonLogChute is not available (java.lang.NoClassDefFoundError: org/apache/log/format/Formatter).  Falling back to next log system...
21:18:07.544 [main] DEBUG org.apache.velocity - Trying to use logger class org.apache.velocity.runtime.log.Log4JLogChute
21:18:07.544 [main] DEBUG org.apache.velocity - Target log system for org.apache.velocity.runtime.log.Log4JLogChute is not available (java.lang.NoClassDefFoundError: org/apache/log4j/Layout).  Falling back to next log system...
21:18:07.544 [main] DEBUG org.apache.velocity - Trying to use logger class org.apache.velocity.runtime.log.CommonsLogLogChute
21:18:07.544 [main] DEBUG org.apache.velocity - Using logger class org.apache.velocity.runtime.log.CommonsLogLogChute
21:18:07.544 [main] DEBUG org.apache.velocity - ResourceLoader instantiated: org.apache.velocity.runtime.resource.loader.ClasspathResourceLoader
21:18:07.544 [main] DEBUG org.apache.velocity - ResourceCache: initialized (class org.apache.velocity.runtime.resource.ResourceCacheImpl) with class java.util.Collections$SynchronizedMap cache map.
21:18:07.544 [main] DEBUG org.apache.velocity - Loaded System Directive: org.apache.velocity.runtime.directive.Stop
21:18:07.544 [main] DEBUG org.apache.velocity - Loaded System Directive: org.apache.velocity.runtime.directive.Define
21:18:07.544 [main] DEBUG org.apache.velocity - Loaded System Directive: org.apache.velocity.runtime.directive.Break
21:18:07.544 [main] DEBUG org.apache.velocity - Loaded System Directive: org.apache.velocity.runtime.directive.Evaluate
21:18:07.544 [main] DEBUG org.apache.velocity - Loaded System Directive: org.apache.velocity.runtime.directive.Literal
21:18:07.544 [main] DEBUG org.apache.velocity - Loaded System Directive: org.apache.velocity.runtime.directive.Macro
21:18:07.544 [main] DEBUG org.apache.velocity - Loaded System Directive: org.apache.velocity.runtime.directive.Parse
21:18:07.545 [main] DEBUG org.apache.velocity - Loaded System Directive: org.apache.velocity.runtime.directive.Include
21:18:07.545 [main] DEBUG org.apache.velocity - Loaded System Directive: org.apache.velocity.runtime.directive.Foreach
21:18:07.545 [main] DEBUG org.apache.velocity - Created '20' parsers.
21:18:07.545 [main] DEBUG org.apache.velocity - Velocimacro : "velocimacro.library" is not set.  Trying default library: VM_global_library.vm
21:18:07.546 [main] DEBUG org.apache.velocity - Could not load resource 'VM_global_library.vm' from ResourceLoader org.apache.velocity.runtime.resource.loader.ClasspathResourceLoader: ClasspathResourceLoader Error: cannot find resource VM_global_library.vm
21:18:07.546 [main] DEBUG org.apache.velocity - Velocimacro : Default library not found.
21:18:07.546 [main] DEBUG org.apache.velocity - Velocimacro : allowInline = true : VMs can be defined inline in templates
21:18:07.546 [main] DEBUG org.apache.velocity - Velocimacro : allowInlineToOverride = false : VMs defined inline may NOT replace previous VM definitions
21:18:07.546 [main] DEBUG org.apache.velocity - Velocimacro : allowInlineLocal = false : VMs defined inline will be global in scope if allowed.
21:18:07.546 [main] DEBUG org.apache.velocity - Velocimacro : autoload off : VM system will not automatically reload global library macros
21:18:07.548 [main] DEBUG org.apache.velocity - CommonsLogLogChute name is 'org.apache.velocity'
21:18:07.548 [main] DEBUG org.apache.velocity - Initializing Velocity, Calling init()...
21:18:07.548 [main] DEBUG org.apache.velocity - Starting Apache Velocity v1.7 (compiled: 2010-11-19 12:14:37)
21:18:07.548 [main] DEBUG org.apache.velocity - Default Properties File: org\apache\velocity\runtime\defaults\velocity.properties
21:18:07.548 [main] DEBUG org.apache.velocity - Trying to use logger class org.apache.velocity.runtime.log.AvalonLogChute
21:18:07.548 [main] DEBUG org.apache.velocity - Target log system for org.apache.velocity.runtime.log.AvalonLogChute is not available (java.lang.NoClassDefFoundError: org/apache/log/format/Formatter).  Falling back to next log system...
21:18:07.548 [main] DEBUG org.apache.velocity - Trying to use logger class org.apache.velocity.runtime.log.Log4JLogChute
21:18:07.548 [main] DEBUG org.apache.velocity - Target log system for org.apache.velocity.runtime.log.Log4JLogChute is not available (java.lang.NoClassDefFoundError: org/apache/log4j/Layout).  Falling back to next log system...
21:18:07.548 [main] DEBUG org.apache.velocity - Trying to use logger class org.apache.velocity.runtime.log.CommonsLogLogChute
21:18:07.548 [main] DEBUG org.apache.velocity - Using logger class org.apache.velocity.runtime.log.CommonsLogLogChute
21:18:07.548 [main] DEBUG org.apache.velocity - ResourceLoader instantiated: org.apache.velocity.runtime.resource.loader.ClasspathResourceLoader
21:18:07.549 [main] DEBUG org.apache.velocity - ResourceCache: initialized (class org.apache.velocity.runtime.resource.ResourceCacheImpl) with class java.util.Collections$SynchronizedMap cache map.
21:18:07.549 [main] DEBUG org.apache.velocity - Loaded System Directive: org.apache.velocity.runtime.directive.Stop
21:18:07.549 [main] DEBUG org.apache.velocity - Loaded System Directive: org.apache.velocity.runtime.directive.Define
21:18:07.549 [main] DEBUG org.apache.velocity - Loaded System Directive: org.apache.velocity.runtime.directive.Break
21:18:07.549 [main] DEBUG org.apache.velocity - Loaded System Directive: org.apache.velocity.runtime.directive.Evaluate
21:18:07.550 [main] DEBUG org.apache.velocity - Loaded System Directive: org.apache.velocity.runtime.directive.Literal
21:18:07.550 [main] DEBUG org.apache.velocity - Loaded System Directive: org.apache.velocity.runtime.directive.Macro
21:18:07.550 [main] DEBUG org.apache.velocity - Loaded System Directive: org.apache.velocity.runtime.directive.Parse
21:18:07.550 [main] DEBUG org.apache.velocity - Loaded System Directive: org.apache.velocity.runtime.directive.Include
21:18:07.550 [main] DEBUG org.apache.velocity - Loaded System Directive: org.apache.velocity.runtime.directive.Foreach
21:18:07.551 [main] DEBUG org.apache.velocity - Created '20' parsers.
21:18:07.551 [main] DEBUG org.apache.velocity - Velocimacro : "velocimacro.library" is not set.  Trying default library: VM_global_library.vm
21:18:07.552 [main] DEBUG org.apache.velocity - Could not load resource 'VM_global_library.vm' from ResourceLoader org.apache.velocity.runtime.resource.loader.ClasspathResourceLoader: ClasspathResourceLoader Error: cannot find resource VM_global_library.vm
21:18:07.552 [main] DEBUG org.apache.velocity - Velocimacro : Default library not found.
21:18:07.552 [main] DEBUG org.apache.velocity - Velocimacro : allowInline = true : VMs can be defined inline in templates
21:18:07.552 [main] DEBUG org.apache.velocity - Velocimacro : allowInlineToOverride = false : VMs defined inline may NOT replace previous VM definitions
21:18:07.552 [main] DEBUG org.apache.velocity - Velocimacro : allowInlineLocal = false : VMs defined inline will be global in scope if allowed.
21:18:07.552 [main] DEBUG org.apache.velocity - Velocimacro : autoload off : VM system will not automatically reload global library macros
21:18:07.555 [main] DEBUG org.apache.velocity - CommonsLogLogChute name is 'org.apache.velocity'
21:18:07.555 [main] DEBUG org.apache.velocity - Initializing Velocity, Calling init()...
21:18:07.555 [main] DEBUG org.apache.velocity - Starting Apache Velocity v1.7 (compiled: 2010-11-19 12:14:37)
21:18:07.555 [main] DEBUG org.apache.velocity - Default Properties File: org\apache\velocity\runtime\defaults\velocity.properties
21:18:07.555 [main] DEBUG org.apache.velocity - Trying to use logger class org.apache.velocity.runtime.log.AvalonLogChute
21:18:07.555 [main] DEBUG org.apache.velocity - Target log system for org.apache.velocity.runtime.log.AvalonLogChute is not available (java.lang.NoClassDefFoundError: org/apache/log/format/Formatter).  Falling back to next log system...
21:18:07.555 [main] DEBUG org.apache.velocity - Trying to use logger class org.apache.velocity.runtime.log.Log4JLogChute
21:18:07.555 [main] DEBUG org.apache.velocity - Target log system for org.apache.velocity.runtime.log.Log4JLogChute is not available (java.lang.NoClassDefFoundError: org/apache/log4j/Layout).  Falling back to next log system...
21:18:07.555 [main] DEBUG org.apache.velocity - Trying to use logger class org.apache.velocity.runtime.log.CommonsLogLogChute
21:18:07.555 [main] DEBUG org.apache.velocity - Using logger class org.apache.velocity.runtime.log.CommonsLogLogChute
21:18:07.555 [main] DEBUG org.apache.velocity - ResourceLoader instantiated: org.apache.velocity.runtime.resource.loader.ClasspathResourceLoader
21:18:07.555 [main] DEBUG org.apache.velocity - ResourceCache: initialized (class org.apache.velocity.runtime.resource.ResourceCacheImpl) with class java.util.Collections$SynchronizedMap cache map.
21:18:07.556 [main] DEBUG org.apache.velocity - Loaded System Directive: org.apache.velocity.runtime.directive.Stop
21:18:07.556 [main] DEBUG org.apache.velocity - Loaded System Directive: org.apache.velocity.runtime.directive.Define
21:18:07.556 [main] DEBUG org.apache.velocity - Loaded System Directive: org.apache.velocity.runtime.directive.Break
21:18:07.556 [main] DEBUG org.apache.velocity - Loaded System Directive: org.apache.velocity.runtime.directive.Evaluate
21:18:07.556 [main] DEBUG org.apache.velocity - Loaded System Directive: org.apache.velocity.runtime.directive.Literal
21:18:07.556 [main] DEBUG org.apache.velocity - Loaded System Directive: org.apache.velocity.runtime.directive.Macro
21:18:07.556 [main] DEBUG org.apache.velocity - Loaded System Directive: org.apache.velocity.runtime.directive.Parse
21:18:07.556 [main] DEBUG org.apache.velocity - Loaded System Directive: org.apache.velocity.runtime.directive.Include
21:18:07.556 [main] DEBUG org.apache.velocity - Loaded System Directive: org.apache.velocity.runtime.directive.Foreach
21:18:07.557 [main] DEBUG org.apache.velocity - Created '20' parsers.
21:18:07.557 [main] DEBUG org.apache.velocity - Velocimacro : "velocimacro.library" is not set.  Trying default library: VM_global_library.vm
21:18:07.557 [main] DEBUG org.apache.velocity - Could not load resource 'VM_global_library.vm' from ResourceLoader org.apache.velocity.runtime.resource.loader.ClasspathResourceLoader: ClasspathResourceLoader Error: cannot find resource VM_global_library.vm
21:18:07.557 [main] DEBUG org.apache.velocity - Velocimacro : Default library not found.
21:18:07.557 [main] DEBUG org.apache.velocity - Velocimacro : allowInline = true : VMs can be defined inline in templates
21:18:07.557 [main] DEBUG org.apache.velocity - Velocimacro : allowInlineToOverride = false : VMs defined inline may NOT replace previous VM definitions
21:18:07.557 [main] DEBUG org.apache.velocity - Velocimacro : allowInlineLocal = false : VMs defined inline will be global in scope if allowed.
21:18:07.557 [main] DEBUG org.apache.velocity - Velocimacro : autoload off : VM system will not automatically reload global library macros
21:18:07.562 [main] DEBUG org.apache.velocity - CommonsLogLogChute name is 'org.apache.velocity'
21:18:07.562 [main] DEBUG org.apache.velocity - Initializing Velocity, Calling init()...
21:18:07.562 [main] DEBUG org.apache.velocity - Starting Apache Velocity v1.7 (compiled: 2010-11-19 12:14:37)
21:18:07.562 [main] DEBUG org.apache.velocity - Default Properties File: org\apache\velocity\runtime\defaults\velocity.properties
21:18:07.562 [main] DEBUG org.apache.velocity - Trying to use logger class org.apache.velocity.runtime.log.AvalonLogChute
21:18:07.562 [main] DEBUG org.apache.velocity - Target log system for org.apache.velocity.runtime.log.AvalonLogChute is not available (java.lang.NoClassDefFoundError: org/apache/log/format/Formatter).  Falling back to next log system...
21:18:07.562 [main] DEBUG org.apache.velocity - Trying to use logger class org.apache.velocity.runtime.log.Log4JLogChute
21:18:07.562 [main] DEBUG org.apache.velocity - Target log system for org.apache.velocity.runtime.log.Log4JLogChute is not available (java.lang.NoClassDefFoundError: org/apache/log4j/Layout).  Falling back to next log system...
21:18:07.562 [main] DEBUG org.apache.velocity - Trying to use logger class org.apache.velocity.runtime.log.CommonsLogLogChute
21:18:07.562 [main] DEBUG org.apache.velocity - Using logger class org.apache.velocity.runtime.log.CommonsLogLogChute
21:18:07.563 [main] DEBUG org.apache.velocity - ResourceLoader instantiated: org.apache.velocity.runtime.resource.loader.ClasspathResourceLoader
21:18:07.563 [main] DEBUG org.apache.velocity - ResourceCache: initialized (class org.apache.velocity.runtime.resource.ResourceCacheImpl) with class java.util.Collections$SynchronizedMap cache map.
21:18:07.563 [main] DEBUG org.apache.velocity - Loaded System Directive: org.apache.velocity.runtime.directive.Stop
21:18:07.564 [main] DEBUG org.apache.velocity - Loaded System Directive: org.apache.velocity.runtime.directive.Define
21:18:07.564 [main] DEBUG org.apache.velocity - Loaded System Directive: org.apache.velocity.runtime.directive.Break
21:18:07.564 [main] DEBUG org.apache.velocity - Loaded System Directive: org.apache.velocity.runtime.directive.Evaluate
21:18:07.564 [main] DEBUG org.apache.velocity - Loaded System Directive: org.apache.velocity.runtime.directive.Literal
21:18:07.564 [main] DEBUG org.apache.velocity - Loaded System Directive: org.apache.velocity.runtime.directive.Macro
21:18:07.564 [main] DEBUG org.apache.velocity - Loaded System Directive: org.apache.velocity.runtime.directive.Parse
21:18:07.564 [main] DEBUG org.apache.velocity - Loaded System Directive: org.apache.velocity.runtime.directive.Include
21:18:07.564 [main] DEBUG org.apache.velocity - Loaded System Directive: org.apache.velocity.runtime.directive.Foreach
21:18:07.564 [main] DEBUG org.apache.velocity - Created '20' parsers.
21:18:07.565 [main] DEBUG org.apache.velocity - Velocimacro : "velocimacro.library" is not set.  Trying default library: VM_global_library.vm
21:18:07.565 [main] DEBUG org.apache.velocity - Could not load resource 'VM_global_library.vm' from ResourceLoader org.apache.velocity.runtime.resource.loader.ClasspathResourceLoader: ClasspathResourceLoader Error: cannot find resource VM_global_library.vm
21:18:07.565 [main] DEBUG org.apache.velocity - Velocimacro : Default library not found.
21:18:07.565 [main] DEBUG org.apache.velocity - Velocimacro : allowInline = true : VMs can be defined inline in templates
21:18:07.565 [main] DEBUG org.apache.velocity - Velocimacro : allowInlineToOverride = false : VMs defined inline may NOT replace previous VM definitions
21:18:07.565 [main] DEBUG org.apache.velocity - Velocimacro : allowInlineLocal = false : VMs defined inline will be global in scope if allowed.
21:18:07.565 [main] DEBUG org.apache.velocity - Velocimacro : autoload off : VM system will not automatically reload global library macros
21:18:07.571 [main] DEBUG org.apache.velocity - CommonsLogLogChute name is 'org.apache.velocity'
21:18:07.571 [main] DEBUG org.apache.velocity - Initializing Velocity, Calling init()...
21:18:07.571 [main] DEBUG org.apache.velocity - Starting Apache Velocity v1.7 (compiled: 2010-11-19 12:14:37)
21:18:07.571 [main] DEBUG org.apache.velocity - Default Properties File: org\apache\velocity\runtime\defaults\velocity.properties
21:18:07.571 [main] DEBUG org.apache.velocity - Trying to use logger class org.apache.velocity.runtime.log.AvalonLogChute
21:18:07.571 [main] DEBUG org.apache.velocity - Target log system for org.apache.velocity.runtime.log.AvalonLogChute is not available (java.lang.NoClassDefFoundError: org/apache/log/format/Formatter).  Falling back to next log system...
21:18:07.571 [main] DEBUG org.apache.velocity - Trying to use logger class org.apache.velocity.runtime.log.Log4JLogChute
21:18:07.571 [main] DEBUG org.apache.velocity - Target log system for org.apache.velocity.runtime.log.Log4JLogChute is not available (java.lang.NoClassDefFoundError: org/apache/log4j/Layout).  Falling back to next log system...
21:18:07.571 [main] DEBUG org.apache.velocity - Trying to use logger class org.apache.velocity.runtime.log.CommonsLogLogChute
21:18:07.571 [main] DEBUG org.apache.velocity - Using logger class org.apache.velocity.runtime.log.CommonsLogLogChute
21:18:07.571 [main] DEBUG org.apache.velocity - ResourceLoader instantiated: org.apache.velocity.runtime.resource.loader.ClasspathResourceLoader
21:18:07.571 [main] DEBUG org.apache.velocity - ResourceCache: initialized (class org.apache.velocity.runtime.resource.ResourceCacheImpl) with class java.util.Collections$SynchronizedMap cache map.
21:18:07.572 [main] DEBUG org.apache.velocity - Loaded System Directive: org.apache.velocity.runtime.directive.Stop
21:18:07.572 [main] DEBUG org.apache.velocity - Loaded System Directive: org.apache.velocity.runtime.directive.Define
21:18:07.572 [main] DEBUG org.apache.velocity - Loaded System Directive: org.apache.velocity.runtime.directive.Break
21:18:07.572 [main] DEBUG org.apache.velocity - Loaded System Directive: org.apache.velocity.runtime.directive.Evaluate
21:18:07.572 [main] DEBUG org.apache.velocity - Loaded System Directive: org.apache.velocity.runtime.directive.Literal
21:18:07.572 [main] DEBUG org.apache.velocity - Loaded System Directive: org.apache.velocity.runtime.directive.Macro
21:18:07.572 [main] DEBUG org.apache.velocity - Loaded System Directive: org.apache.velocity.runtime.directive.Parse
21:18:07.572 [main] DEBUG org.apache.velocity - Loaded System Directive: org.apache.velocity.runtime.directive.Include
21:18:07.572 [main] DEBUG org.apache.velocity - Loaded System Directive: org.apache.velocity.runtime.directive.Foreach
21:18:07.573 [main] DEBUG org.apache.velocity - Created '20' parsers.
21:18:07.573 [main] DEBUG org.apache.velocity - Velocimacro : "velocimacro.library" is not set.  Trying default library: VM_global_library.vm
21:18:07.573 [main] DEBUG org.apache.velocity - Could not load resource 'VM_global_library.vm' from ResourceLoader org.apache.velocity.runtime.resource.loader.ClasspathResourceLoader: ClasspathResourceLoader Error: cannot find resource VM_global_library.vm
21:18:07.573 [main] DEBUG org.apache.velocity - Velocimacro : Default library not found.
21:18:07.573 [main] DEBUG org.apache.velocity - Velocimacro : allowInline = true : VMs can be defined inline in templates
21:18:07.573 [main] DEBUG org.apache.velocity - Velocimacro : allowInlineToOverride = false : VMs defined inline may NOT replace previous VM definitions
21:18:07.573 [main] DEBUG org.apache.velocity - Velocimacro : allowInlineLocal = false : VMs defined inline will be global in scope if allowed.
21:18:07.573 [main] DEBUG org.apache.velocity - Velocimacro : autoload off : VM system will not automatically reload global library macros
21:18:07.576 [main] DEBUG org.apache.velocity - CommonsLogLogChute name is 'org.apache.velocity'
21:18:07.576 [main] DEBUG org.apache.velocity - Initializing Velocity, Calling init()...
21:18:07.576 [main] DEBUG org.apache.velocity - Starting Apache Velocity v1.7 (compiled: 2010-11-19 12:14:37)
21:18:07.576 [main] DEBUG org.apache.velocity - Default Properties File: org\apache\velocity\runtime\defaults\velocity.properties
21:18:07.576 [main] DEBUG org.apache.velocity - Trying to use logger class org.apache.velocity.runtime.log.AvalonLogChute
21:18:07.576 [main] DEBUG org.apache.velocity - Target log system for org.apache.velocity.runtime.log.AvalonLogChute is not available (java.lang.NoClassDefFoundError: org/apache/log/format/Formatter).  Falling back to next log system...
21:18:07.576 [main] DEBUG org.apache.velocity - Trying to use logger class org.apache.velocity.runtime.log.Log4JLogChute
21:18:07.576 [main] DEBUG org.apache.velocity - Target log system for org.apache.velocity.runtime.log.Log4JLogChute is not available (java.lang.NoClassDefFoundError: org/apache/log4j/Layout).  Falling back to next log system...
21:18:07.576 [main] DEBUG org.apache.velocity - Trying to use logger class org.apache.velocity.runtime.log.CommonsLogLogChute
21:18:07.576 [main] DEBUG org.apache.velocity - Using logger class org.apache.velocity.runtime.log.CommonsLogLogChute
21:18:07.576 [main] DEBUG org.apache.velocity - ResourceLoader instantiated: org.apache.velocity.runtime.resource.loader.ClasspathResourceLoader
21:18:07.576 [main] DEBUG org.apache.velocity - ResourceCache: initialized (class org.apache.velocity.runtime.resource.ResourceCacheImpl) with class java.util.Collections$SynchronizedMap cache map.
21:18:07.577 [main] DEBUG org.apache.velocity - Loaded System Directive: org.apache.velocity.runtime.directive.Stop
21:18:07.577 [main] DEBUG org.apache.velocity - Loaded System Directive: org.apache.velocity.runtime.directive.Define
21:18:07.577 [main] DEBUG org.apache.velocity - Loaded System Directive: org.apache.velocity.runtime.directive.Break
21:18:07.577 [main] DEBUG org.apache.velocity - Loaded System Directive: org.apache.velocity.runtime.directive.Evaluate
21:18:07.577 [main] DEBUG org.apache.velocity - Loaded System Directive: org.apache.velocity.runtime.directive.Literal
21:18:07.577 [main] DEBUG org.apache.velocity - Loaded System Directive: org.apache.velocity.runtime.directive.Macro
21:18:07.577 [main] DEBUG org.apache.velocity - Loaded System Directive: org.apache.velocity.runtime.directive.Parse
21:18:07.577 [main] DEBUG org.apache.velocity - Loaded System Directive: org.apache.velocity.runtime.directive.Include
21:18:07.578 [main] DEBUG org.apache.velocity - Loaded System Directive: org.apache.velocity.runtime.directive.Foreach
21:18:07.579 [main] DEBUG org.apache.velocity - Created '20' parsers.
21:18:07.579 [main] DEBUG org.apache.velocity - Velocimacro : "velocimacro.library" is not set.  Trying default library: VM_global_library.vm
21:18:07.579 [main] DEBUG org.apache.velocity - Could not load resource 'VM_global_library.vm' from ResourceLoader org.apache.velocity.runtime.resource.loader.ClasspathResourceLoader: ClasspathResourceLoader Error: cannot find resource VM_global_library.vm
21:18:07.579 [main] DEBUG org.apache.velocity - Velocimacro : Default library not found.
21:18:07.579 [main] DEBUG org.apache.velocity - Velocimacro : allowInline = true : VMs can be defined inline in templates
21:18:07.579 [main] DEBUG org.apache.velocity - Velocimacro : allowInlineToOverride = false : VMs defined inline may NOT replace previous VM definitions
21:18:07.579 [main] DEBUG org.apache.velocity - Velocimacro : allowInlineLocal = false : VMs defined inline will be global in scope if allowed.
21:18:07.579 [main] DEBUG org.apache.velocity - Velocimacro : autoload off : VM system will not automatically reload global library macros
21:18:07.584 [main] DEBUG org.apache.velocity - CommonsLogLogChute name is 'org.apache.velocity'
21:18:07.585 [main] DEBUG org.apache.velocity - Initializing Velocity, Calling init()...
21:18:07.585 [main] DEBUG org.apache.velocity - Starting Apache Velocity v1.7 (compiled: 2010-11-19 12:14:37)
21:18:07.585 [main] DEBUG org.apache.velocity - Default Properties File: org\apache\velocity\runtime\defaults\velocity.properties
21:18:07.585 [main] DEBUG org.apache.velocity - Trying to use logger class org.apache.velocity.runtime.log.AvalonLogChute
21:18:07.585 [main] DEBUG org.apache.velocity - Target log system for org.apache.velocity.runtime.log.AvalonLogChute is not available (java.lang.NoClassDefFoundError: org/apache/log/format/Formatter).  Falling back to next log system...
21:18:07.585 [main] DEBUG org.apache.velocity - Trying to use logger class org.apache.velocity.runtime.log.Log4JLogChute
21:18:07.585 [main] DEBUG org.apache.velocity - Target log system for org.apache.velocity.runtime.log.Log4JLogChute is not available (java.lang.NoClassDefFoundError: org/apache/log4j/Layout).  Falling back to next log system...
21:18:07.585 [main] DEBUG org.apache.velocity - Trying to use logger class org.apache.velocity.runtime.log.CommonsLogLogChute
21:18:07.585 [main] DEBUG org.apache.velocity - Using logger class org.apache.velocity.runtime.log.CommonsLogLogChute
21:18:07.585 [main] DEBUG org.apache.velocity - ResourceLoader instantiated: org.apache.velocity.runtime.resource.loader.ClasspathResourceLoader
21:18:07.585 [main] DEBUG org.apache.velocity - ResourceCache: initialized (class org.apache.velocity.runtime.resource.ResourceCacheImpl) with class java.util.Collections$SynchronizedMap cache map.
21:18:07.586 [main] DEBUG org.apache.velocity - Loaded System Directive: org.apache.velocity.runtime.directive.Stop
21:18:07.586 [main] DEBUG org.apache.velocity - Loaded System Directive: org.apache.velocity.runtime.directive.Define
21:18:07.586 [main] DEBUG org.apache.velocity - Loaded System Directive: org.apache.velocity.runtime.directive.Break
21:18:07.586 [main] DEBUG org.apache.velocity - Loaded System Directive: org.apache.velocity.runtime.directive.Evaluate
21:18:07.586 [main] DEBUG org.apache.velocity - Loaded System Directive: org.apache.velocity.runtime.directive.Literal
21:18:07.586 [main] DEBUG org.apache.velocity - Loaded System Directive: org.apache.velocity.runtime.directive.Macro
21:18:07.586 [main] DEBUG org.apache.velocity - Loaded System Directive: org.apache.velocity.runtime.directive.Parse
21:18:07.586 [main] DEBUG org.apache.velocity - Loaded System Directive: org.apache.velocity.runtime.directive.Include
21:18:07.586 [main] DEBUG org.apache.velocity - Loaded System Directive: org.apache.velocity.runtime.directive.Foreach
21:18:07.587 [main] DEBUG org.apache.velocity - Created '20' parsers.
21:18:07.587 [main] DEBUG org.apache.velocity - Velocimacro : "velocimacro.library" is not set.  Trying default library: VM_global_library.vm
21:18:07.588 [main] DEBUG org.apache.velocity - Could not load resource 'VM_global_library.vm' from ResourceLoader org.apache.velocity.runtime.resource.loader.ClasspathResourceLoader: ClasspathResourceLoader Error: cannot find resource VM_global_library.vm
21:18:07.588 [main] DEBUG org.apache.velocity - Velocimacro : Default library not found.
21:18:07.588 [main] DEBUG org.apache.velocity - Velocimacro : allowInline = true : VMs can be defined inline in templates
21:18:07.588 [main] DEBUG org.apache.velocity - Velocimacro : allowInlineToOverride = false : VMs defined inline may NOT replace previous VM definitions
21:18:07.588 [main] DEBUG org.apache.velocity - Velocimacro : allowInlineLocal = false : VMs defined inline will be global in scope if allowed.
21:18:07.588 [main] DEBUG org.apache.velocity - Velocimacro : autoload off : VM system will not automatically reload global library macros
21:18:07.591 [main] DEBUG org.apache.velocity - CommonsLogLogChute name is 'org.apache.velocity'
21:18:07.591 [main] DEBUG org.apache.velocity - Initializing Velocity, Calling init()...
21:18:07.591 [main] DEBUG org.apache.velocity - Starting Apache Velocity v1.7 (compiled: 2010-11-19 12:14:37)
21:18:07.591 [main] DEBUG org.apache.velocity - Default Properties File: org\apache\velocity\runtime\defaults\velocity.properties
21:18:07.591 [main] DEBUG org.apache.velocity - Trying to use logger class org.apache.velocity.runtime.log.AvalonLogChute
21:18:07.591 [main] DEBUG org.apache.velocity - Target log system for org.apache.velocity.runtime.log.AvalonLogChute is not available (java.lang.NoClassDefFoundError: org/apache/log/format/Formatter).  Falling back to next log system...
21:18:07.591 [main] DEBUG org.apache.velocity - Trying to use logger class org.apache.velocity.runtime.log.Log4JLogChute
21:18:07.591 [main] DEBUG org.apache.velocity - Target log system for org.apache.velocity.runtime.log.Log4JLogChute is not available (java.lang.NoClassDefFoundError: org/apache/log4j/Layout).  Falling back to next log system...
21:18:07.591 [main] DEBUG org.apache.velocity - Trying to use logger class org.apache.velocity.runtime.log.CommonsLogLogChute
21:18:07.591 [main] DEBUG org.apache.velocity - Using logger class org.apache.velocity.runtime.log.CommonsLogLogChute
21:18:07.591 [main] DEBUG org.apache.velocity - ResourceLoader instantiated: org.apache.velocity.runtime.resource.loader.ClasspathResourceLoader
21:18:07.591 [main] DEBUG org.apache.velocity - ResourceCache: initialized (class org.apache.velocity.runtime.resource.ResourceCacheImpl) with class java.util.Collections$SynchronizedMap cache map.
21:18:07.592 [main] DEBUG org.apache.velocity - Loaded System Directive: org.apache.velocity.runtime.directive.Stop
21:18:07.592 [main] DEBUG org.apache.velocity - Loaded System Directive: org.apache.velocity.runtime.directive.Define
21:18:07.592 [main] DEBUG org.apache.velocity - Loaded System Directive: org.apache.velocity.runtime.directive.Break
21:18:07.592 [main] DEBUG org.apache.velocity - Loaded System Directive: org.apache.velocity.runtime.directive.Evaluate
21:18:07.592 [main] DEBUG org.apache.velocity - Loaded System Directive: org.apache.velocity.runtime.directive.Literal
21:18:07.592 [main] DEBUG org.apache.velocity - Loaded System Directive: org.apache.velocity.runtime.directive.Macro
21:18:07.592 [main] DEBUG org.apache.velocity - Loaded System Directive: org.apache.velocity.runtime.directive.Parse
21:18:07.592 [main] DEBUG org.apache.velocity - Loaded System Directive: org.apache.velocity.runtime.directive.Include
21:18:07.592 [main] DEBUG org.apache.velocity - Loaded System Directive: org.apache.velocity.runtime.directive.Foreach
21:18:07.593 [main] DEBUG org.apache.velocity - Created '20' parsers.
21:18:07.593 [main] DEBUG org.apache.velocity - Velocimacro : "velocimacro.library" is not set.  Trying default library: VM_global_library.vm
21:18:07.594 [main] DEBUG org.apache.velocity - Could not load resource 'VM_global_library.vm' from ResourceLoader org.apache.velocity.runtime.resource.loader.ClasspathResourceLoader: ClasspathResourceLoader Error: cannot find resource VM_global_library.vm
21:18:07.594 [main] DEBUG org.apache.velocity - Velocimacro : Default library not found.
21:18:07.594 [main] DEBUG org.apache.velocity - Velocimacro : allowInline = true : VMs can be defined inline in templates
21:18:07.594 [main] DEBUG org.apache.velocity - Velocimacro : allowInlineToOverride = false : VMs defined inline may NOT replace previous VM definitions
21:18:07.594 [main] DEBUG org.apache.velocity - Velocimacro : allowInlineLocal = false : VMs defined inline will be global in scope if allowed.
21:18:07.594 [main] DEBUG org.apache.velocity - Velocimacro : autoload off : VM system will not automatically reload global library macros
21:18:07.595 [main] DEBUG org.apache.velocity - CommonsLogLogChute name is 'org.apache.velocity'
21:18:07.595 [main] DEBUG org.apache.velocity - Initializing Velocity, Calling init()...
21:18:07.595 [main] DEBUG org.apache.velocity - Starting Apache Velocity v1.7 (compiled: 2010-11-19 12:14:37)
21:18:07.595 [main] DEBUG org.apache.velocity - Default Properties File: org\apache\velocity\runtime\defaults\velocity.properties
21:18:07.595 [main] DEBUG org.apache.velocity - Trying to use logger class org.apache.velocity.runtime.log.AvalonLogChute
21:18:07.595 [main] DEBUG org.apache.velocity - Target log system for org.apache.velocity.runtime.log.AvalonLogChute is not available (java.lang.NoClassDefFoundError: org/apache/log/format/Formatter).  Falling back to next log system...
21:18:07.595 [main] DEBUG org.apache.velocity - Trying to use logger class org.apache.velocity.runtime.log.Log4JLogChute
21:18:07.595 [main] DEBUG org.apache.velocity - Target log system for org.apache.velocity.runtime.log.Log4JLogChute is not available (java.lang.NoClassDefFoundError: org/apache/log4j/Layout).  Falling back to next log system...
21:18:07.595 [main] DEBUG org.apache.velocity - Trying to use logger class org.apache.velocity.runtime.log.CommonsLogLogChute
21:18:07.595 [main] DEBUG org.apache.velocity - Using logger class org.apache.velocity.runtime.log.CommonsLogLogChute
21:18:07.595 [main] DEBUG org.apache.velocity - ResourceLoader instantiated: org.apache.velocity.runtime.resource.loader.ClasspathResourceLoader
21:18:07.595 [main] DEBUG org.apache.velocity - ResourceCache: initialized (class org.apache.velocity.runtime.resource.ResourceCacheImpl) with class java.util.Collections$SynchronizedMap cache map.
21:18:07.596 [main] DEBUG org.apache.velocity - Loaded System Directive: org.apache.velocity.runtime.directive.Stop
21:18:07.596 [main] DEBUG org.apache.velocity - Loaded System Directive: org.apache.velocity.runtime.directive.Define
21:18:07.596 [main] DEBUG org.apache.velocity - Loaded System Directive: org.apache.velocity.runtime.directive.Break
21:18:07.596 [main] DEBUG org.apache.velocity - Loaded System Directive: org.apache.velocity.runtime.directive.Evaluate
21:18:07.596 [main] DEBUG org.apache.velocity - Loaded System Directive: org.apache.velocity.runtime.directive.Literal
21:18:07.596 [main] DEBUG org.apache.velocity - Loaded System Directive: org.apache.velocity.runtime.directive.Macro
21:18:07.596 [main] DEBUG org.apache.velocity - Loaded System Directive: org.apache.velocity.runtime.directive.Parse
21:18:07.596 [main] DEBUG org.apache.velocity - Loaded System Directive: org.apache.velocity.runtime.directive.Include
21:18:07.596 [main] DEBUG org.apache.velocity - Loaded System Directive: org.apache.velocity.runtime.directive.Foreach
21:18:07.597 [main] DEBUG org.apache.velocity - Created '20' parsers.
21:18:07.597 [main] DEBUG org.apache.velocity - Velocimacro : "velocimacro.library" is not set.  Trying default library: VM_global_library.vm
21:18:07.598 [main] DEBUG org.apache.velocity - Could not load resource 'VM_global_library.vm' from ResourceLoader org.apache.velocity.runtime.resource.loader.ClasspathResourceLoader: ClasspathResourceLoader Error: cannot find resource VM_global_library.vm
21:18:07.598 [main] DEBUG org.apache.velocity - Velocimacro : Default library not found.
21:18:07.598 [main] DEBUG org.apache.velocity - Velocimacro : allowInline = true : VMs can be defined inline in templates
21:18:07.598 [main] DEBUG org.apache.velocity - Velocimacro : allowInlineToOverride = false : VMs defined inline may NOT replace previous VM definitions
21:18:07.598 [main] DEBUG org.apache.velocity - Velocimacro : allowInlineLocal = false : VMs defined inline will be global in scope if allowed.
21:18:07.598 [main] DEBUG org.apache.velocity - Velocimacro : autoload off : VM system will not automatically reload global library macros
21:18:07.602 [main] DEBUG org.apache.velocity - CommonsLogLogChute name is 'org.apache.velocity'
21:18:07.602 [main] DEBUG org.apache.velocity - Initializing Velocity, Calling init()...
21:18:07.602 [main] DEBUG org.apache.velocity - Starting Apache Velocity v1.7 (compiled: 2010-11-19 12:14:37)
21:18:07.602 [main] DEBUG org.apache.velocity - Default Properties File: org\apache\velocity\runtime\defaults\velocity.properties
21:18:07.602 [main] DEBUG org.apache.velocity - Trying to use logger class org.apache.velocity.runtime.log.AvalonLogChute
21:18:07.602 [main] DEBUG org.apache.velocity - Target log system for org.apache.velocity.runtime.log.AvalonLogChute is not available (java.lang.NoClassDefFoundError: org/apache/log/format/Formatter).  Falling back to next log system...
21:18:07.602 [main] DEBUG org.apache.velocity - Trying to use logger class org.apache.velocity.runtime.log.Log4JLogChute
21:18:07.602 [main] DEBUG org.apache.velocity - Target log system for org.apache.velocity.runtime.log.Log4JLogChute is not available (java.lang.NoClassDefFoundError: org/apache/log4j/Layout).  Falling back to next log system...
21:18:07.602 [main] DEBUG org.apache.velocity - Trying to use logger class org.apache.velocity.runtime.log.CommonsLogLogChute
21:18:07.602 [main] DEBUG org.apache.velocity - Using logger class org.apache.velocity.runtime.log.CommonsLogLogChute
21:18:07.603 [main] DEBUG org.apache.velocity - ResourceLoader instantiated: org.apache.velocity.runtime.resource.loader.ClasspathResourceLoader
21:18:07.603 [main] DEBUG org.apache.velocity - ResourceCache: initialized (class org.apache.velocity.runtime.resource.ResourceCacheImpl) with class java.util.Collections$SynchronizedMap cache map.
21:18:07.604 [main] DEBUG org.apache.velocity - Loaded System Directive: org.apache.velocity.runtime.directive.Stop
21:18:07.604 [main] DEBUG org.apache.velocity - Loaded System Directive: org.apache.velocity.runtime.directive.Define
21:18:07.604 [main] DEBUG org.apache.velocity - Loaded System Directive: org.apache.velocity.runtime.directive.Break
21:18:07.604 [main] DEBUG org.apache.velocity - Loaded System Directive: org.apache.velocity.runtime.directive.Evaluate
21:18:07.605 [main] DEBUG org.apache.velocity - Loaded System Directive: org.apache.velocity.runtime.directive.Literal
21:18:07.605 [main] DEBUG org.apache.velocity - Loaded System Directive: org.apache.velocity.runtime.directive.Macro
21:18:07.605 [main] DEBUG org.apache.velocity - Loaded System Directive: org.apache.velocity.runtime.directive.Parse
21:18:07.605 [main] DEBUG org.apache.velocity - Loaded System Directive: org.apache.velocity.runtime.directive.Include
21:18:07.605 [main] DEBUG org.apache.velocity - Loaded System Directive: org.apache.velocity.runtime.directive.Foreach
21:18:07.606 [main] DEBUG org.apache.velocity - Created '20' parsers.
21:18:07.606 [main] DEBUG org.apache.velocity - Velocimacro : "velocimacro.library" is not set.  Trying default library: VM_global_library.vm
21:18:07.607 [main] DEBUG org.apache.velocity - Could not load resource 'VM_global_library.vm' from ResourceLoader org.apache.velocity.runtime.resource.loader.ClasspathResourceLoader: ClasspathResourceLoader Error: cannot find resource VM_global_library.vm
21:18:07.607 [main] DEBUG org.apache.velocity - Velocimacro : Default library not found.
21:18:07.607 [main] DEBUG org.apache.velocity - Velocimacro : allowInline = true : VMs can be defined inline in templates
21:18:07.607 [main] DEBUG org.apache.velocity - Velocimacro : allowInlineToOverride = false : VMs defined inline may NOT replace previous VM definitions
21:18:07.607 [main] DEBUG org.apache.velocity - Velocimacro : allowInlineLocal = false : VMs defined inline will be global in scope if allowed.
21:18:07.607 [main] DEBUG org.apache.velocity - Velocimacro : autoload off : VM system will not automatically reload global library macros
21:18:07.611 [main] DEBUG org.apache.velocity - CommonsLogLogChute name is 'org.apache.velocity'
21:18:07.611 [main] DEBUG org.apache.velocity - Initializing Velocity, Calling init()...
21:18:07.611 [main] DEBUG org.apache.velocity - Starting Apache Velocity v1.7 (compiled: 2010-11-19 12:14:37)
21:18:07.611 [main] DEBUG org.apache.velocity - Default Properties File: org\apache\velocity\runtime\defaults\velocity.properties
21:18:07.611 [main] DEBUG org.apache.velocity - Trying to use logger class org.apache.velocity.runtime.log.AvalonLogChute
21:18:07.611 [main] DEBUG org.apache.velocity - Target log system for org.apache.velocity.runtime.log.AvalonLogChute is not available (java.lang.NoClassDefFoundError: org/apache/log/format/Formatter).  Falling back to next log system...
21:18:07.611 [main] DEBUG org.apache.velocity - Trying to use logger class org.apache.velocity.runtime.log.Log4JLogChute
21:18:07.611 [main] DEBUG org.apache.velocity - Target log system for org.apache.velocity.runtime.log.Log4JLogChute is not available (java.lang.NoClassDefFoundError: org/apache/log4j/Layout).  Falling back to next log system...
21:18:07.611 [main] DEBUG org.apache.velocity - Trying to use logger class org.apache.velocity.runtime.log.CommonsLogLogChute
21:18:07.611 [main] DEBUG org.apache.velocity - Using logger class org.apache.velocity.runtime.log.CommonsLogLogChute
21:18:07.611 [main] DEBUG org.apache.velocity - ResourceLoader instantiated: org.apache.velocity.runtime.resource.loader.ClasspathResourceLoader
21:18:07.611 [main] DEBUG org.apache.velocity - ResourceCache: initialized (class org.apache.velocity.runtime.resource.ResourceCacheImpl) with class java.util.Collections$SynchronizedMap cache map.
21:18:07.612 [main] DEBUG org.apache.velocity - Loaded System Directive: org.apache.velocity.runtime.directive.Stop
21:18:07.612 [main] DEBUG org.apache.velocity - Loaded System Directive: org.apache.velocity.runtime.directive.Define
21:18:07.612 [main] DEBUG org.apache.velocity - Loaded System Directive: org.apache.velocity.runtime.directive.Break
21:18:07.612 [main] DEBUG org.apache.velocity - Loaded System Directive: org.apache.velocity.runtime.directive.Evaluate
21:18:07.612 [main] DEBUG org.apache.velocity - Loaded System Directive: org.apache.velocity.runtime.directive.Literal
21:18:07.612 [main] DEBUG org.apache.velocity - Loaded System Directive: org.apache.velocity.runtime.directive.Macro
21:18:07.612 [main] DEBUG org.apache.velocity - Loaded System Directive: org.apache.velocity.runtime.directive.Parse
21:18:07.612 [main] DEBUG org.apache.velocity - Loaded System Directive: org.apache.velocity.runtime.directive.Include
21:18:07.612 [main] DEBUG org.apache.velocity - Loaded System Directive: org.apache.velocity.runtime.directive.Foreach
21:18:07.613 [main] DEBUG org.apache.velocity - Created '20' parsers.
21:18:07.613 [main] DEBUG org.apache.velocity - Velocimacro : "velocimacro.library" is not set.  Trying default library: VM_global_library.vm
21:18:07.614 [main] DEBUG org.apache.velocity - Could not load resource 'VM_global_library.vm' from ResourceLoader org.apache.velocity.runtime.resource.loader.ClasspathResourceLoader: ClasspathResourceLoader Error: cannot find resource VM_global_library.vm
21:18:07.614 [main] DEBUG org.apache.velocity - Velocimacro : Default library not found.
21:18:07.614 [main] DEBUG org.apache.velocity - Velocimacro : allowInline = true : VMs can be defined inline in templates
21:18:07.614 [main] DEBUG org.apache.velocity - Velocimacro : allowInlineToOverride = false : VMs defined inline may NOT replace previous VM definitions
21:18:07.614 [main] DEBUG org.apache.velocity - Velocimacro : allowInlineLocal = false : VMs defined inline will be global in scope if allowed.
21:18:07.614 [main] DEBUG org.apache.velocity - Velocimacro : autoload off : VM system will not automatically reload global library macros
21:18:07.619 [main] DEBUG org.apache.velocity - CommonsLogLogChute name is 'org.apache.velocity'
21:18:07.619 [main] DEBUG org.apache.velocity - Initializing Velocity, Calling init()...
21:18:07.619 [main] DEBUG org.apache.velocity - Starting Apache Velocity v1.7 (compiled: 2010-11-19 12:14:37)
21:18:07.619 [main] DEBUG org.apache.velocity - Default Properties File: org\apache\velocity\runtime\defaults\velocity.properties
21:18:07.619 [main] DEBUG org.apache.velocity - Trying to use logger class org.apache.velocity.runtime.log.AvalonLogChute
21:18:07.619 [main] DEBUG org.apache.velocity - Target log system for org.apache.velocity.runtime.log.AvalonLogChute is not available (java.lang.NoClassDefFoundError: org/apache/log/format/Formatter).  Falling back to next log system...
21:18:07.619 [main] DEBUG org.apache.velocity - Trying to use logger class org.apache.velocity.runtime.log.Log4JLogChute
21:18:07.619 [main] DEBUG org.apache.velocity - Target log system for org.apache.velocity.runtime.log.Log4JLogChute is not available (java.lang.NoClassDefFoundError: org/apache/log4j/Layout).  Falling back to next log system...
21:18:07.619 [main] DEBUG org.apache.velocity - Trying to use logger class org.apache.velocity.runtime.log.CommonsLogLogChute
21:18:07.619 [main] DEBUG org.apache.velocity - Using logger class org.apache.velocity.runtime.log.CommonsLogLogChute
21:18:07.619 [main] DEBUG org.apache.velocity - ResourceLoader instantiated: org.apache.velocity.runtime.resource.loader.ClasspathResourceLoader
21:18:07.619 [main] DEBUG org.apache.velocity - ResourceCache: initialized (class org.apache.velocity.runtime.resource.ResourceCacheImpl) with class java.util.Collections$SynchronizedMap cache map.
21:18:07.620 [main] DEBUG org.apache.velocity - Loaded System Directive: org.apache.velocity.runtime.directive.Stop
21:18:07.620 [main] DEBUG org.apache.velocity - Loaded System Directive: org.apache.velocity.runtime.directive.Define
21:18:07.620 [main] DEBUG org.apache.velocity - Loaded System Directive: org.apache.velocity.runtime.directive.Break
21:18:07.620 [main] DEBUG org.apache.velocity - Loaded System Directive: org.apache.velocity.runtime.directive.Evaluate
21:18:07.620 [main] DEBUG org.apache.velocity - Loaded System Directive: org.apache.velocity.runtime.directive.Literal
21:18:07.620 [main] DEBUG org.apache.velocity - Loaded System Directive: org.apache.velocity.runtime.directive.Macro
21:18:07.620 [main] DEBUG org.apache.velocity - Loaded System Directive: org.apache.velocity.runtime.directive.Parse
21:18:07.620 [main] DEBUG org.apache.velocity - Loaded System Directive: org.apache.velocity.runtime.directive.Include
21:18:07.620 [main] DEBUG org.apache.velocity - Loaded System Directive: org.apache.velocity.runtime.directive.Foreach
21:18:07.623 [main] DEBUG org.apache.velocity - Created '20' parsers.
21:18:07.623 [main] DEBUG org.apache.velocity - Velocimacro : "velocimacro.library" is not set.  Trying default library: VM_global_library.vm
21:18:07.624 [main] DEBUG org.apache.velocity - Could not load resource 'VM_global_library.vm' from ResourceLoader org.apache.velocity.runtime.resource.loader.ClasspathResourceLoader: ClasspathResourceLoader Error: cannot find resource VM_global_library.vm
21:18:07.624 [main] DEBUG org.apache.velocity - Velocimacro : Default library not found.
21:18:07.624 [main] DEBUG org.apache.velocity - Velocimacro : allowInline = true : VMs can be defined inline in templates
21:18:07.624 [main] DEBUG org.apache.velocity - Velocimacro : allowInlineToOverride = false : VMs defined inline may NOT replace previous VM definitions
21:18:07.624 [main] DEBUG org.apache.velocity - Velocimacro : allowInlineLocal = false : VMs defined inline will be global in scope if allowed.
21:18:07.624 [main] DEBUG org.apache.velocity - Velocimacro : autoload off : VM system will not automatically reload global library macros
21:18:07.649 [main] DEBUG org.apache.velocity - ResourceManager : found templates/generators/overviewFeatures.vm with loader org.apache.velocity.runtime.resource.loader.ClasspathResourceLoader
21:18:07.657 [main] DEBUG org.apache.velocity - ResourceManager : found /templates/headers.vm with loader org.apache.velocity.runtime.resource.loader.ClasspathResourceLoader
21:18:07.659 [main] DEBUG org.apache.velocity - ResourceManager : found /templates/head.vm with loader org.apache.velocity.runtime.resource.loader.ClasspathResourceLoader
21:18:07.664 [main] DEBUG org.apache.velocity - Velocimacro : added VM stringArray: source=/templates/macros/array.js.vm
21:18:07.664 [main] DEBUG org.apache.velocity - Velocimacro : added VM numberArray: source=/templates/macros/array.js.vm
21:18:07.664 [main] DEBUG org.apache.velocity - ResourceManager : found /templates/macros/array.js.vm with loader org.apache.velocity.runtime.resource.loader.ClasspathResourceLoader
21:18:07.666 [main] DEBUG org.apache.velocity - Velocimacro : added VM includeBuildInfo: source=/templates/macros/page/buildinfo.vm
21:18:07.666 [main] DEBUG org.apache.velocity - ResourceManager : found /templates/macros/page/buildinfo.vm with loader org.apache.velocity.runtime.resource.loader.ClasspathResourceLoader
21:18:07.671 [main] DEBUG org.apache.velocity - Velocimacro : added VM includeClassifications: source=/templates/macros/page/classifications.vm
21:18:07.671 [main] DEBUG org.apache.velocity - ResourceManager : found /templates/macros/page/classifications.vm with loader org.apache.velocity.runtime.resource.loader.ClasspathResourceLoader
21:18:07.673 [main] DEBUG org.apache.velocity - Velocimacro : added VM includeLead: source=/templates/macros/page/lead.vm
21:18:07.673 [main] DEBUG org.apache.velocity - ResourceManager : found /templates/macros/page/lead.vm with loader org.apache.velocity.runtime.resource.loader.ClasspathResourceLoader
21:18:07.678 [main] DEBUG org.apache.velocity - Velocimacro : added VM includeNavigation: source=/templates/macros/page/navigation.vm
21:18:07.678 [main] DEBUG org.apache.velocity - ResourceManager : found /templates/macros/page/navigation.vm with loader org.apache.velocity.runtime.resource.loader.ClasspathResourceLoader
21:18:07.680 [main] DEBUG org.apache.velocity - Velocimacro : added VM includeReportInfo: source=/templates/macros/page/reportInfo.vm
21:18:07.680 [main] DEBUG org.apache.velocity - ResourceManager : found /templates/macros/page/reportInfo.vm with loader org.apache.velocity.runtime.resource.loader.ClasspathResourceLoader
21:18:07.682 [main] DEBUG org.apache.velocity - Velocimacro : added VM includeTitle: source=/templates/macros/page/title.vm
21:18:07.682 [main] DEBUG org.apache.velocity - ResourceManager : found /templates/macros/page/title.vm with loader org.apache.velocity.runtime.resource.loader.ClasspathResourceLoader
21:18:07.684 [main] DEBUG org.apache.velocity - Velocimacro : added VM includeExpandingButtons: source=/templates/macros/report/expandAllButtons.vm
21:18:07.685 [main] DEBUG org.apache.velocity - ResourceManager : found /templates/macros/report/expandAllButtons.vm with loader org.apache.velocity.runtime.resource.loader.ClasspathResourceLoader
21:18:07.694 [main] DEBUG org.apache.velocity - Velocimacro : added VM includeReportTable: source=/templates/macros/report/reportTable.vm
21:18:07.694 [main] DEBUG org.apache.velocity - ResourceManager : found /templates/macros/report/reportTable.vm with loader org.apache.velocity.runtime.resource.loader.ClasspathResourceLoader
21:18:07.696 [main] DEBUG org.apache.velocity - Velocimacro : added VM includeReportHeader: source=/templates/macros/report/reportHeader.vm
21:18:07.696 [main] DEBUG org.apache.velocity - ResourceManager : found /templates/macros/report/reportHeader.vm with loader org.apache.velocity.runtime.resource.loader.ClasspathResourceLoader
21:18:07.709 [main] DEBUG org.apache.velocity - Velocimacro : added VM includeStatsTable: source=/templates/macros/report/statsTable.vm
21:18:07.709 [main] DEBUG org.apache.velocity - ResourceManager : found /templates/macros/report/statsTable.vm with loader org.apache.velocity.runtime.resource.loader.ClasspathResourceLoader
21:18:07.711 [main] DEBUG org.apache.velocity - Velocimacro : added VM includeBrief: source=/templates/macros/json/brief.vm
21:18:07.711 [main] DEBUG org.apache.velocity - ResourceManager : found /templates/macros/json/brief.vm with loader org.apache.velocity.runtime.resource.loader.ClasspathResourceLoader
21:18:07.713 [main] DEBUG org.apache.velocity - Velocimacro : added VM includeDocString: source=/templates/macros/json/docstring.vm
21:18:07.713 [main] DEBUG org.apache.velocity - ResourceManager : found /templates/macros/json/docstring.vm with loader org.apache.velocity.runtime.resource.loader.ClasspathResourceLoader
21:18:07.715 [main] DEBUG org.apache.velocity - Velocimacro : added VM includeDuration: source=/templates/macros/json/duration.vm
21:18:07.715 [main] DEBUG org.apache.velocity - ResourceManager : found /templates/macros/json/duration.vm with loader org.apache.velocity.runtime.resource.loader.ClasspathResourceLoader
21:18:07.720 [main] DEBUG org.apache.velocity - Velocimacro : added VM includeElement: source=/templates/macros/json/element.vm
21:18:07.720 [main] DEBUG org.apache.velocity - ResourceManager : found /templates/macros/json/element.vm with loader org.apache.velocity.runtime.resource.loader.ClasspathResourceLoader
21:18:07.736 [main] DEBUG org.apache.velocity - Velocimacro : added VM includeEmbeddings: source=/templates/macros/json/embeddings.vm
21:18:07.737 [main] DEBUG org.apache.velocity - Velocimacro : added VM includeHtmlEmbedding: source=/templates/macros/json/embeddings.vm
21:18:07.738 [main] DEBUG org.apache.velocity - Velocimacro : added VM includeImageEmbedding: source=/templates/macros/json/embeddings.vm
21:18:07.738 [main] DEBUG org.apache.velocity - Velocimacro : added VM includeImageReferenceEmbedding: source=/templates/macros/json/embeddings.vm
21:18:07.738 [main] DEBUG org.apache.velocity - Velocimacro : added VM includeTextEmbedding: source=/templates/macros/json/embeddings.vm
21:18:07.738 [main] DEBUG org.apache.velocity - Velocimacro : added VM includeUnknownEmbedding: source=/templates/macros/json/embeddings.vm
21:18:07.738 [main] DEBUG org.apache.velocity - ResourceManager : found /templates/macros/json/embeddings.vm with loader org.apache.velocity.runtime.resource.loader.ClasspathResourceLoader
21:18:07.742 [main] DEBUG org.apache.velocity - Velocimacro : added VM includeHooks: source=/templates/macros/json/hooks.vm
21:18:07.742 [main] DEBUG org.apache.velocity - ResourceManager : found /templates/macros/json/hooks.vm with loader org.apache.velocity.runtime.resource.loader.ClasspathResourceLoader
21:18:07.745 [main] DEBUG org.apache.velocity - Velocimacro : added VM includeOutput: source=/templates/macros/json/output.vm
21:18:07.745 [main] DEBUG org.apache.velocity - ResourceManager : found /templates/macros/json/output.vm with loader org.apache.velocity.runtime.resource.loader.ClasspathResourceLoader
21:18:07.747 [main] DEBUG org.apache.velocity - Velocimacro : added VM includeMessage: source=/templates/macros/json/message.vm
21:18:07.747 [main] DEBUG org.apache.velocity - ResourceManager : found /templates/macros/json/message.vm with loader org.apache.velocity.runtime.resource.loader.ClasspathResourceLoader
21:18:07.754 [main] DEBUG org.apache.velocity - Velocimacro : added VM includeSteps: source=/templates/macros/json/steps.vm
21:18:07.754 [main] DEBUG org.apache.velocity - ResourceManager : found /templates/macros/json/steps.vm with loader org.apache.velocity.runtime.resource.loader.ClasspathResourceLoader
21:18:07.755 [main] DEBUG org.apache.velocity - Velocimacro : added VM includeTags: source=/templates/macros/json/tags.vm
21:18:07.755 [main] DEBUG org.apache.velocity - ResourceManager : found /templates/macros/json/tags.vm with loader org.apache.velocity.runtime.resource.loader.ClasspathResourceLoader
21:18:07.775 [main] DEBUG org.apache.velocity - ResourceManager : found /templates/js/steps-chart.js.vm with loader org.apache.velocity.runtime.resource.loader.ClasspathResourceLoader
21:18:07.793 [main] DEBUG org.apache.velocity - ResourceManager : found /templates/js/scenarios-chart.js.vm with loader org.apache.velocity.runtime.resource.loader.ClasspathResourceLoader
21:18:07.795 [main] DEBUG org.apache.velocity - ResourceManager : found /templates/js/features-chart.js.vm with loader org.apache.velocity.runtime.resource.loader.ClasspathResourceLoader
21:18:07.798 [main] DEBUG org.apache.velocity - VM #includeReportInfo: too many arguments to macro. Wanted 0 got 1
21:18:07.910 [main] DEBUG org.apache.velocity - ResourceManager : found /templates/footer.vm with loader org.apache.velocity.runtime.resource.loader.ClasspathResourceLoader
21:18:07.913 [main] DEBUG org.apache.velocity - ResourceManager : found templates/generators/reportFeature.vm with loader org.apache.velocity.runtime.resource.loader.ClasspathResourceLoader
21:18:07.918 [main] DEBUG org.apache.velocity - ResourceManager : found /templates/headers.vm with loader org.apache.velocity.runtime.resource.loader.ClasspathResourceLoader
21:18:07.919 [main] DEBUG org.apache.velocity - ResourceManager : found /templates/head.vm with loader org.apache.velocity.runtime.resource.loader.ClasspathResourceLoader
21:18:07.921 [main] DEBUG org.apache.velocity - Velocimacro : added VM stringArray: source=/templates/macros/array.js.vm
21:18:07.921 [main] DEBUG org.apache.velocity - Velocimacro : added VM numberArray: source=/templates/macros/array.js.vm
21:18:07.921 [main] DEBUG org.apache.velocity - ResourceManager : found /templates/macros/array.js.vm with loader org.apache.velocity.runtime.resource.loader.ClasspathResourceLoader
21:18:07.923 [main] DEBUG org.apache.velocity - Velocimacro : added VM includeBuildInfo: source=/templates/macros/page/buildinfo.vm
21:18:07.923 [main] DEBUG org.apache.velocity - ResourceManager : found /templates/macros/page/buildinfo.vm with loader org.apache.velocity.runtime.resource.loader.ClasspathResourceLoader
21:18:07.925 [main] DEBUG org.apache.velocity - Velocimacro : added VM includeClassifications: source=/templates/macros/page/classifications.vm
21:18:07.925 [main] DEBUG org.apache.velocity - ResourceManager : found /templates/macros/page/classifications.vm with loader org.apache.velocity.runtime.resource.loader.ClasspathResourceLoader
21:18:07.926 [main] DEBUG org.apache.velocity - Velocimacro : added VM includeLead: source=/templates/macros/page/lead.vm
21:18:07.926 [main] DEBUG org.apache.velocity - ResourceManager : found /templates/macros/page/lead.vm with loader org.apache.velocity.runtime.resource.loader.ClasspathResourceLoader
21:18:07.928 [main] DEBUG org.apache.velocity - Velocimacro : added VM includeNavigation: source=/templates/macros/page/navigation.vm
21:18:07.928 [main] DEBUG org.apache.velocity - ResourceManager : found /templates/macros/page/navigation.vm with loader org.apache.velocity.runtime.resource.loader.ClasspathResourceLoader
21:18:07.930 [main] DEBUG org.apache.velocity - Velocimacro : added VM includeReportInfo: source=/templates/macros/page/reportInfo.vm
21:18:07.930 [main] DEBUG org.apache.velocity - ResourceManager : found /templates/macros/page/reportInfo.vm with loader org.apache.velocity.runtime.resource.loader.ClasspathResourceLoader
21:18:07.931 [main] DEBUG org.apache.velocity - Velocimacro : added VM includeTitle: source=/templates/macros/page/title.vm
21:18:07.931 [main] DEBUG org.apache.velocity - ResourceManager : found /templates/macros/page/title.vm with loader org.apache.velocity.runtime.resource.loader.ClasspathResourceLoader
21:18:07.932 [main] DEBUG org.apache.velocity - Velocimacro : added VM includeExpandingButtons: source=/templates/macros/report/expandAllButtons.vm
21:18:07.932 [main] DEBUG org.apache.velocity - ResourceManager : found /templates/macros/report/expandAllButtons.vm with loader org.apache.velocity.runtime.resource.loader.ClasspathResourceLoader
21:18:07.935 [main] DEBUG org.apache.velocity - Velocimacro : added VM includeReportTable: source=/templates/macros/report/reportTable.vm
21:18:07.935 [main] DEBUG org.apache.velocity - ResourceManager : found /templates/macros/report/reportTable.vm with loader org.apache.velocity.runtime.resource.loader.ClasspathResourceLoader
21:18:07.937 [main] DEBUG org.apache.velocity - Velocimacro : added VM includeReportHeader: source=/templates/macros/report/reportHeader.vm
21:18:07.937 [main] DEBUG org.apache.velocity - ResourceManager : found /templates/macros/report/reportHeader.vm with loader org.apache.velocity.runtime.resource.loader.ClasspathResourceLoader
21:18:07.942 [main] DEBUG org.apache.velocity - Velocimacro : added VM includeStatsTable: source=/templates/macros/report/statsTable.vm
21:18:07.942 [main] DEBUG org.apache.velocity - ResourceManager : found /templates/macros/report/statsTable.vm with loader org.apache.velocity.runtime.resource.loader.ClasspathResourceLoader
21:18:07.944 [main] DEBUG org.apache.velocity - Velocimacro : added VM includeBrief: source=/templates/macros/json/brief.vm
21:18:07.944 [main] DEBUG org.apache.velocity - ResourceManager : found /templates/macros/json/brief.vm with loader org.apache.velocity.runtime.resource.loader.ClasspathResourceLoader
21:18:07.945 [main] DEBUG org.apache.velocity - Velocimacro : added VM includeDocString: source=/templates/macros/json/docstring.vm
21:18:07.945 [main] DEBUG org.apache.velocity - ResourceManager : found /templates/macros/json/docstring.vm with loader org.apache.velocity.runtime.resource.loader.ClasspathResourceLoader
21:18:07.946 [main] DEBUG org.apache.velocity - Velocimacro : added VM includeDuration: source=/templates/macros/json/duration.vm
21:18:07.946 [main] DEBUG org.apache.velocity - ResourceManager : found /templates/macros/json/duration.vm with loader org.apache.velocity.runtime.resource.loader.ClasspathResourceLoader
21:18:07.948 [main] DEBUG org.apache.velocity - Velocimacro : added VM includeElement: source=/templates/macros/json/element.vm
21:18:07.948 [main] DEBUG org.apache.velocity - ResourceManager : found /templates/macros/json/element.vm with loader org.apache.velocity.runtime.resource.loader.ClasspathResourceLoader
21:18:07.955 [main] DEBUG org.apache.velocity - Velocimacro : added VM includeEmbeddings: source=/templates/macros/json/embeddings.vm
21:18:07.955 [main] DEBUG org.apache.velocity - Velocimacro : added VM includeHtmlEmbedding: source=/templates/macros/json/embeddings.vm
21:18:07.955 [main] DEBUG org.apache.velocity - Velocimacro : added VM includeImageEmbedding: source=/templates/macros/json/embeddings.vm
21:18:07.955 [main] DEBUG org.apache.velocity - Velocimacro : added VM includeImageReferenceEmbedding: source=/templates/macros/json/embeddings.vm
21:18:07.956 [main] DEBUG org.apache.velocity - Velocimacro : added VM includeTextEmbedding: source=/templates/macros/json/embeddings.vm
21:18:07.956 [main] DEBUG org.apache.velocity - Velocimacro : added VM includeUnknownEmbedding: source=/templates/macros/json/embeddings.vm
21:18:07.956 [main] DEBUG org.apache.velocity - ResourceManager : found /templates/macros/json/embeddings.vm with loader org.apache.velocity.runtime.resource.loader.ClasspathResourceLoader
21:18:07.958 [main] DEBUG org.apache.velocity - Velocimacro : added VM includeHooks: source=/templates/macros/json/hooks.vm
21:18:07.958 [main] DEBUG org.apache.velocity - ResourceManager : found /templates/macros/json/hooks.vm with loader org.apache.velocity.runtime.resource.loader.ClasspathResourceLoader
21:18:07.960 [main] DEBUG org.apache.velocity - Velocimacro : added VM includeOutput: source=/templates/macros/json/output.vm
21:18:07.960 [main] DEBUG org.apache.velocity - ResourceManager : found /templates/macros/json/output.vm with loader org.apache.velocity.runtime.resource.loader.ClasspathResourceLoader
21:18:07.962 [main] DEBUG org.apache.velocity - Velocimacro : added VM includeMessage: source=/templates/macros/json/message.vm
21:18:07.962 [main] DEBUG org.apache.velocity - ResourceManager : found /templates/macros/json/message.vm with loader org.apache.velocity.runtime.resource.loader.ClasspathResourceLoader
21:18:07.965 [main] DEBUG org.apache.velocity - Velocimacro : added VM includeSteps: source=/templates/macros/json/steps.vm
21:18:07.965 [main] DEBUG org.apache.velocity - ResourceManager : found /templates/macros/json/steps.vm with loader org.apache.velocity.runtime.resource.loader.ClasspathResourceLoader
21:18:07.967 [main] DEBUG org.apache.velocity - Velocimacro : added VM includeTags: source=/templates/macros/json/tags.vm
21:18:07.967 [main] DEBUG org.apache.velocity - ResourceManager : found /templates/macros/json/tags.vm with loader org.apache.velocity.runtime.resource.loader.ClasspathResourceLoader
21:18:07.968 [main] DEBUG org.apache.velocity - VM #includeNavigation: too few arguments to macro. Wanted 1 got 0
21:18:07.968 [main] DEBUG org.apache.velocity - Left side ($active_tab) of '==' operation has null value. If it is a reference, it may not be in the context or its toString() returned null. /templates/macros/page/navigation.vm[line 14, column 51]
21:18:07.969 [main] DEBUG org.apache.velocity - Left side ($active_tab) of '==' operation has null value. If it is a reference, it may not be in the context or its toString() returned null. /templates/macros/page/navigation.vm[line 15, column 51]
21:18:07.969 [main] DEBUG org.apache.velocity - Left side ($active_tab) of '==' operation has null value. If it is a reference, it may not be in the context or its toString() returned null. /templates/macros/page/navigation.vm[line 16, column 51]
21:18:07.969 [main] DEBUG org.apache.velocity - Left side ($active_tab) of '==' operation has null value. If it is a reference, it may not be in the context or its toString() returned null. /templates/macros/page/navigation.vm[line 20, column 51]
21:18:07.970 [main] DEBUG org.apache.velocity - VM #includeLead: too few arguments to macro. Wanted 2 got 1
21:18:07.975 [main] DEBUG org.apache.velocity - VM #includeBrief: too few arguments to macro. Wanted 5 got 3
21:18:07.977 [main] DEBUG org.apache.velocity - VM #includeBrief: too few arguments to macro. Wanted 5 got 4
21:18:07.978 [main] DEBUG org.apache.velocity - VM #includeBrief: too few arguments to macro. Wanted 5 got 4
21:18:08.007 [main] DEBUG org.apache.velocity - VM #includeBrief: too few arguments to macro. Wanted 5 got 4
21:18:08.007 [main] DEBUG org.apache.velocity - VM #includeBrief: too few arguments to macro. Wanted 5 got 4
21:18:08.010 [main] DEBUG org.apache.velocity - VM #includeBrief: too few arguments to macro. Wanted 5 got 4
21:18:08.010 [main] DEBUG org.apache.velocity - VM #includeBrief: too few arguments to macro. Wanted 5 got 4
21:18:08.021 [main] DEBUG org.apache.velocity - VM #includeBrief: too few arguments to macro. Wanted 5 got 4
21:18:08.021 [main] DEBUG org.apache.velocity - VM #includeBrief: too few arguments to macro. Wanted 5 got 4
21:18:08.031 [main] DEBUG org.apache.velocity - VM #includeBrief: too few arguments to macro. Wanted 5 got 4
21:18:08.032 [main] DEBUG org.apache.velocity - VM #includeBrief: too few arguments to macro. Wanted 5 got 4
21:18:08.037 [main] DEBUG org.apache.velocity - VM #includeBrief: too few arguments to macro. Wanted 5 got 4
21:18:08.038 [main] DEBUG org.apache.velocity - VM #includeBrief: too few arguments to macro. Wanted 5 got 4
21:18:08.046 [main] DEBUG org.apache.velocity - ResourceManager : found /templates/footer.vm with loader org.apache.velocity.runtime.resource.loader.ClasspathResourceLoader
21:18:08.049 [main] DEBUG org.apache.velocity - ResourceManager : found templates/generators/reportFeature.vm with loader org.apache.velocity.runtime.resource.loader.ClasspathResourceLoader
21:18:08.054 [main] DEBUG org.apache.velocity - ResourceManager : found /templates/headers.vm with loader org.apache.velocity.runtime.resource.loader.ClasspathResourceLoader
21:18:08.056 [main] DEBUG org.apache.velocity - ResourceManager : found /templates/head.vm with loader org.apache.velocity.runtime.resource.loader.ClasspathResourceLoader
21:18:08.059 [main] DEBUG org.apache.velocity - Velocimacro : added VM stringArray: source=/templates/macros/array.js.vm
21:18:08.059 [main] DEBUG org.apache.velocity - Velocimacro : added VM numberArray: source=/templates/macros/array.js.vm
21:18:08.059 [main] DEBUG org.apache.velocity - ResourceManager : found /templates/macros/array.js.vm with loader org.apache.velocity.runtime.resource.loader.ClasspathResourceLoader
21:18:08.060 [main] DEBUG org.apache.velocity - Velocimacro : added VM includeBuildInfo: source=/templates/macros/page/buildinfo.vm
21:18:08.061 [main] DEBUG org.apache.velocity - ResourceManager : found /templates/macros/page/buildinfo.vm with loader org.apache.velocity.runtime.resource.loader.ClasspathResourceLoader
21:18:08.062 [main] DEBUG org.apache.velocity - Velocimacro : added VM includeClassifications: source=/templates/macros/page/classifications.vm
21:18:08.062 [main] DEBUG org.apache.velocity - ResourceManager : found /templates/macros/page/classifications.vm with loader org.apache.velocity.runtime.resource.loader.ClasspathResourceLoader
21:18:08.065 [main] DEBUG org.apache.velocity - Velocimacro : added VM includeLead: source=/templates/macros/page/lead.vm
21:18:08.066 [main] DEBUG org.apache.velocity - ResourceManager : found /templates/macros/page/lead.vm with loader org.apache.velocity.runtime.resource.loader.ClasspathResourceLoader
21:18:08.068 [main] DEBUG org.apache.velocity - Velocimacro : added VM includeNavigation: source=/templates/macros/page/navigation.vm
21:18:08.068 [main] DEBUG org.apache.velocity - ResourceManager : found /templates/macros/page/navigation.vm with loader org.apache.velocity.runtime.resource.loader.ClasspathResourceLoader
21:18:08.070 [main] DEBUG org.apache.velocity - Velocimacro : added VM includeReportInfo: source=/templates/macros/page/reportInfo.vm
21:18:08.070 [main] DEBUG org.apache.velocity - ResourceManager : found /templates/macros/page/reportInfo.vm with loader org.apache.velocity.runtime.resource.loader.ClasspathResourceLoader
21:18:08.072 [main] DEBUG org.apache.velocity - Velocimacro : added VM includeTitle: source=/templates/macros/page/title.vm
21:18:08.072 [main] DEBUG org.apache.velocity - ResourceManager : found /templates/macros/page/title.vm with loader org.apache.velocity.runtime.resource.loader.ClasspathResourceLoader
21:18:08.074 [main] DEBUG org.apache.velocity - Velocimacro : added VM includeExpandingButtons: source=/templates/macros/report/expandAllButtons.vm
21:18:08.074 [main] DEBUG org.apache.velocity - ResourceManager : found /templates/macros/report/expandAllButtons.vm with loader org.apache.velocity.runtime.resource.loader.ClasspathResourceLoader
21:18:08.076 [main] DEBUG org.apache.velocity - Velocimacro : added VM includeReportTable: source=/templates/macros/report/reportTable.vm
21:18:08.076 [main] DEBUG org.apache.velocity - ResourceManager : found /templates/macros/report/reportTable.vm with loader org.apache.velocity.runtime.resource.loader.ClasspathResourceLoader
21:18:08.077 [main] DEBUG org.apache.velocity - Velocimacro : added VM includeReportHeader: source=/templates/macros/report/reportHeader.vm
21:18:08.078 [main] DEBUG org.apache.velocity - ResourceManager : found /templates/macros/report/reportHeader.vm with loader org.apache.velocity.runtime.resource.loader.ClasspathResourceLoader
21:18:08.082 [main] DEBUG org.apache.velocity - Velocimacro : added VM includeStatsTable: source=/templates/macros/report/statsTable.vm
21:18:08.082 [main] DEBUG org.apache.velocity - ResourceManager : found /templates/macros/report/statsTable.vm with loader org.apache.velocity.runtime.resource.loader.ClasspathResourceLoader
21:18:08.084 [main] DEBUG org.apache.velocity - Velocimacro : added VM includeBrief: source=/templates/macros/json/brief.vm
21:18:08.084 [main] DEBUG org.apache.velocity - ResourceManager : found /templates/macros/json/brief.vm with loader org.apache.velocity.runtime.resource.loader.ClasspathResourceLoader
21:18:08.087 [main] DEBUG org.apache.velocity - Velocimacro : added VM includeDocString: source=/templates/macros/json/docstring.vm
21:18:08.087 [main] DEBUG org.apache.velocity - ResourceManager : found /templates/macros/json/docstring.vm with loader org.apache.velocity.runtime.resource.loader.ClasspathResourceLoader
21:18:08.088 [main] DEBUG org.apache.velocity - Velocimacro : added VM includeDuration: source=/templates/macros/json/duration.vm
21:18:08.088 [main] DEBUG org.apache.velocity - ResourceManager : found /templates/macros/json/duration.vm with loader org.apache.velocity.runtime.resource.loader.ClasspathResourceLoader
21:18:08.090 [main] DEBUG org.apache.velocity - Velocimacro : added VM includeElement: source=/templates/macros/json/element.vm
21:18:08.090 [main] DEBUG org.apache.velocity - ResourceManager : found /templates/macros/json/element.vm with loader org.apache.velocity.runtime.resource.loader.ClasspathResourceLoader
21:18:08.094 [main] DEBUG org.apache.velocity - Velocimacro : added VM includeEmbeddings: source=/templates/macros/json/embeddings.vm
21:18:08.094 [main] DEBUG org.apache.velocity - Velocimacro : added VM includeHtmlEmbedding: source=/templates/macros/json/embeddings.vm
21:18:08.094 [main] DEBUG org.apache.velocity - Velocimacro : added VM includeImageEmbedding: source=/templates/macros/json/embeddings.vm
21:18:08.094 [main] DEBUG org.apache.velocity - Velocimacro : added VM includeImageReferenceEmbedding: source=/templates/macros/json/embeddings.vm
21:18:08.094 [main] DEBUG org.apache.velocity - Velocimacro : added VM includeTextEmbedding: source=/templates/macros/json/embeddings.vm
21:18:08.094 [main] DEBUG org.apache.velocity - Velocimacro : added VM includeUnknownEmbedding: source=/templates/macros/json/embeddings.vm
21:18:08.094 [main] DEBUG org.apache.velocity - ResourceManager : found /templates/macros/json/embeddings.vm with loader org.apache.velocity.runtime.resource.loader.ClasspathResourceLoader
21:18:08.096 [main] DEBUG org.apache.velocity - Velocimacro : added VM includeHooks: source=/templates/macros/json/hooks.vm
21:18:08.097 [main] DEBUG org.apache.velocity - ResourceManager : found /templates/macros/json/hooks.vm with loader org.apache.velocity.runtime.resource.loader.ClasspathResourceLoader
21:18:08.098 [main] DEBUG org.apache.velocity - Velocimacro : added VM includeOutput: source=/templates/macros/json/output.vm
21:18:08.099 [main] DEBUG org.apache.velocity - ResourceManager : found /templates/macros/json/output.vm with loader org.apache.velocity.runtime.resource.loader.ClasspathResourceLoader
21:18:08.101 [main] DEBUG org.apache.velocity - Velocimacro : added VM includeMessage: source=/templates/macros/json/message.vm
21:18:08.101 [main] DEBUG org.apache.velocity - ResourceManager : found /templates/macros/json/message.vm with loader org.apache.velocity.runtime.resource.loader.ClasspathResourceLoader
21:18:08.104 [main] DEBUG org.apache.velocity - Velocimacro : added VM includeSteps: source=/templates/macros/json/steps.vm
21:18:08.104 [main] DEBUG org.apache.velocity - ResourceManager : found /templates/macros/json/steps.vm with loader org.apache.velocity.runtime.resource.loader.ClasspathResourceLoader
21:18:08.105 [main] DEBUG org.apache.velocity - Velocimacro : added VM includeTags: source=/templates/macros/json/tags.vm
21:18:08.106 [main] DEBUG org.apache.velocity - ResourceManager : found /templates/macros/json/tags.vm with loader org.apache.velocity.runtime.resource.loader.ClasspathResourceLoader
21:18:08.106 [main] DEBUG org.apache.velocity - VM #includeNavigation: too few arguments to macro. Wanted 1 got 0
21:18:08.106 [main] DEBUG org.apache.velocity - Left side ($active_tab) of '==' operation has null value. If it is a reference, it may not be in the context or its toString() returned null. /templates/macros/page/navigation.vm[line 14, column 51]
21:18:08.106 [main] DEBUG org.apache.velocity - Left side ($active_tab) of '==' operation has null value. If it is a reference, it may not be in the context or its toString() returned null. /templates/macros/page/navigation.vm[line 15, column 51]
21:18:08.106 [main] DEBUG org.apache.velocity - Left side ($active_tab) of '==' operation has null value. If it is a reference, it may not be in the context or its toString() returned null. /templates/macros/page/navigation.vm[line 16, column 51]
21:18:08.106 [main] DEBUG org.apache.velocity - Left side ($active_tab) of '==' operation has null value. If it is a reference, it may not be in the context or its toString() returned null. /templates/macros/page/navigation.vm[line 20, column 51]
21:18:08.107 [main] DEBUG org.apache.velocity - VM #includeLead: too few arguments to macro. Wanted 2 got 1
21:18:08.109 [main] DEBUG org.apache.velocity - VM #includeBrief: too few arguments to macro. Wanted 5 got 3
21:18:08.109 [main] DEBUG org.apache.velocity - VM #includeBrief: too few arguments to macro. Wanted 5 got 4
21:18:08.110 [main] DEBUG org.apache.velocity - VM #includeBrief: too few arguments to macro. Wanted 5 got 4
21:18:08.114 [main] DEBUG org.apache.velocity - VM #includeBrief: too few arguments to macro. Wanted 5 got 4
21:18:08.114 [main] DEBUG org.apache.velocity - VM #includeBrief: too few arguments to macro. Wanted 5 got 4
21:18:08.124 [main] DEBUG org.apache.velocity - ResourceManager : found /templates/footer.vm with loader org.apache.velocity.runtime.resource.loader.ClasspathResourceLoader
21:18:08.126 [main] DEBUG org.apache.velocity - ResourceManager : found templates/generators/reportFeature.vm with loader org.apache.velocity.runtime.resource.loader.ClasspathResourceLoader
21:18:08.131 [main] DEBUG org.apache.velocity - ResourceManager : found /templates/headers.vm with loader org.apache.velocity.runtime.resource.loader.ClasspathResourceLoader
21:18:08.132 [main] DEBUG org.apache.velocity - ResourceManager : found /templates/head.vm with loader org.apache.velocity.runtime.resource.loader.ClasspathResourceLoader
21:18:08.133 [main] DEBUG org.apache.velocity - Velocimacro : added VM stringArray: source=/templates/macros/array.js.vm
21:18:08.134 [main] DEBUG org.apache.velocity - Velocimacro : added VM numberArray: source=/templates/macros/array.js.vm
21:18:08.135 [main] DEBUG org.apache.velocity - ResourceManager : found /templates/macros/array.js.vm with loader org.apache.velocity.runtime.resource.loader.ClasspathResourceLoader
21:18:08.136 [main] DEBUG org.apache.velocity - Velocimacro : added VM includeBuildInfo: source=/templates/macros/page/buildinfo.vm
21:18:08.137 [main] DEBUG org.apache.velocity - ResourceManager : found /templates/macros/page/buildinfo.vm with loader org.apache.velocity.runtime.resource.loader.ClasspathResourceLoader
21:18:08.138 [main] DEBUG org.apache.velocity - Velocimacro : added VM includeClassifications: source=/templates/macros/page/classifications.vm
21:18:08.138 [main] DEBUG org.apache.velocity - ResourceManager : found /templates/macros/page/classifications.vm with loader org.apache.velocity.runtime.resource.loader.ClasspathResourceLoader
21:18:08.139 [main] DEBUG org.apache.velocity - Velocimacro : added VM includeLead: source=/templates/macros/page/lead.vm
21:18:08.139 [main] DEBUG org.apache.velocity - ResourceManager : found /templates/macros/page/lead.vm with loader org.apache.velocity.runtime.resource.loader.ClasspathResourceLoader
21:18:08.140 [main] DEBUG org.apache.velocity - Velocimacro : added VM includeNavigation: source=/templates/macros/page/navigation.vm
21:18:08.140 [main] DEBUG org.apache.velocity - ResourceManager : found /templates/macros/page/navigation.vm with loader org.apache.velocity.runtime.resource.loader.ClasspathResourceLoader
21:18:08.141 [main] DEBUG org.apache.velocity - Velocimacro : added VM includeReportInfo: source=/templates/macros/page/reportInfo.vm
21:18:08.141 [main] DEBUG org.apache.velocity - ResourceManager : found /templates/macros/page/reportInfo.vm with loader org.apache.velocity.runtime.resource.loader.ClasspathResourceLoader
21:18:08.142 [main] DEBUG org.apache.velocity - Velocimacro : added VM includeTitle: source=/templates/macros/page/title.vm
21:18:08.142 [main] DEBUG org.apache.velocity - ResourceManager : found /templates/macros/page/title.vm with loader org.apache.velocity.runtime.resource.loader.ClasspathResourceLoader
21:18:08.144 [main] DEBUG org.apache.velocity - Velocimacro : added VM includeExpandingButtons: source=/templates/macros/report/expandAllButtons.vm
21:18:08.145 [main] DEBUG org.apache.velocity - ResourceManager : found /templates/macros/report/expandAllButtons.vm with loader org.apache.velocity.runtime.resource.loader.ClasspathResourceLoader
21:18:08.146 [main] DEBUG org.apache.velocity - Velocimacro : added VM includeReportTable: source=/templates/macros/report/reportTable.vm
21:18:08.147 [main] DEBUG org.apache.velocity - ResourceManager : found /templates/macros/report/reportTable.vm with loader org.apache.velocity.runtime.resource.loader.ClasspathResourceLoader
21:18:08.148 [main] DEBUG org.apache.velocity - Velocimacro : added VM includeReportHeader: source=/templates/macros/report/reportHeader.vm
21:18:08.148 [main] DEBUG org.apache.velocity - ResourceManager : found /templates/macros/report/reportHeader.vm with loader org.apache.velocity.runtime.resource.loader.ClasspathResourceLoader
21:18:08.152 [main] DEBUG org.apache.velocity - Velocimacro : added VM includeStatsTable: source=/templates/macros/report/statsTable.vm
21:18:08.152 [main] DEBUG org.apache.velocity - ResourceManager : found /templates/macros/report/statsTable.vm with loader org.apache.velocity.runtime.resource.loader.ClasspathResourceLoader
21:18:08.155 [main] DEBUG org.apache.velocity - Velocimacro : added VM includeBrief: source=/templates/macros/json/brief.vm
21:18:08.155 [main] DEBUG org.apache.velocity - ResourceManager : found /templates/macros/json/brief.vm with loader org.apache.velocity.runtime.resource.loader.ClasspathResourceLoader
21:18:08.156 [main] DEBUG org.apache.velocity - Velocimacro : added VM includeDocString: source=/templates/macros/json/docstring.vm
21:18:08.156 [main] DEBUG org.apache.velocity - ResourceManager : found /templates/macros/json/docstring.vm with loader org.apache.velocity.runtime.resource.loader.ClasspathResourceLoader
21:18:08.157 [main] DEBUG org.apache.velocity - Velocimacro : added VM includeDuration: source=/templates/macros/json/duration.vm
21:18:08.157 [main] DEBUG org.apache.velocity - ResourceManager : found /templates/macros/json/duration.vm with loader org.apache.velocity.runtime.resource.loader.ClasspathResourceLoader
21:18:08.159 [main] DEBUG org.apache.velocity - Velocimacro : added VM includeElement: source=/templates/macros/json/element.vm
21:18:08.159 [main] DEBUG org.apache.velocity - ResourceManager : found /templates/macros/json/element.vm with loader org.apache.velocity.runtime.resource.loader.ClasspathResourceLoader
21:18:08.164 [main] DEBUG org.apache.velocity - Velocimacro : added VM includeEmbeddings: source=/templates/macros/json/embeddings.vm
21:18:08.164 [main] DEBUG org.apache.velocity - Velocimacro : added VM includeHtmlEmbedding: source=/templates/macros/json/embeddings.vm
21:18:08.164 [main] DEBUG org.apache.velocity - Velocimacro : added VM includeImageEmbedding: source=/templates/macros/json/embeddings.vm
21:18:08.164 [main] DEBUG org.apache.velocity - Velocimacro : added VM includeImageReferenceEmbedding: source=/templates/macros/json/embeddings.vm
21:18:08.165 [main] DEBUG org.apache.velocity - Velocimacro : added VM includeTextEmbedding: source=/templates/macros/json/embeddings.vm
21:18:08.165 [main] DEBUG org.apache.velocity - Velocimacro : added VM includeUnknownEmbedding: source=/templates/macros/json/embeddings.vm
21:18:08.165 [main] DEBUG org.apache.velocity - ResourceManager : found /templates/macros/json/embeddings.vm with loader org.apache.velocity.runtime.resource.loader.ClasspathResourceLoader
21:18:08.169 [main] DEBUG org.apache.velocity - Velocimacro : added VM includeHooks: source=/templates/macros/json/hooks.vm
21:18:08.169 [main] DEBUG org.apache.velocity - ResourceManager : found /templates/macros/json/hooks.vm with loader org.apache.velocity.runtime.resource.loader.ClasspathResourceLoader
21:18:08.171 [main] DEBUG org.apache.velocity - Velocimacro : added VM includeOutput: source=/templates/macros/json/output.vm
21:18:08.171 [main] DEBUG org.apache.velocity - ResourceManager : found /templates/macros/json/output.vm with loader org.apache.velocity.runtime.resource.loader.ClasspathResourceLoader
21:18:08.172 [main] DEBUG org.apache.velocity - Velocimacro : added VM includeMessage: source=/templates/macros/json/message.vm
21:18:08.172 [main] DEBUG org.apache.velocity - ResourceManager : found /templates/macros/json/message.vm with loader org.apache.velocity.runtime.resource.loader.ClasspathResourceLoader
21:18:08.174 [main] DEBUG org.apache.velocity - Velocimacro : added VM includeSteps: source=/templates/macros/json/steps.vm
21:18:08.174 [main] DEBUG org.apache.velocity - ResourceManager : found /templates/macros/json/steps.vm with loader org.apache.velocity.runtime.resource.loader.ClasspathResourceLoader
21:18:08.174 [main] DEBUG org.apache.velocity - Velocimacro : added VM includeTags: source=/templates/macros/json/tags.vm
21:18:08.174 [main] DEBUG org.apache.velocity - ResourceManager : found /templates/macros/json/tags.vm with loader org.apache.velocity.runtime.resource.loader.ClasspathResourceLoader
21:18:08.175 [main] DEBUG org.apache.velocity - VM #includeNavigation: too few arguments to macro. Wanted 1 got 0
21:18:08.175 [main] DEBUG org.apache.velocity - Left side ($active_tab) of '==' operation has null value. If it is a reference, it may not be in the context or its toString() returned null. /templates/macros/page/navigation.vm[line 14, column 51]
21:18:08.175 [main] DEBUG org.apache.velocity - Left side ($active_tab) of '==' operation has null value. If it is a reference, it may not be in the context or its toString() returned null. /templates/macros/page/navigation.vm[line 15, column 51]
21:18:08.175 [main] DEBUG org.apache.velocity - Left side ($active_tab) of '==' operation has null value. If it is a reference, it may not be in the context or its toString() returned null. /templates/macros/page/navigation.vm[line 16, column 51]
21:18:08.175 [main] DEBUG org.apache.velocity - Left side ($active_tab) of '==' operation has null value. If it is a reference, it may not be in the context or its toString() returned null. /templates/macros/page/navigation.vm[line 20, column 51]
21:18:08.176 [main] DEBUG org.apache.velocity - VM #includeLead: too few arguments to macro. Wanted 2 got 1
21:18:08.177 [main] DEBUG org.apache.velocity - VM #includeBrief: too few arguments to macro. Wanted 5 got 3
21:18:08.177 [main] DEBUG org.apache.velocity - VM #includeBrief: too few arguments to macro. Wanted 5 got 4
21:18:08.177 [main] DEBUG org.apache.velocity - VM #includeBrief: too few arguments to macro. Wanted 5 got 4
21:18:08.189 [main] DEBUG org.apache.velocity - VM #includeBrief: too few arguments to macro. Wanted 5 got 4
21:18:08.189 [main] DEBUG org.apache.velocity - VM #includeBrief: too few arguments to macro. Wanted 5 got 4
21:18:08.195 [main] DEBUG org.apache.velocity - ResourceManager : found /templates/footer.vm with loader org.apache.velocity.runtime.resource.loader.ClasspathResourceLoader
21:18:08.199 [main] DEBUG org.apache.velocity - ResourceManager : found templates/generators/overviewTags.vm with loader org.apache.velocity.runtime.resource.loader.ClasspathResourceLoader
21:18:08.203 [main] DEBUG org.apache.velocity - ResourceManager : found /templates/headers.vm with loader org.apache.velocity.runtime.resource.loader.ClasspathResourceLoader
21:18:08.204 [main] DEBUG org.apache.velocity - ResourceManager : found /templates/head.vm with loader org.apache.velocity.runtime.resource.loader.ClasspathResourceLoader
21:18:08.205 [main] DEBUG org.apache.velocity - Velocimacro : added VM stringArray: source=/templates/macros/array.js.vm
21:18:08.205 [main] DEBUG org.apache.velocity - Velocimacro : added VM numberArray: source=/templates/macros/array.js.vm
21:18:08.205 [main] DEBUG org.apache.velocity - ResourceManager : found /templates/macros/array.js.vm with loader org.apache.velocity.runtime.resource.loader.ClasspathResourceLoader
21:18:08.206 [main] DEBUG org.apache.velocity - Velocimacro : added VM includeBuildInfo: source=/templates/macros/page/buildinfo.vm
21:18:08.206 [main] DEBUG org.apache.velocity - ResourceManager : found /templates/macros/page/buildinfo.vm with loader org.apache.velocity.runtime.resource.loader.ClasspathResourceLoader
21:18:08.208 [main] DEBUG org.apache.velocity - Velocimacro : added VM includeClassifications: source=/templates/macros/page/classifications.vm
21:18:08.208 [main] DEBUG org.apache.velocity - ResourceManager : found /templates/macros/page/classifications.vm with loader org.apache.velocity.runtime.resource.loader.ClasspathResourceLoader
21:18:08.209 [main] DEBUG org.apache.velocity - Velocimacro : added VM includeLead: source=/templates/macros/page/lead.vm
21:18:08.209 [main] DEBUG org.apache.velocity - ResourceManager : found /templates/macros/page/lead.vm with loader org.apache.velocity.runtime.resource.loader.ClasspathResourceLoader
21:18:08.211 [main] DEBUG org.apache.velocity - Velocimacro : added VM includeNavigation: source=/templates/macros/page/navigation.vm
21:18:08.211 [main] DEBUG org.apache.velocity - ResourceManager : found /templates/macros/page/navigation.vm with loader org.apache.velocity.runtime.resource.loader.ClasspathResourceLoader
21:18:08.212 [main] DEBUG org.apache.velocity - Velocimacro : added VM includeReportInfo: source=/templates/macros/page/reportInfo.vm
21:18:08.212 [main] DEBUG org.apache.velocity - ResourceManager : found /templates/macros/page/reportInfo.vm with loader org.apache.velocity.runtime.resource.loader.ClasspathResourceLoader
21:18:08.213 [main] DEBUG org.apache.velocity - Velocimacro : added VM includeTitle: source=/templates/macros/page/title.vm
21:18:08.213 [main] DEBUG org.apache.velocity - ResourceManager : found /templates/macros/page/title.vm with loader org.apache.velocity.runtime.resource.loader.ClasspathResourceLoader
21:18:08.215 [main] DEBUG org.apache.velocity - Velocimacro : added VM includeExpandingButtons: source=/templates/macros/report/expandAllButtons.vm
21:18:08.215 [main] DEBUG org.apache.velocity - ResourceManager : found /templates/macros/report/expandAllButtons.vm with loader org.apache.velocity.runtime.resource.loader.ClasspathResourceLoader
21:18:08.216 [main] DEBUG org.apache.velocity - Velocimacro : added VM includeReportTable: source=/templates/macros/report/reportTable.vm
21:18:08.216 [main] DEBUG org.apache.velocity - ResourceManager : found /templates/macros/report/reportTable.vm with loader org.apache.velocity.runtime.resource.loader.ClasspathResourceLoader
21:18:08.218 [main] DEBUG org.apache.velocity - Velocimacro : added VM includeReportHeader: source=/templates/macros/report/reportHeader.vm
21:18:08.218 [main] DEBUG org.apache.velocity - ResourceManager : found /templates/macros/report/reportHeader.vm with loader org.apache.velocity.runtime.resource.loader.ClasspathResourceLoader
21:18:08.220 [main] DEBUG org.apache.velocity - Velocimacro : added VM includeStatsTable: source=/templates/macros/report/statsTable.vm
21:18:08.221 [main] DEBUG org.apache.velocity - ResourceManager : found /templates/macros/report/statsTable.vm with loader org.apache.velocity.runtime.resource.loader.ClasspathResourceLoader
21:18:08.222 [main] DEBUG org.apache.velocity - Velocimacro : added VM includeBrief: source=/templates/macros/json/brief.vm
21:18:08.222 [main] DEBUG org.apache.velocity - ResourceManager : found /templates/macros/json/brief.vm with loader org.apache.velocity.runtime.resource.loader.ClasspathResourceLoader
21:18:08.223 [main] DEBUG org.apache.velocity - Velocimacro : added VM includeDocString: source=/templates/macros/json/docstring.vm
21:18:08.223 [main] DEBUG org.apache.velocity - ResourceManager : found /templates/macros/json/docstring.vm with loader org.apache.velocity.runtime.resource.loader.ClasspathResourceLoader
21:18:08.224 [main] DEBUG org.apache.velocity - Velocimacro : added VM includeDuration: source=/templates/macros/json/duration.vm
21:18:08.224 [main] DEBUG org.apache.velocity - ResourceManager : found /templates/macros/json/duration.vm with loader org.apache.velocity.runtime.resource.loader.ClasspathResourceLoader
21:18:08.226 [main] DEBUG org.apache.velocity - Velocimacro : added VM includeElement: source=/templates/macros/json/element.vm
21:18:08.226 [main] DEBUG org.apache.velocity - ResourceManager : found /templates/macros/json/element.vm with loader org.apache.velocity.runtime.resource.loader.ClasspathResourceLoader
21:18:08.228 [main] DEBUG org.apache.velocity - Velocimacro : added VM includeEmbeddings: source=/templates/macros/json/embeddings.vm
21:18:08.228 [main] DEBUG org.apache.velocity - Velocimacro : added VM includeHtmlEmbedding: source=/templates/macros/json/embeddings.vm
21:18:08.228 [main] DEBUG org.apache.velocity - Velocimacro : added VM includeImageEmbedding: source=/templates/macros/json/embeddings.vm
21:18:08.229 [main] DEBUG org.apache.velocity - Velocimacro : added VM includeImageReferenceEmbedding: source=/templates/macros/json/embeddings.vm
21:18:08.229 [main] DEBUG org.apache.velocity - Velocimacro : added VM includeTextEmbedding: source=/templates/macros/json/embeddings.vm
21:18:08.229 [main] DEBUG org.apache.velocity - Velocimacro : added VM includeUnknownEmbedding: source=/templates/macros/json/embeddings.vm
21:18:08.229 [main] DEBUG org.apache.velocity - ResourceManager : found /templates/macros/json/embeddings.vm with loader org.apache.velocity.runtime.resource.loader.ClasspathResourceLoader
21:18:08.231 [main] DEBUG org.apache.velocity - Velocimacro : added VM includeHooks: source=/templates/macros/json/hooks.vm
21:18:08.231 [main] DEBUG org.apache.velocity - ResourceManager : found /templates/macros/json/hooks.vm with loader org.apache.velocity.runtime.resource.loader.ClasspathResourceLoader
21:18:08.232 [main] DEBUG org.apache.velocity - Velocimacro : added VM includeOutput: source=/templates/macros/json/output.vm
21:18:08.232 [main] DEBUG org.apache.velocity - ResourceManager : found /templates/macros/json/output.vm with loader org.apache.velocity.runtime.resource.loader.ClasspathResourceLoader
21:18:08.233 [main] DEBUG org.apache.velocity - Velocimacro : added VM includeMessage: source=/templates/macros/json/message.vm
21:18:08.234 [main] DEBUG org.apache.velocity - ResourceManager : found /templates/macros/json/message.vm with loader org.apache.velocity.runtime.resource.loader.ClasspathResourceLoader
21:18:08.236 [main] DEBUG org.apache.velocity - Velocimacro : added VM includeSteps: source=/templates/macros/json/steps.vm
21:18:08.237 [main] DEBUG org.apache.velocity - ResourceManager : found /templates/macros/json/steps.vm with loader org.apache.velocity.runtime.resource.loader.ClasspathResourceLoader
21:18:08.238 [main] DEBUG org.apache.velocity - Velocimacro : added VM includeTags: source=/templates/macros/json/tags.vm
21:18:08.238 [main] DEBUG org.apache.velocity - ResourceManager : found /templates/macros/json/tags.vm with loader org.apache.velocity.runtime.resource.loader.ClasspathResourceLoader
21:18:08.240 [main] DEBUG org.apache.velocity - ResourceManager : found /templates/js/tags-chart.js.vm with loader org.apache.velocity.runtime.resource.loader.ClasspathResourceLoader
21:18:08.247 [main] DEBUG org.apache.velocity - ResourceManager : found /templates/footer.vm with loader org.apache.velocity.runtime.resource.loader.ClasspathResourceLoader
21:18:08.249 [main] DEBUG org.apache.velocity - ResourceManager : found templates/generators/reportTag.vm with loader org.apache.velocity.runtime.resource.loader.ClasspathResourceLoader
21:18:08.254 [main] DEBUG org.apache.velocity - ResourceManager : found /templates/headers.vm with loader org.apache.velocity.runtime.resource.loader.ClasspathResourceLoader
21:18:08.255 [main] DEBUG org.apache.velocity - ResourceManager : found /templates/head.vm with loader org.apache.velocity.runtime.resource.loader.ClasspathResourceLoader
21:18:08.257 [main] DEBUG org.apache.velocity - Velocimacro : added VM stringArray: source=/templates/macros/array.js.vm
21:18:08.257 [main] DEBUG org.apache.velocity - Velocimacro : added VM numberArray: source=/templates/macros/array.js.vm
21:18:08.257 [main] DEBUG org.apache.velocity - ResourceManager : found /templates/macros/array.js.vm with loader org.apache.velocity.runtime.resource.loader.ClasspathResourceLoader
21:18:08.258 [main] DEBUG org.apache.velocity - Velocimacro : added VM includeBuildInfo: source=/templates/macros/page/buildinfo.vm
21:18:08.258 [main] DEBUG org.apache.velocity - ResourceManager : found /templates/macros/page/buildinfo.vm with loader org.apache.velocity.runtime.resource.loader.ClasspathResourceLoader
21:18:08.259 [main] DEBUG org.apache.velocity - Velocimacro : added VM includeClassifications: source=/templates/macros/page/classifications.vm
21:18:08.259 [main] DEBUG org.apache.velocity - ResourceManager : found /templates/macros/page/classifications.vm with loader org.apache.velocity.runtime.resource.loader.ClasspathResourceLoader
21:18:08.260 [main] DEBUG org.apache.velocity - Velocimacro : added VM includeLead: source=/templates/macros/page/lead.vm
21:18:08.260 [main] DEBUG org.apache.velocity - ResourceManager : found /templates/macros/page/lead.vm with loader org.apache.velocity.runtime.resource.loader.ClasspathResourceLoader
21:18:08.262 [main] DEBUG org.apache.velocity - Velocimacro : added VM includeNavigation: source=/templates/macros/page/navigation.vm
21:18:08.262 [main] DEBUG org.apache.velocity - ResourceManager : found /templates/macros/page/navigation.vm with loader org.apache.velocity.runtime.resource.loader.ClasspathResourceLoader
21:18:08.263 [main] DEBUG org.apache.velocity - Velocimacro : added VM includeReportInfo: source=/templates/macros/page/reportInfo.vm
21:18:08.263 [main] DEBUG org.apache.velocity - ResourceManager : found /templates/macros/page/reportInfo.vm with loader org.apache.velocity.runtime.resource.loader.ClasspathResourceLoader
21:18:08.265 [main] DEBUG org.apache.velocity - Velocimacro : added VM includeTitle: source=/templates/macros/page/title.vm
21:18:08.265 [main] DEBUG org.apache.velocity - ResourceManager : found /templates/macros/page/title.vm with loader org.apache.velocity.runtime.resource.loader.ClasspathResourceLoader
21:18:08.267 [main] DEBUG org.apache.velocity - Velocimacro : added VM includeExpandingButtons: source=/templates/macros/report/expandAllButtons.vm
21:18:08.268 [main] DEBUG org.apache.velocity - ResourceManager : found /templates/macros/report/expandAllButtons.vm with loader org.apache.velocity.runtime.resource.loader.ClasspathResourceLoader
21:18:08.272 [main] DEBUG org.apache.velocity - Velocimacro : added VM includeReportTable: source=/templates/macros/report/reportTable.vm
21:18:08.272 [main] DEBUG org.apache.velocity - ResourceManager : found /templates/macros/report/reportTable.vm with loader org.apache.velocity.runtime.resource.loader.ClasspathResourceLoader
21:18:08.273 [main] DEBUG org.apache.velocity - Velocimacro : added VM includeReportHeader: source=/templates/macros/report/reportHeader.vm
21:18:08.273 [main] DEBUG org.apache.velocity - ResourceManager : found /templates/macros/report/reportHeader.vm with loader org.apache.velocity.runtime.resource.loader.ClasspathResourceLoader
21:18:08.277 [main] DEBUG org.apache.velocity - Velocimacro : added VM includeStatsTable: source=/templates/macros/report/statsTable.vm
21:18:08.277 [main] DEBUG org.apache.velocity - ResourceManager : found /templates/macros/report/statsTable.vm with loader org.apache.velocity.runtime.resource.loader.ClasspathResourceLoader
21:18:08.278 [main] DEBUG org.apache.velocity - Velocimacro : added VM includeBrief: source=/templates/macros/json/brief.vm
21:18:08.278 [main] DEBUG org.apache.velocity - ResourceManager : found /templates/macros/json/brief.vm with loader org.apache.velocity.runtime.resource.loader.ClasspathResourceLoader
21:18:08.280 [main] DEBUG org.apache.velocity - Velocimacro : added VM includeDocString: source=/templates/macros/json/docstring.vm
21:18:08.280 [main] DEBUG org.apache.velocity - ResourceManager : found /templates/macros/json/docstring.vm with loader org.apache.velocity.runtime.resource.loader.ClasspathResourceLoader
21:18:08.281 [main] DEBUG org.apache.velocity - Velocimacro : added VM includeDuration: source=/templates/macros/json/duration.vm
21:18:08.281 [main] DEBUG org.apache.velocity - ResourceManager : found /templates/macros/json/duration.vm with loader org.apache.velocity.runtime.resource.loader.ClasspathResourceLoader
21:18:08.283 [main] DEBUG org.apache.velocity - Velocimacro : added VM includeElement: source=/templates/macros/json/element.vm
21:18:08.283 [main] DEBUG org.apache.velocity - ResourceManager : found /templates/macros/json/element.vm with loader org.apache.velocity.runtime.resource.loader.ClasspathResourceLoader
21:18:08.288 [main] DEBUG org.apache.velocity - Velocimacro : added VM includeEmbeddings: source=/templates/macros/json/embeddings.vm
21:18:08.288 [main] DEBUG org.apache.velocity - Velocimacro : added VM includeHtmlEmbedding: source=/templates/macros/json/embeddings.vm
21:18:08.288 [main] DEBUG org.apache.velocity - Velocimacro : added VM includeImageEmbedding: source=/templates/macros/json/embeddings.vm
21:18:08.288 [main] DEBUG org.apache.velocity - Velocimacro : added VM includeImageReferenceEmbedding: source=/templates/macros/json/embeddings.vm
21:18:08.288 [main] DEBUG org.apache.velocity - Velocimacro : added VM includeTextEmbedding: source=/templates/macros/json/embeddings.vm
21:18:08.288 [main] DEBUG org.apache.velocity - Velocimacro : added VM includeUnknownEmbedding: source=/templates/macros/json/embeddings.vm
21:18:08.288 [main] DEBUG org.apache.velocity - ResourceManager : found /templates/macros/json/embeddings.vm with loader org.apache.velocity.runtime.resource.loader.ClasspathResourceLoader
21:18:08.290 [main] DEBUG org.apache.velocity - Velocimacro : added VM includeHooks: source=/templates/macros/json/hooks.vm
21:18:08.290 [main] DEBUG org.apache.velocity - ResourceManager : found /templates/macros/json/hooks.vm with loader org.apache.velocity.runtime.resource.loader.ClasspathResourceLoader
21:18:08.292 [main] DEBUG org.apache.velocity - Velocimacro : added VM includeOutput: source=/templates/macros/json/output.vm
21:18:08.293 [main] DEBUG org.apache.velocity - ResourceManager : found /templates/macros/json/output.vm with loader org.apache.velocity.runtime.resource.loader.ClasspathResourceLoader
21:18:08.294 [main] DEBUG org.apache.velocity - Velocimacro : added VM includeMessage: source=/templates/macros/json/message.vm
21:18:08.294 [main] DEBUG org.apache.velocity - ResourceManager : found /templates/macros/json/message.vm with loader org.apache.velocity.runtime.resource.loader.ClasspathResourceLoader
21:18:08.297 [main] DEBUG org.apache.velocity - Velocimacro : added VM includeSteps: source=/templates/macros/json/steps.vm
21:18:08.297 [main] DEBUG org.apache.velocity - ResourceManager : found /templates/macros/json/steps.vm with loader org.apache.velocity.runtime.resource.loader.ClasspathResourceLoader
21:18:08.298 [main] DEBUG org.apache.velocity - Velocimacro : added VM includeTags: source=/templates/macros/json/tags.vm
21:18:08.298 [main] DEBUG org.apache.velocity - ResourceManager : found /templates/macros/json/tags.vm with loader org.apache.velocity.runtime.resource.loader.ClasspathResourceLoader
21:18:08.299 [main] DEBUG org.apache.velocity - VM #includeNavigation: too few arguments to macro. Wanted 1 got 0
21:18:08.299 [main] DEBUG org.apache.velocity - Left side ($active_tab) of '==' operation has null value. If it is a reference, it may not be in the context or its toString() returned null. /templates/macros/page/navigation.vm[line 14, column 51]
21:18:08.299 [main] DEBUG org.apache.velocity - Left side ($active_tab) of '==' operation has null value. If it is a reference, it may not be in the context or its toString() returned null. /templates/macros/page/navigation.vm[line 15, column 51]
21:18:08.299 [main] DEBUG org.apache.velocity - Left side ($active_tab) of '==' operation has null value. If it is a reference, it may not be in the context or its toString() returned null. /templates/macros/page/navigation.vm[line 16, column 51]
21:18:08.299 [main] DEBUG org.apache.velocity - Left side ($active_tab) of '==' operation has null value. If it is a reference, it may not be in the context or its toString() returned null. /templates/macros/page/navigation.vm[line 20, column 51]
21:18:08.299 [main] DEBUG org.apache.velocity - VM #includeLead: too few arguments to macro. Wanted 2 got 1
21:18:08.303 [main] DEBUG org.apache.velocity - VM #includeBrief: too few arguments to macro. Wanted 5 got 4
21:18:08.304 [main] DEBUG org.apache.velocity - VM #includeBrief: too few arguments to macro. Wanted 5 got 4
21:18:08.306 [main] DEBUG org.apache.velocity - VM #includeBrief: too few arguments to macro. Wanted 5 got 4
21:18:08.306 [main] DEBUG org.apache.velocity - VM #includeBrief: too few arguments to macro. Wanted 5 got 4
21:18:08.312 [main] DEBUG org.apache.velocity - VM #includeBrief: too few arguments to macro. Wanted 5 got 4
21:18:08.312 [main] DEBUG org.apache.velocity - VM #includeBrief: too few arguments to macro. Wanted 5 got 4
21:18:08.318 [main] DEBUG org.apache.velocity - ResourceManager : found /templates/footer.vm with loader org.apache.velocity.runtime.resource.loader.ClasspathResourceLoader
21:18:08.321 [main] DEBUG org.apache.velocity - ResourceManager : found templates/generators/reportTag.vm with loader org.apache.velocity.runtime.resource.loader.ClasspathResourceLoader
21:18:08.323 [main] DEBUG org.apache.velocity - ResourceManager : found /templates/headers.vm with loader org.apache.velocity.runtime.resource.loader.ClasspathResourceLoader
21:18:08.324 [main] DEBUG org.apache.velocity - ResourceManager : found /templates/head.vm with loader org.apache.velocity.runtime.resource.loader.ClasspathResourceLoader
21:18:08.325 [main] DEBUG org.apache.velocity - Velocimacro : added VM stringArray: source=/templates/macros/array.js.vm
21:18:08.325 [main] DEBUG org.apache.velocity - Velocimacro : added VM numberArray: source=/templates/macros/array.js.vm
21:18:08.325 [main] DEBUG org.apache.velocity - ResourceManager : found /templates/macros/array.js.vm with loader org.apache.velocity.runtime.resource.loader.ClasspathResourceLoader
21:18:08.326 [main] DEBUG org.apache.velocity - Velocimacro : added VM includeBuildInfo: source=/templates/macros/page/buildinfo.vm
21:18:08.326 [main] DEBUG org.apache.velocity - ResourceManager : found /templates/macros/page/buildinfo.vm with loader org.apache.velocity.runtime.resource.loader.ClasspathResourceLoader
21:18:08.328 [main] DEBUG org.apache.velocity - Velocimacro : added VM includeClassifications: source=/templates/macros/page/classifications.vm
21:18:08.328 [main] DEBUG org.apache.velocity - ResourceManager : found /templates/macros/page/classifications.vm with loader org.apache.velocity.runtime.resource.loader.ClasspathResourceLoader
21:18:08.329 [main] DEBUG org.apache.velocity - Velocimacro : added VM includeLead: source=/templates/macros/page/lead.vm
21:18:08.329 [main] DEBUG org.apache.velocity - ResourceManager : found /templates/macros/page/lead.vm with loader org.apache.velocity.runtime.resource.loader.ClasspathResourceLoader
21:18:08.330 [main] DEBUG org.apache.velocity - Velocimacro : added VM includeNavigation: source=/templates/macros/page/navigation.vm
21:18:08.330 [main] DEBUG org.apache.velocity - ResourceManager : found /templates/macros/page/navigation.vm with loader org.apache.velocity.runtime.resource.loader.ClasspathResourceLoader
21:18:08.332 [main] DEBUG org.apache.velocity - Velocimacro : added VM includeReportInfo: source=/templates/macros/page/reportInfo.vm
21:18:08.332 [main] DEBUG org.apache.velocity - ResourceManager : found /templates/macros/page/reportInfo.vm with loader org.apache.velocity.runtime.resource.loader.ClasspathResourceLoader
21:18:08.335 [main] DEBUG org.apache.velocity - Velocimacro : added VM includeTitle: source=/templates/macros/page/title.vm
21:18:08.335 [main] DEBUG org.apache.velocity - ResourceManager : found /templates/macros/page/title.vm with loader org.apache.velocity.runtime.resource.loader.ClasspathResourceLoader
21:18:08.336 [main] DEBUG org.apache.velocity - Velocimacro : added VM includeExpandingButtons: source=/templates/macros/report/expandAllButtons.vm
21:18:08.337 [main] DEBUG org.apache.velocity - ResourceManager : found /templates/macros/report/expandAllButtons.vm with loader org.apache.velocity.runtime.resource.loader.ClasspathResourceLoader
21:18:08.340 [main] DEBUG org.apache.velocity - Velocimacro : added VM includeReportTable: source=/templates/macros/report/reportTable.vm
21:18:08.340 [main] DEBUG org.apache.velocity - ResourceManager : found /templates/macros/report/reportTable.vm with loader org.apache.velocity.runtime.resource.loader.ClasspathResourceLoader
21:18:08.341 [main] DEBUG org.apache.velocity - Velocimacro : added VM includeReportHeader: source=/templates/macros/report/reportHeader.vm
21:18:08.341 [main] DEBUG org.apache.velocity - ResourceManager : found /templates/macros/report/reportHeader.vm with loader org.apache.velocity.runtime.resource.loader.ClasspathResourceLoader
21:18:08.344 [main] DEBUG org.apache.velocity - Velocimacro : added VM includeStatsTable: source=/templates/macros/report/statsTable.vm
21:18:08.344 [main] DEBUG org.apache.velocity - ResourceManager : found /templates/macros/report/statsTable.vm with loader org.apache.velocity.runtime.resource.loader.ClasspathResourceLoader
21:18:08.374 [main] DEBUG org.apache.velocity - Velocimacro : added VM includeBrief: source=/templates/macros/json/brief.vm
21:18:08.374 [main] DEBUG org.apache.velocity - ResourceManager : found /templates/macros/json/brief.vm with loader org.apache.velocity.runtime.resource.loader.ClasspathResourceLoader
21:18:08.375 [main] DEBUG org.apache.velocity - Velocimacro : added VM includeDocString: source=/templates/macros/json/docstring.vm
21:18:08.375 [main] DEBUG org.apache.velocity - ResourceManager : found /templates/macros/json/docstring.vm with loader org.apache.velocity.runtime.resource.loader.ClasspathResourceLoader
21:18:08.375 [main] DEBUG org.apache.velocity - Velocimacro : added VM includeDuration: source=/templates/macros/json/duration.vm
21:18:08.375 [main] DEBUG org.apache.velocity - ResourceManager : found /templates/macros/json/duration.vm with loader org.apache.velocity.runtime.resource.loader.ClasspathResourceLoader
21:18:08.376 [main] DEBUG org.apache.velocity - Velocimacro : added VM includeElement: source=/templates/macros/json/element.vm
21:18:08.376 [main] DEBUG org.apache.velocity - ResourceManager : found /templates/macros/json/element.vm with loader org.apache.velocity.runtime.resource.loader.ClasspathResourceLoader
21:18:08.380 [main] DEBUG org.apache.velocity - Velocimacro : added VM includeEmbeddings: source=/templates/macros/json/embeddings.vm
21:18:08.380 [main] DEBUG org.apache.velocity - Velocimacro : added VM includeHtmlEmbedding: source=/templates/macros/json/embeddings.vm
21:18:08.380 [main] DEBUG org.apache.velocity - Velocimacro : added VM includeImageEmbedding: source=/templates/macros/json/embeddings.vm
21:18:08.380 [main] DEBUG org.apache.velocity - Velocimacro : added VM includeImageReferenceEmbedding: source=/templates/macros/json/embeddings.vm
21:18:08.380 [main] DEBUG org.apache.velocity - Velocimacro : added VM includeTextEmbedding: source=/templates/macros/json/embeddings.vm
21:18:08.380 [main] DEBUG org.apache.velocity - Velocimacro : added VM includeUnknownEmbedding: source=/templates/macros/json/embeddings.vm
21:18:08.380 [main] DEBUG org.apache.velocity - ResourceManager : found /templates/macros/json/embeddings.vm with loader org.apache.velocity.runtime.resource.loader.ClasspathResourceLoader
21:18:08.382 [main] DEBUG org.apache.velocity - Velocimacro : added VM includeHooks: source=/templates/macros/json/hooks.vm
21:18:08.382 [main] DEBUG org.apache.velocity - ResourceManager : found /templates/macros/json/hooks.vm with loader org.apache.velocity.runtime.resource.loader.ClasspathResourceLoader
21:18:08.383 [main] DEBUG org.apache.velocity - Velocimacro : added VM includeOutput: source=/templates/macros/json/output.vm
21:18:08.383 [main] DEBUG org.apache.velocity - ResourceManager : found /templates/macros/json/output.vm with loader org.apache.velocity.runtime.resource.loader.ClasspathResourceLoader
21:18:08.385 [main] DEBUG org.apache.velocity - Velocimacro : added VM includeMessage: source=/templates/macros/json/message.vm
21:18:08.385 [main] DEBUG org.apache.velocity - ResourceManager : found /templates/macros/json/message.vm with loader org.apache.velocity.runtime.resource.loader.ClasspathResourceLoader
21:18:08.387 [main] DEBUG org.apache.velocity - Velocimacro : added VM includeSteps: source=/templates/macros/json/steps.vm
21:18:08.387 [main] DEBUG org.apache.velocity - ResourceManager : found /templates/macros/json/steps.vm with loader org.apache.velocity.runtime.resource.loader.ClasspathResourceLoader
21:18:08.388 [main] DEBUG org.apache.velocity - Velocimacro : added VM includeTags: source=/templates/macros/json/tags.vm
21:18:08.388 [main] DEBUG org.apache.velocity - ResourceManager : found /templates/macros/json/tags.vm with loader org.apache.velocity.runtime.resource.loader.ClasspathResourceLoader
21:18:08.389 [main] DEBUG org.apache.velocity - VM #includeNavigation: too few arguments to macro. Wanted 1 got 0
21:18:08.389 [main] DEBUG org.apache.velocity - Left side ($active_tab) of '==' operation has null value. If it is a reference, it may not be in the context or its toString() returned null. /templates/macros/page/navigation.vm[line 14, column 51]
21:18:08.389 [main] DEBUG org.apache.velocity - Left side ($active_tab) of '==' operation has null value. If it is a reference, it may not be in the context or its toString() returned null. /templates/macros/page/navigation.vm[line 15, column 51]
21:18:08.389 [main] DEBUG org.apache.velocity - Left side ($active_tab) of '==' operation has null value. If it is a reference, it may not be in the context or its toString() returned null. /templates/macros/page/navigation.vm[line 16, column 51]
21:18:08.389 [main] DEBUG org.apache.velocity - Left side ($active_tab) of '==' operation has null value. If it is a reference, it may not be in the context or its toString() returned null. /templates/macros/page/navigation.vm[line 20, column 51]
21:18:08.389 [main] DEBUG org.apache.velocity - VM #includeLead: too few arguments to macro. Wanted 2 got 1
21:18:08.393 [main] DEBUG org.apache.velocity - VM #includeBrief: too few arguments to macro. Wanted 5 got 4
21:18:08.393 [main] DEBUG org.apache.velocity - VM #includeBrief: too few arguments to macro. Wanted 5 got 4
21:18:08.398 [main] DEBUG org.apache.velocity - ResourceManager : found /templates/footer.vm with loader org.apache.velocity.runtime.resource.loader.ClasspathResourceLoader
21:18:08.401 [main] DEBUG org.apache.velocity - ResourceManager : found templates/generators/reportTag.vm with loader org.apache.velocity.runtime.resource.loader.ClasspathResourceLoader
21:18:08.404 [main] DEBUG org.apache.velocity - ResourceManager : found /templates/headers.vm with loader org.apache.velocity.runtime.resource.loader.ClasspathResourceLoader
21:18:08.405 [main] DEBUG org.apache.velocity - ResourceManager : found /templates/head.vm with loader org.apache.velocity.runtime.resource.loader.ClasspathResourceLoader
21:18:08.405 [main] DEBUG org.apache.velocity - Velocimacro : added VM stringArray: source=/templates/macros/array.js.vm
21:18:08.405 [main] DEBUG org.apache.velocity - Velocimacro : added VM numberArray: source=/templates/macros/array.js.vm
21:18:08.405 [main] DEBUG org.apache.velocity - ResourceManager : found /templates/macros/array.js.vm with loader org.apache.velocity.runtime.resource.loader.ClasspathResourceLoader
21:18:08.406 [main] DEBUG org.apache.velocity - Velocimacro : added VM includeBuildInfo: source=/templates/macros/page/buildinfo.vm
21:18:08.406 [main] DEBUG org.apache.velocity - ResourceManager : found /templates/macros/page/buildinfo.vm with loader org.apache.velocity.runtime.resource.loader.ClasspathResourceLoader
21:18:08.407 [main] DEBUG org.apache.velocity - Velocimacro : added VM includeClassifications: source=/templates/macros/page/classifications.vm
21:18:08.407 [main] DEBUG org.apache.velocity - ResourceManager : found /templates/macros/page/classifications.vm with loader org.apache.velocity.runtime.resource.loader.ClasspathResourceLoader
21:18:08.407 [main] DEBUG org.apache.velocity - Velocimacro : added VM includeLead: source=/templates/macros/page/lead.vm
21:18:08.407 [main] DEBUG org.apache.velocity - ResourceManager : found /templates/macros/page/lead.vm with loader org.apache.velocity.runtime.resource.loader.ClasspathResourceLoader
21:18:08.408 [main] DEBUG org.apache.velocity - Velocimacro : added VM includeNavigation: source=/templates/macros/page/navigation.vm
21:18:08.408 [main] DEBUG org.apache.velocity - ResourceManager : found /templates/macros/page/navigation.vm with loader org.apache.velocity.runtime.resource.loader.ClasspathResourceLoader
21:18:08.409 [main] DEBUG org.apache.velocity - Velocimacro : added VM includeReportInfo: source=/templates/macros/page/reportInfo.vm
21:18:08.409 [main] DEBUG org.apache.velocity - ResourceManager : found /templates/macros/page/reportInfo.vm with loader org.apache.velocity.runtime.resource.loader.ClasspathResourceLoader
21:18:08.409 [main] DEBUG org.apache.velocity - Velocimacro : added VM includeTitle: source=/templates/macros/page/title.vm
21:18:08.409 [main] DEBUG org.apache.velocity - ResourceManager : found /templates/macros/page/title.vm with loader org.apache.velocity.runtime.resource.loader.ClasspathResourceLoader
21:18:08.411 [main] DEBUG org.apache.velocity - Velocimacro : added VM includeExpandingButtons: source=/templates/macros/report/expandAllButtons.vm
21:18:08.411 [main] DEBUG org.apache.velocity - ResourceManager : found /templates/macros/report/expandAllButtons.vm with loader org.apache.velocity.runtime.resource.loader.ClasspathResourceLoader
21:18:08.413 [main] DEBUG org.apache.velocity - Velocimacro : added VM includeReportTable: source=/templates/macros/report/reportTable.vm
21:18:08.413 [main] DEBUG org.apache.velocity - ResourceManager : found /templates/macros/report/reportTable.vm with loader org.apache.velocity.runtime.resource.loader.ClasspathResourceLoader
21:18:08.414 [main] DEBUG org.apache.velocity - Velocimacro : added VM includeReportHeader: source=/templates/macros/report/reportHeader.vm
21:18:08.415 [main] DEBUG org.apache.velocity - ResourceManager : found /templates/macros/report/reportHeader.vm with loader org.apache.velocity.runtime.resource.loader.ClasspathResourceLoader
21:18:08.418 [main] DEBUG org.apache.velocity - Velocimacro : added VM includeStatsTable: source=/templates/macros/report/statsTable.vm
21:18:08.419 [main] DEBUG org.apache.velocity - ResourceManager : found /templates/macros/report/statsTable.vm with loader org.apache.velocity.runtime.resource.loader.ClasspathResourceLoader
21:18:08.420 [main] DEBUG org.apache.velocity - Velocimacro : added VM includeBrief: source=/templates/macros/json/brief.vm
21:18:08.420 [main] DEBUG org.apache.velocity - ResourceManager : found /templates/macros/json/brief.vm with loader org.apache.velocity.runtime.resource.loader.ClasspathResourceLoader
21:18:08.421 [main] DEBUG org.apache.velocity - Velocimacro : added VM includeDocString: source=/templates/macros/json/docstring.vm
21:18:08.421 [main] DEBUG org.apache.velocity - ResourceManager : found /templates/macros/json/docstring.vm with loader org.apache.velocity.runtime.resource.loader.ClasspathResourceLoader
21:18:08.422 [main] DEBUG org.apache.velocity - Velocimacro : added VM includeDuration: source=/templates/macros/json/duration.vm
21:18:08.422 [main] DEBUG org.apache.velocity - ResourceManager : found /templates/macros/json/duration.vm with loader org.apache.velocity.runtime.resource.loader.ClasspathResourceLoader
21:18:08.423 [main] DEBUG org.apache.velocity - Velocimacro : added VM includeElement: source=/templates/macros/json/element.vm
21:18:08.423 [main] DEBUG org.apache.velocity - ResourceManager : found /templates/macros/json/element.vm with loader org.apache.velocity.runtime.resource.loader.ClasspathResourceLoader
21:18:08.425 [main] DEBUG org.apache.velocity - Velocimacro : added VM includeEmbeddings: source=/templates/macros/json/embeddings.vm
21:18:08.425 [main] DEBUG org.apache.velocity - Velocimacro : added VM includeHtmlEmbedding: source=/templates/macros/json/embeddings.vm
21:18:08.426 [main] DEBUG org.apache.velocity - Velocimacro : added VM includeImageEmbedding: source=/templates/macros/json/embeddings.vm
21:18:08.426 [main] DEBUG org.apache.velocity - Velocimacro : added VM includeImageReferenceEmbedding: source=/templates/macros/json/embeddings.vm
21:18:08.426 [main] DEBUG org.apache.velocity - Velocimacro : added VM includeTextEmbedding: source=/templates/macros/json/embeddings.vm
21:18:08.427 [main] DEBUG org.apache.velocity - Velocimacro : added VM includeUnknownEmbedding: source=/templates/macros/json/embeddings.vm
21:18:08.427 [main] DEBUG org.apache.velocity - ResourceManager : found /templates/macros/json/embeddings.vm with loader org.apache.velocity.runtime.resource.loader.ClasspathResourceLoader
21:18:08.429 [main] DEBUG org.apache.velocity - Velocimacro : added VM includeHooks: source=/templates/macros/json/hooks.vm
21:18:08.429 [main] DEBUG org.apache.velocity - ResourceManager : found /templates/macros/json/hooks.vm with loader org.apache.velocity.runtime.resource.loader.ClasspathResourceLoader
21:18:08.431 [main] DEBUG org.apache.velocity - Velocimacro : added VM includeOutput: source=/templates/macros/json/output.vm
21:18:08.431 [main] DEBUG org.apache.velocity - ResourceManager : found /templates/macros/json/output.vm with loader org.apache.velocity.runtime.resource.loader.ClasspathResourceLoader
21:18:08.432 [main] DEBUG org.apache.velocity - Velocimacro : added VM includeMessage: source=/templates/macros/json/message.vm
21:18:08.432 [main] DEBUG org.apache.velocity - ResourceManager : found /templates/macros/json/message.vm with loader org.apache.velocity.runtime.resource.loader.ClasspathResourceLoader
21:18:08.435 [main] DEBUG org.apache.velocity - Velocimacro : added VM includeSteps: source=/templates/macros/json/steps.vm
21:18:08.435 [main] DEBUG org.apache.velocity - ResourceManager : found /templates/macros/json/steps.vm with loader org.apache.velocity.runtime.resource.loader.ClasspathResourceLoader
21:18:08.438 [main] DEBUG org.apache.velocity - Velocimacro : added VM includeTags: source=/templates/macros/json/tags.vm
21:18:08.438 [main] DEBUG org.apache.velocity - ResourceManager : found /templates/macros/json/tags.vm with loader org.apache.velocity.runtime.resource.loader.ClasspathResourceLoader
21:18:08.439 [main] DEBUG org.apache.velocity - VM #includeNavigation: too few arguments to macro. Wanted 1 got 0
21:18:08.439 [main] DEBUG org.apache.velocity - Left side ($active_tab) of '==' operation has null value. If it is a reference, it may not be in the context or its toString() returned null. /templates/macros/page/navigation.vm[line 14, column 51]
21:18:08.439 [main] DEBUG org.apache.velocity - Left side ($active_tab) of '==' operation has null value. If it is a reference, it may not be in the context or its toString() returned null. /templates/macros/page/navigation.vm[line 15, column 51]
21:18:08.439 [main] DEBUG org.apache.velocity - Left side ($active_tab) of '==' operation has null value. If it is a reference, it may not be in the context or its toString() returned null. /templates/macros/page/navigation.vm[line 16, column 51]
21:18:08.439 [main] DEBUG org.apache.velocity - Left side ($active_tab) of '==' operation has null value. If it is a reference, it may not be in the context or its toString() returned null. /templates/macros/page/navigation.vm[line 20, column 51]
21:18:08.439 [main] DEBUG org.apache.velocity - VM #includeLead: too few arguments to macro. Wanted 2 got 1
21:18:08.441 [main] DEBUG org.apache.velocity - VM #includeBrief: too few arguments to macro. Wanted 5 got 4
21:18:08.441 [main] DEBUG org.apache.velocity - VM #includeBrief: too few arguments to macro. Wanted 5 got 4
21:18:08.446 [main] DEBUG org.apache.velocity - ResourceManager : found /templates/footer.vm with loader org.apache.velocity.runtime.resource.loader.ClasspathResourceLoader
21:18:08.448 [main] DEBUG org.apache.velocity - ResourceManager : found templates/generators/reportTag.vm with loader org.apache.velocity.runtime.resource.loader.ClasspathResourceLoader
21:18:08.451 [main] DEBUG org.apache.velocity - ResourceManager : found /templates/headers.vm with loader org.apache.velocity.runtime.resource.loader.ClasspathResourceLoader
21:18:08.453 [main] DEBUG org.apache.velocity - ResourceManager : found /templates/head.vm with loader org.apache.velocity.runtime.resource.loader.ClasspathResourceLoader
21:18:08.454 [main] DEBUG org.apache.velocity - Velocimacro : added VM stringArray: source=/templates/macros/array.js.vm
21:18:08.454 [main] DEBUG org.apache.velocity - Velocimacro : added VM numberArray: source=/templates/macros/array.js.vm
21:18:08.454 [main] DEBUG org.apache.velocity - ResourceManager : found /templates/macros/array.js.vm with loader org.apache.velocity.runtime.resource.loader.ClasspathResourceLoader
21:18:08.455 [main] DEBUG org.apache.velocity - Velocimacro : added VM includeBuildInfo: source=/templates/macros/page/buildinfo.vm
21:18:08.455 [main] DEBUG org.apache.velocity - ResourceManager : found /templates/macros/page/buildinfo.vm with loader org.apache.velocity.runtime.resource.loader.ClasspathResourceLoader
21:18:08.456 [main] DEBUG org.apache.velocity - Velocimacro : added VM includeClassifications: source=/templates/macros/page/classifications.vm
21:18:08.456 [main] DEBUG org.apache.velocity - ResourceManager : found /templates/macros/page/classifications.vm with loader org.apache.velocity.runtime.resource.loader.ClasspathResourceLoader
21:18:08.457 [main] DEBUG org.apache.velocity - Velocimacro : added VM includeLead: source=/templates/macros/page/lead.vm
21:18:08.457 [main] DEBUG org.apache.velocity - ResourceManager : found /templates/macros/page/lead.vm with loader org.apache.velocity.runtime.resource.loader.ClasspathResourceLoader
21:18:08.457 [main] DEBUG org.apache.velocity - Velocimacro : added VM includeNavigation: source=/templates/macros/page/navigation.vm
21:18:08.457 [main] DEBUG org.apache.velocity - ResourceManager : found /templates/macros/page/navigation.vm with loader org.apache.velocity.runtime.resource.loader.ClasspathResourceLoader
21:18:08.458 [main] DEBUG org.apache.velocity - Velocimacro : added VM includeReportInfo: source=/templates/macros/page/reportInfo.vm
21:18:08.458 [main] DEBUG org.apache.velocity - ResourceManager : found /templates/macros/page/reportInfo.vm with loader org.apache.velocity.runtime.resource.loader.ClasspathResourceLoader
21:18:08.460 [main] DEBUG org.apache.velocity - Velocimacro : added VM includeTitle: source=/templates/macros/page/title.vm
21:18:08.460 [main] DEBUG org.apache.velocity - ResourceManager : found /templates/macros/page/title.vm with loader org.apache.velocity.runtime.resource.loader.ClasspathResourceLoader
21:18:08.460 [main] DEBUG org.apache.velocity - Velocimacro : added VM includeExpandingButtons: source=/templates/macros/report/expandAllButtons.vm
21:18:08.460 [main] DEBUG org.apache.velocity - ResourceManager : found /templates/macros/report/expandAllButtons.vm with loader org.apache.velocity.runtime.resource.loader.ClasspathResourceLoader
21:18:08.461 [main] DEBUG org.apache.velocity - Velocimacro : added VM includeReportTable: source=/templates/macros/report/reportTable.vm
21:18:08.461 [main] DEBUG org.apache.velocity - ResourceManager : found /templates/macros/report/reportTable.vm with loader org.apache.velocity.runtime.resource.loader.ClasspathResourceLoader
21:18:08.462 [main] DEBUG org.apache.velocity - Velocimacro : added VM includeReportHeader: source=/templates/macros/report/reportHeader.vm
21:18:08.462 [main] DEBUG org.apache.velocity - ResourceManager : found /templates/macros/report/reportHeader.vm with loader org.apache.velocity.runtime.resource.loader.ClasspathResourceLoader
21:18:08.463 [main] DEBUG org.apache.velocity - Velocimacro : added VM includeStatsTable: source=/templates/macros/report/statsTable.vm
21:18:08.464 [main] DEBUG org.apache.velocity - ResourceManager : found /templates/macros/report/statsTable.vm with loader org.apache.velocity.runtime.resource.loader.ClasspathResourceLoader
21:18:08.464 [main] DEBUG org.apache.velocity - Velocimacro : added VM includeBrief: source=/templates/macros/json/brief.vm
21:18:08.464 [main] DEBUG org.apache.velocity - ResourceManager : found /templates/macros/json/brief.vm with loader org.apache.velocity.runtime.resource.loader.ClasspathResourceLoader
21:18:08.465 [main] DEBUG org.apache.velocity - Velocimacro : added VM includeDocString: source=/templates/macros/json/docstring.vm
21:18:08.465 [main] DEBUG org.apache.velocity - ResourceManager : found /templates/macros/json/docstring.vm with loader org.apache.velocity.runtime.resource.loader.ClasspathResourceLoader
21:18:08.465 [main] DEBUG org.apache.velocity - Velocimacro : added VM includeDuration: source=/templates/macros/json/duration.vm
21:18:08.465 [main] DEBUG org.apache.velocity - ResourceManager : found /templates/macros/json/duration.vm with loader org.apache.velocity.runtime.resource.loader.ClasspathResourceLoader
21:18:08.466 [main] DEBUG org.apache.velocity - Velocimacro : added VM includeElement: source=/templates/macros/json/element.vm
21:18:08.466 [main] DEBUG org.apache.velocity - ResourceManager : found /templates/macros/json/element.vm with loader org.apache.velocity.runtime.resource.loader.ClasspathResourceLoader
21:18:08.469 [main] DEBUG org.apache.velocity - Velocimacro : added VM includeEmbeddings: source=/templates/macros/json/embeddings.vm
21:18:08.470 [main] DEBUG org.apache.velocity - Velocimacro : added VM includeHtmlEmbedding: source=/templates/macros/json/embeddings.vm
21:18:08.470 [main] DEBUG org.apache.velocity - Velocimacro : added VM includeImageEmbedding: source=/templates/macros/json/embeddings.vm
21:18:08.470 [main] DEBUG org.apache.velocity - Velocimacro : added VM includeImageReferenceEmbedding: source=/templates/macros/json/embeddings.vm
21:18:08.470 [main] DEBUG org.apache.velocity - Velocimacro : added VM includeTextEmbedding: source=/templates/macros/json/embeddings.vm
21:18:08.470 [main] DEBUG org.apache.velocity - Velocimacro : added VM includeUnknownEmbedding: source=/templates/macros/json/embeddings.vm
21:18:08.470 [main] DEBUG org.apache.velocity - ResourceManager : found /templates/macros/json/embeddings.vm with loader org.apache.velocity.runtime.resource.loader.ClasspathResourceLoader
21:18:08.472 [main] DEBUG org.apache.velocity - Velocimacro : added VM includeHooks: source=/templates/macros/json/hooks.vm
21:18:08.472 [main] DEBUG org.apache.velocity - ResourceManager : found /templates/macros/json/hooks.vm with loader org.apache.velocity.runtime.resource.loader.ClasspathResourceLoader
21:18:08.473 [main] DEBUG org.apache.velocity - Velocimacro : added VM includeOutput: source=/templates/macros/json/output.vm
21:18:08.473 [main] DEBUG org.apache.velocity - ResourceManager : found /templates/macros/json/output.vm with loader org.apache.velocity.runtime.resource.loader.ClasspathResourceLoader
21:18:08.475 [main] DEBUG org.apache.velocity - Velocimacro : added VM includeMessage: source=/templates/macros/json/message.vm
21:18:08.475 [main] DEBUG org.apache.velocity - ResourceManager : found /templates/macros/json/message.vm with loader org.apache.velocity.runtime.resource.loader.ClasspathResourceLoader
21:18:08.476 [main] DEBUG org.apache.velocity - Velocimacro : added VM includeSteps: source=/templates/macros/json/steps.vm
21:18:08.476 [main] DEBUG org.apache.velocity - ResourceManager : found /templates/macros/json/steps.vm with loader org.apache.velocity.runtime.resource.loader.ClasspathResourceLoader
21:18:08.477 [main] DEBUG org.apache.velocity - Velocimacro : added VM includeTags: source=/templates/macros/json/tags.vm
21:18:08.478 [main] DEBUG org.apache.velocity - ResourceManager : found /templates/macros/json/tags.vm with loader org.apache.velocity.runtime.resource.loader.ClasspathResourceLoader
21:18:08.478 [main] DEBUG org.apache.velocity - VM #includeNavigation: too few arguments to macro. Wanted 1 got 0
21:18:08.478 [main] DEBUG org.apache.velocity - Left side ($active_tab) of '==' operation has null value. If it is a reference, it may not be in the context or its toString() returned null. /templates/macros/page/navigation.vm[line 14, column 51]
21:18:08.478 [main] DEBUG org.apache.velocity - Left side ($active_tab) of '==' operation has null value. If it is a reference, it may not be in the context or its toString() returned null. /templates/macros/page/navigation.vm[line 15, column 51]
21:18:08.478 [main] DEBUG org.apache.velocity - Left side ($active_tab) of '==' operation has null value. If it is a reference, it may not be in the context or its toString() returned null. /templates/macros/page/navigation.vm[line 16, column 51]
21:18:08.478 [main] DEBUG org.apache.velocity - Left side ($active_tab) of '==' operation has null value. If it is a reference, it may not be in the context or its toString() returned null. /templates/macros/page/navigation.vm[line 20, column 51]
21:18:08.478 [main] DEBUG org.apache.velocity - VM #includeLead: too few arguments to macro. Wanted 2 got 1
21:18:08.481 [main] DEBUG org.apache.velocity - VM #includeBrief: too few arguments to macro. Wanted 5 got 4
21:18:08.482 [main] DEBUG org.apache.velocity - VM #includeBrief: too few arguments to macro. Wanted 5 got 4
21:18:08.488 [main] DEBUG org.apache.velocity - ResourceManager : found /templates/footer.vm with loader org.apache.velocity.runtime.resource.loader.ClasspathResourceLoader
21:18:08.490 [main] DEBUG org.apache.velocity - ResourceManager : found templates/generators/reportTag.vm with loader org.apache.velocity.runtime.resource.loader.ClasspathResourceLoader
21:18:08.493 [main] DEBUG org.apache.velocity - ResourceManager : found /templates/headers.vm with loader org.apache.velocity.runtime.resource.loader.ClasspathResourceLoader
21:18:08.493 [main] DEBUG org.apache.velocity - ResourceManager : found /templates/head.vm with loader org.apache.velocity.runtime.resource.loader.ClasspathResourceLoader
21:18:08.495 [main] DEBUG org.apache.velocity - Velocimacro : added VM stringArray: source=/templates/macros/array.js.vm
21:18:08.495 [main] DEBUG org.apache.velocity - Velocimacro : added VM numberArray: source=/templates/macros/array.js.vm
21:18:08.495 [main] DEBUG org.apache.velocity - ResourceManager : found /templates/macros/array.js.vm with loader org.apache.velocity.runtime.resource.loader.ClasspathResourceLoader
21:18:08.496 [main] DEBUG org.apache.velocity - Velocimacro : added VM includeBuildInfo: source=/templates/macros/page/buildinfo.vm
21:18:08.496 [main] DEBUG org.apache.velocity - ResourceManager : found /templates/macros/page/buildinfo.vm with loader org.apache.velocity.runtime.resource.loader.ClasspathResourceLoader
21:18:08.497 [main] DEBUG org.apache.velocity - Velocimacro : added VM includeClassifications: source=/templates/macros/page/classifications.vm
21:18:08.497 [main] DEBUG org.apache.velocity - ResourceManager : found /templates/macros/page/classifications.vm with loader org.apache.velocity.runtime.resource.loader.ClasspathResourceLoader
21:18:08.499 [main] DEBUG org.apache.velocity - Velocimacro : added VM includeLead: source=/templates/macros/page/lead.vm
21:18:08.499 [main] DEBUG org.apache.velocity - ResourceManager : found /templates/macros/page/lead.vm with loader org.apache.velocity.runtime.resource.loader.ClasspathResourceLoader
21:18:08.500 [main] DEBUG org.apache.velocity - Velocimacro : added VM includeNavigation: source=/templates/macros/page/navigation.vm
21:18:08.501 [main] DEBUG org.apache.velocity - ResourceManager : found /templates/macros/page/navigation.vm with loader org.apache.velocity.runtime.resource.loader.ClasspathResourceLoader
21:18:08.504 [main] DEBUG org.apache.velocity - Velocimacro : added VM includeReportInfo: source=/templates/macros/page/reportInfo.vm
21:18:08.504 [main] DEBUG org.apache.velocity - ResourceManager : found /templates/macros/page/reportInfo.vm with loader org.apache.velocity.runtime.resource.loader.ClasspathResourceLoader
21:18:08.505 [main] DEBUG org.apache.velocity - Velocimacro : added VM includeTitle: source=/templates/macros/page/title.vm
21:18:08.505 [main] DEBUG org.apache.velocity - ResourceManager : found /templates/macros/page/title.vm with loader org.apache.velocity.runtime.resource.loader.ClasspathResourceLoader
21:18:08.506 [main] DEBUG org.apache.velocity - Velocimacro : added VM includeExpandingButtons: source=/templates/macros/report/expandAllButtons.vm
21:18:08.507 [main] DEBUG org.apache.velocity - ResourceManager : found /templates/macros/report/expandAllButtons.vm with loader org.apache.velocity.runtime.resource.loader.ClasspathResourceLoader
21:18:08.508 [main] DEBUG org.apache.velocity - Velocimacro : added VM includeReportTable: source=/templates/macros/report/reportTable.vm
21:18:08.508 [main] DEBUG org.apache.velocity - ResourceManager : found /templates/macros/report/reportTable.vm with loader org.apache.velocity.runtime.resource.loader.ClasspathResourceLoader
21:18:08.509 [main] DEBUG org.apache.velocity - Velocimacro : added VM includeReportHeader: source=/templates/macros/report/reportHeader.vm
21:18:08.509 [main] DEBUG org.apache.velocity - ResourceManager : found /templates/macros/report/reportHeader.vm with loader org.apache.velocity.runtime.resource.loader.ClasspathResourceLoader
21:18:08.511 [main] DEBUG org.apache.velocity - Velocimacro : added VM includeStatsTable: source=/templates/macros/report/statsTable.vm
21:18:08.512 [main] DEBUG org.apache.velocity - ResourceManager : found /templates/macros/report/statsTable.vm with loader org.apache.velocity.runtime.resource.loader.ClasspathResourceLoader
21:18:08.513 [main] DEBUG org.apache.velocity - Velocimacro : added VM includeBrief: source=/templates/macros/json/brief.vm
21:18:08.513 [main] DEBUG org.apache.velocity - ResourceManager : found /templates/macros/json/brief.vm with loader org.apache.velocity.runtime.resource.loader.ClasspathResourceLoader
21:18:08.514 [main] DEBUG org.apache.velocity - Velocimacro : added VM includeDocString: source=/templates/macros/json/docstring.vm
21:18:08.514 [main] DEBUG org.apache.velocity - ResourceManager : found /templates/macros/json/docstring.vm with loader org.apache.velocity.runtime.resource.loader.ClasspathResourceLoader
21:18:08.515 [main] DEBUG org.apache.velocity - Velocimacro : added VM includeDuration: source=/templates/macros/json/duration.vm
21:18:08.515 [main] DEBUG org.apache.velocity - ResourceManager : found /templates/macros/json/duration.vm with loader org.apache.velocity.runtime.resource.loader.ClasspathResourceLoader
21:18:08.518 [main] DEBUG org.apache.velocity - Velocimacro : added VM includeElement: source=/templates/macros/json/element.vm
21:18:08.518 [main] DEBUG org.apache.velocity - ResourceManager : found /templates/macros/json/element.vm with loader org.apache.velocity.runtime.resource.loader.ClasspathResourceLoader
21:18:08.520 [main] DEBUG org.apache.velocity - Velocimacro : added VM includeEmbeddings: source=/templates/macros/json/embeddings.vm
21:18:08.520 [main] DEBUG org.apache.velocity - Velocimacro : added VM includeHtmlEmbedding: source=/templates/macros/json/embeddings.vm
21:18:08.520 [main] DEBUG org.apache.velocity - Velocimacro : added VM includeImageEmbedding: source=/templates/macros/json/embeddings.vm
21:18:08.520 [main] DEBUG org.apache.velocity - Velocimacro : added VM includeImageReferenceEmbedding: source=/templates/macros/json/embeddings.vm
21:18:08.521 [main] DEBUG org.apache.velocity - Velocimacro : added VM includeTextEmbedding: source=/templates/macros/json/embeddings.vm
21:18:08.521 [main] DEBUG org.apache.velocity - Velocimacro : added VM includeUnknownEmbedding: source=/templates/macros/json/embeddings.vm
21:18:08.521 [main] DEBUG org.apache.velocity - ResourceManager : found /templates/macros/json/embeddings.vm with loader org.apache.velocity.runtime.resource.loader.ClasspathResourceLoader
21:18:08.522 [main] DEBUG org.apache.velocity - Velocimacro : added VM includeHooks: source=/templates/macros/json/hooks.vm
21:18:08.522 [main] DEBUG org.apache.velocity - ResourceManager : found /templates/macros/json/hooks.vm with loader org.apache.velocity.runtime.resource.loader.ClasspathResourceLoader
21:18:08.523 [main] DEBUG org.apache.velocity - Velocimacro : added VM includeOutput: source=/templates/macros/json/output.vm
21:18:08.523 [main] DEBUG org.apache.velocity - ResourceManager : found /templates/macros/json/output.vm with loader org.apache.velocity.runtime.resource.loader.ClasspathResourceLoader
21:18:08.524 [main] DEBUG org.apache.velocity - Velocimacro : added VM includeMessage: source=/templates/macros/json/message.vm
21:18:08.524 [main] DEBUG org.apache.velocity - ResourceManager : found /templates/macros/json/message.vm with loader org.apache.velocity.runtime.resource.loader.ClasspathResourceLoader
21:18:08.525 [main] DEBUG org.apache.velocity - Velocimacro : added VM includeSteps: source=/templates/macros/json/steps.vm
21:18:08.525 [main] DEBUG org.apache.velocity - ResourceManager : found /templates/macros/json/steps.vm with loader org.apache.velocity.runtime.resource.loader.ClasspathResourceLoader
21:18:08.526 [main] DEBUG org.apache.velocity - Velocimacro : added VM includeTags: source=/templates/macros/json/tags.vm
21:18:08.526 [main] DEBUG org.apache.velocity - ResourceManager : found /templates/macros/json/tags.vm with loader org.apache.velocity.runtime.resource.loader.ClasspathResourceLoader
21:18:08.526 [main] DEBUG org.apache.velocity - VM #includeNavigation: too few arguments to macro. Wanted 1 got 0
21:18:08.526 [main] DEBUG org.apache.velocity - Left side ($active_tab) of '==' operation has null value. If it is a reference, it may not be in the context or its toString() returned null. /templates/macros/page/navigation.vm[line 14, column 51]
21:18:08.526 [main] DEBUG org.apache.velocity - Left side ($active_tab) of '==' operation has null value. If it is a reference, it may not be in the context or its toString() returned null. /templates/macros/page/navigation.vm[line 15, column 51]
21:18:08.526 [main] DEBUG org.apache.velocity - Left side ($active_tab) of '==' operation has null value. If it is a reference, it may not be in the context or its toString() returned null. /templates/macros/page/navigation.vm[line 16, column 51]
21:18:08.526 [main] DEBUG org.apache.velocity - Left side ($active_tab) of '==' operation has null value. If it is a reference, it may not be in the context or its toString() returned null. /templates/macros/page/navigation.vm[line 20, column 51]
21:18:08.526 [main] DEBUG org.apache.velocity - VM #includeLead: too few arguments to macro. Wanted 2 got 1
21:18:08.527 [main] DEBUG org.apache.velocity - VM #includeBrief: too few arguments to macro. Wanted 5 got 4
21:18:08.527 [main] DEBUG org.apache.velocity - VM #includeBrief: too few arguments to macro. Wanted 5 got 4
21:18:08.528 [main] DEBUG org.apache.velocity - VM #includeBrief: too few arguments to macro. Wanted 5 got 4
21:18:08.529 [main] DEBUG org.apache.velocity - VM #includeBrief: too few arguments to macro. Wanted 5 got 4
21:18:08.533 [main] DEBUG org.apache.velocity - VM #includeBrief: too few arguments to macro. Wanted 5 got 4
21:18:08.533 [main] DEBUG org.apache.velocity - VM #includeBrief: too few arguments to macro. Wanted 5 got 4
21:18:08.538 [main] DEBUG org.apache.velocity - VM #includeBrief: too few arguments to macro. Wanted 5 got 4
21:18:08.538 [main] DEBUG org.apache.velocity - VM #includeBrief: too few arguments to macro. Wanted 5 got 4
21:18:08.542 [main] DEBUG org.apache.velocity - VM #includeBrief: too few arguments to macro. Wanted 5 got 4
21:18:08.542 [main] DEBUG org.apache.velocity - VM #includeBrief: too few arguments to macro. Wanted 5 got 4
21:18:08.544 [main] DEBUG org.apache.velocity - ResourceManager : found /templates/footer.vm with loader org.apache.velocity.runtime.resource.loader.ClasspathResourceLoader
21:18:08.546 [main] DEBUG org.apache.velocity - ResourceManager : found templates/generators/reportTag.vm with loader org.apache.velocity.runtime.resource.loader.ClasspathResourceLoader
21:18:08.548 [main] DEBUG org.apache.velocity - ResourceManager : found /templates/headers.vm with loader org.apache.velocity.runtime.resource.loader.ClasspathResourceLoader
21:18:08.549 [main] DEBUG org.apache.velocity - ResourceManager : found /templates/head.vm with loader org.apache.velocity.runtime.resource.loader.ClasspathResourceLoader
21:18:08.550 [main] DEBUG org.apache.velocity - Velocimacro : added VM stringArray: source=/templates/macros/array.js.vm
21:18:08.550 [main] DEBUG org.apache.velocity - Velocimacro : added VM numberArray: source=/templates/macros/array.js.vm
21:18:08.550 [main] DEBUG org.apache.velocity - ResourceManager : found /templates/macros/array.js.vm with loader org.apache.velocity.runtime.resource.loader.ClasspathResourceLoader
21:18:08.552 [main] DEBUG org.apache.velocity - Velocimacro : added VM includeBuildInfo: source=/templates/macros/page/buildinfo.vm
21:18:08.552 [main] DEBUG org.apache.velocity - ResourceManager : found /templates/macros/page/buildinfo.vm with loader org.apache.velocity.runtime.resource.loader.ClasspathResourceLoader
21:18:08.554 [main] DEBUG org.apache.velocity - Velocimacro : added VM includeClassifications: source=/templates/macros/page/classifications.vm
21:18:08.554 [main] DEBUG org.apache.velocity - ResourceManager : found /templates/macros/page/classifications.vm with loader org.apache.velocity.runtime.resource.loader.ClasspathResourceLoader
21:18:08.555 [main] DEBUG org.apache.velocity - Velocimacro : added VM includeLead: source=/templates/macros/page/lead.vm
21:18:08.555 [main] DEBUG org.apache.velocity - ResourceManager : found /templates/macros/page/lead.vm with loader org.apache.velocity.runtime.resource.loader.ClasspathResourceLoader
21:18:08.556 [main] DEBUG org.apache.velocity - Velocimacro : added VM includeNavigation: source=/templates/macros/page/navigation.vm
21:18:08.556 [main] DEBUG org.apache.velocity - ResourceManager : found /templates/macros/page/navigation.vm with loader org.apache.velocity.runtime.resource.loader.ClasspathResourceLoader
21:18:08.557 [main] DEBUG org.apache.velocity - Velocimacro : added VM includeReportInfo: source=/templates/macros/page/reportInfo.vm
21:18:08.557 [main] DEBUG org.apache.velocity - ResourceManager : found /templates/macros/page/reportInfo.vm with loader org.apache.velocity.runtime.resource.loader.ClasspathResourceLoader
21:18:08.558 [main] DEBUG org.apache.velocity - Velocimacro : added VM includeTitle: source=/templates/macros/page/title.vm
21:18:08.558 [main] DEBUG org.apache.velocity - ResourceManager : found /templates/macros/page/title.vm with loader org.apache.velocity.runtime.resource.loader.ClasspathResourceLoader
21:18:08.559 [main] DEBUG org.apache.velocity - Velocimacro : added VM includeExpandingButtons: source=/templates/macros/report/expandAllButtons.vm
21:18:08.559 [main] DEBUG org.apache.velocity - ResourceManager : found /templates/macros/report/expandAllButtons.vm with loader org.apache.velocity.runtime.resource.loader.ClasspathResourceLoader
21:18:08.560 [main] DEBUG org.apache.velocity - Velocimacro : added VM includeReportTable: source=/templates/macros/report/reportTable.vm
21:18:08.560 [main] DEBUG org.apache.velocity - ResourceManager : found /templates/macros/report/reportTable.vm with loader org.apache.velocity.runtime.resource.loader.ClasspathResourceLoader
21:18:08.562 [main] DEBUG org.apache.velocity - Velocimacro : added VM includeReportHeader: source=/templates/macros/report/reportHeader.vm
21:18:08.562 [main] DEBUG org.apache.velocity - ResourceManager : found /templates/macros/report/reportHeader.vm with loader org.apache.velocity.runtime.resource.loader.ClasspathResourceLoader
21:18:08.564 [main] DEBUG org.apache.velocity - Velocimacro : added VM includeStatsTable: source=/templates/macros/report/statsTable.vm
21:18:08.564 [main] DEBUG org.apache.velocity - ResourceManager : found /templates/macros/report/statsTable.vm with loader org.apache.velocity.runtime.resource.loader.ClasspathResourceLoader
21:18:08.565 [main] DEBUG org.apache.velocity - Velocimacro : added VM includeBrief: source=/templates/macros/json/brief.vm
21:18:08.565 [main] DEBUG org.apache.velocity - ResourceManager : found /templates/macros/json/brief.vm with loader org.apache.velocity.runtime.resource.loader.ClasspathResourceLoader
21:18:08.567 [main] DEBUG org.apache.velocity - Velocimacro : added VM includeDocString: source=/templates/macros/json/docstring.vm
21:18:08.567 [main] DEBUG org.apache.velocity - ResourceManager : found /templates/macros/json/docstring.vm with loader org.apache.velocity.runtime.resource.loader.ClasspathResourceLoader
21:18:08.571 [main] DEBUG org.apache.velocity - Velocimacro : added VM includeDuration: source=/templates/macros/json/duration.vm
21:18:08.571 [main] DEBUG org.apache.velocity - ResourceManager : found /templates/macros/json/duration.vm with loader org.apache.velocity.runtime.resource.loader.ClasspathResourceLoader
21:18:08.572 [main] DEBUG org.apache.velocity - Velocimacro : added VM includeElement: source=/templates/macros/json/element.vm
21:18:08.572 [main] DEBUG org.apache.velocity - ResourceManager : found /templates/macros/json/element.vm with loader org.apache.velocity.runtime.resource.loader.ClasspathResourceLoader
21:18:08.575 [main] DEBUG org.apache.velocity - Velocimacro : added VM includeEmbeddings: source=/templates/macros/json/embeddings.vm
21:18:08.575 [main] DEBUG org.apache.velocity - Velocimacro : added VM includeHtmlEmbedding: source=/templates/macros/json/embeddings.vm
21:18:08.575 [main] DEBUG org.apache.velocity - Velocimacro : added VM includeImageEmbedding: source=/templates/macros/json/embeddings.vm
21:18:08.575 [main] DEBUG org.apache.velocity - Velocimacro : added VM includeImageReferenceEmbedding: source=/templates/macros/json/embeddings.vm
21:18:08.575 [main] DEBUG org.apache.velocity - Velocimacro : added VM includeTextEmbedding: source=/templates/macros/json/embeddings.vm
21:18:08.575 [main] DEBUG org.apache.velocity - Velocimacro : added VM includeUnknownEmbedding: source=/templates/macros/json/embeddings.vm
21:18:08.575 [main] DEBUG org.apache.velocity - ResourceManager : found /templates/macros/json/embeddings.vm with loader org.apache.velocity.runtime.resource.loader.ClasspathResourceLoader
21:18:08.577 [main] DEBUG org.apache.velocity - Velocimacro : added VM includeHooks: source=/templates/macros/json/hooks.vm
21:18:08.577 [main] DEBUG org.apache.velocity - ResourceManager : found /templates/macros/json/hooks.vm with loader org.apache.velocity.runtime.resource.loader.ClasspathResourceLoader
21:18:08.578 [main] DEBUG org.apache.velocity - Velocimacro : added VM includeOutput: source=/templates/macros/json/output.vm
21:18:08.578 [main] DEBUG org.apache.velocity - ResourceManager : found /templates/macros/json/output.vm with loader org.apache.velocity.runtime.resource.loader.ClasspathResourceLoader
21:18:08.579 [main] DEBUG org.apache.velocity - Velocimacro : added VM includeMessage: source=/templates/macros/json/message.vm
21:18:08.579 [main] DEBUG org.apache.velocity - ResourceManager : found /templates/macros/json/message.vm with loader org.apache.velocity.runtime.resource.loader.ClasspathResourceLoader
21:18:08.580 [main] DEBUG org.apache.velocity - Velocimacro : added VM includeSteps: source=/templates/macros/json/steps.vm
21:18:08.580 [main] DEBUG org.apache.velocity - ResourceManager : found /templates/macros/json/steps.vm with loader org.apache.velocity.runtime.resource.loader.ClasspathResourceLoader
21:18:08.581 [main] DEBUG org.apache.velocity - Velocimacro : added VM includeTags: source=/templates/macros/json/tags.vm
21:18:08.581 [main] DEBUG org.apache.velocity - ResourceManager : found /templates/macros/json/tags.vm with loader org.apache.velocity.runtime.resource.loader.ClasspathResourceLoader
21:18:08.582 [main] DEBUG org.apache.velocity - VM #includeNavigation: too few arguments to macro. Wanted 1 got 0
21:18:08.582 [main] DEBUG org.apache.velocity - Left side ($active_tab) of '==' operation has null value. If it is a reference, it may not be in the context or its toString() returned null. /templates/macros/page/navigation.vm[line 14, column 51]
21:18:08.582 [main] DEBUG org.apache.velocity - Left side ($active_tab) of '==' operation has null value. If it is a reference, it may not be in the context or its toString() returned null. /templates/macros/page/navigation.vm[line 15, column 51]
21:18:08.582 [main] DEBUG org.apache.velocity - Left side ($active_tab) of '==' operation has null value. If it is a reference, it may not be in the context or its toString() returned null. /templates/macros/page/navigation.vm[line 16, column 51]
21:18:08.582 [main] DEBUG org.apache.velocity - Left side ($active_tab) of '==' operation has null value. If it is a reference, it may not be in the context or its toString() returned null. /templates/macros/page/navigation.vm[line 20, column 51]
21:18:08.582 [main] DEBUG org.apache.velocity - VM #includeLead: too few arguments to macro. Wanted 2 got 1
21:18:08.583 [main] DEBUG org.apache.velocity - VM #includeBrief: too few arguments to macro. Wanted 5 got 4
21:18:08.584 [main] DEBUG org.apache.velocity - VM #includeBrief: too few arguments to macro. Wanted 5 got 4
21:18:08.586 [main] DEBUG org.apache.velocity - VM #includeBrief: too few arguments to macro. Wanted 5 got 4
21:18:08.586 [main] DEBUG org.apache.velocity - VM #includeBrief: too few arguments to macro. Wanted 5 got 4
21:18:08.589 [main] DEBUG org.apache.velocity - VM #includeBrief: too few arguments to macro. Wanted 5 got 4
21:18:08.589 [main] DEBUG org.apache.velocity - VM #includeBrief: too few arguments to macro. Wanted 5 got 4
21:18:08.593 [main] DEBUG org.apache.velocity - ResourceManager : found /templates/footer.vm with loader org.apache.velocity.runtime.resource.loader.ClasspathResourceLoader
21:18:08.595 [main] DEBUG org.apache.velocity - ResourceManager : found templates/generators/overviewSteps.vm with loader org.apache.velocity.runtime.resource.loader.ClasspathResourceLoader
21:18:08.597 [main] DEBUG org.apache.velocity - ResourceManager : found /templates/headers.vm with loader org.apache.velocity.runtime.resource.loader.ClasspathResourceLoader
21:18:08.598 [main] DEBUG org.apache.velocity - ResourceManager : found /templates/head.vm with loader org.apache.velocity.runtime.resource.loader.ClasspathResourceLoader
21:18:08.599 [main] DEBUG org.apache.velocity - Velocimacro : added VM stringArray: source=/templates/macros/array.js.vm
21:18:08.599 [main] DEBUG org.apache.velocity - Velocimacro : added VM numberArray: source=/templates/macros/array.js.vm
21:18:08.600 [main] DEBUG org.apache.velocity - ResourceManager : found /templates/macros/array.js.vm with loader org.apache.velocity.runtime.resource.loader.ClasspathResourceLoader
21:18:08.601 [main] DEBUG org.apache.velocity - Velocimacro : added VM includeBuildInfo: source=/templates/macros/page/buildinfo.vm
21:18:08.603 [main] DEBUG org.apache.velocity - ResourceManager : found /templates/macros/page/buildinfo.vm with loader org.apache.velocity.runtime.resource.loader.ClasspathResourceLoader
21:18:08.604 [main] DEBUG org.apache.velocity - Velocimacro : added VM includeClassifications: source=/templates/macros/page/classifications.vm
21:18:08.604 [main] DEBUG org.apache.velocity - ResourceManager : found /templates/macros/page/classifications.vm with loader org.apache.velocity.runtime.resource.loader.ClasspathResourceLoader
21:18:08.606 [main] DEBUG org.apache.velocity - Velocimacro : added VM includeLead: source=/templates/macros/page/lead.vm
21:18:08.606 [main] DEBUG org.apache.velocity - ResourceManager : found /templates/macros/page/lead.vm with loader org.apache.velocity.runtime.resource.loader.ClasspathResourceLoader
21:18:08.607 [main] DEBUG org.apache.velocity - Velocimacro : added VM includeNavigation: source=/templates/macros/page/navigation.vm
21:18:08.607 [main] DEBUG org.apache.velocity - ResourceManager : found /templates/macros/page/navigation.vm with loader org.apache.velocity.runtime.resource.loader.ClasspathResourceLoader
21:18:08.608 [main] DEBUG org.apache.velocity - Velocimacro : added VM includeReportInfo: source=/templates/macros/page/reportInfo.vm
21:18:08.608 [main] DEBUG org.apache.velocity - ResourceManager : found /templates/macros/page/reportInfo.vm with loader org.apache.velocity.runtime.resource.loader.ClasspathResourceLoader
21:18:08.608 [main] DEBUG org.apache.velocity - Velocimacro : added VM includeTitle: source=/templates/macros/page/title.vm
21:18:08.608 [main] DEBUG org.apache.velocity - ResourceManager : found /templates/macros/page/title.vm with loader org.apache.velocity.runtime.resource.loader.ClasspathResourceLoader
21:18:08.609 [main] DEBUG org.apache.velocity - Velocimacro : added VM includeExpandingButtons: source=/templates/macros/report/expandAllButtons.vm
21:18:08.609 [main] DEBUG org.apache.velocity - ResourceManager : found /templates/macros/report/expandAllButtons.vm with loader org.apache.velocity.runtime.resource.loader.ClasspathResourceLoader
21:18:08.610 [main] DEBUG org.apache.velocity - Velocimacro : added VM includeReportTable: source=/templates/macros/report/reportTable.vm
21:18:08.610 [main] DEBUG org.apache.velocity - ResourceManager : found /templates/macros/report/reportTable.vm with loader org.apache.velocity.runtime.resource.loader.ClasspathResourceLoader
21:18:08.611 [main] DEBUG org.apache.velocity - Velocimacro : added VM includeReportHeader: source=/templates/macros/report/reportHeader.vm
21:18:08.611 [main] DEBUG org.apache.velocity - ResourceManager : found /templates/macros/report/reportHeader.vm with loader org.apache.velocity.runtime.resource.loader.ClasspathResourceLoader
21:18:08.612 [main] DEBUG org.apache.velocity - Velocimacro : added VM includeStatsTable: source=/templates/macros/report/statsTable.vm
21:18:08.612 [main] DEBUG org.apache.velocity - ResourceManager : found /templates/macros/report/statsTable.vm with loader org.apache.velocity.runtime.resource.loader.ClasspathResourceLoader
21:18:08.613 [main] DEBUG org.apache.velocity - Velocimacro : added VM includeBrief: source=/templates/macros/json/brief.vm
21:18:08.613 [main] DEBUG org.apache.velocity - ResourceManager : found /templates/macros/json/brief.vm with loader org.apache.velocity.runtime.resource.loader.ClasspathResourceLoader
21:18:08.614 [main] DEBUG org.apache.velocity - Velocimacro : added VM includeDocString: source=/templates/macros/json/docstring.vm
21:18:08.614 [main] DEBUG org.apache.velocity - ResourceManager : found /templates/macros/json/docstring.vm with loader org.apache.velocity.runtime.resource.loader.ClasspathResourceLoader
21:18:08.616 [main] DEBUG org.apache.velocity - Velocimacro : added VM includeDuration: source=/templates/macros/json/duration.vm
21:18:08.616 [main] DEBUG org.apache.velocity - ResourceManager : found /templates/macros/json/duration.vm with loader org.apache.velocity.runtime.resource.loader.ClasspathResourceLoader
21:18:08.619 [main] DEBUG org.apache.velocity - Velocimacro : added VM includeElement: source=/templates/macros/json/element.vm
21:18:08.619 [main] DEBUG org.apache.velocity - ResourceManager : found /templates/macros/json/element.vm with loader org.apache.velocity.runtime.resource.loader.ClasspathResourceLoader
21:18:08.622 [main] DEBUG org.apache.velocity - Velocimacro : added VM includeEmbeddings: source=/templates/macros/json/embeddings.vm
21:18:08.622 [main] DEBUG org.apache.velocity - Velocimacro : added VM includeHtmlEmbedding: source=/templates/macros/json/embeddings.vm
21:18:08.622 [main] DEBUG org.apache.velocity - Velocimacro : added VM includeImageEmbedding: source=/templates/macros/json/embeddings.vm
21:18:08.623 [main] DEBUG org.apache.velocity - Velocimacro : added VM includeImageReferenceEmbedding: source=/templates/macros/json/embeddings.vm
21:18:08.623 [main] DEBUG org.apache.velocity - Velocimacro : added VM includeTextEmbedding: source=/templates/macros/json/embeddings.vm
21:18:08.623 [main] DEBUG org.apache.velocity - Velocimacro : added VM includeUnknownEmbedding: source=/templates/macros/json/embeddings.vm
21:18:08.623 [main] DEBUG org.apache.velocity - ResourceManager : found /templates/macros/json/embeddings.vm with loader org.apache.velocity.runtime.resource.loader.ClasspathResourceLoader
21:18:08.625 [main] DEBUG org.apache.velocity - Velocimacro : added VM includeHooks: source=/templates/macros/json/hooks.vm
21:18:08.625 [main] DEBUG org.apache.velocity - ResourceManager : found /templates/macros/json/hooks.vm with loader org.apache.velocity.runtime.resource.loader.ClasspathResourceLoader
21:18:08.628 [main] DEBUG org.apache.velocity - Velocimacro : added VM includeOutput: source=/templates/macros/json/output.vm
21:18:08.628 [main] DEBUG org.apache.velocity - ResourceManager : found /templates/macros/json/output.vm with loader org.apache.velocity.runtime.resource.loader.ClasspathResourceLoader
21:18:08.629 [main] DEBUG org.apache.velocity - Velocimacro : added VM includeMessage: source=/templates/macros/json/message.vm
21:18:08.629 [main] DEBUG org.apache.velocity - ResourceManager : found /templates/macros/json/message.vm with loader org.apache.velocity.runtime.resource.loader.ClasspathResourceLoader
21:18:08.631 [main] DEBUG org.apache.velocity - Velocimacro : added VM includeSteps: source=/templates/macros/json/steps.vm
21:18:08.631 [main] DEBUG org.apache.velocity - ResourceManager : found /templates/macros/json/steps.vm with loader org.apache.velocity.runtime.resource.loader.ClasspathResourceLoader
21:18:08.633 [main] DEBUG org.apache.velocity - Velocimacro : added VM includeTags: source=/templates/macros/json/tags.vm
21:18:08.633 [main] DEBUG org.apache.velocity - ResourceManager : found /templates/macros/json/tags.vm with loader org.apache.velocity.runtime.resource.loader.ClasspathResourceLoader
21:18:08.637 [main] DEBUG org.apache.velocity - ResourceManager : found /templates/footer.vm with loader org.apache.velocity.runtime.resource.loader.ClasspathResourceLoader
21:18:08.639 [main] DEBUG org.apache.velocity - ResourceManager : found templates/generators/overviewFailures.vm with loader org.apache.velocity.runtime.resource.loader.ClasspathResourceLoader
21:18:08.642 [main] DEBUG org.apache.velocity - ResourceManager : found /templates/headers.vm with loader org.apache.velocity.runtime.resource.loader.ClasspathResourceLoader
21:18:08.642 [main] DEBUG org.apache.velocity - ResourceManager : found /templates/head.vm with loader org.apache.velocity.runtime.resource.loader.ClasspathResourceLoader
21:18:08.643 [main] DEBUG org.apache.velocity - Velocimacro : added VM stringArray: source=/templates/macros/array.js.vm
21:18:08.643 [main] DEBUG org.apache.velocity - Velocimacro : added VM numberArray: source=/templates/macros/array.js.vm
21:18:08.643 [main] DEBUG org.apache.velocity - ResourceManager : found /templates/macros/array.js.vm with loader org.apache.velocity.runtime.resource.loader.ClasspathResourceLoader
21:18:08.644 [main] DEBUG org.apache.velocity - Velocimacro : added VM includeBuildInfo: source=/templates/macros/page/buildinfo.vm
21:18:08.644 [main] DEBUG org.apache.velocity - ResourceManager : found /templates/macros/page/buildinfo.vm with loader org.apache.velocity.runtime.resource.loader.ClasspathResourceLoader
21:18:08.645 [main] DEBUG org.apache.velocity - Velocimacro : added VM includeClassifications: source=/templates/macros/page/classifications.vm
21:18:08.645 [main] DEBUG org.apache.velocity - ResourceManager : found /templates/macros/page/classifications.vm with loader org.apache.velocity.runtime.resource.loader.ClasspathResourceLoader
21:18:08.646 [main] DEBUG org.apache.velocity - Velocimacro : added VM includeLead: source=/templates/macros/page/lead.vm
21:18:08.646 [main] DEBUG org.apache.velocity - ResourceManager : found /templates/macros/page/lead.vm with loader org.apache.velocity.runtime.resource.loader.ClasspathResourceLoader
21:18:08.647 [main] DEBUG org.apache.velocity - Velocimacro : added VM includeNavigation: source=/templates/macros/page/navigation.vm
21:18:08.647 [main] DEBUG org.apache.velocity - ResourceManager : found /templates/macros/page/navigation.vm with loader org.apache.velocity.runtime.resource.loader.ClasspathResourceLoader
21:18:08.648 [main] DEBUG org.apache.velocity - Velocimacro : added VM includeReportInfo: source=/templates/macros/page/reportInfo.vm
21:18:08.648 [main] DEBUG org.apache.velocity - ResourceManager : found /templates/macros/page/reportInfo.vm with loader org.apache.velocity.runtime.resource.loader.ClasspathResourceLoader
21:18:08.649 [main] DEBUG org.apache.velocity - Velocimacro : added VM includeTitle: source=/templates/macros/page/title.vm
21:18:08.649 [main] DEBUG org.apache.velocity - ResourceManager : found /templates/macros/page/title.vm with loader org.apache.velocity.runtime.resource.loader.ClasspathResourceLoader
21:18:08.650 [main] DEBUG org.apache.velocity - Velocimacro : added VM includeExpandingButtons: source=/templates/macros/report/expandAllButtons.vm
21:18:08.650 [main] DEBUG org.apache.velocity - ResourceManager : found /templates/macros/report/expandAllButtons.vm with loader org.apache.velocity.runtime.resource.loader.ClasspathResourceLoader
21:18:08.652 [main] DEBUG org.apache.velocity - Velocimacro : added VM includeReportTable: source=/templates/macros/report/reportTable.vm
21:18:08.652 [main] DEBUG org.apache.velocity - ResourceManager : found /templates/macros/report/reportTable.vm with loader org.apache.velocity.runtime.resource.loader.ClasspathResourceLoader
21:18:08.653 [main] DEBUG org.apache.velocity - Velocimacro : added VM includeReportHeader: source=/templates/macros/report/reportHeader.vm
21:18:08.653 [main] DEBUG org.apache.velocity - ResourceManager : found /templates/macros/report/reportHeader.vm with loader org.apache.velocity.runtime.resource.loader.ClasspathResourceLoader
21:18:08.655 [main] DEBUG org.apache.velocity - Velocimacro : added VM includeStatsTable: source=/templates/macros/report/statsTable.vm
21:18:08.655 [main] DEBUG org.apache.velocity - ResourceManager : found /templates/macros/report/statsTable.vm with loader org.apache.velocity.runtime.resource.loader.ClasspathResourceLoader
21:18:08.656 [main] DEBUG org.apache.velocity - Velocimacro : added VM includeBrief: source=/templates/macros/json/brief.vm
21:18:08.656 [main] DEBUG org.apache.velocity - ResourceManager : found /templates/macros/json/brief.vm with loader org.apache.velocity.runtime.resource.loader.ClasspathResourceLoader
21:18:08.657 [main] DEBUG org.apache.velocity - Velocimacro : added VM includeDocString: source=/templates/macros/json/docstring.vm
21:18:08.657 [main] DEBUG org.apache.velocity - ResourceManager : found /templates/macros/json/docstring.vm with loader org.apache.velocity.runtime.resource.loader.ClasspathResourceLoader
21:18:08.657 [main] DEBUG org.apache.velocity - Velocimacro : added VM includeDuration: source=/templates/macros/json/duration.vm
21:18:08.657 [main] DEBUG org.apache.velocity - ResourceManager : found /templates/macros/json/duration.vm with loader org.apache.velocity.runtime.resource.loader.ClasspathResourceLoader
21:18:08.658 [main] DEBUG org.apache.velocity - Velocimacro : added VM includeElement: source=/templates/macros/json/element.vm
21:18:08.658 [main] DEBUG org.apache.velocity - ResourceManager : found /templates/macros/json/element.vm with loader org.apache.velocity.runtime.resource.loader.ClasspathResourceLoader
21:18:08.660 [main] DEBUG org.apache.velocity - Velocimacro : added VM includeEmbeddings: source=/templates/macros/json/embeddings.vm
21:18:08.660 [main] DEBUG org.apache.velocity - Velocimacro : added VM includeHtmlEmbedding: source=/templates/macros/json/embeddings.vm
21:18:08.660 [main] DEBUG org.apache.velocity - Velocimacro : added VM includeImageEmbedding: source=/templates/macros/json/embeddings.vm
21:18:08.661 [main] DEBUG org.apache.velocity - Velocimacro : added VM includeImageReferenceEmbedding: source=/templates/macros/json/embeddings.vm
21:18:08.661 [main] DEBUG org.apache.velocity - Velocimacro : added VM includeTextEmbedding: source=/templates/macros/json/embeddings.vm
21:18:08.661 [main] DEBUG org.apache.velocity - Velocimacro : added VM includeUnknownEmbedding: source=/templates/macros/json/embeddings.vm
21:18:08.661 [main] DEBUG org.apache.velocity - ResourceManager : found /templates/macros/json/embeddings.vm with loader org.apache.velocity.runtime.resource.loader.ClasspathResourceLoader
21:18:08.662 [main] DEBUG org.apache.velocity - Velocimacro : added VM includeHooks: source=/templates/macros/json/hooks.vm
21:18:08.662 [main] DEBUG org.apache.velocity - ResourceManager : found /templates/macros/json/hooks.vm with loader org.apache.velocity.runtime.resource.loader.ClasspathResourceLoader
21:18:08.664 [main] DEBUG org.apache.velocity - Velocimacro : added VM includeOutput: source=/templates/macros/json/output.vm
21:18:08.664 [main] DEBUG org.apache.velocity - ResourceManager : found /templates/macros/json/output.vm with loader org.apache.velocity.runtime.resource.loader.ClasspathResourceLoader
21:18:08.665 [main] DEBUG org.apache.velocity - Velocimacro : added VM includeMessage: source=/templates/macros/json/message.vm
21:18:08.665 [main] DEBUG org.apache.velocity - ResourceManager : found /templates/macros/json/message.vm with loader org.apache.velocity.runtime.resource.loader.ClasspathResourceLoader
21:18:08.667 [main] DEBUG org.apache.velocity - Velocimacro : added VM includeSteps: source=/templates/macros/json/steps.vm
21:18:08.667 [main] DEBUG org.apache.velocity - ResourceManager : found /templates/macros/json/steps.vm with loader org.apache.velocity.runtime.resource.loader.ClasspathResourceLoader
21:18:08.668 [main] DEBUG org.apache.velocity - Velocimacro : added VM includeTags: source=/templates/macros/json/tags.vm
21:18:08.669 [main] DEBUG org.apache.velocity - ResourceManager : found /templates/macros/json/tags.vm with loader org.apache.velocity.runtime.resource.loader.ClasspathResourceLoader
21:18:08.670 [main] DEBUG org.apache.velocity - VM #includeBrief: too few arguments to macro. Wanted 5 got 4
21:18:08.670 [main] DEBUG org.apache.velocity - VM #includeBrief: too few arguments to macro. Wanted 5 got 4
21:18:08.674 [main] DEBUG org.apache.velocity - VM #includeBrief: too few arguments to macro. Wanted 5 got 4
21:18:08.674 [main] DEBUG org.apache.velocity - VM #includeBrief: too few arguments to macro. Wanted 5 got 4
21:18:08.677 [main] DEBUG org.apache.velocity - ResourceManager : found /templates/footer.vm with loader org.apache.velocity.runtime.resource.loader.ClasspathResourceLoader
]]></system-out>
    <system-err><![CDATA[ERROR StatusLogger No log4j2 configuration file found. Using default configuration: logging only errors to the console.
]]></system-err>
  </testcase>
</testsuite>