<?xml version="1.0" encoding="UTF-8"?>
<!-- Generated by org.testng.reporters.JUnitReportReporter -->
<testsuite skipped="0" hostname="CHI-CL-6RJGL13" name="Karate.KarateScripts.APIRunnerTest1" tests="1" failures="0" timestamp="2021-10-07T20:52:47 IST" time="1.681" errors="0">
  <testcase name="parallelRun" time="1.681" classname="Karate.KarateScripts.APIRunnerTest1"/>
  <system-out/>
</testsuite> <!-- Karate.KarateScripts.APIRunnerTest1 -->
