<?xml version="1.0" encoding="UTF-8"?>
<testsuite xmlns:xsi="http://www.w3.org/2001/XMLSchema-instance" xsi:noNamespaceSchemaLocation="https://maven.apache.org/surefire/maven-surefire-plugin/xsd/surefire-test-report-3.0.xsd" version="3.0" name="TestSuite" time="56.329" tests="1" errors="0" skipped="0" failures="0">
  <properties>
    <property name="sun.desktop" value="windows"/>
    <property name="awt.toolkit" value="sun.awt.windows.WToolkit"/>
    <property name="file.encoding.pkg" value="sun.io"/>
    <property name="java.specification.version" value="1.8"/>
    <property name="sun.cpu.isalist" value="amd64"/>
    <property name="sun.jnu.encoding" value="Cp1252"/>
    <property name="java.class.path" value="D:\test selinum projects\KarateScripts\target\test-classes;D:\test selinum projects\KarateScripts\target\classes;C:\Users\irgigt\.m2\repository\com\intuit\karate\karate-apache\0.9.5\karate-apache-0.9.5.jar;C:\Users\irgigt\.m2\repository\com\intuit\karate\karate-core\0.9.5\karate-core-0.9.5.jar;C:\Users\irgigt\.m2\repository\com\jayway\jsonpath\json-path\2.4.0\json-path-2.4.0.jar;C:\Users\irgigt\.m2\repository\net\minidev\json-smart\2.3\json-smart-2.3.jar;C:\Users\irgigt\.m2\repository\net\minidev\accessors-smart\1.2\accessors-smart-1.2.jar;C:\Users\irgigt\.m2\repository\org\ow2\asm\asm\5.0.4\asm-5.0.4.jar;C:\Users\irgigt\.m2\repository\info\cukes\cucumber-java\1.2.5\cucumber-java-1.2.5.jar;C:\Users\irgigt\.m2\repository\info\cukes\cucumber-core\1.2.5\cucumber-core-1.2.5.jar;C:\Users\irgigt\.m2\repository\org\yaml\snakeyaml\1.24\snakeyaml-1.24.jar;C:\Users\irgigt\.m2\repository\de\siegmar\fastcsv\1.0.3\fastcsv-1.0.3.jar;C:\Users\irgigt\.m2\repository\info\picocli\picocli\4.0.3\picocli-4.0.3.jar;C:\Users\irgigt\.m2\repository\org\apache\httpcomponents\httpclient\4.5.11\httpclient-4.5.11.jar;C:\Users\irgigt\.m2\repository\org\apache\httpcomponents\httpcore\4.4.13\httpcore-4.4.13.jar;C:\Users\irgigt\.m2\repository\commons-codec\commons-codec\1.11\commons-codec-1.11.jar;C:\Users\irgigt\.m2\repository\org\apache\httpcomponents\httpmime\4.5.11\httpmime-4.5.11.jar;C:\Users\irgigt\.m2\repository\org\slf4j\jcl-over-slf4j\1.7.25\jcl-over-slf4j-1.7.25.jar;C:\Users\irgigt\.m2\repository\org\slf4j\slf4j-api\1.7.25\slf4j-api-1.7.25.jar;C:\Users\irgigt\.m2\repository\ch\qos\logback\logback-classic\1.2.3\logback-classic-1.2.3.jar;C:\Users\irgigt\.m2\repository\ch\qos\logback\logback-core\1.2.3\logback-core-1.2.3.jar;C:\Users\irgigt\.m2\repository\com\intuit\karate\karate-junit4\0.9.5\karate-junit4-0.9.5.jar;C:\Users\irgigt\.m2\repository\junit\junit\4.12\junit-4.12.jar;C:\Users\irgigt\.m2\repository\org\hamcrest\hamcrest-core\1.3\hamcrest-core-1.3.jar;C:\Users\irgigt\.m2\repository\net\masterthought\cucumber-reporting\3.8.0\cucumber-reporting-3.8.0.jar;C:\Users\irgigt\.m2\repository\org\apache\logging\log4j\log4j-api\2.6\log4j-api-2.6.jar;C:\Users\irgigt\.m2\repository\org\apache\logging\log4j\log4j-core\2.6\log4j-core-2.6.jar;C:\Users\irgigt\.m2\repository\com\fasterxml\jackson\core\jackson-databind\2.8.5\jackson-databind-2.8.5.jar;C:\Users\irgigt\.m2\repository\com\fasterxml\jackson\core\jackson-annotations\2.8.0\jackson-annotations-2.8.0.jar;C:\Users\irgigt\.m2\repository\com\fasterxml\jackson\core\jackson-core\2.8.5\jackson-core-2.8.5.jar;C:\Users\irgigt\.m2\repository\org\apache\velocity\velocity\1.7\velocity-1.7.jar;C:\Users\irgigt\.m2\repository\commons-collections\commons-collections\3.2.1\commons-collections-3.2.1.jar;C:\Users\irgigt\.m2\repository\commons-lang\commons-lang\2.4\commons-lang-2.4.jar;C:\Users\irgigt\.m2\repository\velocity-tools\velocity-tools\1.4\velocity-tools-1.4.jar;C:\Users\irgigt\.m2\repository\joda-time\joda-time\2.9.6\joda-time-2.9.6.jar;C:\Users\irgigt\.m2\repository\org\apache\commons\commons-lang3\3.5\commons-lang3-3.5.jar;C:\Users\irgigt\.m2\repository\commons-io\commons-io\2.5\commons-io-2.5.jar;C:\Users\irgigt\.m2\repository\net\lingala\zip4j\zip4j\1.3.2\zip4j-1.3.2.jar;C:\Users\irgigt\.m2\repository\org\codehaus\plexus\plexus-utils\3.0.24\plexus-utils-3.0.24.jar;C:\Users\irgigt\.m2\repository\org\jsoup\jsoup\1.10.1\jsoup-1.10.1.jar;C:\Users\irgigt\.m2\repository\com\googlecode\owasp-java-html-sanitizer\owasp-java-html-sanitizer\20160924.1\owasp-java-html-sanitizer-20160924.1.jar;C:\Users\irgigt\.m2\repository\com\google\guava\guava\20.0\guava-20.0.jar;C:\Users\irgigt\.m2\repository\org\testng\testng\7.4.0\testng-7.4.0.jar;C:\Users\irgigt\.m2\repository\com\beust\jcommander\1.78\jcommander-1.78.jar;C:\Users\irgigt\.m2\repository\org\webjars\jquery\3.5.1\jquery-3.5.1.jar;"/>
    <property name="java.vm.vendor" value="Oracle Corporation"/>
    <property name="sun.arch.data.model" value="64"/>
    <property name="user.variant" value=""/>
    <property name="java.vendor.url" value="http://java.oracle.com/"/>
    <property name="user.timezone" value="Asia/Calcutta"/>
    <property name="java.vm.specification.version" value="1.8"/>
    <property name="os.name" value="Windows 10"/>
    <property name="user.country" value="US"/>
    <property name="sun.java.launcher" value="SUN_STANDARD"/>
    <property name="sun.boot.library.path" value="C:\Program Files\Java\jdk1.8.0_121\jre\bin"/>
    <property name="sun.java.command" value="C:\Users\irgigt\AppData\Local\Temp\surefire3148683136187601078\surefirebooter1722548441610423548.jar C:\Users\irgigt\AppData\Local\Temp\surefire3148683136187601078 2021-10-07T20-42-33_345-jvmRun1 surefire3637324415785576835tmp surefire_02496276289566700232tmp"/>
    <property name="surefire.test.class.path" value="D:\test selinum projects\KarateScripts\target\test-classes;D:\test selinum projects\KarateScripts\target\classes;C:\Users\irgigt\.m2\repository\com\intuit\karate\karate-apache\0.9.5\karate-apache-0.9.5.jar;C:\Users\irgigt\.m2\repository\com\intuit\karate\karate-core\0.9.5\karate-core-0.9.5.jar;C:\Users\irgigt\.m2\repository\com\jayway\jsonpath\json-path\2.4.0\json-path-2.4.0.jar;C:\Users\irgigt\.m2\repository\net\minidev\json-smart\2.3\json-smart-2.3.jar;C:\Users\irgigt\.m2\repository\net\minidev\accessors-smart\1.2\accessors-smart-1.2.jar;C:\Users\irgigt\.m2\repository\org\ow2\asm\asm\5.0.4\asm-5.0.4.jar;C:\Users\irgigt\.m2\repository\info\cukes\cucumber-java\1.2.5\cucumber-java-1.2.5.jar;C:\Users\irgigt\.m2\repository\info\cukes\cucumber-core\1.2.5\cucumber-core-1.2.5.jar;C:\Users\irgigt\.m2\repository\org\yaml\snakeyaml\1.24\snakeyaml-1.24.jar;C:\Users\irgigt\.m2\repository\de\siegmar\fastcsv\1.0.3\fastcsv-1.0.3.jar;C:\Users\irgigt\.m2\repository\info\picocli\picocli\4.0.3\picocli-4.0.3.jar;C:\Users\irgigt\.m2\repository\org\apache\httpcomponents\httpclient\4.5.11\httpclient-4.5.11.jar;C:\Users\irgigt\.m2\repository\org\apache\httpcomponents\httpcore\4.4.13\httpcore-4.4.13.jar;C:\Users\irgigt\.m2\repository\commons-codec\commons-codec\1.11\commons-codec-1.11.jar;C:\Users\irgigt\.m2\repository\org\apache\httpcomponents\httpmime\4.5.11\httpmime-4.5.11.jar;C:\Users\irgigt\.m2\repository\org\slf4j\jcl-over-slf4j\1.7.25\jcl-over-slf4j-1.7.25.jar;C:\Users\irgigt\.m2\repository\org\slf4j\slf4j-api\1.7.25\slf4j-api-1.7.25.jar;C:\Users\irgigt\.m2\repository\ch\qos\logback\logback-classic\1.2.3\logback-classic-1.2.3.jar;C:\Users\irgigt\.m2\repository\ch\qos\logback\logback-core\1.2.3\logback-core-1.2.3.jar;C:\Users\irgigt\.m2\repository\com\intuit\karate\karate-junit4\0.9.5\karate-junit4-0.9.5.jar;C:\Users\irgigt\.m2\repository\junit\junit\4.12\junit-4.12.jar;C:\Users\irgigt\.m2\repository\org\hamcrest\hamcrest-core\1.3\hamcrest-core-1.3.jar;C:\Users\irgigt\.m2\repository\net\masterthought\cucumber-reporting\3.8.0\cucumber-reporting-3.8.0.jar;C:\Users\irgigt\.m2\repository\org\apache\logging\log4j\log4j-api\2.6\log4j-api-2.6.jar;C:\Users\irgigt\.m2\repository\org\apache\logging\log4j\log4j-core\2.6\log4j-core-2.6.jar;C:\Users\irgigt\.m2\repository\com\fasterxml\jackson\core\jackson-databind\2.8.5\jackson-databind-2.8.5.jar;C:\Users\irgigt\.m2\repository\com\fasterxml\jackson\core\jackson-annotations\2.8.0\jackson-annotations-2.8.0.jar;C:\Users\irgigt\.m2\repository\com\fasterxml\jackson\core\jackson-core\2.8.5\jackson-core-2.8.5.jar;C:\Users\irgigt\.m2\repository\org\apache\velocity\velocity\1.7\velocity-1.7.jar;C:\Users\irgigt\.m2\repository\commons-collections\commons-collections\3.2.1\commons-collections-3.2.1.jar;C:\Users\irgigt\.m2\repository\commons-lang\commons-lang\2.4\commons-lang-2.4.jar;C:\Users\irgigt\.m2\repository\velocity-tools\velocity-tools\1.4\velocity-tools-1.4.jar;C:\Users\irgigt\.m2\repository\joda-time\joda-time\2.9.6\joda-time-2.9.6.jar;C:\Users\irgigt\.m2\repository\org\apache\commons\commons-lang3\3.5\commons-lang3-3.5.jar;C:\Users\irgigt\.m2\repository\commons-io\commons-io\2.5\commons-io-2.5.jar;C:\Users\irgigt\.m2\repository\net\lingala\zip4j\zip4j\1.3.2\zip4j-1.3.2.jar;C:\Users\irgigt\.m2\repository\org\codehaus\plexus\plexus-utils\3.0.24\plexus-utils-3.0.24.jar;C:\Users\irgigt\.m2\repository\org\jsoup\jsoup\1.10.1\jsoup-1.10.1.jar;C:\Users\irgigt\.m2\repository\com\googlecode\owasp-java-html-sanitizer\owasp-java-html-sanitizer\20160924.1\owasp-java-html-sanitizer-20160924.1.jar;C:\Users\irgigt\.m2\repository\com\google\guava\guava\20.0\guava-20.0.jar;C:\Users\irgigt\.m2\repository\org\testng\testng\7.4.0\testng-7.4.0.jar;C:\Users\irgigt\.m2\repository\com\beust\jcommander\1.78\jcommander-1.78.jar;C:\Users\irgigt\.m2\repository\org\webjars\jquery\3.5.1\jquery-3.5.1.jar;"/>
    <property name="sun.cpu.endian" value="little"/>
    <property name="user.home" value="C:\Users\irgigt"/>
    <property name="user.language" value="en"/>
    <property name="java.specification.vendor" value="Oracle Corporation"/>
    <property name="java.home" value="C:\Program Files\Java\jdk1.8.0_121\jre"/>
    <property name="basedir" value="D:\test selinum projects\KarateScripts"/>
    <property name="file.separator" value="\"/>
    <property name="line.separator" value="&#10;"/>
    <property name="java.vm.specification.vendor" value="Oracle Corporation"/>
    <property name="java.specification.name" value="Java Platform API Specification"/>
    <property name="karateoptions" value="resources/Soap.feature"/>
    <property name="java.awt.graphicsenv" value="sun.awt.Win32GraphicsEnvironment"/>
    <property name="surefire.real.class.path" value="C:\Users\irgigt\AppData\Local\Temp\surefire3148683136187601078\surefirebooter1722548441610423548.jar"/>
    <property name="sun.boot.class.path" value="C:\Program Files\Java\jdk1.8.0_121\jre\lib\resources.jar;C:\Program Files\Java\jdk1.8.0_121\jre\lib\rt.jar;C:\Program Files\Java\jdk1.8.0_121\jre\lib\sunrsasign.jar;C:\Program Files\Java\jdk1.8.0_121\jre\lib\jsse.jar;C:\Program Files\Java\jdk1.8.0_121\jre\lib\jce.jar;C:\Program Files\Java\jdk1.8.0_121\jre\lib\charsets.jar;C:\Program Files\Java\jdk1.8.0_121\jre\lib\jfr.jar;C:\Program Files\Java\jdk1.8.0_121\jre\classes"/>
    <property name="user.script" value=""/>
    <property name="sun.management.compiler" value="HotSpot 64-Bit Tiered Compilers"/>
    <property name="java.runtime.version" value="1.8.0_121-b13"/>
    <property name="user.name" value="irgigt"/>
    <property name="path.separator" value=";"/>
    <property name="os.version" value="10.0"/>
    <property name="java.endorsed.dirs" value="C:\Program Files\Java\jdk1.8.0_121\jre\lib\endorsed"/>
    <property name="java.runtime.name" value="Java(TM) SE Runtime Environment"/>
    <property name="file.encoding" value="Cp1252"/>
    <property name="java.vm.name" value="Java HotSpot(TM) 64-Bit Server VM"/>
    <property name="localRepository" value="C:\Users\irgigt\.m2\repository"/>
    <property name="java.vendor.url.bug" value="http://bugreport.sun.com/bugreport/"/>
    <property name="java.io.tmpdir" value="C:\Users\irgigt\AppData\Local\Temp\"/>
    <property name="java.version" value="1.8.0_121"/>
    <property name="user.dir" value="D:\test selinum projects\KarateScripts"/>
    <property name="os.arch" value="amd64"/>
    <property name="java.vm.specification.name" value="Java Virtual Machine Specification"/>
    <property name="java.awt.printerjob" value="sun.awt.windows.WPrinterJob"/>
    <property name="sun.os.patch.level" value=""/>
    <property name="java.library.path" value="C:\Program Files\Java\jdk1.8.0_121\jre\bin;C:\WINDOWS\Sun\Java\bin;C:\WINDOWS\system32;C:\WINDOWS;C:\Python3_8\Scripts\;C:\Python3_8\;C:\ProgramData\Oracle\Java\javapath;C:\WINDOWS\system32;C:\WINDOWS;C:\WINDOWS\System32\Wbem;C:\WINDOWS\System32\WindowsPowerShell\v1.0\;C:\WINDOWS\System32\OpenSSH\;C:\Users\irgigt\AppData\Local\Programs\Python\Python38-32;C:\Program Files\Microsoft SQL Server\130\Tools\Binn\;C:\Program Files\TortoiseGit\bin;C:\Program Files\Git\cmd;C:\Program Files\TortoiseSVN\bin;C:\Program Files\nodejs\;C:\Program Files (x86)\Microsoft SQL Server\150\DTS\Binn\;C:\Program Files\Azure Data Studio\bin;C:\Users\irgigt\AppData\Local\Android\Sdk\tools\bin;C:\Users\irgigt\AppData\Local\Android\Sdk\tools;C:\Users\irgigt\AppData\Local\Android\Sdk\platform-tools;C:\Program Files\nodejs\node_modules\npm\bin;C:\Users\irgigt\apache-maven-3.8.1-bin\apache-maven-3.8.1\bin;C:\Program Files\MySQL\MySQL Shell 8.0\bin\;C:\Users\irgigt\AppData\Local\Microsoft\WindowsApps;C:\Users\irgigt\AppData\Local\Programs\Microsoft VS Code\bin;C:\Users\irgigt\AppData\Roaming\npm;C:\Program Files\Azure Data Studio\bin;;."/>
    <property name="java.vm.info" value="mixed mode"/>
    <property name="java.vendor" value="Oracle Corporation"/>
    <property name="java.vm.version" value="25.121-b13"/>
    <property name="java.ext.dirs" value="C:\Program Files\Java\jdk1.8.0_121\jre\lib\ext;C:\WINDOWS\Sun\Java\lib\ext"/>
    <property name="sun.io.unicode.encoding" value="UnicodeLittle"/>
    <property name="java.class.version" value="52.0"/>
  </properties>
  <testcase name="parallelRun" classname="Karate.KarateScripts.APIRunnerTest1" time="53.747">
    <system-out><![CDATA[This is before suite
D:\test selinum projects\KarateScripts\target\surefire-reports\new5
20:42:41.070 [main] INFO com.intuit.karate.Runner - waiting for parallel features to complete ...
20:42:41.275 [pool-2-thread-1] WARN com.intuit.karate - skipping bootstrap configuration: could not find or read file: classpath:karate-config.js
20:42:41.460 [pool-2-thread-1] DEBUG com.jayway.jsonpath.internal.path.CompiledPath - Evaluating path: $
20:42:41.504 [pool-2-thread-1] DEBUG com.jayway.jsonpath.internal.path.CompiledPath - Evaluating path: $
20:42:41.630 [pool-2-thread-1] DEBUG com.jayway.jsonpath.internal.path.CompiledPath - Evaluating path: $
20:42:43.465 [pool-2-thread-1] DEBUG com.jayway.jsonpath.internal.path.CompiledPath - Evaluating path: $
20:42:43.466 [pool-2-thread-1] DEBUG com.jayway.jsonpath.internal.path.CompiledPath - Evaluating path: $
20:42:43.472 [pool-2-thread-1] DEBUG com.jayway.jsonpath.internal.path.CompiledPath - Evaluating path: $['username']
20:42:43.472 [pool-2-thread-1] DEBUG com.jayway.jsonpath.internal.JsonContext - Set path $['username'] new value webservice.user.all.214@MISSING.COM
20:42:43.476 [pool-2-thread-1] DEBUG com.jayway.jsonpath.internal.path.CompiledPath - Evaluating path: $['password']
20:42:43.476 [pool-2-thread-1] DEBUG com.jayway.jsonpath.internal.JsonContext - Set path $['password'] new value gh62jAI>uLPuvlp
20:42:43.488 [pool-2-thread-1] DEBUG com.jayway.jsonpath.internal.path.CompiledPath - Evaluating path: $
20:42:43.560 [pool-2-thread-1] DEBUG com.jayway.jsonpath.internal.path.CompiledPath - Evaluating path: $
20:42:43.785 [pool-2-thread-1] DEBUG org.apache.http.client.protocol.RequestAddCookies - CookieSpec selected: karate
20:42:43.796 [pool-2-thread-1] DEBUG org.apache.http.client.protocol.RequestAuthCache - Auth cache not set in the context
20:42:43.798 [pool-2-thread-1] DEBUG com.intuit.karate - request:
1 > POST https://soap.tracking.thermoking.com/tk-webservices/Command
1 > Accept-Encoding: gzip,deflate
1 > Authorization: Basic d2Vic2VydmljZS51c2VyLmFsbC4yMTRATUlTU0lORy5DT006Z2g2MmpBST51TFB1dmxw
1 > Connection: Keep-Alive
1 > Content-Length: 655
1 > Content-Type: application/xml; charset=UTF-8
1 > Host: soap.tracking.thermoking.com
1 > SOAPAction: 
1 > User-Agent: Apache-HttpClient/4.5.11 (Java/1.8.0_121)
<soapenv:Envelope xmlns:soapenv="http://schemas.xmlsoap.org/soap/envelope/" xmlns:ser="http://service.jbossws.webservices.celtrak.com/">
    <soapenv:Header/>
    <soapenv:Body>
        <ser:updateSetPoint>
            <!--1 or more repetitions:-->
            <customerVehicles>
                <customerid>4560BD5E-BD7B-42B0-8DCB-627EB8454C72</customerid>
                <!--1 or more repetitions:-->
                <vehicles>Bluebox India 2 PROD1</vehicles>
            </customerVehicles>
            <zoneId>1</zoneId>
            <setPointValue>-2</setPointValue>
        </ser:updateSetPoint>
    </soapenv:Body>
</soapenv:Envelope>

20:42:43.800 [pool-2-thread-1] DEBUG org.apache.http.impl.conn.PoolingHttpClientConnectionManager - Connection request: [route: {s}->https://soap.tracking.thermoking.com:443][total available: 0; route allocated: 0 of 5; total allocated: 0 of 10]
20:42:43.815 [pool-2-thread-1] DEBUG org.apache.http.impl.conn.PoolingHttpClientConnectionManager - Connection leased: [id: 0][route: {s}->https://soap.tracking.thermoking.com:443][total available: 0; route allocated: 1 of 5; total allocated: 1 of 10]
20:42:43.817 [pool-2-thread-1] DEBUG org.apache.http.impl.execchain.MainClientExec - Opening connection {s}->https://soap.tracking.thermoking.com:443
20:42:43.986 [pool-2-thread-1] DEBUG org.apache.http.impl.conn.DefaultHttpClientConnectionOperator - Connecting to soap.tracking.thermoking.com/3.212.162.73:443
20:42:43.986 [pool-2-thread-1] DEBUG org.apache.http.conn.ssl.LenientSslConnectionSocketFactory - Connecting socket to soap.tracking.thermoking.com/3.212.162.73:443 with timeout 30000
20:42:44.331 [pool-2-thread-1] DEBUG org.apache.http.conn.ssl.LenientSslConnectionSocketFactory - Enabled protocols: [TLSv1, TLSv1.1, TLSv1.2]
20:42:44.331 [pool-2-thread-1] DEBUG org.apache.http.conn.ssl.LenientSslConnectionSocketFactory - Enabled cipher suites:[TLS_ECDHE_ECDSA_WITH_AES_128_CBC_SHA256, TLS_ECDHE_RSA_WITH_AES_128_CBC_SHA256, TLS_RSA_WITH_AES_128_CBC_SHA256, TLS_ECDH_ECDSA_WITH_AES_128_CBC_SHA256, TLS_ECDH_RSA_WITH_AES_128_CBC_SHA256, TLS_DHE_RSA_WITH_AES_128_CBC_SHA256, TLS_DHE_DSS_WITH_AES_128_CBC_SHA256, TLS_ECDHE_ECDSA_WITH_AES_128_CBC_SHA, TLS_ECDHE_RSA_WITH_AES_128_CBC_SHA, TLS_RSA_WITH_AES_128_CBC_SHA, TLS_ECDH_ECDSA_WITH_AES_128_CBC_SHA, TLS_ECDH_RSA_WITH_AES_128_CBC_SHA, TLS_DHE_RSA_WITH_AES_128_CBC_SHA, TLS_DHE_DSS_WITH_AES_128_CBC_SHA, TLS_ECDHE_ECDSA_WITH_AES_128_GCM_SHA256, TLS_ECDHE_RSA_WITH_AES_128_GCM_SHA256, TLS_RSA_WITH_AES_128_GCM_SHA256, TLS_ECDH_ECDSA_WITH_AES_128_GCM_SHA256, TLS_ECDH_RSA_WITH_AES_128_GCM_SHA256, TLS_DHE_RSA_WITH_AES_128_GCM_SHA256, TLS_DHE_DSS_WITH_AES_128_GCM_SHA256, TLS_EMPTY_RENEGOTIATION_INFO_SCSV]
20:42:44.332 [pool-2-thread-1] DEBUG org.apache.http.conn.ssl.LenientSslConnectionSocketFactory - Starting handshake
20:42:45.160 [pool-2-thread-1] DEBUG org.apache.http.conn.ssl.LenientSslConnectionSocketFactory - Secure session established
20:42:45.160 [pool-2-thread-1] DEBUG org.apache.http.conn.ssl.LenientSslConnectionSocketFactory -  negotiated protocol: TLSv1.2
20:42:45.161 [pool-2-thread-1] DEBUG org.apache.http.conn.ssl.LenientSslConnectionSocketFactory -  negotiated cipher suite: TLS_ECDHE_RSA_WITH_AES_128_GCM_SHA256
20:42:45.161 [pool-2-thread-1] DEBUG org.apache.http.conn.ssl.LenientSslConnectionSocketFactory -  peer principal: CN=*.tracking.thermoking.com
20:42:45.162 [pool-2-thread-1] DEBUG org.apache.http.conn.ssl.LenientSslConnectionSocketFactory -  peer alternative names: [*.tracking.thermoking.com]
20:42:45.163 [pool-2-thread-1] DEBUG org.apache.http.conn.ssl.LenientSslConnectionSocketFactory -  issuer principal: CN=Amazon, OU=Server CA 1B, O=Amazon, C=US
20:42:45.165 [pool-2-thread-1] DEBUG org.apache.http.impl.conn.DefaultHttpClientConnectionOperator - Connection established 10.200.54.214:65019<->3.212.162.73:443
20:42:45.166 [pool-2-thread-1] DEBUG org.apache.http.impl.conn.DefaultManagedHttpClientConnection - http-outgoing-0: set socket timeout to 30000
20:42:45.166 [pool-2-thread-1] DEBUG org.apache.http.impl.execchain.MainClientExec - Executing request POST /tk-webservices/Command HTTP/1.1
20:42:45.167 [pool-2-thread-1] DEBUG org.apache.http.impl.execchain.MainClientExec - Proxy auth state: UNCHALLENGED
20:42:45.170 [pool-2-thread-1] DEBUG org.apache.http.headers - http-outgoing-0 >> POST /tk-webservices/Command HTTP/1.1
20:42:45.170 [pool-2-thread-1] DEBUG org.apache.http.headers - http-outgoing-0 >> Authorization: Basic d2Vic2VydmljZS51c2VyLmFsbC4yMTRATUlTU0lORy5DT006Z2g2MmpBST51TFB1dmxw
20:42:45.171 [pool-2-thread-1] DEBUG org.apache.http.headers - http-outgoing-0 >> SOAPAction: 
20:42:45.171 [pool-2-thread-1] DEBUG org.apache.http.headers - http-outgoing-0 >> Content-Type: application/xml; charset=UTF-8
20:42:45.171 [pool-2-thread-1] DEBUG org.apache.http.headers - http-outgoing-0 >> Content-Length: 655
20:42:45.171 [pool-2-thread-1] DEBUG org.apache.http.headers - http-outgoing-0 >> Host: soap.tracking.thermoking.com
20:42:45.172 [pool-2-thread-1] DEBUG org.apache.http.headers - http-outgoing-0 >> Connection: Keep-Alive
20:42:45.172 [pool-2-thread-1] DEBUG org.apache.http.headers - http-outgoing-0 >> User-Agent: Apache-HttpClient/4.5.11 (Java/1.8.0_121)
20:42:45.172 [pool-2-thread-1] DEBUG org.apache.http.headers - http-outgoing-0 >> Accept-Encoding: gzip,deflate
20:42:45.173 [pool-2-thread-1] DEBUG org.apache.http.wire - http-outgoing-0 >> "POST /tk-webservices/Command HTTP/1.1[\r][\n]"
20:42:45.173 [pool-2-thread-1] DEBUG org.apache.http.wire - http-outgoing-0 >> "Authorization: Basic d2Vic2VydmljZS51c2VyLmFsbC4yMTRATUlTU0lORy5DT006Z2g2MmpBST51TFB1dmxw[\r][\n]"
20:42:45.173 [pool-2-thread-1] DEBUG org.apache.http.wire - http-outgoing-0 >> "SOAPAction: [\r][\n]"
20:42:45.174 [pool-2-thread-1] DEBUG org.apache.http.wire - http-outgoing-0 >> "Content-Type: application/xml; charset=UTF-8[\r][\n]"
20:42:45.174 [pool-2-thread-1] DEBUG org.apache.http.wire - http-outgoing-0 >> "Content-Length: 655[\r][\n]"
20:42:45.174 [pool-2-thread-1] DEBUG org.apache.http.wire - http-outgoing-0 >> "Host: soap.tracking.thermoking.com[\r][\n]"
20:42:45.174 [pool-2-thread-1] DEBUG org.apache.http.wire - http-outgoing-0 >> "Connection: Keep-Alive[\r][\n]"
20:42:45.175 [pool-2-thread-1] DEBUG org.apache.http.wire - http-outgoing-0 >> "User-Agent: Apache-HttpClient/4.5.11 (Java/1.8.0_121)[\r][\n]"
20:42:45.175 [pool-2-thread-1] DEBUG org.apache.http.wire - http-outgoing-0 >> "Accept-Encoding: gzip,deflate[\r][\n]"
20:42:45.175 [pool-2-thread-1] DEBUG org.apache.http.wire - http-outgoing-0 >> "[\r][\n]"
20:42:45.175 [pool-2-thread-1] DEBUG org.apache.http.wire - http-outgoing-0 >> "<soapenv:Envelope xmlns:soapenv="http://schemas.xmlsoap.org/soap/envelope/" xmlns:ser="http://service.jbossws.webservices.celtrak.com/">[\r][\n]"
20:42:45.176 [pool-2-thread-1] DEBUG org.apache.http.wire - http-outgoing-0 >> "    <soapenv:Header/>[\r][\n]"
20:42:45.176 [pool-2-thread-1] DEBUG org.apache.http.wire - http-outgoing-0 >> "    <soapenv:Body>[\r][\n]"
20:42:45.176 [pool-2-thread-1] DEBUG org.apache.http.wire - http-outgoing-0 >> "        <ser:updateSetPoint>[\r][\n]"
20:42:45.176 [pool-2-thread-1] DEBUG org.apache.http.wire - http-outgoing-0 >> "            <!--1 or more repetitions:-->[\r][\n]"
20:42:45.176 [pool-2-thread-1] DEBUG org.apache.http.wire - http-outgoing-0 >> "            <customerVehicles>[\r][\n]"
20:42:45.177 [pool-2-thread-1] DEBUG org.apache.http.wire - http-outgoing-0 >> "                <customerid>4560BD5E-BD7B-42B0-8DCB-627EB8454C72</customerid>[\r][\n]"
20:42:45.177 [pool-2-thread-1] DEBUG org.apache.http.wire - http-outgoing-0 >> "                <!--1 or more repetitions:-->[\r][\n]"
20:42:45.177 [pool-2-thread-1] DEBUG org.apache.http.wire - http-outgoing-0 >> "                <vehicles>Bluebox India 2 PROD1</vehicles>[\r][\n]"
20:42:45.177 [pool-2-thread-1] DEBUG org.apache.http.wire - http-outgoing-0 >> "            </customerVehicles>[\r][\n]"
20:42:45.178 [pool-2-thread-1] DEBUG org.apache.http.wire - http-outgoing-0 >> "            <zoneId>1</zoneId>[\r][\n]"
20:42:45.178 [pool-2-thread-1] DEBUG org.apache.http.wire - http-outgoing-0 >> "            <setPointValue>-2</setPointValue>[\r][\n]"
20:42:45.178 [pool-2-thread-1] DEBUG org.apache.http.wire - http-outgoing-0 >> "        </ser:updateSetPoint>[\r][\n]"
20:42:45.178 [pool-2-thread-1] DEBUG org.apache.http.wire - http-outgoing-0 >> "    </soapenv:Body>[\r][\n]"
20:42:45.179 [pool-2-thread-1] DEBUG org.apache.http.wire - http-outgoing-0 >> "</soapenv:Envelope>"
20:42:45.645 [pool-2-thread-1] DEBUG org.apache.http.wire - http-outgoing-0 << "HTTP/1.1 200 OK[\r][\n]"
20:42:45.646 [pool-2-thread-1] DEBUG org.apache.http.wire - http-outgoing-0 << "Date: Thu, 07 Oct 2021 15:12:45 GMT[\r][\n]"
20:42:45.646 [pool-2-thread-1] DEBUG org.apache.http.wire - http-outgoing-0 << "Content-Type: text/xml;charset=UTF-8[\r][\n]"
20:42:45.656 [pool-2-thread-1] DEBUG org.apache.http.wire - http-outgoing-0 << "Content-Length: 492[\r][\n]"
20:42:45.656 [pool-2-thread-1] DEBUG org.apache.http.wire - http-outgoing-0 << "Connection: keep-alive[\r][\n]"
20:42:45.657 [pool-2-thread-1] DEBUG org.apache.http.wire - http-outgoing-0 << "Set-Cookie: AWSALBTG=k+2BZN2KI+XV5aEHVsnd2Z5VYxRGt+O+F3oYyFTyeAU0DrH0XW5u1T70oXQMFt4jvsYQF775gVI74hXOiNv/AErIvoLgzrF013TesvktAbMznnyRUfDQEyuJ7v1tEdxWZucWhbVSTQEUS1WXe3JyAEtCFfUbB3Ol0KqY6Uls8tgC; Expires=Thu, 14 Oct 2021 15:12:45 GMT; Path=/[\r][\n]"
20:42:45.658 [pool-2-thread-1] DEBUG org.apache.http.wire - http-outgoing-0 << "Set-Cookie: AWSALBTGCORS=k+2BZN2KI+XV5aEHVsnd2Z5VYxRGt+O+F3oYyFTyeAU0DrH0XW5u1T70oXQMFt4jvsYQF775gVI74hXOiNv/AErIvoLgzrF013TesvktAbMznnyRUfDQEyuJ7v1tEdxWZucWhbVSTQEUS1WXe3JyAEtCFfUbB3Ol0KqY6Uls8tgC; Expires=Thu, 14 Oct 2021 15:12:45 GMT; Path=/; SameSite=None; Secure[\r][\n]"
20:42:45.658 [pool-2-thread-1] DEBUG org.apache.http.wire - http-outgoing-0 << "Expires: 0[\r][\n]"
20:42:45.658 [pool-2-thread-1] DEBUG org.apache.http.wire - http-outgoing-0 << "Cache-Control: no-cache, no-store, must-revalidate[\r][\n]"
20:42:45.658 [pool-2-thread-1] DEBUG org.apache.http.wire - http-outgoing-0 << "X-Powered-By: Undertow/1[\r][\n]"
20:42:45.658 [pool-2-thread-1] DEBUG org.apache.http.wire - http-outgoing-0 << "Server: WildFly/10[\r][\n]"
20:42:45.658 [pool-2-thread-1] DEBUG org.apache.http.wire - http-outgoing-0 << "Pragma: no-cache[\r][\n]"
20:42:45.658 [pool-2-thread-1] DEBUG org.apache.http.wire - http-outgoing-0 << "[\r][\n]"
20:42:45.658 [pool-2-thread-1] DEBUG org.apache.http.wire - http-outgoing-0 << "<soap:Envelope xmlns:soap="http://schemas.xmlsoap.org/soap/envelope/"><SOAP-ENV:Header xmlns:SOAP-ENV="http://schemas.xmlsoap.org/soap/envelope/"/><soap:Body><ns2:updateSetPointResponse xmlns:ns2="http://service.jbossws.webservices.celtrak.com/"><requestReference><customerId>4560BD5E-BD7B-42B0-8DCB-627EB8454C72</customerId><requestIdentifier>q3526059</requestIdentifier><vehicleId>Bluebox India 2 PROD1</vehicleId></requestReference></ns2:updateSetPointResponse></soap:Body></soap:Envelope>"
20:42:45.667 [pool-2-thread-1] DEBUG org.apache.http.headers - http-outgoing-0 << HTTP/1.1 200 OK
20:42:45.667 [pool-2-thread-1] DEBUG org.apache.http.headers - http-outgoing-0 << Date: Thu, 07 Oct 2021 15:12:45 GMT
20:42:45.668 [pool-2-thread-1] DEBUG org.apache.http.headers - http-outgoing-0 << Content-Type: text/xml;charset=UTF-8
20:42:45.668 [pool-2-thread-1] DEBUG org.apache.http.headers - http-outgoing-0 << Content-Length: 492
20:42:45.668 [pool-2-thread-1] DEBUG org.apache.http.headers - http-outgoing-0 << Connection: keep-alive
20:42:45.668 [pool-2-thread-1] DEBUG org.apache.http.headers - http-outgoing-0 << Set-Cookie: AWSALBTG=k+2BZN2KI+XV5aEHVsnd2Z5VYxRGt+O+F3oYyFTyeAU0DrH0XW5u1T70oXQMFt4jvsYQF775gVI74hXOiNv/AErIvoLgzrF013TesvktAbMznnyRUfDQEyuJ7v1tEdxWZucWhbVSTQEUS1WXe3JyAEtCFfUbB3Ol0KqY6Uls8tgC; Expires=Thu, 14 Oct 2021 15:12:45 GMT; Path=/
20:42:45.668 [pool-2-thread-1] DEBUG org.apache.http.headers - http-outgoing-0 << Set-Cookie: AWSALBTGCORS=k+2BZN2KI+XV5aEHVsnd2Z5VYxRGt+O+F3oYyFTyeAU0DrH0XW5u1T70oXQMFt4jvsYQF775gVI74hXOiNv/AErIvoLgzrF013TesvktAbMznnyRUfDQEyuJ7v1tEdxWZucWhbVSTQEUS1WXe3JyAEtCFfUbB3Ol0KqY6Uls8tgC; Expires=Thu, 14 Oct 2021 15:12:45 GMT; Path=/; SameSite=None; Secure
20:42:45.668 [pool-2-thread-1] DEBUG org.apache.http.headers - http-outgoing-0 << Expires: 0
20:42:45.669 [pool-2-thread-1] DEBUG org.apache.http.headers - http-outgoing-0 << Cache-Control: no-cache, no-store, must-revalidate
20:42:45.669 [pool-2-thread-1] DEBUG org.apache.http.headers - http-outgoing-0 << X-Powered-By: Undertow/1
20:42:45.669 [pool-2-thread-1] DEBUG org.apache.http.headers - http-outgoing-0 << Server: WildFly/10
20:42:45.669 [pool-2-thread-1] DEBUG org.apache.http.headers - http-outgoing-0 << Pragma: no-cache
20:42:45.676 [pool-2-thread-1] DEBUG org.apache.http.impl.execchain.MainClientExec - Connection can be kept alive indefinitely
20:42:45.706 [pool-2-thread-1] DEBUG org.apache.http.client.protocol.ResponseProcessCookies - Cookie accepted [AWSALBTG="k+2BZN2KI+XV5aEHVsnd2Z5VYxRGt+O+F3oYyFTyeAU0DrH0XW5u1T70oXQMFt4jvsYQF775gVI74hXOiNv/AErIvoLgzrF013Te...", version:0, domain:soap.tracking.thermoking.com, path:/, expiry:Thu Oct 14 20:42:45 IST 2021]
20:42:45.708 [pool-2-thread-1] DEBUG org.apache.http.client.protocol.ResponseProcessCookies - Cookie accepted [AWSALBTGCORS="k+2BZN2KI+XV5aEHVsnd2Z5VYxRGt+O+F3oYyFTyeAU0DrH0XW5u1T70oXQMFt4jvsYQF775gVI74hXOiNv/AErIvoLgzrF013Te...", version:0, domain:soap.tracking.thermoking.com, path:/, expiry:Thu Oct 14 20:42:45 IST 2021]
20:42:45.713 [pool-2-thread-1] DEBUG org.apache.http.impl.conn.PoolingHttpClientConnectionManager - Connection [id: 0][route: {s}->https://soap.tracking.thermoking.com:443] can be kept alive indefinitely
20:42:45.713 [pool-2-thread-1] DEBUG org.apache.http.impl.conn.DefaultManagedHttpClientConnection - http-outgoing-0: set socket timeout to 0
20:42:45.715 [pool-2-thread-1] DEBUG org.apache.http.impl.conn.PoolingHttpClientConnectionManager - Connection released: [id: 0][route: {s}->https://soap.tracking.thermoking.com:443][total available: 1; route allocated: 1 of 5; total allocated: 1 of 10]
20:42:45.715 [pool-2-thread-1] DEBUG com.intuit.karate - response time in milliseconds: 1911.02
1 < 200
1 < Cache-Control: no-cache, no-store, must-revalidate
1 < Connection: keep-alive
1 < Content-Length: 492
1 < Content-Type: text/xml;charset=UTF-8
1 < Date: Thu, 07 Oct 2021 15:12:45 GMT
1 < Expires: 0
1 < Pragma: no-cache
1 < Server: WildFly/10
1 < Set-Cookie: [AWSALBTG=k+2BZN2KI+XV5aEHVsnd2Z5VYxRGt+O+F3oYyFTyeAU0DrH0XW5u1T70oXQMFt4jvsYQF775gVI74hXOiNv/AErIvoLgzrF013TesvktAbMznnyRUfDQEyuJ7v1tEdxWZucWhbVSTQEUS1WXe3JyAEtCFfUbB3Ol0KqY6Uls8tgC; Expires=Thu, 14 Oct 2021 15:12:45 GMT; Path=/, AWSALBTGCORS=k+2BZN2KI+XV5aEHVsnd2Z5VYxRGt+O+F3oYyFTyeAU0DrH0XW5u1T70oXQMFt4jvsYQF775gVI74hXOiNv/AErIvoLgzrF013TesvktAbMznnyRUfDQEyuJ7v1tEdxWZucWhbVSTQEUS1WXe3JyAEtCFfUbB3Ol0KqY6Uls8tgC; Expires=Thu, 14 Oct 2021 15:12:45 GMT; Path=/; SameSite=None; Secure]
1 < X-Powered-By: Undertow/1
<soap:Envelope xmlns:soap="http://schemas.xmlsoap.org/soap/envelope/"><SOAP-ENV:Header xmlns:SOAP-ENV="http://schemas.xmlsoap.org/soap/envelope/"/><soap:Body><ns2:updateSetPointResponse xmlns:ns2="http://service.jbossws.webservices.celtrak.com/"><requestReference><customerId>4560BD5E-BD7B-42B0-8DCB-627EB8454C72</customerId><requestIdentifier>q3526059</requestIdentifier><vehicleId>Bluebox India 2 PROD1</vehicleId></requestReference></ns2:updateSetPointResponse></soap:Body></soap:Envelope>

20:42:45.724 [pool-2-thread-1] INFO com.intuit.karate - [print] <soap:Envelope xmlns:soap="http://schemas.xmlsoap.org/soap/envelope/">
  <SOAP-ENV:Header xmlns:SOAP-ENV="http://schemas.xmlsoap.org/soap/envelope/"/>
  <soap:Body>
    <ns2:updateSetPointResponse xmlns:ns2="http://service.jbossws.webservices.celtrak.com/">
      <requestReference>
        <customerId>4560BD5E-BD7B-42B0-8DCB-627EB8454C72</customerId>
        <requestIdentifier>q3526059</requestIdentifier>
        <vehicleId>Bluebox India 2 PROD1</vehicleId>
      </requestReference>
    </ns2:updateSetPointResponse>
  </soap:Body>
</soap:Envelope>

20:42:45.840 [pool-2-thread-1] INFO com.intuit.karate - [print] q3526059
20:42:45.840 [pool-2-thread-1] DEBUG com.jayway.jsonpath.internal.path.CompiledPath - Evaluating path: $
20:42:45.844 [pool-2-thread-1] DEBUG com.jayway.jsonpath.internal.path.CompiledPath - Evaluating path: $['requestIdentifier']
20:42:45.844 [pool-2-thread-1] DEBUG com.jayway.jsonpath.internal.JsonContext - Set path $['requestIdentifier'] new value q3526059
20:42:45.855 [pool-2-thread-1] DEBUG com.jayway.jsonpath.internal.path.CompiledPath - Evaluating path: $
20:42:45.861 [pool-2-thread-1] INFO com.intuit.karate - scenario called at line: 31 by tag: @requestStatus
20:42:45.870 [pool-2-thread-1] DEBUG com.jayway.jsonpath.internal.path.CompiledPath - Evaluating path: $
20:42:45.875 [pool-2-thread-1] DEBUG com.jayway.jsonpath.internal.path.CompiledPath - Evaluating path: $
20:42:45.880 [pool-2-thread-1] DEBUG com.jayway.jsonpath.internal.path.CompiledPath - Evaluating path: $
20:42:45.888 [pool-2-thread-1] DEBUG com.jayway.jsonpath.internal.path.CompiledPath - Evaluating path: $
20:42:45.888 [pool-2-thread-1] DEBUG com.jayway.jsonpath.internal.path.CompiledPath - Evaluating path: $
20:42:45.889 [pool-2-thread-1] DEBUG com.jayway.jsonpath.internal.path.CompiledPath - Evaluating path: $['username']
20:42:45.889 [pool-2-thread-1] DEBUG com.jayway.jsonpath.internal.JsonContext - Set path $['username'] new value webservice.user.all.214@MISSING.COM
20:42:45.890 [pool-2-thread-1] DEBUG com.jayway.jsonpath.internal.path.CompiledPath - Evaluating path: $['password']
20:42:45.890 [pool-2-thread-1] DEBUG com.jayway.jsonpath.internal.JsonContext - Set path $['password'] new value gh62jAI>uLPuvlp
20:42:45.891 [pool-2-thread-1] DEBUG com.jayway.jsonpath.internal.path.CompiledPath - Evaluating path: $
20:43:17.917 [pool-2-thread-1] DEBUG com.jayway.jsonpath.internal.path.CompiledPath - Evaluating path: $
20:43:17.919 [pool-2-thread-1] DEBUG com.jayway.jsonpath.internal.path.CompiledPath - Evaluating path: $['requestIdentifier']
20:43:17.919 [pool-2-thread-1] DEBUG com.jayway.jsonpath.internal.JsonContext - Set path $['requestIdentifier'] new value q3526059
20:43:17.927 [pool-2-thread-1] DEBUG com.jayway.jsonpath.internal.path.CompiledPath - Evaluating path: $
20:43:17.936 [pool-2-thread-1] DEBUG org.apache.http.client.protocol.RequestAddCookies - CookieSpec selected: karate
20:43:17.936 [pool-2-thread-1] DEBUG org.apache.http.client.protocol.RequestAuthCache - Auth cache not set in the context
20:43:17.936 [pool-2-thread-1] DEBUG com.intuit.karate - request:
1 > POST https://soap.tracking.thermoking.com/tk-webservices/Command
1 > Accept-Encoding: gzip,deflate
1 > Authorization: Basic d2Vic2VydmljZS51c2VyLmFsbC4yMTRATUlTU0lORy5DT006Z2g2MmpBST51TFB1dmxw
1 > Connection: Keep-Alive
1 > Content-Length: 640
1 > Content-Type: application/xml; charset=UTF-8
1 > Host: soap.tracking.thermoking.com
1 > SOAPAction: 
1 > User-Agent: Apache-HttpClient/4.5.11 (Java/1.8.0_121)
<soapenv:Envelope xmlns:soapenv="http://schemas.xmlsoap.org/soap/envelope/" xmlns:ser="http://service.jbossws.webservices.celtrak.com/">
    <soapenv:Header/>
    <soapenv:Body>
        <ser:getRequestStatus>
            <!--1 or more repetitions:-->
            <RequestStatuses>
                <customerId>4560BD5E-BD7B-42B0-8DCB-627EB8454C72</customerId>
                <requestReference>q3526059</requestReference>
                <vehicleId>Bluebox India 2 PROD1</vehicleId>
            </RequestStatuses>
            <operatorName>?</operatorName>
        </ser:getRequestStatus>
    </soapenv:Body>
</soapenv:Envelope>

20:43:17.937 [pool-2-thread-1] DEBUG org.apache.http.impl.conn.PoolingHttpClientConnectionManager - Connection request: [route: {s}->https://soap.tracking.thermoking.com:443][total available: 0; route allocated: 0 of 5; total allocated: 0 of 10]
20:43:17.937 [pool-2-thread-1] DEBUG org.apache.http.impl.conn.PoolingHttpClientConnectionManager - Connection leased: [id: 1][route: {s}->https://soap.tracking.thermoking.com:443][total available: 0; route allocated: 1 of 5; total allocated: 1 of 10]
20:43:17.938 [pool-2-thread-1] DEBUG org.apache.http.impl.execchain.MainClientExec - Opening connection {s}->https://soap.tracking.thermoking.com:443
20:43:17.955 [pool-2-thread-1] DEBUG org.apache.http.impl.conn.DefaultHttpClientConnectionOperator - Connecting to soap.tracking.thermoking.com/3.94.35.196:443
20:43:17.956 [pool-2-thread-1] DEBUG org.apache.http.conn.ssl.LenientSslConnectionSocketFactory - Connecting socket to soap.tracking.thermoking.com/3.94.35.196:443 with timeout 30000
20:43:18.230 [pool-2-thread-1] DEBUG org.apache.http.conn.ssl.LenientSslConnectionSocketFactory - Enabled protocols: [TLSv1, TLSv1.1, TLSv1.2]
20:43:18.231 [pool-2-thread-1] DEBUG org.apache.http.conn.ssl.LenientSslConnectionSocketFactory - Enabled cipher suites:[TLS_ECDHE_ECDSA_WITH_AES_128_CBC_SHA256, TLS_ECDHE_RSA_WITH_AES_128_CBC_SHA256, TLS_RSA_WITH_AES_128_CBC_SHA256, TLS_ECDH_ECDSA_WITH_AES_128_CBC_SHA256, TLS_ECDH_RSA_WITH_AES_128_CBC_SHA256, TLS_DHE_RSA_WITH_AES_128_CBC_SHA256, TLS_DHE_DSS_WITH_AES_128_CBC_SHA256, TLS_ECDHE_ECDSA_WITH_AES_128_CBC_SHA, TLS_ECDHE_RSA_WITH_AES_128_CBC_SHA, TLS_RSA_WITH_AES_128_CBC_SHA, TLS_ECDH_ECDSA_WITH_AES_128_CBC_SHA, TLS_ECDH_RSA_WITH_AES_128_CBC_SHA, TLS_DHE_RSA_WITH_AES_128_CBC_SHA, TLS_DHE_DSS_WITH_AES_128_CBC_SHA, TLS_ECDHE_ECDSA_WITH_AES_128_GCM_SHA256, TLS_ECDHE_RSA_WITH_AES_128_GCM_SHA256, TLS_RSA_WITH_AES_128_GCM_SHA256, TLS_ECDH_ECDSA_WITH_AES_128_GCM_SHA256, TLS_ECDH_RSA_WITH_AES_128_GCM_SHA256, TLS_DHE_RSA_WITH_AES_128_GCM_SHA256, TLS_DHE_DSS_WITH_AES_128_GCM_SHA256, TLS_EMPTY_RENEGOTIATION_INFO_SCSV]
20:43:18.231 [pool-2-thread-1] DEBUG org.apache.http.conn.ssl.LenientSslConnectionSocketFactory - Starting handshake
20:43:18.840 [pool-2-thread-1] DEBUG org.apache.http.conn.ssl.LenientSslConnectionSocketFactory - Secure session established
20:43:18.840 [pool-2-thread-1] DEBUG org.apache.http.conn.ssl.LenientSslConnectionSocketFactory -  negotiated protocol: TLSv1.2
20:43:18.841 [pool-2-thread-1] DEBUG org.apache.http.conn.ssl.LenientSslConnectionSocketFactory -  negotiated cipher suite: TLS_ECDHE_RSA_WITH_AES_128_GCM_SHA256
20:43:18.841 [pool-2-thread-1] DEBUG org.apache.http.conn.ssl.LenientSslConnectionSocketFactory -  peer principal: CN=*.tracking.thermoking.com
20:43:18.841 [pool-2-thread-1] DEBUG org.apache.http.conn.ssl.LenientSslConnectionSocketFactory -  peer alternative names: [*.tracking.thermoking.com]
20:43:18.841 [pool-2-thread-1] DEBUG org.apache.http.conn.ssl.LenientSslConnectionSocketFactory -  issuer principal: CN=Amazon, OU=Server CA 1B, O=Amazon, C=US
20:43:18.841 [pool-2-thread-1] DEBUG org.apache.http.impl.conn.DefaultHttpClientConnectionOperator - Connection established 10.200.54.214:62612<->3.94.35.196:443
20:43:18.842 [pool-2-thread-1] DEBUG org.apache.http.impl.conn.DefaultManagedHttpClientConnection - http-outgoing-1: set socket timeout to 30000
20:43:18.842 [pool-2-thread-1] DEBUG org.apache.http.impl.execchain.MainClientExec - Executing request POST /tk-webservices/Command HTTP/1.1
20:43:18.842 [pool-2-thread-1] DEBUG org.apache.http.impl.execchain.MainClientExec - Proxy auth state: UNCHALLENGED
20:43:18.842 [pool-2-thread-1] DEBUG org.apache.http.headers - http-outgoing-1 >> POST /tk-webservices/Command HTTP/1.1
20:43:18.843 [pool-2-thread-1] DEBUG org.apache.http.headers - http-outgoing-1 >> Authorization: Basic d2Vic2VydmljZS51c2VyLmFsbC4yMTRATUlTU0lORy5DT006Z2g2MmpBST51TFB1dmxw
20:43:18.843 [pool-2-thread-1] DEBUG org.apache.http.headers - http-outgoing-1 >> SOAPAction: 
20:43:18.843 [pool-2-thread-1] DEBUG org.apache.http.headers - http-outgoing-1 >> Content-Type: application/xml; charset=UTF-8
20:43:18.843 [pool-2-thread-1] DEBUG org.apache.http.headers - http-outgoing-1 >> Content-Length: 640
20:43:18.843 [pool-2-thread-1] DEBUG org.apache.http.headers - http-outgoing-1 >> Host: soap.tracking.thermoking.com
20:43:18.843 [pool-2-thread-1] DEBUG org.apache.http.headers - http-outgoing-1 >> Connection: Keep-Alive
20:43:18.843 [pool-2-thread-1] DEBUG org.apache.http.headers - http-outgoing-1 >> User-Agent: Apache-HttpClient/4.5.11 (Java/1.8.0_121)
20:43:18.844 [pool-2-thread-1] DEBUG org.apache.http.headers - http-outgoing-1 >> Accept-Encoding: gzip,deflate
20:43:18.844 [pool-2-thread-1] DEBUG org.apache.http.wire - http-outgoing-1 >> "POST /tk-webservices/Command HTTP/1.1[\r][\n]"
20:43:18.844 [pool-2-thread-1] DEBUG org.apache.http.wire - http-outgoing-1 >> "Authorization: Basic d2Vic2VydmljZS51c2VyLmFsbC4yMTRATUlTU0lORy5DT006Z2g2MmpBST51TFB1dmxw[\r][\n]"
20:43:18.844 [pool-2-thread-1] DEBUG org.apache.http.wire - http-outgoing-1 >> "SOAPAction: [\r][\n]"
20:43:18.845 [pool-2-thread-1] DEBUG org.apache.http.wire - http-outgoing-1 >> "Content-Type: application/xml; charset=UTF-8[\r][\n]"
20:43:18.845 [pool-2-thread-1] DEBUG org.apache.http.wire - http-outgoing-1 >> "Content-Length: 640[\r][\n]"
20:43:18.845 [pool-2-thread-1] DEBUG org.apache.http.wire - http-outgoing-1 >> "Host: soap.tracking.thermoking.com[\r][\n]"
20:43:18.845 [pool-2-thread-1] DEBUG org.apache.http.wire - http-outgoing-1 >> "Connection: Keep-Alive[\r][\n]"
20:43:18.845 [pool-2-thread-1] DEBUG org.apache.http.wire - http-outgoing-1 >> "User-Agent: Apache-HttpClient/4.5.11 (Java/1.8.0_121)[\r][\n]"
20:43:18.845 [pool-2-thread-1] DEBUG org.apache.http.wire - http-outgoing-1 >> "Accept-Encoding: gzip,deflate[\r][\n]"
20:43:18.845 [pool-2-thread-1] DEBUG org.apache.http.wire - http-outgoing-1 >> "[\r][\n]"
20:43:18.846 [pool-2-thread-1] DEBUG org.apache.http.wire - http-outgoing-1 >> "<soapenv:Envelope xmlns:soapenv="http://schemas.xmlsoap.org/soap/envelope/" xmlns:ser="http://service.jbossws.webservices.celtrak.com/">[\r][\n]"
20:43:18.846 [pool-2-thread-1] DEBUG org.apache.http.wire - http-outgoing-1 >> "    <soapenv:Header/>[\r][\n]"
20:43:18.846 [pool-2-thread-1] DEBUG org.apache.http.wire - http-outgoing-1 >> "    <soapenv:Body>[\r][\n]"
20:43:18.846 [pool-2-thread-1] DEBUG org.apache.http.wire - http-outgoing-1 >> "        <ser:getRequestStatus>[\r][\n]"
20:43:18.846 [pool-2-thread-1] DEBUG org.apache.http.wire - http-outgoing-1 >> "            <!--1 or more repetitions:-->[\r][\n]"
20:43:18.846 [pool-2-thread-1] DEBUG org.apache.http.wire - http-outgoing-1 >> "            <RequestStatuses>[\r][\n]"
20:43:18.846 [pool-2-thread-1] DEBUG org.apache.http.wire - http-outgoing-1 >> "                <customerId>4560BD5E-BD7B-42B0-8DCB-627EB8454C72</customerId>[\r][\n]"
20:43:18.847 [pool-2-thread-1] DEBUG org.apache.http.wire - http-outgoing-1 >> "                <requestReference>q3526059</requestReference>[\r][\n]"
20:43:18.847 [pool-2-thread-1] DEBUG org.apache.http.wire - http-outgoing-1 >> "                <vehicleId>Bluebox India 2 PROD1</vehicleId>[\r][\n]"
20:43:18.847 [pool-2-thread-1] DEBUG org.apache.http.wire - http-outgoing-1 >> "            </RequestStatuses>[\r][\n]"
20:43:18.847 [pool-2-thread-1] DEBUG org.apache.http.wire - http-outgoing-1 >> "            <operatorName>?</operatorName>[\r][\n]"
20:43:18.847 [pool-2-thread-1] DEBUG org.apache.http.wire - http-outgoing-1 >> "        </ser:getRequestStatus>[\r][\n]"
20:43:18.847 [pool-2-thread-1] DEBUG org.apache.http.wire - http-outgoing-1 >> "    </soapenv:Body>[\r][\n]"
20:43:18.847 [pool-2-thread-1] DEBUG org.apache.http.wire - http-outgoing-1 >> "</soapenv:Envelope>"
20:43:22.071 [pool-2-thread-1] DEBUG org.apache.http.wire - http-outgoing-1 << "HTTP/1.1 200 OK[\r][\n]"
20:43:22.071 [pool-2-thread-1] DEBUG org.apache.http.wire - http-outgoing-1 << "Date: Thu, 07 Oct 2021 15:13:21 GMT[\r][\n]"
20:43:22.071 [pool-2-thread-1] DEBUG org.apache.http.wire - http-outgoing-1 << "Content-Type: text/xml;charset=UTF-8[\r][\n]"
20:43:22.071 [pool-2-thread-1] DEBUG org.apache.http.wire - http-outgoing-1 << "Content-Length: 999[\r][\n]"
20:43:22.071 [pool-2-thread-1] DEBUG org.apache.http.wire - http-outgoing-1 << "Connection: keep-alive[\r][\n]"
20:43:22.072 [pool-2-thread-1] DEBUG org.apache.http.wire - http-outgoing-1 << "Set-Cookie: AWSALBTG=r9O9an5rLptVxwmtB959uwJY6Cv0DQcUB+MHElv1I4GBbcHhiwOoY5yHoEKnxxRJ5/9GkGKorR9/JhRUAcFmFkwP0auFApKPCc1dxTn51Tf2zXqAu7uJO4rSGhEGztqXouKoPd01ZgiGKiw73XRwFnHZOzPmKtSCoZrD8LeE1xrW; Expires=Thu, 14 Oct 2021 15:13:19 GMT; Path=/[\r][\n]"
20:43:22.072 [pool-2-thread-1] DEBUG org.apache.http.wire - http-outgoing-1 << "Set-Cookie: AWSALBTGCORS=r9O9an5rLptVxwmtB959uwJY6Cv0DQcUB+MHElv1I4GBbcHhiwOoY5yHoEKnxxRJ5/9GkGKorR9/JhRUAcFmFkwP0auFApKPCc1dxTn51Tf2zXqAu7uJO4rSGhEGztqXouKoPd01ZgiGKiw73XRwFnHZOzPmKtSCoZrD8LeE1xrW; Expires=Thu, 14 Oct 2021 15:13:19 GMT; Path=/; SameSite=None; Secure[\r][\n]"
20:43:22.072 [pool-2-thread-1] DEBUG org.apache.http.wire - http-outgoing-1 << "Expires: 0[\r][\n]"
20:43:22.072 [pool-2-thread-1] DEBUG org.apache.http.wire - http-outgoing-1 << "Cache-Control: no-cache, no-store, must-revalidate[\r][\n]"
20:43:22.072 [pool-2-thread-1] DEBUG org.apache.http.wire - http-outgoing-1 << "X-Powered-By: Undertow/1[\r][\n]"
20:43:22.072 [pool-2-thread-1] DEBUG org.apache.http.wire - http-outgoing-1 << "Server: WildFly/10[\r][\n]"
20:43:22.073 [pool-2-thread-1] DEBUG org.apache.http.wire - http-outgoing-1 << "Pragma: no-cache[\r][\n]"
20:43:22.073 [pool-2-thread-1] DEBUG org.apache.http.wire - http-outgoing-1 << "[\r][\n]"
20:43:22.073 [pool-2-thread-1] DEBUG org.apache.http.wire - http-outgoing-1 << "<soap:Envelope xmlns:soap="http://schemas.xmlsoap.org/soap/envelope/"><SOAP-ENV:Header xmlns:SOAP-ENV="http://schemas.xmlsoap.org/soap/envelope/"/><soap:Body><ns2:getRequestStatusResponse xmlns:ns2="http://service.jbossws.webservices.celtrak.com/"><RequestStatus xmlns:xsi="http://www.w3.org/2001/XMLSchema-instance" xsi:type="ns2:mqRequestStatus"><commandValue>-2.0</commandValue><communicationType>SMS</communicationType><dateRequestSent>2021-10-07T15:12:45.450Z</dateRequestSent><errorType></errorType><externalCustomerId>4560BD5E-BD7B-42B0-8DCB-627EB8454C72</externalCustomerId><externalVehicleid>Bluebox India 2 PROD1</externalVehicleid><messageType>Two Way New Set Point Zone 1</messageType><requestMessageTypeId>7</requestMessageTypeId><requestStatusId>4</requestStatusId><sourceIndicator>0</sourceIndicator><statusType>Scheduled</statusType><unitStateType></unitStateType><vehicleRequestId>3612316</vehicleRequestId></RequestStatus></ns2:getRequestStatusResponse></soap:Body></soap:Envelope>"
20:43:22.074 [pool-2-thread-1] DEBUG org.apache.http.headers - http-outgoing-1 << HTTP/1.1 200 OK
20:43:22.074 [pool-2-thread-1] DEBUG org.apache.http.headers - http-outgoing-1 << Date: Thu, 07 Oct 2021 15:13:21 GMT
20:43:22.074 [pool-2-thread-1] DEBUG org.apache.http.headers - http-outgoing-1 << Content-Type: text/xml;charset=UTF-8
20:43:22.074 [pool-2-thread-1] DEBUG org.apache.http.headers - http-outgoing-1 << Content-Length: 999
20:43:22.074 [pool-2-thread-1] DEBUG org.apache.http.headers - http-outgoing-1 << Connection: keep-alive
20:43:22.075 [pool-2-thread-1] DEBUG org.apache.http.headers - http-outgoing-1 << Set-Cookie: AWSALBTG=r9O9an5rLptVxwmtB959uwJY6Cv0DQcUB+MHElv1I4GBbcHhiwOoY5yHoEKnxxRJ5/9GkGKorR9/JhRUAcFmFkwP0auFApKPCc1dxTn51Tf2zXqAu7uJO4rSGhEGztqXouKoPd01ZgiGKiw73XRwFnHZOzPmKtSCoZrD8LeE1xrW; Expires=Thu, 14 Oct 2021 15:13:19 GMT; Path=/
20:43:22.075 [pool-2-thread-1] DEBUG org.apache.http.headers - http-outgoing-1 << Set-Cookie: AWSALBTGCORS=r9O9an5rLptVxwmtB959uwJY6Cv0DQcUB+MHElv1I4GBbcHhiwOoY5yHoEKnxxRJ5/9GkGKorR9/JhRUAcFmFkwP0auFApKPCc1dxTn51Tf2zXqAu7uJO4rSGhEGztqXouKoPd01ZgiGKiw73XRwFnHZOzPmKtSCoZrD8LeE1xrW; Expires=Thu, 14 Oct 2021 15:13:19 GMT; Path=/; SameSite=None; Secure
20:43:22.075 [pool-2-thread-1] DEBUG org.apache.http.headers - http-outgoing-1 << Expires: 0
20:43:22.075 [pool-2-thread-1] DEBUG org.apache.http.headers - http-outgoing-1 << Cache-Control: no-cache, no-store, must-revalidate
20:43:22.075 [pool-2-thread-1] DEBUG org.apache.http.headers - http-outgoing-1 << X-Powered-By: Undertow/1
20:43:22.075 [pool-2-thread-1] DEBUG org.apache.http.headers - http-outgoing-1 << Server: WildFly/10
20:43:22.075 [pool-2-thread-1] DEBUG org.apache.http.headers - http-outgoing-1 << Pragma: no-cache
20:43:22.076 [pool-2-thread-1] DEBUG org.apache.http.impl.execchain.MainClientExec - Connection can be kept alive indefinitely
20:43:22.078 [pool-2-thread-1] DEBUG org.apache.http.client.protocol.ResponseProcessCookies - Cookie accepted [AWSALBTG="r9O9an5rLptVxwmtB959uwJY6Cv0DQcUB+MHElv1I4GBbcHhiwOoY5yHoEKnxxRJ5/9GkGKorR9/JhRUAcFmFkwP0auFApKPCc1d...", version:0, domain:soap.tracking.thermoking.com, path:/, expiry:Thu Oct 14 20:43:19 IST 2021]
20:43:22.079 [pool-2-thread-1] DEBUG org.apache.http.client.protocol.ResponseProcessCookies - Cookie accepted [AWSALBTGCORS="r9O9an5rLptVxwmtB959uwJY6Cv0DQcUB+MHElv1I4GBbcHhiwOoY5yHoEKnxxRJ5/9GkGKorR9/JhRUAcFmFkwP0auFApKPCc1d...", version:0, domain:soap.tracking.thermoking.com, path:/, expiry:Thu Oct 14 20:43:19 IST 2021]
20:43:22.080 [pool-2-thread-1] DEBUG org.apache.http.impl.conn.PoolingHttpClientConnectionManager - Connection [id: 1][route: {s}->https://soap.tracking.thermoking.com:443] can be kept alive indefinitely
20:43:22.081 [pool-2-thread-1] DEBUG org.apache.http.impl.conn.DefaultManagedHttpClientConnection - http-outgoing-1: set socket timeout to 0
20:43:22.081 [pool-2-thread-1] DEBUG org.apache.http.impl.conn.PoolingHttpClientConnectionManager - Connection released: [id: 1][route: {s}->https://soap.tracking.thermoking.com:443][total available: 1; route allocated: 1 of 5; total allocated: 1 of 10]
20:43:22.081 [pool-2-thread-1] DEBUG com.intuit.karate - response time in milliseconds: 4142.35
1 < 200
1 < Cache-Control: no-cache, no-store, must-revalidate
1 < Connection: keep-alive
1 < Content-Length: 999
1 < Content-Type: text/xml;charset=UTF-8
1 < Date: Thu, 07 Oct 2021 15:13:21 GMT
1 < Expires: 0
1 < Pragma: no-cache
1 < Server: WildFly/10
1 < Set-Cookie: [AWSALBTG=r9O9an5rLptVxwmtB959uwJY6Cv0DQcUB+MHElv1I4GBbcHhiwOoY5yHoEKnxxRJ5/9GkGKorR9/JhRUAcFmFkwP0auFApKPCc1dxTn51Tf2zXqAu7uJO4rSGhEGztqXouKoPd01ZgiGKiw73XRwFnHZOzPmKtSCoZrD8LeE1xrW; Expires=Thu, 14 Oct 2021 15:13:19 GMT; Path=/, AWSALBTGCORS=r9O9an5rLptVxwmtB959uwJY6Cv0DQcUB+MHElv1I4GBbcHhiwOoY5yHoEKnxxRJ5/9GkGKorR9/JhRUAcFmFkwP0auFApKPCc1dxTn51Tf2zXqAu7uJO4rSGhEGztqXouKoPd01ZgiGKiw73XRwFnHZOzPmKtSCoZrD8LeE1xrW; Expires=Thu, 14 Oct 2021 15:13:19 GMT; Path=/; SameSite=None; Secure]
1 < X-Powered-By: Undertow/1
<soap:Envelope xmlns:soap="http://schemas.xmlsoap.org/soap/envelope/"><SOAP-ENV:Header xmlns:SOAP-ENV="http://schemas.xmlsoap.org/soap/envelope/"/><soap:Body><ns2:getRequestStatusResponse xmlns:ns2="http://service.jbossws.webservices.celtrak.com/"><RequestStatus xmlns:xsi="http://www.w3.org/2001/XMLSchema-instance" xsi:type="ns2:mqRequestStatus"><commandValue>-2.0</commandValue><communicationType>SMS</communicationType><dateRequestSent>2021-10-07T15:12:45.450Z</dateRequestSent><errorType></errorType><externalCustomerId>4560BD5E-BD7B-42B0-8DCB-627EB8454C72</externalCustomerId><externalVehicleid>Bluebox India 2 PROD1</externalVehicleid><messageType>Two Way New Set Point Zone 1</messageType><requestMessageTypeId>7</requestMessageTypeId><requestStatusId>4</requestStatusId><sourceIndicator>0</sourceIndicator><statusType>Scheduled</statusType><unitStateType></unitStateType><vehicleRequestId>3612316</vehicleRequestId></RequestStatus></ns2:getRequestStatusResponse></soap:Body></soap:Envelope>

20:43:22.089 [pool-2-thread-1] INFO com.intuit.karate - [print] <soap:Envelope xmlns:soap="http://schemas.xmlsoap.org/soap/envelope/">
  <SOAP-ENV:Header xmlns:SOAP-ENV="http://schemas.xmlsoap.org/soap/envelope/"/>
  <soap:Body>
    <ns2:getRequestStatusResponse xmlns:ns2="http://service.jbossws.webservices.celtrak.com/">
      <RequestStatus xmlns:xsi="http://www.w3.org/2001/XMLSchema-instance" xsi:type="ns2:mqRequestStatus">
        <commandValue>-2.0</commandValue>
        <communicationType>SMS</communicationType>
        <dateRequestSent>2021-10-07T15:12:45.450Z</dateRequestSent>
        <errorType/>
        <externalCustomerId>4560BD5E-BD7B-42B0-8DCB-627EB8454C72</externalCustomerId>
        <externalVehicleid>Bluebox India 2 PROD1</externalVehicleid>
        <messageType>Two Way New Set Point Zone 1</messageType>
        <requestMessageTypeId>7</requestMessageTypeId>
        <requestStatusId>4</requestStatusId>
        <sourceIndicator>0</sourceIndicator>
        <statusType>Scheduled</statusType>
        <unitStateType/>
        <vehicleRequestId>3612316</vehicleRequestId>
      </RequestStatus>
    </ns2:getRequestStatusResponse>
  </soap:Body>
</soap:Envelope>

20:43:22.104 [pool-2-thread-1] DEBUG com.jayway.jsonpath.internal.path.CompiledPath - Evaluating path: $
20:43:22.127 [pool-2-thread-1] INFO com.intuit.karate.Runner - <<pass>> feature 6 of 8: classpath:resources/Soap.feature
---------------------------------------------------------
feature: classpath:resources/Soap.feature
report: target\surefire-reports\resources.Soap.json
scenarios:  1 | passed:  1 | failed:  0 | time: 40.7988
---------------------------------------------------------
Karate version: 0.9.5
======================================================
elapsed:  42.05 | threads:    5 | thread time: 40.80 
features:     1 | ignored:    7 | efficiency: 0.19
scenarios:    1 | passed:     1 | failed: 0
======================================================

20:43:23.123 [Finalizer] DEBUG org.apache.http.impl.conn.PoolingHttpClientConnectionManager - Connection manager is shutting down
20:43:23.125 [Finalizer] DEBUG org.apache.http.impl.conn.DefaultManagedHttpClientConnection - http-outgoing-0: Close connection
20:43:23.127 [Finalizer] DEBUG org.apache.http.impl.conn.PoolingHttpClientConnectionManager - Connection manager shut down
20:43:23.129 [Finalizer] DEBUG org.apache.http.impl.conn.PoolingHttpClientConnectionManager - Connection manager is shutting down
20:43:23.129 [Finalizer] DEBUG org.apache.http.impl.conn.DefaultManagedHttpClientConnection - http-outgoing-1: Close connection
20:43:23.132 [Finalizer] DEBUG org.apache.http.impl.conn.PoolingHttpClientConnectionManager - Connection manager shut down
20:43:23.574 [main] DEBUG org.apache.velocity - CommonsLogLogChute name is 'org.apache.velocity'
20:43:23.575 [main] DEBUG org.apache.velocity - Initializing Velocity, Calling init()...
20:43:23.575 [main] DEBUG org.apache.velocity - Starting Apache Velocity v1.7 (compiled: 2010-11-19 12:14:37)
20:43:23.575 [main] DEBUG org.apache.velocity - Default Properties File: org\apache\velocity\runtime\defaults\velocity.properties
20:43:23.575 [main] DEBUG org.apache.velocity - Trying to use logger class org.apache.velocity.runtime.log.AvalonLogChute
20:43:23.575 [main] DEBUG org.apache.velocity - Target log system for org.apache.velocity.runtime.log.AvalonLogChute is not available (java.lang.NoClassDefFoundError: org/apache/log/format/Formatter).  Falling back to next log system...
20:43:23.575 [main] DEBUG org.apache.velocity - Trying to use logger class org.apache.velocity.runtime.log.Log4JLogChute
20:43:23.575 [main] DEBUG org.apache.velocity - Target log system for org.apache.velocity.runtime.log.Log4JLogChute is not available (java.lang.NoClassDefFoundError: org/apache/log4j/Layout).  Falling back to next log system...
20:43:23.575 [main] DEBUG org.apache.velocity - Trying to use logger class org.apache.velocity.runtime.log.CommonsLogLogChute
20:43:23.575 [main] DEBUG org.apache.velocity - Using logger class org.apache.velocity.runtime.log.CommonsLogLogChute
20:43:23.581 [main] DEBUG org.apache.velocity - ResourceLoader instantiated: org.apache.velocity.runtime.resource.loader.ClasspathResourceLoader
20:43:23.596 [main] DEBUG org.apache.velocity - ResourceCache: initialized (class org.apache.velocity.runtime.resource.ResourceCacheImpl) with class java.util.Collections$SynchronizedMap cache map.
20:43:23.597 [main] DEBUG org.apache.velocity - Loaded System Directive: org.apache.velocity.runtime.directive.Stop
20:43:23.599 [main] DEBUG org.apache.velocity - Loaded System Directive: org.apache.velocity.runtime.directive.Define
20:43:23.600 [main] DEBUG org.apache.velocity - Loaded System Directive: org.apache.velocity.runtime.directive.Break
20:43:23.602 [main] DEBUG org.apache.velocity - Loaded System Directive: org.apache.velocity.runtime.directive.Evaluate
20:43:23.603 [main] DEBUG org.apache.velocity - Loaded System Directive: org.apache.velocity.runtime.directive.Literal
20:43:23.604 [main] DEBUG org.apache.velocity - Loaded System Directive: org.apache.velocity.runtime.directive.Macro
20:43:23.606 [main] DEBUG org.apache.velocity - Loaded System Directive: org.apache.velocity.runtime.directive.Parse
20:43:23.607 [main] DEBUG org.apache.velocity - Loaded System Directive: org.apache.velocity.runtime.directive.Include
20:43:23.609 [main] DEBUG org.apache.velocity - Loaded System Directive: org.apache.velocity.runtime.directive.Foreach
20:43:23.739 [main] DEBUG org.apache.velocity - Created '20' parsers.
20:43:23.747 [main] DEBUG org.apache.velocity - Velocimacro : "velocimacro.library" is not set.  Trying default library: VM_global_library.vm
20:43:23.748 [main] DEBUG org.apache.velocity - Could not load resource 'VM_global_library.vm' from ResourceLoader org.apache.velocity.runtime.resource.loader.ClasspathResourceLoader: ClasspathResourceLoader Error: cannot find resource VM_global_library.vm
20:43:23.749 [main] DEBUG org.apache.velocity - Velocimacro : Default library not found.
20:43:23.749 [main] DEBUG org.apache.velocity - Velocimacro : allowInline = true : VMs can be defined inline in templates
20:43:23.749 [main] DEBUG org.apache.velocity - Velocimacro : allowInlineToOverride = false : VMs defined inline may NOT replace previous VM definitions
20:43:23.749 [main] DEBUG org.apache.velocity - Velocimacro : allowInlineLocal = false : VMs defined inline will be global in scope if allowed.
20:43:23.749 [main] DEBUG org.apache.velocity - Velocimacro : autoload off : VM system will not automatically reload global library macros
20:43:23.909 [main] DEBUG org.apache.velocity - CommonsLogLogChute name is 'org.apache.velocity'
20:43:23.909 [main] DEBUG org.apache.velocity - Initializing Velocity, Calling init()...
20:43:23.909 [main] DEBUG org.apache.velocity - Starting Apache Velocity v1.7 (compiled: 2010-11-19 12:14:37)
20:43:23.909 [main] DEBUG org.apache.velocity - Default Properties File: org\apache\velocity\runtime\defaults\velocity.properties
20:43:23.909 [main] DEBUG org.apache.velocity - Trying to use logger class org.apache.velocity.runtime.log.AvalonLogChute
20:43:23.909 [main] DEBUG org.apache.velocity - Target log system for org.apache.velocity.runtime.log.AvalonLogChute is not available (java.lang.NoClassDefFoundError: org/apache/log/format/Formatter).  Falling back to next log system...
20:43:23.909 [main] DEBUG org.apache.velocity - Trying to use logger class org.apache.velocity.runtime.log.Log4JLogChute
20:43:23.910 [main] DEBUG org.apache.velocity - Target log system for org.apache.velocity.runtime.log.Log4JLogChute is not available (java.lang.NoClassDefFoundError: org/apache/log4j/Layout).  Falling back to next log system...
20:43:23.910 [main] DEBUG org.apache.velocity - Trying to use logger class org.apache.velocity.runtime.log.CommonsLogLogChute
20:43:23.910 [main] DEBUG org.apache.velocity - Using logger class org.apache.velocity.runtime.log.CommonsLogLogChute
20:43:23.910 [main] DEBUG org.apache.velocity - ResourceLoader instantiated: org.apache.velocity.runtime.resource.loader.ClasspathResourceLoader
20:43:23.910 [main] DEBUG org.apache.velocity - ResourceCache: initialized (class org.apache.velocity.runtime.resource.ResourceCacheImpl) with class java.util.Collections$SynchronizedMap cache map.
20:43:23.911 [main] DEBUG org.apache.velocity - Loaded System Directive: org.apache.velocity.runtime.directive.Stop
20:43:23.911 [main] DEBUG org.apache.velocity - Loaded System Directive: org.apache.velocity.runtime.directive.Define
20:43:23.911 [main] DEBUG org.apache.velocity - Loaded System Directive: org.apache.velocity.runtime.directive.Break
20:43:23.911 [main] DEBUG org.apache.velocity - Loaded System Directive: org.apache.velocity.runtime.directive.Evaluate
20:43:23.911 [main] DEBUG org.apache.velocity - Loaded System Directive: org.apache.velocity.runtime.directive.Literal
20:43:23.911 [main] DEBUG org.apache.velocity - Loaded System Directive: org.apache.velocity.runtime.directive.Macro
20:43:23.912 [main] DEBUG org.apache.velocity - Loaded System Directive: org.apache.velocity.runtime.directive.Parse
20:43:23.912 [main] DEBUG org.apache.velocity - Loaded System Directive: org.apache.velocity.runtime.directive.Include
20:43:23.912 [main] DEBUG org.apache.velocity - Loaded System Directive: org.apache.velocity.runtime.directive.Foreach
20:43:23.913 [main] DEBUG org.apache.velocity - Created '20' parsers.
20:43:23.913 [main] DEBUG org.apache.velocity - Velocimacro : "velocimacro.library" is not set.  Trying default library: VM_global_library.vm
20:43:23.914 [main] DEBUG org.apache.velocity - Could not load resource 'VM_global_library.vm' from ResourceLoader org.apache.velocity.runtime.resource.loader.ClasspathResourceLoader: ClasspathResourceLoader Error: cannot find resource VM_global_library.vm
20:43:23.914 [main] DEBUG org.apache.velocity - Velocimacro : Default library not found.
20:43:23.914 [main] DEBUG org.apache.velocity - Velocimacro : allowInline = true : VMs can be defined inline in templates
20:43:23.915 [main] DEBUG org.apache.velocity - Velocimacro : allowInlineToOverride = false : VMs defined inline may NOT replace previous VM definitions
20:43:23.915 [main] DEBUG org.apache.velocity - Velocimacro : allowInlineLocal = false : VMs defined inline will be global in scope if allowed.
20:43:23.915 [main] DEBUG org.apache.velocity - Velocimacro : autoload off : VM system will not automatically reload global library macros
20:43:23.922 [main] DEBUG org.apache.velocity - CommonsLogLogChute name is 'org.apache.velocity'
20:43:23.922 [main] DEBUG org.apache.velocity - Initializing Velocity, Calling init()...
20:43:23.922 [main] DEBUG org.apache.velocity - Starting Apache Velocity v1.7 (compiled: 2010-11-19 12:14:37)
20:43:23.922 [main] DEBUG org.apache.velocity - Default Properties File: org\apache\velocity\runtime\defaults\velocity.properties
20:43:23.922 [main] DEBUG org.apache.velocity - Trying to use logger class org.apache.velocity.runtime.log.AvalonLogChute
20:43:23.923 [main] DEBUG org.apache.velocity - Target log system for org.apache.velocity.runtime.log.AvalonLogChute is not available (java.lang.NoClassDefFoundError: org/apache/log/format/Formatter).  Falling back to next log system...
20:43:23.923 [main] DEBUG org.apache.velocity - Trying to use logger class org.apache.velocity.runtime.log.Log4JLogChute
20:43:23.923 [main] DEBUG org.apache.velocity - Target log system for org.apache.velocity.runtime.log.Log4JLogChute is not available (java.lang.NoClassDefFoundError: org/apache/log4j/Layout).  Falling back to next log system...
20:43:23.923 [main] DEBUG org.apache.velocity - Trying to use logger class org.apache.velocity.runtime.log.CommonsLogLogChute
20:43:23.923 [main] DEBUG org.apache.velocity - Using logger class org.apache.velocity.runtime.log.CommonsLogLogChute
20:43:23.923 [main] DEBUG org.apache.velocity - ResourceLoader instantiated: org.apache.velocity.runtime.resource.loader.ClasspathResourceLoader
20:43:23.923 [main] DEBUG org.apache.velocity - ResourceCache: initialized (class org.apache.velocity.runtime.resource.ResourceCacheImpl) with class java.util.Collections$SynchronizedMap cache map.
20:43:23.924 [main] DEBUG org.apache.velocity - Loaded System Directive: org.apache.velocity.runtime.directive.Stop
20:43:23.924 [main] DEBUG org.apache.velocity - Loaded System Directive: org.apache.velocity.runtime.directive.Define
20:43:23.924 [main] DEBUG org.apache.velocity - Loaded System Directive: org.apache.velocity.runtime.directive.Break
20:43:23.924 [main] DEBUG org.apache.velocity - Loaded System Directive: org.apache.velocity.runtime.directive.Evaluate
20:43:23.924 [main] DEBUG org.apache.velocity - Loaded System Directive: org.apache.velocity.runtime.directive.Literal
20:43:23.924 [main] DEBUG org.apache.velocity - Loaded System Directive: org.apache.velocity.runtime.directive.Macro
20:43:23.924 [main] DEBUG org.apache.velocity - Loaded System Directive: org.apache.velocity.runtime.directive.Parse
20:43:23.924 [main] DEBUG org.apache.velocity - Loaded System Directive: org.apache.velocity.runtime.directive.Include
20:43:23.924 [main] DEBUG org.apache.velocity - Loaded System Directive: org.apache.velocity.runtime.directive.Foreach
20:43:23.926 [main] DEBUG org.apache.velocity - Created '20' parsers.
20:43:23.926 [main] DEBUG org.apache.velocity - Velocimacro : "velocimacro.library" is not set.  Trying default library: VM_global_library.vm
20:43:23.926 [main] DEBUG org.apache.velocity - Could not load resource 'VM_global_library.vm' from ResourceLoader org.apache.velocity.runtime.resource.loader.ClasspathResourceLoader: ClasspathResourceLoader Error: cannot find resource VM_global_library.vm
20:43:23.927 [main] DEBUG org.apache.velocity - Velocimacro : Default library not found.
20:43:23.927 [main] DEBUG org.apache.velocity - Velocimacro : allowInline = true : VMs can be defined inline in templates
20:43:23.927 [main] DEBUG org.apache.velocity - Velocimacro : allowInlineToOverride = false : VMs defined inline may NOT replace previous VM definitions
20:43:23.927 [main] DEBUG org.apache.velocity - Velocimacro : allowInlineLocal = false : VMs defined inline will be global in scope if allowed.
20:43:23.927 [main] DEBUG org.apache.velocity - Velocimacro : autoload off : VM system will not automatically reload global library macros
20:43:23.932 [main] DEBUG org.apache.velocity - CommonsLogLogChute name is 'org.apache.velocity'
20:43:23.932 [main] DEBUG org.apache.velocity - Initializing Velocity, Calling init()...
20:43:23.932 [main] DEBUG org.apache.velocity - Starting Apache Velocity v1.7 (compiled: 2010-11-19 12:14:37)
20:43:23.932 [main] DEBUG org.apache.velocity - Default Properties File: org\apache\velocity\runtime\defaults\velocity.properties
20:43:23.932 [main] DEBUG org.apache.velocity - Trying to use logger class org.apache.velocity.runtime.log.AvalonLogChute
20:43:23.932 [main] DEBUG org.apache.velocity - Target log system for org.apache.velocity.runtime.log.AvalonLogChute is not available (java.lang.NoClassDefFoundError: org/apache/log/format/Formatter).  Falling back to next log system...
20:43:23.932 [main] DEBUG org.apache.velocity - Trying to use logger class org.apache.velocity.runtime.log.Log4JLogChute
20:43:23.932 [main] DEBUG org.apache.velocity - Target log system for org.apache.velocity.runtime.log.Log4JLogChute is not available (java.lang.NoClassDefFoundError: org/apache/log4j/Layout).  Falling back to next log system...
20:43:23.933 [main] DEBUG org.apache.velocity - Trying to use logger class org.apache.velocity.runtime.log.CommonsLogLogChute
20:43:23.933 [main] DEBUG org.apache.velocity - Using logger class org.apache.velocity.runtime.log.CommonsLogLogChute
20:43:23.933 [main] DEBUG org.apache.velocity - ResourceLoader instantiated: org.apache.velocity.runtime.resource.loader.ClasspathResourceLoader
20:43:23.933 [main] DEBUG org.apache.velocity - ResourceCache: initialized (class org.apache.velocity.runtime.resource.ResourceCacheImpl) with class java.util.Collections$SynchronizedMap cache map.
20:43:23.935 [main] DEBUG org.apache.velocity - Loaded System Directive: org.apache.velocity.runtime.directive.Stop
20:43:23.935 [main] DEBUG org.apache.velocity - Loaded System Directive: org.apache.velocity.runtime.directive.Define
20:43:23.935 [main] DEBUG org.apache.velocity - Loaded System Directive: org.apache.velocity.runtime.directive.Break
20:43:23.935 [main] DEBUG org.apache.velocity - Loaded System Directive: org.apache.velocity.runtime.directive.Evaluate
20:43:23.935 [main] DEBUG org.apache.velocity - Loaded System Directive: org.apache.velocity.runtime.directive.Literal
20:43:23.935 [main] DEBUG org.apache.velocity - Loaded System Directive: org.apache.velocity.runtime.directive.Macro
20:43:23.935 [main] DEBUG org.apache.velocity - Loaded System Directive: org.apache.velocity.runtime.directive.Parse
20:43:23.935 [main] DEBUG org.apache.velocity - Loaded System Directive: org.apache.velocity.runtime.directive.Include
20:43:23.936 [main] DEBUG org.apache.velocity - Loaded System Directive: org.apache.velocity.runtime.directive.Foreach
20:43:23.937 [main] DEBUG org.apache.velocity - Created '20' parsers.
20:43:23.937 [main] DEBUG org.apache.velocity - Velocimacro : "velocimacro.library" is not set.  Trying default library: VM_global_library.vm
20:43:23.938 [main] DEBUG org.apache.velocity - Could not load resource 'VM_global_library.vm' from ResourceLoader org.apache.velocity.runtime.resource.loader.ClasspathResourceLoader: ClasspathResourceLoader Error: cannot find resource VM_global_library.vm
20:43:23.938 [main] DEBUG org.apache.velocity - Velocimacro : Default library not found.
20:43:23.938 [main] DEBUG org.apache.velocity - Velocimacro : allowInline = true : VMs can be defined inline in templates
20:43:23.938 [main] DEBUG org.apache.velocity - Velocimacro : allowInlineToOverride = false : VMs defined inline may NOT replace previous VM definitions
20:43:23.938 [main] DEBUG org.apache.velocity - Velocimacro : allowInlineLocal = false : VMs defined inline will be global in scope if allowed.
20:43:23.938 [main] DEBUG org.apache.velocity - Velocimacro : autoload off : VM system will not automatically reload global library macros
20:43:23.942 [main] DEBUG org.apache.velocity - CommonsLogLogChute name is 'org.apache.velocity'
20:43:23.942 [main] DEBUG org.apache.velocity - Initializing Velocity, Calling init()...
20:43:23.942 [main] DEBUG org.apache.velocity - Starting Apache Velocity v1.7 (compiled: 2010-11-19 12:14:37)
20:43:23.942 [main] DEBUG org.apache.velocity - Default Properties File: org\apache\velocity\runtime\defaults\velocity.properties
20:43:23.942 [main] DEBUG org.apache.velocity - Trying to use logger class org.apache.velocity.runtime.log.AvalonLogChute
20:43:23.942 [main] DEBUG org.apache.velocity - Target log system for org.apache.velocity.runtime.log.AvalonLogChute is not available (java.lang.NoClassDefFoundError: org/apache/log/format/Formatter).  Falling back to next log system...
20:43:23.942 [main] DEBUG org.apache.velocity - Trying to use logger class org.apache.velocity.runtime.log.Log4JLogChute
20:43:23.942 [main] DEBUG org.apache.velocity - Target log system for org.apache.velocity.runtime.log.Log4JLogChute is not available (java.lang.NoClassDefFoundError: org/apache/log4j/Layout).  Falling back to next log system...
20:43:23.942 [main] DEBUG org.apache.velocity - Trying to use logger class org.apache.velocity.runtime.log.CommonsLogLogChute
20:43:23.942 [main] DEBUG org.apache.velocity - Using logger class org.apache.velocity.runtime.log.CommonsLogLogChute
20:43:23.943 [main] DEBUG org.apache.velocity - ResourceLoader instantiated: org.apache.velocity.runtime.resource.loader.ClasspathResourceLoader
20:43:23.943 [main] DEBUG org.apache.velocity - ResourceCache: initialized (class org.apache.velocity.runtime.resource.ResourceCacheImpl) with class java.util.Collections$SynchronizedMap cache map.
20:43:23.944 [main] DEBUG org.apache.velocity - Loaded System Directive: org.apache.velocity.runtime.directive.Stop
20:43:23.944 [main] DEBUG org.apache.velocity - Loaded System Directive: org.apache.velocity.runtime.directive.Define
20:43:23.944 [main] DEBUG org.apache.velocity - Loaded System Directive: org.apache.velocity.runtime.directive.Break
20:43:23.944 [main] DEBUG org.apache.velocity - Loaded System Directive: org.apache.velocity.runtime.directive.Evaluate
20:43:23.944 [main] DEBUG org.apache.velocity - Loaded System Directive: org.apache.velocity.runtime.directive.Literal
20:43:23.944 [main] DEBUG org.apache.velocity - Loaded System Directive: org.apache.velocity.runtime.directive.Macro
20:43:23.944 [main] DEBUG org.apache.velocity - Loaded System Directive: org.apache.velocity.runtime.directive.Parse
20:43:23.944 [main] DEBUG org.apache.velocity - Loaded System Directive: org.apache.velocity.runtime.directive.Include
20:43:23.945 [main] DEBUG org.apache.velocity - Loaded System Directive: org.apache.velocity.runtime.directive.Foreach
20:43:23.946 [main] DEBUG org.apache.velocity - Created '20' parsers.
20:43:23.946 [main] DEBUG org.apache.velocity - Velocimacro : "velocimacro.library" is not set.  Trying default library: VM_global_library.vm
20:43:23.947 [main] DEBUG org.apache.velocity - Could not load resource 'VM_global_library.vm' from ResourceLoader org.apache.velocity.runtime.resource.loader.ClasspathResourceLoader: ClasspathResourceLoader Error: cannot find resource VM_global_library.vm
20:43:23.947 [main] DEBUG org.apache.velocity - Velocimacro : Default library not found.
20:43:23.947 [main] DEBUG org.apache.velocity - Velocimacro : allowInline = true : VMs can be defined inline in templates
20:43:23.947 [main] DEBUG org.apache.velocity - Velocimacro : allowInlineToOverride = false : VMs defined inline may NOT replace previous VM definitions
20:43:23.947 [main] DEBUG org.apache.velocity - Velocimacro : allowInlineLocal = false : VMs defined inline will be global in scope if allowed.
20:43:23.947 [main] DEBUG org.apache.velocity - Velocimacro : autoload off : VM system will not automatically reload global library macros
20:43:23.958 [main] DEBUG org.apache.velocity - CommonsLogLogChute name is 'org.apache.velocity'
20:43:23.958 [main] DEBUG org.apache.velocity - Initializing Velocity, Calling init()...
20:43:23.958 [main] DEBUG org.apache.velocity - Starting Apache Velocity v1.7 (compiled: 2010-11-19 12:14:37)
20:43:23.959 [main] DEBUG org.apache.velocity - Default Properties File: org\apache\velocity\runtime\defaults\velocity.properties
20:43:23.959 [main] DEBUG org.apache.velocity - Trying to use logger class org.apache.velocity.runtime.log.AvalonLogChute
20:43:23.959 [main] DEBUG org.apache.velocity - Target log system for org.apache.velocity.runtime.log.AvalonLogChute is not available (java.lang.NoClassDefFoundError: org/apache/log/format/Formatter).  Falling back to next log system...
20:43:23.959 [main] DEBUG org.apache.velocity - Trying to use logger class org.apache.velocity.runtime.log.Log4JLogChute
20:43:23.959 [main] DEBUG org.apache.velocity - Target log system for org.apache.velocity.runtime.log.Log4JLogChute is not available (java.lang.NoClassDefFoundError: org/apache/log4j/Layout).  Falling back to next log system...
20:43:23.959 [main] DEBUG org.apache.velocity - Trying to use logger class org.apache.velocity.runtime.log.CommonsLogLogChute
20:43:23.959 [main] DEBUG org.apache.velocity - Using logger class org.apache.velocity.runtime.log.CommonsLogLogChute
20:43:23.959 [main] DEBUG org.apache.velocity - ResourceLoader instantiated: org.apache.velocity.runtime.resource.loader.ClasspathResourceLoader
20:43:23.959 [main] DEBUG org.apache.velocity - ResourceCache: initialized (class org.apache.velocity.runtime.resource.ResourceCacheImpl) with class java.util.Collections$SynchronizedMap cache map.
20:43:23.961 [main] DEBUG org.apache.velocity - Loaded System Directive: org.apache.velocity.runtime.directive.Stop
20:43:23.961 [main] DEBUG org.apache.velocity - Loaded System Directive: org.apache.velocity.runtime.directive.Define
20:43:23.961 [main] DEBUG org.apache.velocity - Loaded System Directive: org.apache.velocity.runtime.directive.Break
20:43:23.961 [main] DEBUG org.apache.velocity - Loaded System Directive: org.apache.velocity.runtime.directive.Evaluate
20:43:23.961 [main] DEBUG org.apache.velocity - Loaded System Directive: org.apache.velocity.runtime.directive.Literal
20:43:23.961 [main] DEBUG org.apache.velocity - Loaded System Directive: org.apache.velocity.runtime.directive.Macro
20:43:23.961 [main] DEBUG org.apache.velocity - Loaded System Directive: org.apache.velocity.runtime.directive.Parse
20:43:23.962 [main] DEBUG org.apache.velocity - Loaded System Directive: org.apache.velocity.runtime.directive.Include
20:43:23.962 [main] DEBUG org.apache.velocity - Loaded System Directive: org.apache.velocity.runtime.directive.Foreach
20:43:23.963 [main] DEBUG org.apache.velocity - Created '20' parsers.
20:43:23.963 [main] DEBUG org.apache.velocity - Velocimacro : "velocimacro.library" is not set.  Trying default library: VM_global_library.vm
20:43:23.966 [main] DEBUG org.apache.velocity - Could not load resource 'VM_global_library.vm' from ResourceLoader org.apache.velocity.runtime.resource.loader.ClasspathResourceLoader: ClasspathResourceLoader Error: cannot find resource VM_global_library.vm
20:43:23.967 [main] DEBUG org.apache.velocity - Velocimacro : Default library not found.
20:43:23.967 [main] DEBUG org.apache.velocity - Velocimacro : allowInline = true : VMs can be defined inline in templates
20:43:23.967 [main] DEBUG org.apache.velocity - Velocimacro : allowInlineToOverride = false : VMs defined inline may NOT replace previous VM definitions
20:43:23.967 [main] DEBUG org.apache.velocity - Velocimacro : allowInlineLocal = false : VMs defined inline will be global in scope if allowed.
20:43:23.967 [main] DEBUG org.apache.velocity - Velocimacro : autoload off : VM system will not automatically reload global library macros
20:43:23.972 [main] DEBUG org.apache.velocity - CommonsLogLogChute name is 'org.apache.velocity'
20:43:23.973 [main] DEBUG org.apache.velocity - Initializing Velocity, Calling init()...
20:43:23.973 [main] DEBUG org.apache.velocity - Starting Apache Velocity v1.7 (compiled: 2010-11-19 12:14:37)
20:43:23.973 [main] DEBUG org.apache.velocity - Default Properties File: org\apache\velocity\runtime\defaults\velocity.properties
20:43:23.973 [main] DEBUG org.apache.velocity - Trying to use logger class org.apache.velocity.runtime.log.AvalonLogChute
20:43:23.973 [main] DEBUG org.apache.velocity - Target log system for org.apache.velocity.runtime.log.AvalonLogChute is not available (java.lang.NoClassDefFoundError: org/apache/log/format/Formatter).  Falling back to next log system...
20:43:23.973 [main] DEBUG org.apache.velocity - Trying to use logger class org.apache.velocity.runtime.log.Log4JLogChute
20:43:23.973 [main] DEBUG org.apache.velocity - Target log system for org.apache.velocity.runtime.log.Log4JLogChute is not available (java.lang.NoClassDefFoundError: org/apache/log4j/Layout).  Falling back to next log system...
20:43:23.973 [main] DEBUG org.apache.velocity - Trying to use logger class org.apache.velocity.runtime.log.CommonsLogLogChute
20:43:23.973 [main] DEBUG org.apache.velocity - Using logger class org.apache.velocity.runtime.log.CommonsLogLogChute
20:43:23.973 [main] DEBUG org.apache.velocity - ResourceLoader instantiated: org.apache.velocity.runtime.resource.loader.ClasspathResourceLoader
20:43:23.973 [main] DEBUG org.apache.velocity - ResourceCache: initialized (class org.apache.velocity.runtime.resource.ResourceCacheImpl) with class java.util.Collections$SynchronizedMap cache map.
20:43:23.974 [main] DEBUG org.apache.velocity - Loaded System Directive: org.apache.velocity.runtime.directive.Stop
20:43:23.974 [main] DEBUG org.apache.velocity - Loaded System Directive: org.apache.velocity.runtime.directive.Define
20:43:23.974 [main] DEBUG org.apache.velocity - Loaded System Directive: org.apache.velocity.runtime.directive.Break
20:43:23.974 [main] DEBUG org.apache.velocity - Loaded System Directive: org.apache.velocity.runtime.directive.Evaluate
20:43:23.975 [main] DEBUG org.apache.velocity - Loaded System Directive: org.apache.velocity.runtime.directive.Literal
20:43:23.975 [main] DEBUG org.apache.velocity - Loaded System Directive: org.apache.velocity.runtime.directive.Macro
20:43:23.975 [main] DEBUG org.apache.velocity - Loaded System Directive: org.apache.velocity.runtime.directive.Parse
20:43:23.975 [main] DEBUG org.apache.velocity - Loaded System Directive: org.apache.velocity.runtime.directive.Include
20:43:23.975 [main] DEBUG org.apache.velocity - Loaded System Directive: org.apache.velocity.runtime.directive.Foreach
20:43:23.976 [main] DEBUG org.apache.velocity - Created '20' parsers.
20:43:23.976 [main] DEBUG org.apache.velocity - Velocimacro : "velocimacro.library" is not set.  Trying default library: VM_global_library.vm
20:43:23.977 [main] DEBUG org.apache.velocity - Could not load resource 'VM_global_library.vm' from ResourceLoader org.apache.velocity.runtime.resource.loader.ClasspathResourceLoader: ClasspathResourceLoader Error: cannot find resource VM_global_library.vm
20:43:23.977 [main] DEBUG org.apache.velocity - Velocimacro : Default library not found.
20:43:23.977 [main] DEBUG org.apache.velocity - Velocimacro : allowInline = true : VMs can be defined inline in templates
20:43:23.977 [main] DEBUG org.apache.velocity - Velocimacro : allowInlineToOverride = false : VMs defined inline may NOT replace previous VM definitions
20:43:23.977 [main] DEBUG org.apache.velocity - Velocimacro : allowInlineLocal = false : VMs defined inline will be global in scope if allowed.
20:43:23.977 [main] DEBUG org.apache.velocity - Velocimacro : autoload off : VM system will not automatically reload global library macros
20:43:24.013 [main] DEBUG org.apache.velocity - ResourceManager : found templates/generators/overviewFeatures.vm with loader org.apache.velocity.runtime.resource.loader.ClasspathResourceLoader
20:43:24.023 [main] DEBUG org.apache.velocity - ResourceManager : found /templates/headers.vm with loader org.apache.velocity.runtime.resource.loader.ClasspathResourceLoader
20:43:24.024 [main] DEBUG org.apache.velocity - ResourceManager : found /templates/head.vm with loader org.apache.velocity.runtime.resource.loader.ClasspathResourceLoader
20:43:24.032 [main] DEBUG org.apache.velocity - Velocimacro : added VM stringArray: source=/templates/macros/array.js.vm
20:43:24.032 [main] DEBUG org.apache.velocity - Velocimacro : added VM numberArray: source=/templates/macros/array.js.vm
20:43:24.032 [main] DEBUG org.apache.velocity - ResourceManager : found /templates/macros/array.js.vm with loader org.apache.velocity.runtime.resource.loader.ClasspathResourceLoader
20:43:24.034 [main] DEBUG org.apache.velocity - Velocimacro : added VM includeBuildInfo: source=/templates/macros/page/buildinfo.vm
20:43:24.035 [main] DEBUG org.apache.velocity - ResourceManager : found /templates/macros/page/buildinfo.vm with loader org.apache.velocity.runtime.resource.loader.ClasspathResourceLoader
20:43:24.038 [main] DEBUG org.apache.velocity - Velocimacro : added VM includeClassifications: source=/templates/macros/page/classifications.vm
20:43:24.038 [main] DEBUG org.apache.velocity - ResourceManager : found /templates/macros/page/classifications.vm with loader org.apache.velocity.runtime.resource.loader.ClasspathResourceLoader
20:43:24.039 [main] DEBUG org.apache.velocity - Velocimacro : added VM includeLead: source=/templates/macros/page/lead.vm
20:43:24.040 [main] DEBUG org.apache.velocity - ResourceManager : found /templates/macros/page/lead.vm with loader org.apache.velocity.runtime.resource.loader.ClasspathResourceLoader
20:43:24.045 [main] DEBUG org.apache.velocity - Velocimacro : added VM includeNavigation: source=/templates/macros/page/navigation.vm
20:43:24.045 [main] DEBUG org.apache.velocity - ResourceManager : found /templates/macros/page/navigation.vm with loader org.apache.velocity.runtime.resource.loader.ClasspathResourceLoader
20:43:24.049 [main] DEBUG org.apache.velocity - Velocimacro : added VM includeReportInfo: source=/templates/macros/page/reportInfo.vm
20:43:24.049 [main] DEBUG org.apache.velocity - ResourceManager : found /templates/macros/page/reportInfo.vm with loader org.apache.velocity.runtime.resource.loader.ClasspathResourceLoader
20:43:24.052 [main] DEBUG org.apache.velocity - Velocimacro : added VM includeTitle: source=/templates/macros/page/title.vm
20:43:24.052 [main] DEBUG org.apache.velocity - ResourceManager : found /templates/macros/page/title.vm with loader org.apache.velocity.runtime.resource.loader.ClasspathResourceLoader
20:43:24.054 [main] DEBUG org.apache.velocity - Velocimacro : added VM includeExpandingButtons: source=/templates/macros/report/expandAllButtons.vm
20:43:24.055 [main] DEBUG org.apache.velocity - ResourceManager : found /templates/macros/report/expandAllButtons.vm with loader org.apache.velocity.runtime.resource.loader.ClasspathResourceLoader
20:43:24.063 [main] DEBUG org.apache.velocity - Velocimacro : added VM includeReportTable: source=/templates/macros/report/reportTable.vm
20:43:24.063 [main] DEBUG org.apache.velocity - ResourceManager : found /templates/macros/report/reportTable.vm with loader org.apache.velocity.runtime.resource.loader.ClasspathResourceLoader
20:43:24.064 [main] DEBUG org.apache.velocity - Velocimacro : added VM includeReportHeader: source=/templates/macros/report/reportHeader.vm
20:43:24.064 [main] DEBUG org.apache.velocity - ResourceManager : found /templates/macros/report/reportHeader.vm with loader org.apache.velocity.runtime.resource.loader.ClasspathResourceLoader
20:43:24.075 [main] DEBUG org.apache.velocity - Velocimacro : added VM includeStatsTable: source=/templates/macros/report/statsTable.vm
20:43:24.076 [main] DEBUG org.apache.velocity - ResourceManager : found /templates/macros/report/statsTable.vm with loader org.apache.velocity.runtime.resource.loader.ClasspathResourceLoader
20:43:24.078 [main] DEBUG org.apache.velocity - Velocimacro : added VM includeBrief: source=/templates/macros/json/brief.vm
20:43:24.078 [main] DEBUG org.apache.velocity - ResourceManager : found /templates/macros/json/brief.vm with loader org.apache.velocity.runtime.resource.loader.ClasspathResourceLoader
20:43:24.081 [main] DEBUG org.apache.velocity - Velocimacro : added VM includeDocString: source=/templates/macros/json/docstring.vm
20:43:24.081 [main] DEBUG org.apache.velocity - ResourceManager : found /templates/macros/json/docstring.vm with loader org.apache.velocity.runtime.resource.loader.ClasspathResourceLoader
20:43:24.082 [main] DEBUG org.apache.velocity - Velocimacro : added VM includeDuration: source=/templates/macros/json/duration.vm
20:43:24.082 [main] DEBUG org.apache.velocity - ResourceManager : found /templates/macros/json/duration.vm with loader org.apache.velocity.runtime.resource.loader.ClasspathResourceLoader
20:43:24.088 [main] DEBUG org.apache.velocity - Velocimacro : added VM includeElement: source=/templates/macros/json/element.vm
20:43:24.088 [main] DEBUG org.apache.velocity - ResourceManager : found /templates/macros/json/element.vm with loader org.apache.velocity.runtime.resource.loader.ClasspathResourceLoader
20:43:24.106 [main] DEBUG org.apache.velocity - Velocimacro : added VM includeEmbeddings: source=/templates/macros/json/embeddings.vm
20:43:24.107 [main] DEBUG org.apache.velocity - Velocimacro : added VM includeHtmlEmbedding: source=/templates/macros/json/embeddings.vm
20:43:24.107 [main] DEBUG org.apache.velocity - Velocimacro : added VM includeImageEmbedding: source=/templates/macros/json/embeddings.vm
20:43:24.107 [main] DEBUG org.apache.velocity - Velocimacro : added VM includeImageReferenceEmbedding: source=/templates/macros/json/embeddings.vm
20:43:24.108 [main] DEBUG org.apache.velocity - Velocimacro : added VM includeTextEmbedding: source=/templates/macros/json/embeddings.vm
20:43:24.108 [main] DEBUG org.apache.velocity - Velocimacro : added VM includeUnknownEmbedding: source=/templates/macros/json/embeddings.vm
20:43:24.108 [main] DEBUG org.apache.velocity - ResourceManager : found /templates/macros/json/embeddings.vm with loader org.apache.velocity.runtime.resource.loader.ClasspathResourceLoader
20:43:24.111 [main] DEBUG org.apache.velocity - Velocimacro : added VM includeHooks: source=/templates/macros/json/hooks.vm
20:43:24.111 [main] DEBUG org.apache.velocity - ResourceManager : found /templates/macros/json/hooks.vm with loader org.apache.velocity.runtime.resource.loader.ClasspathResourceLoader
20:43:24.116 [main] DEBUG org.apache.velocity - Velocimacro : added VM includeOutput: source=/templates/macros/json/output.vm
20:43:24.116 [main] DEBUG org.apache.velocity - ResourceManager : found /templates/macros/json/output.vm with loader org.apache.velocity.runtime.resource.loader.ClasspathResourceLoader
20:43:24.117 [main] DEBUG org.apache.velocity - Velocimacro : added VM includeMessage: source=/templates/macros/json/message.vm
20:43:24.118 [main] DEBUG org.apache.velocity - ResourceManager : found /templates/macros/json/message.vm with loader org.apache.velocity.runtime.resource.loader.ClasspathResourceLoader
20:43:24.128 [main] DEBUG org.apache.velocity - Velocimacro : added VM includeSteps: source=/templates/macros/json/steps.vm
20:43:24.128 [main] DEBUG org.apache.velocity - ResourceManager : found /templates/macros/json/steps.vm with loader org.apache.velocity.runtime.resource.loader.ClasspathResourceLoader
20:43:24.134 [main] DEBUG org.apache.velocity - Velocimacro : added VM includeTags: source=/templates/macros/json/tags.vm
20:43:24.134 [main] DEBUG org.apache.velocity - ResourceManager : found /templates/macros/json/tags.vm with loader org.apache.velocity.runtime.resource.loader.ClasspathResourceLoader
20:43:24.160 [main] DEBUG org.apache.velocity - ResourceManager : found /templates/js/steps-chart.js.vm with loader org.apache.velocity.runtime.resource.loader.ClasspathResourceLoader
20:43:24.180 [main] DEBUG org.apache.velocity - ResourceManager : found /templates/js/scenarios-chart.js.vm with loader org.apache.velocity.runtime.resource.loader.ClasspathResourceLoader
20:43:24.183 [main] DEBUG org.apache.velocity - ResourceManager : found /templates/js/features-chart.js.vm with loader org.apache.velocity.runtime.resource.loader.ClasspathResourceLoader
20:43:24.186 [main] DEBUG org.apache.velocity - VM #includeReportInfo: too many arguments to macro. Wanted 0 got 1
20:43:24.347 [main] DEBUG org.apache.velocity - ResourceManager : found /templates/footer.vm with loader org.apache.velocity.runtime.resource.loader.ClasspathResourceLoader
20:43:24.361 [main] DEBUG org.apache.velocity - ResourceManager : found templates/generators/reportFeature.vm with loader org.apache.velocity.runtime.resource.loader.ClasspathResourceLoader
20:43:24.369 [main] DEBUG org.apache.velocity - ResourceManager : found /templates/headers.vm with loader org.apache.velocity.runtime.resource.loader.ClasspathResourceLoader
20:43:24.369 [main] DEBUG org.apache.velocity - ResourceManager : found /templates/head.vm with loader org.apache.velocity.runtime.resource.loader.ClasspathResourceLoader
20:43:24.371 [main] DEBUG org.apache.velocity - Velocimacro : added VM stringArray: source=/templates/macros/array.js.vm
20:43:24.371 [main] DEBUG org.apache.velocity - Velocimacro : added VM numberArray: source=/templates/macros/array.js.vm
20:43:24.372 [main] DEBUG org.apache.velocity - ResourceManager : found /templates/macros/array.js.vm with loader org.apache.velocity.runtime.resource.loader.ClasspathResourceLoader
20:43:24.373 [main] DEBUG org.apache.velocity - Velocimacro : added VM includeBuildInfo: source=/templates/macros/page/buildinfo.vm
20:43:24.373 [main] DEBUG org.apache.velocity - ResourceManager : found /templates/macros/page/buildinfo.vm with loader org.apache.velocity.runtime.resource.loader.ClasspathResourceLoader
20:43:24.375 [main] DEBUG org.apache.velocity - Velocimacro : added VM includeClassifications: source=/templates/macros/page/classifications.vm
20:43:24.375 [main] DEBUG org.apache.velocity - ResourceManager : found /templates/macros/page/classifications.vm with loader org.apache.velocity.runtime.resource.loader.ClasspathResourceLoader
20:43:24.376 [main] DEBUG org.apache.velocity - Velocimacro : added VM includeLead: source=/templates/macros/page/lead.vm
20:43:24.376 [main] DEBUG org.apache.velocity - ResourceManager : found /templates/macros/page/lead.vm with loader org.apache.velocity.runtime.resource.loader.ClasspathResourceLoader
20:43:24.377 [main] DEBUG org.apache.velocity - Velocimacro : added VM includeNavigation: source=/templates/macros/page/navigation.vm
20:43:24.377 [main] DEBUG org.apache.velocity - ResourceManager : found /templates/macros/page/navigation.vm with loader org.apache.velocity.runtime.resource.loader.ClasspathResourceLoader
20:43:24.380 [main] DEBUG org.apache.velocity - Velocimacro : added VM includeReportInfo: source=/templates/macros/page/reportInfo.vm
20:43:24.380 [main] DEBUG org.apache.velocity - ResourceManager : found /templates/macros/page/reportInfo.vm with loader org.apache.velocity.runtime.resource.loader.ClasspathResourceLoader
20:43:24.382 [main] DEBUG org.apache.velocity - Velocimacro : added VM includeTitle: source=/templates/macros/page/title.vm
20:43:24.382 [main] DEBUG org.apache.velocity - ResourceManager : found /templates/macros/page/title.vm with loader org.apache.velocity.runtime.resource.loader.ClasspathResourceLoader
20:43:24.384 [main] DEBUG org.apache.velocity - Velocimacro : added VM includeExpandingButtons: source=/templates/macros/report/expandAllButtons.vm
20:43:24.384 [main] DEBUG org.apache.velocity - ResourceManager : found /templates/macros/report/expandAllButtons.vm with loader org.apache.velocity.runtime.resource.loader.ClasspathResourceLoader
20:43:24.387 [main] DEBUG org.apache.velocity - Velocimacro : added VM includeReportTable: source=/templates/macros/report/reportTable.vm
20:43:24.387 [main] DEBUG org.apache.velocity - ResourceManager : found /templates/macros/report/reportTable.vm with loader org.apache.velocity.runtime.resource.loader.ClasspathResourceLoader
20:43:24.389 [main] DEBUG org.apache.velocity - Velocimacro : added VM includeReportHeader: source=/templates/macros/report/reportHeader.vm
20:43:24.389 [main] DEBUG org.apache.velocity - ResourceManager : found /templates/macros/report/reportHeader.vm with loader org.apache.velocity.runtime.resource.loader.ClasspathResourceLoader
20:43:24.395 [main] DEBUG org.apache.velocity - Velocimacro : added VM includeStatsTable: source=/templates/macros/report/statsTable.vm
20:43:24.396 [main] DEBUG org.apache.velocity - ResourceManager : found /templates/macros/report/statsTable.vm with loader org.apache.velocity.runtime.resource.loader.ClasspathResourceLoader
20:43:24.397 [main] DEBUG org.apache.velocity - Velocimacro : added VM includeBrief: source=/templates/macros/json/brief.vm
20:43:24.398 [main] DEBUG org.apache.velocity - ResourceManager : found /templates/macros/json/brief.vm with loader org.apache.velocity.runtime.resource.loader.ClasspathResourceLoader
20:43:24.402 [main] DEBUG org.apache.velocity - Velocimacro : added VM includeDocString: source=/templates/macros/json/docstring.vm
20:43:24.402 [main] DEBUG org.apache.velocity - ResourceManager : found /templates/macros/json/docstring.vm with loader org.apache.velocity.runtime.resource.loader.ClasspathResourceLoader
20:43:24.403 [main] DEBUG org.apache.velocity - Velocimacro : added VM includeDuration: source=/templates/macros/json/duration.vm
20:43:24.404 [main] DEBUG org.apache.velocity - ResourceManager : found /templates/macros/json/duration.vm with loader org.apache.velocity.runtime.resource.loader.ClasspathResourceLoader
20:43:24.406 [main] DEBUG org.apache.velocity - Velocimacro : added VM includeElement: source=/templates/macros/json/element.vm
20:43:24.407 [main] DEBUG org.apache.velocity - ResourceManager : found /templates/macros/json/element.vm with loader org.apache.velocity.runtime.resource.loader.ClasspathResourceLoader
20:43:24.411 [main] DEBUG org.apache.velocity - Velocimacro : added VM includeEmbeddings: source=/templates/macros/json/embeddings.vm
20:43:24.412 [main] DEBUG org.apache.velocity - Velocimacro : added VM includeHtmlEmbedding: source=/templates/macros/json/embeddings.vm
20:43:24.412 [main] DEBUG org.apache.velocity - Velocimacro : added VM includeImageEmbedding: source=/templates/macros/json/embeddings.vm
20:43:24.412 [main] DEBUG org.apache.velocity - Velocimacro : added VM includeImageReferenceEmbedding: source=/templates/macros/json/embeddings.vm
20:43:24.412 [main] DEBUG org.apache.velocity - Velocimacro : added VM includeTextEmbedding: source=/templates/macros/json/embeddings.vm
20:43:24.412 [main] DEBUG org.apache.velocity - Velocimacro : added VM includeUnknownEmbedding: source=/templates/macros/json/embeddings.vm
20:43:24.412 [main] DEBUG org.apache.velocity - ResourceManager : found /templates/macros/json/embeddings.vm with loader org.apache.velocity.runtime.resource.loader.ClasspathResourceLoader
20:43:24.418 [main] DEBUG org.apache.velocity - Velocimacro : added VM includeHooks: source=/templates/macros/json/hooks.vm
20:43:24.419 [main] DEBUG org.apache.velocity - ResourceManager : found /templates/macros/json/hooks.vm with loader org.apache.velocity.runtime.resource.loader.ClasspathResourceLoader
20:43:24.422 [main] DEBUG org.apache.velocity - Velocimacro : added VM includeOutput: source=/templates/macros/json/output.vm
20:43:24.422 [main] DEBUG org.apache.velocity - ResourceManager : found /templates/macros/json/output.vm with loader org.apache.velocity.runtime.resource.loader.ClasspathResourceLoader
20:43:24.424 [main] DEBUG org.apache.velocity - Velocimacro : added VM includeMessage: source=/templates/macros/json/message.vm
20:43:24.424 [main] DEBUG org.apache.velocity - ResourceManager : found /templates/macros/json/message.vm with loader org.apache.velocity.runtime.resource.loader.ClasspathResourceLoader
20:43:24.427 [main] DEBUG org.apache.velocity - Velocimacro : added VM includeSteps: source=/templates/macros/json/steps.vm
20:43:24.427 [main] DEBUG org.apache.velocity - ResourceManager : found /templates/macros/json/steps.vm with loader org.apache.velocity.runtime.resource.loader.ClasspathResourceLoader
20:43:24.429 [main] DEBUG org.apache.velocity - Velocimacro : added VM includeTags: source=/templates/macros/json/tags.vm
20:43:24.429 [main] DEBUG org.apache.velocity - ResourceManager : found /templates/macros/json/tags.vm with loader org.apache.velocity.runtime.resource.loader.ClasspathResourceLoader
20:43:24.430 [main] DEBUG org.apache.velocity - VM #includeNavigation: too few arguments to macro. Wanted 1 got 0
20:43:24.430 [main] DEBUG org.apache.velocity - Left side ($active_tab) of '==' operation has null value. If it is a reference, it may not be in the context or its toString() returned null. /templates/macros/page/navigation.vm[line 14, column 51]
20:43:24.431 [main] DEBUG org.apache.velocity - Left side ($active_tab) of '==' operation has null value. If it is a reference, it may not be in the context or its toString() returned null. /templates/macros/page/navigation.vm[line 15, column 51]
20:43:24.431 [main] DEBUG org.apache.velocity - Left side ($active_tab) of '==' operation has null value. If it is a reference, it may not be in the context or its toString() returned null. /templates/macros/page/navigation.vm[line 16, column 51]
20:43:24.431 [main] DEBUG org.apache.velocity - Left side ($active_tab) of '==' operation has null value. If it is a reference, it may not be in the context or its toString() returned null. /templates/macros/page/navigation.vm[line 20, column 51]
20:43:24.431 [main] DEBUG org.apache.velocity - VM #includeLead: too few arguments to macro. Wanted 2 got 1
20:43:24.438 [main] DEBUG org.apache.velocity - VM #includeBrief: too few arguments to macro. Wanted 5 got 3
20:43:24.439 [main] DEBUG org.apache.velocity - VM #includeBrief: too few arguments to macro. Wanted 5 got 4
20:43:24.440 [main] DEBUG org.apache.velocity - VM #includeBrief: too few arguments to macro. Wanted 5 got 4
20:43:24.461 [main] DEBUG org.apache.velocity - VM #includeBrief: too few arguments to macro. Wanted 5 got 4
20:43:24.462 [main] DEBUG org.apache.velocity - VM #includeBrief: too few arguments to macro. Wanted 5 got 4
20:43:24.490 [main] DEBUG org.apache.velocity - ResourceManager : found /templates/footer.vm with loader org.apache.velocity.runtime.resource.loader.ClasspathResourceLoader
20:43:24.494 [main] DEBUG org.apache.velocity - ResourceManager : found templates/generators/overviewTags.vm with loader org.apache.velocity.runtime.resource.loader.ClasspathResourceLoader
20:43:24.497 [main] DEBUG org.apache.velocity - ResourceManager : found /templates/headers.vm with loader org.apache.velocity.runtime.resource.loader.ClasspathResourceLoader
20:43:24.498 [main] DEBUG org.apache.velocity - ResourceManager : found /templates/head.vm with loader org.apache.velocity.runtime.resource.loader.ClasspathResourceLoader
20:43:24.502 [main] DEBUG org.apache.velocity - Velocimacro : added VM stringArray: source=/templates/macros/array.js.vm
20:43:24.503 [main] DEBUG org.apache.velocity - Velocimacro : added VM numberArray: source=/templates/macros/array.js.vm
20:43:24.503 [main] DEBUG org.apache.velocity - ResourceManager : found /templates/macros/array.js.vm with loader org.apache.velocity.runtime.resource.loader.ClasspathResourceLoader
20:43:24.505 [main] DEBUG org.apache.velocity - Velocimacro : added VM includeBuildInfo: source=/templates/macros/page/buildinfo.vm
20:43:24.505 [main] DEBUG org.apache.velocity - ResourceManager : found /templates/macros/page/buildinfo.vm with loader org.apache.velocity.runtime.resource.loader.ClasspathResourceLoader
20:43:24.506 [main] DEBUG org.apache.velocity - Velocimacro : added VM includeClassifications: source=/templates/macros/page/classifications.vm
20:43:24.506 [main] DEBUG org.apache.velocity - ResourceManager : found /templates/macros/page/classifications.vm with loader org.apache.velocity.runtime.resource.loader.ClasspathResourceLoader
20:43:24.508 [main] DEBUG org.apache.velocity - Velocimacro : added VM includeLead: source=/templates/macros/page/lead.vm
20:43:24.508 [main] DEBUG org.apache.velocity - ResourceManager : found /templates/macros/page/lead.vm with loader org.apache.velocity.runtime.resource.loader.ClasspathResourceLoader
20:43:24.509 [main] DEBUG org.apache.velocity - Velocimacro : added VM includeNavigation: source=/templates/macros/page/navigation.vm
20:43:24.509 [main] DEBUG org.apache.velocity - ResourceManager : found /templates/macros/page/navigation.vm with loader org.apache.velocity.runtime.resource.loader.ClasspathResourceLoader
20:43:24.511 [main] DEBUG org.apache.velocity - Velocimacro : added VM includeReportInfo: source=/templates/macros/page/reportInfo.vm
20:43:24.512 [main] DEBUG org.apache.velocity - ResourceManager : found /templates/macros/page/reportInfo.vm with loader org.apache.velocity.runtime.resource.loader.ClasspathResourceLoader
20:43:24.512 [main] DEBUG org.apache.velocity - Velocimacro : added VM includeTitle: source=/templates/macros/page/title.vm
20:43:24.512 [main] DEBUG org.apache.velocity - ResourceManager : found /templates/macros/page/title.vm with loader org.apache.velocity.runtime.resource.loader.ClasspathResourceLoader
20:43:24.515 [main] DEBUG org.apache.velocity - Velocimacro : added VM includeExpandingButtons: source=/templates/macros/report/expandAllButtons.vm
20:43:24.515 [main] DEBUG org.apache.velocity - ResourceManager : found /templates/macros/report/expandAllButtons.vm with loader org.apache.velocity.runtime.resource.loader.ClasspathResourceLoader
20:43:24.518 [main] DEBUG org.apache.velocity - Velocimacro : added VM includeReportTable: source=/templates/macros/report/reportTable.vm
20:43:24.518 [main] DEBUG org.apache.velocity - ResourceManager : found /templates/macros/report/reportTable.vm with loader org.apache.velocity.runtime.resource.loader.ClasspathResourceLoader
20:43:24.520 [main] DEBUG org.apache.velocity - Velocimacro : added VM includeReportHeader: source=/templates/macros/report/reportHeader.vm
20:43:24.520 [main] DEBUG org.apache.velocity - ResourceManager : found /templates/macros/report/reportHeader.vm with loader org.apache.velocity.runtime.resource.loader.ClasspathResourceLoader
20:43:24.525 [main] DEBUG org.apache.velocity - Velocimacro : added VM includeStatsTable: source=/templates/macros/report/statsTable.vm
20:43:24.526 [main] DEBUG org.apache.velocity - ResourceManager : found /templates/macros/report/statsTable.vm with loader org.apache.velocity.runtime.resource.loader.ClasspathResourceLoader
20:43:24.527 [main] DEBUG org.apache.velocity - Velocimacro : added VM includeBrief: source=/templates/macros/json/brief.vm
20:43:24.527 [main] DEBUG org.apache.velocity - ResourceManager : found /templates/macros/json/brief.vm with loader org.apache.velocity.runtime.resource.loader.ClasspathResourceLoader
20:43:24.528 [main] DEBUG org.apache.velocity - Velocimacro : added VM includeDocString: source=/templates/macros/json/docstring.vm
20:43:24.528 [main] DEBUG org.apache.velocity - ResourceManager : found /templates/macros/json/docstring.vm with loader org.apache.velocity.runtime.resource.loader.ClasspathResourceLoader
20:43:24.529 [main] DEBUG org.apache.velocity - Velocimacro : added VM includeDuration: source=/templates/macros/json/duration.vm
20:43:24.530 [main] DEBUG org.apache.velocity - ResourceManager : found /templates/macros/json/duration.vm with loader org.apache.velocity.runtime.resource.loader.ClasspathResourceLoader
20:43:24.532 [main] DEBUG org.apache.velocity - Velocimacro : added VM includeElement: source=/templates/macros/json/element.vm
20:43:24.532 [main] DEBUG org.apache.velocity - ResourceManager : found /templates/macros/json/element.vm with loader org.apache.velocity.runtime.resource.loader.ClasspathResourceLoader
20:43:24.537 [main] DEBUG org.apache.velocity - Velocimacro : added VM includeEmbeddings: source=/templates/macros/json/embeddings.vm
20:43:24.537 [main] DEBUG org.apache.velocity - Velocimacro : added VM includeHtmlEmbedding: source=/templates/macros/json/embeddings.vm
20:43:24.537 [main] DEBUG org.apache.velocity - Velocimacro : added VM includeImageEmbedding: source=/templates/macros/json/embeddings.vm
20:43:24.537 [main] DEBUG org.apache.velocity - Velocimacro : added VM includeImageReferenceEmbedding: source=/templates/macros/json/embeddings.vm
20:43:24.537 [main] DEBUG org.apache.velocity - Velocimacro : added VM includeTextEmbedding: source=/templates/macros/json/embeddings.vm
20:43:24.537 [main] DEBUG org.apache.velocity - Velocimacro : added VM includeUnknownEmbedding: source=/templates/macros/json/embeddings.vm
20:43:24.537 [main] DEBUG org.apache.velocity - ResourceManager : found /templates/macros/json/embeddings.vm with loader org.apache.velocity.runtime.resource.loader.ClasspathResourceLoader
20:43:24.540 [main] DEBUG org.apache.velocity - Velocimacro : added VM includeHooks: source=/templates/macros/json/hooks.vm
20:43:24.540 [main] DEBUG org.apache.velocity - ResourceManager : found /templates/macros/json/hooks.vm with loader org.apache.velocity.runtime.resource.loader.ClasspathResourceLoader
20:43:24.542 [main] DEBUG org.apache.velocity - Velocimacro : added VM includeOutput: source=/templates/macros/json/output.vm
20:43:24.542 [main] DEBUG org.apache.velocity - ResourceManager : found /templates/macros/json/output.vm with loader org.apache.velocity.runtime.resource.loader.ClasspathResourceLoader
20:43:24.544 [main] DEBUG org.apache.velocity - Velocimacro : added VM includeMessage: source=/templates/macros/json/message.vm
20:43:24.544 [main] DEBUG org.apache.velocity - ResourceManager : found /templates/macros/json/message.vm with loader org.apache.velocity.runtime.resource.loader.ClasspathResourceLoader
20:43:24.547 [main] DEBUG org.apache.velocity - Velocimacro : added VM includeSteps: source=/templates/macros/json/steps.vm
20:43:24.548 [main] DEBUG org.apache.velocity - ResourceManager : found /templates/macros/json/steps.vm with loader org.apache.velocity.runtime.resource.loader.ClasspathResourceLoader
20:43:24.550 [main] DEBUG org.apache.velocity - Velocimacro : added VM includeTags: source=/templates/macros/json/tags.vm
20:43:24.550 [main] DEBUG org.apache.velocity - ResourceManager : found /templates/macros/json/tags.vm with loader org.apache.velocity.runtime.resource.loader.ClasspathResourceLoader
20:43:24.552 [main] DEBUG org.apache.velocity - ResourceManager : found /templates/js/tags-chart.js.vm with loader org.apache.velocity.runtime.resource.loader.ClasspathResourceLoader
20:43:24.563 [main] DEBUG org.apache.velocity - ResourceManager : found /templates/footer.vm with loader org.apache.velocity.runtime.resource.loader.ClasspathResourceLoader
20:43:24.567 [main] DEBUG org.apache.velocity - ResourceManager : found templates/generators/reportTag.vm with loader org.apache.velocity.runtime.resource.loader.ClasspathResourceLoader
20:43:24.570 [main] DEBUG org.apache.velocity - ResourceManager : found /templates/headers.vm with loader org.apache.velocity.runtime.resource.loader.ClasspathResourceLoader
20:43:24.570 [main] DEBUG org.apache.velocity - ResourceManager : found /templates/head.vm with loader org.apache.velocity.runtime.resource.loader.ClasspathResourceLoader
20:43:24.571 [main] DEBUG org.apache.velocity - Velocimacro : added VM stringArray: source=/templates/macros/array.js.vm
20:43:24.572 [main] DEBUG org.apache.velocity - Velocimacro : added VM numberArray: source=/templates/macros/array.js.vm
20:43:24.572 [main] DEBUG org.apache.velocity - ResourceManager : found /templates/macros/array.js.vm with loader org.apache.velocity.runtime.resource.loader.ClasspathResourceLoader
20:43:24.573 [main] DEBUG org.apache.velocity - Velocimacro : added VM includeBuildInfo: source=/templates/macros/page/buildinfo.vm
20:43:24.573 [main] DEBUG org.apache.velocity - ResourceManager : found /templates/macros/page/buildinfo.vm with loader org.apache.velocity.runtime.resource.loader.ClasspathResourceLoader
20:43:24.574 [main] DEBUG org.apache.velocity - Velocimacro : added VM includeClassifications: source=/templates/macros/page/classifications.vm
20:43:24.574 [main] DEBUG org.apache.velocity - ResourceManager : found /templates/macros/page/classifications.vm with loader org.apache.velocity.runtime.resource.loader.ClasspathResourceLoader
20:43:24.575 [main] DEBUG org.apache.velocity - Velocimacro : added VM includeLead: source=/templates/macros/page/lead.vm
20:43:24.575 [main] DEBUG org.apache.velocity - ResourceManager : found /templates/macros/page/lead.vm with loader org.apache.velocity.runtime.resource.loader.ClasspathResourceLoader
20:43:24.578 [main] DEBUG org.apache.velocity - Velocimacro : added VM includeNavigation: source=/templates/macros/page/navigation.vm
20:43:24.578 [main] DEBUG org.apache.velocity - ResourceManager : found /templates/macros/page/navigation.vm with loader org.apache.velocity.runtime.resource.loader.ClasspathResourceLoader
20:43:24.581 [main] DEBUG org.apache.velocity - Velocimacro : added VM includeReportInfo: source=/templates/macros/page/reportInfo.vm
20:43:24.582 [main] DEBUG org.apache.velocity - ResourceManager : found /templates/macros/page/reportInfo.vm with loader org.apache.velocity.runtime.resource.loader.ClasspathResourceLoader
20:43:24.584 [main] DEBUG org.apache.velocity - Velocimacro : added VM includeTitle: source=/templates/macros/page/title.vm
20:43:24.584 [main] DEBUG org.apache.velocity - ResourceManager : found /templates/macros/page/title.vm with loader org.apache.velocity.runtime.resource.loader.ClasspathResourceLoader
20:43:24.586 [main] DEBUG org.apache.velocity - Velocimacro : added VM includeExpandingButtons: source=/templates/macros/report/expandAllButtons.vm
20:43:24.586 [main] DEBUG org.apache.velocity - ResourceManager : found /templates/macros/report/expandAllButtons.vm with loader org.apache.velocity.runtime.resource.loader.ClasspathResourceLoader
20:43:24.588 [main] DEBUG org.apache.velocity - Velocimacro : added VM includeReportTable: source=/templates/macros/report/reportTable.vm
20:43:24.588 [main] DEBUG org.apache.velocity - ResourceManager : found /templates/macros/report/reportTable.vm with loader org.apache.velocity.runtime.resource.loader.ClasspathResourceLoader
20:43:24.589 [main] DEBUG org.apache.velocity - Velocimacro : added VM includeReportHeader: source=/templates/macros/report/reportHeader.vm
20:43:24.589 [main] DEBUG org.apache.velocity - ResourceManager : found /templates/macros/report/reportHeader.vm with loader org.apache.velocity.runtime.resource.loader.ClasspathResourceLoader
20:43:24.592 [main] DEBUG org.apache.velocity - Velocimacro : added VM includeStatsTable: source=/templates/macros/report/statsTable.vm
20:43:24.592 [main] DEBUG org.apache.velocity - ResourceManager : found /templates/macros/report/statsTable.vm with loader org.apache.velocity.runtime.resource.loader.ClasspathResourceLoader
20:43:24.594 [main] DEBUG org.apache.velocity - Velocimacro : added VM includeBrief: source=/templates/macros/json/brief.vm
20:43:24.594 [main] DEBUG org.apache.velocity - ResourceManager : found /templates/macros/json/brief.vm with loader org.apache.velocity.runtime.resource.loader.ClasspathResourceLoader
20:43:24.595 [main] DEBUG org.apache.velocity - Velocimacro : added VM includeDocString: source=/templates/macros/json/docstring.vm
20:43:24.595 [main] DEBUG org.apache.velocity - ResourceManager : found /templates/macros/json/docstring.vm with loader org.apache.velocity.runtime.resource.loader.ClasspathResourceLoader
20:43:24.596 [main] DEBUG org.apache.velocity - Velocimacro : added VM includeDuration: source=/templates/macros/json/duration.vm
20:43:24.596 [main] DEBUG org.apache.velocity - ResourceManager : found /templates/macros/json/duration.vm with loader org.apache.velocity.runtime.resource.loader.ClasspathResourceLoader
20:43:24.602 [main] DEBUG org.apache.velocity - Velocimacro : added VM includeElement: source=/templates/macros/json/element.vm
20:43:24.605 [main] DEBUG org.apache.velocity - ResourceManager : found /templates/macros/json/element.vm with loader org.apache.velocity.runtime.resource.loader.ClasspathResourceLoader
20:43:24.608 [main] DEBUG org.apache.velocity - Velocimacro : added VM includeEmbeddings: source=/templates/macros/json/embeddings.vm
20:43:24.608 [main] DEBUG org.apache.velocity - Velocimacro : added VM includeHtmlEmbedding: source=/templates/macros/json/embeddings.vm
20:43:24.608 [main] DEBUG org.apache.velocity - Velocimacro : added VM includeImageEmbedding: source=/templates/macros/json/embeddings.vm
20:43:24.608 [main] DEBUG org.apache.velocity - Velocimacro : added VM includeImageReferenceEmbedding: source=/templates/macros/json/embeddings.vm
20:43:24.609 [main] DEBUG org.apache.velocity - Velocimacro : added VM includeTextEmbedding: source=/templates/macros/json/embeddings.vm
20:43:24.609 [main] DEBUG org.apache.velocity - Velocimacro : added VM includeUnknownEmbedding: source=/templates/macros/json/embeddings.vm
20:43:24.609 [main] DEBUG org.apache.velocity - ResourceManager : found /templates/macros/json/embeddings.vm with loader org.apache.velocity.runtime.resource.loader.ClasspathResourceLoader
20:43:24.611 [main] DEBUG org.apache.velocity - Velocimacro : added VM includeHooks: source=/templates/macros/json/hooks.vm
20:43:24.611 [main] DEBUG org.apache.velocity - ResourceManager : found /templates/macros/json/hooks.vm with loader org.apache.velocity.runtime.resource.loader.ClasspathResourceLoader
20:43:24.613 [main] DEBUG org.apache.velocity - Velocimacro : added VM includeOutput: source=/templates/macros/json/output.vm
20:43:24.613 [main] DEBUG org.apache.velocity - ResourceManager : found /templates/macros/json/output.vm with loader org.apache.velocity.runtime.resource.loader.ClasspathResourceLoader
20:43:24.616 [main] DEBUG org.apache.velocity - Velocimacro : added VM includeMessage: source=/templates/macros/json/message.vm
20:43:24.616 [main] DEBUG org.apache.velocity - ResourceManager : found /templates/macros/json/message.vm with loader org.apache.velocity.runtime.resource.loader.ClasspathResourceLoader
20:43:24.619 [main] DEBUG org.apache.velocity - Velocimacro : added VM includeSteps: source=/templates/macros/json/steps.vm
20:43:24.619 [main] DEBUG org.apache.velocity - ResourceManager : found /templates/macros/json/steps.vm with loader org.apache.velocity.runtime.resource.loader.ClasspathResourceLoader
20:43:24.620 [main] DEBUG org.apache.velocity - Velocimacro : added VM includeTags: source=/templates/macros/json/tags.vm
20:43:24.620 [main] DEBUG org.apache.velocity - ResourceManager : found /templates/macros/json/tags.vm with loader org.apache.velocity.runtime.resource.loader.ClasspathResourceLoader
20:43:24.621 [main] DEBUG org.apache.velocity - VM #includeNavigation: too few arguments to macro. Wanted 1 got 0
20:43:24.621 [main] DEBUG org.apache.velocity - Left side ($active_tab) of '==' operation has null value. If it is a reference, it may not be in the context or its toString() returned null. /templates/macros/page/navigation.vm[line 14, column 51]
20:43:24.621 [main] DEBUG org.apache.velocity - Left side ($active_tab) of '==' operation has null value. If it is a reference, it may not be in the context or its toString() returned null. /templates/macros/page/navigation.vm[line 15, column 51]
20:43:24.621 [main] DEBUG org.apache.velocity - Left side ($active_tab) of '==' operation has null value. If it is a reference, it may not be in the context or its toString() returned null. /templates/macros/page/navigation.vm[line 16, column 51]
20:43:24.621 [main] DEBUG org.apache.velocity - Left side ($active_tab) of '==' operation has null value. If it is a reference, it may not be in the context or its toString() returned null. /templates/macros/page/navigation.vm[line 20, column 51]
20:43:24.621 [main] DEBUG org.apache.velocity - VM #includeLead: too few arguments to macro. Wanted 2 got 1
20:43:24.624 [main] DEBUG org.apache.velocity - VM #includeBrief: too few arguments to macro. Wanted 5 got 4
20:43:24.624 [main] DEBUG org.apache.velocity - VM #includeBrief: too few arguments to macro. Wanted 5 got 4
20:43:24.640 [main] DEBUG org.apache.velocity - ResourceManager : found /templates/footer.vm with loader org.apache.velocity.runtime.resource.loader.ClasspathResourceLoader
20:43:24.644 [main] DEBUG org.apache.velocity - ResourceManager : found templates/generators/reportTag.vm with loader org.apache.velocity.runtime.resource.loader.ClasspathResourceLoader
20:43:24.646 [main] DEBUG org.apache.velocity - ResourceManager : found /templates/headers.vm with loader org.apache.velocity.runtime.resource.loader.ClasspathResourceLoader
20:43:24.650 [main] DEBUG org.apache.velocity - ResourceManager : found /templates/head.vm with loader org.apache.velocity.runtime.resource.loader.ClasspathResourceLoader
20:43:24.652 [main] DEBUG org.apache.velocity - Velocimacro : added VM stringArray: source=/templates/macros/array.js.vm
20:43:24.652 [main] DEBUG org.apache.velocity - Velocimacro : added VM numberArray: source=/templates/macros/array.js.vm
20:43:24.652 [main] DEBUG org.apache.velocity - ResourceManager : found /templates/macros/array.js.vm with loader org.apache.velocity.runtime.resource.loader.ClasspathResourceLoader
20:43:24.653 [main] DEBUG org.apache.velocity - Velocimacro : added VM includeBuildInfo: source=/templates/macros/page/buildinfo.vm
20:43:24.653 [main] DEBUG org.apache.velocity - ResourceManager : found /templates/macros/page/buildinfo.vm with loader org.apache.velocity.runtime.resource.loader.ClasspathResourceLoader
20:43:24.654 [main] DEBUG org.apache.velocity - Velocimacro : added VM includeClassifications: source=/templates/macros/page/classifications.vm
20:43:24.654 [main] DEBUG org.apache.velocity - ResourceManager : found /templates/macros/page/classifications.vm with loader org.apache.velocity.runtime.resource.loader.ClasspathResourceLoader
20:43:24.655 [main] DEBUG org.apache.velocity - Velocimacro : added VM includeLead: source=/templates/macros/page/lead.vm
20:43:24.655 [main] DEBUG org.apache.velocity - ResourceManager : found /templates/macros/page/lead.vm with loader org.apache.velocity.runtime.resource.loader.ClasspathResourceLoader
20:43:24.657 [main] DEBUG org.apache.velocity - Velocimacro : added VM includeNavigation: source=/templates/macros/page/navigation.vm
20:43:24.657 [main] DEBUG org.apache.velocity - ResourceManager : found /templates/macros/page/navigation.vm with loader org.apache.velocity.runtime.resource.loader.ClasspathResourceLoader
20:43:24.660 [main] DEBUG org.apache.velocity - Velocimacro : added VM includeReportInfo: source=/templates/macros/page/reportInfo.vm
20:43:24.660 [main] DEBUG org.apache.velocity - ResourceManager : found /templates/macros/page/reportInfo.vm with loader org.apache.velocity.runtime.resource.loader.ClasspathResourceLoader
20:43:24.662 [main] DEBUG org.apache.velocity - Velocimacro : added VM includeTitle: source=/templates/macros/page/title.vm
20:43:24.662 [main] DEBUG org.apache.velocity - ResourceManager : found /templates/macros/page/title.vm with loader org.apache.velocity.runtime.resource.loader.ClasspathResourceLoader
20:43:24.667 [main] DEBUG org.apache.velocity - Velocimacro : added VM includeExpandingButtons: source=/templates/macros/report/expandAllButtons.vm
20:43:24.667 [main] DEBUG org.apache.velocity - ResourceManager : found /templates/macros/report/expandAllButtons.vm with loader org.apache.velocity.runtime.resource.loader.ClasspathResourceLoader
20:43:24.670 [main] DEBUG org.apache.velocity - Velocimacro : added VM includeReportTable: source=/templates/macros/report/reportTable.vm
20:43:24.670 [main] DEBUG org.apache.velocity - ResourceManager : found /templates/macros/report/reportTable.vm with loader org.apache.velocity.runtime.resource.loader.ClasspathResourceLoader
20:43:24.672 [main] DEBUG org.apache.velocity - Velocimacro : added VM includeReportHeader: source=/templates/macros/report/reportHeader.vm
20:43:24.672 [main] DEBUG org.apache.velocity - ResourceManager : found /templates/macros/report/reportHeader.vm with loader org.apache.velocity.runtime.resource.loader.ClasspathResourceLoader
20:43:24.678 [main] DEBUG org.apache.velocity - Velocimacro : added VM includeStatsTable: source=/templates/macros/report/statsTable.vm
20:43:24.679 [main] DEBUG org.apache.velocity - ResourceManager : found /templates/macros/report/statsTable.vm with loader org.apache.velocity.runtime.resource.loader.ClasspathResourceLoader
20:43:24.680 [main] DEBUG org.apache.velocity - Velocimacro : added VM includeBrief: source=/templates/macros/json/brief.vm
20:43:24.681 [main] DEBUG org.apache.velocity - ResourceManager : found /templates/macros/json/brief.vm with loader org.apache.velocity.runtime.resource.loader.ClasspathResourceLoader
20:43:24.684 [main] DEBUG org.apache.velocity - Velocimacro : added VM includeDocString: source=/templates/macros/json/docstring.vm
20:43:24.685 [main] DEBUG org.apache.velocity - ResourceManager : found /templates/macros/json/docstring.vm with loader org.apache.velocity.runtime.resource.loader.ClasspathResourceLoader
20:43:24.687 [main] DEBUG org.apache.velocity - Velocimacro : added VM includeDuration: source=/templates/macros/json/duration.vm
20:43:24.687 [main] DEBUG org.apache.velocity - ResourceManager : found /templates/macros/json/duration.vm with loader org.apache.velocity.runtime.resource.loader.ClasspathResourceLoader
20:43:24.689 [main] DEBUG org.apache.velocity - Velocimacro : added VM includeElement: source=/templates/macros/json/element.vm
20:43:24.689 [main] DEBUG org.apache.velocity - ResourceManager : found /templates/macros/json/element.vm with loader org.apache.velocity.runtime.resource.loader.ClasspathResourceLoader
20:43:24.692 [main] DEBUG org.apache.velocity - Velocimacro : added VM includeEmbeddings: source=/templates/macros/json/embeddings.vm
20:43:24.694 [main] DEBUG org.apache.velocity - Velocimacro : added VM includeHtmlEmbedding: source=/templates/macros/json/embeddings.vm
20:43:24.695 [main] DEBUG org.apache.velocity - Velocimacro : added VM includeImageEmbedding: source=/templates/macros/json/embeddings.vm
20:43:24.695 [main] DEBUG org.apache.velocity - Velocimacro : added VM includeImageReferenceEmbedding: source=/templates/macros/json/embeddings.vm
20:43:24.695 [main] DEBUG org.apache.velocity - Velocimacro : added VM includeTextEmbedding: source=/templates/macros/json/embeddings.vm
20:43:24.695 [main] DEBUG org.apache.velocity - Velocimacro : added VM includeUnknownEmbedding: source=/templates/macros/json/embeddings.vm
20:43:24.695 [main] DEBUG org.apache.velocity - ResourceManager : found /templates/macros/json/embeddings.vm with loader org.apache.velocity.runtime.resource.loader.ClasspathResourceLoader
20:43:24.698 [main] DEBUG org.apache.velocity - Velocimacro : added VM includeHooks: source=/templates/macros/json/hooks.vm
20:43:24.699 [main] DEBUG org.apache.velocity - ResourceManager : found /templates/macros/json/hooks.vm with loader org.apache.velocity.runtime.resource.loader.ClasspathResourceLoader
20:43:24.702 [main] DEBUG org.apache.velocity - Velocimacro : added VM includeOutput: source=/templates/macros/json/output.vm
20:43:24.702 [main] DEBUG org.apache.velocity - ResourceManager : found /templates/macros/json/output.vm with loader org.apache.velocity.runtime.resource.loader.ClasspathResourceLoader
20:43:24.704 [main] DEBUG org.apache.velocity - Velocimacro : added VM includeMessage: source=/templates/macros/json/message.vm
20:43:24.704 [main] DEBUG org.apache.velocity - ResourceManager : found /templates/macros/json/message.vm with loader org.apache.velocity.runtime.resource.loader.ClasspathResourceLoader
20:43:24.710 [main] DEBUG org.apache.velocity - Velocimacro : added VM includeSteps: source=/templates/macros/json/steps.vm
20:43:24.710 [main] DEBUG org.apache.velocity - ResourceManager : found /templates/macros/json/steps.vm with loader org.apache.velocity.runtime.resource.loader.ClasspathResourceLoader
20:43:24.711 [main] DEBUG org.apache.velocity - Velocimacro : added VM includeTags: source=/templates/macros/json/tags.vm
20:43:24.711 [main] DEBUG org.apache.velocity - ResourceManager : found /templates/macros/json/tags.vm with loader org.apache.velocity.runtime.resource.loader.ClasspathResourceLoader
20:43:24.712 [main] DEBUG org.apache.velocity - VM #includeNavigation: too few arguments to macro. Wanted 1 got 0
20:43:24.712 [main] DEBUG org.apache.velocity - Left side ($active_tab) of '==' operation has null value. If it is a reference, it may not be in the context or its toString() returned null. /templates/macros/page/navigation.vm[line 14, column 51]
20:43:24.712 [main] DEBUG org.apache.velocity - Left side ($active_tab) of '==' operation has null value. If it is a reference, it may not be in the context or its toString() returned null. /templates/macros/page/navigation.vm[line 15, column 51]
20:43:24.713 [main] DEBUG org.apache.velocity - Left side ($active_tab) of '==' operation has null value. If it is a reference, it may not be in the context or its toString() returned null. /templates/macros/page/navigation.vm[line 16, column 51]
20:43:24.713 [main] DEBUG org.apache.velocity - Left side ($active_tab) of '==' operation has null value. If it is a reference, it may not be in the context or its toString() returned null. /templates/macros/page/navigation.vm[line 20, column 51]
20:43:24.713 [main] DEBUG org.apache.velocity - VM #includeLead: too few arguments to macro. Wanted 2 got 1
20:43:24.717 [main] DEBUG org.apache.velocity - VM #includeBrief: too few arguments to macro. Wanted 5 got 4
20:43:24.719 [main] DEBUG org.apache.velocity - VM #includeBrief: too few arguments to macro. Wanted 5 got 4
20:43:24.737 [main] DEBUG org.apache.velocity - ResourceManager : found /templates/footer.vm with loader org.apache.velocity.runtime.resource.loader.ClasspathResourceLoader
20:43:24.741 [main] DEBUG org.apache.velocity - ResourceManager : found templates/generators/overviewSteps.vm with loader org.apache.velocity.runtime.resource.loader.ClasspathResourceLoader
20:43:24.746 [main] DEBUG org.apache.velocity - ResourceManager : found /templates/headers.vm with loader org.apache.velocity.runtime.resource.loader.ClasspathResourceLoader
20:43:24.746 [main] DEBUG org.apache.velocity - ResourceManager : found /templates/head.vm with loader org.apache.velocity.runtime.resource.loader.ClasspathResourceLoader
20:43:24.748 [main] DEBUG org.apache.velocity - Velocimacro : added VM stringArray: source=/templates/macros/array.js.vm
20:43:24.749 [main] DEBUG org.apache.velocity - Velocimacro : added VM numberArray: source=/templates/macros/array.js.vm
20:43:24.749 [main] DEBUG org.apache.velocity - ResourceManager : found /templates/macros/array.js.vm with loader org.apache.velocity.runtime.resource.loader.ClasspathResourceLoader
20:43:24.752 [main] DEBUG org.apache.velocity - Velocimacro : added VM includeBuildInfo: source=/templates/macros/page/buildinfo.vm
20:43:24.752 [main] DEBUG org.apache.velocity - ResourceManager : found /templates/macros/page/buildinfo.vm with loader org.apache.velocity.runtime.resource.loader.ClasspathResourceLoader
20:43:24.753 [main] DEBUG org.apache.velocity - Velocimacro : added VM includeClassifications: source=/templates/macros/page/classifications.vm
20:43:24.754 [main] DEBUG org.apache.velocity - ResourceManager : found /templates/macros/page/classifications.vm with loader org.apache.velocity.runtime.resource.loader.ClasspathResourceLoader
20:43:24.757 [main] DEBUG org.apache.velocity - Velocimacro : added VM includeLead: source=/templates/macros/page/lead.vm
20:43:24.758 [main] DEBUG org.apache.velocity - ResourceManager : found /templates/macros/page/lead.vm with loader org.apache.velocity.runtime.resource.loader.ClasspathResourceLoader
20:43:24.759 [main] DEBUG org.apache.velocity - Velocimacro : added VM includeNavigation: source=/templates/macros/page/navigation.vm
20:43:24.759 [main] DEBUG org.apache.velocity - ResourceManager : found /templates/macros/page/navigation.vm with loader org.apache.velocity.runtime.resource.loader.ClasspathResourceLoader
20:43:24.761 [main] DEBUG org.apache.velocity - Velocimacro : added VM includeReportInfo: source=/templates/macros/page/reportInfo.vm
20:43:24.761 [main] DEBUG org.apache.velocity - ResourceManager : found /templates/macros/page/reportInfo.vm with loader org.apache.velocity.runtime.resource.loader.ClasspathResourceLoader
20:43:24.761 [main] DEBUG org.apache.velocity - Velocimacro : added VM includeTitle: source=/templates/macros/page/title.vm
20:43:24.761 [main] DEBUG org.apache.velocity - ResourceManager : found /templates/macros/page/title.vm with loader org.apache.velocity.runtime.resource.loader.ClasspathResourceLoader
20:43:24.762 [main] DEBUG org.apache.velocity - Velocimacro : added VM includeExpandingButtons: source=/templates/macros/report/expandAllButtons.vm
20:43:24.762 [main] DEBUG org.apache.velocity - ResourceManager : found /templates/macros/report/expandAllButtons.vm with loader org.apache.velocity.runtime.resource.loader.ClasspathResourceLoader
20:43:24.765 [main] DEBUG org.apache.velocity - Velocimacro : added VM includeReportTable: source=/templates/macros/report/reportTable.vm
20:43:24.766 [main] DEBUG org.apache.velocity - ResourceManager : found /templates/macros/report/reportTable.vm with loader org.apache.velocity.runtime.resource.loader.ClasspathResourceLoader
20:43:24.768 [main] DEBUG org.apache.velocity - Velocimacro : added VM includeReportHeader: source=/templates/macros/report/reportHeader.vm
20:43:24.768 [main] DEBUG org.apache.velocity - ResourceManager : found /templates/macros/report/reportHeader.vm with loader org.apache.velocity.runtime.resource.loader.ClasspathResourceLoader
20:43:24.772 [main] DEBUG org.apache.velocity - Velocimacro : added VM includeStatsTable: source=/templates/macros/report/statsTable.vm
20:43:24.772 [main] DEBUG org.apache.velocity - ResourceManager : found /templates/macros/report/statsTable.vm with loader org.apache.velocity.runtime.resource.loader.ClasspathResourceLoader
20:43:24.773 [main] DEBUG org.apache.velocity - Velocimacro : added VM includeBrief: source=/templates/macros/json/brief.vm
20:43:24.773 [main] DEBUG org.apache.velocity - ResourceManager : found /templates/macros/json/brief.vm with loader org.apache.velocity.runtime.resource.loader.ClasspathResourceLoader
20:43:24.775 [main] DEBUG org.apache.velocity - Velocimacro : added VM includeDocString: source=/templates/macros/json/docstring.vm
20:43:24.775 [main] DEBUG org.apache.velocity - ResourceManager : found /templates/macros/json/docstring.vm with loader org.apache.velocity.runtime.resource.loader.ClasspathResourceLoader
20:43:24.776 [main] DEBUG org.apache.velocity - Velocimacro : added VM includeDuration: source=/templates/macros/json/duration.vm
20:43:24.776 [main] DEBUG org.apache.velocity - ResourceManager : found /templates/macros/json/duration.vm with loader org.apache.velocity.runtime.resource.loader.ClasspathResourceLoader
20:43:24.778 [main] DEBUG org.apache.velocity - Velocimacro : added VM includeElement: source=/templates/macros/json/element.vm
20:43:24.778 [main] DEBUG org.apache.velocity - ResourceManager : found /templates/macros/json/element.vm with loader org.apache.velocity.runtime.resource.loader.ClasspathResourceLoader
20:43:24.782 [main] DEBUG org.apache.velocity - Velocimacro : added VM includeEmbeddings: source=/templates/macros/json/embeddings.vm
20:43:24.782 [main] DEBUG org.apache.velocity - Velocimacro : added VM includeHtmlEmbedding: source=/templates/macros/json/embeddings.vm
20:43:24.783 [main] DEBUG org.apache.velocity - Velocimacro : added VM includeImageEmbedding: source=/templates/macros/json/embeddings.vm
20:43:24.783 [main] DEBUG org.apache.velocity - Velocimacro : added VM includeImageReferenceEmbedding: source=/templates/macros/json/embeddings.vm
20:43:24.783 [main] DEBUG org.apache.velocity - Velocimacro : added VM includeTextEmbedding: source=/templates/macros/json/embeddings.vm
20:43:24.783 [main] DEBUG org.apache.velocity - Velocimacro : added VM includeUnknownEmbedding: source=/templates/macros/json/embeddings.vm
20:43:24.783 [main] DEBUG org.apache.velocity - ResourceManager : found /templates/macros/json/embeddings.vm with loader org.apache.velocity.runtime.resource.loader.ClasspathResourceLoader
20:43:24.785 [main] DEBUG org.apache.velocity - Velocimacro : added VM includeHooks: source=/templates/macros/json/hooks.vm
20:43:24.785 [main] DEBUG org.apache.velocity - ResourceManager : found /templates/macros/json/hooks.vm with loader org.apache.velocity.runtime.resource.loader.ClasspathResourceLoader
20:43:24.787 [main] DEBUG org.apache.velocity - Velocimacro : added VM includeOutput: source=/templates/macros/json/output.vm
20:43:24.788 [main] DEBUG org.apache.velocity - ResourceManager : found /templates/macros/json/output.vm with loader org.apache.velocity.runtime.resource.loader.ClasspathResourceLoader
20:43:24.789 [main] DEBUG org.apache.velocity - Velocimacro : added VM includeMessage: source=/templates/macros/json/message.vm
20:43:24.789 [main] DEBUG org.apache.velocity - ResourceManager : found /templates/macros/json/message.vm with loader org.apache.velocity.runtime.resource.loader.ClasspathResourceLoader
20:43:24.791 [main] DEBUG org.apache.velocity - Velocimacro : added VM includeSteps: source=/templates/macros/json/steps.vm
20:43:24.791 [main] DEBUG org.apache.velocity - ResourceManager : found /templates/macros/json/steps.vm with loader org.apache.velocity.runtime.resource.loader.ClasspathResourceLoader
20:43:24.793 [main] DEBUG org.apache.velocity - Velocimacro : added VM includeTags: source=/templates/macros/json/tags.vm
20:43:24.793 [main] DEBUG org.apache.velocity - ResourceManager : found /templates/macros/json/tags.vm with loader org.apache.velocity.runtime.resource.loader.ClasspathResourceLoader
20:43:24.796 [main] DEBUG org.apache.velocity - ResourceManager : found /templates/footer.vm with loader org.apache.velocity.runtime.resource.loader.ClasspathResourceLoader
20:43:24.799 [main] DEBUG org.apache.velocity - ResourceManager : found templates/generators/overviewFailures.vm with loader org.apache.velocity.runtime.resource.loader.ClasspathResourceLoader
20:43:24.803 [main] DEBUG org.apache.velocity - ResourceManager : found /templates/headers.vm with loader org.apache.velocity.runtime.resource.loader.ClasspathResourceLoader
20:43:24.804 [main] DEBUG org.apache.velocity - ResourceManager : found /templates/head.vm with loader org.apache.velocity.runtime.resource.loader.ClasspathResourceLoader
20:43:24.806 [main] DEBUG org.apache.velocity - Velocimacro : added VM stringArray: source=/templates/macros/array.js.vm
20:43:24.806 [main] DEBUG org.apache.velocity - Velocimacro : added VM numberArray: source=/templates/macros/array.js.vm
20:43:24.806 [main] DEBUG org.apache.velocity - ResourceManager : found /templates/macros/array.js.vm with loader org.apache.velocity.runtime.resource.loader.ClasspathResourceLoader
20:43:24.809 [main] DEBUG org.apache.velocity - Velocimacro : added VM includeBuildInfo: source=/templates/macros/page/buildinfo.vm
20:43:24.809 [main] DEBUG org.apache.velocity - ResourceManager : found /templates/macros/page/buildinfo.vm with loader org.apache.velocity.runtime.resource.loader.ClasspathResourceLoader
20:43:24.811 [main] DEBUG org.apache.velocity - Velocimacro : added VM includeClassifications: source=/templates/macros/page/classifications.vm
20:43:24.811 [main] DEBUG org.apache.velocity - ResourceManager : found /templates/macros/page/classifications.vm with loader org.apache.velocity.runtime.resource.loader.ClasspathResourceLoader
20:43:24.813 [main] DEBUG org.apache.velocity - Velocimacro : added VM includeLead: source=/templates/macros/page/lead.vm
20:43:24.813 [main] DEBUG org.apache.velocity - ResourceManager : found /templates/macros/page/lead.vm with loader org.apache.velocity.runtime.resource.loader.ClasspathResourceLoader
20:43:24.816 [main] DEBUG org.apache.velocity - Velocimacro : added VM includeNavigation: source=/templates/macros/page/navigation.vm
20:43:24.816 [main] DEBUG org.apache.velocity - ResourceManager : found /templates/macros/page/navigation.vm with loader org.apache.velocity.runtime.resource.loader.ClasspathResourceLoader
20:43:24.817 [main] DEBUG org.apache.velocity - Velocimacro : added VM includeReportInfo: source=/templates/macros/page/reportInfo.vm
20:43:24.818 [main] DEBUG org.apache.velocity - ResourceManager : found /templates/macros/page/reportInfo.vm with loader org.apache.velocity.runtime.resource.loader.ClasspathResourceLoader
20:43:24.820 [main] DEBUG org.apache.velocity - Velocimacro : added VM includeTitle: source=/templates/macros/page/title.vm
20:43:24.820 [main] DEBUG org.apache.velocity - ResourceManager : found /templates/macros/page/title.vm with loader org.apache.velocity.runtime.resource.loader.ClasspathResourceLoader
20:43:24.821 [main] DEBUG org.apache.velocity - Velocimacro : added VM includeExpandingButtons: source=/templates/macros/report/expandAllButtons.vm
20:43:24.821 [main] DEBUG org.apache.velocity - ResourceManager : found /templates/macros/report/expandAllButtons.vm with loader org.apache.velocity.runtime.resource.loader.ClasspathResourceLoader
20:43:24.823 [main] DEBUG org.apache.velocity - Velocimacro : added VM includeReportTable: source=/templates/macros/report/reportTable.vm
20:43:24.823 [main] DEBUG org.apache.velocity - ResourceManager : found /templates/macros/report/reportTable.vm with loader org.apache.velocity.runtime.resource.loader.ClasspathResourceLoader
20:43:24.824 [main] DEBUG org.apache.velocity - Velocimacro : added VM includeReportHeader: source=/templates/macros/report/reportHeader.vm
20:43:24.825 [main] DEBUG org.apache.velocity - ResourceManager : found /templates/macros/report/reportHeader.vm with loader org.apache.velocity.runtime.resource.loader.ClasspathResourceLoader
20:43:24.827 [main] DEBUG org.apache.velocity - Velocimacro : added VM includeStatsTable: source=/templates/macros/report/statsTable.vm
20:43:24.828 [main] DEBUG org.apache.velocity - ResourceManager : found /templates/macros/report/statsTable.vm with loader org.apache.velocity.runtime.resource.loader.ClasspathResourceLoader
20:43:24.829 [main] DEBUG org.apache.velocity - Velocimacro : added VM includeBrief: source=/templates/macros/json/brief.vm
20:43:24.829 [main] DEBUG org.apache.velocity - ResourceManager : found /templates/macros/json/brief.vm with loader org.apache.velocity.runtime.resource.loader.ClasspathResourceLoader
20:43:24.830 [main] DEBUG org.apache.velocity - Velocimacro : added VM includeDocString: source=/templates/macros/json/docstring.vm
20:43:24.830 [main] DEBUG org.apache.velocity - ResourceManager : found /templates/macros/json/docstring.vm with loader org.apache.velocity.runtime.resource.loader.ClasspathResourceLoader
20:43:24.831 [main] DEBUG org.apache.velocity - Velocimacro : added VM includeDuration: source=/templates/macros/json/duration.vm
20:43:24.831 [main] DEBUG org.apache.velocity - ResourceManager : found /templates/macros/json/duration.vm with loader org.apache.velocity.runtime.resource.loader.ClasspathResourceLoader
20:43:24.833 [main] DEBUG org.apache.velocity - Velocimacro : added VM includeElement: source=/templates/macros/json/element.vm
20:43:24.833 [main] DEBUG org.apache.velocity - ResourceManager : found /templates/macros/json/element.vm with loader org.apache.velocity.runtime.resource.loader.ClasspathResourceLoader
20:43:24.837 [main] DEBUG org.apache.velocity - Velocimacro : added VM includeEmbeddings: source=/templates/macros/json/embeddings.vm
20:43:24.837 [main] DEBUG org.apache.velocity - Velocimacro : added VM includeHtmlEmbedding: source=/templates/macros/json/embeddings.vm
20:43:24.837 [main] DEBUG org.apache.velocity - Velocimacro : added VM includeImageEmbedding: source=/templates/macros/json/embeddings.vm
20:43:24.837 [main] DEBUG org.apache.velocity - Velocimacro : added VM includeImageReferenceEmbedding: source=/templates/macros/json/embeddings.vm
20:43:24.837 [main] DEBUG org.apache.velocity - Velocimacro : added VM includeTextEmbedding: source=/templates/macros/json/embeddings.vm
20:43:24.837 [main] DEBUG org.apache.velocity - Velocimacro : added VM includeUnknownEmbedding: source=/templates/macros/json/embeddings.vm
20:43:24.837 [main] DEBUG org.apache.velocity - ResourceManager : found /templates/macros/json/embeddings.vm with loader org.apache.velocity.runtime.resource.loader.ClasspathResourceLoader
20:43:24.839 [main] DEBUG org.apache.velocity - Velocimacro : added VM includeHooks: source=/templates/macros/json/hooks.vm
20:43:24.839 [main] DEBUG org.apache.velocity - ResourceManager : found /templates/macros/json/hooks.vm with loader org.apache.velocity.runtime.resource.loader.ClasspathResourceLoader
20:43:24.840 [main] DEBUG org.apache.velocity - Velocimacro : added VM includeOutput: source=/templates/macros/json/output.vm
20:43:24.841 [main] DEBUG org.apache.velocity - ResourceManager : found /templates/macros/json/output.vm with loader org.apache.velocity.runtime.resource.loader.ClasspathResourceLoader
20:43:24.842 [main] DEBUG org.apache.velocity - Velocimacro : added VM includeMessage: source=/templates/macros/json/message.vm
20:43:24.842 [main] DEBUG org.apache.velocity - ResourceManager : found /templates/macros/json/message.vm with loader org.apache.velocity.runtime.resource.loader.ClasspathResourceLoader
20:43:24.844 [main] DEBUG org.apache.velocity - Velocimacro : added VM includeSteps: source=/templates/macros/json/steps.vm
20:43:24.844 [main] DEBUG org.apache.velocity - ResourceManager : found /templates/macros/json/steps.vm with loader org.apache.velocity.runtime.resource.loader.ClasspathResourceLoader
20:43:24.846 [main] DEBUG org.apache.velocity - Velocimacro : added VM includeTags: source=/templates/macros/json/tags.vm
20:43:24.846 [main] DEBUG org.apache.velocity - ResourceManager : found /templates/macros/json/tags.vm with loader org.apache.velocity.runtime.resource.loader.ClasspathResourceLoader
20:43:24.848 [main] DEBUG org.apache.velocity - ResourceManager : found /templates/footer.vm with loader org.apache.velocity.runtime.resource.loader.ClasspathResourceLoader
Parallel Run
]]></system-out>
    <system-err><![CDATA[ERROR StatusLogger No log4j2 configuration file found. Using default configuration: logging only errors to the console.
]]></system-err>
  </testcase>
</testsuite>