<?xml version="1.0" encoding="UTF-8"?>
<testsuite xmlns:xsi="http://www.w3.org/2001/XMLSchema-instance" xsi:noNamespaceSchemaLocation="https://maven.apache.org/surefire/maven-surefire-plugin/xsd/surefire-test-report-3.0.xsd" version="3.0" name="Karate.KarateScripts.APIRunnerTest" time="80.469" tests="1" errors="0" skipped="0" failures="0">
  <properties>
    <property name="sun.desktop" value="windows"/>
    <property name="awt.toolkit" value="sun.awt.windows.WToolkit"/>
    <property name="file.encoding.pkg" value="sun.io"/>
    <property name="java.specification.version" value="1.8"/>
    <property name="sun.cpu.isalist" value="amd64"/>
    <property name="sun.jnu.encoding" value="Cp1252"/>
    <property name="java.class.path" value="D:\test selinum projects\KarateScripts\target\test-classes;D:\test selinum projects\KarateScripts\target\classes;C:\Users\irgigt\.m2\repository\com\intuit\karate\karate-apache\0.9.5\karate-apache-0.9.5.jar;C:\Users\irgigt\.m2\repository\com\intuit\karate\karate-core\0.9.5\karate-core-0.9.5.jar;C:\Users\irgigt\.m2\repository\com\jayway\jsonpath\json-path\2.4.0\json-path-2.4.0.jar;C:\Users\irgigt\.m2\repository\net\minidev\json-smart\2.3\json-smart-2.3.jar;C:\Users\irgigt\.m2\repository\net\minidev\accessors-smart\1.2\accessors-smart-1.2.jar;C:\Users\irgigt\.m2\repository\org\ow2\asm\asm\5.0.4\asm-5.0.4.jar;C:\Users\irgigt\.m2\repository\info\cukes\cucumber-java\1.2.5\cucumber-java-1.2.5.jar;C:\Users\irgigt\.m2\repository\info\cukes\cucumber-core\1.2.5\cucumber-core-1.2.5.jar;C:\Users\irgigt\.m2\repository\org\yaml\snakeyaml\1.24\snakeyaml-1.24.jar;C:\Users\irgigt\.m2\repository\de\siegmar\fastcsv\1.0.3\fastcsv-1.0.3.jar;C:\Users\irgigt\.m2\repository\info\picocli\picocli\4.0.3\picocli-4.0.3.jar;C:\Users\irgigt\.m2\repository\org\apache\httpcomponents\httpclient\4.5.11\httpclient-4.5.11.jar;C:\Users\irgigt\.m2\repository\org\apache\httpcomponents\httpcore\4.4.13\httpcore-4.4.13.jar;C:\Users\irgigt\.m2\repository\commons-codec\commons-codec\1.11\commons-codec-1.11.jar;C:\Users\irgigt\.m2\repository\org\apache\httpcomponents\httpmime\4.5.11\httpmime-4.5.11.jar;C:\Users\irgigt\.m2\repository\org\slf4j\jcl-over-slf4j\1.7.25\jcl-over-slf4j-1.7.25.jar;C:\Users\irgigt\.m2\repository\org\slf4j\slf4j-api\1.7.25\slf4j-api-1.7.25.jar;C:\Users\irgigt\.m2\repository\ch\qos\logback\logback-classic\1.2.3\logback-classic-1.2.3.jar;C:\Users\irgigt\.m2\repository\ch\qos\logback\logback-core\1.2.3\logback-core-1.2.3.jar;C:\Users\irgigt\.m2\repository\com\intuit\karate\karate-junit4\0.9.5\karate-junit4-0.9.5.jar;C:\Users\irgigt\.m2\repository\junit\junit\4.12\junit-4.12.jar;C:\Users\irgigt\.m2\repository\org\hamcrest\hamcrest-core\1.3\hamcrest-core-1.3.jar;C:\Users\irgigt\.m2\repository\net\masterthought\cucumber-reporting\3.8.0\cucumber-reporting-3.8.0.jar;C:\Users\irgigt\.m2\repository\org\apache\logging\log4j\log4j-api\2.6\log4j-api-2.6.jar;C:\Users\irgigt\.m2\repository\org\apache\logging\log4j\log4j-core\2.6\log4j-core-2.6.jar;C:\Users\irgigt\.m2\repository\com\fasterxml\jackson\core\jackson-databind\2.8.5\jackson-databind-2.8.5.jar;C:\Users\irgigt\.m2\repository\com\fasterxml\jackson\core\jackson-annotations\2.8.0\jackson-annotations-2.8.0.jar;C:\Users\irgigt\.m2\repository\com\fasterxml\jackson\core\jackson-core\2.8.5\jackson-core-2.8.5.jar;C:\Users\irgigt\.m2\repository\org\apache\velocity\velocity\1.7\velocity-1.7.jar;C:\Users\irgigt\.m2\repository\commons-collections\commons-collections\3.2.1\commons-collections-3.2.1.jar;C:\Users\irgigt\.m2\repository\commons-lang\commons-lang\2.4\commons-lang-2.4.jar;C:\Users\irgigt\.m2\repository\velocity-tools\velocity-tools\1.4\velocity-tools-1.4.jar;C:\Users\irgigt\.m2\repository\joda-time\joda-time\2.9.6\joda-time-2.9.6.jar;C:\Users\irgigt\.m2\repository\org\apache\commons\commons-lang3\3.5\commons-lang3-3.5.jar;C:\Users\irgigt\.m2\repository\commons-io\commons-io\2.5\commons-io-2.5.jar;C:\Users\irgigt\.m2\repository\net\lingala\zip4j\zip4j\1.3.2\zip4j-1.3.2.jar;C:\Users\irgigt\.m2\repository\org\codehaus\plexus\plexus-utils\3.0.24\plexus-utils-3.0.24.jar;C:\Users\irgigt\.m2\repository\org\jsoup\jsoup\1.10.1\jsoup-1.10.1.jar;C:\Users\irgigt\.m2\repository\com\googlecode\owasp-java-html-sanitizer\owasp-java-html-sanitizer\20160924.1\owasp-java-html-sanitizer-20160924.1.jar;C:\Users\irgigt\.m2\repository\com\google\guava\guava\20.0\guava-20.0.jar;C:\Users\irgigt\.m2\repository\org\testng\testng\7.4.0\testng-7.4.0.jar;C:\Users\irgigt\.m2\repository\com\beust\jcommander\1.78\jcommander-1.78.jar;C:\Users\irgigt\.m2\repository\org\webjars\jquery\3.5.1\jquery-3.5.1.jar;"/>
    <property name="java.vm.vendor" value="Oracle Corporation"/>
    <property name="sun.arch.data.model" value="64"/>
    <property name="user.variant" value=""/>
    <property name="java.vendor.url" value="http://java.oracle.com/"/>
    <property name="user.timezone" value="Asia/Calcutta"/>
    <property name="java.vm.specification.version" value="1.8"/>
    <property name="os.name" value="Windows 10"/>
    <property name="user.country" value="US"/>
    <property name="sun.java.launcher" value="SUN_STANDARD"/>
    <property name="sun.boot.library.path" value="C:\Program Files\Java\jdk1.8.0_121\jre\bin"/>
    <property name="sun.java.command" value="C:\Users\irgigt\AppData\Local\Temp\surefire731272016237737648\surefirebooter6203688394622207170.jar C:\Users\irgigt\AppData\Local\Temp\surefire731272016237737648 2021-09-13T21-20-18_238-jvmRun1 surefire6313007775737309762tmp surefire_0856864665075752131tmp"/>
    <property name="test" value="APIRunnerTest"/>
    <property name="surefire.test.class.path" value="D:\test selinum projects\KarateScripts\target\test-classes;D:\test selinum projects\KarateScripts\target\classes;C:\Users\irgigt\.m2\repository\com\intuit\karate\karate-apache\0.9.5\karate-apache-0.9.5.jar;C:\Users\irgigt\.m2\repository\com\intuit\karate\karate-core\0.9.5\karate-core-0.9.5.jar;C:\Users\irgigt\.m2\repository\com\jayway\jsonpath\json-path\2.4.0\json-path-2.4.0.jar;C:\Users\irgigt\.m2\repository\net\minidev\json-smart\2.3\json-smart-2.3.jar;C:\Users\irgigt\.m2\repository\net\minidev\accessors-smart\1.2\accessors-smart-1.2.jar;C:\Users\irgigt\.m2\repository\org\ow2\asm\asm\5.0.4\asm-5.0.4.jar;C:\Users\irgigt\.m2\repository\info\cukes\cucumber-java\1.2.5\cucumber-java-1.2.5.jar;C:\Users\irgigt\.m2\repository\info\cukes\cucumber-core\1.2.5\cucumber-core-1.2.5.jar;C:\Users\irgigt\.m2\repository\org\yaml\snakeyaml\1.24\snakeyaml-1.24.jar;C:\Users\irgigt\.m2\repository\de\siegmar\fastcsv\1.0.3\fastcsv-1.0.3.jar;C:\Users\irgigt\.m2\repository\info\picocli\picocli\4.0.3\picocli-4.0.3.jar;C:\Users\irgigt\.m2\repository\org\apache\httpcomponents\httpclient\4.5.11\httpclient-4.5.11.jar;C:\Users\irgigt\.m2\repository\org\apache\httpcomponents\httpcore\4.4.13\httpcore-4.4.13.jar;C:\Users\irgigt\.m2\repository\commons-codec\commons-codec\1.11\commons-codec-1.11.jar;C:\Users\irgigt\.m2\repository\org\apache\httpcomponents\httpmime\4.5.11\httpmime-4.5.11.jar;C:\Users\irgigt\.m2\repository\org\slf4j\jcl-over-slf4j\1.7.25\jcl-over-slf4j-1.7.25.jar;C:\Users\irgigt\.m2\repository\org\slf4j\slf4j-api\1.7.25\slf4j-api-1.7.25.jar;C:\Users\irgigt\.m2\repository\ch\qos\logback\logback-classic\1.2.3\logback-classic-1.2.3.jar;C:\Users\irgigt\.m2\repository\ch\qos\logback\logback-core\1.2.3\logback-core-1.2.3.jar;C:\Users\irgigt\.m2\repository\com\intuit\karate\karate-junit4\0.9.5\karate-junit4-0.9.5.jar;C:\Users\irgigt\.m2\repository\junit\junit\4.12\junit-4.12.jar;C:\Users\irgigt\.m2\repository\org\hamcrest\hamcrest-core\1.3\hamcrest-core-1.3.jar;C:\Users\irgigt\.m2\repository\net\masterthought\cucumber-reporting\3.8.0\cucumber-reporting-3.8.0.jar;C:\Users\irgigt\.m2\repository\org\apache\logging\log4j\log4j-api\2.6\log4j-api-2.6.jar;C:\Users\irgigt\.m2\repository\org\apache\logging\log4j\log4j-core\2.6\log4j-core-2.6.jar;C:\Users\irgigt\.m2\repository\com\fasterxml\jackson\core\jackson-databind\2.8.5\jackson-databind-2.8.5.jar;C:\Users\irgigt\.m2\repository\com\fasterxml\jackson\core\jackson-annotations\2.8.0\jackson-annotations-2.8.0.jar;C:\Users\irgigt\.m2\repository\com\fasterxml\jackson\core\jackson-core\2.8.5\jackson-core-2.8.5.jar;C:\Users\irgigt\.m2\repository\org\apache\velocity\velocity\1.7\velocity-1.7.jar;C:\Users\irgigt\.m2\repository\commons-collections\commons-collections\3.2.1\commons-collections-3.2.1.jar;C:\Users\irgigt\.m2\repository\commons-lang\commons-lang\2.4\commons-lang-2.4.jar;C:\Users\irgigt\.m2\repository\velocity-tools\velocity-tools\1.4\velocity-tools-1.4.jar;C:\Users\irgigt\.m2\repository\joda-time\joda-time\2.9.6\joda-time-2.9.6.jar;C:\Users\irgigt\.m2\repository\org\apache\commons\commons-lang3\3.5\commons-lang3-3.5.jar;C:\Users\irgigt\.m2\repository\commons-io\commons-io\2.5\commons-io-2.5.jar;C:\Users\irgigt\.m2\repository\net\lingala\zip4j\zip4j\1.3.2\zip4j-1.3.2.jar;C:\Users\irgigt\.m2\repository\org\codehaus\plexus\plexus-utils\3.0.24\plexus-utils-3.0.24.jar;C:\Users\irgigt\.m2\repository\org\jsoup\jsoup\1.10.1\jsoup-1.10.1.jar;C:\Users\irgigt\.m2\repository\com\googlecode\owasp-java-html-sanitizer\owasp-java-html-sanitizer\20160924.1\owasp-java-html-sanitizer-20160924.1.jar;C:\Users\irgigt\.m2\repository\com\google\guava\guava\20.0\guava-20.0.jar;C:\Users\irgigt\.m2\repository\org\testng\testng\7.4.0\testng-7.4.0.jar;C:\Users\irgigt\.m2\repository\com\beust\jcommander\1.78\jcommander-1.78.jar;C:\Users\irgigt\.m2\repository\org\webjars\jquery\3.5.1\jquery-3.5.1.jar;"/>
    <property name="sun.cpu.endian" value="little"/>
    <property name="user.home" value="C:\Users\irgigt"/>
    <property name="user.language" value="en"/>
    <property name="java.specification.vendor" value="Oracle Corporation"/>
    <property name="java.home" value="C:\Program Files\Java\jdk1.8.0_121\jre"/>
    <property name="basedir" value="D:\test selinum projects\KarateScripts"/>
    <property name="file.separator" value="\"/>
    <property name="line.separator" value="&#10;"/>
    <property name="java.vm.specification.vendor" value="Oracle Corporation"/>
    <property name="java.specification.name" value="Java Platform API Specification"/>
    <property name="java.awt.graphicsenv" value="sun.awt.Win32GraphicsEnvironment"/>
    <property name="karate.options" value="--tags @Soap classpath:resources"/>
    <property name="surefire.real.class.path" value="C:\Users\irgigt\AppData\Local\Temp\surefire731272016237737648\surefirebooter6203688394622207170.jar"/>
    <property name="sun.boot.class.path" value="C:\Program Files\Java\jdk1.8.0_121\jre\lib\resources.jar;C:\Program Files\Java\jdk1.8.0_121\jre\lib\rt.jar;C:\Program Files\Java\jdk1.8.0_121\jre\lib\sunrsasign.jar;C:\Program Files\Java\jdk1.8.0_121\jre\lib\jsse.jar;C:\Program Files\Java\jdk1.8.0_121\jre\lib\jce.jar;C:\Program Files\Java\jdk1.8.0_121\jre\lib\charsets.jar;C:\Program Files\Java\jdk1.8.0_121\jre\lib\jfr.jar;C:\Program Files\Java\jdk1.8.0_121\jre\classes"/>
    <property name="user.script" value=""/>
    <property name="sun.management.compiler" value="HotSpot 64-Bit Tiered Compilers"/>
    <property name="java.runtime.version" value="1.8.0_121-b13"/>
    <property name="user.name" value="irgigt"/>
    <property name="path.separator" value=";"/>
    <property name="os.version" value="10.0"/>
    <property name="java.endorsed.dirs" value="C:\Program Files\Java\jdk1.8.0_121\jre\lib\endorsed"/>
    <property name="java.runtime.name" value="Java(TM) SE Runtime Environment"/>
    <property name="file.encoding" value="Cp1252"/>
    <property name="java.vm.name" value="Java HotSpot(TM) 64-Bit Server VM"/>
    <property name="localRepository" value="C:\Users\irgigt\.m2\repository"/>
    <property name="java.vendor.url.bug" value="http://bugreport.sun.com/bugreport/"/>
    <property name="java.io.tmpdir" value="C:\Users\irgigt\AppData\Local\Temp\"/>
    <property name="java.version" value="1.8.0_121"/>
    <property name="user.dir" value="D:\test selinum projects\KarateScripts"/>
    <property name="os.arch" value="amd64"/>
    <property name="java.vm.specification.name" value="Java Virtual Machine Specification"/>
    <property name="java.awt.printerjob" value="sun.awt.windows.WPrinterJob"/>
    <property name="sun.os.patch.level" value=""/>
    <property name="java.library.path" value="C:\Program Files\Java\jdk1.8.0_121\jre\bin;C:\WINDOWS\Sun\Java\bin;C:\WINDOWS\system32;C:\WINDOWS;C:\Python3_8\Scripts\;C:\Python3_8\;C:\ProgramData\Oracle\Java\javapath;C:\WINDOWS\system32;C:\WINDOWS;C:\WINDOWS\System32\Wbem;C:\WINDOWS\System32\WindowsPowerShell\v1.0\;C:\WINDOWS\System32\OpenSSH\;C:\Users\irgigt\AppData\Local\Programs\Python\Python38-32;C:\Program Files\Microsoft SQL Server\130\Tools\Binn\;C:\Program Files\TortoiseGit\bin;C:\Program Files\Git\cmd;C:\Program Files\TortoiseSVN\bin;C:\Program Files\nodejs\;C:\Program Files (x86)\Microsoft SQL Server\150\DTS\Binn\;C:\Program Files\Azure Data Studio\bin;C:\Users\irgigt\AppData\Local\Android\Sdk\tools\bin;C:\Users\irgigt\AppData\Local\Android\Sdk\tools;C:\Users\irgigt\AppData\Local\Android\Sdk\platform-tools;C:\Program Files\nodejs\node_modules\npm\bin;C:\Users\irgigt\apache-maven-3.8.1-bin\apache-maven-3.8.1\bin;C:\Program Files\MySQL\MySQL Shell 8.0\bin\;C:\Users\irgigt\AppData\Local\Microsoft\WindowsApps;C:\Users\irgigt\AppData\Local\Programs\Microsoft VS Code\bin;C:\Users\irgigt\AppData\Roaming\npm;C:\Program Files\Azure Data Studio\bin;;."/>
    <property name="java.vm.info" value="mixed mode"/>
    <property name="java.vendor" value="Oracle Corporation"/>
    <property name="java.vm.version" value="25.121-b13"/>
    <property name="java.ext.dirs" value="C:\Program Files\Java\jdk1.8.0_121\jre\lib\ext;C:\WINDOWS\Sun\Java\lib\ext"/>
    <property name="sun.io.unicode.encoding" value="UnicodeLittle"/>
    <property name="java.class.version" value="52.0"/>
  </properties>
  <testcase name="parallelRun" classname="Karate.KarateScripts.APIRunnerTest" time="77.593">
    <system-out><![CDATA[This is before suite
D:\test selinum projects\KarateScripts\target\surefire-reports\new5
D:\test selinum projects\KarateScripts\target\surefire-reports\resources.DetailsPost.json
D:\test selinum projects\KarateScripts\target\surefire-reports\resources.DetailsPost.xml
D:\test selinum projects\KarateScripts\target\surefire-reports\resources.Soap.json
D:\test selinum projects\KarateScripts\target\surefire-reports\resources.Soap.xml
D:\test selinum projects\KarateScripts\target\surefire-reports\resources.TwoWAyCommands.json
D:\test selinum projects\KarateScripts\target\surefire-reports\resources.TwoWAyCommands.xml
D:\test selinum projects\KarateScripts\target\surefire-reports\results-json.txt
D:\test selinum projects\KarateScripts\target\surefire-reports\timeline.html
21:20:25.655 [main] INFO com.intuit.karate.RunnerOptions - found system property 'karate.options': --tags @Soap classpath:resources
21:20:27.404 [main] INFO com.intuit.karate.Runner - waiting for parallel features to complete ...
21:20:27.635 [pool-2-thread-4] WARN com.intuit.karate - skipping bootstrap configuration: could not find or read file: classpath:karate-config.js
21:20:27.789 [pool-2-thread-4] DEBUG com.jayway.jsonpath.internal.path.CompiledPath - Evaluating path: $
21:20:27.796 [pool-2-thread-4] DEBUG com.jayway.jsonpath.internal.path.CompiledPath - Evaluating path: $
21:20:27.812 [pool-2-thread-4] DEBUG com.jayway.jsonpath.internal.path.CompiledPath - Evaluating path: $
21:20:59.874 [pool-2-thread-4] DEBUG com.jayway.jsonpath.internal.path.CompiledPath - Evaluating path: $
21:20:59.924 [pool-2-thread-4] DEBUG com.jayway.jsonpath.internal.path.CompiledPath - Evaluating path: $
21:21:00.932 [pool-2-thread-4] DEBUG org.apache.http.client.protocol.RequestAddCookies - CookieSpec selected: karate
21:21:00.937 [pool-2-thread-4] DEBUG org.apache.http.client.protocol.RequestAuthCache - Auth cache not set in the context
21:21:00.939 [pool-2-thread-4] DEBUG com.intuit.karate - request:
1 > POST https://soap.tracking.thermoking.com/tk-webservices/Command
1 > Accept-Encoding: gzip,deflate
1 > Authorization: Basic d2Vic2VydmljZS51c2VyLmFsbC4yMTRATUlTU0lORy5DT006Z2g2MmpBST51TFB1dmxw
1 > Connection: Keep-Alive
1 > Content-Length: 646
1 > Content-Type: application/xml; charset=UTF-8
1 > Host: soap.tracking.thermoking.com
1 > SOAPAction: 
1 > User-Agent: Apache-HttpClient/4.5.11 (Java/1.8.0_121)
<soapenv:Envelope xmlns:soapenv="http://schemas.xmlsoap.org/soap/envelope/" xmlns:ser="http://service.jbossws.webservices.celtrak.com/">
    <soapenv:Header/>
    <soapenv:Body>
        <ser:getRequestStatus>
            <!--1 or more repetitions:-->
            <RequestStatuses>
                <customerId>4560BD5E-BD7B-42B0-8DCB-627EB8454C72</customerId>
                <requestReference>#(requestIdentifier)</requestReference>
                <vehicleId>Bluebox India 2</vehicleId>
            </RequestStatuses>
            <operatorName>?</operatorName>
        </ser:getRequestStatus>
    </soapenv:Body>
</soapenv:Envelope>

21:21:00.940 [pool-2-thread-4] DEBUG org.apache.http.impl.conn.PoolingHttpClientConnectionManager - Connection request: [route: {s}->https://soap.tracking.thermoking.com:443][total available: 0; route allocated: 0 of 5; total allocated: 0 of 10]
21:21:00.949 [pool-2-thread-4] DEBUG org.apache.http.impl.conn.PoolingHttpClientConnectionManager - Connection leased: [id: 0][route: {s}->https://soap.tracking.thermoking.com:443][total available: 0; route allocated: 1 of 5; total allocated: 1 of 10]
21:21:00.950 [pool-2-thread-4] DEBUG org.apache.http.impl.execchain.MainClientExec - Opening connection {s}->https://soap.tracking.thermoking.com:443
21:21:00.974 [pool-2-thread-4] DEBUG org.apache.http.impl.conn.DefaultHttpClientConnectionOperator - Connecting to soap.tracking.thermoking.com/3.94.35.196:443
21:21:00.974 [pool-2-thread-4] DEBUG org.apache.http.conn.ssl.SSLConnectionSocketFactory - Connecting socket to soap.tracking.thermoking.com/3.94.35.196:443 with timeout 30000
21:21:01.299 [pool-2-thread-4] DEBUG org.apache.http.conn.ssl.SSLConnectionSocketFactory - Enabled protocols: [TLSv1, TLSv1.1, TLSv1.2]
21:21:01.299 [pool-2-thread-4] DEBUG org.apache.http.conn.ssl.SSLConnectionSocketFactory - Enabled cipher suites:[TLS_ECDHE_ECDSA_WITH_AES_128_CBC_SHA256, TLS_ECDHE_RSA_WITH_AES_128_CBC_SHA256, TLS_RSA_WITH_AES_128_CBC_SHA256, TLS_ECDH_ECDSA_WITH_AES_128_CBC_SHA256, TLS_ECDH_RSA_WITH_AES_128_CBC_SHA256, TLS_DHE_RSA_WITH_AES_128_CBC_SHA256, TLS_DHE_DSS_WITH_AES_128_CBC_SHA256, TLS_ECDHE_ECDSA_WITH_AES_128_CBC_SHA, TLS_ECDHE_RSA_WITH_AES_128_CBC_SHA, TLS_RSA_WITH_AES_128_CBC_SHA, TLS_ECDH_ECDSA_WITH_AES_128_CBC_SHA, TLS_ECDH_RSA_WITH_AES_128_CBC_SHA, TLS_DHE_RSA_WITH_AES_128_CBC_SHA, TLS_DHE_DSS_WITH_AES_128_CBC_SHA, TLS_ECDHE_ECDSA_WITH_AES_128_GCM_SHA256, TLS_ECDHE_RSA_WITH_AES_128_GCM_SHA256, TLS_RSA_WITH_AES_128_GCM_SHA256, TLS_ECDH_ECDSA_WITH_AES_128_GCM_SHA256, TLS_ECDH_RSA_WITH_AES_128_GCM_SHA256, TLS_DHE_RSA_WITH_AES_128_GCM_SHA256, TLS_DHE_DSS_WITH_AES_128_GCM_SHA256, TLS_EMPTY_RENEGOTIATION_INFO_SCSV]
21:21:01.299 [pool-2-thread-4] DEBUG org.apache.http.conn.ssl.SSLConnectionSocketFactory - Starting handshake
21:21:01.934 [pool-2-thread-4] DEBUG org.apache.http.conn.ssl.SSLConnectionSocketFactory - Secure session established
21:21:01.934 [pool-2-thread-4] DEBUG org.apache.http.conn.ssl.SSLConnectionSocketFactory -  negotiated protocol: TLSv1.2
21:21:01.934 [pool-2-thread-4] DEBUG org.apache.http.conn.ssl.SSLConnectionSocketFactory -  negotiated cipher suite: TLS_ECDHE_RSA_WITH_AES_128_GCM_SHA256
21:21:01.935 [pool-2-thread-4] DEBUG org.apache.http.conn.ssl.SSLConnectionSocketFactory -  peer principal: CN=*.tracking.thermoking.com
21:21:01.942 [pool-2-thread-4] DEBUG org.apache.http.conn.ssl.SSLConnectionSocketFactory -  peer alternative names: [*.tracking.thermoking.com]
21:21:01.943 [pool-2-thread-4] DEBUG org.apache.http.conn.ssl.SSLConnectionSocketFactory -  issuer principal: CN=Amazon, OU=Server CA 1B, O=Amazon, C=US
21:21:01.947 [pool-2-thread-4] DEBUG org.apache.http.impl.conn.DefaultHttpClientConnectionOperator - Connection established 10.200.54.16:63292<->3.94.35.196:443
21:21:01.947 [pool-2-thread-4] DEBUG org.apache.http.impl.conn.DefaultManagedHttpClientConnection - http-outgoing-0: set socket timeout to 30000
21:21:01.947 [pool-2-thread-4] DEBUG org.apache.http.impl.execchain.MainClientExec - Executing request POST /tk-webservices/Command HTTP/1.1
21:21:01.948 [pool-2-thread-4] DEBUG org.apache.http.impl.execchain.MainClientExec - Proxy auth state: UNCHALLENGED
21:21:01.949 [pool-2-thread-4] DEBUG org.apache.http.headers - http-outgoing-0 >> POST /tk-webservices/Command HTTP/1.1
21:21:01.949 [pool-2-thread-4] DEBUG org.apache.http.headers - http-outgoing-0 >> Authorization: Basic d2Vic2VydmljZS51c2VyLmFsbC4yMTRATUlTU0lORy5DT006Z2g2MmpBST51TFB1dmxw
21:21:01.949 [pool-2-thread-4] DEBUG org.apache.http.headers - http-outgoing-0 >> SOAPAction: 
21:21:01.949 [pool-2-thread-4] DEBUG org.apache.http.headers - http-outgoing-0 >> Content-Type: application/xml; charset=UTF-8
21:21:01.949 [pool-2-thread-4] DEBUG org.apache.http.headers - http-outgoing-0 >> Content-Length: 646
21:21:01.949 [pool-2-thread-4] DEBUG org.apache.http.headers - http-outgoing-0 >> Host: soap.tracking.thermoking.com
21:21:01.949 [pool-2-thread-4] DEBUG org.apache.http.headers - http-outgoing-0 >> Connection: Keep-Alive
21:21:01.949 [pool-2-thread-4] DEBUG org.apache.http.headers - http-outgoing-0 >> User-Agent: Apache-HttpClient/4.5.11 (Java/1.8.0_121)
21:21:01.949 [pool-2-thread-4] DEBUG org.apache.http.headers - http-outgoing-0 >> Accept-Encoding: gzip,deflate
21:21:01.949 [pool-2-thread-4] DEBUG org.apache.http.wire - http-outgoing-0 >> "POST /tk-webservices/Command HTTP/1.1[\r][\n]"
21:21:01.949 [pool-2-thread-4] DEBUG org.apache.http.wire - http-outgoing-0 >> "Authorization: Basic d2Vic2VydmljZS51c2VyLmFsbC4yMTRATUlTU0lORy5DT006Z2g2MmpBST51TFB1dmxw[\r][\n]"
21:21:01.950 [pool-2-thread-4] DEBUG org.apache.http.wire - http-outgoing-0 >> "SOAPAction: [\r][\n]"
21:21:01.950 [pool-2-thread-4] DEBUG org.apache.http.wire - http-outgoing-0 >> "Content-Type: application/xml; charset=UTF-8[\r][\n]"
21:21:01.950 [pool-2-thread-4] DEBUG org.apache.http.wire - http-outgoing-0 >> "Content-Length: 646[\r][\n]"
21:21:01.950 [pool-2-thread-4] DEBUG org.apache.http.wire - http-outgoing-0 >> "Host: soap.tracking.thermoking.com[\r][\n]"
21:21:01.950 [pool-2-thread-4] DEBUG org.apache.http.wire - http-outgoing-0 >> "Connection: Keep-Alive[\r][\n]"
21:21:01.950 [pool-2-thread-4] DEBUG org.apache.http.wire - http-outgoing-0 >> "User-Agent: Apache-HttpClient/4.5.11 (Java/1.8.0_121)[\r][\n]"
21:21:01.950 [pool-2-thread-4] DEBUG org.apache.http.wire - http-outgoing-0 >> "Accept-Encoding: gzip,deflate[\r][\n]"
21:21:01.950 [pool-2-thread-4] DEBUG org.apache.http.wire - http-outgoing-0 >> "[\r][\n]"
21:21:01.950 [pool-2-thread-4] DEBUG org.apache.http.wire - http-outgoing-0 >> "<soapenv:Envelope xmlns:soapenv="http://schemas.xmlsoap.org/soap/envelope/" xmlns:ser="http://service.jbossws.webservices.celtrak.com/">[\r][\n]"
21:21:01.950 [pool-2-thread-4] DEBUG org.apache.http.wire - http-outgoing-0 >> "    <soapenv:Header/>[\r][\n]"
21:21:01.950 [pool-2-thread-4] DEBUG org.apache.http.wire - http-outgoing-0 >> "    <soapenv:Body>[\r][\n]"
21:21:01.950 [pool-2-thread-4] DEBUG org.apache.http.wire - http-outgoing-0 >> "        <ser:getRequestStatus>[\r][\n]"
21:21:01.950 [pool-2-thread-4] DEBUG org.apache.http.wire - http-outgoing-0 >> "            <!--1 or more repetitions:-->[\r][\n]"
21:21:01.950 [pool-2-thread-4] DEBUG org.apache.http.wire - http-outgoing-0 >> "            <RequestStatuses>[\r][\n]"
21:21:01.950 [pool-2-thread-4] DEBUG org.apache.http.wire - http-outgoing-0 >> "                <customerId>4560BD5E-BD7B-42B0-8DCB-627EB8454C72</customerId>[\r][\n]"
21:21:01.950 [pool-2-thread-4] DEBUG org.apache.http.wire - http-outgoing-0 >> "                <requestReference>#(requestIdentifier)</requestReference>[\r][\n]"
21:21:01.950 [pool-2-thread-4] DEBUG org.apache.http.wire - http-outgoing-0 >> "                <vehicleId>Bluebox India 2</vehicleId>[\r][\n]"
21:21:01.950 [pool-2-thread-4] DEBUG org.apache.http.wire - http-outgoing-0 >> "            </RequestStatuses>[\r][\n]"
21:21:01.951 [pool-2-thread-4] DEBUG org.apache.http.wire - http-outgoing-0 >> "            <operatorName>?</operatorName>[\r][\n]"
21:21:01.951 [pool-2-thread-4] DEBUG org.apache.http.wire - http-outgoing-0 >> "        </ser:getRequestStatus>[\r][\n]"
21:21:01.951 [pool-2-thread-4] DEBUG org.apache.http.wire - http-outgoing-0 >> "    </soapenv:Body>[\r][\n]"
21:21:01.951 [pool-2-thread-4] DEBUG org.apache.http.wire - http-outgoing-0 >> "</soapenv:Envelope>"
21:21:02.296 [pool-2-thread-4] DEBUG org.apache.http.wire - http-outgoing-0 << "HTTP/1.1 200 OK[\r][\n]"
21:21:02.296 [pool-2-thread-4] DEBUG org.apache.http.wire - http-outgoing-0 << "Date: Mon, 13 Sep 2021 15:51:02 GMT[\r][\n]"
21:21:02.296 [pool-2-thread-4] DEBUG org.apache.http.wire - http-outgoing-0 << "Content-Type: text/xml;charset=UTF-8[\r][\n]"
21:21:02.296 [pool-2-thread-4] DEBUG org.apache.http.wire - http-outgoing-0 << "Content-Length: 323[\r][\n]"
21:21:02.296 [pool-2-thread-4] DEBUG org.apache.http.wire - http-outgoing-0 << "Connection: keep-alive[\r][\n]"
21:21:02.296 [pool-2-thread-4] DEBUG org.apache.http.wire - http-outgoing-0 << "Set-Cookie: AWSALBTG=8THAwmnq7Ux6u/17fFQVr/AcJ5o4tGPEk4B8CXX/oy2WKsSUzX5J55nKtOYTewgjI3HJmQKztczOWSXhWsN8s0x/iLCZ/2CPbhfKGM3SxkPRfzMei5KrfwbEB/dHz99dZD8x1zeiLA+F3TiAymtkyJk5uS8KDm66IGagL2IRaLjI; Expires=Mon, 20 Sep 2021 15:51:02 GMT; Path=/[\r][\n]"
21:21:02.296 [pool-2-thread-4] DEBUG org.apache.http.wire - http-outgoing-0 << "Set-Cookie: AWSALBTGCORS=8THAwmnq7Ux6u/17fFQVr/AcJ5o4tGPEk4B8CXX/oy2WKsSUzX5J55nKtOYTewgjI3HJmQKztczOWSXhWsN8s0x/iLCZ/2CPbhfKGM3SxkPRfzMei5KrfwbEB/dHz99dZD8x1zeiLA+F3TiAymtkyJk5uS8KDm66IGagL2IRaLjI; Expires=Mon, 20 Sep 2021 15:51:02 GMT; Path=/; SameSite=None; Secure[\r][\n]"
21:21:02.296 [pool-2-thread-4] DEBUG org.apache.http.wire - http-outgoing-0 << "Expires: 0[\r][\n]"
21:21:02.296 [pool-2-thread-4] DEBUG org.apache.http.wire - http-outgoing-0 << "Cache-Control: no-cache, no-store, must-revalidate[\r][\n]"
21:21:02.297 [pool-2-thread-4] DEBUG org.apache.http.wire - http-outgoing-0 << "X-Powered-By: Undertow/1[\r][\n]"
21:21:02.297 [pool-2-thread-4] DEBUG org.apache.http.wire - http-outgoing-0 << "Server: WildFly/10[\r][\n]"
21:21:02.297 [pool-2-thread-4] DEBUG org.apache.http.wire - http-outgoing-0 << "Pragma: no-cache[\r][\n]"
21:21:02.297 [pool-2-thread-4] DEBUG org.apache.http.wire - http-outgoing-0 << "[\r][\n]"
21:21:02.297 [pool-2-thread-4] DEBUG org.apache.http.wire - http-outgoing-0 << "<soap:Envelope xmlns:soap="http://schemas.xmlsoap.org/soap/envelope/"><SOAP-ENV:Header xmlns:SOAP-ENV="http://schemas.xmlsoap.org/soap/envelope/"/><soap:Body><ns2:getRequestStatusResponse xmlns:ns2="http://service.jbossws.webservices.celtrak.com/"><RequestStatus/></ns2:getRequestStatusResponse></soap:Body></soap:Envelope>"
21:21:02.299 [pool-2-thread-4] DEBUG org.apache.http.headers - http-outgoing-0 << HTTP/1.1 200 OK
21:21:02.299 [pool-2-thread-4] DEBUG org.apache.http.headers - http-outgoing-0 << Date: Mon, 13 Sep 2021 15:51:02 GMT
21:21:02.299 [pool-2-thread-4] DEBUG org.apache.http.headers - http-outgoing-0 << Content-Type: text/xml;charset=UTF-8
21:21:02.299 [pool-2-thread-4] DEBUG org.apache.http.headers - http-outgoing-0 << Content-Length: 323
21:21:02.299 [pool-2-thread-4] DEBUG org.apache.http.headers - http-outgoing-0 << Connection: keep-alive
21:21:02.299 [pool-2-thread-4] DEBUG org.apache.http.headers - http-outgoing-0 << Set-Cookie: AWSALBTG=8THAwmnq7Ux6u/17fFQVr/AcJ5o4tGPEk4B8CXX/oy2WKsSUzX5J55nKtOYTewgjI3HJmQKztczOWSXhWsN8s0x/iLCZ/2CPbhfKGM3SxkPRfzMei5KrfwbEB/dHz99dZD8x1zeiLA+F3TiAymtkyJk5uS8KDm66IGagL2IRaLjI; Expires=Mon, 20 Sep 2021 15:51:02 GMT; Path=/
21:21:02.299 [pool-2-thread-4] DEBUG org.apache.http.headers - http-outgoing-0 << Set-Cookie: AWSALBTGCORS=8THAwmnq7Ux6u/17fFQVr/AcJ5o4tGPEk4B8CXX/oy2WKsSUzX5J55nKtOYTewgjI3HJmQKztczOWSXhWsN8s0x/iLCZ/2CPbhfKGM3SxkPRfzMei5KrfwbEB/dHz99dZD8x1zeiLA+F3TiAymtkyJk5uS8KDm66IGagL2IRaLjI; Expires=Mon, 20 Sep 2021 15:51:02 GMT; Path=/; SameSite=None; Secure
21:21:02.299 [pool-2-thread-4] DEBUG org.apache.http.headers - http-outgoing-0 << Expires: 0
21:21:02.299 [pool-2-thread-4] DEBUG org.apache.http.headers - http-outgoing-0 << Cache-Control: no-cache, no-store, must-revalidate
21:21:02.299 [pool-2-thread-4] DEBUG org.apache.http.headers - http-outgoing-0 << X-Powered-By: Undertow/1
21:21:02.299 [pool-2-thread-4] DEBUG org.apache.http.headers - http-outgoing-0 << Server: WildFly/10
21:21:02.299 [pool-2-thread-4] DEBUG org.apache.http.headers - http-outgoing-0 << Pragma: no-cache
21:21:02.302 [pool-2-thread-4] DEBUG org.apache.http.impl.execchain.MainClientExec - Connection can be kept alive indefinitely
21:21:02.310 [pool-2-thread-4] DEBUG org.apache.http.client.protocol.ResponseProcessCookies - Cookie accepted [AWSALBTG="8THAwmnq7Ux6u/17fFQVr/AcJ5o4tGPEk4B8CXX/oy2WKsSUzX5J55nKtOYTewgjI3HJmQKztczOWSXhWsN8s0x/iLCZ/2CPbhfK...", version:0, domain:soap.tracking.thermoking.com, path:/, expiry:Mon Sep 20 21:21:02 IST 2021]
21:21:02.311 [pool-2-thread-4] DEBUG org.apache.http.client.protocol.ResponseProcessCookies - Cookie accepted [AWSALBTGCORS="8THAwmnq7Ux6u/17fFQVr/AcJ5o4tGPEk4B8CXX/oy2WKsSUzX5J55nKtOYTewgjI3HJmQKztczOWSXhWsN8s0x/iLCZ/2CPbhfK...", version:0, domain:soap.tracking.thermoking.com, path:/, expiry:Mon Sep 20 21:21:02 IST 2021]
21:21:02.312 [pool-2-thread-4] DEBUG org.apache.http.impl.conn.PoolingHttpClientConnectionManager - Connection [id: 0][route: {s}->https://soap.tracking.thermoking.com:443] can be kept alive indefinitely
21:21:02.312 [pool-2-thread-4] DEBUG org.apache.http.impl.conn.DefaultManagedHttpClientConnection - http-outgoing-0: set socket timeout to 0
21:21:02.312 [pool-2-thread-4] DEBUG org.apache.http.impl.conn.PoolingHttpClientConnectionManager - Connection released: [id: 0][route: {s}->https://soap.tracking.thermoking.com:443][total available: 1; route allocated: 1 of 5; total allocated: 1 of 10]
21:21:02.312 [pool-2-thread-4] DEBUG com.intuit.karate - response time in milliseconds: 1372.07
1 < 200
1 < Cache-Control: no-cache, no-store, must-revalidate
1 < Connection: keep-alive
1 < Content-Length: 323
1 < Content-Type: text/xml;charset=UTF-8
1 < Date: Mon, 13 Sep 2021 15:51:02 GMT
1 < Expires: 0
1 < Pragma: no-cache
1 < Server: WildFly/10
1 < Set-Cookie: [AWSALBTG=8THAwmnq7Ux6u/17fFQVr/AcJ5o4tGPEk4B8CXX/oy2WKsSUzX5J55nKtOYTewgjI3HJmQKztczOWSXhWsN8s0x/iLCZ/2CPbhfKGM3SxkPRfzMei5KrfwbEB/dHz99dZD8x1zeiLA+F3TiAymtkyJk5uS8KDm66IGagL2IRaLjI; Expires=Mon, 20 Sep 2021 15:51:02 GMT; Path=/, AWSALBTGCORS=8THAwmnq7Ux6u/17fFQVr/AcJ5o4tGPEk4B8CXX/oy2WKsSUzX5J55nKtOYTewgjI3HJmQKztczOWSXhWsN8s0x/iLCZ/2CPbhfKGM3SxkPRfzMei5KrfwbEB/dHz99dZD8x1zeiLA+F3TiAymtkyJk5uS8KDm66IGagL2IRaLjI; Expires=Mon, 20 Sep 2021 15:51:02 GMT; Path=/; SameSite=None; Secure]
1 < X-Powered-By: Undertow/1
<soap:Envelope xmlns:soap="http://schemas.xmlsoap.org/soap/envelope/"><SOAP-ENV:Header xmlns:SOAP-ENV="http://schemas.xmlsoap.org/soap/envelope/"/><soap:Body><ns2:getRequestStatusResponse xmlns:ns2="http://service.jbossws.webservices.celtrak.com/"><RequestStatus/></ns2:getRequestStatusResponse></soap:Body></soap:Envelope>

21:21:02.315 [pool-2-thread-4] INFO com.intuit.karate - [print] <soap:Envelope xmlns:soap="http://schemas.xmlsoap.org/soap/envelope/">
  <SOAP-ENV:Header xmlns:SOAP-ENV="http://schemas.xmlsoap.org/soap/envelope/"/>
  <soap:Body>
    <ns2:getRequestStatusResponse xmlns:ns2="http://service.jbossws.webservices.celtrak.com/">
      <RequestStatus/>
    </ns2:getRequestStatusResponse>
  </soap:Body>
</soap:Envelope>

21:21:02.323 [pool-2-thread-4] WARN com.intuit.karate - skipping bootstrap configuration: could not find or read file: classpath:karate-config.js
21:21:02.324 [pool-2-thread-4] DEBUG com.jayway.jsonpath.internal.path.CompiledPath - Evaluating path: $
21:21:02.324 [pool-2-thread-4] DEBUG com.jayway.jsonpath.internal.path.CompiledPath - Evaluating path: $
21:21:02.325 [pool-2-thread-4] DEBUG com.jayway.jsonpath.internal.path.CompiledPath - Evaluating path: $
21:21:02.328 [pool-2-thread-4] DEBUG com.jayway.jsonpath.internal.path.CompiledPath - Evaluating path: $
21:21:02.329 [pool-2-thread-4] DEBUG org.apache.http.client.protocol.RequestAddCookies - CookieSpec selected: karate
21:21:02.329 [pool-2-thread-4] DEBUG org.apache.http.client.protocol.RequestAuthCache - Auth cache not set in the context
21:21:02.329 [pool-2-thread-4] DEBUG com.intuit.karate - request:
1 > POST https://soap.tracking.thermoking.com/tk-webservices/Command
1 > Accept-Encoding: gzip,deflate
1 > Authorization: Basic d2Vic2VydmljZS51c2VyLmFsbC4yMTRATUlTU0lORy5DT006Z2g2MmpBST51TFB1dmxw
1 > Connection: Keep-Alive
1 > Content-Length: 649
1 > Content-Type: application/xml; charset=UTF-8
1 > Host: soap.tracking.thermoking.com
1 > SOAPAction: 
1 > User-Agent: Apache-HttpClient/4.5.11 (Java/1.8.0_121)
<soapenv:Envelope xmlns:soapenv="http://schemas.xmlsoap.org/soap/envelope/" xmlns:ser="http://service.jbossws.webservices.celtrak.com/">
    <soapenv:Header/>
    <soapenv:Body>
        <ser:updateSetPoint>
            <!--1 or more repetitions:-->
            <customerVehicles>
                <customerid>4560BD5E-BD7B-42B0-8DCB-627EB8454C72</customerid>
                <!--1 or more repetitions:-->
                <vehicles>Bluebox India 2</vehicles>
            </customerVehicles>
            <zoneId>1</zoneId>
            <setPointValue>-2</setPointValue>
        </ser:updateSetPoint>
    </soapenv:Body>
</soapenv:Envelope>

21:21:02.330 [pool-2-thread-4] DEBUG org.apache.http.impl.conn.PoolingHttpClientConnectionManager - Connection request: [route: {s}->https://soap.tracking.thermoking.com:443][total available: 0; route allocated: 0 of 5; total allocated: 0 of 10]
21:21:02.330 [pool-2-thread-4] DEBUG org.apache.http.impl.conn.PoolingHttpClientConnectionManager - Connection leased: [id: 1][route: {s}->https://soap.tracking.thermoking.com:443][total available: 0; route allocated: 1 of 5; total allocated: 1 of 10]
21:21:02.330 [pool-2-thread-4] DEBUG org.apache.http.impl.execchain.MainClientExec - Opening connection {s}->https://soap.tracking.thermoking.com:443
21:21:02.330 [pool-2-thread-4] DEBUG org.apache.http.impl.conn.DefaultHttpClientConnectionOperator - Connecting to soap.tracking.thermoking.com/3.94.35.196:443
21:21:02.330 [pool-2-thread-4] DEBUG org.apache.http.conn.ssl.SSLConnectionSocketFactory - Connecting socket to soap.tracking.thermoking.com/3.94.35.196:443 with timeout 30000
21:21:02.606 [pool-2-thread-4] DEBUG org.apache.http.conn.ssl.SSLConnectionSocketFactory - Enabled protocols: [TLSv1, TLSv1.1, TLSv1.2]
21:21:02.606 [pool-2-thread-4] DEBUG org.apache.http.conn.ssl.SSLConnectionSocketFactory - Enabled cipher suites:[TLS_ECDHE_ECDSA_WITH_AES_128_CBC_SHA256, TLS_ECDHE_RSA_WITH_AES_128_CBC_SHA256, TLS_RSA_WITH_AES_128_CBC_SHA256, TLS_ECDH_ECDSA_WITH_AES_128_CBC_SHA256, TLS_ECDH_RSA_WITH_AES_128_CBC_SHA256, TLS_DHE_RSA_WITH_AES_128_CBC_SHA256, TLS_DHE_DSS_WITH_AES_128_CBC_SHA256, TLS_ECDHE_ECDSA_WITH_AES_128_CBC_SHA, TLS_ECDHE_RSA_WITH_AES_128_CBC_SHA, TLS_RSA_WITH_AES_128_CBC_SHA, TLS_ECDH_ECDSA_WITH_AES_128_CBC_SHA, TLS_ECDH_RSA_WITH_AES_128_CBC_SHA, TLS_DHE_RSA_WITH_AES_128_CBC_SHA, TLS_DHE_DSS_WITH_AES_128_CBC_SHA, TLS_ECDHE_ECDSA_WITH_AES_128_GCM_SHA256, TLS_ECDHE_RSA_WITH_AES_128_GCM_SHA256, TLS_RSA_WITH_AES_128_GCM_SHA256, TLS_ECDH_ECDSA_WITH_AES_128_GCM_SHA256, TLS_ECDH_RSA_WITH_AES_128_GCM_SHA256, TLS_DHE_RSA_WITH_AES_128_GCM_SHA256, TLS_DHE_DSS_WITH_AES_128_GCM_SHA256, TLS_EMPTY_RENEGOTIATION_INFO_SCSV]
21:21:02.606 [pool-2-thread-4] DEBUG org.apache.http.conn.ssl.SSLConnectionSocketFactory - Starting handshake
21:21:02.919 [pool-2-thread-4] DEBUG org.apache.http.conn.ssl.SSLConnectionSocketFactory - Secure session established
21:21:02.920 [pool-2-thread-4] DEBUG org.apache.http.conn.ssl.SSLConnectionSocketFactory -  negotiated protocol: TLSv1.2
21:21:02.920 [pool-2-thread-4] DEBUG org.apache.http.conn.ssl.SSLConnectionSocketFactory -  negotiated cipher suite: TLS_ECDHE_RSA_WITH_AES_128_GCM_SHA256
21:21:02.920 [pool-2-thread-4] DEBUG org.apache.http.conn.ssl.SSLConnectionSocketFactory -  peer principal: CN=*.tracking.thermoking.com
21:21:02.920 [pool-2-thread-4] DEBUG org.apache.http.conn.ssl.SSLConnectionSocketFactory -  peer alternative names: [*.tracking.thermoking.com]
21:21:02.920 [pool-2-thread-4] DEBUG org.apache.http.conn.ssl.SSLConnectionSocketFactory -  issuer principal: CN=Amazon, OU=Server CA 1B, O=Amazon, C=US
21:21:02.920 [pool-2-thread-4] DEBUG org.apache.http.impl.conn.DefaultHttpClientConnectionOperator - Connection established 10.200.54.16:63293<->3.94.35.196:443
21:21:02.920 [pool-2-thread-4] DEBUG org.apache.http.impl.conn.DefaultManagedHttpClientConnection - http-outgoing-1: set socket timeout to 30000
21:21:02.920 [pool-2-thread-4] DEBUG org.apache.http.impl.execchain.MainClientExec - Executing request POST /tk-webservices/Command HTTP/1.1
21:21:02.920 [pool-2-thread-4] DEBUG org.apache.http.impl.execchain.MainClientExec - Proxy auth state: UNCHALLENGED
21:21:02.921 [pool-2-thread-4] DEBUG org.apache.http.headers - http-outgoing-1 >> POST /tk-webservices/Command HTTP/1.1
21:21:02.921 [pool-2-thread-4] DEBUG org.apache.http.headers - http-outgoing-1 >> Authorization: Basic d2Vic2VydmljZS51c2VyLmFsbC4yMTRATUlTU0lORy5DT006Z2g2MmpBST51TFB1dmxw
21:21:02.921 [pool-2-thread-4] DEBUG org.apache.http.headers - http-outgoing-1 >> SOAPAction: 
21:21:02.921 [pool-2-thread-4] DEBUG org.apache.http.headers - http-outgoing-1 >> Content-Type: application/xml; charset=UTF-8
21:21:02.921 [pool-2-thread-4] DEBUG org.apache.http.headers - http-outgoing-1 >> Content-Length: 649
21:21:02.921 [pool-2-thread-4] DEBUG org.apache.http.headers - http-outgoing-1 >> Host: soap.tracking.thermoking.com
21:21:02.921 [pool-2-thread-4] DEBUG org.apache.http.headers - http-outgoing-1 >> Connection: Keep-Alive
21:21:02.921 [pool-2-thread-4] DEBUG org.apache.http.headers - http-outgoing-1 >> User-Agent: Apache-HttpClient/4.5.11 (Java/1.8.0_121)
21:21:02.921 [pool-2-thread-4] DEBUG org.apache.http.headers - http-outgoing-1 >> Accept-Encoding: gzip,deflate
21:21:02.921 [pool-2-thread-4] DEBUG org.apache.http.wire - http-outgoing-1 >> "POST /tk-webservices/Command HTTP/1.1[\r][\n]"
21:21:02.921 [pool-2-thread-4] DEBUG org.apache.http.wire - http-outgoing-1 >> "Authorization: Basic d2Vic2VydmljZS51c2VyLmFsbC4yMTRATUlTU0lORy5DT006Z2g2MmpBST51TFB1dmxw[\r][\n]"
21:21:02.921 [pool-2-thread-4] DEBUG org.apache.http.wire - http-outgoing-1 >> "SOAPAction: [\r][\n]"
21:21:02.921 [pool-2-thread-4] DEBUG org.apache.http.wire - http-outgoing-1 >> "Content-Type: application/xml; charset=UTF-8[\r][\n]"
21:21:02.921 [pool-2-thread-4] DEBUG org.apache.http.wire - http-outgoing-1 >> "Content-Length: 649[\r][\n]"
21:21:02.921 [pool-2-thread-4] DEBUG org.apache.http.wire - http-outgoing-1 >> "Host: soap.tracking.thermoking.com[\r][\n]"
21:21:02.922 [pool-2-thread-4] DEBUG org.apache.http.wire - http-outgoing-1 >> "Connection: Keep-Alive[\r][\n]"
21:21:02.922 [pool-2-thread-4] DEBUG org.apache.http.wire - http-outgoing-1 >> "User-Agent: Apache-HttpClient/4.5.11 (Java/1.8.0_121)[\r][\n]"
21:21:02.922 [pool-2-thread-4] DEBUG org.apache.http.wire - http-outgoing-1 >> "Accept-Encoding: gzip,deflate[\r][\n]"
21:21:02.922 [pool-2-thread-4] DEBUG org.apache.http.wire - http-outgoing-1 >> "[\r][\n]"
21:21:02.922 [pool-2-thread-4] DEBUG org.apache.http.wire - http-outgoing-1 >> "<soapenv:Envelope xmlns:soapenv="http://schemas.xmlsoap.org/soap/envelope/" xmlns:ser="http://service.jbossws.webservices.celtrak.com/">[\r][\n]"
21:21:02.922 [pool-2-thread-4] DEBUG org.apache.http.wire - http-outgoing-1 >> "    <soapenv:Header/>[\r][\n]"
21:21:02.922 [pool-2-thread-4] DEBUG org.apache.http.wire - http-outgoing-1 >> "    <soapenv:Body>[\r][\n]"
21:21:02.922 [pool-2-thread-4] DEBUG org.apache.http.wire - http-outgoing-1 >> "        <ser:updateSetPoint>[\r][\n]"
21:21:02.922 [pool-2-thread-4] DEBUG org.apache.http.wire - http-outgoing-1 >> "            <!--1 or more repetitions:-->[\r][\n]"
21:21:02.922 [pool-2-thread-4] DEBUG org.apache.http.wire - http-outgoing-1 >> "            <customerVehicles>[\r][\n]"
21:21:02.922 [pool-2-thread-4] DEBUG org.apache.http.wire - http-outgoing-1 >> "                <customerid>4560BD5E-BD7B-42B0-8DCB-627EB8454C72</customerid>[\r][\n]"
21:21:02.922 [pool-2-thread-4] DEBUG org.apache.http.wire - http-outgoing-1 >> "                <!--1 or more repetitions:-->[\r][\n]"
21:21:02.922 [pool-2-thread-4] DEBUG org.apache.http.wire - http-outgoing-1 >> "                <vehicles>Bluebox India 2</vehicles>[\r][\n]"
21:21:02.922 [pool-2-thread-4] DEBUG org.apache.http.wire - http-outgoing-1 >> "            </customerVehicles>[\r][\n]"
21:21:02.922 [pool-2-thread-4] DEBUG org.apache.http.wire - http-outgoing-1 >> "            <zoneId>1</zoneId>[\r][\n]"
21:21:02.922 [pool-2-thread-4] DEBUG org.apache.http.wire - http-outgoing-1 >> "            <setPointValue>-2</setPointValue>[\r][\n]"
21:21:02.922 [pool-2-thread-4] DEBUG org.apache.http.wire - http-outgoing-1 >> "        </ser:updateSetPoint>[\r][\n]"
21:21:02.922 [pool-2-thread-4] DEBUG org.apache.http.wire - http-outgoing-1 >> "    </soapenv:Body>[\r][\n]"
21:21:02.922 [pool-2-thread-4] DEBUG org.apache.http.wire - http-outgoing-1 >> "</soapenv:Envelope>"
21:21:03.362 [pool-2-thread-4] DEBUG org.apache.http.wire - http-outgoing-1 << "HTTP/1.1 200 OK[\r][\n]"
21:21:03.363 [pool-2-thread-4] DEBUG org.apache.http.wire - http-outgoing-1 << "Date: Mon, 13 Sep 2021 15:51:03 GMT[\r][\n]"
21:21:03.363 [pool-2-thread-4] DEBUG org.apache.http.wire - http-outgoing-1 << "Content-Type: text/xml;charset=UTF-8[\r][\n]"
21:21:03.363 [pool-2-thread-4] DEBUG org.apache.http.wire - http-outgoing-1 << "Content-Length: 486[\r][\n]"
21:21:03.363 [pool-2-thread-4] DEBUG org.apache.http.wire - http-outgoing-1 << "Connection: keep-alive[\r][\n]"
21:21:03.363 [pool-2-thread-4] DEBUG org.apache.http.wire - http-outgoing-1 << "Set-Cookie: AWSALBTG=0+uvn5GFmeqYACXRqDhYG4ppsX2hIK8nmNEf5lK8plbMACCgS6F92WFbdVwHdCprxbB0AIhgwNr9WmGHc/lSJsfQrdIxnDyg9FxSFNPHWfUXMbqxDwTEtw11NNk6Xc4n6humCKB2Q0pxEQt2nlUAJUDdmvkkeiyozEnXAfTHBQjt; Expires=Mon, 20 Sep 2021 15:51:03 GMT; Path=/[\r][\n]"
21:21:03.363 [pool-2-thread-4] DEBUG org.apache.http.wire - http-outgoing-1 << "Set-Cookie: AWSALBTGCORS=0+uvn5GFmeqYACXRqDhYG4ppsX2hIK8nmNEf5lK8plbMACCgS6F92WFbdVwHdCprxbB0AIhgwNr9WmGHc/lSJsfQrdIxnDyg9FxSFNPHWfUXMbqxDwTEtw11NNk6Xc4n6humCKB2Q0pxEQt2nlUAJUDdmvkkeiyozEnXAfTHBQjt; Expires=Mon, 20 Sep 2021 15:51:03 GMT; Path=/; SameSite=None; Secure[\r][\n]"
21:21:03.363 [pool-2-thread-4] DEBUG org.apache.http.wire - http-outgoing-1 << "Expires: 0[\r][\n]"
21:21:03.363 [pool-2-thread-4] DEBUG org.apache.http.wire - http-outgoing-1 << "Cache-Control: no-cache, no-store, must-revalidate[\r][\n]"
21:21:03.363 [pool-2-thread-4] DEBUG org.apache.http.wire - http-outgoing-1 << "X-Powered-By: Undertow/1[\r][\n]"
21:21:03.363 [pool-2-thread-4] DEBUG org.apache.http.wire - http-outgoing-1 << "Server: WildFly/10[\r][\n]"
21:21:03.363 [pool-2-thread-4] DEBUG org.apache.http.wire - http-outgoing-1 << "Pragma: no-cache[\r][\n]"
21:21:03.363 [pool-2-thread-4] DEBUG org.apache.http.wire - http-outgoing-1 << "[\r][\n]"
21:21:03.363 [pool-2-thread-4] DEBUG org.apache.http.wire - http-outgoing-1 << "<soap:Envelope xmlns:soap="http://schemas.xmlsoap.org/soap/envelope/"><SOAP-ENV:Header xmlns:SOAP-ENV="http://schemas.xmlsoap.org/soap/envelope/"/><soap:Body><ns2:updateSetPointResponse xmlns:ns2="http://service.jbossws.webservices.celtrak.com/"><requestReference><customerId>4560BD5E-BD7B-42B0-8DCB-627EB8454C72</customerId><requestIdentifier>q3468101</requestIdentifier><vehicleId>Bluebox India 2</vehicleId></requestReference></ns2:updateSetPointResponse></soap:Body></soap:Envelope>"
21:21:03.364 [pool-2-thread-4] DEBUG org.apache.http.headers - http-outgoing-1 << HTTP/1.1 200 OK
21:21:03.364 [pool-2-thread-4] DEBUG org.apache.http.headers - http-outgoing-1 << Date: Mon, 13 Sep 2021 15:51:03 GMT
21:21:03.364 [pool-2-thread-4] DEBUG org.apache.http.headers - http-outgoing-1 << Content-Type: text/xml;charset=UTF-8
21:21:03.364 [pool-2-thread-4] DEBUG org.apache.http.headers - http-outgoing-1 << Content-Length: 486
21:21:03.364 [pool-2-thread-4] DEBUG org.apache.http.headers - http-outgoing-1 << Connection: keep-alive
21:21:03.364 [pool-2-thread-4] DEBUG org.apache.http.headers - http-outgoing-1 << Set-Cookie: AWSALBTG=0+uvn5GFmeqYACXRqDhYG4ppsX2hIK8nmNEf5lK8plbMACCgS6F92WFbdVwHdCprxbB0AIhgwNr9WmGHc/lSJsfQrdIxnDyg9FxSFNPHWfUXMbqxDwTEtw11NNk6Xc4n6humCKB2Q0pxEQt2nlUAJUDdmvkkeiyozEnXAfTHBQjt; Expires=Mon, 20 Sep 2021 15:51:03 GMT; Path=/
21:21:03.364 [pool-2-thread-4] DEBUG org.apache.http.headers - http-outgoing-1 << Set-Cookie: AWSALBTGCORS=0+uvn5GFmeqYACXRqDhYG4ppsX2hIK8nmNEf5lK8plbMACCgS6F92WFbdVwHdCprxbB0AIhgwNr9WmGHc/lSJsfQrdIxnDyg9FxSFNPHWfUXMbqxDwTEtw11NNk6Xc4n6humCKB2Q0pxEQt2nlUAJUDdmvkkeiyozEnXAfTHBQjt; Expires=Mon, 20 Sep 2021 15:51:03 GMT; Path=/; SameSite=None; Secure
21:21:03.364 [pool-2-thread-4] DEBUG org.apache.http.headers - http-outgoing-1 << Expires: 0
21:21:03.364 [pool-2-thread-4] DEBUG org.apache.http.headers - http-outgoing-1 << Cache-Control: no-cache, no-store, must-revalidate
21:21:03.364 [pool-2-thread-4] DEBUG org.apache.http.headers - http-outgoing-1 << X-Powered-By: Undertow/1
21:21:03.364 [pool-2-thread-4] DEBUG org.apache.http.headers - http-outgoing-1 << Server: WildFly/10
21:21:03.364 [pool-2-thread-4] DEBUG org.apache.http.headers - http-outgoing-1 << Pragma: no-cache
21:21:03.364 [pool-2-thread-4] DEBUG org.apache.http.impl.execchain.MainClientExec - Connection can be kept alive indefinitely
21:21:03.365 [pool-2-thread-4] DEBUG org.apache.http.client.protocol.ResponseProcessCookies - Cookie accepted [AWSALBTG="0+uvn5GFmeqYACXRqDhYG4ppsX2hIK8nmNEf5lK8plbMACCgS6F92WFbdVwHdCprxbB0AIhgwNr9WmGHc/lSJsfQrdIxnDyg9FxS...", version:0, domain:soap.tracking.thermoking.com, path:/, expiry:Mon Sep 20 21:21:03 IST 2021]
21:21:03.365 [pool-2-thread-4] DEBUG org.apache.http.client.protocol.ResponseProcessCookies - Cookie accepted [AWSALBTGCORS="0+uvn5GFmeqYACXRqDhYG4ppsX2hIK8nmNEf5lK8plbMACCgS6F92WFbdVwHdCprxbB0AIhgwNr9WmGHc/lSJsfQrdIxnDyg9FxS...", version:0, domain:soap.tracking.thermoking.com, path:/, expiry:Mon Sep 20 21:21:03 IST 2021]
21:21:03.366 [pool-2-thread-4] DEBUG org.apache.http.impl.conn.PoolingHttpClientConnectionManager - Connection [id: 1][route: {s}->https://soap.tracking.thermoking.com:443] can be kept alive indefinitely
21:21:03.366 [pool-2-thread-4] DEBUG org.apache.http.impl.conn.DefaultManagedHttpClientConnection - http-outgoing-1: set socket timeout to 0
21:21:03.366 [pool-2-thread-4] DEBUG org.apache.http.impl.conn.PoolingHttpClientConnectionManager - Connection released: [id: 1][route: {s}->https://soap.tracking.thermoking.com:443][total available: 1; route allocated: 1 of 5; total allocated: 1 of 10]
21:21:03.366 [pool-2-thread-4] DEBUG com.intuit.karate - response time in milliseconds: 1035.82
1 < 200
1 < Cache-Control: no-cache, no-store, must-revalidate
1 < Connection: keep-alive
1 < Content-Length: 486
1 < Content-Type: text/xml;charset=UTF-8
1 < Date: Mon, 13 Sep 2021 15:51:03 GMT
1 < Expires: 0
1 < Pragma: no-cache
1 < Server: WildFly/10
1 < Set-Cookie: [AWSALBTG=0+uvn5GFmeqYACXRqDhYG4ppsX2hIK8nmNEf5lK8plbMACCgS6F92WFbdVwHdCprxbB0AIhgwNr9WmGHc/lSJsfQrdIxnDyg9FxSFNPHWfUXMbqxDwTEtw11NNk6Xc4n6humCKB2Q0pxEQt2nlUAJUDdmvkkeiyozEnXAfTHBQjt; Expires=Mon, 20 Sep 2021 15:51:03 GMT; Path=/, AWSALBTGCORS=0+uvn5GFmeqYACXRqDhYG4ppsX2hIK8nmNEf5lK8plbMACCgS6F92WFbdVwHdCprxbB0AIhgwNr9WmGHc/lSJsfQrdIxnDyg9FxSFNPHWfUXMbqxDwTEtw11NNk6Xc4n6humCKB2Q0pxEQt2nlUAJUDdmvkkeiyozEnXAfTHBQjt; Expires=Mon, 20 Sep 2021 15:51:03 GMT; Path=/; SameSite=None; Secure]
1 < X-Powered-By: Undertow/1
<soap:Envelope xmlns:soap="http://schemas.xmlsoap.org/soap/envelope/"><SOAP-ENV:Header xmlns:SOAP-ENV="http://schemas.xmlsoap.org/soap/envelope/"/><soap:Body><ns2:updateSetPointResponse xmlns:ns2="http://service.jbossws.webservices.celtrak.com/"><requestReference><customerId>4560BD5E-BD7B-42B0-8DCB-627EB8454C72</customerId><requestIdentifier>q3468101</requestIdentifier><vehicleId>Bluebox India 2</vehicleId></requestReference></ns2:updateSetPointResponse></soap:Body></soap:Envelope>

21:21:03.369 [pool-2-thread-4] INFO com.intuit.karate - [print] <soap:Envelope xmlns:soap="http://schemas.xmlsoap.org/soap/envelope/">
  <SOAP-ENV:Header xmlns:SOAP-ENV="http://schemas.xmlsoap.org/soap/envelope/"/>
  <soap:Body>
    <ns2:updateSetPointResponse xmlns:ns2="http://service.jbossws.webservices.celtrak.com/">
      <requestReference>
        <customerId>4560BD5E-BD7B-42B0-8DCB-627EB8454C72</customerId>
        <requestIdentifier>q3468101</requestIdentifier>
        <vehicleId>Bluebox India 2</vehicleId>
      </requestReference>
    </ns2:updateSetPointResponse>
  </soap:Body>
</soap:Envelope>

21:21:03.393 [pool-2-thread-4] INFO com.intuit.karate - [print] q3468101
21:21:03.394 [pool-2-thread-4] DEBUG com.jayway.jsonpath.internal.path.CompiledPath - Evaluating path: $
21:21:03.395 [pool-2-thread-4] DEBUG com.jayway.jsonpath.internal.path.CompiledPath - Evaluating path: $['requestIdentifier']
21:21:03.395 [pool-2-thread-4] DEBUG com.jayway.jsonpath.internal.JsonContext - Set path $['requestIdentifier'] new value q3468101
21:21:03.401 [pool-2-thread-4] DEBUG com.jayway.jsonpath.internal.path.CompiledPath - Evaluating path: $
21:21:03.407 [pool-2-thread-4] INFO com.intuit.karate - scenario called at line: 21 by tag: @requestStatus
21:21:03.410 [pool-2-thread-4] DEBUG com.jayway.jsonpath.internal.path.CompiledPath - Evaluating path: $
21:21:03.411 [pool-2-thread-4] DEBUG com.jayway.jsonpath.internal.path.CompiledPath - Evaluating path: $
21:21:03.412 [pool-2-thread-4] DEBUG com.jayway.jsonpath.internal.path.CompiledPath - Evaluating path: $
21:21:35.422 [pool-2-thread-4] DEBUG com.jayway.jsonpath.internal.path.CompiledPath - Evaluating path: $
21:21:35.424 [pool-2-thread-4] DEBUG com.jayway.jsonpath.internal.path.CompiledPath - Evaluating path: $['requestIdentifier']
21:21:35.424 [pool-2-thread-4] DEBUG com.jayway.jsonpath.internal.JsonContext - Set path $['requestIdentifier'] new value q3468101
21:21:35.432 [pool-2-thread-4] DEBUG com.jayway.jsonpath.internal.path.CompiledPath - Evaluating path: $
21:21:35.440 [pool-2-thread-4] DEBUG org.apache.http.client.protocol.RequestAddCookies - CookieSpec selected: karate
21:21:35.441 [pool-2-thread-4] DEBUG org.apache.http.client.protocol.RequestAddCookies - Cookie [version: 0][name: AWSALBTG][value: 0+uvn5GFmeqYACXRqDhYG4ppsX2hIK8nmNEf5lK8plbMACCgS6F92WFbdVwHdCprxbB0AIhgwNr9WmGHc/lSJsfQrdIxnDyg9FxSFNPHWfUXMbqxDwTEtw11NNk6Xc4n6humCKB2Q0pxEQt2nlUAJUDdmvkkeiyozEnXAfTHBQjt][domain: soap.tracking.thermoking.com][path: /][expiry: null] match [(secure)soap.tracking.thermoking.com:443/tk-webservices/Command]
21:21:35.441 [pool-2-thread-4] DEBUG org.apache.http.client.protocol.RequestAddCookies - Cookie [version: 0][name: AWSALBTGCORS][value: 0+uvn5GFmeqYACXRqDhYG4ppsX2hIK8nmNEf5lK8plbMACCgS6F92WFbdVwHdCprxbB0AIhgwNr9WmGHc/lSJsfQrdIxnDyg9FxSFNPHWfUXMbqxDwTEtw11NNk6Xc4n6humCKB2Q0pxEQt2nlUAJUDdmvkkeiyozEnXAfTHBQjt][domain: soap.tracking.thermoking.com][path: /][expiry: null] match [(secure)soap.tracking.thermoking.com:443/tk-webservices/Command]
21:21:35.442 [pool-2-thread-4] DEBUG org.apache.http.client.protocol.RequestAuthCache - Auth cache not set in the context
21:21:35.442 [pool-2-thread-4] DEBUG com.intuit.karate - request:
1 > POST https://soap.tracking.thermoking.com/tk-webservices/Command
1 > Accept-Encoding: gzip,deflate
1 > Authorization: Basic d2Vic2VydmljZS51c2VyLmFsbC4yMTRATUlTU0lORy5DT006Z2g2MmpBST51TFB1dmxw
1 > Connection: Keep-Alive
1 > Content-Length: 634
1 > Content-Type: application/xml; charset=UTF-8
1 > Cookie: AWSALBTG=0+uvn5GFmeqYACXRqDhYG4ppsX2hIK8nmNEf5lK8plbMACCgS6F92WFbdVwHdCprxbB0AIhgwNr9WmGHc/lSJsfQrdIxnDyg9FxSFNPHWfUXMbqxDwTEtw11NNk6Xc4n6humCKB2Q0pxEQt2nlUAJUDdmvkkeiyozEnXAfTHBQjt; AWSALBTGCORS=0+uvn5GFmeqYACXRqDhYG4ppsX2hIK8nmNEf5lK8plbMACCgS6F92WFbdVwHdCprxbB0AIhgwNr9WmGHc/lSJsfQrdIxnDyg9FxSFNPHWfUXMbqxDwTEtw11NNk6Xc4n6humCKB2Q0pxEQt2nlUAJUDdmvkkeiyozEnXAfTHBQjt
1 > Host: soap.tracking.thermoking.com
1 > SOAPAction: 
1 > User-Agent: Apache-HttpClient/4.5.11 (Java/1.8.0_121)
<soapenv:Envelope xmlns:soapenv="http://schemas.xmlsoap.org/soap/envelope/" xmlns:ser="http://service.jbossws.webservices.celtrak.com/">
    <soapenv:Header/>
    <soapenv:Body>
        <ser:getRequestStatus>
            <!--1 or more repetitions:-->
            <RequestStatuses>
                <customerId>4560BD5E-BD7B-42B0-8DCB-627EB8454C72</customerId>
                <requestReference>q3468101</requestReference>
                <vehicleId>Bluebox India 2</vehicleId>
            </RequestStatuses>
            <operatorName>?</operatorName>
        </ser:getRequestStatus>
    </soapenv:Body>
</soapenv:Envelope>

21:21:35.442 [pool-2-thread-4] DEBUG org.apache.http.impl.conn.PoolingHttpClientConnectionManager - Connection request: [route: {s}->https://soap.tracking.thermoking.com:443][total available: 0; route allocated: 0 of 5; total allocated: 0 of 10]
21:21:35.442 [pool-2-thread-4] DEBUG org.apache.http.impl.conn.PoolingHttpClientConnectionManager - Connection leased: [id: 2][route: {s}->https://soap.tracking.thermoking.com:443][total available: 0; route allocated: 1 of 5; total allocated: 1 of 10]
21:21:35.442 [pool-2-thread-4] DEBUG org.apache.http.impl.execchain.MainClientExec - Opening connection {s}->https://soap.tracking.thermoking.com:443
21:21:35.443 [pool-2-thread-4] DEBUG org.apache.http.impl.conn.DefaultHttpClientConnectionOperator - Connecting to soap.tracking.thermoking.com/3.94.35.196:443
21:21:35.443 [pool-2-thread-4] DEBUG org.apache.http.conn.ssl.SSLConnectionSocketFactory - Connecting socket to soap.tracking.thermoking.com/3.94.35.196:443 with timeout 30000
21:21:35.721 [pool-2-thread-4] DEBUG org.apache.http.conn.ssl.SSLConnectionSocketFactory - Enabled protocols: [TLSv1, TLSv1.1, TLSv1.2]
21:21:35.721 [pool-2-thread-4] DEBUG org.apache.http.conn.ssl.SSLConnectionSocketFactory - Enabled cipher suites:[TLS_ECDHE_ECDSA_WITH_AES_128_CBC_SHA256, TLS_ECDHE_RSA_WITH_AES_128_CBC_SHA256, TLS_RSA_WITH_AES_128_CBC_SHA256, TLS_ECDH_ECDSA_WITH_AES_128_CBC_SHA256, TLS_ECDH_RSA_WITH_AES_128_CBC_SHA256, TLS_DHE_RSA_WITH_AES_128_CBC_SHA256, TLS_DHE_DSS_WITH_AES_128_CBC_SHA256, TLS_ECDHE_ECDSA_WITH_AES_128_CBC_SHA, TLS_ECDHE_RSA_WITH_AES_128_CBC_SHA, TLS_RSA_WITH_AES_128_CBC_SHA, TLS_ECDH_ECDSA_WITH_AES_128_CBC_SHA, TLS_ECDH_RSA_WITH_AES_128_CBC_SHA, TLS_DHE_RSA_WITH_AES_128_CBC_SHA, TLS_DHE_DSS_WITH_AES_128_CBC_SHA, TLS_ECDHE_ECDSA_WITH_AES_128_GCM_SHA256, TLS_ECDHE_RSA_WITH_AES_128_GCM_SHA256, TLS_RSA_WITH_AES_128_GCM_SHA256, TLS_ECDH_ECDSA_WITH_AES_128_GCM_SHA256, TLS_ECDH_RSA_WITH_AES_128_GCM_SHA256, TLS_DHE_RSA_WITH_AES_128_GCM_SHA256, TLS_DHE_DSS_WITH_AES_128_GCM_SHA256, TLS_EMPTY_RENEGOTIATION_INFO_SCSV]
21:21:35.721 [pool-2-thread-4] DEBUG org.apache.http.conn.ssl.SSLConnectionSocketFactory - Starting handshake
21:21:36.021 [pool-2-thread-4] DEBUG org.apache.http.conn.ssl.SSLConnectionSocketFactory - Secure session established
21:21:36.021 [pool-2-thread-4] DEBUG org.apache.http.conn.ssl.SSLConnectionSocketFactory -  negotiated protocol: TLSv1.2
21:21:36.021 [pool-2-thread-4] DEBUG org.apache.http.conn.ssl.SSLConnectionSocketFactory -  negotiated cipher suite: TLS_ECDHE_RSA_WITH_AES_128_GCM_SHA256
21:21:36.021 [pool-2-thread-4] DEBUG org.apache.http.conn.ssl.SSLConnectionSocketFactory -  peer principal: CN=*.tracking.thermoking.com
21:21:36.021 [pool-2-thread-4] DEBUG org.apache.http.conn.ssl.SSLConnectionSocketFactory -  peer alternative names: [*.tracking.thermoking.com]
21:21:36.021 [pool-2-thread-4] DEBUG org.apache.http.conn.ssl.SSLConnectionSocketFactory -  issuer principal: CN=Amazon, OU=Server CA 1B, O=Amazon, C=US
21:21:36.022 [pool-2-thread-4] DEBUG org.apache.http.impl.conn.DefaultHttpClientConnectionOperator - Connection established 10.200.54.16:50065<->3.94.35.196:443
21:21:36.022 [pool-2-thread-4] DEBUG org.apache.http.impl.conn.DefaultManagedHttpClientConnection - http-outgoing-2: set socket timeout to 30000
21:21:36.022 [pool-2-thread-4] DEBUG org.apache.http.impl.execchain.MainClientExec - Executing request POST /tk-webservices/Command HTTP/1.1
21:21:36.022 [pool-2-thread-4] DEBUG org.apache.http.impl.execchain.MainClientExec - Proxy auth state: UNCHALLENGED
21:21:36.022 [pool-2-thread-4] DEBUG org.apache.http.headers - http-outgoing-2 >> POST /tk-webservices/Command HTTP/1.1
21:21:36.022 [pool-2-thread-4] DEBUG org.apache.http.headers - http-outgoing-2 >> Authorization: Basic d2Vic2VydmljZS51c2VyLmFsbC4yMTRATUlTU0lORy5DT006Z2g2MmpBST51TFB1dmxw
21:21:36.022 [pool-2-thread-4] DEBUG org.apache.http.headers - http-outgoing-2 >> SOAPAction: 
21:21:36.022 [pool-2-thread-4] DEBUG org.apache.http.headers - http-outgoing-2 >> Content-Type: application/xml; charset=UTF-8
21:21:36.022 [pool-2-thread-4] DEBUG org.apache.http.headers - http-outgoing-2 >> Content-Length: 634
21:21:36.022 [pool-2-thread-4] DEBUG org.apache.http.headers - http-outgoing-2 >> Host: soap.tracking.thermoking.com
21:21:36.022 [pool-2-thread-4] DEBUG org.apache.http.headers - http-outgoing-2 >> Connection: Keep-Alive
21:21:36.022 [pool-2-thread-4] DEBUG org.apache.http.headers - http-outgoing-2 >> User-Agent: Apache-HttpClient/4.5.11 (Java/1.8.0_121)
21:21:36.022 [pool-2-thread-4] DEBUG org.apache.http.headers - http-outgoing-2 >> Cookie: AWSALBTG=0+uvn5GFmeqYACXRqDhYG4ppsX2hIK8nmNEf5lK8plbMACCgS6F92WFbdVwHdCprxbB0AIhgwNr9WmGHc/lSJsfQrdIxnDyg9FxSFNPHWfUXMbqxDwTEtw11NNk6Xc4n6humCKB2Q0pxEQt2nlUAJUDdmvkkeiyozEnXAfTHBQjt; AWSALBTGCORS=0+uvn5GFmeqYACXRqDhYG4ppsX2hIK8nmNEf5lK8plbMACCgS6F92WFbdVwHdCprxbB0AIhgwNr9WmGHc/lSJsfQrdIxnDyg9FxSFNPHWfUXMbqxDwTEtw11NNk6Xc4n6humCKB2Q0pxEQt2nlUAJUDdmvkkeiyozEnXAfTHBQjt
21:21:36.022 [pool-2-thread-4] DEBUG org.apache.http.headers - http-outgoing-2 >> Accept-Encoding: gzip,deflate
21:21:36.022 [pool-2-thread-4] DEBUG org.apache.http.wire - http-outgoing-2 >> "POST /tk-webservices/Command HTTP/1.1[\r][\n]"
21:21:36.022 [pool-2-thread-4] DEBUG org.apache.http.wire - http-outgoing-2 >> "Authorization: Basic d2Vic2VydmljZS51c2VyLmFsbC4yMTRATUlTU0lORy5DT006Z2g2MmpBST51TFB1dmxw[\r][\n]"
21:21:36.022 [pool-2-thread-4] DEBUG org.apache.http.wire - http-outgoing-2 >> "SOAPAction: [\r][\n]"
21:21:36.022 [pool-2-thread-4] DEBUG org.apache.http.wire - http-outgoing-2 >> "Content-Type: application/xml; charset=UTF-8[\r][\n]"
21:21:36.022 [pool-2-thread-4] DEBUG org.apache.http.wire - http-outgoing-2 >> "Content-Length: 634[\r][\n]"
21:21:36.022 [pool-2-thread-4] DEBUG org.apache.http.wire - http-outgoing-2 >> "Host: soap.tracking.thermoking.com[\r][\n]"
21:21:36.022 [pool-2-thread-4] DEBUG org.apache.http.wire - http-outgoing-2 >> "Connection: Keep-Alive[\r][\n]"
21:21:36.022 [pool-2-thread-4] DEBUG org.apache.http.wire - http-outgoing-2 >> "User-Agent: Apache-HttpClient/4.5.11 (Java/1.8.0_121)[\r][\n]"
21:21:36.023 [pool-2-thread-4] DEBUG org.apache.http.wire - http-outgoing-2 >> "Cookie: AWSALBTG=0+uvn5GFmeqYACXRqDhYG4ppsX2hIK8nmNEf5lK8plbMACCgS6F92WFbdVwHdCprxbB0AIhgwNr9WmGHc/lSJsfQrdIxnDyg9FxSFNPHWfUXMbqxDwTEtw11NNk6Xc4n6humCKB2Q0pxEQt2nlUAJUDdmvkkeiyozEnXAfTHBQjt; AWSALBTGCORS=0+uvn5GFmeqYACXRqDhYG4ppsX2hIK8nmNEf5lK8plbMACCgS6F92WFbdVwHdCprxbB0AIhgwNr9WmGHc/lSJsfQrdIxnDyg9FxSFNPHWfUXMbqxDwTEtw11NNk6Xc4n6humCKB2Q0pxEQt2nlUAJUDdmvkkeiyozEnXAfTHBQjt[\r][\n]"
21:21:36.023 [pool-2-thread-4] DEBUG org.apache.http.wire - http-outgoing-2 >> "Accept-Encoding: gzip,deflate[\r][\n]"
21:21:36.023 [pool-2-thread-4] DEBUG org.apache.http.wire - http-outgoing-2 >> "[\r][\n]"
21:21:36.023 [pool-2-thread-4] DEBUG org.apache.http.wire - http-outgoing-2 >> "<soapenv:Envelope xmlns:soapenv="http://schemas.xmlsoap.org/soap/envelope/" xmlns:ser="http://service.jbossws.webservices.celtrak.com/">[\r][\n]"
21:21:36.023 [pool-2-thread-4] DEBUG org.apache.http.wire - http-outgoing-2 >> "    <soapenv:Header/>[\r][\n]"
21:21:36.023 [pool-2-thread-4] DEBUG org.apache.http.wire - http-outgoing-2 >> "    <soapenv:Body>[\r][\n]"
21:21:36.023 [pool-2-thread-4] DEBUG org.apache.http.wire - http-outgoing-2 >> "        <ser:getRequestStatus>[\r][\n]"
21:21:36.023 [pool-2-thread-4] DEBUG org.apache.http.wire - http-outgoing-2 >> "            <!--1 or more repetitions:-->[\r][\n]"
21:21:36.023 [pool-2-thread-4] DEBUG org.apache.http.wire - http-outgoing-2 >> "            <RequestStatuses>[\r][\n]"
21:21:36.023 [pool-2-thread-4] DEBUG org.apache.http.wire - http-outgoing-2 >> "                <customerId>4560BD5E-BD7B-42B0-8DCB-627EB8454C72</customerId>[\r][\n]"
21:21:36.023 [pool-2-thread-4] DEBUG org.apache.http.wire - http-outgoing-2 >> "                <requestReference>q3468101</requestReference>[\r][\n]"
21:21:36.023 [pool-2-thread-4] DEBUG org.apache.http.wire - http-outgoing-2 >> "                <vehicleId>Bluebox India 2</vehicleId>[\r][\n]"
21:21:36.023 [pool-2-thread-4] DEBUG org.apache.http.wire - http-outgoing-2 >> "            </RequestStatuses>[\r][\n]"
21:21:36.023 [pool-2-thread-4] DEBUG org.apache.http.wire - http-outgoing-2 >> "            <operatorName>?</operatorName>[\r][\n]"
21:21:36.023 [pool-2-thread-4] DEBUG org.apache.http.wire - http-outgoing-2 >> "        </ser:getRequestStatus>[\r][\n]"
21:21:36.023 [pool-2-thread-4] DEBUG org.apache.http.wire - http-outgoing-2 >> "    </soapenv:Body>[\r][\n]"
21:21:36.023 [pool-2-thread-4] DEBUG org.apache.http.wire - http-outgoing-2 >> "</soapenv:Envelope>"
21:21:39.135 [pool-2-thread-4] DEBUG org.apache.http.wire - http-outgoing-2 << "HTTP/1.1 200 OK[\r][\n]"
21:21:39.136 [pool-2-thread-4] DEBUG org.apache.http.wire - http-outgoing-2 << "Date: Mon, 13 Sep 2021 15:51:39 GMT[\r][\n]"
21:21:39.136 [pool-2-thread-4] DEBUG org.apache.http.wire - http-outgoing-2 << "Content-Type: text/xml;charset=UTF-8[\r][\n]"
21:21:39.136 [pool-2-thread-4] DEBUG org.apache.http.wire - http-outgoing-2 << "Content-Length: 993[\r][\n]"
21:21:39.136 [pool-2-thread-4] DEBUG org.apache.http.wire - http-outgoing-2 << "Connection: keep-alive[\r][\n]"
21:21:39.136 [pool-2-thread-4] DEBUG org.apache.http.wire - http-outgoing-2 << "Set-Cookie: AWSALBTG=qWvtUn5IemfkNM3XBhS46tLeo1vbI4n55fKnlbwZKL7qZb1E+qz/nf6iGThkl5AbbbOdr93IWGu0tCEoivldrisLNebWHskQRYacXwiTq309s4sgXuz4U0mDVnk69jkP74hXT/Dqg42YKr9GQKSeSiMTQe8fCOrRZ72A04di3FpE; Expires=Mon, 20 Sep 2021 15:51:36 GMT; Path=/[\r][\n]"
21:21:39.137 [pool-2-thread-4] DEBUG org.apache.http.wire - http-outgoing-2 << "Set-Cookie: AWSALBTGCORS=qWvtUn5IemfkNM3XBhS46tLeo1vbI4n55fKnlbwZKL7qZb1E+qz/nf6iGThkl5AbbbOdr93IWGu0tCEoivldrisLNebWHskQRYacXwiTq309s4sgXuz4U0mDVnk69jkP74hXT/Dqg42YKr9GQKSeSiMTQe8fCOrRZ72A04di3FpE; Expires=Mon, 20 Sep 2021 15:51:36 GMT; Path=/; SameSite=None; Secure[\r][\n]"
21:21:39.137 [pool-2-thread-4] DEBUG org.apache.http.wire - http-outgoing-2 << "Expires: 0[\r][\n]"
21:21:39.137 [pool-2-thread-4] DEBUG org.apache.http.wire - http-outgoing-2 << "Cache-Control: no-cache, no-store, must-revalidate[\r][\n]"
21:21:39.137 [pool-2-thread-4] DEBUG org.apache.http.wire - http-outgoing-2 << "X-Powered-By: Undertow/1[\r][\n]"
21:21:39.137 [pool-2-thread-4] DEBUG org.apache.http.wire - http-outgoing-2 << "Server: WildFly/10[\r][\n]"
21:21:39.137 [pool-2-thread-4] DEBUG org.apache.http.wire - http-outgoing-2 << "Pragma: no-cache[\r][\n]"
21:21:39.137 [pool-2-thread-4] DEBUG org.apache.http.wire - http-outgoing-2 << "[\r][\n]"
21:21:39.138 [pool-2-thread-4] DEBUG org.apache.http.wire - http-outgoing-2 << "<soap:Envelope xmlns:soap="http://schemas.xmlsoap.org/soap/envelope/"><SOAP-ENV:Header xmlns:SOAP-ENV="http://schemas.xmlsoap.org/soap/envelope/"/><soap:Body><ns2:getRequestStatusResponse xmlns:ns2="http://service.jbossws.webservices.celtrak.com/"><RequestStatus xmlns:xsi="http://www.w3.org/2001/XMLSchema-instance" xsi:type="ns2:mqRequestStatus"><commandValue>-2.0</commandValue><communicationType>SMS</communicationType><dateRequestSent>2021-09-13T15:51:03.157Z</dateRequestSent><errorType></errorType><externalCustomerId>4560BD5E-BD7B-42B0-8DCB-627EB8454C72</externalCustomerId><externalVehicleid>Bluebox India 2</externalVehicleid><messageType>Two Way New Set Point Zone 1</messageType><requestMessageTypeId>7</requestMessageTypeId><requestStatusId>4</requestStatusId><sourceIndicator>0</sourceIndicator><statusType>Scheduled</statusType><unitStateType></unitStateType><vehicleRequestId>3553357</vehicleRequestId></RequestStatus></ns2:getRequestStatusResponse></soap:Body></soap:Envelope>"
21:21:39.138 [pool-2-thread-4] DEBUG org.apache.http.headers - http-outgoing-2 << HTTP/1.1 200 OK
21:21:39.138 [pool-2-thread-4] DEBUG org.apache.http.headers - http-outgoing-2 << Date: Mon, 13 Sep 2021 15:51:39 GMT
21:21:39.139 [pool-2-thread-4] DEBUG org.apache.http.headers - http-outgoing-2 << Content-Type: text/xml;charset=UTF-8
21:21:39.139 [pool-2-thread-4] DEBUG org.apache.http.headers - http-outgoing-2 << Content-Length: 993
21:21:39.139 [pool-2-thread-4] DEBUG org.apache.http.headers - http-outgoing-2 << Connection: keep-alive
21:21:39.139 [pool-2-thread-4] DEBUG org.apache.http.headers - http-outgoing-2 << Set-Cookie: AWSALBTG=qWvtUn5IemfkNM3XBhS46tLeo1vbI4n55fKnlbwZKL7qZb1E+qz/nf6iGThkl5AbbbOdr93IWGu0tCEoivldrisLNebWHskQRYacXwiTq309s4sgXuz4U0mDVnk69jkP74hXT/Dqg42YKr9GQKSeSiMTQe8fCOrRZ72A04di3FpE; Expires=Mon, 20 Sep 2021 15:51:36 GMT; Path=/
21:21:39.139 [pool-2-thread-4] DEBUG org.apache.http.headers - http-outgoing-2 << Set-Cookie: AWSALBTGCORS=qWvtUn5IemfkNM3XBhS46tLeo1vbI4n55fKnlbwZKL7qZb1E+qz/nf6iGThkl5AbbbOdr93IWGu0tCEoivldrisLNebWHskQRYacXwiTq309s4sgXuz4U0mDVnk69jkP74hXT/Dqg42YKr9GQKSeSiMTQe8fCOrRZ72A04di3FpE; Expires=Mon, 20 Sep 2021 15:51:36 GMT; Path=/; SameSite=None; Secure
21:21:39.139 [pool-2-thread-4] DEBUG org.apache.http.headers - http-outgoing-2 << Expires: 0
21:21:39.139 [pool-2-thread-4] DEBUG org.apache.http.headers - http-outgoing-2 << Cache-Control: no-cache, no-store, must-revalidate
21:21:39.139 [pool-2-thread-4] DEBUG org.apache.http.headers - http-outgoing-2 << X-Powered-By: Undertow/1
21:21:39.139 [pool-2-thread-4] DEBUG org.apache.http.headers - http-outgoing-2 << Server: WildFly/10
21:21:39.140 [pool-2-thread-4] DEBUG org.apache.http.headers - http-outgoing-2 << Pragma: no-cache
21:21:39.140 [pool-2-thread-4] DEBUG org.apache.http.impl.execchain.MainClientExec - Connection can be kept alive indefinitely
21:21:39.142 [pool-2-thread-4] DEBUG org.apache.http.client.protocol.ResponseProcessCookies - Cookie accepted [AWSALBTG="qWvtUn5IemfkNM3XBhS46tLeo1vbI4n55fKnlbwZKL7qZb1E+qz/nf6iGThkl5AbbbOdr93IWGu0tCEoivldrisLNebWHskQRYac...", version:0, domain:soap.tracking.thermoking.com, path:/, expiry:Mon Sep 20 21:21:36 IST 2021]
21:21:39.145 [pool-2-thread-4] DEBUG org.apache.http.client.protocol.ResponseProcessCookies - Cookie accepted [AWSALBTGCORS="qWvtUn5IemfkNM3XBhS46tLeo1vbI4n55fKnlbwZKL7qZb1E+qz/nf6iGThkl5AbbbOdr93IWGu0tCEoivldrisLNebWHskQRYac...", version:0, domain:soap.tracking.thermoking.com, path:/, expiry:Mon Sep 20 21:21:36 IST 2021]
21:21:39.146 [pool-2-thread-4] DEBUG org.apache.http.impl.conn.PoolingHttpClientConnectionManager - Connection [id: 2][route: {s}->https://soap.tracking.thermoking.com:443] can be kept alive indefinitely
21:21:39.146 [pool-2-thread-4] DEBUG org.apache.http.impl.conn.DefaultManagedHttpClientConnection - http-outgoing-2: set socket timeout to 0
21:21:39.147 [pool-2-thread-4] DEBUG org.apache.http.impl.conn.PoolingHttpClientConnectionManager - Connection released: [id: 2][route: {s}->https://soap.tracking.thermoking.com:443][total available: 1; route allocated: 1 of 5; total allocated: 1 of 10]
21:21:39.147 [pool-2-thread-4] DEBUG com.intuit.karate - response time in milliseconds: 3703.43
1 < 200
1 < Cache-Control: no-cache, no-store, must-revalidate
1 < Connection: keep-alive
1 < Content-Length: 993
1 < Content-Type: text/xml;charset=UTF-8
1 < Date: Mon, 13 Sep 2021 15:51:39 GMT
1 < Expires: 0
1 < Pragma: no-cache
1 < Server: WildFly/10
1 < Set-Cookie: [AWSALBTG=qWvtUn5IemfkNM3XBhS46tLeo1vbI4n55fKnlbwZKL7qZb1E+qz/nf6iGThkl5AbbbOdr93IWGu0tCEoivldrisLNebWHskQRYacXwiTq309s4sgXuz4U0mDVnk69jkP74hXT/Dqg42YKr9GQKSeSiMTQe8fCOrRZ72A04di3FpE; Expires=Mon, 20 Sep 2021 15:51:36 GMT; Path=/, AWSALBTGCORS=qWvtUn5IemfkNM3XBhS46tLeo1vbI4n55fKnlbwZKL7qZb1E+qz/nf6iGThkl5AbbbOdr93IWGu0tCEoivldrisLNebWHskQRYacXwiTq309s4sgXuz4U0mDVnk69jkP74hXT/Dqg42YKr9GQKSeSiMTQe8fCOrRZ72A04di3FpE; Expires=Mon, 20 Sep 2021 15:51:36 GMT; Path=/; SameSite=None; Secure]
1 < X-Powered-By: Undertow/1
<soap:Envelope xmlns:soap="http://schemas.xmlsoap.org/soap/envelope/"><SOAP-ENV:Header xmlns:SOAP-ENV="http://schemas.xmlsoap.org/soap/envelope/"/><soap:Body><ns2:getRequestStatusResponse xmlns:ns2="http://service.jbossws.webservices.celtrak.com/"><RequestStatus xmlns:xsi="http://www.w3.org/2001/XMLSchema-instance" xsi:type="ns2:mqRequestStatus"><commandValue>-2.0</commandValue><communicationType>SMS</communicationType><dateRequestSent>2021-09-13T15:51:03.157Z</dateRequestSent><errorType></errorType><externalCustomerId>4560BD5E-BD7B-42B0-8DCB-627EB8454C72</externalCustomerId><externalVehicleid>Bluebox India 2</externalVehicleid><messageType>Two Way New Set Point Zone 1</messageType><requestMessageTypeId>7</requestMessageTypeId><requestStatusId>4</requestStatusId><sourceIndicator>0</sourceIndicator><statusType>Scheduled</statusType><unitStateType></unitStateType><vehicleRequestId>3553357</vehicleRequestId></RequestStatus></ns2:getRequestStatusResponse></soap:Body></soap:Envelope>

21:21:39.154 [pool-2-thread-4] INFO com.intuit.karate - [print] <soap:Envelope xmlns:soap="http://schemas.xmlsoap.org/soap/envelope/">
  <SOAP-ENV:Header xmlns:SOAP-ENV="http://schemas.xmlsoap.org/soap/envelope/"/>
  <soap:Body>
    <ns2:getRequestStatusResponse xmlns:ns2="http://service.jbossws.webservices.celtrak.com/">
      <RequestStatus xmlns:xsi="http://www.w3.org/2001/XMLSchema-instance" xsi:type="ns2:mqRequestStatus">
        <commandValue>-2.0</commandValue>
        <communicationType>SMS</communicationType>
        <dateRequestSent>2021-09-13T15:51:03.157Z</dateRequestSent>
        <errorType/>
        <externalCustomerId>4560BD5E-BD7B-42B0-8DCB-627EB8454C72</externalCustomerId>
        <externalVehicleid>Bluebox India 2</externalVehicleid>
        <messageType>Two Way New Set Point Zone 1</messageType>
        <requestMessageTypeId>7</requestMessageTypeId>
        <requestStatusId>4</requestStatusId>
        <sourceIndicator>0</sourceIndicator>
        <statusType>Scheduled</statusType>
        <unitStateType/>
        <vehicleRequestId>3553357</vehicleRequestId>
      </RequestStatus>
    </ns2:getRequestStatusResponse>
  </soap:Body>
</soap:Envelope>

21:21:39.161 [pool-2-thread-4] DEBUG com.jayway.jsonpath.internal.path.CompiledPath - Evaluating path: $
21:21:39.170 [pool-2-thread-4] INFO com.intuit.karate.Runner - <<pass>> feature 6 of 8: classpath:resources/Soap.feature
---------------------------------------------------------
feature: classpath:resources/Soap.feature
report: target\surefire-reports\resources.Soap.json
scenarios:  2 | passed:  2 | failed:  0 | time: 71.4885
---------------------------------------------------------
Karate version: 0.9.5
======================================================
elapsed:  73.10 | threads:    5 | thread time: 71.49 
features:     1 | ignored:    7 | efficiency: 0.20
scenarios:    2 | passed:     2 | failed: 0
======================================================

21:21:39.479 [Finalizer] DEBUG org.apache.http.impl.conn.PoolingHttpClientConnectionManager - Connection manager is shutting down
21:21:39.479 [Finalizer] DEBUG org.apache.http.impl.conn.DefaultManagedHttpClientConnection - http-outgoing-0: Close connection
21:21:39.481 [Finalizer] DEBUG org.apache.http.impl.conn.PoolingHttpClientConnectionManager - Connection manager shut down
21:21:39.481 [Finalizer] DEBUG org.apache.http.impl.conn.PoolingHttpClientConnectionManager - Connection manager is shutting down
21:21:39.481 [Finalizer] DEBUG org.apache.http.impl.conn.DefaultManagedHttpClientConnection - http-outgoing-1: Close connection
21:21:39.482 [Finalizer] DEBUG org.apache.http.impl.conn.PoolingHttpClientConnectionManager - Connection manager shut down
21:21:39.482 [Finalizer] DEBUG org.apache.http.impl.conn.PoolingHttpClientConnectionManager - Connection manager is shutting down
21:21:39.482 [Finalizer] DEBUG org.apache.http.impl.conn.DefaultManagedHttpClientConnection - http-outgoing-2: Close connection
21:21:39.483 [Finalizer] DEBUG org.apache.http.impl.conn.PoolingHttpClientConnectionManager - Connection manager shut down
21:21:39.678 [main] DEBUG org.apache.velocity - CommonsLogLogChute name is 'org.apache.velocity'
21:21:39.678 [main] DEBUG org.apache.velocity - Initializing Velocity, Calling init()...
21:21:39.678 [main] DEBUG org.apache.velocity - Starting Apache Velocity v1.7 (compiled: 2010-11-19 12:14:37)
21:21:39.678 [main] DEBUG org.apache.velocity - Default Properties File: org\apache\velocity\runtime\defaults\velocity.properties
21:21:39.678 [main] DEBUG org.apache.velocity - Trying to use logger class org.apache.velocity.runtime.log.AvalonLogChute
21:21:39.678 [main] DEBUG org.apache.velocity - Target log system for org.apache.velocity.runtime.log.AvalonLogChute is not available (java.lang.NoClassDefFoundError: org/apache/log/format/Formatter).  Falling back to next log system...
21:21:39.678 [main] DEBUG org.apache.velocity - Trying to use logger class org.apache.velocity.runtime.log.Log4JLogChute
21:21:39.678 [main] DEBUG org.apache.velocity - Target log system for org.apache.velocity.runtime.log.Log4JLogChute is not available (java.lang.NoClassDefFoundError: org/apache/log4j/Layout).  Falling back to next log system...
21:21:39.678 [main] DEBUG org.apache.velocity - Trying to use logger class org.apache.velocity.runtime.log.CommonsLogLogChute
21:21:39.678 [main] DEBUG org.apache.velocity - Using logger class org.apache.velocity.runtime.log.CommonsLogLogChute
21:21:39.680 [main] DEBUG org.apache.velocity - ResourceLoader instantiated: org.apache.velocity.runtime.resource.loader.ClasspathResourceLoader
21:21:39.683 [main] DEBUG org.apache.velocity - ResourceCache: initialized (class org.apache.velocity.runtime.resource.ResourceCacheImpl) with class java.util.Collections$SynchronizedMap cache map.
21:21:39.684 [main] DEBUG org.apache.velocity - Loaded System Directive: org.apache.velocity.runtime.directive.Stop
21:21:39.685 [main] DEBUG org.apache.velocity - Loaded System Directive: org.apache.velocity.runtime.directive.Define
21:21:39.686 [main] DEBUG org.apache.velocity - Loaded System Directive: org.apache.velocity.runtime.directive.Break
21:21:39.686 [main] DEBUG org.apache.velocity - Loaded System Directive: org.apache.velocity.runtime.directive.Evaluate
21:21:39.686 [main] DEBUG org.apache.velocity - Loaded System Directive: org.apache.velocity.runtime.directive.Literal
21:21:39.688 [main] DEBUG org.apache.velocity - Loaded System Directive: org.apache.velocity.runtime.directive.Macro
21:21:39.689 [main] DEBUG org.apache.velocity - Loaded System Directive: org.apache.velocity.runtime.directive.Parse
21:21:39.689 [main] DEBUG org.apache.velocity - Loaded System Directive: org.apache.velocity.runtime.directive.Include
21:21:39.690 [main] DEBUG org.apache.velocity - Loaded System Directive: org.apache.velocity.runtime.directive.Foreach
21:21:39.707 [main] DEBUG org.apache.velocity - Created '20' parsers.
21:21:39.711 [main] DEBUG org.apache.velocity - Velocimacro : "velocimacro.library" is not set.  Trying default library: VM_global_library.vm
21:21:39.712 [main] DEBUG org.apache.velocity - Could not load resource 'VM_global_library.vm' from ResourceLoader org.apache.velocity.runtime.resource.loader.ClasspathResourceLoader: ClasspathResourceLoader Error: cannot find resource VM_global_library.vm
21:21:39.712 [main] DEBUG org.apache.velocity - Velocimacro : Default library not found.
21:21:39.712 [main] DEBUG org.apache.velocity - Velocimacro : allowInline = true : VMs can be defined inline in templates
21:21:39.712 [main] DEBUG org.apache.velocity - Velocimacro : allowInlineToOverride = false : VMs defined inline may NOT replace previous VM definitions
21:21:39.712 [main] DEBUG org.apache.velocity - Velocimacro : allowInlineLocal = false : VMs defined inline will be global in scope if allowed.
21:21:39.712 [main] DEBUG org.apache.velocity - Velocimacro : autoload off : VM system will not automatically reload global library macros
21:21:39.763 [main] DEBUG org.apache.velocity - CommonsLogLogChute name is 'org.apache.velocity'
21:21:39.763 [main] DEBUG org.apache.velocity - Initializing Velocity, Calling init()...
21:21:39.763 [main] DEBUG org.apache.velocity - Starting Apache Velocity v1.7 (compiled: 2010-11-19 12:14:37)
21:21:39.763 [main] DEBUG org.apache.velocity - Default Properties File: org\apache\velocity\runtime\defaults\velocity.properties
21:21:39.763 [main] DEBUG org.apache.velocity - Trying to use logger class org.apache.velocity.runtime.log.AvalonLogChute
21:21:39.763 [main] DEBUG org.apache.velocity - Target log system for org.apache.velocity.runtime.log.AvalonLogChute is not available (java.lang.NoClassDefFoundError: org/apache/log/format/Formatter).  Falling back to next log system...
21:21:39.763 [main] DEBUG org.apache.velocity - Trying to use logger class org.apache.velocity.runtime.log.Log4JLogChute
21:21:39.763 [main] DEBUG org.apache.velocity - Target log system for org.apache.velocity.runtime.log.Log4JLogChute is not available (java.lang.NoClassDefFoundError: org/apache/log4j/Layout).  Falling back to next log system...
21:21:39.763 [main] DEBUG org.apache.velocity - Trying to use logger class org.apache.velocity.runtime.log.CommonsLogLogChute
21:21:39.763 [main] DEBUG org.apache.velocity - Using logger class org.apache.velocity.runtime.log.CommonsLogLogChute
21:21:39.763 [main] DEBUG org.apache.velocity - ResourceLoader instantiated: org.apache.velocity.runtime.resource.loader.ClasspathResourceLoader
21:21:39.763 [main] DEBUG org.apache.velocity - ResourceCache: initialized (class org.apache.velocity.runtime.resource.ResourceCacheImpl) with class java.util.Collections$SynchronizedMap cache map.
21:21:39.763 [main] DEBUG org.apache.velocity - Loaded System Directive: org.apache.velocity.runtime.directive.Stop
21:21:39.764 [main] DEBUG org.apache.velocity - Loaded System Directive: org.apache.velocity.runtime.directive.Define
21:21:39.764 [main] DEBUG org.apache.velocity - Loaded System Directive: org.apache.velocity.runtime.directive.Break
21:21:39.764 [main] DEBUG org.apache.velocity - Loaded System Directive: org.apache.velocity.runtime.directive.Evaluate
21:21:39.764 [main] DEBUG org.apache.velocity - Loaded System Directive: org.apache.velocity.runtime.directive.Literal
21:21:39.764 [main] DEBUG org.apache.velocity - Loaded System Directive: org.apache.velocity.runtime.directive.Macro
21:21:39.764 [main] DEBUG org.apache.velocity - Loaded System Directive: org.apache.velocity.runtime.directive.Parse
21:21:39.764 [main] DEBUG org.apache.velocity - Loaded System Directive: org.apache.velocity.runtime.directive.Include
21:21:39.764 [main] DEBUG org.apache.velocity - Loaded System Directive: org.apache.velocity.runtime.directive.Foreach
21:21:39.764 [main] DEBUG org.apache.velocity - Created '20' parsers.
21:21:39.764 [main] DEBUG org.apache.velocity - Velocimacro : "velocimacro.library" is not set.  Trying default library: VM_global_library.vm
21:21:39.765 [main] DEBUG org.apache.velocity - Could not load resource 'VM_global_library.vm' from ResourceLoader org.apache.velocity.runtime.resource.loader.ClasspathResourceLoader: ClasspathResourceLoader Error: cannot find resource VM_global_library.vm
21:21:39.765 [main] DEBUG org.apache.velocity - Velocimacro : Default library not found.
21:21:39.765 [main] DEBUG org.apache.velocity - Velocimacro : allowInline = true : VMs can be defined inline in templates
21:21:39.765 [main] DEBUG org.apache.velocity - Velocimacro : allowInlineToOverride = false : VMs defined inline may NOT replace previous VM definitions
21:21:39.766 [main] DEBUG org.apache.velocity - Velocimacro : allowInlineLocal = false : VMs defined inline will be global in scope if allowed.
21:21:39.766 [main] DEBUG org.apache.velocity - Velocimacro : autoload off : VM system will not automatically reload global library macros
21:21:39.767 [main] DEBUG org.apache.velocity - CommonsLogLogChute name is 'org.apache.velocity'
21:21:39.767 [main] DEBUG org.apache.velocity - Initializing Velocity, Calling init()...
21:21:39.767 [main] DEBUG org.apache.velocity - Starting Apache Velocity v1.7 (compiled: 2010-11-19 12:14:37)
21:21:39.768 [main] DEBUG org.apache.velocity - Default Properties File: org\apache\velocity\runtime\defaults\velocity.properties
21:21:39.768 [main] DEBUG org.apache.velocity - Trying to use logger class org.apache.velocity.runtime.log.AvalonLogChute
21:21:39.768 [main] DEBUG org.apache.velocity - Target log system for org.apache.velocity.runtime.log.AvalonLogChute is not available (java.lang.NoClassDefFoundError: org/apache/log/format/Formatter).  Falling back to next log system...
21:21:39.768 [main] DEBUG org.apache.velocity - Trying to use logger class org.apache.velocity.runtime.log.Log4JLogChute
21:21:39.768 [main] DEBUG org.apache.velocity - Target log system for org.apache.velocity.runtime.log.Log4JLogChute is not available (java.lang.NoClassDefFoundError: org/apache/log4j/Layout).  Falling back to next log system...
21:21:39.768 [main] DEBUG org.apache.velocity - Trying to use logger class org.apache.velocity.runtime.log.CommonsLogLogChute
21:21:39.768 [main] DEBUG org.apache.velocity - Using logger class org.apache.velocity.runtime.log.CommonsLogLogChute
21:21:39.768 [main] DEBUG org.apache.velocity - ResourceLoader instantiated: org.apache.velocity.runtime.resource.loader.ClasspathResourceLoader
21:21:39.768 [main] DEBUG org.apache.velocity - ResourceCache: initialized (class org.apache.velocity.runtime.resource.ResourceCacheImpl) with class java.util.Collections$SynchronizedMap cache map.
21:21:39.768 [main] DEBUG org.apache.velocity - Loaded System Directive: org.apache.velocity.runtime.directive.Stop
21:21:39.768 [main] DEBUG org.apache.velocity - Loaded System Directive: org.apache.velocity.runtime.directive.Define
21:21:39.768 [main] DEBUG org.apache.velocity - Loaded System Directive: org.apache.velocity.runtime.directive.Break
21:21:39.768 [main] DEBUG org.apache.velocity - Loaded System Directive: org.apache.velocity.runtime.directive.Evaluate
21:21:39.768 [main] DEBUG org.apache.velocity - Loaded System Directive: org.apache.velocity.runtime.directive.Literal
21:21:39.768 [main] DEBUG org.apache.velocity - Loaded System Directive: org.apache.velocity.runtime.directive.Macro
21:21:39.768 [main] DEBUG org.apache.velocity - Loaded System Directive: org.apache.velocity.runtime.directive.Parse
21:21:39.768 [main] DEBUG org.apache.velocity - Loaded System Directive: org.apache.velocity.runtime.directive.Include
21:21:39.768 [main] DEBUG org.apache.velocity - Loaded System Directive: org.apache.velocity.runtime.directive.Foreach
21:21:39.769 [main] DEBUG org.apache.velocity - Created '20' parsers.
21:21:39.769 [main] DEBUG org.apache.velocity - Velocimacro : "velocimacro.library" is not set.  Trying default library: VM_global_library.vm
21:21:39.770 [main] DEBUG org.apache.velocity - Could not load resource 'VM_global_library.vm' from ResourceLoader org.apache.velocity.runtime.resource.loader.ClasspathResourceLoader: ClasspathResourceLoader Error: cannot find resource VM_global_library.vm
21:21:39.770 [main] DEBUG org.apache.velocity - Velocimacro : Default library not found.
21:21:39.770 [main] DEBUG org.apache.velocity - Velocimacro : allowInline = true : VMs can be defined inline in templates
21:21:39.770 [main] DEBUG org.apache.velocity - Velocimacro : allowInlineToOverride = false : VMs defined inline may NOT replace previous VM definitions
21:21:39.770 [main] DEBUG org.apache.velocity - Velocimacro : allowInlineLocal = false : VMs defined inline will be global in scope if allowed.
21:21:39.770 [main] DEBUG org.apache.velocity - Velocimacro : autoload off : VM system will not automatically reload global library macros
21:21:39.772 [main] DEBUG org.apache.velocity - CommonsLogLogChute name is 'org.apache.velocity'
21:21:39.772 [main] DEBUG org.apache.velocity - Initializing Velocity, Calling init()...
21:21:39.772 [main] DEBUG org.apache.velocity - Starting Apache Velocity v1.7 (compiled: 2010-11-19 12:14:37)
21:21:39.772 [main] DEBUG org.apache.velocity - Default Properties File: org\apache\velocity\runtime\defaults\velocity.properties
21:21:39.772 [main] DEBUG org.apache.velocity - Trying to use logger class org.apache.velocity.runtime.log.AvalonLogChute
21:21:39.772 [main] DEBUG org.apache.velocity - Target log system for org.apache.velocity.runtime.log.AvalonLogChute is not available (java.lang.NoClassDefFoundError: org/apache/log/format/Formatter).  Falling back to next log system...
21:21:39.772 [main] DEBUG org.apache.velocity - Trying to use logger class org.apache.velocity.runtime.log.Log4JLogChute
21:21:39.772 [main] DEBUG org.apache.velocity - Target log system for org.apache.velocity.runtime.log.Log4JLogChute is not available (java.lang.NoClassDefFoundError: org/apache/log4j/Layout).  Falling back to next log system...
21:21:39.773 [main] DEBUG org.apache.velocity - Trying to use logger class org.apache.velocity.runtime.log.CommonsLogLogChute
21:21:39.773 [main] DEBUG org.apache.velocity - Using logger class org.apache.velocity.runtime.log.CommonsLogLogChute
21:21:39.773 [main] DEBUG org.apache.velocity - ResourceLoader instantiated: org.apache.velocity.runtime.resource.loader.ClasspathResourceLoader
21:21:39.773 [main] DEBUG org.apache.velocity - ResourceCache: initialized (class org.apache.velocity.runtime.resource.ResourceCacheImpl) with class java.util.Collections$SynchronizedMap cache map.
21:21:39.773 [main] DEBUG org.apache.velocity - Loaded System Directive: org.apache.velocity.runtime.directive.Stop
21:21:39.773 [main] DEBUG org.apache.velocity - Loaded System Directive: org.apache.velocity.runtime.directive.Define
21:21:39.773 [main] DEBUG org.apache.velocity - Loaded System Directive: org.apache.velocity.runtime.directive.Break
21:21:39.773 [main] DEBUG org.apache.velocity - Loaded System Directive: org.apache.velocity.runtime.directive.Evaluate
21:21:39.773 [main] DEBUG org.apache.velocity - Loaded System Directive: org.apache.velocity.runtime.directive.Literal
21:21:39.773 [main] DEBUG org.apache.velocity - Loaded System Directive: org.apache.velocity.runtime.directive.Macro
21:21:39.773 [main] DEBUG org.apache.velocity - Loaded System Directive: org.apache.velocity.runtime.directive.Parse
21:21:39.773 [main] DEBUG org.apache.velocity - Loaded System Directive: org.apache.velocity.runtime.directive.Include
21:21:39.774 [main] DEBUG org.apache.velocity - Loaded System Directive: org.apache.velocity.runtime.directive.Foreach
21:21:39.774 [main] DEBUG org.apache.velocity - Created '20' parsers.
21:21:39.774 [main] DEBUG org.apache.velocity - Velocimacro : "velocimacro.library" is not set.  Trying default library: VM_global_library.vm
21:21:39.774 [main] DEBUG org.apache.velocity - Could not load resource 'VM_global_library.vm' from ResourceLoader org.apache.velocity.runtime.resource.loader.ClasspathResourceLoader: ClasspathResourceLoader Error: cannot find resource VM_global_library.vm
21:21:39.774 [main] DEBUG org.apache.velocity - Velocimacro : Default library not found.
21:21:39.774 [main] DEBUG org.apache.velocity - Velocimacro : allowInline = true : VMs can be defined inline in templates
21:21:39.774 [main] DEBUG org.apache.velocity - Velocimacro : allowInlineToOverride = false : VMs defined inline may NOT replace previous VM definitions
21:21:39.774 [main] DEBUG org.apache.velocity - Velocimacro : allowInlineLocal = false : VMs defined inline will be global in scope if allowed.
21:21:39.774 [main] DEBUG org.apache.velocity - Velocimacro : autoload off : VM system will not automatically reload global library macros
21:21:39.776 [main] DEBUG org.apache.velocity - CommonsLogLogChute name is 'org.apache.velocity'
21:21:39.776 [main] DEBUG org.apache.velocity - Initializing Velocity, Calling init()...
21:21:39.776 [main] DEBUG org.apache.velocity - Starting Apache Velocity v1.7 (compiled: 2010-11-19 12:14:37)
21:21:39.776 [main] DEBUG org.apache.velocity - Default Properties File: org\apache\velocity\runtime\defaults\velocity.properties
21:21:39.776 [main] DEBUG org.apache.velocity - Trying to use logger class org.apache.velocity.runtime.log.AvalonLogChute
21:21:39.776 [main] DEBUG org.apache.velocity - Target log system for org.apache.velocity.runtime.log.AvalonLogChute is not available (java.lang.NoClassDefFoundError: org/apache/log/format/Formatter).  Falling back to next log system...
21:21:39.776 [main] DEBUG org.apache.velocity - Trying to use logger class org.apache.velocity.runtime.log.Log4JLogChute
21:21:39.776 [main] DEBUG org.apache.velocity - Target log system for org.apache.velocity.runtime.log.Log4JLogChute is not available (java.lang.NoClassDefFoundError: org/apache/log4j/Layout).  Falling back to next log system...
21:21:39.776 [main] DEBUG org.apache.velocity - Trying to use logger class org.apache.velocity.runtime.log.CommonsLogLogChute
21:21:39.776 [main] DEBUG org.apache.velocity - Using logger class org.apache.velocity.runtime.log.CommonsLogLogChute
21:21:39.776 [main] DEBUG org.apache.velocity - ResourceLoader instantiated: org.apache.velocity.runtime.resource.loader.ClasspathResourceLoader
21:21:39.776 [main] DEBUG org.apache.velocity - ResourceCache: initialized (class org.apache.velocity.runtime.resource.ResourceCacheImpl) with class java.util.Collections$SynchronizedMap cache map.
21:21:39.776 [main] DEBUG org.apache.velocity - Loaded System Directive: org.apache.velocity.runtime.directive.Stop
21:21:39.776 [main] DEBUG org.apache.velocity - Loaded System Directive: org.apache.velocity.runtime.directive.Define
21:21:39.776 [main] DEBUG org.apache.velocity - Loaded System Directive: org.apache.velocity.runtime.directive.Break
21:21:39.776 [main] DEBUG org.apache.velocity - Loaded System Directive: org.apache.velocity.runtime.directive.Evaluate
21:21:39.776 [main] DEBUG org.apache.velocity - Loaded System Directive: org.apache.velocity.runtime.directive.Literal
21:21:39.776 [main] DEBUG org.apache.velocity - Loaded System Directive: org.apache.velocity.runtime.directive.Macro
21:21:39.776 [main] DEBUG org.apache.velocity - Loaded System Directive: org.apache.velocity.runtime.directive.Parse
21:21:39.776 [main] DEBUG org.apache.velocity - Loaded System Directive: org.apache.velocity.runtime.directive.Include
21:21:39.776 [main] DEBUG org.apache.velocity - Loaded System Directive: org.apache.velocity.runtime.directive.Foreach
21:21:39.777 [main] DEBUG org.apache.velocity - Created '20' parsers.
21:21:39.777 [main] DEBUG org.apache.velocity - Velocimacro : "velocimacro.library" is not set.  Trying default library: VM_global_library.vm
21:21:39.777 [main] DEBUG org.apache.velocity - Could not load resource 'VM_global_library.vm' from ResourceLoader org.apache.velocity.runtime.resource.loader.ClasspathResourceLoader: ClasspathResourceLoader Error: cannot find resource VM_global_library.vm
21:21:39.777 [main] DEBUG org.apache.velocity - Velocimacro : Default library not found.
21:21:39.777 [main] DEBUG org.apache.velocity - Velocimacro : allowInline = true : VMs can be defined inline in templates
21:21:39.777 [main] DEBUG org.apache.velocity - Velocimacro : allowInlineToOverride = false : VMs defined inline may NOT replace previous VM definitions
21:21:39.777 [main] DEBUG org.apache.velocity - Velocimacro : allowInlineLocal = false : VMs defined inline will be global in scope if allowed.
21:21:39.777 [main] DEBUG org.apache.velocity - Velocimacro : autoload off : VM system will not automatically reload global library macros
21:21:39.779 [main] DEBUG org.apache.velocity - CommonsLogLogChute name is 'org.apache.velocity'
21:21:39.779 [main] DEBUG org.apache.velocity - Initializing Velocity, Calling init()...
21:21:39.779 [main] DEBUG org.apache.velocity - Starting Apache Velocity v1.7 (compiled: 2010-11-19 12:14:37)
21:21:39.779 [main] DEBUG org.apache.velocity - Default Properties File: org\apache\velocity\runtime\defaults\velocity.properties
21:21:39.779 [main] DEBUG org.apache.velocity - Trying to use logger class org.apache.velocity.runtime.log.AvalonLogChute
21:21:39.779 [main] DEBUG org.apache.velocity - Target log system for org.apache.velocity.runtime.log.AvalonLogChute is not available (java.lang.NoClassDefFoundError: org/apache/log/format/Formatter).  Falling back to next log system...
21:21:39.779 [main] DEBUG org.apache.velocity - Trying to use logger class org.apache.velocity.runtime.log.Log4JLogChute
21:21:39.779 [main] DEBUG org.apache.velocity - Target log system for org.apache.velocity.runtime.log.Log4JLogChute is not available (java.lang.NoClassDefFoundError: org/apache/log4j/Layout).  Falling back to next log system...
21:21:39.779 [main] DEBUG org.apache.velocity - Trying to use logger class org.apache.velocity.runtime.log.CommonsLogLogChute
21:21:39.779 [main] DEBUG org.apache.velocity - Using logger class org.apache.velocity.runtime.log.CommonsLogLogChute
21:21:39.779 [main] DEBUG org.apache.velocity - ResourceLoader instantiated: org.apache.velocity.runtime.resource.loader.ClasspathResourceLoader
21:21:39.779 [main] DEBUG org.apache.velocity - ResourceCache: initialized (class org.apache.velocity.runtime.resource.ResourceCacheImpl) with class java.util.Collections$SynchronizedMap cache map.
21:21:39.781 [main] DEBUG org.apache.velocity - Loaded System Directive: org.apache.velocity.runtime.directive.Stop
21:21:39.781 [main] DEBUG org.apache.velocity - Loaded System Directive: org.apache.velocity.runtime.directive.Define
21:21:39.781 [main] DEBUG org.apache.velocity - Loaded System Directive: org.apache.velocity.runtime.directive.Break
21:21:39.781 [main] DEBUG org.apache.velocity - Loaded System Directive: org.apache.velocity.runtime.directive.Evaluate
21:21:39.781 [main] DEBUG org.apache.velocity - Loaded System Directive: org.apache.velocity.runtime.directive.Literal
21:21:39.781 [main] DEBUG org.apache.velocity - Loaded System Directive: org.apache.velocity.runtime.directive.Macro
21:21:39.781 [main] DEBUG org.apache.velocity - Loaded System Directive: org.apache.velocity.runtime.directive.Parse
21:21:39.781 [main] DEBUG org.apache.velocity - Loaded System Directive: org.apache.velocity.runtime.directive.Include
21:21:39.781 [main] DEBUG org.apache.velocity - Loaded System Directive: org.apache.velocity.runtime.directive.Foreach
21:21:39.782 [main] DEBUG org.apache.velocity - Created '20' parsers.
21:21:39.782 [main] DEBUG org.apache.velocity - Velocimacro : "velocimacro.library" is not set.  Trying default library: VM_global_library.vm
21:21:39.782 [main] DEBUG org.apache.velocity - Could not load resource 'VM_global_library.vm' from ResourceLoader org.apache.velocity.runtime.resource.loader.ClasspathResourceLoader: ClasspathResourceLoader Error: cannot find resource VM_global_library.vm
21:21:39.782 [main] DEBUG org.apache.velocity - Velocimacro : Default library not found.
21:21:39.782 [main] DEBUG org.apache.velocity - Velocimacro : allowInline = true : VMs can be defined inline in templates
21:21:39.782 [main] DEBUG org.apache.velocity - Velocimacro : allowInlineToOverride = false : VMs defined inline may NOT replace previous VM definitions
21:21:39.782 [main] DEBUG org.apache.velocity - Velocimacro : allowInlineLocal = false : VMs defined inline will be global in scope if allowed.
21:21:39.782 [main] DEBUG org.apache.velocity - Velocimacro : autoload off : VM system will not automatically reload global library macros
21:21:39.784 [main] DEBUG org.apache.velocity - CommonsLogLogChute name is 'org.apache.velocity'
21:21:39.785 [main] DEBUG org.apache.velocity - Initializing Velocity, Calling init()...
21:21:39.785 [main] DEBUG org.apache.velocity - Starting Apache Velocity v1.7 (compiled: 2010-11-19 12:14:37)
21:21:39.785 [main] DEBUG org.apache.velocity - Default Properties File: org\apache\velocity\runtime\defaults\velocity.properties
21:21:39.785 [main] DEBUG org.apache.velocity - Trying to use logger class org.apache.velocity.runtime.log.AvalonLogChute
21:21:39.785 [main] DEBUG org.apache.velocity - Target log system for org.apache.velocity.runtime.log.AvalonLogChute is not available (java.lang.NoClassDefFoundError: org/apache/log/format/Formatter).  Falling back to next log system...
21:21:39.785 [main] DEBUG org.apache.velocity - Trying to use logger class org.apache.velocity.runtime.log.Log4JLogChute
21:21:39.785 [main] DEBUG org.apache.velocity - Target log system for org.apache.velocity.runtime.log.Log4JLogChute is not available (java.lang.NoClassDefFoundError: org/apache/log4j/Layout).  Falling back to next log system...
21:21:39.785 [main] DEBUG org.apache.velocity - Trying to use logger class org.apache.velocity.runtime.log.CommonsLogLogChute
21:21:39.785 [main] DEBUG org.apache.velocity - Using logger class org.apache.velocity.runtime.log.CommonsLogLogChute
21:21:39.785 [main] DEBUG org.apache.velocity - ResourceLoader instantiated: org.apache.velocity.runtime.resource.loader.ClasspathResourceLoader
21:21:39.785 [main] DEBUG org.apache.velocity - ResourceCache: initialized (class org.apache.velocity.runtime.resource.ResourceCacheImpl) with class java.util.Collections$SynchronizedMap cache map.
21:21:39.786 [main] DEBUG org.apache.velocity - Loaded System Directive: org.apache.velocity.runtime.directive.Stop
21:21:39.786 [main] DEBUG org.apache.velocity - Loaded System Directive: org.apache.velocity.runtime.directive.Define
21:21:39.786 [main] DEBUG org.apache.velocity - Loaded System Directive: org.apache.velocity.runtime.directive.Break
21:21:39.786 [main] DEBUG org.apache.velocity - Loaded System Directive: org.apache.velocity.runtime.directive.Evaluate
21:21:39.786 [main] DEBUG org.apache.velocity - Loaded System Directive: org.apache.velocity.runtime.directive.Literal
21:21:39.786 [main] DEBUG org.apache.velocity - Loaded System Directive: org.apache.velocity.runtime.directive.Macro
21:21:39.787 [main] DEBUG org.apache.velocity - Loaded System Directive: org.apache.velocity.runtime.directive.Parse
21:21:39.787 [main] DEBUG org.apache.velocity - Loaded System Directive: org.apache.velocity.runtime.directive.Include
21:21:39.787 [main] DEBUG org.apache.velocity - Loaded System Directive: org.apache.velocity.runtime.directive.Foreach
21:21:39.787 [main] DEBUG org.apache.velocity - Created '20' parsers.
21:21:39.788 [main] DEBUG org.apache.velocity - Velocimacro : "velocimacro.library" is not set.  Trying default library: VM_global_library.vm
21:21:39.788 [main] DEBUG org.apache.velocity - Could not load resource 'VM_global_library.vm' from ResourceLoader org.apache.velocity.runtime.resource.loader.ClasspathResourceLoader: ClasspathResourceLoader Error: cannot find resource VM_global_library.vm
21:21:39.788 [main] DEBUG org.apache.velocity - Velocimacro : Default library not found.
21:21:39.788 [main] DEBUG org.apache.velocity - Velocimacro : allowInline = true : VMs can be defined inline in templates
21:21:39.788 [main] DEBUG org.apache.velocity - Velocimacro : allowInlineToOverride = false : VMs defined inline may NOT replace previous VM definitions
21:21:39.788 [main] DEBUG org.apache.velocity - Velocimacro : allowInlineLocal = false : VMs defined inline will be global in scope if allowed.
21:21:39.788 [main] DEBUG org.apache.velocity - Velocimacro : autoload off : VM system will not automatically reload global library macros
21:21:39.793 [main] DEBUG org.apache.velocity - CommonsLogLogChute name is 'org.apache.velocity'
21:21:39.794 [main] DEBUG org.apache.velocity - Initializing Velocity, Calling init()...
21:21:39.794 [main] DEBUG org.apache.velocity - Starting Apache Velocity v1.7 (compiled: 2010-11-19 12:14:37)
21:21:39.794 [main] DEBUG org.apache.velocity - Default Properties File: org\apache\velocity\runtime\defaults\velocity.properties
21:21:39.794 [main] DEBUG org.apache.velocity - Trying to use logger class org.apache.velocity.runtime.log.AvalonLogChute
21:21:39.794 [main] DEBUG org.apache.velocity - Target log system for org.apache.velocity.runtime.log.AvalonLogChute is not available (java.lang.NoClassDefFoundError: org/apache/log/format/Formatter).  Falling back to next log system...
21:21:39.794 [main] DEBUG org.apache.velocity - Trying to use logger class org.apache.velocity.runtime.log.Log4JLogChute
21:21:39.794 [main] DEBUG org.apache.velocity - Target log system for org.apache.velocity.runtime.log.Log4JLogChute is not available (java.lang.NoClassDefFoundError: org/apache/log4j/Layout).  Falling back to next log system...
21:21:39.795 [main] DEBUG org.apache.velocity - Trying to use logger class org.apache.velocity.runtime.log.CommonsLogLogChute
21:21:39.795 [main] DEBUG org.apache.velocity - Using logger class org.apache.velocity.runtime.log.CommonsLogLogChute
21:21:39.795 [main] DEBUG org.apache.velocity - ResourceLoader instantiated: org.apache.velocity.runtime.resource.loader.ClasspathResourceLoader
21:21:39.795 [main] DEBUG org.apache.velocity - ResourceCache: initialized (class org.apache.velocity.runtime.resource.ResourceCacheImpl) with class java.util.Collections$SynchronizedMap cache map.
21:21:39.795 [main] DEBUG org.apache.velocity - Loaded System Directive: org.apache.velocity.runtime.directive.Stop
21:21:39.795 [main] DEBUG org.apache.velocity - Loaded System Directive: org.apache.velocity.runtime.directive.Define
21:21:39.796 [main] DEBUG org.apache.velocity - Loaded System Directive: org.apache.velocity.runtime.directive.Break
21:21:39.796 [main] DEBUG org.apache.velocity - Loaded System Directive: org.apache.velocity.runtime.directive.Evaluate
21:21:39.796 [main] DEBUG org.apache.velocity - Loaded System Directive: org.apache.velocity.runtime.directive.Literal
21:21:39.796 [main] DEBUG org.apache.velocity - Loaded System Directive: org.apache.velocity.runtime.directive.Macro
21:21:39.796 [main] DEBUG org.apache.velocity - Loaded System Directive: org.apache.velocity.runtime.directive.Parse
21:21:39.796 [main] DEBUG org.apache.velocity - Loaded System Directive: org.apache.velocity.runtime.directive.Include
21:21:39.797 [main] DEBUG org.apache.velocity - Loaded System Directive: org.apache.velocity.runtime.directive.Foreach
21:21:39.800 [main] DEBUG org.apache.velocity - Created '20' parsers.
21:21:39.800 [main] DEBUG org.apache.velocity - Velocimacro : "velocimacro.library" is not set.  Trying default library: VM_global_library.vm
21:21:39.801 [main] DEBUG org.apache.velocity - Could not load resource 'VM_global_library.vm' from ResourceLoader org.apache.velocity.runtime.resource.loader.ClasspathResourceLoader: ClasspathResourceLoader Error: cannot find resource VM_global_library.vm
21:21:39.801 [main] DEBUG org.apache.velocity - Velocimacro : Default library not found.
21:21:39.801 [main] DEBUG org.apache.velocity - Velocimacro : allowInline = true : VMs can be defined inline in templates
21:21:39.801 [main] DEBUG org.apache.velocity - Velocimacro : allowInlineToOverride = false : VMs defined inline may NOT replace previous VM definitions
21:21:39.801 [main] DEBUG org.apache.velocity - Velocimacro : allowInlineLocal = false : VMs defined inline will be global in scope if allowed.
21:21:39.801 [main] DEBUG org.apache.velocity - Velocimacro : autoload off : VM system will not automatically reload global library macros
21:21:39.804 [main] DEBUG org.apache.velocity - CommonsLogLogChute name is 'org.apache.velocity'
21:21:39.804 [main] DEBUG org.apache.velocity - Initializing Velocity, Calling init()...
21:21:39.804 [main] DEBUG org.apache.velocity - Starting Apache Velocity v1.7 (compiled: 2010-11-19 12:14:37)
21:21:39.804 [main] DEBUG org.apache.velocity - Default Properties File: org\apache\velocity\runtime\defaults\velocity.properties
21:21:39.804 [main] DEBUG org.apache.velocity - Trying to use logger class org.apache.velocity.runtime.log.AvalonLogChute
21:21:39.804 [main] DEBUG org.apache.velocity - Target log system for org.apache.velocity.runtime.log.AvalonLogChute is not available (java.lang.NoClassDefFoundError: org/apache/log/format/Formatter).  Falling back to next log system...
21:21:39.804 [main] DEBUG org.apache.velocity - Trying to use logger class org.apache.velocity.runtime.log.Log4JLogChute
21:21:39.804 [main] DEBUG org.apache.velocity - Target log system for org.apache.velocity.runtime.log.Log4JLogChute is not available (java.lang.NoClassDefFoundError: org/apache/log4j/Layout).  Falling back to next log system...
21:21:39.804 [main] DEBUG org.apache.velocity - Trying to use logger class org.apache.velocity.runtime.log.CommonsLogLogChute
21:21:39.804 [main] DEBUG org.apache.velocity - Using logger class org.apache.velocity.runtime.log.CommonsLogLogChute
21:21:39.805 [main] DEBUG org.apache.velocity - ResourceLoader instantiated: org.apache.velocity.runtime.resource.loader.ClasspathResourceLoader
21:21:39.805 [main] DEBUG org.apache.velocity - ResourceCache: initialized (class org.apache.velocity.runtime.resource.ResourceCacheImpl) with class java.util.Collections$SynchronizedMap cache map.
21:21:39.805 [main] DEBUG org.apache.velocity - Loaded System Directive: org.apache.velocity.runtime.directive.Stop
21:21:39.805 [main] DEBUG org.apache.velocity - Loaded System Directive: org.apache.velocity.runtime.directive.Define
21:21:39.805 [main] DEBUG org.apache.velocity - Loaded System Directive: org.apache.velocity.runtime.directive.Break
21:21:39.805 [main] DEBUG org.apache.velocity - Loaded System Directive: org.apache.velocity.runtime.directive.Evaluate
21:21:39.805 [main] DEBUG org.apache.velocity - Loaded System Directive: org.apache.velocity.runtime.directive.Literal
21:21:39.805 [main] DEBUG org.apache.velocity - Loaded System Directive: org.apache.velocity.runtime.directive.Macro
21:21:39.805 [main] DEBUG org.apache.velocity - Loaded System Directive: org.apache.velocity.runtime.directive.Parse
21:21:39.805 [main] DEBUG org.apache.velocity - Loaded System Directive: org.apache.velocity.runtime.directive.Include
21:21:39.805 [main] DEBUG org.apache.velocity - Loaded System Directive: org.apache.velocity.runtime.directive.Foreach
21:21:39.806 [main] DEBUG org.apache.velocity - Created '20' parsers.
21:21:39.806 [main] DEBUG org.apache.velocity - Velocimacro : "velocimacro.library" is not set.  Trying default library: VM_global_library.vm
21:21:39.807 [main] DEBUG org.apache.velocity - Could not load resource 'VM_global_library.vm' from ResourceLoader org.apache.velocity.runtime.resource.loader.ClasspathResourceLoader: ClasspathResourceLoader Error: cannot find resource VM_global_library.vm
21:21:39.807 [main] DEBUG org.apache.velocity - Velocimacro : Default library not found.
21:21:39.807 [main] DEBUG org.apache.velocity - Velocimacro : allowInline = true : VMs can be defined inline in templates
21:21:39.807 [main] DEBUG org.apache.velocity - Velocimacro : allowInlineToOverride = false : VMs defined inline may NOT replace previous VM definitions
21:21:39.807 [main] DEBUG org.apache.velocity - Velocimacro : allowInlineLocal = false : VMs defined inline will be global in scope if allowed.
21:21:39.807 [main] DEBUG org.apache.velocity - Velocimacro : autoload off : VM system will not automatically reload global library macros
21:21:39.829 [main] DEBUG org.apache.velocity - ResourceManager : found templates/generators/overviewFeatures.vm with loader org.apache.velocity.runtime.resource.loader.ClasspathResourceLoader
21:21:39.835 [main] DEBUG org.apache.velocity - ResourceManager : found /templates/headers.vm with loader org.apache.velocity.runtime.resource.loader.ClasspathResourceLoader
21:21:39.836 [main] DEBUG org.apache.velocity - ResourceManager : found /templates/head.vm with loader org.apache.velocity.runtime.resource.loader.ClasspathResourceLoader
21:21:39.844 [main] DEBUG org.apache.velocity - Velocimacro : added VM stringArray: source=/templates/macros/array.js.vm
21:21:39.845 [main] DEBUG org.apache.velocity - Velocimacro : added VM numberArray: source=/templates/macros/array.js.vm
21:21:39.845 [main] DEBUG org.apache.velocity - ResourceManager : found /templates/macros/array.js.vm with loader org.apache.velocity.runtime.resource.loader.ClasspathResourceLoader
21:21:39.846 [main] DEBUG org.apache.velocity - Velocimacro : added VM includeBuildInfo: source=/templates/macros/page/buildinfo.vm
21:21:39.847 [main] DEBUG org.apache.velocity - ResourceManager : found /templates/macros/page/buildinfo.vm with loader org.apache.velocity.runtime.resource.loader.ClasspathResourceLoader
21:21:39.851 [main] DEBUG org.apache.velocity - Velocimacro : added VM includeClassifications: source=/templates/macros/page/classifications.vm
21:21:39.851 [main] DEBUG org.apache.velocity - ResourceManager : found /templates/macros/page/classifications.vm with loader org.apache.velocity.runtime.resource.loader.ClasspathResourceLoader
21:21:39.852 [main] DEBUG org.apache.velocity - Velocimacro : added VM includeLead: source=/templates/macros/page/lead.vm
21:21:39.852 [main] DEBUG org.apache.velocity - ResourceManager : found /templates/macros/page/lead.vm with loader org.apache.velocity.runtime.resource.loader.ClasspathResourceLoader
21:21:39.856 [main] DEBUG org.apache.velocity - Velocimacro : added VM includeNavigation: source=/templates/macros/page/navigation.vm
21:21:39.856 [main] DEBUG org.apache.velocity - ResourceManager : found /templates/macros/page/navigation.vm with loader org.apache.velocity.runtime.resource.loader.ClasspathResourceLoader
21:21:39.861 [main] DEBUG org.apache.velocity - Velocimacro : added VM includeReportInfo: source=/templates/macros/page/reportInfo.vm
21:21:39.861 [main] DEBUG org.apache.velocity - ResourceManager : found /templates/macros/page/reportInfo.vm with loader org.apache.velocity.runtime.resource.loader.ClasspathResourceLoader
21:21:39.862 [main] DEBUG org.apache.velocity - Velocimacro : added VM includeTitle: source=/templates/macros/page/title.vm
21:21:39.863 [main] DEBUG org.apache.velocity - ResourceManager : found /templates/macros/page/title.vm with loader org.apache.velocity.runtime.resource.loader.ClasspathResourceLoader
21:21:39.872 [main] DEBUG org.apache.velocity - Velocimacro : added VM includeExpandingButtons: source=/templates/macros/report/expandAllButtons.vm
21:21:39.872 [main] DEBUG org.apache.velocity - ResourceManager : found /templates/macros/report/expandAllButtons.vm with loader org.apache.velocity.runtime.resource.loader.ClasspathResourceLoader
21:21:39.889 [main] DEBUG org.apache.velocity - Velocimacro : added VM includeReportTable: source=/templates/macros/report/reportTable.vm
21:21:39.889 [main] DEBUG org.apache.velocity - ResourceManager : found /templates/macros/report/reportTable.vm with loader org.apache.velocity.runtime.resource.loader.ClasspathResourceLoader
21:21:39.899 [main] DEBUG org.apache.velocity - Velocimacro : added VM includeReportHeader: source=/templates/macros/report/reportHeader.vm
21:21:39.899 [main] DEBUG org.apache.velocity - ResourceManager : found /templates/macros/report/reportHeader.vm with loader org.apache.velocity.runtime.resource.loader.ClasspathResourceLoader
21:21:39.904 [main] DEBUG org.apache.velocity - Velocimacro : added VM includeStatsTable: source=/templates/macros/report/statsTable.vm
21:21:39.904 [main] DEBUG org.apache.velocity - ResourceManager : found /templates/macros/report/statsTable.vm with loader org.apache.velocity.runtime.resource.loader.ClasspathResourceLoader
21:21:39.906 [main] DEBUG org.apache.velocity - Velocimacro : added VM includeBrief: source=/templates/macros/json/brief.vm
21:21:39.906 [main] DEBUG org.apache.velocity - ResourceManager : found /templates/macros/json/brief.vm with loader org.apache.velocity.runtime.resource.loader.ClasspathResourceLoader
21:21:39.908 [main] DEBUG org.apache.velocity - Velocimacro : added VM includeDocString: source=/templates/macros/json/docstring.vm
21:21:39.908 [main] DEBUG org.apache.velocity - ResourceManager : found /templates/macros/json/docstring.vm with loader org.apache.velocity.runtime.resource.loader.ClasspathResourceLoader
21:21:39.910 [main] DEBUG org.apache.velocity - Velocimacro : added VM includeDuration: source=/templates/macros/json/duration.vm
21:21:39.911 [main] DEBUG org.apache.velocity - ResourceManager : found /templates/macros/json/duration.vm with loader org.apache.velocity.runtime.resource.loader.ClasspathResourceLoader
21:21:39.913 [main] DEBUG org.apache.velocity - Velocimacro : added VM includeElement: source=/templates/macros/json/element.vm
21:21:39.913 [main] DEBUG org.apache.velocity - ResourceManager : found /templates/macros/json/element.vm with loader org.apache.velocity.runtime.resource.loader.ClasspathResourceLoader
21:21:39.918 [main] DEBUG org.apache.velocity - Velocimacro : added VM includeEmbeddings: source=/templates/macros/json/embeddings.vm
21:21:39.918 [main] DEBUG org.apache.velocity - Velocimacro : added VM includeHtmlEmbedding: source=/templates/macros/json/embeddings.vm
21:21:39.918 [main] DEBUG org.apache.velocity - Velocimacro : added VM includeImageEmbedding: source=/templates/macros/json/embeddings.vm
21:21:39.919 [main] DEBUG org.apache.velocity - Velocimacro : added VM includeImageReferenceEmbedding: source=/templates/macros/json/embeddings.vm
21:21:39.919 [main] DEBUG org.apache.velocity - Velocimacro : added VM includeTextEmbedding: source=/templates/macros/json/embeddings.vm
21:21:39.919 [main] DEBUG org.apache.velocity - Velocimacro : added VM includeUnknownEmbedding: source=/templates/macros/json/embeddings.vm
21:21:39.919 [main] DEBUG org.apache.velocity - ResourceManager : found /templates/macros/json/embeddings.vm with loader org.apache.velocity.runtime.resource.loader.ClasspathResourceLoader
21:21:39.920 [main] DEBUG org.apache.velocity - Velocimacro : added VM includeHooks: source=/templates/macros/json/hooks.vm
21:21:39.920 [main] DEBUG org.apache.velocity - ResourceManager : found /templates/macros/json/hooks.vm with loader org.apache.velocity.runtime.resource.loader.ClasspathResourceLoader
21:21:39.924 [main] DEBUG org.apache.velocity - Velocimacro : added VM includeOutput: source=/templates/macros/json/output.vm
21:21:39.924 [main] DEBUG org.apache.velocity - ResourceManager : found /templates/macros/json/output.vm with loader org.apache.velocity.runtime.resource.loader.ClasspathResourceLoader
21:21:39.926 [main] DEBUG org.apache.velocity - Velocimacro : added VM includeMessage: source=/templates/macros/json/message.vm
21:21:39.926 [main] DEBUG org.apache.velocity - ResourceManager : found /templates/macros/json/message.vm with loader org.apache.velocity.runtime.resource.loader.ClasspathResourceLoader
21:21:39.929 [main] DEBUG org.apache.velocity - Velocimacro : added VM includeSteps: source=/templates/macros/json/steps.vm
21:21:39.929 [main] DEBUG org.apache.velocity - ResourceManager : found /templates/macros/json/steps.vm with loader org.apache.velocity.runtime.resource.loader.ClasspathResourceLoader
21:21:39.930 [main] DEBUG org.apache.velocity - Velocimacro : added VM includeTags: source=/templates/macros/json/tags.vm
21:21:39.931 [main] DEBUG org.apache.velocity - ResourceManager : found /templates/macros/json/tags.vm with loader org.apache.velocity.runtime.resource.loader.ClasspathResourceLoader
21:21:39.950 [main] DEBUG org.apache.velocity - ResourceManager : found /templates/js/steps-chart.js.vm with loader org.apache.velocity.runtime.resource.loader.ClasspathResourceLoader
21:21:39.972 [main] DEBUG org.apache.velocity - ResourceManager : found /templates/js/scenarios-chart.js.vm with loader org.apache.velocity.runtime.resource.loader.ClasspathResourceLoader
21:21:39.975 [main] DEBUG org.apache.velocity - ResourceManager : found /templates/js/features-chart.js.vm with loader org.apache.velocity.runtime.resource.loader.ClasspathResourceLoader
21:21:39.978 [main] DEBUG org.apache.velocity - VM #includeReportInfo: too many arguments to macro. Wanted 0 got 1
21:21:40.112 [main] DEBUG org.apache.velocity - ResourceManager : found /templates/footer.vm with loader org.apache.velocity.runtime.resource.loader.ClasspathResourceLoader
21:21:40.116 [main] DEBUG org.apache.velocity - ResourceManager : found templates/generators/reportFeature.vm with loader org.apache.velocity.runtime.resource.loader.ClasspathResourceLoader
21:21:40.119 [main] DEBUG org.apache.velocity - ResourceManager : found /templates/headers.vm with loader org.apache.velocity.runtime.resource.loader.ClasspathResourceLoader
21:21:40.120 [main] DEBUG org.apache.velocity - ResourceManager : found /templates/head.vm with loader org.apache.velocity.runtime.resource.loader.ClasspathResourceLoader
21:21:40.121 [main] DEBUG org.apache.velocity - Velocimacro : added VM stringArray: source=/templates/macros/array.js.vm
21:21:40.121 [main] DEBUG org.apache.velocity - Velocimacro : added VM numberArray: source=/templates/macros/array.js.vm
21:21:40.121 [main] DEBUG org.apache.velocity - ResourceManager : found /templates/macros/array.js.vm with loader org.apache.velocity.runtime.resource.loader.ClasspathResourceLoader
21:21:40.122 [main] DEBUG org.apache.velocity - Velocimacro : added VM includeBuildInfo: source=/templates/macros/page/buildinfo.vm
21:21:40.122 [main] DEBUG org.apache.velocity - ResourceManager : found /templates/macros/page/buildinfo.vm with loader org.apache.velocity.runtime.resource.loader.ClasspathResourceLoader
21:21:40.123 [main] DEBUG org.apache.velocity - Velocimacro : added VM includeClassifications: source=/templates/macros/page/classifications.vm
21:21:40.123 [main] DEBUG org.apache.velocity - ResourceManager : found /templates/macros/page/classifications.vm with loader org.apache.velocity.runtime.resource.loader.ClasspathResourceLoader
21:21:40.125 [main] DEBUG org.apache.velocity - Velocimacro : added VM includeLead: source=/templates/macros/page/lead.vm
21:21:40.125 [main] DEBUG org.apache.velocity - ResourceManager : found /templates/macros/page/lead.vm with loader org.apache.velocity.runtime.resource.loader.ClasspathResourceLoader
21:21:40.127 [main] DEBUG org.apache.velocity - Velocimacro : added VM includeNavigation: source=/templates/macros/page/navigation.vm
21:21:40.127 [main] DEBUG org.apache.velocity - ResourceManager : found /templates/macros/page/navigation.vm with loader org.apache.velocity.runtime.resource.loader.ClasspathResourceLoader
21:21:40.128 [main] DEBUG org.apache.velocity - Velocimacro : added VM includeReportInfo: source=/templates/macros/page/reportInfo.vm
21:21:40.128 [main] DEBUG org.apache.velocity - ResourceManager : found /templates/macros/page/reportInfo.vm with loader org.apache.velocity.runtime.resource.loader.ClasspathResourceLoader
21:21:40.130 [main] DEBUG org.apache.velocity - Velocimacro : added VM includeTitle: source=/templates/macros/page/title.vm
21:21:40.130 [main] DEBUG org.apache.velocity - ResourceManager : found /templates/macros/page/title.vm with loader org.apache.velocity.runtime.resource.loader.ClasspathResourceLoader
21:21:40.132 [main] DEBUG org.apache.velocity - Velocimacro : added VM includeExpandingButtons: source=/templates/macros/report/expandAllButtons.vm
21:21:40.132 [main] DEBUG org.apache.velocity - ResourceManager : found /templates/macros/report/expandAllButtons.vm with loader org.apache.velocity.runtime.resource.loader.ClasspathResourceLoader
21:21:40.134 [main] DEBUG org.apache.velocity - Velocimacro : added VM includeReportTable: source=/templates/macros/report/reportTable.vm
21:21:40.134 [main] DEBUG org.apache.velocity - ResourceManager : found /templates/macros/report/reportTable.vm with loader org.apache.velocity.runtime.resource.loader.ClasspathResourceLoader
21:21:40.135 [main] DEBUG org.apache.velocity - Velocimacro : added VM includeReportHeader: source=/templates/macros/report/reportHeader.vm
21:21:40.135 [main] DEBUG org.apache.velocity - ResourceManager : found /templates/macros/report/reportHeader.vm with loader org.apache.velocity.runtime.resource.loader.ClasspathResourceLoader
21:21:40.138 [main] DEBUG org.apache.velocity - Velocimacro : added VM includeStatsTable: source=/templates/macros/report/statsTable.vm
21:21:40.138 [main] DEBUG org.apache.velocity - ResourceManager : found /templates/macros/report/statsTable.vm with loader org.apache.velocity.runtime.resource.loader.ClasspathResourceLoader
21:21:40.139 [main] DEBUG org.apache.velocity - Velocimacro : added VM includeBrief: source=/templates/macros/json/brief.vm
21:21:40.139 [main] DEBUG org.apache.velocity - ResourceManager : found /templates/macros/json/brief.vm with loader org.apache.velocity.runtime.resource.loader.ClasspathResourceLoader
21:21:40.141 [main] DEBUG org.apache.velocity - Velocimacro : added VM includeDocString: source=/templates/macros/json/docstring.vm
21:21:40.141 [main] DEBUG org.apache.velocity - ResourceManager : found /templates/macros/json/docstring.vm with loader org.apache.velocity.runtime.resource.loader.ClasspathResourceLoader
21:21:40.143 [main] DEBUG org.apache.velocity - Velocimacro : added VM includeDuration: source=/templates/macros/json/duration.vm
21:21:40.143 [main] DEBUG org.apache.velocity - ResourceManager : found /templates/macros/json/duration.vm with loader org.apache.velocity.runtime.resource.loader.ClasspathResourceLoader
21:21:40.145 [main] DEBUG org.apache.velocity - Velocimacro : added VM includeElement: source=/templates/macros/json/element.vm
21:21:40.145 [main] DEBUG org.apache.velocity - ResourceManager : found /templates/macros/json/element.vm with loader org.apache.velocity.runtime.resource.loader.ClasspathResourceLoader
21:21:40.150 [main] DEBUG org.apache.velocity - Velocimacro : added VM includeEmbeddings: source=/templates/macros/json/embeddings.vm
21:21:40.150 [main] DEBUG org.apache.velocity - Velocimacro : added VM includeHtmlEmbedding: source=/templates/macros/json/embeddings.vm
21:21:40.151 [main] DEBUG org.apache.velocity - Velocimacro : added VM includeImageEmbedding: source=/templates/macros/json/embeddings.vm
21:21:40.151 [main] DEBUG org.apache.velocity - Velocimacro : added VM includeImageReferenceEmbedding: source=/templates/macros/json/embeddings.vm
21:21:40.151 [main] DEBUG org.apache.velocity - Velocimacro : added VM includeTextEmbedding: source=/templates/macros/json/embeddings.vm
21:21:40.151 [main] DEBUG org.apache.velocity - Velocimacro : added VM includeUnknownEmbedding: source=/templates/macros/json/embeddings.vm
21:21:40.151 [main] DEBUG org.apache.velocity - ResourceManager : found /templates/macros/json/embeddings.vm with loader org.apache.velocity.runtime.resource.loader.ClasspathResourceLoader
21:21:40.153 [main] DEBUG org.apache.velocity - Velocimacro : added VM includeHooks: source=/templates/macros/json/hooks.vm
21:21:40.153 [main] DEBUG org.apache.velocity - ResourceManager : found /templates/macros/json/hooks.vm with loader org.apache.velocity.runtime.resource.loader.ClasspathResourceLoader
21:21:40.155 [main] DEBUG org.apache.velocity - Velocimacro : added VM includeOutput: source=/templates/macros/json/output.vm
21:21:40.155 [main] DEBUG org.apache.velocity - ResourceManager : found /templates/macros/json/output.vm with loader org.apache.velocity.runtime.resource.loader.ClasspathResourceLoader
21:21:40.160 [main] DEBUG org.apache.velocity - Velocimacro : added VM includeMessage: source=/templates/macros/json/message.vm
21:21:40.160 [main] DEBUG org.apache.velocity - ResourceManager : found /templates/macros/json/message.vm with loader org.apache.velocity.runtime.resource.loader.ClasspathResourceLoader
21:21:40.162 [main] DEBUG org.apache.velocity - Velocimacro : added VM includeSteps: source=/templates/macros/json/steps.vm
21:21:40.162 [main] DEBUG org.apache.velocity - ResourceManager : found /templates/macros/json/steps.vm with loader org.apache.velocity.runtime.resource.loader.ClasspathResourceLoader
21:21:40.164 [main] DEBUG org.apache.velocity - Velocimacro : added VM includeTags: source=/templates/macros/json/tags.vm
21:21:40.164 [main] DEBUG org.apache.velocity - ResourceManager : found /templates/macros/json/tags.vm with loader org.apache.velocity.runtime.resource.loader.ClasspathResourceLoader
21:21:40.164 [main] DEBUG org.apache.velocity - VM #includeNavigation: too few arguments to macro. Wanted 1 got 0
21:21:40.164 [main] DEBUG org.apache.velocity - Left side ($active_tab) of '==' operation has null value. If it is a reference, it may not be in the context or its toString() returned null. /templates/macros/page/navigation.vm[line 14, column 51]
21:21:40.164 [main] DEBUG org.apache.velocity - Left side ($active_tab) of '==' operation has null value. If it is a reference, it may not be in the context or its toString() returned null. /templates/macros/page/navigation.vm[line 15, column 51]
21:21:40.164 [main] DEBUG org.apache.velocity - Left side ($active_tab) of '==' operation has null value. If it is a reference, it may not be in the context or its toString() returned null. /templates/macros/page/navigation.vm[line 16, column 51]
21:21:40.164 [main] DEBUG org.apache.velocity - Left side ($active_tab) of '==' operation has null value. If it is a reference, it may not be in the context or its toString() returned null. /templates/macros/page/navigation.vm[line 20, column 51]
21:21:40.165 [main] DEBUG org.apache.velocity - VM #includeLead: too few arguments to macro. Wanted 2 got 1
21:21:40.169 [main] DEBUG org.apache.velocity - VM #includeBrief: too few arguments to macro. Wanted 5 got 3
21:21:40.170 [main] DEBUG org.apache.velocity - VM #includeBrief: too few arguments to macro. Wanted 5 got 4
21:21:40.171 [main] DEBUG org.apache.velocity - VM #includeBrief: too few arguments to macro. Wanted 5 got 4
21:21:40.184 [main] DEBUG org.apache.velocity - VM #includeBrief: too few arguments to macro. Wanted 5 got 4
21:21:40.184 [main] DEBUG org.apache.velocity - VM #includeBrief: too few arguments to macro. Wanted 5 got 4
21:21:40.192 [main] DEBUG org.apache.velocity - VM #includeBrief: too few arguments to macro. Wanted 5 got 4
21:21:40.193 [main] DEBUG org.apache.velocity - VM #includeBrief: too few arguments to macro. Wanted 5 got 4
21:21:40.213 [main] DEBUG org.apache.velocity - VM #includeBrief: too few arguments to macro. Wanted 5 got 4
21:21:40.213 [main] DEBUG org.apache.velocity - VM #includeBrief: too few arguments to macro. Wanted 5 got 4
21:21:40.233 [main] DEBUG org.apache.velocity - ResourceManager : found /templates/footer.vm with loader org.apache.velocity.runtime.resource.loader.ClasspathResourceLoader
21:21:40.243 [main] DEBUG org.apache.velocity - ResourceManager : found templates/generators/overviewTags.vm with loader org.apache.velocity.runtime.resource.loader.ClasspathResourceLoader
21:21:40.249 [main] DEBUG org.apache.velocity - ResourceManager : found /templates/headers.vm with loader org.apache.velocity.runtime.resource.loader.ClasspathResourceLoader
21:21:40.250 [main] DEBUG org.apache.velocity - ResourceManager : found /templates/head.vm with loader org.apache.velocity.runtime.resource.loader.ClasspathResourceLoader
21:21:40.253 [main] DEBUG org.apache.velocity - Velocimacro : added VM stringArray: source=/templates/macros/array.js.vm
21:21:40.253 [main] DEBUG org.apache.velocity - Velocimacro : added VM numberArray: source=/templates/macros/array.js.vm
21:21:40.253 [main] DEBUG org.apache.velocity - ResourceManager : found /templates/macros/array.js.vm with loader org.apache.velocity.runtime.resource.loader.ClasspathResourceLoader
21:21:40.254 [main] DEBUG org.apache.velocity - Velocimacro : added VM includeBuildInfo: source=/templates/macros/page/buildinfo.vm
21:21:40.255 [main] DEBUG org.apache.velocity - ResourceManager : found /templates/macros/page/buildinfo.vm with loader org.apache.velocity.runtime.resource.loader.ClasspathResourceLoader
21:21:40.257 [main] DEBUG org.apache.velocity - Velocimacro : added VM includeClassifications: source=/templates/macros/page/classifications.vm
21:21:40.257 [main] DEBUG org.apache.velocity - ResourceManager : found /templates/macros/page/classifications.vm with loader org.apache.velocity.runtime.resource.loader.ClasspathResourceLoader
21:21:40.260 [main] DEBUG org.apache.velocity - Velocimacro : added VM includeLead: source=/templates/macros/page/lead.vm
21:21:40.260 [main] DEBUG org.apache.velocity - ResourceManager : found /templates/macros/page/lead.vm with loader org.apache.velocity.runtime.resource.loader.ClasspathResourceLoader
21:21:40.262 [main] DEBUG org.apache.velocity - Velocimacro : added VM includeNavigation: source=/templates/macros/page/navigation.vm
21:21:40.262 [main] DEBUG org.apache.velocity - ResourceManager : found /templates/macros/page/navigation.vm with loader org.apache.velocity.runtime.resource.loader.ClasspathResourceLoader
21:21:40.264 [main] DEBUG org.apache.velocity - Velocimacro : added VM includeReportInfo: source=/templates/macros/page/reportInfo.vm
21:21:40.264 [main] DEBUG org.apache.velocity - ResourceManager : found /templates/macros/page/reportInfo.vm with loader org.apache.velocity.runtime.resource.loader.ClasspathResourceLoader
21:21:40.269 [main] DEBUG org.apache.velocity - Velocimacro : added VM includeTitle: source=/templates/macros/page/title.vm
21:21:40.269 [main] DEBUG org.apache.velocity - ResourceManager : found /templates/macros/page/title.vm with loader org.apache.velocity.runtime.resource.loader.ClasspathResourceLoader
21:21:40.271 [main] DEBUG org.apache.velocity - Velocimacro : added VM includeExpandingButtons: source=/templates/macros/report/expandAllButtons.vm
21:21:40.271 [main] DEBUG org.apache.velocity - ResourceManager : found /templates/macros/report/expandAllButtons.vm with loader org.apache.velocity.runtime.resource.loader.ClasspathResourceLoader
21:21:40.275 [main] DEBUG org.apache.velocity - Velocimacro : added VM includeReportTable: source=/templates/macros/report/reportTable.vm
21:21:40.275 [main] DEBUG org.apache.velocity - ResourceManager : found /templates/macros/report/reportTable.vm with loader org.apache.velocity.runtime.resource.loader.ClasspathResourceLoader
21:21:40.277 [main] DEBUG org.apache.velocity - Velocimacro : added VM includeReportHeader: source=/templates/macros/report/reportHeader.vm
21:21:40.278 [main] DEBUG org.apache.velocity - ResourceManager : found /templates/macros/report/reportHeader.vm with loader org.apache.velocity.runtime.resource.loader.ClasspathResourceLoader
21:21:40.281 [main] DEBUG org.apache.velocity - Velocimacro : added VM includeStatsTable: source=/templates/macros/report/statsTable.vm
21:21:40.282 [main] DEBUG org.apache.velocity - ResourceManager : found /templates/macros/report/statsTable.vm with loader org.apache.velocity.runtime.resource.loader.ClasspathResourceLoader
21:21:40.283 [main] DEBUG org.apache.velocity - Velocimacro : added VM includeBrief: source=/templates/macros/json/brief.vm
21:21:40.283 [main] DEBUG org.apache.velocity - ResourceManager : found /templates/macros/json/brief.vm with loader org.apache.velocity.runtime.resource.loader.ClasspathResourceLoader
21:21:40.285 [main] DEBUG org.apache.velocity - Velocimacro : added VM includeDocString: source=/templates/macros/json/docstring.vm
21:21:40.286 [main] DEBUG org.apache.velocity - ResourceManager : found /templates/macros/json/docstring.vm with loader org.apache.velocity.runtime.resource.loader.ClasspathResourceLoader
21:21:40.287 [main] DEBUG org.apache.velocity - Velocimacro : added VM includeDuration: source=/templates/macros/json/duration.vm
21:21:40.287 [main] DEBUG org.apache.velocity - ResourceManager : found /templates/macros/json/duration.vm with loader org.apache.velocity.runtime.resource.loader.ClasspathResourceLoader
21:21:40.291 [main] DEBUG org.apache.velocity - Velocimacro : added VM includeElement: source=/templates/macros/json/element.vm
21:21:40.291 [main] DEBUG org.apache.velocity - ResourceManager : found /templates/macros/json/element.vm with loader org.apache.velocity.runtime.resource.loader.ClasspathResourceLoader
21:21:40.297 [main] DEBUG org.apache.velocity - Velocimacro : added VM includeEmbeddings: source=/templates/macros/json/embeddings.vm
21:21:40.298 [main] DEBUG org.apache.velocity - Velocimacro : added VM includeHtmlEmbedding: source=/templates/macros/json/embeddings.vm
21:21:40.298 [main] DEBUG org.apache.velocity - Velocimacro : added VM includeImageEmbedding: source=/templates/macros/json/embeddings.vm
21:21:40.298 [main] DEBUG org.apache.velocity - Velocimacro : added VM includeImageReferenceEmbedding: source=/templates/macros/json/embeddings.vm
21:21:40.298 [main] DEBUG org.apache.velocity - Velocimacro : added VM includeTextEmbedding: source=/templates/macros/json/embeddings.vm
21:21:40.298 [main] DEBUG org.apache.velocity - Velocimacro : added VM includeUnknownEmbedding: source=/templates/macros/json/embeddings.vm
21:21:40.298 [main] DEBUG org.apache.velocity - ResourceManager : found /templates/macros/json/embeddings.vm with loader org.apache.velocity.runtime.resource.loader.ClasspathResourceLoader
21:21:40.300 [main] DEBUG org.apache.velocity - Velocimacro : added VM includeHooks: source=/templates/macros/json/hooks.vm
21:21:40.300 [main] DEBUG org.apache.velocity - ResourceManager : found /templates/macros/json/hooks.vm with loader org.apache.velocity.runtime.resource.loader.ClasspathResourceLoader
21:21:40.302 [main] DEBUG org.apache.velocity - Velocimacro : added VM includeOutput: source=/templates/macros/json/output.vm
21:21:40.302 [main] DEBUG org.apache.velocity - ResourceManager : found /templates/macros/json/output.vm with loader org.apache.velocity.runtime.resource.loader.ClasspathResourceLoader
21:21:40.303 [main] DEBUG org.apache.velocity - Velocimacro : added VM includeMessage: source=/templates/macros/json/message.vm
21:21:40.304 [main] DEBUG org.apache.velocity - ResourceManager : found /templates/macros/json/message.vm with loader org.apache.velocity.runtime.resource.loader.ClasspathResourceLoader
21:21:40.305 [main] DEBUG org.apache.velocity - Velocimacro : added VM includeSteps: source=/templates/macros/json/steps.vm
21:21:40.306 [main] DEBUG org.apache.velocity - ResourceManager : found /templates/macros/json/steps.vm with loader org.apache.velocity.runtime.resource.loader.ClasspathResourceLoader
21:21:40.307 [main] DEBUG org.apache.velocity - Velocimacro : added VM includeTags: source=/templates/macros/json/tags.vm
21:21:40.307 [main] DEBUG org.apache.velocity - ResourceManager : found /templates/macros/json/tags.vm with loader org.apache.velocity.runtime.resource.loader.ClasspathResourceLoader
21:21:40.311 [main] DEBUG org.apache.velocity - ResourceManager : found /templates/js/tags-chart.js.vm with loader org.apache.velocity.runtime.resource.loader.ClasspathResourceLoader
21:21:40.319 [main] DEBUG org.apache.velocity - ResourceManager : found /templates/footer.vm with loader org.apache.velocity.runtime.resource.loader.ClasspathResourceLoader
21:21:40.323 [main] DEBUG org.apache.velocity - ResourceManager : found templates/generators/reportTag.vm with loader org.apache.velocity.runtime.resource.loader.ClasspathResourceLoader
21:21:40.328 [main] DEBUG org.apache.velocity - ResourceManager : found /templates/headers.vm with loader org.apache.velocity.runtime.resource.loader.ClasspathResourceLoader
21:21:40.330 [main] DEBUG org.apache.velocity - ResourceManager : found /templates/head.vm with loader org.apache.velocity.runtime.resource.loader.ClasspathResourceLoader
21:21:40.331 [main] DEBUG org.apache.velocity - Velocimacro : added VM stringArray: source=/templates/macros/array.js.vm
21:21:40.332 [main] DEBUG org.apache.velocity - Velocimacro : added VM numberArray: source=/templates/macros/array.js.vm
21:21:40.332 [main] DEBUG org.apache.velocity - ResourceManager : found /templates/macros/array.js.vm with loader org.apache.velocity.runtime.resource.loader.ClasspathResourceLoader
21:21:40.333 [main] DEBUG org.apache.velocity - Velocimacro : added VM includeBuildInfo: source=/templates/macros/page/buildinfo.vm
21:21:40.334 [main] DEBUG org.apache.velocity - ResourceManager : found /templates/macros/page/buildinfo.vm with loader org.apache.velocity.runtime.resource.loader.ClasspathResourceLoader
21:21:40.335 [main] DEBUG org.apache.velocity - Velocimacro : added VM includeClassifications: source=/templates/macros/page/classifications.vm
21:21:40.336 [main] DEBUG org.apache.velocity - ResourceManager : found /templates/macros/page/classifications.vm with loader org.apache.velocity.runtime.resource.loader.ClasspathResourceLoader
21:21:40.337 [main] DEBUG org.apache.velocity - Velocimacro : added VM includeLead: source=/templates/macros/page/lead.vm
21:21:40.337 [main] DEBUG org.apache.velocity - ResourceManager : found /templates/macros/page/lead.vm with loader org.apache.velocity.runtime.resource.loader.ClasspathResourceLoader
21:21:40.338 [main] DEBUG org.apache.velocity - Velocimacro : added VM includeNavigation: source=/templates/macros/page/navigation.vm
21:21:40.338 [main] DEBUG org.apache.velocity - ResourceManager : found /templates/macros/page/navigation.vm with loader org.apache.velocity.runtime.resource.loader.ClasspathResourceLoader
21:21:40.339 [main] DEBUG org.apache.velocity - Velocimacro : added VM includeReportInfo: source=/templates/macros/page/reportInfo.vm
21:21:40.339 [main] DEBUG org.apache.velocity - ResourceManager : found /templates/macros/page/reportInfo.vm with loader org.apache.velocity.runtime.resource.loader.ClasspathResourceLoader
21:21:40.342 [main] DEBUG org.apache.velocity - Velocimacro : added VM includeTitle: source=/templates/macros/page/title.vm
21:21:40.342 [main] DEBUG org.apache.velocity - ResourceManager : found /templates/macros/page/title.vm with loader org.apache.velocity.runtime.resource.loader.ClasspathResourceLoader
21:21:40.343 [main] DEBUG org.apache.velocity - Velocimacro : added VM includeExpandingButtons: source=/templates/macros/report/expandAllButtons.vm
21:21:40.343 [main] DEBUG org.apache.velocity - ResourceManager : found /templates/macros/report/expandAllButtons.vm with loader org.apache.velocity.runtime.resource.loader.ClasspathResourceLoader
21:21:40.345 [main] DEBUG org.apache.velocity - Velocimacro : added VM includeReportTable: source=/templates/macros/report/reportTable.vm
21:21:40.345 [main] DEBUG org.apache.velocity - ResourceManager : found /templates/macros/report/reportTable.vm with loader org.apache.velocity.runtime.resource.loader.ClasspathResourceLoader
21:21:40.346 [main] DEBUG org.apache.velocity - Velocimacro : added VM includeReportHeader: source=/templates/macros/report/reportHeader.vm
21:21:40.346 [main] DEBUG org.apache.velocity - ResourceManager : found /templates/macros/report/reportHeader.vm with loader org.apache.velocity.runtime.resource.loader.ClasspathResourceLoader
21:21:40.349 [main] DEBUG org.apache.velocity - Velocimacro : added VM includeStatsTable: source=/templates/macros/report/statsTable.vm
21:21:40.349 [main] DEBUG org.apache.velocity - ResourceManager : found /templates/macros/report/statsTable.vm with loader org.apache.velocity.runtime.resource.loader.ClasspathResourceLoader
21:21:40.350 [main] DEBUG org.apache.velocity - Velocimacro : added VM includeBrief: source=/templates/macros/json/brief.vm
21:21:40.350 [main] DEBUG org.apache.velocity - ResourceManager : found /templates/macros/json/brief.vm with loader org.apache.velocity.runtime.resource.loader.ClasspathResourceLoader
21:21:40.351 [main] DEBUG org.apache.velocity - Velocimacro : added VM includeDocString: source=/templates/macros/json/docstring.vm
21:21:40.352 [main] DEBUG org.apache.velocity - ResourceManager : found /templates/macros/json/docstring.vm with loader org.apache.velocity.runtime.resource.loader.ClasspathResourceLoader
21:21:40.353 [main] DEBUG org.apache.velocity - Velocimacro : added VM includeDuration: source=/templates/macros/json/duration.vm
21:21:40.353 [main] DEBUG org.apache.velocity - ResourceManager : found /templates/macros/json/duration.vm with loader org.apache.velocity.runtime.resource.loader.ClasspathResourceLoader
21:21:40.354 [main] DEBUG org.apache.velocity - Velocimacro : added VM includeElement: source=/templates/macros/json/element.vm
21:21:40.354 [main] DEBUG org.apache.velocity - ResourceManager : found /templates/macros/json/element.vm with loader org.apache.velocity.runtime.resource.loader.ClasspathResourceLoader
21:21:40.361 [main] DEBUG org.apache.velocity - Velocimacro : added VM includeEmbeddings: source=/templates/macros/json/embeddings.vm
21:21:40.361 [main] DEBUG org.apache.velocity - Velocimacro : added VM includeHtmlEmbedding: source=/templates/macros/json/embeddings.vm
21:21:40.361 [main] DEBUG org.apache.velocity - Velocimacro : added VM includeImageEmbedding: source=/templates/macros/json/embeddings.vm
21:21:40.361 [main] DEBUG org.apache.velocity - Velocimacro : added VM includeImageReferenceEmbedding: source=/templates/macros/json/embeddings.vm
21:21:40.361 [main] DEBUG org.apache.velocity - Velocimacro : added VM includeTextEmbedding: source=/templates/macros/json/embeddings.vm
21:21:40.362 [main] DEBUG org.apache.velocity - Velocimacro : added VM includeUnknownEmbedding: source=/templates/macros/json/embeddings.vm
21:21:40.362 [main] DEBUG org.apache.velocity - ResourceManager : found /templates/macros/json/embeddings.vm with loader org.apache.velocity.runtime.resource.loader.ClasspathResourceLoader
21:21:40.363 [main] DEBUG org.apache.velocity - Velocimacro : added VM includeHooks: source=/templates/macros/json/hooks.vm
21:21:40.363 [main] DEBUG org.apache.velocity - ResourceManager : found /templates/macros/json/hooks.vm with loader org.apache.velocity.runtime.resource.loader.ClasspathResourceLoader
21:21:40.365 [main] DEBUG org.apache.velocity - Velocimacro : added VM includeOutput: source=/templates/macros/json/output.vm
21:21:40.365 [main] DEBUG org.apache.velocity - ResourceManager : found /templates/macros/json/output.vm with loader org.apache.velocity.runtime.resource.loader.ClasspathResourceLoader
21:21:40.367 [main] DEBUG org.apache.velocity - Velocimacro : added VM includeMessage: source=/templates/macros/json/message.vm
21:21:40.367 [main] DEBUG org.apache.velocity - ResourceManager : found /templates/macros/json/message.vm with loader org.apache.velocity.runtime.resource.loader.ClasspathResourceLoader
21:21:40.370 [main] DEBUG org.apache.velocity - Velocimacro : added VM includeSteps: source=/templates/macros/json/steps.vm
21:21:40.370 [main] DEBUG org.apache.velocity - ResourceManager : found /templates/macros/json/steps.vm with loader org.apache.velocity.runtime.resource.loader.ClasspathResourceLoader
21:21:40.371 [main] DEBUG org.apache.velocity - Velocimacro : added VM includeTags: source=/templates/macros/json/tags.vm
21:21:40.371 [main] DEBUG org.apache.velocity - ResourceManager : found /templates/macros/json/tags.vm with loader org.apache.velocity.runtime.resource.loader.ClasspathResourceLoader
21:21:40.371 [main] DEBUG org.apache.velocity - VM #includeNavigation: too few arguments to macro. Wanted 1 got 0
21:21:40.372 [main] DEBUG org.apache.velocity - Left side ($active_tab) of '==' operation has null value. If it is a reference, it may not be in the context or its toString() returned null. /templates/macros/page/navigation.vm[line 14, column 51]
21:21:40.372 [main] DEBUG org.apache.velocity - Left side ($active_tab) of '==' operation has null value. If it is a reference, it may not be in the context or its toString() returned null. /templates/macros/page/navigation.vm[line 15, column 51]
21:21:40.372 [main] DEBUG org.apache.velocity - Left side ($active_tab) of '==' operation has null value. If it is a reference, it may not be in the context or its toString() returned null. /templates/macros/page/navigation.vm[line 16, column 51]
21:21:40.372 [main] DEBUG org.apache.velocity - Left side ($active_tab) of '==' operation has null value. If it is a reference, it may not be in the context or its toString() returned null. /templates/macros/page/navigation.vm[line 20, column 51]
21:21:40.372 [main] DEBUG org.apache.velocity - VM #includeLead: too few arguments to macro. Wanted 2 got 1
21:21:40.377 [main] DEBUG org.apache.velocity - VM #includeBrief: too few arguments to macro. Wanted 5 got 4
21:21:40.378 [main] DEBUG org.apache.velocity - VM #includeBrief: too few arguments to macro. Wanted 5 got 4
21:21:40.382 [main] DEBUG org.apache.velocity - VM #includeBrief: too few arguments to macro. Wanted 5 got 4
21:21:40.382 [main] DEBUG org.apache.velocity - VM #includeBrief: too few arguments to macro. Wanted 5 got 4
21:21:40.388 [main] DEBUG org.apache.velocity - ResourceManager : found /templates/footer.vm with loader org.apache.velocity.runtime.resource.loader.ClasspathResourceLoader
21:21:40.392 [main] DEBUG org.apache.velocity - ResourceManager : found templates/generators/reportTag.vm with loader org.apache.velocity.runtime.resource.loader.ClasspathResourceLoader
21:21:40.396 [main] DEBUG org.apache.velocity - ResourceManager : found /templates/headers.vm with loader org.apache.velocity.runtime.resource.loader.ClasspathResourceLoader
21:21:40.397 [main] DEBUG org.apache.velocity - ResourceManager : found /templates/head.vm with loader org.apache.velocity.runtime.resource.loader.ClasspathResourceLoader
21:21:40.398 [main] DEBUG org.apache.velocity - Velocimacro : added VM stringArray: source=/templates/macros/array.js.vm
21:21:40.398 [main] DEBUG org.apache.velocity - Velocimacro : added VM numberArray: source=/templates/macros/array.js.vm
21:21:40.398 [main] DEBUG org.apache.velocity - ResourceManager : found /templates/macros/array.js.vm with loader org.apache.velocity.runtime.resource.loader.ClasspathResourceLoader
21:21:40.399 [main] DEBUG org.apache.velocity - Velocimacro : added VM includeBuildInfo: source=/templates/macros/page/buildinfo.vm
21:21:40.399 [main] DEBUG org.apache.velocity - ResourceManager : found /templates/macros/page/buildinfo.vm with loader org.apache.velocity.runtime.resource.loader.ClasspathResourceLoader
21:21:40.401 [main] DEBUG org.apache.velocity - Velocimacro : added VM includeClassifications: source=/templates/macros/page/classifications.vm
21:21:40.401 [main] DEBUG org.apache.velocity - ResourceManager : found /templates/macros/page/classifications.vm with loader org.apache.velocity.runtime.resource.loader.ClasspathResourceLoader
21:21:40.402 [main] DEBUG org.apache.velocity - Velocimacro : added VM includeLead: source=/templates/macros/page/lead.vm
21:21:40.403 [main] DEBUG org.apache.velocity - ResourceManager : found /templates/macros/page/lead.vm with loader org.apache.velocity.runtime.resource.loader.ClasspathResourceLoader
21:21:40.404 [main] DEBUG org.apache.velocity - Velocimacro : added VM includeNavigation: source=/templates/macros/page/navigation.vm
21:21:40.404 [main] DEBUG org.apache.velocity - ResourceManager : found /templates/macros/page/navigation.vm with loader org.apache.velocity.runtime.resource.loader.ClasspathResourceLoader
21:21:40.405 [main] DEBUG org.apache.velocity - Velocimacro : added VM includeReportInfo: source=/templates/macros/page/reportInfo.vm
21:21:40.405 [main] DEBUG org.apache.velocity - ResourceManager : found /templates/macros/page/reportInfo.vm with loader org.apache.velocity.runtime.resource.loader.ClasspathResourceLoader
21:21:40.407 [main] DEBUG org.apache.velocity - Velocimacro : added VM includeTitle: source=/templates/macros/page/title.vm
21:21:40.407 [main] DEBUG org.apache.velocity - ResourceManager : found /templates/macros/page/title.vm with loader org.apache.velocity.runtime.resource.loader.ClasspathResourceLoader
21:21:40.409 [main] DEBUG org.apache.velocity - Velocimacro : added VM includeExpandingButtons: source=/templates/macros/report/expandAllButtons.vm
21:21:40.410 [main] DEBUG org.apache.velocity - ResourceManager : found /templates/macros/report/expandAllButtons.vm with loader org.apache.velocity.runtime.resource.loader.ClasspathResourceLoader
21:21:40.412 [main] DEBUG org.apache.velocity - Velocimacro : added VM includeReportTable: source=/templates/macros/report/reportTable.vm
21:21:40.412 [main] DEBUG org.apache.velocity - ResourceManager : found /templates/macros/report/reportTable.vm with loader org.apache.velocity.runtime.resource.loader.ClasspathResourceLoader
21:21:40.413 [main] DEBUG org.apache.velocity - Velocimacro : added VM includeReportHeader: source=/templates/macros/report/reportHeader.vm
21:21:40.413 [main] DEBUG org.apache.velocity - ResourceManager : found /templates/macros/report/reportHeader.vm with loader org.apache.velocity.runtime.resource.loader.ClasspathResourceLoader
21:21:40.415 [main] DEBUG org.apache.velocity - Velocimacro : added VM includeStatsTable: source=/templates/macros/report/statsTable.vm
21:21:40.415 [main] DEBUG org.apache.velocity - ResourceManager : found /templates/macros/report/statsTable.vm with loader org.apache.velocity.runtime.resource.loader.ClasspathResourceLoader
21:21:40.416 [main] DEBUG org.apache.velocity - Velocimacro : added VM includeBrief: source=/templates/macros/json/brief.vm
21:21:40.416 [main] DEBUG org.apache.velocity - ResourceManager : found /templates/macros/json/brief.vm with loader org.apache.velocity.runtime.resource.loader.ClasspathResourceLoader
21:21:40.418 [main] DEBUG org.apache.velocity - Velocimacro : added VM includeDocString: source=/templates/macros/json/docstring.vm
21:21:40.418 [main] DEBUG org.apache.velocity - ResourceManager : found /templates/macros/json/docstring.vm with loader org.apache.velocity.runtime.resource.loader.ClasspathResourceLoader
21:21:40.419 [main] DEBUG org.apache.velocity - Velocimacro : added VM includeDuration: source=/templates/macros/json/duration.vm
21:21:40.419 [main] DEBUG org.apache.velocity - ResourceManager : found /templates/macros/json/duration.vm with loader org.apache.velocity.runtime.resource.loader.ClasspathResourceLoader
21:21:40.420 [main] DEBUG org.apache.velocity - Velocimacro : added VM includeElement: source=/templates/macros/json/element.vm
21:21:40.420 [main] DEBUG org.apache.velocity - ResourceManager : found /templates/macros/json/element.vm with loader org.apache.velocity.runtime.resource.loader.ClasspathResourceLoader
21:21:40.423 [main] DEBUG org.apache.velocity - Velocimacro : added VM includeEmbeddings: source=/templates/macros/json/embeddings.vm
21:21:40.423 [main] DEBUG org.apache.velocity - Velocimacro : added VM includeHtmlEmbedding: source=/templates/macros/json/embeddings.vm
21:21:40.423 [main] DEBUG org.apache.velocity - Velocimacro : added VM includeImageEmbedding: source=/templates/macros/json/embeddings.vm
21:21:40.423 [main] DEBUG org.apache.velocity - Velocimacro : added VM includeImageReferenceEmbedding: source=/templates/macros/json/embeddings.vm
21:21:40.423 [main] DEBUG org.apache.velocity - Velocimacro : added VM includeTextEmbedding: source=/templates/macros/json/embeddings.vm
21:21:40.423 [main] DEBUG org.apache.velocity - Velocimacro : added VM includeUnknownEmbedding: source=/templates/macros/json/embeddings.vm
21:21:40.423 [main] DEBUG org.apache.velocity - ResourceManager : found /templates/macros/json/embeddings.vm with loader org.apache.velocity.runtime.resource.loader.ClasspathResourceLoader
21:21:40.426 [main] DEBUG org.apache.velocity - Velocimacro : added VM includeHooks: source=/templates/macros/json/hooks.vm
21:21:40.426 [main] DEBUG org.apache.velocity - ResourceManager : found /templates/macros/json/hooks.vm with loader org.apache.velocity.runtime.resource.loader.ClasspathResourceLoader
21:21:40.428 [main] DEBUG org.apache.velocity - Velocimacro : added VM includeOutput: source=/templates/macros/json/output.vm
21:21:40.428 [main] DEBUG org.apache.velocity - ResourceManager : found /templates/macros/json/output.vm with loader org.apache.velocity.runtime.resource.loader.ClasspathResourceLoader
21:21:40.429 [main] DEBUG org.apache.velocity - Velocimacro : added VM includeMessage: source=/templates/macros/json/message.vm
21:21:40.429 [main] DEBUG org.apache.velocity - ResourceManager : found /templates/macros/json/message.vm with loader org.apache.velocity.runtime.resource.loader.ClasspathResourceLoader
21:21:40.430 [main] DEBUG org.apache.velocity - Velocimacro : added VM includeSteps: source=/templates/macros/json/steps.vm
21:21:40.431 [main] DEBUG org.apache.velocity - ResourceManager : found /templates/macros/json/steps.vm with loader org.apache.velocity.runtime.resource.loader.ClasspathResourceLoader
21:21:40.431 [main] DEBUG org.apache.velocity - Velocimacro : added VM includeTags: source=/templates/macros/json/tags.vm
21:21:40.431 [main] DEBUG org.apache.velocity - ResourceManager : found /templates/macros/json/tags.vm with loader org.apache.velocity.runtime.resource.loader.ClasspathResourceLoader
21:21:40.431 [main] DEBUG org.apache.velocity - VM #includeNavigation: too few arguments to macro. Wanted 1 got 0
21:21:40.431 [main] DEBUG org.apache.velocity - Left side ($active_tab) of '==' operation has null value. If it is a reference, it may not be in the context or its toString() returned null. /templates/macros/page/navigation.vm[line 14, column 51]
21:21:40.431 [main] DEBUG org.apache.velocity - Left side ($active_tab) of '==' operation has null value. If it is a reference, it may not be in the context or its toString() returned null. /templates/macros/page/navigation.vm[line 15, column 51]
21:21:40.431 [main] DEBUG org.apache.velocity - Left side ($active_tab) of '==' operation has null value. If it is a reference, it may not be in the context or its toString() returned null. /templates/macros/page/navigation.vm[line 16, column 51]
21:21:40.431 [main] DEBUG org.apache.velocity - Left side ($active_tab) of '==' operation has null value. If it is a reference, it may not be in the context or its toString() returned null. /templates/macros/page/navigation.vm[line 20, column 51]
21:21:40.431 [main] DEBUG org.apache.velocity - VM #includeLead: too few arguments to macro. Wanted 2 got 1
21:21:40.433 [main] DEBUG org.apache.velocity - VM #includeBrief: too few arguments to macro. Wanted 5 got 4
21:21:40.433 [main] DEBUG org.apache.velocity - VM #includeBrief: too few arguments to macro. Wanted 5 got 4
21:21:40.436 [main] DEBUG org.apache.velocity - ResourceManager : found /templates/footer.vm with loader org.apache.velocity.runtime.resource.loader.ClasspathResourceLoader
21:21:40.438 [main] DEBUG org.apache.velocity - ResourceManager : found templates/generators/reportTag.vm with loader org.apache.velocity.runtime.resource.loader.ClasspathResourceLoader
21:21:40.442 [main] DEBUG org.apache.velocity - ResourceManager : found /templates/headers.vm with loader org.apache.velocity.runtime.resource.loader.ClasspathResourceLoader
21:21:40.443 [main] DEBUG org.apache.velocity - ResourceManager : found /templates/head.vm with loader org.apache.velocity.runtime.resource.loader.ClasspathResourceLoader
21:21:40.444 [main] DEBUG org.apache.velocity - Velocimacro : added VM stringArray: source=/templates/macros/array.js.vm
21:21:40.445 [main] DEBUG org.apache.velocity - Velocimacro : added VM numberArray: source=/templates/macros/array.js.vm
21:21:40.445 [main] DEBUG org.apache.velocity - ResourceManager : found /templates/macros/array.js.vm with loader org.apache.velocity.runtime.resource.loader.ClasspathResourceLoader
21:21:40.446 [main] DEBUG org.apache.velocity - Velocimacro : added VM includeBuildInfo: source=/templates/macros/page/buildinfo.vm
21:21:40.446 [main] DEBUG org.apache.velocity - ResourceManager : found /templates/macros/page/buildinfo.vm with loader org.apache.velocity.runtime.resource.loader.ClasspathResourceLoader
21:21:40.447 [main] DEBUG org.apache.velocity - Velocimacro : added VM includeClassifications: source=/templates/macros/page/classifications.vm
21:21:40.447 [main] DEBUG org.apache.velocity - ResourceManager : found /templates/macros/page/classifications.vm with loader org.apache.velocity.runtime.resource.loader.ClasspathResourceLoader
21:21:40.447 [main] DEBUG org.apache.velocity - Velocimacro : added VM includeLead: source=/templates/macros/page/lead.vm
21:21:40.447 [main] DEBUG org.apache.velocity - ResourceManager : found /templates/macros/page/lead.vm with loader org.apache.velocity.runtime.resource.loader.ClasspathResourceLoader
21:21:40.448 [main] DEBUG org.apache.velocity - Velocimacro : added VM includeNavigation: source=/templates/macros/page/navigation.vm
21:21:40.448 [main] DEBUG org.apache.velocity - ResourceManager : found /templates/macros/page/navigation.vm with loader org.apache.velocity.runtime.resource.loader.ClasspathResourceLoader
21:21:40.449 [main] DEBUG org.apache.velocity - Velocimacro : added VM includeReportInfo: source=/templates/macros/page/reportInfo.vm
21:21:40.449 [main] DEBUG org.apache.velocity - ResourceManager : found /templates/macros/page/reportInfo.vm with loader org.apache.velocity.runtime.resource.loader.ClasspathResourceLoader
21:21:40.450 [main] DEBUG org.apache.velocity - Velocimacro : added VM includeTitle: source=/templates/macros/page/title.vm
21:21:40.450 [main] DEBUG org.apache.velocity - ResourceManager : found /templates/macros/page/title.vm with loader org.apache.velocity.runtime.resource.loader.ClasspathResourceLoader
21:21:40.451 [main] DEBUG org.apache.velocity - Velocimacro : added VM includeExpandingButtons: source=/templates/macros/report/expandAllButtons.vm
21:21:40.451 [main] DEBUG org.apache.velocity - ResourceManager : found /templates/macros/report/expandAllButtons.vm with loader org.apache.velocity.runtime.resource.loader.ClasspathResourceLoader
21:21:40.452 [main] DEBUG org.apache.velocity - Velocimacro : added VM includeReportTable: source=/templates/macros/report/reportTable.vm
21:21:40.452 [main] DEBUG org.apache.velocity - ResourceManager : found /templates/macros/report/reportTable.vm with loader org.apache.velocity.runtime.resource.loader.ClasspathResourceLoader
21:21:40.454 [main] DEBUG org.apache.velocity - Velocimacro : added VM includeReportHeader: source=/templates/macros/report/reportHeader.vm
21:21:40.454 [main] DEBUG org.apache.velocity - ResourceManager : found /templates/macros/report/reportHeader.vm with loader org.apache.velocity.runtime.resource.loader.ClasspathResourceLoader
21:21:40.456 [main] DEBUG org.apache.velocity - Velocimacro : added VM includeStatsTable: source=/templates/macros/report/statsTable.vm
21:21:40.456 [main] DEBUG org.apache.velocity - ResourceManager : found /templates/macros/report/statsTable.vm with loader org.apache.velocity.runtime.resource.loader.ClasspathResourceLoader
21:21:40.458 [main] DEBUG org.apache.velocity - Velocimacro : added VM includeBrief: source=/templates/macros/json/brief.vm
21:21:40.458 [main] DEBUG org.apache.velocity - ResourceManager : found /templates/macros/json/brief.vm with loader org.apache.velocity.runtime.resource.loader.ClasspathResourceLoader
21:21:40.460 [main] DEBUG org.apache.velocity - Velocimacro : added VM includeDocString: source=/templates/macros/json/docstring.vm
21:21:40.460 [main] DEBUG org.apache.velocity - ResourceManager : found /templates/macros/json/docstring.vm with loader org.apache.velocity.runtime.resource.loader.ClasspathResourceLoader
21:21:40.461 [main] DEBUG org.apache.velocity - Velocimacro : added VM includeDuration: source=/templates/macros/json/duration.vm
21:21:40.461 [main] DEBUG org.apache.velocity - ResourceManager : found /templates/macros/json/duration.vm with loader org.apache.velocity.runtime.resource.loader.ClasspathResourceLoader
21:21:40.462 [main] DEBUG org.apache.velocity - Velocimacro : added VM includeElement: source=/templates/macros/json/element.vm
21:21:40.463 [main] DEBUG org.apache.velocity - ResourceManager : found /templates/macros/json/element.vm with loader org.apache.velocity.runtime.resource.loader.ClasspathResourceLoader
21:21:40.464 [main] DEBUG org.apache.velocity - Velocimacro : added VM includeEmbeddings: source=/templates/macros/json/embeddings.vm
21:21:40.465 [main] DEBUG org.apache.velocity - Velocimacro : added VM includeHtmlEmbedding: source=/templates/macros/json/embeddings.vm
21:21:40.465 [main] DEBUG org.apache.velocity - Velocimacro : added VM includeImageEmbedding: source=/templates/macros/json/embeddings.vm
21:21:40.465 [main] DEBUG org.apache.velocity - Velocimacro : added VM includeImageReferenceEmbedding: source=/templates/macros/json/embeddings.vm
21:21:40.465 [main] DEBUG org.apache.velocity - Velocimacro : added VM includeTextEmbedding: source=/templates/macros/json/embeddings.vm
21:21:40.465 [main] DEBUG org.apache.velocity - Velocimacro : added VM includeUnknownEmbedding: source=/templates/macros/json/embeddings.vm
21:21:40.465 [main] DEBUG org.apache.velocity - ResourceManager : found /templates/macros/json/embeddings.vm with loader org.apache.velocity.runtime.resource.loader.ClasspathResourceLoader
21:21:40.466 [main] DEBUG org.apache.velocity - Velocimacro : added VM includeHooks: source=/templates/macros/json/hooks.vm
21:21:40.466 [main] DEBUG org.apache.velocity - ResourceManager : found /templates/macros/json/hooks.vm with loader org.apache.velocity.runtime.resource.loader.ClasspathResourceLoader
21:21:40.467 [main] DEBUG org.apache.velocity - Velocimacro : added VM includeOutput: source=/templates/macros/json/output.vm
21:21:40.468 [main] DEBUG org.apache.velocity - ResourceManager : found /templates/macros/json/output.vm with loader org.apache.velocity.runtime.resource.loader.ClasspathResourceLoader
21:21:40.470 [main] DEBUG org.apache.velocity - Velocimacro : added VM includeMessage: source=/templates/macros/json/message.vm
21:21:40.470 [main] DEBUG org.apache.velocity - ResourceManager : found /templates/macros/json/message.vm with loader org.apache.velocity.runtime.resource.loader.ClasspathResourceLoader
21:21:40.471 [main] DEBUG org.apache.velocity - Velocimacro : added VM includeSteps: source=/templates/macros/json/steps.vm
21:21:40.471 [main] DEBUG org.apache.velocity - ResourceManager : found /templates/macros/json/steps.vm with loader org.apache.velocity.runtime.resource.loader.ClasspathResourceLoader
21:21:40.477 [main] DEBUG org.apache.velocity - Velocimacro : added VM includeTags: source=/templates/macros/json/tags.vm
21:21:40.477 [main] DEBUG org.apache.velocity - ResourceManager : found /templates/macros/json/tags.vm with loader org.apache.velocity.runtime.resource.loader.ClasspathResourceLoader
21:21:40.478 [main] DEBUG org.apache.velocity - VM #includeNavigation: too few arguments to macro. Wanted 1 got 0
21:21:40.478 [main] DEBUG org.apache.velocity - Left side ($active_tab) of '==' operation has null value. If it is a reference, it may not be in the context or its toString() returned null. /templates/macros/page/navigation.vm[line 14, column 51]
21:21:40.478 [main] DEBUG org.apache.velocity - Left side ($active_tab) of '==' operation has null value. If it is a reference, it may not be in the context or its toString() returned null. /templates/macros/page/navigation.vm[line 15, column 51]
21:21:40.478 [main] DEBUG org.apache.velocity - Left side ($active_tab) of '==' operation has null value. If it is a reference, it may not be in the context or its toString() returned null. /templates/macros/page/navigation.vm[line 16, column 51]
21:21:40.478 [main] DEBUG org.apache.velocity - Left side ($active_tab) of '==' operation has null value. If it is a reference, it may not be in the context or its toString() returned null. /templates/macros/page/navigation.vm[line 20, column 51]
21:21:40.478 [main] DEBUG org.apache.velocity - VM #includeLead: too few arguments to macro. Wanted 2 got 1
21:21:40.480 [main] DEBUG org.apache.velocity - VM #includeBrief: too few arguments to macro. Wanted 5 got 4
21:21:40.481 [main] DEBUG org.apache.velocity - VM #includeBrief: too few arguments to macro. Wanted 5 got 4
21:21:40.489 [main] DEBUG org.apache.velocity - VM #includeBrief: too few arguments to macro. Wanted 5 got 4
21:21:40.489 [main] DEBUG org.apache.velocity - VM #includeBrief: too few arguments to macro. Wanted 5 got 4
21:21:40.497 [main] DEBUG org.apache.velocity - ResourceManager : found /templates/footer.vm with loader org.apache.velocity.runtime.resource.loader.ClasspathResourceLoader
21:21:40.500 [main] DEBUG org.apache.velocity - ResourceManager : found templates/generators/reportTag.vm with loader org.apache.velocity.runtime.resource.loader.ClasspathResourceLoader
21:21:40.502 [main] DEBUG org.apache.velocity - ResourceManager : found /templates/headers.vm with loader org.apache.velocity.runtime.resource.loader.ClasspathResourceLoader
21:21:40.503 [main] DEBUG org.apache.velocity - ResourceManager : found /templates/head.vm with loader org.apache.velocity.runtime.resource.loader.ClasspathResourceLoader
21:21:40.505 [main] DEBUG org.apache.velocity - Velocimacro : added VM stringArray: source=/templates/macros/array.js.vm
21:21:40.505 [main] DEBUG org.apache.velocity - Velocimacro : added VM numberArray: source=/templates/macros/array.js.vm
21:21:40.505 [main] DEBUG org.apache.velocity - ResourceManager : found /templates/macros/array.js.vm with loader org.apache.velocity.runtime.resource.loader.ClasspathResourceLoader
21:21:40.507 [main] DEBUG org.apache.velocity - Velocimacro : added VM includeBuildInfo: source=/templates/macros/page/buildinfo.vm
21:21:40.508 [main] DEBUG org.apache.velocity - ResourceManager : found /templates/macros/page/buildinfo.vm with loader org.apache.velocity.runtime.resource.loader.ClasspathResourceLoader
21:21:40.509 [main] DEBUG org.apache.velocity - Velocimacro : added VM includeClassifications: source=/templates/macros/page/classifications.vm
21:21:40.509 [main] DEBUG org.apache.velocity - ResourceManager : found /templates/macros/page/classifications.vm with loader org.apache.velocity.runtime.resource.loader.ClasspathResourceLoader
21:21:40.510 [main] DEBUG org.apache.velocity - Velocimacro : added VM includeLead: source=/templates/macros/page/lead.vm
21:21:40.510 [main] DEBUG org.apache.velocity - ResourceManager : found /templates/macros/page/lead.vm with loader org.apache.velocity.runtime.resource.loader.ClasspathResourceLoader
21:21:40.511 [main] DEBUG org.apache.velocity - Velocimacro : added VM includeNavigation: source=/templates/macros/page/navigation.vm
21:21:40.511 [main] DEBUG org.apache.velocity - ResourceManager : found /templates/macros/page/navigation.vm with loader org.apache.velocity.runtime.resource.loader.ClasspathResourceLoader
21:21:40.512 [main] DEBUG org.apache.velocity - Velocimacro : added VM includeReportInfo: source=/templates/macros/page/reportInfo.vm
21:21:40.512 [main] DEBUG org.apache.velocity - ResourceManager : found /templates/macros/page/reportInfo.vm with loader org.apache.velocity.runtime.resource.loader.ClasspathResourceLoader
21:21:40.513 [main] DEBUG org.apache.velocity - Velocimacro : added VM includeTitle: source=/templates/macros/page/title.vm
21:21:40.513 [main] DEBUG org.apache.velocity - ResourceManager : found /templates/macros/page/title.vm with loader org.apache.velocity.runtime.resource.loader.ClasspathResourceLoader
21:21:40.514 [main] DEBUG org.apache.velocity - Velocimacro : added VM includeExpandingButtons: source=/templates/macros/report/expandAllButtons.vm
21:21:40.514 [main] DEBUG org.apache.velocity - ResourceManager : found /templates/macros/report/expandAllButtons.vm with loader org.apache.velocity.runtime.resource.loader.ClasspathResourceLoader
21:21:40.517 [main] DEBUG org.apache.velocity - Velocimacro : added VM includeReportTable: source=/templates/macros/report/reportTable.vm
21:21:40.518 [main] DEBUG org.apache.velocity - ResourceManager : found /templates/macros/report/reportTable.vm with loader org.apache.velocity.runtime.resource.loader.ClasspathResourceLoader
21:21:40.518 [main] DEBUG org.apache.velocity - Velocimacro : added VM includeReportHeader: source=/templates/macros/report/reportHeader.vm
21:21:40.519 [main] DEBUG org.apache.velocity - ResourceManager : found /templates/macros/report/reportHeader.vm with loader org.apache.velocity.runtime.resource.loader.ClasspathResourceLoader
21:21:40.520 [main] DEBUG org.apache.velocity - Velocimacro : added VM includeStatsTable: source=/templates/macros/report/statsTable.vm
21:21:40.520 [main] DEBUG org.apache.velocity - ResourceManager : found /templates/macros/report/statsTable.vm with loader org.apache.velocity.runtime.resource.loader.ClasspathResourceLoader
21:21:40.522 [main] DEBUG org.apache.velocity - Velocimacro : added VM includeBrief: source=/templates/macros/json/brief.vm
21:21:40.522 [main] DEBUG org.apache.velocity - ResourceManager : found /templates/macros/json/brief.vm with loader org.apache.velocity.runtime.resource.loader.ClasspathResourceLoader
21:21:40.524 [main] DEBUG org.apache.velocity - Velocimacro : added VM includeDocString: source=/templates/macros/json/docstring.vm
21:21:40.524 [main] DEBUG org.apache.velocity - ResourceManager : found /templates/macros/json/docstring.vm with loader org.apache.velocity.runtime.resource.loader.ClasspathResourceLoader
21:21:40.526 [main] DEBUG org.apache.velocity - Velocimacro : added VM includeDuration: source=/templates/macros/json/duration.vm
21:21:40.526 [main] DEBUG org.apache.velocity - ResourceManager : found /templates/macros/json/duration.vm with loader org.apache.velocity.runtime.resource.loader.ClasspathResourceLoader
21:21:40.527 [main] DEBUG org.apache.velocity - Velocimacro : added VM includeElement: source=/templates/macros/json/element.vm
21:21:40.528 [main] DEBUG org.apache.velocity - ResourceManager : found /templates/macros/json/element.vm with loader org.apache.velocity.runtime.resource.loader.ClasspathResourceLoader
21:21:40.529 [main] DEBUG org.apache.velocity - Velocimacro : added VM includeEmbeddings: source=/templates/macros/json/embeddings.vm
21:21:40.529 [main] DEBUG org.apache.velocity - Velocimacro : added VM includeHtmlEmbedding: source=/templates/macros/json/embeddings.vm
21:21:40.529 [main] DEBUG org.apache.velocity - Velocimacro : added VM includeImageEmbedding: source=/templates/macros/json/embeddings.vm
21:21:40.529 [main] DEBUG org.apache.velocity - Velocimacro : added VM includeImageReferenceEmbedding: source=/templates/macros/json/embeddings.vm
21:21:40.530 [main] DEBUG org.apache.velocity - Velocimacro : added VM includeTextEmbedding: source=/templates/macros/json/embeddings.vm
21:21:40.530 [main] DEBUG org.apache.velocity - Velocimacro : added VM includeUnknownEmbedding: source=/templates/macros/json/embeddings.vm
21:21:40.530 [main] DEBUG org.apache.velocity - ResourceManager : found /templates/macros/json/embeddings.vm with loader org.apache.velocity.runtime.resource.loader.ClasspathResourceLoader
21:21:40.532 [main] DEBUG org.apache.velocity - Velocimacro : added VM includeHooks: source=/templates/macros/json/hooks.vm
21:21:40.532 [main] DEBUG org.apache.velocity - ResourceManager : found /templates/macros/json/hooks.vm with loader org.apache.velocity.runtime.resource.loader.ClasspathResourceLoader
21:21:40.534 [main] DEBUG org.apache.velocity - Velocimacro : added VM includeOutput: source=/templates/macros/json/output.vm
21:21:40.534 [main] DEBUG org.apache.velocity - ResourceManager : found /templates/macros/json/output.vm with loader org.apache.velocity.runtime.resource.loader.ClasspathResourceLoader
21:21:40.535 [main] DEBUG org.apache.velocity - Velocimacro : added VM includeMessage: source=/templates/macros/json/message.vm
21:21:40.535 [main] DEBUG org.apache.velocity - ResourceManager : found /templates/macros/json/message.vm with loader org.apache.velocity.runtime.resource.loader.ClasspathResourceLoader
21:21:40.537 [main] DEBUG org.apache.velocity - Velocimacro : added VM includeSteps: source=/templates/macros/json/steps.vm
21:21:40.537 [main] DEBUG org.apache.velocity - ResourceManager : found /templates/macros/json/steps.vm with loader org.apache.velocity.runtime.resource.loader.ClasspathResourceLoader
21:21:40.538 [main] DEBUG org.apache.velocity - Velocimacro : added VM includeTags: source=/templates/macros/json/tags.vm
21:21:40.538 [main] DEBUG org.apache.velocity - ResourceManager : found /templates/macros/json/tags.vm with loader org.apache.velocity.runtime.resource.loader.ClasspathResourceLoader
21:21:40.539 [main] DEBUG org.apache.velocity - VM #includeNavigation: too few arguments to macro. Wanted 1 got 0
21:21:40.539 [main] DEBUG org.apache.velocity - Left side ($active_tab) of '==' operation has null value. If it is a reference, it may not be in the context or its toString() returned null. /templates/macros/page/navigation.vm[line 14, column 51]
21:21:40.539 [main] DEBUG org.apache.velocity - Left side ($active_tab) of '==' operation has null value. If it is a reference, it may not be in the context or its toString() returned null. /templates/macros/page/navigation.vm[line 15, column 51]
21:21:40.539 [main] DEBUG org.apache.velocity - Left side ($active_tab) of '==' operation has null value. If it is a reference, it may not be in the context or its toString() returned null. /templates/macros/page/navigation.vm[line 16, column 51]
21:21:40.539 [main] DEBUG org.apache.velocity - Left side ($active_tab) of '==' operation has null value. If it is a reference, it may not be in the context or its toString() returned null. /templates/macros/page/navigation.vm[line 20, column 51]
21:21:40.539 [main] DEBUG org.apache.velocity - VM #includeLead: too few arguments to macro. Wanted 2 got 1
21:21:40.543 [main] DEBUG org.apache.velocity - VM #includeBrief: too few arguments to macro. Wanted 5 got 4
21:21:40.544 [main] DEBUG org.apache.velocity - VM #includeBrief: too few arguments to macro. Wanted 5 got 4
21:21:40.547 [main] DEBUG org.apache.velocity - ResourceManager : found /templates/footer.vm with loader org.apache.velocity.runtime.resource.loader.ClasspathResourceLoader
21:21:40.550 [main] DEBUG org.apache.velocity - ResourceManager : found templates/generators/overviewSteps.vm with loader org.apache.velocity.runtime.resource.loader.ClasspathResourceLoader
21:21:40.552 [main] DEBUG org.apache.velocity - ResourceManager : found /templates/headers.vm with loader org.apache.velocity.runtime.resource.loader.ClasspathResourceLoader
21:21:40.553 [main] DEBUG org.apache.velocity - ResourceManager : found /templates/head.vm with loader org.apache.velocity.runtime.resource.loader.ClasspathResourceLoader
21:21:40.554 [main] DEBUG org.apache.velocity - Velocimacro : added VM stringArray: source=/templates/macros/array.js.vm
21:21:40.554 [main] DEBUG org.apache.velocity - Velocimacro : added VM numberArray: source=/templates/macros/array.js.vm
21:21:40.554 [main] DEBUG org.apache.velocity - ResourceManager : found /templates/macros/array.js.vm with loader org.apache.velocity.runtime.resource.loader.ClasspathResourceLoader
21:21:40.555 [main] DEBUG org.apache.velocity - Velocimacro : added VM includeBuildInfo: source=/templates/macros/page/buildinfo.vm
21:21:40.555 [main] DEBUG org.apache.velocity - ResourceManager : found /templates/macros/page/buildinfo.vm with loader org.apache.velocity.runtime.resource.loader.ClasspathResourceLoader
21:21:40.556 [main] DEBUG org.apache.velocity - Velocimacro : added VM includeClassifications: source=/templates/macros/page/classifications.vm
21:21:40.556 [main] DEBUG org.apache.velocity - ResourceManager : found /templates/macros/page/classifications.vm with loader org.apache.velocity.runtime.resource.loader.ClasspathResourceLoader
21:21:40.557 [main] DEBUG org.apache.velocity - Velocimacro : added VM includeLead: source=/templates/macros/page/lead.vm
21:21:40.557 [main] DEBUG org.apache.velocity - ResourceManager : found /templates/macros/page/lead.vm with loader org.apache.velocity.runtime.resource.loader.ClasspathResourceLoader
21:21:40.559 [main] DEBUG org.apache.velocity - Velocimacro : added VM includeNavigation: source=/templates/macros/page/navigation.vm
21:21:40.559 [main] DEBUG org.apache.velocity - ResourceManager : found /templates/macros/page/navigation.vm with loader org.apache.velocity.runtime.resource.loader.ClasspathResourceLoader
21:21:40.560 [main] DEBUG org.apache.velocity - Velocimacro : added VM includeReportInfo: source=/templates/macros/page/reportInfo.vm
21:21:40.560 [main] DEBUG org.apache.velocity - ResourceManager : found /templates/macros/page/reportInfo.vm with loader org.apache.velocity.runtime.resource.loader.ClasspathResourceLoader
21:21:40.561 [main] DEBUG org.apache.velocity - Velocimacro : added VM includeTitle: source=/templates/macros/page/title.vm
21:21:40.562 [main] DEBUG org.apache.velocity - ResourceManager : found /templates/macros/page/title.vm with loader org.apache.velocity.runtime.resource.loader.ClasspathResourceLoader
21:21:40.563 [main] DEBUG org.apache.velocity - Velocimacro : added VM includeExpandingButtons: source=/templates/macros/report/expandAllButtons.vm
21:21:40.563 [main] DEBUG org.apache.velocity - ResourceManager : found /templates/macros/report/expandAllButtons.vm with loader org.apache.velocity.runtime.resource.loader.ClasspathResourceLoader
21:21:40.564 [main] DEBUG org.apache.velocity - Velocimacro : added VM includeReportTable: source=/templates/macros/report/reportTable.vm
21:21:40.564 [main] DEBUG org.apache.velocity - ResourceManager : found /templates/macros/report/reportTable.vm with loader org.apache.velocity.runtime.resource.loader.ClasspathResourceLoader
21:21:40.565 [main] DEBUG org.apache.velocity - Velocimacro : added VM includeReportHeader: source=/templates/macros/report/reportHeader.vm
21:21:40.565 [main] DEBUG org.apache.velocity - ResourceManager : found /templates/macros/report/reportHeader.vm with loader org.apache.velocity.runtime.resource.loader.ClasspathResourceLoader
21:21:40.568 [main] DEBUG org.apache.velocity - Velocimacro : added VM includeStatsTable: source=/templates/macros/report/statsTable.vm
21:21:40.568 [main] DEBUG org.apache.velocity - ResourceManager : found /templates/macros/report/statsTable.vm with loader org.apache.velocity.runtime.resource.loader.ClasspathResourceLoader
21:21:40.569 [main] DEBUG org.apache.velocity - Velocimacro : added VM includeBrief: source=/templates/macros/json/brief.vm
21:21:40.570 [main] DEBUG org.apache.velocity - ResourceManager : found /templates/macros/json/brief.vm with loader org.apache.velocity.runtime.resource.loader.ClasspathResourceLoader
21:21:40.570 [main] DEBUG org.apache.velocity - Velocimacro : added VM includeDocString: source=/templates/macros/json/docstring.vm
21:21:40.570 [main] DEBUG org.apache.velocity - ResourceManager : found /templates/macros/json/docstring.vm with loader org.apache.velocity.runtime.resource.loader.ClasspathResourceLoader
21:21:40.571 [main] DEBUG org.apache.velocity - Velocimacro : added VM includeDuration: source=/templates/macros/json/duration.vm
21:21:40.571 [main] DEBUG org.apache.velocity - ResourceManager : found /templates/macros/json/duration.vm with loader org.apache.velocity.runtime.resource.loader.ClasspathResourceLoader
21:21:40.572 [main] DEBUG org.apache.velocity - Velocimacro : added VM includeElement: source=/templates/macros/json/element.vm
21:21:40.572 [main] DEBUG org.apache.velocity - ResourceManager : found /templates/macros/json/element.vm with loader org.apache.velocity.runtime.resource.loader.ClasspathResourceLoader
21:21:40.575 [main] DEBUG org.apache.velocity - Velocimacro : added VM includeEmbeddings: source=/templates/macros/json/embeddings.vm
21:21:40.575 [main] DEBUG org.apache.velocity - Velocimacro : added VM includeHtmlEmbedding: source=/templates/macros/json/embeddings.vm
21:21:40.575 [main] DEBUG org.apache.velocity - Velocimacro : added VM includeImageEmbedding: source=/templates/macros/json/embeddings.vm
21:21:40.575 [main] DEBUG org.apache.velocity - Velocimacro : added VM includeImageReferenceEmbedding: source=/templates/macros/json/embeddings.vm
21:21:40.575 [main] DEBUG org.apache.velocity - Velocimacro : added VM includeTextEmbedding: source=/templates/macros/json/embeddings.vm
21:21:40.576 [main] DEBUG org.apache.velocity - Velocimacro : added VM includeUnknownEmbedding: source=/templates/macros/json/embeddings.vm
21:21:40.576 [main] DEBUG org.apache.velocity - ResourceManager : found /templates/macros/json/embeddings.vm with loader org.apache.velocity.runtime.resource.loader.ClasspathResourceLoader
21:21:40.577 [main] DEBUG org.apache.velocity - Velocimacro : added VM includeHooks: source=/templates/macros/json/hooks.vm
21:21:40.577 [main] DEBUG org.apache.velocity - ResourceManager : found /templates/macros/json/hooks.vm with loader org.apache.velocity.runtime.resource.loader.ClasspathResourceLoader
21:21:40.578 [main] DEBUG org.apache.velocity - Velocimacro : added VM includeOutput: source=/templates/macros/json/output.vm
21:21:40.578 [main] DEBUG org.apache.velocity - ResourceManager : found /templates/macros/json/output.vm with loader org.apache.velocity.runtime.resource.loader.ClasspathResourceLoader
21:21:40.579 [main] DEBUG org.apache.velocity - Velocimacro : added VM includeMessage: source=/templates/macros/json/message.vm
21:21:40.579 [main] DEBUG org.apache.velocity - ResourceManager : found /templates/macros/json/message.vm with loader org.apache.velocity.runtime.resource.loader.ClasspathResourceLoader
21:21:40.580 [main] DEBUG org.apache.velocity - Velocimacro : added VM includeSteps: source=/templates/macros/json/steps.vm
21:21:40.580 [main] DEBUG org.apache.velocity - ResourceManager : found /templates/macros/json/steps.vm with loader org.apache.velocity.runtime.resource.loader.ClasspathResourceLoader
21:21:40.581 [main] DEBUG org.apache.velocity - Velocimacro : added VM includeTags: source=/templates/macros/json/tags.vm
21:21:40.581 [main] DEBUG org.apache.velocity - ResourceManager : found /templates/macros/json/tags.vm with loader org.apache.velocity.runtime.resource.loader.ClasspathResourceLoader
21:21:40.582 [main] DEBUG org.apache.velocity - ResourceManager : found /templates/footer.vm with loader org.apache.velocity.runtime.resource.loader.ClasspathResourceLoader
21:21:40.584 [main] DEBUG org.apache.velocity - ResourceManager : found templates/generators/overviewFailures.vm with loader org.apache.velocity.runtime.resource.loader.ClasspathResourceLoader
21:21:40.585 [main] DEBUG org.apache.velocity - ResourceManager : found /templates/headers.vm with loader org.apache.velocity.runtime.resource.loader.ClasspathResourceLoader
21:21:40.586 [main] DEBUG org.apache.velocity - ResourceManager : found /templates/head.vm with loader org.apache.velocity.runtime.resource.loader.ClasspathResourceLoader
21:21:40.587 [main] DEBUG org.apache.velocity - Velocimacro : added VM stringArray: source=/templates/macros/array.js.vm
21:21:40.587 [main] DEBUG org.apache.velocity - Velocimacro : added VM numberArray: source=/templates/macros/array.js.vm
21:21:40.587 [main] DEBUG org.apache.velocity - ResourceManager : found /templates/macros/array.js.vm with loader org.apache.velocity.runtime.resource.loader.ClasspathResourceLoader
21:21:40.588 [main] DEBUG org.apache.velocity - Velocimacro : added VM includeBuildInfo: source=/templates/macros/page/buildinfo.vm
21:21:40.588 [main] DEBUG org.apache.velocity - ResourceManager : found /templates/macros/page/buildinfo.vm with loader org.apache.velocity.runtime.resource.loader.ClasspathResourceLoader
21:21:40.589 [main] DEBUG org.apache.velocity - Velocimacro : added VM includeClassifications: source=/templates/macros/page/classifications.vm
21:21:40.589 [main] DEBUG org.apache.velocity - ResourceManager : found /templates/macros/page/classifications.vm with loader org.apache.velocity.runtime.resource.loader.ClasspathResourceLoader
21:21:40.591 [main] DEBUG org.apache.velocity - Velocimacro : added VM includeLead: source=/templates/macros/page/lead.vm
21:21:40.592 [main] DEBUG org.apache.velocity - ResourceManager : found /templates/macros/page/lead.vm with loader org.apache.velocity.runtime.resource.loader.ClasspathResourceLoader
21:21:40.594 [main] DEBUG org.apache.velocity - Velocimacro : added VM includeNavigation: source=/templates/macros/page/navigation.vm
21:21:40.594 [main] DEBUG org.apache.velocity - ResourceManager : found /templates/macros/page/navigation.vm with loader org.apache.velocity.runtime.resource.loader.ClasspathResourceLoader
21:21:40.595 [main] DEBUG org.apache.velocity - Velocimacro : added VM includeReportInfo: source=/templates/macros/page/reportInfo.vm
21:21:40.595 [main] DEBUG org.apache.velocity - ResourceManager : found /templates/macros/page/reportInfo.vm with loader org.apache.velocity.runtime.resource.loader.ClasspathResourceLoader
21:21:40.596 [main] DEBUG org.apache.velocity - Velocimacro : added VM includeTitle: source=/templates/macros/page/title.vm
21:21:40.596 [main] DEBUG org.apache.velocity - ResourceManager : found /templates/macros/page/title.vm with loader org.apache.velocity.runtime.resource.loader.ClasspathResourceLoader
21:21:40.597 [main] DEBUG org.apache.velocity - Velocimacro : added VM includeExpandingButtons: source=/templates/macros/report/expandAllButtons.vm
21:21:40.597 [main] DEBUG org.apache.velocity - ResourceManager : found /templates/macros/report/expandAllButtons.vm with loader org.apache.velocity.runtime.resource.loader.ClasspathResourceLoader
21:21:40.600 [main] DEBUG org.apache.velocity - Velocimacro : added VM includeReportTable: source=/templates/macros/report/reportTable.vm
21:21:40.600 [main] DEBUG org.apache.velocity - ResourceManager : found /templates/macros/report/reportTable.vm with loader org.apache.velocity.runtime.resource.loader.ClasspathResourceLoader
21:21:40.601 [main] DEBUG org.apache.velocity - Velocimacro : added VM includeReportHeader: source=/templates/macros/report/reportHeader.vm
21:21:40.601 [main] DEBUG org.apache.velocity - ResourceManager : found /templates/macros/report/reportHeader.vm with loader org.apache.velocity.runtime.resource.loader.ClasspathResourceLoader
21:21:40.603 [main] DEBUG org.apache.velocity - Velocimacro : added VM includeStatsTable: source=/templates/macros/report/statsTable.vm
21:21:40.603 [main] DEBUG org.apache.velocity - ResourceManager : found /templates/macros/report/statsTable.vm with loader org.apache.velocity.runtime.resource.loader.ClasspathResourceLoader
21:21:40.604 [main] DEBUG org.apache.velocity - Velocimacro : added VM includeBrief: source=/templates/macros/json/brief.vm
21:21:40.604 [main] DEBUG org.apache.velocity - ResourceManager : found /templates/macros/json/brief.vm with loader org.apache.velocity.runtime.resource.loader.ClasspathResourceLoader
21:21:40.605 [main] DEBUG org.apache.velocity - Velocimacro : added VM includeDocString: source=/templates/macros/json/docstring.vm
21:21:40.605 [main] DEBUG org.apache.velocity - ResourceManager : found /templates/macros/json/docstring.vm with loader org.apache.velocity.runtime.resource.loader.ClasspathResourceLoader
21:21:40.607 [main] DEBUG org.apache.velocity - Velocimacro : added VM includeDuration: source=/templates/macros/json/duration.vm
21:21:40.607 [main] DEBUG org.apache.velocity - ResourceManager : found /templates/macros/json/duration.vm with loader org.apache.velocity.runtime.resource.loader.ClasspathResourceLoader
21:21:40.611 [main] DEBUG org.apache.velocity - Velocimacro : added VM includeElement: source=/templates/macros/json/element.vm
21:21:40.612 [main] DEBUG org.apache.velocity - ResourceManager : found /templates/macros/json/element.vm with loader org.apache.velocity.runtime.resource.loader.ClasspathResourceLoader
21:21:40.613 [main] DEBUG org.apache.velocity - Velocimacro : added VM includeEmbeddings: source=/templates/macros/json/embeddings.vm
21:21:40.614 [main] DEBUG org.apache.velocity - Velocimacro : added VM includeHtmlEmbedding: source=/templates/macros/json/embeddings.vm
21:21:40.614 [main] DEBUG org.apache.velocity - Velocimacro : added VM includeImageEmbedding: source=/templates/macros/json/embeddings.vm
21:21:40.614 [main] DEBUG org.apache.velocity - Velocimacro : added VM includeImageReferenceEmbedding: source=/templates/macros/json/embeddings.vm
21:21:40.614 [main] DEBUG org.apache.velocity - Velocimacro : added VM includeTextEmbedding: source=/templates/macros/json/embeddings.vm
21:21:40.614 [main] DEBUG org.apache.velocity - Velocimacro : added VM includeUnknownEmbedding: source=/templates/macros/json/embeddings.vm
21:21:40.614 [main] DEBUG org.apache.velocity - ResourceManager : found /templates/macros/json/embeddings.vm with loader org.apache.velocity.runtime.resource.loader.ClasspathResourceLoader
21:21:40.615 [main] DEBUG org.apache.velocity - Velocimacro : added VM includeHooks: source=/templates/macros/json/hooks.vm
21:21:40.616 [main] DEBUG org.apache.velocity - ResourceManager : found /templates/macros/json/hooks.vm with loader org.apache.velocity.runtime.resource.loader.ClasspathResourceLoader
21:21:40.617 [main] DEBUG org.apache.velocity - Velocimacro : added VM includeOutput: source=/templates/macros/json/output.vm
21:21:40.617 [main] DEBUG org.apache.velocity - ResourceManager : found /templates/macros/json/output.vm with loader org.apache.velocity.runtime.resource.loader.ClasspathResourceLoader
21:21:40.618 [main] DEBUG org.apache.velocity - Velocimacro : added VM includeMessage: source=/templates/macros/json/message.vm
21:21:40.618 [main] DEBUG org.apache.velocity - ResourceManager : found /templates/macros/json/message.vm with loader org.apache.velocity.runtime.resource.loader.ClasspathResourceLoader
21:21:40.619 [main] DEBUG org.apache.velocity - Velocimacro : added VM includeSteps: source=/templates/macros/json/steps.vm
21:21:40.619 [main] DEBUG org.apache.velocity - ResourceManager : found /templates/macros/json/steps.vm with loader org.apache.velocity.runtime.resource.loader.ClasspathResourceLoader
21:21:40.620 [main] DEBUG org.apache.velocity - Velocimacro : added VM includeTags: source=/templates/macros/json/tags.vm
21:21:40.620 [main] DEBUG org.apache.velocity - ResourceManager : found /templates/macros/json/tags.vm with loader org.apache.velocity.runtime.resource.loader.ClasspathResourceLoader
21:21:40.621 [main] DEBUG org.apache.velocity - ResourceManager : found /templates/footer.vm with loader org.apache.velocity.runtime.resource.loader.ClasspathResourceLoader
Parallel Run
]]></system-out>
    <system-err><![CDATA[ERROR StatusLogger No log4j2 configuration file found. Using default configuration: logging only errors to the console.
]]></system-err>
  </testcase>
</testsuite>