<?xml version="1.0" encoding="UTF-8"?>
<!-- Generated by org.testng.reporters.JUnitReportReporter -->
<testsuite skipped="0" hostname="CHI-CL-6RJGL13" name="Karate.KarateScripts.AppTest" tests="1" failures="0" timestamp="2021-09-13T21:06:47 IST" time="0.025" errors="0">
  <testcase name="shouldAnswerWithTrue" time="0.025" classname="Karate.KarateScripts.AppTest"/>
  <system-out/>
</testsuite> <!-- Karate.KarateScripts.AppTest -->
