<?xml version="1.0" encoding="UTF-8"?>
<!-- Generated by org.testng.reporters.JUnitReportReporter -->
<testsuite skipped="0" hostname="CHI-CL-6RJGL13" name="Karate.KarateScripts.APIRunnerTest" tests="1" failures="0" timestamp="2021-09-13T21:21:40 IST" time="75.075" errors="0">
  <testcase name="parallelRun" time="75.075" classname="Karate.KarateScripts.APIRunnerTest"/>
  <system-out/>
</testsuite> <!-- Karate.KarateScripts.APIRunnerTest -->
